{
  "name": "mbpp_592_sum_Of_product",
  "language": "rs",
  "prompt": "/// Write a python function to find the sum of the product of consecutive binomial co-efficients.\nfn sum_Of_product(n: isize) -> isize {\n",
  "doctests": "keep",
  "original": "/home/arjun/repos/MultiPL-E/datasets/../datasets/mbpp-typed/mbpp_592_sum_Of_product.py",
  "prompt_terminology": "verbatim",
  "tests": "}\n\nfn main() {\n    let candidate = sum_Of_product;\n    assert_eq!(candidate(3), 15);\n    assert_eq!(candidate(4), 56);\n    assert_eq!(candidate(1), 1);\n}\n",
  "stop_tokens": [
    "\n}"
  ],
  "results": [
    {
      "program": "/// Write a python function to find the sum of the product of consecutive binomial co-efficients.\nfn sum_Of_product(n: isize) -> isize {\n    let mut sum = 0;\n    for i in 0..n {\n        for j in 0..n {\n            sum += binomial_coefficient(i, j);\n        }\n    }\n    sum\n}\n\nfn main() {\n    let candidate = sum_Of_product;\n    assert_eq!(candidate(3), 15);\n    assert_eq!(candidate(4), 56);\n    assert_eq!(candidate(1), 1);\n}\n",
      "timestamp": 1665510313,
      "stdout": "",
      "stderr": "error[E0425]: cannot find function `binomial_coefficient` in this scope\n --> /tmp/tmplcdyvdpv.rs:6:20\n  |\n6 |             sum += binomial_coefficient(i, j);\n  |                    ^^^^^^^^^^^^^^^^^^^^ not found in this scope\n\nerror: aborting due to previous error\n\nFor more information about this error, try `rustc --explain E0425`.\n",
      "exit_code": 1,
      "status": "SyntaxError"
    },
    {
      "program": "/// Write a python function to find the sum of the product of consecutive binomial co-efficients.\nfn sum_Of_product(n: isize) -> isize {\n    let mut sum = 0;\n    for i in 1..n {\n        sum += binomial_coefficient(n, i) * binomial_coefficient(n, i + 1);\n    }\n    sum\n}\n\nfn main() {\n    let candidate = sum_Of_product;\n    assert_eq!(candidate(3), 15);\n    assert_eq!(candidate(4), 56);\n    assert_eq!(candidate(1), 1);\n}\n",
      "timestamp": 1665510313,
      "stdout": "",
      "stderr": "error[E0425]: cannot find function `binomial_coefficient` in this scope\n --> /tmp/tmpqw70r5on.rs:5:16\n  |\n5 |         sum += binomial_coefficient(n, i) * binomial_coefficient(n, i + 1);\n  |                ^^^^^^^^^^^^^^^^^^^^ not found in this scope\n\nerror[E0425]: cannot find function `binomial_coefficient` in this scope\n --> /tmp/tmpqw70r5on.rs:5:45\n  |\n5 |         sum += binomial_coefficient(n, i) * binomial_coefficient(n, i + 1);\n  |                                             ^^^^^^^^^^^^^^^^^^^^ not found in this scope\n\nerror: aborting due to 2 previous errors\n\nFor more information about this error, try `rustc --explain E0425`.\n",
      "exit_code": 1,
      "status": "SyntaxError"
    },
    {
      "program": "/// Write a python function to find the sum of the product of consecutive binomial co-efficients.\nfn sum_Of_product(n: isize) -> isize {\n    let mut sum = 0;\n    for i in 0..n {\n        for j in 0..i {\n            sum += binomial_coefficient(i, j);\n        }\n    }\n    sum\n}\n\nfn main() {\n    let candidate = sum_Of_product;\n    assert_eq!(candidate(3), 15);\n    assert_eq!(candidate(4), 56);\n    assert_eq!(candidate(1), 1);\n}\n",
      "timestamp": 1665510313,
      "stdout": "",
      "stderr": "error[E0425]: cannot find function `binomial_coefficient` in this scope\n --> /tmp/tmp4t312dxx.rs:6:20\n  |\n6 |             sum += binomial_coefficient(i, j);\n  |                    ^^^^^^^^^^^^^^^^^^^^ not found in this scope\n\nerror: aborting due to previous error\n\nFor more information about this error, try `rustc --explain E0425`.\n",
      "exit_code": 1,
      "status": "SyntaxError"
    },
    {
      "program": "/// Write a python function to find the sum of the product of consecutive binomial co-efficients.\nfn sum_Of_product(n: isize) -> isize {\n    let mut sum = 0;\n    for i in 0..n {\n        sum += n_choose_k(n, i);\n    }\n    sum\n}\n\nfn main() {\n    let candidate = sum_Of_product;\n    assert_eq!(candidate(3), 15);\n    assert_eq!(candidate(4), 56);\n    assert_eq!(candidate(1), 1);\n}\n",
      "timestamp": 1665510313,
      "stdout": "",
      "stderr": "error[E0425]: cannot find function `n_choose_k` in this scope\n --> /tmp/tmps2c4eger.rs:5:16\n  |\n5 |         sum += n_choose_k(n, i);\n  |                ^^^^^^^^^^ not found in this scope\n\nerror: aborting due to previous error\n\nFor more information about this error, try `rustc --explain E0425`.\n",
      "exit_code": 1,
      "status": "SyntaxError"
    },
    {
      "program": "/// Write a python function to find the sum of the product of consecutive binomial co-efficients.\nfn sum_Of_product(n: isize) -> isize {\n    let mut sum = 0;\n    for i in 1..n {\n        sum += binomial_coefficient(n, i) * binomial_coefficient(n, i + 1);\n    }\n    sum\n}\n\nfn main() {\n    let candidate = sum_Of_product;\n    assert_eq!(candidate(3), 15);\n    assert_eq!(candidate(4), 56);\n    assert_eq!(candidate(1), 1);\n}\n",
      "timestamp": 1665510313,
      "stdout": "",
      "stderr": "error[E0425]: cannot find function `binomial_coefficient` in this scope\n --> /tmp/tmpqw70r5on.rs:5:16\n  |\n5 |         sum += binomial_coefficient(n, i) * binomial_coefficient(n, i + 1);\n  |                ^^^^^^^^^^^^^^^^^^^^ not found in this scope\n\nerror[E0425]: cannot find function `binomial_coefficient` in this scope\n --> /tmp/tmpqw70r5on.rs:5:45\n  |\n5 |         sum += binomial_coefficient(n, i) * binomial_coefficient(n, i + 1);\n  |                                             ^^^^^^^^^^^^^^^^^^^^ not found in this scope\n\nerror: aborting due to 2 previous errors\n\nFor more information about this error, try `rustc --explain E0425`.\n",
      "exit_code": 1,
      "status": "SyntaxError"
    },
    {
      "program": "/// Write a python function to find the sum of the product of consecutive binomial co-efficients.\nfn sum_Of_product(n: isize) -> isize {\n    let mut sum = 0;\n    for i in 1..n {\n        sum += binomial_coefficient(n, i) * binomial_coefficient(n, i + 1);\n    }\n    sum\n}\n\nfn main() {\n    let candidate = sum_Of_product;\n    assert_eq!(candidate(3), 15);\n    assert_eq!(candidate(4), 56);\n    assert_eq!(candidate(1), 1);\n}\n",
      "timestamp": 1665510313,
      "stdout": "",
      "stderr": "error[E0425]: cannot find function `binomial_coefficient` in this scope\n --> /tmp/tmpqw70r5on.rs:5:16\n  |\n5 |         sum += binomial_coefficient(n, i) * binomial_coefficient(n, i + 1);\n  |                ^^^^^^^^^^^^^^^^^^^^ not found in this scope\n\nerror[E0425]: cannot find function `binomial_coefficient` in this scope\n --> /tmp/tmpqw70r5on.rs:5:45\n  |\n5 |         sum += binomial_coefficient(n, i) * binomial_coefficient(n, i + 1);\n  |                                             ^^^^^^^^^^^^^^^^^^^^ not found in this scope\n\nerror: aborting due to 2 previous errors\n\nFor more information about this error, try `rustc --explain E0425`.\n",
      "exit_code": 1,
      "status": "SyntaxError"
    },
    {
      "program": "/// Write a python function to find the sum of the product of consecutive binomial co-efficients.\nfn sum_Of_product(n: isize) -> isize {\n    let mut sum = 0;\n    for i in 0..n {\n        sum += binomial_coefficient(n, i) * binomial_coefficient(n, i + 1);\n    }\n    sum\n}\n\nfn main() {\n    let candidate = sum_Of_product;\n    assert_eq!(candidate(3), 15);\n    assert_eq!(candidate(4), 56);\n    assert_eq!(candidate(1), 1);\n}\n",
      "timestamp": 1665510313,
      "stdout": "",
      "stderr": "error[E0425]: cannot find function `binomial_coefficient` in this scope\n --> /tmp/tmpdnwbfh3o.rs:5:16\n  |\n5 |         sum += binomial_coefficient(n, i) * binomial_coefficient(n, i + 1);\n  |                ^^^^^^^^^^^^^^^^^^^^ not found in this scope\n\nerror[E0425]: cannot find function `binomial_coefficient` in this scope\n --> /tmp/tmpdnwbfh3o.rs:5:45\n  |\n5 |         sum += binomial_coefficient(n, i) * binomial_coefficient(n, i + 1);\n  |                                             ^^^^^^^^^^^^^^^^^^^^ not found in this scope\n\nerror: aborting due to 2 previous errors\n\nFor more information about this error, try `rustc --explain E0425`.\n",
      "exit_code": 1,
      "status": "SyntaxError"
    },
    {
      "program": "/// Write a python function to find the sum of the product of consecutive binomial co-efficients.\nfn sum_Of_product(n: isize) -> isize {\n    let mut sum: isize = 0;\n    for i in 0..n {\n        sum += binomial_coefficient(n, i) * binomial_coefficient(n, i + 1);\n    }\n    sum\n}\n\nfn main() {\n    let candidate = sum_Of_product;\n    assert_eq!(candidate(3), 15);\n    assert_eq!(candidate(4), 56);\n    assert_eq!(candidate(1), 1);\n}\n",
      "timestamp": 1665510313,
      "stdout": "",
      "stderr": "error[E0425]: cannot find function `binomial_coefficient` in this scope\n --> /tmp/tmpjmc491la.rs:5:16\n  |\n5 |         sum += binomial_coefficient(n, i) * binomial_coefficient(n, i + 1);\n  |                ^^^^^^^^^^^^^^^^^^^^ not found in this scope\n\nerror[E0425]: cannot find function `binomial_coefficient` in this scope\n --> /tmp/tmpjmc491la.rs:5:45\n  |\n5 |         sum += binomial_coefficient(n, i) * binomial_coefficient(n, i + 1);\n  |                                             ^^^^^^^^^^^^^^^^^^^^ not found in this scope\n\nerror: aborting due to 2 previous errors\n\nFor more information about this error, try `rustc --explain E0425`.\n",
      "exit_code": 1,
      "status": "SyntaxError"
    },
    {
      "program": "/// Write a python function to find the sum of the product of consecutive binomial co-efficients.\nfn sum_Of_product(n: isize) -> isize {\n    let mut sum = 0;\n    for i in 1..n {\n        sum += (binomial_coefficient(n, i) * binomial_coefficient(n, i + 1));\n    }\n    sum\n}\n\nfn main() {\n    let candidate = sum_Of_product;\n    assert_eq!(candidate(3), 15);\n    assert_eq!(candidate(4), 56);\n    assert_eq!(candidate(1), 1);\n}\n",
      "timestamp": 1665510313,
      "stdout": "",
      "stderr": "error[E0425]: cannot find function `binomial_coefficient` in this scope\n --> /tmp/tmpedfpctl1.rs:5:17\n  |\n5 |         sum += (binomial_coefficient(n, i) * binomial_coefficient(n, i + 1));\n  |                 ^^^^^^^^^^^^^^^^^^^^ not found in this scope\n\nerror[E0425]: cannot find function `binomial_coefficient` in this scope\n --> /tmp/tmpedfpctl1.rs:5:46\n  |\n5 |         sum += (binomial_coefficient(n, i) * binomial_coefficient(n, i + 1));\n  |                                              ^^^^^^^^^^^^^^^^^^^^ not found in this scope\n\nwarning: unnecessary parentheses around assigned value\n --> /tmp/tmpedfpctl1.rs:5:16\n  |\n5 |         sum += (binomial_coefficient(n, i) * binomial_coefficient(n, i + 1));\n  |                ^                                                           ^\n  |\n  = note: `#[warn(unused_parens)]` on by default\nhelp: remove these parentheses\n  |\n5 -         sum += (binomial_coefficient(n, i) * binomial_coefficient(n, i + 1));\n5 +         sum += binomial_coefficient(n, i) * binomial_coefficient(n, i + 1);\n  | \n\nerror: aborting due to 2 previous errors; 1 warning emitted\n\nFor more information about this error, try `rustc --explain E0425`.\n",
      "exit_code": 1,
      "status": "SyntaxError"
    },
    {
      "program": "/// Write a python function to find the sum of the product of consecutive binomial co-efficients.\nfn sum_Of_product(n: isize) -> isize {\n    let mut sum = 0;\n    for i in 0..n {\n        sum += binomial_coefficient(n, i) * binomial_coefficient(n, i + 1);\n    }\n    sum\n}\n\nfn main() {\n    let candidate = sum_Of_product;\n    assert_eq!(candidate(3), 15);\n    assert_eq!(candidate(4), 56);\n    assert_eq!(candidate(1), 1);\n}\n",
      "timestamp": 1665510313,
      "stdout": "",
      "stderr": "error[E0425]: cannot find function `binomial_coefficient` in this scope\n --> /tmp/tmpdnwbfh3o.rs:5:16\n  |\n5 |         sum += binomial_coefficient(n, i) * binomial_coefficient(n, i + 1);\n  |                ^^^^^^^^^^^^^^^^^^^^ not found in this scope\n\nerror[E0425]: cannot find function `binomial_coefficient` in this scope\n --> /tmp/tmpdnwbfh3o.rs:5:45\n  |\n5 |         sum += binomial_coefficient(n, i) * binomial_coefficient(n, i + 1);\n  |                                             ^^^^^^^^^^^^^^^^^^^^ not found in this scope\n\nerror: aborting due to 2 previous errors\n\nFor more information about this error, try `rustc --explain E0425`.\n",
      "exit_code": 1,
      "status": "SyntaxError"
    },
    {
      "program": "/// Write a python function to find the sum of the product of consecutive binomial co-efficients.\nfn sum_Of_product(n: isize) -> isize {\n    let mut sum = 0;\n    for i in 0..n {\n        sum += binomial_coefficient(n, i) * binomial_coefficient(n, i + 1);\n    }\n    sum\n}\n\nfn main() {\n    let candidate = sum_Of_product;\n    assert_eq!(candidate(3), 15);\n    assert_eq!(candidate(4), 56);\n    assert_eq!(candidate(1), 1);\n}\n",
      "timestamp": 1665510313,
      "stdout": "",
      "stderr": "error[E0425]: cannot find function `binomial_coefficient` in this scope\n --> /tmp/tmpdnwbfh3o.rs:5:16\n  |\n5 |         sum += binomial_coefficient(n, i) * binomial_coefficient(n, i + 1);\n  |                ^^^^^^^^^^^^^^^^^^^^ not found in this scope\n\nerror[E0425]: cannot find function `binomial_coefficient` in this scope\n --> /tmp/tmpdnwbfh3o.rs:5:45\n  |\n5 |         sum += binomial_coefficient(n, i) * binomial_coefficient(n, i + 1);\n  |                                             ^^^^^^^^^^^^^^^^^^^^ not found in this scope\n\nerror: aborting due to 2 previous errors\n\nFor more information about this error, try `rustc --explain E0425`.\n",
      "exit_code": 1,
      "status": "SyntaxError"
    },
    {
      "program": "/// Write a python function to find the sum of the product of consecutive binomial co-efficients.\nfn sum_Of_product(n: isize) -> isize {\n    let mut sum = 0;\n    for i in 0..n {\n        sum += binomial_coefficient(n, i) * binomial_coefficient(n, i + 1);\n    }\n    sum\n}\n\nfn main() {\n    let candidate = sum_Of_product;\n    assert_eq!(candidate(3), 15);\n    assert_eq!(candidate(4), 56);\n    assert_eq!(candidate(1), 1);\n}\n",
      "timestamp": 1665510313,
      "stdout": "",
      "stderr": "error[E0425]: cannot find function `binomial_coefficient` in this scope\n --> /tmp/tmpdnwbfh3o.rs:5:16\n  |\n5 |         sum += binomial_coefficient(n, i) * binomial_coefficient(n, i + 1);\n  |                ^^^^^^^^^^^^^^^^^^^^ not found in this scope\n\nerror[E0425]: cannot find function `binomial_coefficient` in this scope\n --> /tmp/tmpdnwbfh3o.rs:5:45\n  |\n5 |         sum += binomial_coefficient(n, i) * binomial_coefficient(n, i + 1);\n  |                                             ^^^^^^^^^^^^^^^^^^^^ not found in this scope\n\nerror: aborting due to 2 previous errors\n\nFor more information about this error, try `rustc --explain E0425`.\n",
      "exit_code": 1,
      "status": "SyntaxError"
    },
    {
      "program": "/// Write a python function to find the sum of the product of consecutive binomial co-efficients.\nfn sum_Of_product(n: isize) -> isize {\n    let mut sum = 0;\n    for i in 0..n {\n        for j in 0..i {\n            sum += binomial_coefficient(i, j);\n        }\n    }\n    sum\n}\n\nfn main() {\n    let candidate = sum_Of_product;\n    assert_eq!(candidate(3), 15);\n    assert_eq!(candidate(4), 56);\n    assert_eq!(candidate(1), 1);\n}\n",
      "timestamp": 1665510313,
      "stdout": "",
      "stderr": "error[E0425]: cannot find function `binomial_coefficient` in this scope\n --> /tmp/tmp4t312dxx.rs:6:20\n  |\n6 |             sum += binomial_coefficient(i, j);\n  |                    ^^^^^^^^^^^^^^^^^^^^ not found in this scope\n\nerror: aborting due to previous error\n\nFor more information about this error, try `rustc --explain E0425`.\n",
      "exit_code": 1,
      "status": "SyntaxError"
    },
    {
      "program": "/// Write a python function to find the sum of the product of consecutive binomial co-efficients.\nfn sum_Of_product(n: isize) -> isize {\n    let mut sum = 0;\n    for i in 0..n {\n        sum += binomial_coefficient(n, i) * binomial_coefficient(n, i + 1);\n    }\n    sum\n}\n\nfn main() {\n    let candidate = sum_Of_product;\n    assert_eq!(candidate(3), 15);\n    assert_eq!(candidate(4), 56);\n    assert_eq!(candidate(1), 1);\n}\n",
      "timestamp": 1665510313,
      "stdout": "",
      "stderr": "error[E0425]: cannot find function `binomial_coefficient` in this scope\n --> /tmp/tmpdnwbfh3o.rs:5:16\n  |\n5 |         sum += binomial_coefficient(n, i) * binomial_coefficient(n, i + 1);\n  |                ^^^^^^^^^^^^^^^^^^^^ not found in this scope\n\nerror[E0425]: cannot find function `binomial_coefficient` in this scope\n --> /tmp/tmpdnwbfh3o.rs:5:45\n  |\n5 |         sum += binomial_coefficient(n, i) * binomial_coefficient(n, i + 1);\n  |                                             ^^^^^^^^^^^^^^^^^^^^ not found in this scope\n\nerror: aborting due to 2 previous errors\n\nFor more information about this error, try `rustc --explain E0425`.\n",
      "exit_code": 1,
      "status": "SyntaxError"
    },
    {
      "program": "/// Write a python function to find the sum of the product of consecutive binomial co-efficients.\nfn sum_Of_product(n: isize) -> isize {\n    let mut sum = 0;\n    for i in 0..n {\n        sum += (binomial_coefficient(n, i) * binomial_coefficient(n, i + 1));\n    }\n    sum\n}\n\nfn main() {\n    let candidate = sum_Of_product;\n    assert_eq!(candidate(3), 15);\n    assert_eq!(candidate(4), 56);\n    assert_eq!(candidate(1), 1);\n}\n",
      "timestamp": 1665510313,
      "stdout": "",
      "stderr": "error[E0425]: cannot find function `binomial_coefficient` in this scope\n --> /tmp/tmpzo0rx_5v.rs:5:17\n  |\n5 |         sum += (binomial_coefficient(n, i) * binomial_coefficient(n, i + 1));\n  |                 ^^^^^^^^^^^^^^^^^^^^ not found in this scope\n\nerror[E0425]: cannot find function `binomial_coefficient` in this scope\n --> /tmp/tmpzo0rx_5v.rs:5:46\n  |\n5 |         sum += (binomial_coefficient(n, i) * binomial_coefficient(n, i + 1));\n  |                                              ^^^^^^^^^^^^^^^^^^^^ not found in this scope\n\nwarning: unnecessary parentheses around assigned value\n --> /tmp/tmpzo0rx_5v.rs:5:16\n  |\n5 |         sum += (binomial_coefficient(n, i) * binomial_coefficient(n, i + 1));\n  |                ^                                                           ^\n  |\n  = note: `#[warn(unused_parens)]` on by default\nhelp: remove these parentheses\n  |\n5 -         sum += (binomial_coefficient(n, i) * binomial_coefficient(n, i + 1));\n5 +         sum += binomial_coefficient(n, i) * binomial_coefficient(n, i + 1);\n  | \n\nerror: aborting due to 2 previous errors; 1 warning emitted\n\nFor more information about this error, try `rustc --explain E0425`.\n",
      "exit_code": 1,
      "status": "SyntaxError"
    },
    {
      "program": "/// Write a python function to find the sum of the product of consecutive binomial co-efficients.\nfn sum_Of_product(n: isize) -> isize {\n    let mut sum = 0;\n    for i in 0..n {\n        sum += (n - i) * (i + 1);\n    }\n    sum\n}\n\nfn main() {\n    let candidate = sum_Of_product;\n    assert_eq!(candidate(3), 15);\n    assert_eq!(candidate(4), 56);\n    assert_eq!(candidate(1), 1);\n}\n",
      "timestamp": 1665510313,
      "stdout": "",
      "stderr": "thread 'main' panicked at 'assertion failed: `(left == right)`\n  left: `10`,\n right: `15`', /tmp/tmpcz2n2984.rs:12:5\nnote: run with `RUST_BACKTRACE=1` environment variable to display a backtrace\n",
      "exit_code": 101,
      "status": "Exception"
    },
    {
      "program": "/// Write a python function to find the sum of the product of consecutive binomial co-efficients.\nfn sum_Of_product(n: isize) -> isize {\n    let mut sum: isize = 0;\n    for i in 0..n {\n        for j in 0..i {\n            sum += binomial_coefficient(i, j);\n        }\n    }\n    sum\n}\n\nfn main() {\n    let candidate = sum_Of_product;\n    assert_eq!(candidate(3), 15);\n    assert_eq!(candidate(4), 56);\n    assert_eq!(candidate(1), 1);\n}\n",
      "timestamp": 1665510313,
      "stdout": "",
      "stderr": "error[E0425]: cannot find function `binomial_coefficient` in this scope\n --> /tmp/tmpvvg4brx1.rs:6:20\n  |\n6 |             sum += binomial_coefficient(i, j);\n  |                    ^^^^^^^^^^^^^^^^^^^^ not found in this scope\n\nerror: aborting due to previous error\n\nFor more information about this error, try `rustc --explain E0425`.\n",
      "exit_code": 1,
      "status": "SyntaxError"
    },
    {
      "program": "/// Write a python function to find the sum of the product of consecutive binomial co-efficients.\nfn sum_Of_product(n: isize) -> isize {\n    let mut sum = 0;\n    for i in 1..n {\n        sum += binomial_coefficient(n, i) * binomial_coefficient(n, i + 1);\n    }\n    sum\n}\n\nfn main() {\n    let candidate = sum_Of_product;\n    assert_eq!(candidate(3), 15);\n    assert_eq!(candidate(4), 56);\n    assert_eq!(candidate(1), 1);\n}\n",
      "timestamp": 1665510313,
      "stdout": "",
      "stderr": "error[E0425]: cannot find function `binomial_coefficient` in this scope\n --> /tmp/tmpqw70r5on.rs:5:16\n  |\n5 |         sum += binomial_coefficient(n, i) * binomial_coefficient(n, i + 1);\n  |                ^^^^^^^^^^^^^^^^^^^^ not found in this scope\n\nerror[E0425]: cannot find function `binomial_coefficient` in this scope\n --> /tmp/tmpqw70r5on.rs:5:45\n  |\n5 |         sum += binomial_coefficient(n, i) * binomial_coefficient(n, i + 1);\n  |                                             ^^^^^^^^^^^^^^^^^^^^ not found in this scope\n\nerror: aborting due to 2 previous errors\n\nFor more information about this error, try `rustc --explain E0425`.\n",
      "exit_code": 1,
      "status": "SyntaxError"
    },
    {
      "program": "/// Write a python function to find the sum of the product of consecutive binomial co-efficients.\nfn sum_Of_product(n: isize) -> isize {\n    let mut sum = 0;\n    for i in 0..n {\n        for j in 0..i {\n            sum += binomial_coefficient(i, j);\n        }\n    }\n    sum\n}\n\nfn main() {\n    let candidate = sum_Of_product;\n    assert_eq!(candidate(3), 15);\n    assert_eq!(candidate(4), 56);\n    assert_eq!(candidate(1), 1);\n}\n",
      "timestamp": 1665510313,
      "stdout": "",
      "stderr": "error[E0425]: cannot find function `binomial_coefficient` in this scope\n --> /tmp/tmp4t312dxx.rs:6:20\n  |\n6 |             sum += binomial_coefficient(i, j);\n  |                    ^^^^^^^^^^^^^^^^^^^^ not found in this scope\n\nerror: aborting due to previous error\n\nFor more information about this error, try `rustc --explain E0425`.\n",
      "exit_code": 1,
      "status": "SyntaxError"
    },
    {
      "program": "/// Write a python function to find the sum of the product of consecutive binomial co-efficients.\nfn sum_Of_product(n: isize) -> isize {\n    let mut sum = 0;\n    for i in 0..n {\n        sum += binomial_coefficient(n, i) * binomial_coefficient(n, i + 1);\n    }\n    sum\n}\n\nfn main() {\n    let candidate = sum_Of_product;\n    assert_eq!(candidate(3), 15);\n    assert_eq!(candidate(4), 56);\n    assert_eq!(candidate(1), 1);\n}\n",
      "timestamp": 1665510313,
      "stdout": "",
      "stderr": "error[E0425]: cannot find function `binomial_coefficient` in this scope\n --> /tmp/tmpdnwbfh3o.rs:5:16\n  |\n5 |         sum += binomial_coefficient(n, i) * binomial_coefficient(n, i + 1);\n  |                ^^^^^^^^^^^^^^^^^^^^ not found in this scope\n\nerror[E0425]: cannot find function `binomial_coefficient` in this scope\n --> /tmp/tmpdnwbfh3o.rs:5:45\n  |\n5 |         sum += binomial_coefficient(n, i) * binomial_coefficient(n, i + 1);\n  |                                             ^^^^^^^^^^^^^^^^^^^^ not found in this scope\n\nerror: aborting due to 2 previous errors\n\nFor more information about this error, try `rustc --explain E0425`.\n",
      "exit_code": 1,
      "status": "SyntaxError"
    },
    {
      "program": "/// Write a python function to find the sum of the product of consecutive binomial co-efficients.\nfn sum_Of_product(n: isize) -> isize {\n    let mut sum = 0;\n    for i in 0..n {\n        sum += binomial_coefficient(n, i);\n    }\n    sum\n}\n\nfn main() {\n    let candidate = sum_Of_product;\n    assert_eq!(candidate(3), 15);\n    assert_eq!(candidate(4), 56);\n    assert_eq!(candidate(1), 1);\n}\n",
      "timestamp": 1666123381,
      "stdout": "",
      "stderr": "error[E0425]: cannot find function `binomial_coefficient` in this scope\n --> /tmp/tmp9vas0yk9.rs:5:16\n  |\n5 |         sum += binomial_coefficient(n, i);\n  |                ^^^^^^^^^^^^^^^^^^^^ not found in this scope\n\nerror: aborting due to previous error\n\nFor more information about this error, try `rustc --explain E0425`.\n",
      "exit_code": 1,
      "status": "SyntaxError"
    },
    {
      "program": "/// Write a python function to find the sum of the product of consecutive binomial co-efficients.\nfn sum_Of_product(n: isize) -> isize {\n    let mut sum = 0;\n    for i in 0..n {\n        sum += binomial_coefficient(n, i) * binomial_coefficient(n, i + 1);\n    }\n    sum\n}\n\nfn main() {\n    let candidate = sum_Of_product;\n    assert_eq!(candidate(3), 15);\n    assert_eq!(candidate(4), 56);\n    assert_eq!(candidate(1), 1);\n}\n",
      "timestamp": 1665510313,
      "stdout": "",
      "stderr": "error[E0425]: cannot find function `binomial_coefficient` in this scope\n --> /tmp/tmpdnwbfh3o.rs:5:16\n  |\n5 |         sum += binomial_coefficient(n, i) * binomial_coefficient(n, i + 1);\n  |                ^^^^^^^^^^^^^^^^^^^^ not found in this scope\n\nerror[E0425]: cannot find function `binomial_coefficient` in this scope\n --> /tmp/tmpdnwbfh3o.rs:5:45\n  |\n5 |         sum += binomial_coefficient(n, i) * binomial_coefficient(n, i + 1);\n  |                                             ^^^^^^^^^^^^^^^^^^^^ not found in this scope\n\nerror: aborting due to 2 previous errors\n\nFor more information about this error, try `rustc --explain E0425`.\n",
      "exit_code": 1,
      "status": "SyntaxError"
    },
    {
      "program": "/// Write a python function to find the sum of the product of consecutive binomial co-efficients.\nfn sum_Of_product(n: isize) -> isize {\n    let mut sum = 0;\n    for i in 0..n {\n        sum += binomial_coefficient(n, i) * binomial_coefficient(n, i + 1);\n    }\n    sum\n}\n\nfn main() {\n    let candidate = sum_Of_product;\n    assert_eq!(candidate(3), 15);\n    assert_eq!(candidate(4), 56);\n    assert_eq!(candidate(1), 1);\n}\n",
      "timestamp": 1665510313,
      "stdout": "",
      "stderr": "error[E0425]: cannot find function `binomial_coefficient` in this scope\n --> /tmp/tmpdnwbfh3o.rs:5:16\n  |\n5 |         sum += binomial_coefficient(n, i) * binomial_coefficient(n, i + 1);\n  |                ^^^^^^^^^^^^^^^^^^^^ not found in this scope\n\nerror[E0425]: cannot find function `binomial_coefficient` in this scope\n --> /tmp/tmpdnwbfh3o.rs:5:45\n  |\n5 |         sum += binomial_coefficient(n, i) * binomial_coefficient(n, i + 1);\n  |                                             ^^^^^^^^^^^^^^^^^^^^ not found in this scope\n\nerror: aborting due to 2 previous errors\n\nFor more information about this error, try `rustc --explain E0425`.\n",
      "exit_code": 1,
      "status": "SyntaxError"
    },
    {
      "program": "/// Write a python function to find the sum of the product of consecutive binomial co-efficients.\nfn sum_Of_product(n: isize) -> isize {\n    let mut sum = 0;\n    for i in 0..n {\n        sum += (factorial(n) / (factorial(i) * factorial(n - i))) * (factorial(n) / (factorial(i) * factorial(n - i)));\n    }\n    sum\n}\n\nfn main() {\n    let candidate = sum_Of_product;\n    assert_eq!(candidate(3), 15);\n    assert_eq!(candidate(4), 56);\n    assert_eq!(candidate(1), 1);\n}\n",
      "timestamp": 1666123381,
      "stdout": "",
      "stderr": "error[E0425]: cannot find function `factorial` in this scope\n --> /tmp/tmpocqdv8ts.rs:5:17\n  |\n5 |         sum += (factorial(n) / (factorial(i) * factorial(n - i))) * (factorial(n) / (factorial(i) * factorial(n - i)));\n  |                 ^^^^^^^^^ not found in this scope\n\nerror[E0425]: cannot find function `factorial` in this scope\n --> /tmp/tmpocqdv8ts.rs:5:33\n  |\n5 |         sum += (factorial(n) / (factorial(i) * factorial(n - i))) * (factorial(n) / (factorial(i) * factorial(n - i)));\n  |                                 ^^^^^^^^^ not found in this scope\n\nerror[E0425]: cannot find function `factorial` in this scope\n --> /tmp/tmpocqdv8ts.rs:5:48\n  |\n5 |         sum += (factorial(n) / (factorial(i) * factorial(n - i))) * (factorial(n) / (factorial(i) * factorial(n - i)));\n  |                                                ^^^^^^^^^ not found in this scope\n\nerror[E0425]: cannot find function `factorial` in this scope\n --> /tmp/tmpocqdv8ts.rs:5:70\n  |\n5 |         sum += (factorial(n) / (factorial(i) * factorial(n - i))) * (factorial(n) / (factorial(i) * factorial(n - i)));\n  |                                                                      ^^^^^^^^^ not found in this scope\n\nerror[E0425]: cannot find function `factorial` in this scope\n --> /tmp/tmpocqdv8ts.rs:5:86\n  |\n5 |         sum += (factorial(n) / (factorial(i) * factorial(n - i))) * (factorial(n) / (factorial(i) * factorial(n - i)));\n  |                                                                                      ^^^^^^^^^ not found in this scope\n\nerror[E0425]: cannot find function `factorial` in this scope\n --> /tmp/tmpocqdv8ts.rs:5:101\n  |\n5 |         sum += (factorial(n) / (factorial(i) * factorial(n - i))) * (factorial(n) / (factorial(i) * factorial(n - i)));\n  |                                                                                                     ^^^^^^^^^ not found in this scope\n\nerror: aborting due to 6 previous errors\n\nFor more information about this error, try `rustc --explain E0425`.\n",
      "exit_code": 1,
      "status": "SyntaxError"
    },
    {
      "program": "/// Write a python function to find the sum of the product of consecutive binomial co-efficients.\nfn sum_Of_product(n: isize) -> isize {\n    let mut sum = 0;\n    for i in 0..n {\n        sum += binomial_coefficient(n, i) * binomial_coefficient(n, i + 1);\n    }\n    sum\n}\n\nfn main() {\n    let candidate = sum_Of_product;\n    assert_eq!(candidate(3), 15);\n    assert_eq!(candidate(4), 56);\n    assert_eq!(candidate(1), 1);\n}\n",
      "timestamp": 1665510313,
      "stdout": "",
      "stderr": "error[E0425]: cannot find function `binomial_coefficient` in this scope\n --> /tmp/tmpdnwbfh3o.rs:5:16\n  |\n5 |         sum += binomial_coefficient(n, i) * binomial_coefficient(n, i + 1);\n  |                ^^^^^^^^^^^^^^^^^^^^ not found in this scope\n\nerror[E0425]: cannot find function `binomial_coefficient` in this scope\n --> /tmp/tmpdnwbfh3o.rs:5:45\n  |\n5 |         sum += binomial_coefficient(n, i) * binomial_coefficient(n, i + 1);\n  |                                             ^^^^^^^^^^^^^^^^^^^^ not found in this scope\n\nerror: aborting due to 2 previous errors\n\nFor more information about this error, try `rustc --explain E0425`.\n",
      "exit_code": 1,
      "status": "SyntaxError"
    },
    {
      "program": "/// Write a python function to find the sum of the product of consecutive binomial co-efficients.\nfn sum_Of_product(n: isize) -> isize {\n    let mut sum = 0;\n    for i in 0..n {\n        for j in 0..i {\n            sum += binomial_coefficient(i, j);\n        }\n    }\n    sum\n}\n\nfn main() {\n    let candidate = sum_Of_product;\n    assert_eq!(candidate(3), 15);\n    assert_eq!(candidate(4), 56);\n    assert_eq!(candidate(1), 1);\n}\n",
      "timestamp": 1665510313,
      "stdout": "",
      "stderr": "error[E0425]: cannot find function `binomial_coefficient` in this scope\n --> /tmp/tmp4t312dxx.rs:6:20\n  |\n6 |             sum += binomial_coefficient(i, j);\n  |                    ^^^^^^^^^^^^^^^^^^^^ not found in this scope\n\nerror: aborting due to previous error\n\nFor more information about this error, try `rustc --explain E0425`.\n",
      "exit_code": 1,
      "status": "SyntaxError"
    },
    {
      "program": "/// Write a python function to find the sum of the product of consecutive binomial co-efficients.\nfn sum_Of_product(n: isize) -> isize {\n    let mut sum = 0;\n    for i in 1..n {\n        sum += (n - i) * i;\n    }\n    sum\n}\n\nfn main() {\n    let candidate = sum_Of_product;\n    assert_eq!(candidate(3), 15);\n    assert_eq!(candidate(4), 56);\n    assert_eq!(candidate(1), 1);\n}\n",
      "timestamp": 1666123381,
      "stdout": "",
      "stderr": "thread 'main' panicked at 'assertion failed: `(left == right)`\n  left: `4`,\n right: `15`', /tmp/tmp4rp3asaj.rs:12:5\nnote: run with `RUST_BACKTRACE=1` environment variable to display a backtrace\n",
      "exit_code": 101,
      "status": "Exception"
    },
    {
      "program": "/// Write a python function to find the sum of the product of consecutive binomial co-efficients.\nfn sum_Of_product(n: isize) -> isize {\n    let mut sum = 0;\n    for i in 1..n {\n        sum += binomial_coefficient(n, i) * binomial_coefficient(n, i + 1);\n    }\n    sum\n}\n\nfn main() {\n    let candidate = sum_Of_product;\n    assert_eq!(candidate(3), 15);\n    assert_eq!(candidate(4), 56);\n    assert_eq!(candidate(1), 1);\n}\n",
      "timestamp": 1665510313,
      "stdout": "",
      "stderr": "error[E0425]: cannot find function `binomial_coefficient` in this scope\n --> /tmp/tmpqw70r5on.rs:5:16\n  |\n5 |         sum += binomial_coefficient(n, i) * binomial_coefficient(n, i + 1);\n  |                ^^^^^^^^^^^^^^^^^^^^ not found in this scope\n\nerror[E0425]: cannot find function `binomial_coefficient` in this scope\n --> /tmp/tmpqw70r5on.rs:5:45\n  |\n5 |         sum += binomial_coefficient(n, i) * binomial_coefficient(n, i + 1);\n  |                                             ^^^^^^^^^^^^^^^^^^^^ not found in this scope\n\nerror: aborting due to 2 previous errors\n\nFor more information about this error, try `rustc --explain E0425`.\n",
      "exit_code": 1,
      "status": "SyntaxError"
    },
    {
      "program": "/// Write a python function to find the sum of the product of consecutive binomial co-efficients.\nfn sum_Of_product(n: isize) -> isize {\n    let mut sum = 0;\n    for i in 1..n {\n        for j in 1..i {\n            sum += binomial_coefficient(i, j) * binomial_coefficient(i, j + 1);\n        }\n    }\n    sum\n}\n\nfn main() {\n    let candidate = sum_Of_product;\n    assert_eq!(candidate(3), 15);\n    assert_eq!(candidate(4), 56);\n    assert_eq!(candidate(1), 1);\n}\n",
      "timestamp": 1666123381,
      "stdout": "",
      "stderr": "error[E0425]: cannot find function `binomial_coefficient` in this scope\n --> /tmp/tmpx18x9a34.rs:6:20\n  |\n6 |             sum += binomial_coefficient(i, j) * binomial_coefficient(i, j + 1);\n  |                    ^^^^^^^^^^^^^^^^^^^^ not found in this scope\n\nerror[E0425]: cannot find function `binomial_coefficient` in this scope\n --> /tmp/tmpx18x9a34.rs:6:49\n  |\n6 |             sum += binomial_coefficient(i, j) * binomial_coefficient(i, j + 1);\n  |                                                 ^^^^^^^^^^^^^^^^^^^^ not found in this scope\n\nerror: aborting due to 2 previous errors\n\nFor more information about this error, try `rustc --explain E0425`.\n",
      "exit_code": 1,
      "status": "SyntaxError"
    },
    {
      "program": "/// Write a python function to find the sum of the product of consecutive binomial co-efficients.\nfn sum_Of_product(n: isize) -> isize {\n    let mut sum = 0;\n    for i in 1..n {\n        sum += binomial_coefficient(n, i) * binomial_coefficient(n, i + 1);\n    }\n    sum\n}\n\nfn main() {\n    let candidate = sum_Of_product;\n    assert_eq!(candidate(3), 15);\n    assert_eq!(candidate(4), 56);\n    assert_eq!(candidate(1), 1);\n}\n",
      "timestamp": 1665510313,
      "stdout": "",
      "stderr": "error[E0425]: cannot find function `binomial_coefficient` in this scope\n --> /tmp/tmpqw70r5on.rs:5:16\n  |\n5 |         sum += binomial_coefficient(n, i) * binomial_coefficient(n, i + 1);\n  |                ^^^^^^^^^^^^^^^^^^^^ not found in this scope\n\nerror[E0425]: cannot find function `binomial_coefficient` in this scope\n --> /tmp/tmpqw70r5on.rs:5:45\n  |\n5 |         sum += binomial_coefficient(n, i) * binomial_coefficient(n, i + 1);\n  |                                             ^^^^^^^^^^^^^^^^^^^^ not found in this scope\n\nerror: aborting due to 2 previous errors\n\nFor more information about this error, try `rustc --explain E0425`.\n",
      "exit_code": 1,
      "status": "SyntaxError"
    },
    {
      "program": "/// Write a python function to find the sum of the product of consecutive binomial co-efficients.\nfn sum_Of_product(n: isize) -> isize {\n    let mut sum = 0;\n    for i in 0..n {\n        sum += binomial_coefficient(n, i);\n    }\n    sum\n}\n\nfn main() {\n    let candidate = sum_Of_product;\n    assert_eq!(candidate(3), 15);\n    assert_eq!(candidate(4), 56);\n    assert_eq!(candidate(1), 1);\n}\n",
      "timestamp": 1666123381,
      "stdout": "",
      "stderr": "error[E0425]: cannot find function `binomial_coefficient` in this scope\n --> /tmp/tmp9vas0yk9.rs:5:16\n  |\n5 |         sum += binomial_coefficient(n, i);\n  |                ^^^^^^^^^^^^^^^^^^^^ not found in this scope\n\nerror: aborting due to previous error\n\nFor more information about this error, try `rustc --explain E0425`.\n",
      "exit_code": 1,
      "status": "SyntaxError"
    },
    {
      "program": "/// Write a python function to find the sum of the product of consecutive binomial co-efficients.\nfn sum_Of_product(n: isize) -> isize {\n    let mut sum = 0;\n    for i in 0..n {\n        for j in 0..n {\n            sum += binomial_coefficient(i, j);\n        }\n    }\n    sum\n}\n\nfn main() {\n    let candidate = sum_Of_product;\n    assert_eq!(candidate(3), 15);\n    assert_eq!(candidate(4), 56);\n    assert_eq!(candidate(1), 1);\n}\n",
      "timestamp": 1665510313,
      "stdout": "",
      "stderr": "error[E0425]: cannot find function `binomial_coefficient` in this scope\n --> /tmp/tmplcdyvdpv.rs:6:20\n  |\n6 |             sum += binomial_coefficient(i, j);\n  |                    ^^^^^^^^^^^^^^^^^^^^ not found in this scope\n\nerror: aborting due to previous error\n\nFor more information about this error, try `rustc --explain E0425`.\n",
      "exit_code": 1,
      "status": "SyntaxError"
    },
    {
      "program": "/// Write a python function to find the sum of the product of consecutive binomial co-efficients.\nfn sum_Of_product(n: isize) -> isize {\n    let mut sum = 0;\n    for i in 0..n {\n        sum += binomial_coefficient(n, i) * binomial_coefficient(n, i + 1);\n    }\n    sum\n}\n\nfn main() {\n    let candidate = sum_Of_product;\n    assert_eq!(candidate(3), 15);\n    assert_eq!(candidate(4), 56);\n    assert_eq!(candidate(1), 1);\n}\n",
      "timestamp": 1665510313,
      "stdout": "",
      "stderr": "error[E0425]: cannot find function `binomial_coefficient` in this scope\n --> /tmp/tmpdnwbfh3o.rs:5:16\n  |\n5 |         sum += binomial_coefficient(n, i) * binomial_coefficient(n, i + 1);\n  |                ^^^^^^^^^^^^^^^^^^^^ not found in this scope\n\nerror[E0425]: cannot find function `binomial_coefficient` in this scope\n --> /tmp/tmpdnwbfh3o.rs:5:45\n  |\n5 |         sum += binomial_coefficient(n, i) * binomial_coefficient(n, i + 1);\n  |                                             ^^^^^^^^^^^^^^^^^^^^ not found in this scope\n\nerror: aborting due to 2 previous errors\n\nFor more information about this error, try `rustc --explain E0425`.\n",
      "exit_code": 1,
      "status": "SyntaxError"
    },
    {
      "program": "/// Write a python function to find the sum of the product of consecutive binomial co-efficients.\nfn sum_Of_product(n: isize) -> isize {\n    let mut sum = 0;\n    for i in 1..n {\n        for j in 1..i {\n            sum += binomial_coefficient(i, j) * binomial_coefficient(i, j + 1);\n        }\n    }\n    sum\n}\n\nfn main() {\n    let candidate = sum_Of_product;\n    assert_eq!(candidate(3), 15);\n    assert_eq!(candidate(4), 56);\n    assert_eq!(candidate(1), 1);\n}\n",
      "timestamp": 1666123381,
      "stdout": "",
      "stderr": "error[E0425]: cannot find function `binomial_coefficient` in this scope\n --> /tmp/tmpx18x9a34.rs:6:20\n  |\n6 |             sum += binomial_coefficient(i, j) * binomial_coefficient(i, j + 1);\n  |                    ^^^^^^^^^^^^^^^^^^^^ not found in this scope\n\nerror[E0425]: cannot find function `binomial_coefficient` in this scope\n --> /tmp/tmpx18x9a34.rs:6:49\n  |\n6 |             sum += binomial_coefficient(i, j) * binomial_coefficient(i, j + 1);\n  |                                                 ^^^^^^^^^^^^^^^^^^^^ not found in this scope\n\nerror: aborting due to 2 previous errors\n\nFor more information about this error, try `rustc --explain E0425`.\n",
      "exit_code": 1,
      "status": "SyntaxError"
    },
    {
      "program": "/// Write a python function to find the sum of the product of consecutive binomial co-efficients.\nfn sum_Of_product(n: isize) -> isize {\n    let mut sum = 0;\n    for i in 0..n {\n        sum += binomial_coefficient(n, i) * binomial_coefficient(n, i + 1);\n    }\n    sum\n}\n\nfn main() {\n    let candidate = sum_Of_product;\n    assert_eq!(candidate(3), 15);\n    assert_eq!(candidate(4), 56);\n    assert_eq!(candidate(1), 1);\n}\n",
      "timestamp": 1665510313,
      "stdout": "",
      "stderr": "error[E0425]: cannot find function `binomial_coefficient` in this scope\n --> /tmp/tmpdnwbfh3o.rs:5:16\n  |\n5 |         sum += binomial_coefficient(n, i) * binomial_coefficient(n, i + 1);\n  |                ^^^^^^^^^^^^^^^^^^^^ not found in this scope\n\nerror[E0425]: cannot find function `binomial_coefficient` in this scope\n --> /tmp/tmpdnwbfh3o.rs:5:45\n  |\n5 |         sum += binomial_coefficient(n, i) * binomial_coefficient(n, i + 1);\n  |                                             ^^^^^^^^^^^^^^^^^^^^ not found in this scope\n\nerror: aborting due to 2 previous errors\n\nFor more information about this error, try `rustc --explain E0425`.\n",
      "exit_code": 1,
      "status": "SyntaxError"
    },
    {
      "program": "/// Write a python function to find the sum of the product of consecutive binomial co-efficients.\nfn sum_Of_product(n: isize) -> isize {\n    let mut sum = 0;\n    for i in 0..n {\n        sum += (n - i) * (i + 1);\n    }\n    sum\n}\n\nfn main() {\n    let candidate = sum_Of_product;\n    assert_eq!(candidate(3), 15);\n    assert_eq!(candidate(4), 56);\n    assert_eq!(candidate(1), 1);\n}\n",
      "timestamp": 1665510313,
      "stdout": "",
      "stderr": "thread 'main' panicked at 'assertion failed: `(left == right)`\n  left: `10`,\n right: `15`', /tmp/tmpcz2n2984.rs:12:5\nnote: run with `RUST_BACKTRACE=1` environment variable to display a backtrace\n",
      "exit_code": 101,
      "status": "Exception"
    },
    {
      "program": "/// Write a python function to find the sum of the product of consecutive binomial co-efficients.\nfn sum_Of_product(n: isize) -> isize {\n    let mut sum = 0;\n    for i in 0..n {\n        sum += binomial_coefficient(n, i) * binomial_coefficient(n, i + 1);\n    }\n    sum\n}\n\nfn main() {\n    let candidate = sum_Of_product;\n    assert_eq!(candidate(3), 15);\n    assert_eq!(candidate(4), 56);\n    assert_eq!(candidate(1), 1);\n}\n",
      "timestamp": 1665510313,
      "stdout": "",
      "stderr": "error[E0425]: cannot find function `binomial_coefficient` in this scope\n --> /tmp/tmpdnwbfh3o.rs:5:16\n  |\n5 |         sum += binomial_coefficient(n, i) * binomial_coefficient(n, i + 1);\n  |                ^^^^^^^^^^^^^^^^^^^^ not found in this scope\n\nerror[E0425]: cannot find function `binomial_coefficient` in this scope\n --> /tmp/tmpdnwbfh3o.rs:5:45\n  |\n5 |         sum += binomial_coefficient(n, i) * binomial_coefficient(n, i + 1);\n  |                                             ^^^^^^^^^^^^^^^^^^^^ not found in this scope\n\nerror: aborting due to 2 previous errors\n\nFor more information about this error, try `rustc --explain E0425`.\n",
      "exit_code": 1,
      "status": "SyntaxError"
    },
    {
      "program": "/// Write a python function to find the sum of the product of consecutive binomial co-efficients.\nfn sum_Of_product(n: isize) -> isize {\n    let mut sum = 0;\n    for i in 0..n {\n        sum += (n - i) * (i + 1);\n    }\n    sum\n}\n\nfn main() {\n    let candidate = sum_Of_product;\n    assert_eq!(candidate(3), 15);\n    assert_eq!(candidate(4), 56);\n    assert_eq!(candidate(1), 1);\n}\n",
      "timestamp": 1665510313,
      "stdout": "",
      "stderr": "thread 'main' panicked at 'assertion failed: `(left == right)`\n  left: `10`,\n right: `15`', /tmp/tmpcz2n2984.rs:12:5\nnote: run with `RUST_BACKTRACE=1` environment variable to display a backtrace\n",
      "exit_code": 101,
      "status": "Exception"
    },
    {
      "program": "/// Write a python function to find the sum of the product of consecutive binomial co-efficients.\nfn sum_Of_product(n: isize) -> isize {\n    let mut sum = 0;\n    for i in 0..n {\n        for j in 0..n {\n            sum += binomial_coefficient(i, j);\n        }\n    }\n    sum\n}\n\nfn main() {\n    let candidate = sum_Of_product;\n    assert_eq!(candidate(3), 15);\n    assert_eq!(candidate(4), 56);\n    assert_eq!(candidate(1), 1);\n}\n",
      "timestamp": 1665510313,
      "stdout": "",
      "stderr": "error[E0425]: cannot find function `binomial_coefficient` in this scope\n --> /tmp/tmplcdyvdpv.rs:6:20\n  |\n6 |             sum += binomial_coefficient(i, j);\n  |                    ^^^^^^^^^^^^^^^^^^^^ not found in this scope\n\nerror: aborting due to previous error\n\nFor more information about this error, try `rustc --explain E0425`.\n",
      "exit_code": 1,
      "status": "SyntaxError"
    },
    {
      "program": "/// Write a python function to find the sum of the product of consecutive binomial co-efficients.\nfn sum_Of_product(n: isize) -> isize {\n    let mut sum = 0;\n    for i in 0..n {\n        sum += binomial_coefficient(n, i) * binomial_coefficient(n, i + 1);\n    }\n    sum\n}\n\nfn main() {\n    let candidate = sum_Of_product;\n    assert_eq!(candidate(3), 15);\n    assert_eq!(candidate(4), 56);\n    assert_eq!(candidate(1), 1);\n}\n",
      "timestamp": 1665510313,
      "stdout": "",
      "stderr": "error[E0425]: cannot find function `binomial_coefficient` in this scope\n --> /tmp/tmpdnwbfh3o.rs:5:16\n  |\n5 |         sum += binomial_coefficient(n, i) * binomial_coefficient(n, i + 1);\n  |                ^^^^^^^^^^^^^^^^^^^^ not found in this scope\n\nerror[E0425]: cannot find function `binomial_coefficient` in this scope\n --> /tmp/tmpdnwbfh3o.rs:5:45\n  |\n5 |         sum += binomial_coefficient(n, i) * binomial_coefficient(n, i + 1);\n  |                                             ^^^^^^^^^^^^^^^^^^^^ not found in this scope\n\nerror: aborting due to 2 previous errors\n\nFor more information about this error, try `rustc --explain E0425`.\n",
      "exit_code": 1,
      "status": "SyntaxError"
    },
    {
      "program": "/// Write a python function to find the sum of the product of consecutive binomial co-efficients.\nfn sum_Of_product(n: isize) -> isize {\n    let mut sum = 0;\n    for i in 0..n {\n        for j in 0..i {\n            sum += binomial_coefficient(i, j);\n        }\n    }\n    sum\n}\n\nfn main() {\n    let candidate = sum_Of_product;\n    assert_eq!(candidate(3), 15);\n    assert_eq!(candidate(4), 56);\n    assert_eq!(candidate(1), 1);\n}\n",
      "timestamp": 1665510313,
      "stdout": "",
      "stderr": "error[E0425]: cannot find function `binomial_coefficient` in this scope\n --> /tmp/tmp4t312dxx.rs:6:20\n  |\n6 |             sum += binomial_coefficient(i, j);\n  |                    ^^^^^^^^^^^^^^^^^^^^ not found in this scope\n\nerror: aborting due to previous error\n\nFor more information about this error, try `rustc --explain E0425`.\n",
      "exit_code": 1,
      "status": "SyntaxError"
    },
    {
      "program": "/// Write a python function to find the sum of the product of consecutive binomial co-efficients.\nfn sum_Of_product(n: isize) -> isize {\n    let mut sum = 0;\n    for i in 1..n {\n        sum += binomial_coefficient(n, i) * binomial_coefficient(n, i + 1);\n    }\n    sum\n}\n\nfn main() {\n    let candidate = sum_Of_product;\n    assert_eq!(candidate(3), 15);\n    assert_eq!(candidate(4), 56);\n    assert_eq!(candidate(1), 1);\n}\n",
      "timestamp": 1665510313,
      "stdout": "",
      "stderr": "error[E0425]: cannot find function `binomial_coefficient` in this scope\n --> /tmp/tmpqw70r5on.rs:5:16\n  |\n5 |         sum += binomial_coefficient(n, i) * binomial_coefficient(n, i + 1);\n  |                ^^^^^^^^^^^^^^^^^^^^ not found in this scope\n\nerror[E0425]: cannot find function `binomial_coefficient` in this scope\n --> /tmp/tmpqw70r5on.rs:5:45\n  |\n5 |         sum += binomial_coefficient(n, i) * binomial_coefficient(n, i + 1);\n  |                                             ^^^^^^^^^^^^^^^^^^^^ not found in this scope\n\nerror: aborting due to 2 previous errors\n\nFor more information about this error, try `rustc --explain E0425`.\n",
      "exit_code": 1,
      "status": "SyntaxError"
    },
    {
      "program": "/// Write a python function to find the sum of the product of consecutive binomial co-efficients.\nfn sum_Of_product(n: isize) -> isize {\n    let mut sum = 0;\n    for i in 0..n {\n        sum += binomial_coefficient(n, i) * binomial_coefficient(n, i + 1);\n    }\n    sum\n}\n\nfn main() {\n    let candidate = sum_Of_product;\n    assert_eq!(candidate(3), 15);\n    assert_eq!(candidate(4), 56);\n    assert_eq!(candidate(1), 1);\n}\n",
      "timestamp": 1665510313,
      "stdout": "",
      "stderr": "error[E0425]: cannot find function `binomial_coefficient` in this scope\n --> /tmp/tmpdnwbfh3o.rs:5:16\n  |\n5 |         sum += binomial_coefficient(n, i) * binomial_coefficient(n, i + 1);\n  |                ^^^^^^^^^^^^^^^^^^^^ not found in this scope\n\nerror[E0425]: cannot find function `binomial_coefficient` in this scope\n --> /tmp/tmpdnwbfh3o.rs:5:45\n  |\n5 |         sum += binomial_coefficient(n, i) * binomial_coefficient(n, i + 1);\n  |                                             ^^^^^^^^^^^^^^^^^^^^ not found in this scope\n\nerror: aborting due to 2 previous errors\n\nFor more information about this error, try `rustc --explain E0425`.\n",
      "exit_code": 1,
      "status": "SyntaxError"
    },
    {
      "program": "/// Write a python function to find the sum of the product of consecutive binomial co-efficients.\nfn sum_Of_product(n: isize) -> isize {\n    let mut sum = 0;\n    for i in 1..n + 1 {\n        sum += binomial_coefficient(n, i) * binomial_coefficient(n, i + 1);\n    }\n    sum\n}\n\nfn main() {\n    let candidate = sum_Of_product;\n    assert_eq!(candidate(3), 15);\n    assert_eq!(candidate(4), 56);\n    assert_eq!(candidate(1), 1);\n}\n",
      "timestamp": 1666123381,
      "stdout": "",
      "stderr": "error[E0425]: cannot find function `binomial_coefficient` in this scope\n --> /tmp/tmp1vb6f9mx.rs:5:16\n  |\n5 |         sum += binomial_coefficient(n, i) * binomial_coefficient(n, i + 1);\n  |                ^^^^^^^^^^^^^^^^^^^^ not found in this scope\n\nerror[E0425]: cannot find function `binomial_coefficient` in this scope\n --> /tmp/tmp1vb6f9mx.rs:5:45\n  |\n5 |         sum += binomial_coefficient(n, i) * binomial_coefficient(n, i + 1);\n  |                                             ^^^^^^^^^^^^^^^^^^^^ not found in this scope\n\nerror: aborting due to 2 previous errors\n\nFor more information about this error, try `rustc --explain E0425`.\n",
      "exit_code": 1,
      "status": "SyntaxError"
    },
    {
      "program": "/// Write a python function to find the sum of the product of consecutive binomial co-efficients.\nfn sum_Of_product(n: isize) -> isize {\n    let mut sum = 0;\n    for i in 1..n {\n        for j in 1..i {\n            sum += binomial_coefficient(i, j) * binomial_coefficient(i, j + 1);\n        }\n    }\n    sum\n}\n\nfn main() {\n    let candidate = sum_Of_product;\n    assert_eq!(candidate(3), 15);\n    assert_eq!(candidate(4), 56);\n    assert_eq!(candidate(1), 1);\n}\n",
      "timestamp": 1666123381,
      "stdout": "",
      "stderr": "error[E0425]: cannot find function `binomial_coefficient` in this scope\n --> /tmp/tmpx18x9a34.rs:6:20\n  |\n6 |             sum += binomial_coefficient(i, j) * binomial_coefficient(i, j + 1);\n  |                    ^^^^^^^^^^^^^^^^^^^^ not found in this scope\n\nerror[E0425]: cannot find function `binomial_coefficient` in this scope\n --> /tmp/tmpx18x9a34.rs:6:49\n  |\n6 |             sum += binomial_coefficient(i, j) * binomial_coefficient(i, j + 1);\n  |                                                 ^^^^^^^^^^^^^^^^^^^^ not found in this scope\n\nerror: aborting due to 2 previous errors\n\nFor more information about this error, try `rustc --explain E0425`.\n",
      "exit_code": 1,
      "status": "SyntaxError"
    },
    {
      "program": "/// Write a python function to find the sum of the product of consecutive binomial co-efficients.\nfn sum_Of_product(n: isize) -> isize {\n    let mut sum = 0;\n    for i in 0..n {\n        for j in 0..i {\n            sum += binomial_coefficient(i, j);\n        }\n    }\n    sum\n}\n\nfn main() {\n    let candidate = sum_Of_product;\n    assert_eq!(candidate(3), 15);\n    assert_eq!(candidate(4), 56);\n    assert_eq!(candidate(1), 1);\n}\n",
      "timestamp": 1665510313,
      "stdout": "",
      "stderr": "error[E0425]: cannot find function `binomial_coefficient` in this scope\n --> /tmp/tmp4t312dxx.rs:6:20\n  |\n6 |             sum += binomial_coefficient(i, j);\n  |                    ^^^^^^^^^^^^^^^^^^^^ not found in this scope\n\nerror: aborting due to previous error\n\nFor more information about this error, try `rustc --explain E0425`.\n",
      "exit_code": 1,
      "status": "SyntaxError"
    },
    {
      "program": "/// Write a python function to find the sum of the product of consecutive binomial co-efficients.\nfn sum_Of_product(n: isize) -> isize {\n    let mut sum = 0;\n    for i in 1..n {\n        sum += binomial_coefficient(n, i) * binomial_coefficient(n, i + 1);\n    }\n    sum\n}\n\nfn main() {\n    let candidate = sum_Of_product;\n    assert_eq!(candidate(3), 15);\n    assert_eq!(candidate(4), 56);\n    assert_eq!(candidate(1), 1);\n}\n",
      "timestamp": 1665510313,
      "stdout": "",
      "stderr": "error[E0425]: cannot find function `binomial_coefficient` in this scope\n --> /tmp/tmpqw70r5on.rs:5:16\n  |\n5 |         sum += binomial_coefficient(n, i) * binomial_coefficient(n, i + 1);\n  |                ^^^^^^^^^^^^^^^^^^^^ not found in this scope\n\nerror[E0425]: cannot find function `binomial_coefficient` in this scope\n --> /tmp/tmpqw70r5on.rs:5:45\n  |\n5 |         sum += binomial_coefficient(n, i) * binomial_coefficient(n, i + 1);\n  |                                             ^^^^^^^^^^^^^^^^^^^^ not found in this scope\n\nerror: aborting due to 2 previous errors\n\nFor more information about this error, try `rustc --explain E0425`.\n",
      "exit_code": 1,
      "status": "SyntaxError"
    },
    {
      "program": "/// Write a python function to find the sum of the product of consecutive binomial co-efficients.\nfn sum_Of_product(n: isize) -> isize {\n    let mut sum = 0;\n    for i in 1..n {\n        sum += (binomial_coefficient(n, i) * binomial_coefficient(n, i + 1));\n    }\n    sum\n}\n\nfn main() {\n    let candidate = sum_Of_product;\n    assert_eq!(candidate(3), 15);\n    assert_eq!(candidate(4), 56);\n    assert_eq!(candidate(1), 1);\n}\n",
      "timestamp": 1665510313,
      "stdout": "",
      "stderr": "error[E0425]: cannot find function `binomial_coefficient` in this scope\n --> /tmp/tmpedfpctl1.rs:5:17\n  |\n5 |         sum += (binomial_coefficient(n, i) * binomial_coefficient(n, i + 1));\n  |                 ^^^^^^^^^^^^^^^^^^^^ not found in this scope\n\nerror[E0425]: cannot find function `binomial_coefficient` in this scope\n --> /tmp/tmpedfpctl1.rs:5:46\n  |\n5 |         sum += (binomial_coefficient(n, i) * binomial_coefficient(n, i + 1));\n  |                                              ^^^^^^^^^^^^^^^^^^^^ not found in this scope\n\nwarning: unnecessary parentheses around assigned value\n --> /tmp/tmpedfpctl1.rs:5:16\n  |\n5 |         sum += (binomial_coefficient(n, i) * binomial_coefficient(n, i + 1));\n  |                ^                                                           ^\n  |\n  = note: `#[warn(unused_parens)]` on by default\nhelp: remove these parentheses\n  |\n5 -         sum += (binomial_coefficient(n, i) * binomial_coefficient(n, i + 1));\n5 +         sum += binomial_coefficient(n, i) * binomial_coefficient(n, i + 1);\n  | \n\nerror: aborting due to 2 previous errors; 1 warning emitted\n\nFor more information about this error, try `rustc --explain E0425`.\n",
      "exit_code": 1,
      "status": "SyntaxError"
    },
    {
      "program": "/// Write a python function to find the sum of the product of consecutive binomial co-efficients.\nfn sum_Of_product(n: isize) -> isize {\n    let mut sum = 0;\n    for i in 0..n {\n        sum += binomial_coefficient(n, i) * binomial_coefficient(n, i + 1);\n    }\n    sum\n}\n\nfn main() {\n    let candidate = sum_Of_product;\n    assert_eq!(candidate(3), 15);\n    assert_eq!(candidate(4), 56);\n    assert_eq!(candidate(1), 1);\n}\n",
      "timestamp": 1665510313,
      "stdout": "",
      "stderr": "error[E0425]: cannot find function `binomial_coefficient` in this scope\n --> /tmp/tmpdnwbfh3o.rs:5:16\n  |\n5 |         sum += binomial_coefficient(n, i) * binomial_coefficient(n, i + 1);\n  |                ^^^^^^^^^^^^^^^^^^^^ not found in this scope\n\nerror[E0425]: cannot find function `binomial_coefficient` in this scope\n --> /tmp/tmpdnwbfh3o.rs:5:45\n  |\n5 |         sum += binomial_coefficient(n, i) * binomial_coefficient(n, i + 1);\n  |                                             ^^^^^^^^^^^^^^^^^^^^ not found in this scope\n\nerror: aborting due to 2 previous errors\n\nFor more information about this error, try `rustc --explain E0425`.\n",
      "exit_code": 1,
      "status": "SyntaxError"
    },
    {
      "program": "/// Write a python function to find the sum of the product of consecutive binomial co-efficients.\nfn sum_Of_product(n: isize) -> isize {\n    let mut sum = 0;\n    for i in 0..n {\n        sum += binomial_coefficient(n, i) * binomial_coefficient(n, i + 1);\n    }\n    sum\n}\n\nfn main() {\n    let candidate = sum_Of_product;\n    assert_eq!(candidate(3), 15);\n    assert_eq!(candidate(4), 56);\n    assert_eq!(candidate(1), 1);\n}\n",
      "timestamp": 1665510313,
      "stdout": "",
      "stderr": "error[E0425]: cannot find function `binomial_coefficient` in this scope\n --> /tmp/tmpdnwbfh3o.rs:5:16\n  |\n5 |         sum += binomial_coefficient(n, i) * binomial_coefficient(n, i + 1);\n  |                ^^^^^^^^^^^^^^^^^^^^ not found in this scope\n\nerror[E0425]: cannot find function `binomial_coefficient` in this scope\n --> /tmp/tmpdnwbfh3o.rs:5:45\n  |\n5 |         sum += binomial_coefficient(n, i) * binomial_coefficient(n, i + 1);\n  |                                             ^^^^^^^^^^^^^^^^^^^^ not found in this scope\n\nerror: aborting due to 2 previous errors\n\nFor more information about this error, try `rustc --explain E0425`.\n",
      "exit_code": 1,
      "status": "SyntaxError"
    },
    {
      "program": "/// Write a python function to find the sum of the product of consecutive binomial co-efficients.\nfn sum_Of_product(n: isize) -> isize {\n    let mut sum = 0;\n    for i in 0..n {\n        for j in 0..i {\n            sum += binomial_coefficient(i, j);\n        }\n    }\n    sum\n}\n\nfn main() {\n    let candidate = sum_Of_product;\n    assert_eq!(candidate(3), 15);\n    assert_eq!(candidate(4), 56);\n    assert_eq!(candidate(1), 1);\n}\n",
      "timestamp": 1665510313,
      "stdout": "",
      "stderr": "error[E0425]: cannot find function `binomial_coefficient` in this scope\n --> /tmp/tmp4t312dxx.rs:6:20\n  |\n6 |             sum += binomial_coefficient(i, j);\n  |                    ^^^^^^^^^^^^^^^^^^^^ not found in this scope\n\nerror: aborting due to previous error\n\nFor more information about this error, try `rustc --explain E0425`.\n",
      "exit_code": 1,
      "status": "SyntaxError"
    },
    {
      "program": "/// Write a python function to find the sum of the product of consecutive binomial co-efficients.\nfn sum_Of_product(n: isize) -> isize {\n    let mut sum = 0;\n    for i in 0..n {\n        sum += (binomial_coefficient(n, i) * binomial_coefficient(n, i + 1));\n    }\n    sum\n}\n\nfn main() {\n    let candidate = sum_Of_product;\n    assert_eq!(candidate(3), 15);\n    assert_eq!(candidate(4), 56);\n    assert_eq!(candidate(1), 1);\n}\n",
      "timestamp": 1665510313,
      "stdout": "",
      "stderr": "error[E0425]: cannot find function `binomial_coefficient` in this scope\n --> /tmp/tmpzo0rx_5v.rs:5:17\n  |\n5 |         sum += (binomial_coefficient(n, i) * binomial_coefficient(n, i + 1));\n  |                 ^^^^^^^^^^^^^^^^^^^^ not found in this scope\n\nerror[E0425]: cannot find function `binomial_coefficient` in this scope\n --> /tmp/tmpzo0rx_5v.rs:5:46\n  |\n5 |         sum += (binomial_coefficient(n, i) * binomial_coefficient(n, i + 1));\n  |                                              ^^^^^^^^^^^^^^^^^^^^ not found in this scope\n\nwarning: unnecessary parentheses around assigned value\n --> /tmp/tmpzo0rx_5v.rs:5:16\n  |\n5 |         sum += (binomial_coefficient(n, i) * binomial_coefficient(n, i + 1));\n  |                ^                                                           ^\n  |\n  = note: `#[warn(unused_parens)]` on by default\nhelp: remove these parentheses\n  |\n5 -         sum += (binomial_coefficient(n, i) * binomial_coefficient(n, i + 1));\n5 +         sum += binomial_coefficient(n, i) * binomial_coefficient(n, i + 1);\n  | \n\nerror: aborting due to 2 previous errors; 1 warning emitted\n\nFor more information about this error, try `rustc --explain E0425`.\n",
      "exit_code": 1,
      "status": "SyntaxError"
    },
    {
      "program": "/// Write a python function to find the sum of the product of consecutive binomial co-efficients.\nfn sum_Of_product(n: isize) -> isize {\n    let mut sum = 0;\n    for i in 0..n {\n        sum += binomial_coefficient(n, i) * binomial_coefficient(n, i + 1);\n    }\n    sum\n}\n\nfn main() {\n    let candidate = sum_Of_product;\n    assert_eq!(candidate(3), 15);\n    assert_eq!(candidate(4), 56);\n    assert_eq!(candidate(1), 1);\n}\n",
      "timestamp": 1665510313,
      "stdout": "",
      "stderr": "error[E0425]: cannot find function `binomial_coefficient` in this scope\n --> /tmp/tmpdnwbfh3o.rs:5:16\n  |\n5 |         sum += binomial_coefficient(n, i) * binomial_coefficient(n, i + 1);\n  |                ^^^^^^^^^^^^^^^^^^^^ not found in this scope\n\nerror[E0425]: cannot find function `binomial_coefficient` in this scope\n --> /tmp/tmpdnwbfh3o.rs:5:45\n  |\n5 |         sum += binomial_coefficient(n, i) * binomial_coefficient(n, i + 1);\n  |                                             ^^^^^^^^^^^^^^^^^^^^ not found in this scope\n\nerror: aborting due to 2 previous errors\n\nFor more information about this error, try `rustc --explain E0425`.\n",
      "exit_code": 1,
      "status": "SyntaxError"
    },
    {
      "program": "/// Write a python function to find the sum of the product of consecutive binomial co-efficients.\nfn sum_Of_product(n: isize) -> isize {\n    let mut sum = 0;\n    for i in 0..n {\n        sum += ncr(n, i) * ncr(n, i + 1);\n    }\n    sum\n}\n\nfn main() {\n    let candidate = sum_Of_product;\n    assert_eq!(candidate(3), 15);\n    assert_eq!(candidate(4), 56);\n    assert_eq!(candidate(1), 1);\n}\n",
      "timestamp": 1666123381,
      "stdout": "",
      "stderr": "error[E0425]: cannot find function `ncr` in this scope\n --> /tmp/tmpac2073a8.rs:5:16\n  |\n5 |         sum += ncr(n, i) * ncr(n, i + 1);\n  |                ^^^ not found in this scope\n\nerror[E0425]: cannot find function `ncr` in this scope\n --> /tmp/tmpac2073a8.rs:5:28\n  |\n5 |         sum += ncr(n, i) * ncr(n, i + 1);\n  |                            ^^^ not found in this scope\n\nerror: aborting due to 2 previous errors\n\nFor more information about this error, try `rustc --explain E0425`.\n",
      "exit_code": 1,
      "status": "SyntaxError"
    },
    {
      "program": "/// Write a python function to find the sum of the product of consecutive binomial co-efficients.\nfn sum_Of_product(n: isize) -> isize {\n    let mut sum = 0;\n    for i in 0..n {\n        for j in 0..i {\n            sum += binomial_coefficient(i, j);\n        }\n    }\n    sum\n}\n\nfn main() {\n    let candidate = sum_Of_product;\n    assert_eq!(candidate(3), 15);\n    assert_eq!(candidate(4), 56);\n    assert_eq!(candidate(1), 1);\n}\n",
      "timestamp": 1665510313,
      "stdout": "",
      "stderr": "error[E0425]: cannot find function `binomial_coefficient` in this scope\n --> /tmp/tmp4t312dxx.rs:6:20\n  |\n6 |             sum += binomial_coefficient(i, j);\n  |                    ^^^^^^^^^^^^^^^^^^^^ not found in this scope\n\nerror: aborting due to previous error\n\nFor more information about this error, try `rustc --explain E0425`.\n",
      "exit_code": 1,
      "status": "SyntaxError"
    },
    {
      "program": "/// Write a python function to find the sum of the product of consecutive binomial co-efficients.\nfn sum_Of_product(n: isize) -> isize {\n    let mut sum = 0;\n    for i in 0..n {\n        for j in 0..i {\n            sum += binomial_coefficient(i, j);\n        }\n    }\n    sum\n}\n\nfn main() {\n    let candidate = sum_Of_product;\n    assert_eq!(candidate(3), 15);\n    assert_eq!(candidate(4), 56);\n    assert_eq!(candidate(1), 1);\n}\n",
      "timestamp": 1665510313,
      "stdout": "",
      "stderr": "error[E0425]: cannot find function `binomial_coefficient` in this scope\n --> /tmp/tmp4t312dxx.rs:6:20\n  |\n6 |             sum += binomial_coefficient(i, j);\n  |                    ^^^^^^^^^^^^^^^^^^^^ not found in this scope\n\nerror: aborting due to previous error\n\nFor more information about this error, try `rustc --explain E0425`.\n",
      "exit_code": 1,
      "status": "SyntaxError"
    },
    {
      "program": "/// Write a python function to find the sum of the product of consecutive binomial co-efficients.\nfn sum_Of_product(n: isize) -> isize {\n    let mut sum = 0;\n    for i in 1..n {\n        sum += binomial_coefficient(n, i) * binomial_coefficient(n, i + 1);\n    }\n    sum\n}\n\nfn main() {\n    let candidate = sum_Of_product;\n    assert_eq!(candidate(3), 15);\n    assert_eq!(candidate(4), 56);\n    assert_eq!(candidate(1), 1);\n}\n",
      "timestamp": 1665510313,
      "stdout": "",
      "stderr": "error[E0425]: cannot find function `binomial_coefficient` in this scope\n --> /tmp/tmpqw70r5on.rs:5:16\n  |\n5 |         sum += binomial_coefficient(n, i) * binomial_coefficient(n, i + 1);\n  |                ^^^^^^^^^^^^^^^^^^^^ not found in this scope\n\nerror[E0425]: cannot find function `binomial_coefficient` in this scope\n --> /tmp/tmpqw70r5on.rs:5:45\n  |\n5 |         sum += binomial_coefficient(n, i) * binomial_coefficient(n, i + 1);\n  |                                             ^^^^^^^^^^^^^^^^^^^^ not found in this scope\n\nerror: aborting due to 2 previous errors\n\nFor more information about this error, try `rustc --explain E0425`.\n",
      "exit_code": 1,
      "status": "SyntaxError"
    },
    {
      "program": "/// Write a python function to find the sum of the product of consecutive binomial co-efficients.\nfn sum_Of_product(n: isize) -> isize {\n    let mut sum = 0;\n    for i in 1..n {\n        sum += (binomial_coefficient(n, i) * binomial_coefficient(n, i + 1));\n    }\n    sum\n}\n\nfn main() {\n    let candidate = sum_Of_product;\n    assert_eq!(candidate(3), 15);\n    assert_eq!(candidate(4), 56);\n    assert_eq!(candidate(1), 1);\n}\n",
      "timestamp": 1665510313,
      "stdout": "",
      "stderr": "error[E0425]: cannot find function `binomial_coefficient` in this scope\n --> /tmp/tmpedfpctl1.rs:5:17\n  |\n5 |         sum += (binomial_coefficient(n, i) * binomial_coefficient(n, i + 1));\n  |                 ^^^^^^^^^^^^^^^^^^^^ not found in this scope\n\nerror[E0425]: cannot find function `binomial_coefficient` in this scope\n --> /tmp/tmpedfpctl1.rs:5:46\n  |\n5 |         sum += (binomial_coefficient(n, i) * binomial_coefficient(n, i + 1));\n  |                                              ^^^^^^^^^^^^^^^^^^^^ not found in this scope\n\nwarning: unnecessary parentheses around assigned value\n --> /tmp/tmpedfpctl1.rs:5:16\n  |\n5 |         sum += (binomial_coefficient(n, i) * binomial_coefficient(n, i + 1));\n  |                ^                                                           ^\n  |\n  = note: `#[warn(unused_parens)]` on by default\nhelp: remove these parentheses\n  |\n5 -         sum += (binomial_coefficient(n, i) * binomial_coefficient(n, i + 1));\n5 +         sum += binomial_coefficient(n, i) * binomial_coefficient(n, i + 1);\n  | \n\nerror: aborting due to 2 previous errors; 1 warning emitted\n\nFor more information about this error, try `rustc --explain E0425`.\n",
      "exit_code": 1,
      "status": "SyntaxError"
    },
    {
      "program": "/// Write a python function to find the sum of the product of consecutive binomial co-efficients.\nfn sum_Of_product(n: isize) -> isize {\n    let mut sum = 0;\n    for i in 0..n {\n        for j in 0..n {\n            sum += binomial_coefficient(i, j);\n        }\n    }\n    sum\n}\n\nfn main() {\n    let candidate = sum_Of_product;\n    assert_eq!(candidate(3), 15);\n    assert_eq!(candidate(4), 56);\n    assert_eq!(candidate(1), 1);\n}\n",
      "timestamp": 1665510313,
      "stdout": "",
      "stderr": "error[E0425]: cannot find function `binomial_coefficient` in this scope\n --> /tmp/tmplcdyvdpv.rs:6:20\n  |\n6 |             sum += binomial_coefficient(i, j);\n  |                    ^^^^^^^^^^^^^^^^^^^^ not found in this scope\n\nerror: aborting due to previous error\n\nFor more information about this error, try `rustc --explain E0425`.\n",
      "exit_code": 1,
      "status": "SyntaxError"
    },
    {
      "program": "/// Write a python function to find the sum of the product of consecutive binomial co-efficients.\nfn sum_Of_product(n: isize) -> isize {\n    let mut sum = 0;\n    for i in 0..n {\n        for j in 0..n {\n            sum += binomial_coefficient(i, j);\n        }\n    }\n    sum\n}\n\nfn main() {\n    let candidate = sum_Of_product;\n    assert_eq!(candidate(3), 15);\n    assert_eq!(candidate(4), 56);\n    assert_eq!(candidate(1), 1);\n}\n",
      "timestamp": 1665510313,
      "stdout": "",
      "stderr": "error[E0425]: cannot find function `binomial_coefficient` in this scope\n --> /tmp/tmplcdyvdpv.rs:6:20\n  |\n6 |             sum += binomial_coefficient(i, j);\n  |                    ^^^^^^^^^^^^^^^^^^^^ not found in this scope\n\nerror: aborting due to previous error\n\nFor more information about this error, try `rustc --explain E0425`.\n",
      "exit_code": 1,
      "status": "SyntaxError"
    },
    {
      "program": "/// Write a python function to find the sum of the product of consecutive binomial co-efficients.\nfn sum_Of_product(n: isize) -> isize {\n    let mut sum = 0;\n    for i in 0..n {\n        sum += binomial_coefficient(n, i) * binomial_coefficient(n, i + 1);\n    }\n    sum\n}\n\nfn main() {\n    let candidate = sum_Of_product;\n    assert_eq!(candidate(3), 15);\n    assert_eq!(candidate(4), 56);\n    assert_eq!(candidate(1), 1);\n}\n",
      "timestamp": 1665510313,
      "stdout": "",
      "stderr": "error[E0425]: cannot find function `binomial_coefficient` in this scope\n --> /tmp/tmpdnwbfh3o.rs:5:16\n  |\n5 |         sum += binomial_coefficient(n, i) * binomial_coefficient(n, i + 1);\n  |                ^^^^^^^^^^^^^^^^^^^^ not found in this scope\n\nerror[E0425]: cannot find function `binomial_coefficient` in this scope\n --> /tmp/tmpdnwbfh3o.rs:5:45\n  |\n5 |         sum += binomial_coefficient(n, i) * binomial_coefficient(n, i + 1);\n  |                                             ^^^^^^^^^^^^^^^^^^^^ not found in this scope\n\nerror: aborting due to 2 previous errors\n\nFor more information about this error, try `rustc --explain E0425`.\n",
      "exit_code": 1,
      "status": "SyntaxError"
    },
    {
      "program": "/// Write a python function to find the sum of the product of consecutive binomial co-efficients.\nfn sum_Of_product(n: isize) -> isize {\n    let mut sum = 0;\n    for i in 1..n {\n        sum += binomial_coefficient(n, i) * binomial_coefficient(n, i + 1);\n    }\n    sum\n}\n\nfn main() {\n    let candidate = sum_Of_product;\n    assert_eq!(candidate(3), 15);\n    assert_eq!(candidate(4), 56);\n    assert_eq!(candidate(1), 1);\n}\n",
      "timestamp": 1665510313,
      "stdout": "",
      "stderr": "error[E0425]: cannot find function `binomial_coefficient` in this scope\n --> /tmp/tmpqw70r5on.rs:5:16\n  |\n5 |         sum += binomial_coefficient(n, i) * binomial_coefficient(n, i + 1);\n  |                ^^^^^^^^^^^^^^^^^^^^ not found in this scope\n\nerror[E0425]: cannot find function `binomial_coefficient` in this scope\n --> /tmp/tmpqw70r5on.rs:5:45\n  |\n5 |         sum += binomial_coefficient(n, i) * binomial_coefficient(n, i + 1);\n  |                                             ^^^^^^^^^^^^^^^^^^^^ not found in this scope\n\nerror: aborting due to 2 previous errors\n\nFor more information about this error, try `rustc --explain E0425`.\n",
      "exit_code": 1,
      "status": "SyntaxError"
    },
    {
      "program": "/// Write a python function to find the sum of the product of consecutive binomial co-efficients.\nfn sum_Of_product(n: isize) -> isize {\n    let mut sum = 0;\n    for i in 1..n {\n        sum += (binomial_coefficient(n, i) * binomial_coefficient(n, i + 1));\n    }\n    sum\n}\n\nfn main() {\n    let candidate = sum_Of_product;\n    assert_eq!(candidate(3), 15);\n    assert_eq!(candidate(4), 56);\n    assert_eq!(candidate(1), 1);\n}\n",
      "timestamp": 1665510313,
      "stdout": "",
      "stderr": "error[E0425]: cannot find function `binomial_coefficient` in this scope\n --> /tmp/tmpedfpctl1.rs:5:17\n  |\n5 |         sum += (binomial_coefficient(n, i) * binomial_coefficient(n, i + 1));\n  |                 ^^^^^^^^^^^^^^^^^^^^ not found in this scope\n\nerror[E0425]: cannot find function `binomial_coefficient` in this scope\n --> /tmp/tmpedfpctl1.rs:5:46\n  |\n5 |         sum += (binomial_coefficient(n, i) * binomial_coefficient(n, i + 1));\n  |                                              ^^^^^^^^^^^^^^^^^^^^ not found in this scope\n\nwarning: unnecessary parentheses around assigned value\n --> /tmp/tmpedfpctl1.rs:5:16\n  |\n5 |         sum += (binomial_coefficient(n, i) * binomial_coefficient(n, i + 1));\n  |                ^                                                           ^\n  |\n  = note: `#[warn(unused_parens)]` on by default\nhelp: remove these parentheses\n  |\n5 -         sum += (binomial_coefficient(n, i) * binomial_coefficient(n, i + 1));\n5 +         sum += binomial_coefficient(n, i) * binomial_coefficient(n, i + 1);\n  | \n\nerror: aborting due to 2 previous errors; 1 warning emitted\n\nFor more information about this error, try `rustc --explain E0425`.\n",
      "exit_code": 1,
      "status": "SyntaxError"
    },
    {
      "program": "/// Write a python function to find the sum of the product of consecutive binomial co-efficients.\nfn sum_Of_product(n: isize) -> isize {\n    let mut sum = 0;\n    for i in 0..n {\n        for j in 0..i {\n            sum += binomial_coefficient(i, j);\n        }\n    }\n    sum\n}\n\nfn main() {\n    let candidate = sum_Of_product;\n    assert_eq!(candidate(3), 15);\n    assert_eq!(candidate(4), 56);\n    assert_eq!(candidate(1), 1);\n}\n",
      "timestamp": 1665510313,
      "stdout": "",
      "stderr": "error[E0425]: cannot find function `binomial_coefficient` in this scope\n --> /tmp/tmp4t312dxx.rs:6:20\n  |\n6 |             sum += binomial_coefficient(i, j);\n  |                    ^^^^^^^^^^^^^^^^^^^^ not found in this scope\n\nerror: aborting due to previous error\n\nFor more information about this error, try `rustc --explain E0425`.\n",
      "exit_code": 1,
      "status": "SyntaxError"
    },
    {
      "program": "/// Write a python function to find the sum of the product of consecutive binomial co-efficients.\nfn sum_Of_product(n: isize) -> isize {\n    let mut sum = 0;\n    for i in 0..n {\n        sum += binomial_coefficient(n, i);\n    }\n    sum\n}\n\nfn main() {\n    let candidate = sum_Of_product;\n    assert_eq!(candidate(3), 15);\n    assert_eq!(candidate(4), 56);\n    assert_eq!(candidate(1), 1);\n}\n",
      "timestamp": 1666123381,
      "stdout": "",
      "stderr": "error[E0425]: cannot find function `binomial_coefficient` in this scope\n --> /tmp/tmp9vas0yk9.rs:5:16\n  |\n5 |         sum += binomial_coefficient(n, i);\n  |                ^^^^^^^^^^^^^^^^^^^^ not found in this scope\n\nerror: aborting due to previous error\n\nFor more information about this error, try `rustc --explain E0425`.\n",
      "exit_code": 1,
      "status": "SyntaxError"
    },
    {
      "program": "/// Write a python function to find the sum of the product of consecutive binomial co-efficients.\nfn sum_Of_product(n: isize) -> isize {\n    let mut sum = 0;\n    for i in 0..n {\n        sum += binomial_coefficient(n, i) * binomial_coefficient(n, i + 1);\n    }\n    sum\n}\n\nfn main() {\n    let candidate = sum_Of_product;\n    assert_eq!(candidate(3), 15);\n    assert_eq!(candidate(4), 56);\n    assert_eq!(candidate(1), 1);\n}\n",
      "timestamp": 1665510313,
      "stdout": "",
      "stderr": "error[E0425]: cannot find function `binomial_coefficient` in this scope\n --> /tmp/tmpdnwbfh3o.rs:5:16\n  |\n5 |         sum += binomial_coefficient(n, i) * binomial_coefficient(n, i + 1);\n  |                ^^^^^^^^^^^^^^^^^^^^ not found in this scope\n\nerror[E0425]: cannot find function `binomial_coefficient` in this scope\n --> /tmp/tmpdnwbfh3o.rs:5:45\n  |\n5 |         sum += binomial_coefficient(n, i) * binomial_coefficient(n, i + 1);\n  |                                             ^^^^^^^^^^^^^^^^^^^^ not found in this scope\n\nerror: aborting due to 2 previous errors\n\nFor more information about this error, try `rustc --explain E0425`.\n",
      "exit_code": 1,
      "status": "SyntaxError"
    },
    {
      "program": "/// Write a python function to find the sum of the product of consecutive binomial co-efficients.\nfn sum_Of_product(n: isize) -> isize {\n    let mut sum = 0;\n    for i in 0..n {\n        for j in 0..n {\n            sum += binomial_coefficient(i, j);\n        }\n    }\n    sum\n}\n\nfn main() {\n    let candidate = sum_Of_product;\n    assert_eq!(candidate(3), 15);\n    assert_eq!(candidate(4), 56);\n    assert_eq!(candidate(1), 1);\n}\n",
      "timestamp": 1665510313,
      "stdout": "",
      "stderr": "error[E0425]: cannot find function `binomial_coefficient` in this scope\n --> /tmp/tmplcdyvdpv.rs:6:20\n  |\n6 |             sum += binomial_coefficient(i, j);\n  |                    ^^^^^^^^^^^^^^^^^^^^ not found in this scope\n\nerror: aborting due to previous error\n\nFor more information about this error, try `rustc --explain E0425`.\n",
      "exit_code": 1,
      "status": "SyntaxError"
    },
    {
      "program": "/// Write a python function to find the sum of the product of consecutive binomial co-efficients.\nfn sum_Of_product(n: isize) -> isize {\n    let mut sum = 0;\n    for i in 0..n {\n        for j in 0..i {\n            sum += binomial_coefficient(i, j);\n        }\n    }\n    sum\n}\n\nfn main() {\n    let candidate = sum_Of_product;\n    assert_eq!(candidate(3), 15);\n    assert_eq!(candidate(4), 56);\n    assert_eq!(candidate(1), 1);\n}\n",
      "timestamp": 1665510313,
      "stdout": "",
      "stderr": "error[E0425]: cannot find function `binomial_coefficient` in this scope\n --> /tmp/tmp4t312dxx.rs:6:20\n  |\n6 |             sum += binomial_coefficient(i, j);\n  |                    ^^^^^^^^^^^^^^^^^^^^ not found in this scope\n\nerror: aborting due to previous error\n\nFor more information about this error, try `rustc --explain E0425`.\n",
      "exit_code": 1,
      "status": "SyntaxError"
    },
    {
      "program": "/// Write a python function to find the sum of the product of consecutive binomial co-efficients.\nfn sum_Of_product(n: isize) -> isize {\n    let mut sum = 0;\n    for i in 0..n {\n        for j in 0..i {\n            sum += binomial_coefficient(i, j);\n        }\n    }\n    sum\n}\n\nfn main() {\n    let candidate = sum_Of_product;\n    assert_eq!(candidate(3), 15);\n    assert_eq!(candidate(4), 56);\n    assert_eq!(candidate(1), 1);\n}\n",
      "timestamp": 1665510313,
      "stdout": "",
      "stderr": "error[E0425]: cannot find function `binomial_coefficient` in this scope\n --> /tmp/tmp4t312dxx.rs:6:20\n  |\n6 |             sum += binomial_coefficient(i, j);\n  |                    ^^^^^^^^^^^^^^^^^^^^ not found in this scope\n\nerror: aborting due to previous error\n\nFor more information about this error, try `rustc --explain E0425`.\n",
      "exit_code": 1,
      "status": "SyntaxError"
    },
    {
      "program": "/// Write a python function to find the sum of the product of consecutive binomial co-efficients.\nfn sum_Of_product(n: isize) -> isize {\n    let mut sum = 0;\n    for i in 0..n {\n        sum += binomial_coefficient(n, i) * binomial_coefficient(n, i + 1);\n    }\n    sum\n}\n\nfn main() {\n    let candidate = sum_Of_product;\n    assert_eq!(candidate(3), 15);\n    assert_eq!(candidate(4), 56);\n    assert_eq!(candidate(1), 1);\n}\n",
      "timestamp": 1665510313,
      "stdout": "",
      "stderr": "error[E0425]: cannot find function `binomial_coefficient` in this scope\n --> /tmp/tmpdnwbfh3o.rs:5:16\n  |\n5 |         sum += binomial_coefficient(n, i) * binomial_coefficient(n, i + 1);\n  |                ^^^^^^^^^^^^^^^^^^^^ not found in this scope\n\nerror[E0425]: cannot find function `binomial_coefficient` in this scope\n --> /tmp/tmpdnwbfh3o.rs:5:45\n  |\n5 |         sum += binomial_coefficient(n, i) * binomial_coefficient(n, i + 1);\n  |                                             ^^^^^^^^^^^^^^^^^^^^ not found in this scope\n\nerror: aborting due to 2 previous errors\n\nFor more information about this error, try `rustc --explain E0425`.\n",
      "exit_code": 1,
      "status": "SyntaxError"
    },
    {
      "program": "/// Write a python function to find the sum of the product of consecutive binomial co-efficients.\nfn sum_Of_product(n: isize) -> isize {\n    let mut sum = 0;\n    for i in 0..n {\n        sum += binomial_coefficient(n, i) * binomial_coefficient(n, i + 1);\n    }\n    sum\n}\n\nfn main() {\n    let candidate = sum_Of_product;\n    assert_eq!(candidate(3), 15);\n    assert_eq!(candidate(4), 56);\n    assert_eq!(candidate(1), 1);\n}\n",
      "timestamp": 1665510313,
      "stdout": "",
      "stderr": "error[E0425]: cannot find function `binomial_coefficient` in this scope\n --> /tmp/tmpdnwbfh3o.rs:5:16\n  |\n5 |         sum += binomial_coefficient(n, i) * binomial_coefficient(n, i + 1);\n  |                ^^^^^^^^^^^^^^^^^^^^ not found in this scope\n\nerror[E0425]: cannot find function `binomial_coefficient` in this scope\n --> /tmp/tmpdnwbfh3o.rs:5:45\n  |\n5 |         sum += binomial_coefficient(n, i) * binomial_coefficient(n, i + 1);\n  |                                             ^^^^^^^^^^^^^^^^^^^^ not found in this scope\n\nerror: aborting due to 2 previous errors\n\nFor more information about this error, try `rustc --explain E0425`.\n",
      "exit_code": 1,
      "status": "SyntaxError"
    },
    {
      "program": "/// Write a python function to find the sum of the product of consecutive binomial co-efficients.\nfn sum_Of_product(n: isize) -> isize {\n    let mut sum = 0;\n    for i in 1..n {\n        sum += (binomial_coefficient(n, i) * binomial_coefficient(n, i + 1));\n    }\n    sum\n}\n\nfn main() {\n    let candidate = sum_Of_product;\n    assert_eq!(candidate(3), 15);\n    assert_eq!(candidate(4), 56);\n    assert_eq!(candidate(1), 1);\n}\n",
      "timestamp": 1665510313,
      "stdout": "",
      "stderr": "error[E0425]: cannot find function `binomial_coefficient` in this scope\n --> /tmp/tmpedfpctl1.rs:5:17\n  |\n5 |         sum += (binomial_coefficient(n, i) * binomial_coefficient(n, i + 1));\n  |                 ^^^^^^^^^^^^^^^^^^^^ not found in this scope\n\nerror[E0425]: cannot find function `binomial_coefficient` in this scope\n --> /tmp/tmpedfpctl1.rs:5:46\n  |\n5 |         sum += (binomial_coefficient(n, i) * binomial_coefficient(n, i + 1));\n  |                                              ^^^^^^^^^^^^^^^^^^^^ not found in this scope\n\nwarning: unnecessary parentheses around assigned value\n --> /tmp/tmpedfpctl1.rs:5:16\n  |\n5 |         sum += (binomial_coefficient(n, i) * binomial_coefficient(n, i + 1));\n  |                ^                                                           ^\n  |\n  = note: `#[warn(unused_parens)]` on by default\nhelp: remove these parentheses\n  |\n5 -         sum += (binomial_coefficient(n, i) * binomial_coefficient(n, i + 1));\n5 +         sum += binomial_coefficient(n, i) * binomial_coefficient(n, i + 1);\n  | \n\nerror: aborting due to 2 previous errors; 1 warning emitted\n\nFor more information about this error, try `rustc --explain E0425`.\n",
      "exit_code": 1,
      "status": "SyntaxError"
    },
    {
      "program": "/// Write a python function to find the sum of the product of consecutive binomial co-efficients.\nfn sum_Of_product(n: isize) -> isize {\n    let mut sum = 0;\n    for i in 0..n {\n        for j in 0..n {\n            sum += binomial_coefficient(i, j);\n        }\n    }\n    sum\n}\n\nfn main() {\n    let candidate = sum_Of_product;\n    assert_eq!(candidate(3), 15);\n    assert_eq!(candidate(4), 56);\n    assert_eq!(candidate(1), 1);\n}\n",
      "timestamp": 1665510313,
      "stdout": "",
      "stderr": "error[E0425]: cannot find function `binomial_coefficient` in this scope\n --> /tmp/tmplcdyvdpv.rs:6:20\n  |\n6 |             sum += binomial_coefficient(i, j);\n  |                    ^^^^^^^^^^^^^^^^^^^^ not found in this scope\n\nerror: aborting due to previous error\n\nFor more information about this error, try `rustc --explain E0425`.\n",
      "exit_code": 1,
      "status": "SyntaxError"
    },
    {
      "program": "/// Write a python function to find the sum of the product of consecutive binomial co-efficients.\nfn sum_Of_product(n: isize) -> isize {\n    let mut sum = 0;\n    for i in 0..n {\n        sum += binomial_coefficient(n, i) * binomial_coefficient(n, i + 1);\n    }\n    sum\n}\n\nfn main() {\n    let candidate = sum_Of_product;\n    assert_eq!(candidate(3), 15);\n    assert_eq!(candidate(4), 56);\n    assert_eq!(candidate(1), 1);\n}\n",
      "timestamp": 1665510313,
      "stdout": "",
      "stderr": "error[E0425]: cannot find function `binomial_coefficient` in this scope\n --> /tmp/tmpdnwbfh3o.rs:5:16\n  |\n5 |         sum += binomial_coefficient(n, i) * binomial_coefficient(n, i + 1);\n  |                ^^^^^^^^^^^^^^^^^^^^ not found in this scope\n\nerror[E0425]: cannot find function `binomial_coefficient` in this scope\n --> /tmp/tmpdnwbfh3o.rs:5:45\n  |\n5 |         sum += binomial_coefficient(n, i) * binomial_coefficient(n, i + 1);\n  |                                             ^^^^^^^^^^^^^^^^^^^^ not found in this scope\n\nerror: aborting due to 2 previous errors\n\nFor more information about this error, try `rustc --explain E0425`.\n",
      "exit_code": 1,
      "status": "SyntaxError"
    },
    {
      "program": "/// Write a python function to find the sum of the product of consecutive binomial co-efficients.\nfn sum_Of_product(n: isize) -> isize {\n    let mut sum = 0;\n    for i in 0..n {\n        for j in 0..i {\n            sum += binomial_coefficient(i, j);\n        }\n    }\n    sum\n}\n\nfn main() {\n    let candidate = sum_Of_product;\n    assert_eq!(candidate(3), 15);\n    assert_eq!(candidate(4), 56);\n    assert_eq!(candidate(1), 1);\n}\n",
      "timestamp": 1665510313,
      "stdout": "",
      "stderr": "error[E0425]: cannot find function `binomial_coefficient` in this scope\n --> /tmp/tmp4t312dxx.rs:6:20\n  |\n6 |             sum += binomial_coefficient(i, j);\n  |                    ^^^^^^^^^^^^^^^^^^^^ not found in this scope\n\nerror: aborting due to previous error\n\nFor more information about this error, try `rustc --explain E0425`.\n",
      "exit_code": 1,
      "status": "SyntaxError"
    },
    {
      "program": "/// Write a python function to find the sum of the product of consecutive binomial co-efficients.\nfn sum_Of_product(n: isize) -> isize {\n    let mut sum = 0;\n    for i in 0..n {\n        sum += binomial_coefficient(n, i) * binomial_coefficient(n, i + 1);\n    }\n    sum\n}\n\nfn main() {\n    let candidate = sum_Of_product;\n    assert_eq!(candidate(3), 15);\n    assert_eq!(candidate(4), 56);\n    assert_eq!(candidate(1), 1);\n}\n",
      "timestamp": 1665510313,
      "stdout": "",
      "stderr": "error[E0425]: cannot find function `binomial_coefficient` in this scope\n --> /tmp/tmpdnwbfh3o.rs:5:16\n  |\n5 |         sum += binomial_coefficient(n, i) * binomial_coefficient(n, i + 1);\n  |                ^^^^^^^^^^^^^^^^^^^^ not found in this scope\n\nerror[E0425]: cannot find function `binomial_coefficient` in this scope\n --> /tmp/tmpdnwbfh3o.rs:5:45\n  |\n5 |         sum += binomial_coefficient(n, i) * binomial_coefficient(n, i + 1);\n  |                                             ^^^^^^^^^^^^^^^^^^^^ not found in this scope\n\nerror: aborting due to 2 previous errors\n\nFor more information about this error, try `rustc --explain E0425`.\n",
      "exit_code": 1,
      "status": "SyntaxError"
    },
    {
      "program": "/// Write a python function to find the sum of the product of consecutive binomial co-efficients.\nfn sum_Of_product(n: isize) -> isize {\n    let mut sum = 0;\n    for i in 0..n {\n        sum += binomial_coefficient(n, i);\n    }\n    sum\n}\n\nfn main() {\n    let candidate = sum_Of_product;\n    assert_eq!(candidate(3), 15);\n    assert_eq!(candidate(4), 56);\n    assert_eq!(candidate(1), 1);\n}\n",
      "timestamp": 1666123381,
      "stdout": "",
      "stderr": "error[E0425]: cannot find function `binomial_coefficient` in this scope\n --> /tmp/tmp9vas0yk9.rs:5:16\n  |\n5 |         sum += binomial_coefficient(n, i);\n  |                ^^^^^^^^^^^^^^^^^^^^ not found in this scope\n\nerror: aborting due to previous error\n\nFor more information about this error, try `rustc --explain E0425`.\n",
      "exit_code": 1,
      "status": "SyntaxError"
    },
    {
      "program": "/// Write a python function to find the sum of the product of consecutive binomial co-efficients.\nfn sum_Of_product(n: isize) -> isize {\n    let mut sum = 0;\n    for i in 0..n {\n        for j in 0..n {\n            sum += binomial_coefficient(i, j);\n        }\n    }\n    sum\n}\n\nfn main() {\n    let candidate = sum_Of_product;\n    assert_eq!(candidate(3), 15);\n    assert_eq!(candidate(4), 56);\n    assert_eq!(candidate(1), 1);\n}\n",
      "timestamp": 1665510313,
      "stdout": "",
      "stderr": "error[E0425]: cannot find function `binomial_coefficient` in this scope\n --> /tmp/tmplcdyvdpv.rs:6:20\n  |\n6 |             sum += binomial_coefficient(i, j);\n  |                    ^^^^^^^^^^^^^^^^^^^^ not found in this scope\n\nerror: aborting due to previous error\n\nFor more information about this error, try `rustc --explain E0425`.\n",
      "exit_code": 1,
      "status": "SyntaxError"
    },
    {
      "program": "/// Write a python function to find the sum of the product of consecutive binomial co-efficients.\nfn sum_Of_product(n: isize) -> isize {\n    let mut sum = 0;\n    for i in 0..n {\n        sum += binomial_coefficient(n, i) * binomial_coefficient(n, i + 1);\n    }\n    sum\n}\n\nfn main() {\n    let candidate = sum_Of_product;\n    assert_eq!(candidate(3), 15);\n    assert_eq!(candidate(4), 56);\n    assert_eq!(candidate(1), 1);\n}\n",
      "timestamp": 1665510313,
      "stdout": "",
      "stderr": "error[E0425]: cannot find function `binomial_coefficient` in this scope\n --> /tmp/tmpdnwbfh3o.rs:5:16\n  |\n5 |         sum += binomial_coefficient(n, i) * binomial_coefficient(n, i + 1);\n  |                ^^^^^^^^^^^^^^^^^^^^ not found in this scope\n\nerror[E0425]: cannot find function `binomial_coefficient` in this scope\n --> /tmp/tmpdnwbfh3o.rs:5:45\n  |\n5 |         sum += binomial_coefficient(n, i) * binomial_coefficient(n, i + 1);\n  |                                             ^^^^^^^^^^^^^^^^^^^^ not found in this scope\n\nerror: aborting due to 2 previous errors\n\nFor more information about this error, try `rustc --explain E0425`.\n",
      "exit_code": 1,
      "status": "SyntaxError"
    },
    {
      "program": "/// Write a python function to find the sum of the product of consecutive binomial co-efficients.\nfn sum_Of_product(n: isize) -> isize {\n    let mut sum = 0;\n    for i in 0..n {\n        sum += binomial_coefficient(n, i) * binomial_coefficient(n, i + 1);\n    }\n    sum\n}\n\nfn main() {\n    let candidate = sum_Of_product;\n    assert_eq!(candidate(3), 15);\n    assert_eq!(candidate(4), 56);\n    assert_eq!(candidate(1), 1);\n}\n",
      "timestamp": 1665510313,
      "stdout": "",
      "stderr": "error[E0425]: cannot find function `binomial_coefficient` in this scope\n --> /tmp/tmpdnwbfh3o.rs:5:16\n  |\n5 |         sum += binomial_coefficient(n, i) * binomial_coefficient(n, i + 1);\n  |                ^^^^^^^^^^^^^^^^^^^^ not found in this scope\n\nerror[E0425]: cannot find function `binomial_coefficient` in this scope\n --> /tmp/tmpdnwbfh3o.rs:5:45\n  |\n5 |         sum += binomial_coefficient(n, i) * binomial_coefficient(n, i + 1);\n  |                                             ^^^^^^^^^^^^^^^^^^^^ not found in this scope\n\nerror: aborting due to 2 previous errors\n\nFor more information about this error, try `rustc --explain E0425`.\n",
      "exit_code": 1,
      "status": "SyntaxError"
    },
    {
      "program": "/// Write a python function to find the sum of the product of consecutive binomial co-efficients.\nfn sum_Of_product(n: isize) -> isize {\n    let mut sum = 0;\n    for i in 0..n {\n        for j in i..n {\n            sum += binomial_coefficient(i, j);\n        }\n    }\n    sum\n}\n\nfn main() {\n    let candidate = sum_Of_product;\n    assert_eq!(candidate(3), 15);\n    assert_eq!(candidate(4), 56);\n    assert_eq!(candidate(1), 1);\n}\n",
      "timestamp": 1666123381,
      "stdout": "",
      "stderr": "error[E0425]: cannot find function `binomial_coefficient` in this scope\n --> /tmp/tmph9r9_rp1.rs:6:20\n  |\n6 |             sum += binomial_coefficient(i, j);\n  |                    ^^^^^^^^^^^^^^^^^^^^ not found in this scope\n\nerror: aborting due to previous error\n\nFor more information about this error, try `rustc --explain E0425`.\n",
      "exit_code": 1,
      "status": "SyntaxError"
    },
    {
      "program": "/// Write a python function to find the sum of the product of consecutive binomial co-efficients.\nfn sum_Of_product(n: isize) -> isize {\n    let mut sum = 0;\n    for i in 0..n {\n        sum += binomial_coefficient(n, i);\n    }\n    sum\n}\n\nfn main() {\n    let candidate = sum_Of_product;\n    assert_eq!(candidate(3), 15);\n    assert_eq!(candidate(4), 56);\n    assert_eq!(candidate(1), 1);\n}\n",
      "timestamp": 1666123381,
      "stdout": "",
      "stderr": "error[E0425]: cannot find function `binomial_coefficient` in this scope\n --> /tmp/tmp9vas0yk9.rs:5:16\n  |\n5 |         sum += binomial_coefficient(n, i);\n  |                ^^^^^^^^^^^^^^^^^^^^ not found in this scope\n\nerror: aborting due to previous error\n\nFor more information about this error, try `rustc --explain E0425`.\n",
      "exit_code": 1,
      "status": "SyntaxError"
    },
    {
      "program": "/// Write a python function to find the sum of the product of consecutive binomial co-efficients.\nfn sum_Of_product(n: isize) -> isize {\n    let mut sum = 0;\n    for i in 0..n {\n        sum += binomial_coefficient(n, i) * binomial_coefficient(n, i + 1);\n    }\n    sum\n}\n\nfn main() {\n    let candidate = sum_Of_product;\n    assert_eq!(candidate(3), 15);\n    assert_eq!(candidate(4), 56);\n    assert_eq!(candidate(1), 1);\n}\n",
      "timestamp": 1665510313,
      "stdout": "",
      "stderr": "error[E0425]: cannot find function `binomial_coefficient` in this scope\n --> /tmp/tmpdnwbfh3o.rs:5:16\n  |\n5 |         sum += binomial_coefficient(n, i) * binomial_coefficient(n, i + 1);\n  |                ^^^^^^^^^^^^^^^^^^^^ not found in this scope\n\nerror[E0425]: cannot find function `binomial_coefficient` in this scope\n --> /tmp/tmpdnwbfh3o.rs:5:45\n  |\n5 |         sum += binomial_coefficient(n, i) * binomial_coefficient(n, i + 1);\n  |                                             ^^^^^^^^^^^^^^^^^^^^ not found in this scope\n\nerror: aborting due to 2 previous errors\n\nFor more information about this error, try `rustc --explain E0425`.\n",
      "exit_code": 1,
      "status": "SyntaxError"
    },
    {
      "program": "/// Write a python function to find the sum of the product of consecutive binomial co-efficients.\nfn sum_Of_product(n: isize) -> isize {\n    let mut sum = 0;\n    for i in 1..n {\n        sum += binomial_coefficient(n, i) * binomial_coefficient(n, i + 1);\n    }\n    sum\n}\n\nfn main() {\n    let candidate = sum_Of_product;\n    assert_eq!(candidate(3), 15);\n    assert_eq!(candidate(4), 56);\n    assert_eq!(candidate(1), 1);\n}\n",
      "timestamp": 1665510313,
      "stdout": "",
      "stderr": "error[E0425]: cannot find function `binomial_coefficient` in this scope\n --> /tmp/tmpqw70r5on.rs:5:16\n  |\n5 |         sum += binomial_coefficient(n, i) * binomial_coefficient(n, i + 1);\n  |                ^^^^^^^^^^^^^^^^^^^^ not found in this scope\n\nerror[E0425]: cannot find function `binomial_coefficient` in this scope\n --> /tmp/tmpqw70r5on.rs:5:45\n  |\n5 |         sum += binomial_coefficient(n, i) * binomial_coefficient(n, i + 1);\n  |                                             ^^^^^^^^^^^^^^^^^^^^ not found in this scope\n\nerror: aborting due to 2 previous errors\n\nFor more information about this error, try `rustc --explain E0425`.\n",
      "exit_code": 1,
      "status": "SyntaxError"
    },
    {
      "program": "/// Write a python function to find the sum of the product of consecutive binomial co-efficients.\nfn sum_Of_product(n: isize) -> isize {\n    let mut sum = 0;\n    for i in 0..n {\n        sum += binomial_coefficient(n, i) * binomial_coefficient(n, i + 1);\n    }\n    sum\n}\n\nfn main() {\n    let candidate = sum_Of_product;\n    assert_eq!(candidate(3), 15);\n    assert_eq!(candidate(4), 56);\n    assert_eq!(candidate(1), 1);\n}\n",
      "timestamp": 1665510313,
      "stdout": "",
      "stderr": "error[E0425]: cannot find function `binomial_coefficient` in this scope\n --> /tmp/tmpdnwbfh3o.rs:5:16\n  |\n5 |         sum += binomial_coefficient(n, i) * binomial_coefficient(n, i + 1);\n  |                ^^^^^^^^^^^^^^^^^^^^ not found in this scope\n\nerror[E0425]: cannot find function `binomial_coefficient` in this scope\n --> /tmp/tmpdnwbfh3o.rs:5:45\n  |\n5 |         sum += binomial_coefficient(n, i) * binomial_coefficient(n, i + 1);\n  |                                             ^^^^^^^^^^^^^^^^^^^^ not found in this scope\n\nerror: aborting due to 2 previous errors\n\nFor more information about this error, try `rustc --explain E0425`.\n",
      "exit_code": 1,
      "status": "SyntaxError"
    },
    {
      "program": "/// Write a python function to find the sum of the product of consecutive binomial co-efficients.\nfn sum_Of_product(n: isize) -> isize {\n    let mut sum = 0;\n    for i in 0..n {\n        sum += binomial_coefficient(n, i) * binomial_coefficient(n, i + 1);\n    }\n    sum\n}\n\nfn main() {\n    let candidate = sum_Of_product;\n    assert_eq!(candidate(3), 15);\n    assert_eq!(candidate(4), 56);\n    assert_eq!(candidate(1), 1);\n}\n",
      "timestamp": 1665510313,
      "stdout": "",
      "stderr": "error[E0425]: cannot find function `binomial_coefficient` in this scope\n --> /tmp/tmpdnwbfh3o.rs:5:16\n  |\n5 |         sum += binomial_coefficient(n, i) * binomial_coefficient(n, i + 1);\n  |                ^^^^^^^^^^^^^^^^^^^^ not found in this scope\n\nerror[E0425]: cannot find function `binomial_coefficient` in this scope\n --> /tmp/tmpdnwbfh3o.rs:5:45\n  |\n5 |         sum += binomial_coefficient(n, i) * binomial_coefficient(n, i + 1);\n  |                                             ^^^^^^^^^^^^^^^^^^^^ not found in this scope\n\nerror: aborting due to 2 previous errors\n\nFor more information about this error, try `rustc --explain E0425`.\n",
      "exit_code": 1,
      "status": "SyntaxError"
    },
    {
      "program": "/// Write a python function to find the sum of the product of consecutive binomial co-efficients.\nfn sum_Of_product(n: isize) -> isize {\n    let mut sum = 0;\n    for i in 0..n {\n        sum += (binomial_coefficient(n, i) * binomial_coefficient(n, i + 1));\n    }\n    sum\n}\n\nfn main() {\n    let candidate = sum_Of_product;\n    assert_eq!(candidate(3), 15);\n    assert_eq!(candidate(4), 56);\n    assert_eq!(candidate(1), 1);\n}\n",
      "timestamp": 1665510313,
      "stdout": "",
      "stderr": "error[E0425]: cannot find function `binomial_coefficient` in this scope\n --> /tmp/tmpzo0rx_5v.rs:5:17\n  |\n5 |         sum += (binomial_coefficient(n, i) * binomial_coefficient(n, i + 1));\n  |                 ^^^^^^^^^^^^^^^^^^^^ not found in this scope\n\nerror[E0425]: cannot find function `binomial_coefficient` in this scope\n --> /tmp/tmpzo0rx_5v.rs:5:46\n  |\n5 |         sum += (binomial_coefficient(n, i) * binomial_coefficient(n, i + 1));\n  |                                              ^^^^^^^^^^^^^^^^^^^^ not found in this scope\n\nwarning: unnecessary parentheses around assigned value\n --> /tmp/tmpzo0rx_5v.rs:5:16\n  |\n5 |         sum += (binomial_coefficient(n, i) * binomial_coefficient(n, i + 1));\n  |                ^                                                           ^\n  |\n  = note: `#[warn(unused_parens)]` on by default\nhelp: remove these parentheses\n  |\n5 -         sum += (binomial_coefficient(n, i) * binomial_coefficient(n, i + 1));\n5 +         sum += binomial_coefficient(n, i) * binomial_coefficient(n, i + 1);\n  | \n\nerror: aborting due to 2 previous errors; 1 warning emitted\n\nFor more information about this error, try `rustc --explain E0425`.\n",
      "exit_code": 1,
      "status": "SyntaxError"
    },
    {
      "program": "/// Write a python function to find the sum of the product of consecutive binomial co-efficients.\nfn sum_Of_product(n: isize) -> isize {\n    let mut sum = 0;\n    for i in 0..n {\n        sum += binomial_coefficient(n, i) * binomial_coefficient(n, i + 1);\n    }\n    sum\n}\n\nfn main() {\n    let candidate = sum_Of_product;\n    assert_eq!(candidate(3), 15);\n    assert_eq!(candidate(4), 56);\n    assert_eq!(candidate(1), 1);\n}\n",
      "timestamp": 1665510313,
      "stdout": "",
      "stderr": "error[E0425]: cannot find function `binomial_coefficient` in this scope\n --> /tmp/tmpdnwbfh3o.rs:5:16\n  |\n5 |         sum += binomial_coefficient(n, i) * binomial_coefficient(n, i + 1);\n  |                ^^^^^^^^^^^^^^^^^^^^ not found in this scope\n\nerror[E0425]: cannot find function `binomial_coefficient` in this scope\n --> /tmp/tmpdnwbfh3o.rs:5:45\n  |\n5 |         sum += binomial_coefficient(n, i) * binomial_coefficient(n, i + 1);\n  |                                             ^^^^^^^^^^^^^^^^^^^^ not found in this scope\n\nerror: aborting due to 2 previous errors\n\nFor more information about this error, try `rustc --explain E0425`.\n",
      "exit_code": 1,
      "status": "SyntaxError"
    },
    {
      "program": "/// Write a python function to find the sum of the product of consecutive binomial co-efficients.\nfn sum_Of_product(n: isize) -> isize {\n    let mut sum = 0;\n    for i in 0..n {\n        for j in i..n {\n            sum += binomial_coefficient(j, i);\n        }\n    }\n    sum\n}\n\nfn main() {\n    let candidate = sum_Of_product;\n    assert_eq!(candidate(3), 15);\n    assert_eq!(candidate(4), 56);\n    assert_eq!(candidate(1), 1);\n}\n",
      "timestamp": 1666123381,
      "stdout": "",
      "stderr": "error[E0425]: cannot find function `binomial_coefficient` in this scope\n --> /tmp/tmpfvzk7scz.rs:6:20\n  |\n6 |             sum += binomial_coefficient(j, i);\n  |                    ^^^^^^^^^^^^^^^^^^^^ not found in this scope\n\nerror: aborting due to previous error\n\nFor more information about this error, try `rustc --explain E0425`.\n",
      "exit_code": 1,
      "status": "SyntaxError"
    },
    {
      "program": "/// Write a python function to find the sum of the product of consecutive binomial co-efficients.\nfn sum_Of_product(n: isize) -> isize {\n    let mut sum = 0;\n    for i in 0..n {\n        for j in 0..i {\n            sum += binomial_coefficient(i, j);\n        }\n    }\n    sum\n}\n\nfn main() {\n    let candidate = sum_Of_product;\n    assert_eq!(candidate(3), 15);\n    assert_eq!(candidate(4), 56);\n    assert_eq!(candidate(1), 1);\n}\n",
      "timestamp": 1665510313,
      "stdout": "",
      "stderr": "error[E0425]: cannot find function `binomial_coefficient` in this scope\n --> /tmp/tmp4t312dxx.rs:6:20\n  |\n6 |             sum += binomial_coefficient(i, j);\n  |                    ^^^^^^^^^^^^^^^^^^^^ not found in this scope\n\nerror: aborting due to previous error\n\nFor more information about this error, try `rustc --explain E0425`.\n",
      "exit_code": 1,
      "status": "SyntaxError"
    },
    {
      "program": "/// Write a python function to find the sum of the product of consecutive binomial co-efficients.\nfn sum_Of_product(n: isize) -> isize {\n    let mut sum = 0;\n    for i in 0..n {\n        sum += binomial_coefficient(n, i) * binomial_coefficient(n, i + 1);\n    }\n    sum\n}\n\nfn main() {\n    let candidate = sum_Of_product;\n    assert_eq!(candidate(3), 15);\n    assert_eq!(candidate(4), 56);\n    assert_eq!(candidate(1), 1);\n}\n",
      "timestamp": 1665510313,
      "stdout": "",
      "stderr": "error[E0425]: cannot find function `binomial_coefficient` in this scope\n --> /tmp/tmpdnwbfh3o.rs:5:16\n  |\n5 |         sum += binomial_coefficient(n, i) * binomial_coefficient(n, i + 1);\n  |                ^^^^^^^^^^^^^^^^^^^^ not found in this scope\n\nerror[E0425]: cannot find function `binomial_coefficient` in this scope\n --> /tmp/tmpdnwbfh3o.rs:5:45\n  |\n5 |         sum += binomial_coefficient(n, i) * binomial_coefficient(n, i + 1);\n  |                                             ^^^^^^^^^^^^^^^^^^^^ not found in this scope\n\nerror: aborting due to 2 previous errors\n\nFor more information about this error, try `rustc --explain E0425`.\n",
      "exit_code": 1,
      "status": "SyntaxError"
    },
    {
      "program": "/// Write a python function to find the sum of the product of consecutive binomial co-efficients.\nfn sum_Of_product(n: isize) -> isize {\n    let mut sum = 0;\n    for i in 0..n {\n        sum += (binomial_coefficient(n, i) * binomial_coefficient(n, i + 1));\n    }\n    sum\n}\n\nfn main() {\n    let candidate = sum_Of_product;\n    assert_eq!(candidate(3), 15);\n    assert_eq!(candidate(4), 56);\n    assert_eq!(candidate(1), 1);\n}\n",
      "timestamp": 1665510313,
      "stdout": "",
      "stderr": "error[E0425]: cannot find function `binomial_coefficient` in this scope\n --> /tmp/tmpzo0rx_5v.rs:5:17\n  |\n5 |         sum += (binomial_coefficient(n, i) * binomial_coefficient(n, i + 1));\n  |                 ^^^^^^^^^^^^^^^^^^^^ not found in this scope\n\nerror[E0425]: cannot find function `binomial_coefficient` in this scope\n --> /tmp/tmpzo0rx_5v.rs:5:46\n  |\n5 |         sum += (binomial_coefficient(n, i) * binomial_coefficient(n, i + 1));\n  |                                              ^^^^^^^^^^^^^^^^^^^^ not found in this scope\n\nwarning: unnecessary parentheses around assigned value\n --> /tmp/tmpzo0rx_5v.rs:5:16\n  |\n5 |         sum += (binomial_coefficient(n, i) * binomial_coefficient(n, i + 1));\n  |                ^                                                           ^\n  |\n  = note: `#[warn(unused_parens)]` on by default\nhelp: remove these parentheses\n  |\n5 -         sum += (binomial_coefficient(n, i) * binomial_coefficient(n, i + 1));\n5 +         sum += binomial_coefficient(n, i) * binomial_coefficient(n, i + 1);\n  | \n\nerror: aborting due to 2 previous errors; 1 warning emitted\n\nFor more information about this error, try `rustc --explain E0425`.\n",
      "exit_code": 1,
      "status": "SyntaxError"
    },
    {
      "program": "/// Write a python function to find the sum of the product of consecutive binomial co-efficients.\nfn sum_Of_product(n: isize) -> isize {\n    let mut sum = 0;\n    for i in 0..n {\n        for j in 0..i {\n            sum += binomial_coefficient(i, j);\n        }\n    }\n    sum\n}\n\nfn main() {\n    let candidate = sum_Of_product;\n    assert_eq!(candidate(3), 15);\n    assert_eq!(candidate(4), 56);\n    assert_eq!(candidate(1), 1);\n}\n",
      "timestamp": 1665510313,
      "stdout": "",
      "stderr": "error[E0425]: cannot find function `binomial_coefficient` in this scope\n --> /tmp/tmp4t312dxx.rs:6:20\n  |\n6 |             sum += binomial_coefficient(i, j);\n  |                    ^^^^^^^^^^^^^^^^^^^^ not found in this scope\n\nerror: aborting due to previous error\n\nFor more information about this error, try `rustc --explain E0425`.\n",
      "exit_code": 1,
      "status": "SyntaxError"
    },
    {
      "program": "/// Write a python function to find the sum of the product of consecutive binomial co-efficients.\nfn sum_Of_product(n: isize) -> isize {\n    let mut sum = 0;\n    for i in 0..n {\n        sum += binomial_coefficient(n, i) * binomial_coefficient(n, i + 1);\n    }\n    sum\n}\n\nfn main() {\n    let candidate = sum_Of_product;\n    assert_eq!(candidate(3), 15);\n    assert_eq!(candidate(4), 56);\n    assert_eq!(candidate(1), 1);\n}\n",
      "timestamp": 1665510313,
      "stdout": "",
      "stderr": "error[E0425]: cannot find function `binomial_coefficient` in this scope\n --> /tmp/tmpdnwbfh3o.rs:5:16\n  |\n5 |         sum += binomial_coefficient(n, i) * binomial_coefficient(n, i + 1);\n  |                ^^^^^^^^^^^^^^^^^^^^ not found in this scope\n\nerror[E0425]: cannot find function `binomial_coefficient` in this scope\n --> /tmp/tmpdnwbfh3o.rs:5:45\n  |\n5 |         sum += binomial_coefficient(n, i) * binomial_coefficient(n, i + 1);\n  |                                             ^^^^^^^^^^^^^^^^^^^^ not found in this scope\n\nerror: aborting due to 2 previous errors\n\nFor more information about this error, try `rustc --explain E0425`.\n",
      "exit_code": 1,
      "status": "SyntaxError"
    },
    {
      "program": "/// Write a python function to find the sum of the product of consecutive binomial co-efficients.\nfn sum_Of_product(n: isize) -> isize {\n    let mut sum = 0;\n    for i in 0..n {\n        sum += binomial_coefficient(n, i) * binomial_coefficient(n, i + 1);\n    }\n    sum\n}\n\nfn main() {\n    let candidate = sum_Of_product;\n    assert_eq!(candidate(3), 15);\n    assert_eq!(candidate(4), 56);\n    assert_eq!(candidate(1), 1);\n}\n",
      "timestamp": 1665510313,
      "stdout": "",
      "stderr": "error[E0425]: cannot find function `binomial_coefficient` in this scope\n --> /tmp/tmpdnwbfh3o.rs:5:16\n  |\n5 |         sum += binomial_coefficient(n, i) * binomial_coefficient(n, i + 1);\n  |                ^^^^^^^^^^^^^^^^^^^^ not found in this scope\n\nerror[E0425]: cannot find function `binomial_coefficient` in this scope\n --> /tmp/tmpdnwbfh3o.rs:5:45\n  |\n5 |         sum += binomial_coefficient(n, i) * binomial_coefficient(n, i + 1);\n  |                                             ^^^^^^^^^^^^^^^^^^^^ not found in this scope\n\nerror: aborting due to 2 previous errors\n\nFor more information about this error, try `rustc --explain E0425`.\n",
      "exit_code": 1,
      "status": "SyntaxError"
    },
    {
      "program": "/// Write a python function to find the sum of the product of consecutive binomial co-efficients.\nfn sum_Of_product(n: isize) -> isize {\n    let mut sum: isize = 0;\n    for i in 0..n {\n        for j in 0..n {\n            sum += binomial_coefficient(i, j);\n        }\n    }\n    sum\n}\n\nfn main() {\n    let candidate = sum_Of_product;\n    assert_eq!(candidate(3), 15);\n    assert_eq!(candidate(4), 56);\n    assert_eq!(candidate(1), 1);\n}\n",
      "timestamp": 1666123381,
      "stdout": "",
      "stderr": "error[E0425]: cannot find function `binomial_coefficient` in this scope\n --> /tmp/tmpcxi37czm.rs:6:20\n  |\n6 |             sum += binomial_coefficient(i, j);\n  |                    ^^^^^^^^^^^^^^^^^^^^ not found in this scope\n\nerror: aborting due to previous error\n\nFor more information about this error, try `rustc --explain E0425`.\n",
      "exit_code": 1,
      "status": "SyntaxError"
    },
    {
      "program": "/// Write a python function to find the sum of the product of consecutive binomial co-efficients.\nfn sum_Of_product(n: isize) -> isize {\n    let mut sum = 0;\n    for i in 0..n {\n        for j in 0..i {\n            sum += binomial_coefficient(i, j);\n        }\n    }\n    sum\n}\n\nfn main() {\n    let candidate = sum_Of_product;\n    assert_eq!(candidate(3), 15);\n    assert_eq!(candidate(4), 56);\n    assert_eq!(candidate(1), 1);\n}\n",
      "timestamp": 1665510313,
      "stdout": "",
      "stderr": "error[E0425]: cannot find function `binomial_coefficient` in this scope\n --> /tmp/tmp4t312dxx.rs:6:20\n  |\n6 |             sum += binomial_coefficient(i, j);\n  |                    ^^^^^^^^^^^^^^^^^^^^ not found in this scope\n\nerror: aborting due to previous error\n\nFor more information about this error, try `rustc --explain E0425`.\n",
      "exit_code": 1,
      "status": "SyntaxError"
    },
    {
      "program": "/// Write a python function to find the sum of the product of consecutive binomial co-efficients.\nfn sum_Of_product(n: isize) -> isize {\n    let mut sum = 0;\n    for i in 0..n {\n        for j in 0..i {\n            sum += binomial_coefficient(i, j);\n        }\n    }\n    sum\n}\n\nfn main() {\n    let candidate = sum_Of_product;\n    assert_eq!(candidate(3), 15);\n    assert_eq!(candidate(4), 56);\n    assert_eq!(candidate(1), 1);\n}\n",
      "timestamp": 1665510313,
      "stdout": "",
      "stderr": "error[E0425]: cannot find function `binomial_coefficient` in this scope\n --> /tmp/tmp4t312dxx.rs:6:20\n  |\n6 |             sum += binomial_coefficient(i, j);\n  |                    ^^^^^^^^^^^^^^^^^^^^ not found in this scope\n\nerror: aborting due to previous error\n\nFor more information about this error, try `rustc --explain E0425`.\n",
      "exit_code": 1,
      "status": "SyntaxError"
    },
    {
      "program": "/// Write a python function to find the sum of the product of consecutive binomial co-efficients.\nfn sum_Of_product(n: isize) -> isize {\n    let mut sum = 0;\n    for i in 0..n {\n        sum += (n - i) * (n - i + 1) / 2;\n    }\n    sum\n}\n\nfn main() {\n    let candidate = sum_Of_product;\n    assert_eq!(candidate(3), 15);\n    assert_eq!(candidate(4), 56);\n    assert_eq!(candidate(1), 1);\n}\n",
      "timestamp": 1666123381,
      "stdout": "",
      "stderr": "thread 'main' panicked at 'assertion failed: `(left == right)`\n  left: `10`,\n right: `15`', /tmp/tmp91r5167z.rs:12:5\nnote: run with `RUST_BACKTRACE=1` environment variable to display a backtrace\n",
      "exit_code": 101,
      "status": "Exception"
    },
    {
      "program": "/// Write a python function to find the sum of the product of consecutive binomial co-efficients.\nfn sum_Of_product(n: isize) -> isize {\n    let mut sum = 0;\n    for i in 1..n {\n        sum += (binomial_coefficient(n, i) * binomial_coefficient(n, i + 1)) as isize;\n    }\n    sum\n}\n\nfn main() {\n    let candidate = sum_Of_product;\n    assert_eq!(candidate(3), 15);\n    assert_eq!(candidate(4), 56);\n    assert_eq!(candidate(1), 1);\n}\n",
      "timestamp": 1666123381,
      "stdout": "",
      "stderr": "error[E0425]: cannot find function `binomial_coefficient` in this scope\n --> /tmp/tmpdg8jtm5n.rs:5:17\n  |\n5 |         sum += (binomial_coefficient(n, i) * binomial_coefficient(n, i + 1)) as isize;\n  |                 ^^^^^^^^^^^^^^^^^^^^ not found in this scope\n\nerror[E0425]: cannot find function `binomial_coefficient` in this scope\n --> /tmp/tmpdg8jtm5n.rs:5:46\n  |\n5 |         sum += (binomial_coefficient(n, i) * binomial_coefficient(n, i + 1)) as isize;\n  |                                              ^^^^^^^^^^^^^^^^^^^^ not found in this scope\n\nerror: aborting due to 2 previous errors\n\nFor more information about this error, try `rustc --explain E0425`.\n",
      "exit_code": 1,
      "status": "SyntaxError"
    },
    {
      "program": "/// Write a python function to find the sum of the product of consecutive binomial co-efficients.\nfn sum_Of_product(n: isize) -> isize {\n    let mut sum = 0;\n    for i in 0..n {\n        sum += (binomial(n, i) * binomial(n, i + 1));\n    }\n    sum\n}\n\nfn main() {\n    let candidate = sum_Of_product;\n    assert_eq!(candidate(3), 15);\n    assert_eq!(candidate(4), 56);\n    assert_eq!(candidate(1), 1);\n}\n",
      "timestamp": 1666123381,
      "stdout": "",
      "stderr": "error[E0425]: cannot find function `binomial` in this scope\n --> /tmp/tmp9g542ng2.rs:5:17\n  |\n5 |         sum += (binomial(n, i) * binomial(n, i + 1));\n  |                 ^^^^^^^^ not found in this scope\n\nerror[E0425]: cannot find function `binomial` in this scope\n --> /tmp/tmp9g542ng2.rs:5:34\n  |\n5 |         sum += (binomial(n, i) * binomial(n, i + 1));\n  |                                  ^^^^^^^^ not found in this scope\n\nwarning: unnecessary parentheses around assigned value\n --> /tmp/tmp9g542ng2.rs:5:16\n  |\n5 |         sum += (binomial(n, i) * binomial(n, i + 1));\n  |                ^                                   ^\n  |\n  = note: `#[warn(unused_parens)]` on by default\nhelp: remove these parentheses\n  |\n5 -         sum += (binomial(n, i) * binomial(n, i + 1));\n5 +         sum += binomial(n, i) * binomial(n, i + 1);\n  | \n\nerror: aborting due to 2 previous errors; 1 warning emitted\n\nFor more information about this error, try `rustc --explain E0425`.\n",
      "exit_code": 1,
      "status": "SyntaxError"
    },
    {
      "program": "/// Write a python function to find the sum of the product of consecutive binomial co-efficients.\nfn sum_Of_product(n: isize) -> isize {\n    let mut sum = 0;\n    for i in 0..n {\n        for j in 0..i {\n            sum += binomial_coefficient(i, j);\n        }\n    }\n    sum\n}\n\nfn main() {\n    let candidate = sum_Of_product;\n    assert_eq!(candidate(3), 15);\n    assert_eq!(candidate(4), 56);\n    assert_eq!(candidate(1), 1);\n}\n",
      "timestamp": 1665510313,
      "stdout": "",
      "stderr": "error[E0425]: cannot find function `binomial_coefficient` in this scope\n --> /tmp/tmp4t312dxx.rs:6:20\n  |\n6 |             sum += binomial_coefficient(i, j);\n  |                    ^^^^^^^^^^^^^^^^^^^^ not found in this scope\n\nerror: aborting due to previous error\n\nFor more information about this error, try `rustc --explain E0425`.\n",
      "exit_code": 1,
      "status": "SyntaxError"
    },
    {
      "program": "/// Write a python function to find the sum of the product of consecutive binomial co-efficients.\nfn sum_Of_product(n: isize) -> isize {\n    let mut sum = 0;\n    for i in 1..n {\n        sum += binomial_coefficient(n, i) * binomial_coefficient(n, i + 1);\n    }\n    sum\n}\n\nfn main() {\n    let candidate = sum_Of_product;\n    assert_eq!(candidate(3), 15);\n    assert_eq!(candidate(4), 56);\n    assert_eq!(candidate(1), 1);\n}\n",
      "timestamp": 1665510313,
      "stdout": "",
      "stderr": "error[E0425]: cannot find function `binomial_coefficient` in this scope\n --> /tmp/tmpqw70r5on.rs:5:16\n  |\n5 |         sum += binomial_coefficient(n, i) * binomial_coefficient(n, i + 1);\n  |                ^^^^^^^^^^^^^^^^^^^^ not found in this scope\n\nerror[E0425]: cannot find function `binomial_coefficient` in this scope\n --> /tmp/tmpqw70r5on.rs:5:45\n  |\n5 |         sum += binomial_coefficient(n, i) * binomial_coefficient(n, i + 1);\n  |                                             ^^^^^^^^^^^^^^^^^^^^ not found in this scope\n\nerror: aborting due to 2 previous errors\n\nFor more information about this error, try `rustc --explain E0425`.\n",
      "exit_code": 1,
      "status": "SyntaxError"
    },
    {
      "program": "/// Write a python function to find the sum of the product of consecutive binomial co-efficients.\nfn sum_Of_product(n: isize) -> isize {\n    let mut sum = 0;\n    for i in 0..n {\n        sum += binomial_coefficient(n, i);\n    }\n    sum\n}\n\nfn main() {\n    let candidate = sum_Of_product;\n    assert_eq!(candidate(3), 15);\n    assert_eq!(candidate(4), 56);\n    assert_eq!(candidate(1), 1);\n}\n",
      "timestamp": 1666123381,
      "stdout": "",
      "stderr": "error[E0425]: cannot find function `binomial_coefficient` in this scope\n --> /tmp/tmp9vas0yk9.rs:5:16\n  |\n5 |         sum += binomial_coefficient(n, i);\n  |                ^^^^^^^^^^^^^^^^^^^^ not found in this scope\n\nerror: aborting due to previous error\n\nFor more information about this error, try `rustc --explain E0425`.\n",
      "exit_code": 1,
      "status": "SyntaxError"
    },
    {
      "program": "/// Write a python function to find the sum of the product of consecutive binomial co-efficients.\nfn sum_Of_product(n: isize) -> isize {\n    let mut sum = 0;\n    for i in 0..n {\n        for j in 0..i {\n            sum += binomial_coefficient(i, j);\n        }\n    }\n    sum\n}\n\nfn main() {\n    let candidate = sum_Of_product;\n    assert_eq!(candidate(3), 15);\n    assert_eq!(candidate(4), 56);\n    assert_eq!(candidate(1), 1);\n}\n",
      "timestamp": 1665510313,
      "stdout": "",
      "stderr": "error[E0425]: cannot find function `binomial_coefficient` in this scope\n --> /tmp/tmp4t312dxx.rs:6:20\n  |\n6 |             sum += binomial_coefficient(i, j);\n  |                    ^^^^^^^^^^^^^^^^^^^^ not found in this scope\n\nerror: aborting due to previous error\n\nFor more information about this error, try `rustc --explain E0425`.\n",
      "exit_code": 1,
      "status": "SyntaxError"
    },
    {
      "program": "/// Write a python function to find the sum of the product of consecutive binomial co-efficients.\nfn sum_Of_product(n: isize) -> isize {\n    let mut sum = 0;\n    for i in 0..n {\n        sum += binomial_coefficient(n, i) * binomial_coefficient(n, i + 1);\n    }\n    sum\n}\n\nfn main() {\n    let candidate = sum_Of_product;\n    assert_eq!(candidate(3), 15);\n    assert_eq!(candidate(4), 56);\n    assert_eq!(candidate(1), 1);\n}\n",
      "timestamp": 1665510313,
      "stdout": "",
      "stderr": "error[E0425]: cannot find function `binomial_coefficient` in this scope\n --> /tmp/tmpdnwbfh3o.rs:5:16\n  |\n5 |         sum += binomial_coefficient(n, i) * binomial_coefficient(n, i + 1);\n  |                ^^^^^^^^^^^^^^^^^^^^ not found in this scope\n\nerror[E0425]: cannot find function `binomial_coefficient` in this scope\n --> /tmp/tmpdnwbfh3o.rs:5:45\n  |\n5 |         sum += binomial_coefficient(n, i) * binomial_coefficient(n, i + 1);\n  |                                             ^^^^^^^^^^^^^^^^^^^^ not found in this scope\n\nerror: aborting due to 2 previous errors\n\nFor more information about this error, try `rustc --explain E0425`.\n",
      "exit_code": 1,
      "status": "SyntaxError"
    },
    {
      "program": "/// Write a python function to find the sum of the product of consecutive binomial co-efficients.\nfn sum_Of_product(n: isize) -> isize {\n    let mut sum: isize = 0;\n    for i in 1..n {\n        sum += binomial_coefficient(n, i) * binomial_coefficient(n, i + 1);\n    }\n    return sum;\n}\n\nfn main() {\n    let candidate = sum_Of_product;\n    assert_eq!(candidate(3), 15);\n    assert_eq!(candidate(4), 56);\n    assert_eq!(candidate(1), 1);\n}\n",
      "timestamp": 1666123381,
      "stdout": "",
      "stderr": "error[E0425]: cannot find function `binomial_coefficient` in this scope\n --> /tmp/tmpri_utvld.rs:5:16\n  |\n5 |         sum += binomial_coefficient(n, i) * binomial_coefficient(n, i + 1);\n  |                ^^^^^^^^^^^^^^^^^^^^ not found in this scope\n\nerror[E0425]: cannot find function `binomial_coefficient` in this scope\n --> /tmp/tmpri_utvld.rs:5:45\n  |\n5 |         sum += binomial_coefficient(n, i) * binomial_coefficient(n, i + 1);\n  |                                             ^^^^^^^^^^^^^^^^^^^^ not found in this scope\n\nerror: aborting due to 2 previous errors\n\nFor more information about this error, try `rustc --explain E0425`.\n",
      "exit_code": 1,
      "status": "SyntaxError"
    },
    {
      "program": "/// Write a python function to find the sum of the product of consecutive binomial co-efficients.\nfn sum_Of_product(n: isize) -> isize {\n    let mut sum = 0;\n    for i in 1..n {\n        sum += binomial_coefficient(n, i) * binomial_coefficient(n, i + 1);\n    }\n    sum\n}\n\nfn main() {\n    let candidate = sum_Of_product;\n    assert_eq!(candidate(3), 15);\n    assert_eq!(candidate(4), 56);\n    assert_eq!(candidate(1), 1);\n}\n",
      "timestamp": 1665510313,
      "stdout": "",
      "stderr": "error[E0425]: cannot find function `binomial_coefficient` in this scope\n --> /tmp/tmpqw70r5on.rs:5:16\n  |\n5 |         sum += binomial_coefficient(n, i) * binomial_coefficient(n, i + 1);\n  |                ^^^^^^^^^^^^^^^^^^^^ not found in this scope\n\nerror[E0425]: cannot find function `binomial_coefficient` in this scope\n --> /tmp/tmpqw70r5on.rs:5:45\n  |\n5 |         sum += binomial_coefficient(n, i) * binomial_coefficient(n, i + 1);\n  |                                             ^^^^^^^^^^^^^^^^^^^^ not found in this scope\n\nerror: aborting due to 2 previous errors\n\nFor more information about this error, try `rustc --explain E0425`.\n",
      "exit_code": 1,
      "status": "SyntaxError"
    },
    {
      "program": "/// Write a python function to find the sum of the product of consecutive binomial co-efficients.\nfn sum_Of_product(n: isize) -> isize {\n    let mut sum = 0;\n    for i in 0..n {\n        sum += binomial_coefficient(n, i) * binomial_coefficient(n, i + 1);\n    }\n    sum\n}\n\nfn main() {\n    let candidate = sum_Of_product;\n    assert_eq!(candidate(3), 15);\n    assert_eq!(candidate(4), 56);\n    assert_eq!(candidate(1), 1);\n}\n",
      "timestamp": 1665510313,
      "stdout": "",
      "stderr": "error[E0425]: cannot find function `binomial_coefficient` in this scope\n --> /tmp/tmpdnwbfh3o.rs:5:16\n  |\n5 |         sum += binomial_coefficient(n, i) * binomial_coefficient(n, i + 1);\n  |                ^^^^^^^^^^^^^^^^^^^^ not found in this scope\n\nerror[E0425]: cannot find function `binomial_coefficient` in this scope\n --> /tmp/tmpdnwbfh3o.rs:5:45\n  |\n5 |         sum += binomial_coefficient(n, i) * binomial_coefficient(n, i + 1);\n  |                                             ^^^^^^^^^^^^^^^^^^^^ not found in this scope\n\nerror: aborting due to 2 previous errors\n\nFor more information about this error, try `rustc --explain E0425`.\n",
      "exit_code": 1,
      "status": "SyntaxError"
    },
    {
      "program": "/// Write a python function to find the sum of the product of consecutive binomial co-efficients.\nfn sum_Of_product(n: isize) -> isize {\n    let mut sum = 0;\n    for i in 0..n {\n        sum += (binomial_coefficient(n, i) * binomial_coefficient(n, i + 1));\n    }\n    sum\n}\n\nfn main() {\n    let candidate = sum_Of_product;\n    assert_eq!(candidate(3), 15);\n    assert_eq!(candidate(4), 56);\n    assert_eq!(candidate(1), 1);\n}\n",
      "timestamp": 1665510313,
      "stdout": "",
      "stderr": "error[E0425]: cannot find function `binomial_coefficient` in this scope\n --> /tmp/tmpzo0rx_5v.rs:5:17\n  |\n5 |         sum += (binomial_coefficient(n, i) * binomial_coefficient(n, i + 1));\n  |                 ^^^^^^^^^^^^^^^^^^^^ not found in this scope\n\nerror[E0425]: cannot find function `binomial_coefficient` in this scope\n --> /tmp/tmpzo0rx_5v.rs:5:46\n  |\n5 |         sum += (binomial_coefficient(n, i) * binomial_coefficient(n, i + 1));\n  |                                              ^^^^^^^^^^^^^^^^^^^^ not found in this scope\n\nwarning: unnecessary parentheses around assigned value\n --> /tmp/tmpzo0rx_5v.rs:5:16\n  |\n5 |         sum += (binomial_coefficient(n, i) * binomial_coefficient(n, i + 1));\n  |                ^                                                           ^\n  |\n  = note: `#[warn(unused_parens)]` on by default\nhelp: remove these parentheses\n  |\n5 -         sum += (binomial_coefficient(n, i) * binomial_coefficient(n, i + 1));\n5 +         sum += binomial_coefficient(n, i) * binomial_coefficient(n, i + 1);\n  | \n\nerror: aborting due to 2 previous errors; 1 warning emitted\n\nFor more information about this error, try `rustc --explain E0425`.\n",
      "exit_code": 1,
      "status": "SyntaxError"
    },
    {
      "program": "/// Write a python function to find the sum of the product of consecutive binomial co-efficients.\nfn sum_Of_product(n: isize) -> isize {\n    let mut sum = 0;\n    for i in 0..n {\n        sum += product(i);\n    }\n    sum\n}\n\nfn main() {\n    let candidate = sum_Of_product;\n    assert_eq!(candidate(3), 15);\n    assert_eq!(candidate(4), 56);\n    assert_eq!(candidate(1), 1);\n}\n",
      "timestamp": 1666123381,
      "stdout": "",
      "stderr": "error[E0425]: cannot find function `product` in this scope\n --> /tmp/tmp28nrznl8.rs:5:16\n  |\n5 |         sum += product(i);\n  |                ^^^^^^^ not found in this scope\n\nerror: aborting due to previous error\n\nFor more information about this error, try `rustc --explain E0425`.\n",
      "exit_code": 1,
      "status": "SyntaxError"
    },
    {
      "program": "/// Write a python function to find the sum of the product of consecutive binomial co-efficients.\nfn sum_Of_product(n: isize) -> isize {\n    let mut sum = 0;\n    for i in 0..n {\n        for j in 0..i {\n            sum += binomial_coefficient(i, j);\n        }\n    }\n    sum\n}\n\nfn main() {\n    let candidate = sum_Of_product;\n    assert_eq!(candidate(3), 15);\n    assert_eq!(candidate(4), 56);\n    assert_eq!(candidate(1), 1);\n}\n",
      "timestamp": 1665510313,
      "stdout": "",
      "stderr": "error[E0425]: cannot find function `binomial_coefficient` in this scope\n --> /tmp/tmp4t312dxx.rs:6:20\n  |\n6 |             sum += binomial_coefficient(i, j);\n  |                    ^^^^^^^^^^^^^^^^^^^^ not found in this scope\n\nerror: aborting due to previous error\n\nFor more information about this error, try `rustc --explain E0425`.\n",
      "exit_code": 1,
      "status": "SyntaxError"
    },
    {
      "program": "/// Write a python function to find the sum of the product of consecutive binomial co-efficients.\nfn sum_Of_product(n: isize) -> isize {\n    let mut sum = 0;\n    for i in 0..n {\n        for j in 0..n {\n            sum += binomial_coefficient(i, j);\n        }\n    }\n    sum\n}\n\nfn main() {\n    let candidate = sum_Of_product;\n    assert_eq!(candidate(3), 15);\n    assert_eq!(candidate(4), 56);\n    assert_eq!(candidate(1), 1);\n}\n",
      "timestamp": 1665510313,
      "stdout": "",
      "stderr": "error[E0425]: cannot find function `binomial_coefficient` in this scope\n --> /tmp/tmplcdyvdpv.rs:6:20\n  |\n6 |             sum += binomial_coefficient(i, j);\n  |                    ^^^^^^^^^^^^^^^^^^^^ not found in this scope\n\nerror: aborting due to previous error\n\nFor more information about this error, try `rustc --explain E0425`.\n",
      "exit_code": 1,
      "status": "SyntaxError"
    },
    {
      "program": "/// Write a python function to find the sum of the product of consecutive binomial co-efficients.\nfn sum_Of_product(n: isize) -> isize {\n    let mut sum = 0;\n    for i in 1..n {\n        sum += binomial_coefficient(n, i) * binomial_coefficient(n, i + 1);\n    }\n    sum\n}\n\nfn main() {\n    let candidate = sum_Of_product;\n    assert_eq!(candidate(3), 15);\n    assert_eq!(candidate(4), 56);\n    assert_eq!(candidate(1), 1);\n}\n",
      "timestamp": 1665510313,
      "stdout": "",
      "stderr": "error[E0425]: cannot find function `binomial_coefficient` in this scope\n --> /tmp/tmpqw70r5on.rs:5:16\n  |\n5 |         sum += binomial_coefficient(n, i) * binomial_coefficient(n, i + 1);\n  |                ^^^^^^^^^^^^^^^^^^^^ not found in this scope\n\nerror[E0425]: cannot find function `binomial_coefficient` in this scope\n --> /tmp/tmpqw70r5on.rs:5:45\n  |\n5 |         sum += binomial_coefficient(n, i) * binomial_coefficient(n, i + 1);\n  |                                             ^^^^^^^^^^^^^^^^^^^^ not found in this scope\n\nerror: aborting due to 2 previous errors\n\nFor more information about this error, try `rustc --explain E0425`.\n",
      "exit_code": 1,
      "status": "SyntaxError"
    },
    {
      "program": "/// Write a python function to find the sum of the product of consecutive binomial co-efficients.\nfn sum_Of_product(n: isize) -> isize {\n    let mut sum = 0;\n    for i in 0..n {\n        sum += (binomial_coefficient(n, i) * binomial_coefficient(n, i + 1));\n    }\n    sum\n}\n\nfn main() {\n    let candidate = sum_Of_product;\n    assert_eq!(candidate(3), 15);\n    assert_eq!(candidate(4), 56);\n    assert_eq!(candidate(1), 1);\n}\n",
      "timestamp": 1665510313,
      "stdout": "",
      "stderr": "error[E0425]: cannot find function `binomial_coefficient` in this scope\n --> /tmp/tmpzo0rx_5v.rs:5:17\n  |\n5 |         sum += (binomial_coefficient(n, i) * binomial_coefficient(n, i + 1));\n  |                 ^^^^^^^^^^^^^^^^^^^^ not found in this scope\n\nerror[E0425]: cannot find function `binomial_coefficient` in this scope\n --> /tmp/tmpzo0rx_5v.rs:5:46\n  |\n5 |         sum += (binomial_coefficient(n, i) * binomial_coefficient(n, i + 1));\n  |                                              ^^^^^^^^^^^^^^^^^^^^ not found in this scope\n\nwarning: unnecessary parentheses around assigned value\n --> /tmp/tmpzo0rx_5v.rs:5:16\n  |\n5 |         sum += (binomial_coefficient(n, i) * binomial_coefficient(n, i + 1));\n  |                ^                                                           ^\n  |\n  = note: `#[warn(unused_parens)]` on by default\nhelp: remove these parentheses\n  |\n5 -         sum += (binomial_coefficient(n, i) * binomial_coefficient(n, i + 1));\n5 +         sum += binomial_coefficient(n, i) * binomial_coefficient(n, i + 1);\n  | \n\nerror: aborting due to 2 previous errors; 1 warning emitted\n\nFor more information about this error, try `rustc --explain E0425`.\n",
      "exit_code": 1,
      "status": "SyntaxError"
    },
    {
      "program": "/// Write a python function to find the sum of the product of consecutive binomial co-efficients.\nfn sum_Of_product(n: isize) -> isize {\n    let mut sum = 0;\n    for i in 1..n {\n        sum += binomial_coefficient(n, i) * binomial_coefficient(n, i + 1);\n    }\n    sum\n}\n\nfn main() {\n    let candidate = sum_Of_product;\n    assert_eq!(candidate(3), 15);\n    assert_eq!(candidate(4), 56);\n    assert_eq!(candidate(1), 1);\n}\n",
      "timestamp": 1665510313,
      "stdout": "",
      "stderr": "error[E0425]: cannot find function `binomial_coefficient` in this scope\n --> /tmp/tmpqw70r5on.rs:5:16\n  |\n5 |         sum += binomial_coefficient(n, i) * binomial_coefficient(n, i + 1);\n  |                ^^^^^^^^^^^^^^^^^^^^ not found in this scope\n\nerror[E0425]: cannot find function `binomial_coefficient` in this scope\n --> /tmp/tmpqw70r5on.rs:5:45\n  |\n5 |         sum += binomial_coefficient(n, i) * binomial_coefficient(n, i + 1);\n  |                                             ^^^^^^^^^^^^^^^^^^^^ not found in this scope\n\nerror: aborting due to 2 previous errors\n\nFor more information about this error, try `rustc --explain E0425`.\n",
      "exit_code": 1,
      "status": "SyntaxError"
    },
    {
      "program": "/// Write a python function to find the sum of the product of consecutive binomial co-efficients.\nfn sum_Of_product(n: isize) -> isize {\n    let mut sum = 0;\n    for i in 0..n {\n        sum += binomial_coefficient(n, i);\n    }\n    sum\n}\n\nfn main() {\n    let candidate = sum_Of_product;\n    assert_eq!(candidate(3), 15);\n    assert_eq!(candidate(4), 56);\n    assert_eq!(candidate(1), 1);\n}\n",
      "timestamp": 1666123381,
      "stdout": "",
      "stderr": "error[E0425]: cannot find function `binomial_coefficient` in this scope\n --> /tmp/tmp9vas0yk9.rs:5:16\n  |\n5 |         sum += binomial_coefficient(n, i);\n  |                ^^^^^^^^^^^^^^^^^^^^ not found in this scope\n\nerror: aborting due to previous error\n\nFor more information about this error, try `rustc --explain E0425`.\n",
      "exit_code": 1,
      "status": "SyntaxError"
    },
    {
      "program": "/// Write a python function to find the sum of the product of consecutive binomial co-efficients.\nfn sum_Of_product(n: isize) -> isize {\n    let mut sum = 0;\n    for i in 0..n {\n        for j in 0..i {\n            sum += binomial_coefficient(i, j);\n        }\n    }\n    sum\n}\n\nfn main() {\n    let candidate = sum_Of_product;\n    assert_eq!(candidate(3), 15);\n    assert_eq!(candidate(4), 56);\n    assert_eq!(candidate(1), 1);\n}\n",
      "timestamp": 1665510313,
      "stdout": "",
      "stderr": "error[E0425]: cannot find function `binomial_coefficient` in this scope\n --> /tmp/tmp4t312dxx.rs:6:20\n  |\n6 |             sum += binomial_coefficient(i, j);\n  |                    ^^^^^^^^^^^^^^^^^^^^ not found in this scope\n\nerror: aborting due to previous error\n\nFor more information about this error, try `rustc --explain E0425`.\n",
      "exit_code": 1,
      "status": "SyntaxError"
    },
    {
      "program": "/// Write a python function to find the sum of the product of consecutive binomial co-efficients.\nfn sum_Of_product(n: isize) -> isize {\n    let mut sum = 0;\n    for i in 1..n {\n        sum += binomial_coefficient(n, i) * binomial_coefficient(n, i + 1);\n    }\n    sum\n}\n\nfn main() {\n    let candidate = sum_Of_product;\n    assert_eq!(candidate(3), 15);\n    assert_eq!(candidate(4), 56);\n    assert_eq!(candidate(1), 1);\n}\n",
      "timestamp": 1665510313,
      "stdout": "",
      "stderr": "error[E0425]: cannot find function `binomial_coefficient` in this scope\n --> /tmp/tmpqw70r5on.rs:5:16\n  |\n5 |         sum += binomial_coefficient(n, i) * binomial_coefficient(n, i + 1);\n  |                ^^^^^^^^^^^^^^^^^^^^ not found in this scope\n\nerror[E0425]: cannot find function `binomial_coefficient` in this scope\n --> /tmp/tmpqw70r5on.rs:5:45\n  |\n5 |         sum += binomial_coefficient(n, i) * binomial_coefficient(n, i + 1);\n  |                                             ^^^^^^^^^^^^^^^^^^^^ not found in this scope\n\nerror: aborting due to 2 previous errors\n\nFor more information about this error, try `rustc --explain E0425`.\n",
      "exit_code": 1,
      "status": "SyntaxError"
    },
    {
      "program": "/// Write a python function to find the sum of the product of consecutive binomial co-efficients.\nfn sum_Of_product(n: isize) -> isize {\n    let mut sum = 0;\n    for i in 0..n {\n        for j in 0..i {\n            sum += binomial_coefficient(i, j);\n        }\n    }\n    sum\n}\n\nfn main() {\n    let candidate = sum_Of_product;\n    assert_eq!(candidate(3), 15);\n    assert_eq!(candidate(4), 56);\n    assert_eq!(candidate(1), 1);\n}\n",
      "timestamp": 1665510313,
      "stdout": "",
      "stderr": "error[E0425]: cannot find function `binomial_coefficient` in this scope\n --> /tmp/tmp4t312dxx.rs:6:20\n  |\n6 |             sum += binomial_coefficient(i, j);\n  |                    ^^^^^^^^^^^^^^^^^^^^ not found in this scope\n\nerror: aborting due to previous error\n\nFor more information about this error, try `rustc --explain E0425`.\n",
      "exit_code": 1,
      "status": "SyntaxError"
    },
    {
      "program": "/// Write a python function to find the sum of the product of consecutive binomial co-efficients.\nfn sum_Of_product(n: isize) -> isize {\n    let mut sum = 0;\n    for i in 0..n {\n        sum += (n - i) * (n - i);\n    }\n    sum\n}\n\nfn main() {\n    let candidate = sum_Of_product;\n    assert_eq!(candidate(3), 15);\n    assert_eq!(candidate(4), 56);\n    assert_eq!(candidate(1), 1);\n}\n",
      "timestamp": 1666123381,
      "stdout": "",
      "stderr": "thread 'main' panicked at 'assertion failed: `(left == right)`\n  left: `14`,\n right: `15`', /tmp/tmpw1c2xwua.rs:12:5\nnote: run with `RUST_BACKTRACE=1` environment variable to display a backtrace\n",
      "exit_code": 101,
      "status": "Exception"
    },
    {
      "program": "/// Write a python function to find the sum of the product of consecutive binomial co-efficients.\nfn sum_Of_product(n: isize) -> isize {\n    let mut sum = 0;\n    for i in 0..n {\n        sum += (binomial_coefficient(n, i) * binomial_coefficient(n, i + 1));\n    }\n    sum\n}\n\nfn main() {\n    let candidate = sum_Of_product;\n    assert_eq!(candidate(3), 15);\n    assert_eq!(candidate(4), 56);\n    assert_eq!(candidate(1), 1);\n}\n",
      "timestamp": 1665510313,
      "stdout": "",
      "stderr": "error[E0425]: cannot find function `binomial_coefficient` in this scope\n --> /tmp/tmpzo0rx_5v.rs:5:17\n  |\n5 |         sum += (binomial_coefficient(n, i) * binomial_coefficient(n, i + 1));\n  |                 ^^^^^^^^^^^^^^^^^^^^ not found in this scope\n\nerror[E0425]: cannot find function `binomial_coefficient` in this scope\n --> /tmp/tmpzo0rx_5v.rs:5:46\n  |\n5 |         sum += (binomial_coefficient(n, i) * binomial_coefficient(n, i + 1));\n  |                                              ^^^^^^^^^^^^^^^^^^^^ not found in this scope\n\nwarning: unnecessary parentheses around assigned value\n --> /tmp/tmpzo0rx_5v.rs:5:16\n  |\n5 |         sum += (binomial_coefficient(n, i) * binomial_coefficient(n, i + 1));\n  |                ^                                                           ^\n  |\n  = note: `#[warn(unused_parens)]` on by default\nhelp: remove these parentheses\n  |\n5 -         sum += (binomial_coefficient(n, i) * binomial_coefficient(n, i + 1));\n5 +         sum += binomial_coefficient(n, i) * binomial_coefficient(n, i + 1);\n  | \n\nerror: aborting due to 2 previous errors; 1 warning emitted\n\nFor more information about this error, try `rustc --explain E0425`.\n",
      "exit_code": 1,
      "status": "SyntaxError"
    },
    {
      "program": "/// Write a python function to find the sum of the product of consecutive binomial co-efficients.\nfn sum_Of_product(n: isize) -> isize {\n    let mut sum = 0;\n    for i in 0..n {\n        sum += (factorial(n) / (factorial(i) * factorial(n - i))) * (factorial(n) / (factorial(i) * factorial(n - i)));\n    }\n    sum\n}\n\nfn main() {\n    let candidate = sum_Of_product;\n    assert_eq!(candidate(3), 15);\n    assert_eq!(candidate(4), 56);\n    assert_eq!(candidate(1), 1);\n}\n",
      "timestamp": 1666123381,
      "stdout": "",
      "stderr": "error[E0425]: cannot find function `factorial` in this scope\n --> /tmp/tmpocqdv8ts.rs:5:17\n  |\n5 |         sum += (factorial(n) / (factorial(i) * factorial(n - i))) * (factorial(n) / (factorial(i) * factorial(n - i)));\n  |                 ^^^^^^^^^ not found in this scope\n\nerror[E0425]: cannot find function `factorial` in this scope\n --> /tmp/tmpocqdv8ts.rs:5:33\n  |\n5 |         sum += (factorial(n) / (factorial(i) * factorial(n - i))) * (factorial(n) / (factorial(i) * factorial(n - i)));\n  |                                 ^^^^^^^^^ not found in this scope\n\nerror[E0425]: cannot find function `factorial` in this scope\n --> /tmp/tmpocqdv8ts.rs:5:48\n  |\n5 |         sum += (factorial(n) / (factorial(i) * factorial(n - i))) * (factorial(n) / (factorial(i) * factorial(n - i)));\n  |                                                ^^^^^^^^^ not found in this scope\n\nerror[E0425]: cannot find function `factorial` in this scope\n --> /tmp/tmpocqdv8ts.rs:5:70\n  |\n5 |         sum += (factorial(n) / (factorial(i) * factorial(n - i))) * (factorial(n) / (factorial(i) * factorial(n - i)));\n  |                                                                      ^^^^^^^^^ not found in this scope\n\nerror[E0425]: cannot find function `factorial` in this scope\n --> /tmp/tmpocqdv8ts.rs:5:86\n  |\n5 |         sum += (factorial(n) / (factorial(i) * factorial(n - i))) * (factorial(n) / (factorial(i) * factorial(n - i)));\n  |                                                                                      ^^^^^^^^^ not found in this scope\n\nerror[E0425]: cannot find function `factorial` in this scope\n --> /tmp/tmpocqdv8ts.rs:5:101\n  |\n5 |         sum += (factorial(n) / (factorial(i) * factorial(n - i))) * (factorial(n) / (factorial(i) * factorial(n - i)));\n  |                                                                                                     ^^^^^^^^^ not found in this scope\n\nerror: aborting due to 6 previous errors\n\nFor more information about this error, try `rustc --explain E0425`.\n",
      "exit_code": 1,
      "status": "SyntaxError"
    },
    {
      "program": "/// Write a python function to find the sum of the product of consecutive binomial co-efficients.\nfn sum_Of_product(n: isize) -> isize {\n    let mut sum = 0;\n    for i in 1..n {\n        sum += binomial_coefficient(n, i) * binomial_coefficient(n, i + 1);\n    }\n    sum\n}\n\nfn main() {\n    let candidate = sum_Of_product;\n    assert_eq!(candidate(3), 15);\n    assert_eq!(candidate(4), 56);\n    assert_eq!(candidate(1), 1);\n}\n",
      "timestamp": 1665510313,
      "stdout": "",
      "stderr": "error[E0425]: cannot find function `binomial_coefficient` in this scope\n --> /tmp/tmpqw70r5on.rs:5:16\n  |\n5 |         sum += binomial_coefficient(n, i) * binomial_coefficient(n, i + 1);\n  |                ^^^^^^^^^^^^^^^^^^^^ not found in this scope\n\nerror[E0425]: cannot find function `binomial_coefficient` in this scope\n --> /tmp/tmpqw70r5on.rs:5:45\n  |\n5 |         sum += binomial_coefficient(n, i) * binomial_coefficient(n, i + 1);\n  |                                             ^^^^^^^^^^^^^^^^^^^^ not found in this scope\n\nerror: aborting due to 2 previous errors\n\nFor more information about this error, try `rustc --explain E0425`.\n",
      "exit_code": 1,
      "status": "SyntaxError"
    },
    {
      "program": "/// Write a python function to find the sum of the product of consecutive binomial co-efficients.\nfn sum_Of_product(n: isize) -> isize {\n    let mut sum = 0;\n    for i in 0..n {\n        sum += binomial_coefficient(n, i) * binomial_coefficient(n, i + 1);\n    }\n    sum\n}\n\nfn main() {\n    let candidate = sum_Of_product;\n    assert_eq!(candidate(3), 15);\n    assert_eq!(candidate(4), 56);\n    assert_eq!(candidate(1), 1);\n}\n",
      "timestamp": 1665510313,
      "stdout": "",
      "stderr": "error[E0425]: cannot find function `binomial_coefficient` in this scope\n --> /tmp/tmpdnwbfh3o.rs:5:16\n  |\n5 |         sum += binomial_coefficient(n, i) * binomial_coefficient(n, i + 1);\n  |                ^^^^^^^^^^^^^^^^^^^^ not found in this scope\n\nerror[E0425]: cannot find function `binomial_coefficient` in this scope\n --> /tmp/tmpdnwbfh3o.rs:5:45\n  |\n5 |         sum += binomial_coefficient(n, i) * binomial_coefficient(n, i + 1);\n  |                                             ^^^^^^^^^^^^^^^^^^^^ not found in this scope\n\nerror: aborting due to 2 previous errors\n\nFor more information about this error, try `rustc --explain E0425`.\n",
      "exit_code": 1,
      "status": "SyntaxError"
    },
    {
      "program": "/// Write a python function to find the sum of the product of consecutive binomial co-efficients.\nfn sum_Of_product(n: isize) -> isize {\n    let mut sum = 0;\n    for i in 0..n {\n        sum += binomial_coefficient(n, i) * binomial_coefficient(n, i + 1);\n    }\n    sum\n}\n\nfn main() {\n    let candidate = sum_Of_product;\n    assert_eq!(candidate(3), 15);\n    assert_eq!(candidate(4), 56);\n    assert_eq!(candidate(1), 1);\n}\n",
      "timestamp": 1665510313,
      "stdout": "",
      "stderr": "error[E0425]: cannot find function `binomial_coefficient` in this scope\n --> /tmp/tmpdnwbfh3o.rs:5:16\n  |\n5 |         sum += binomial_coefficient(n, i) * binomial_coefficient(n, i + 1);\n  |                ^^^^^^^^^^^^^^^^^^^^ not found in this scope\n\nerror[E0425]: cannot find function `binomial_coefficient` in this scope\n --> /tmp/tmpdnwbfh3o.rs:5:45\n  |\n5 |         sum += binomial_coefficient(n, i) * binomial_coefficient(n, i + 1);\n  |                                             ^^^^^^^^^^^^^^^^^^^^ not found in this scope\n\nerror: aborting due to 2 previous errors\n\nFor more information about this error, try `rustc --explain E0425`.\n",
      "exit_code": 1,
      "status": "SyntaxError"
    },
    {
      "program": "/// Write a python function to find the sum of the product of consecutive binomial co-efficients.\nfn sum_Of_product(n: isize) -> isize {\n    let mut sum = 0;\n    for i in 0..n {\n        sum += binomial_coefficient(n, i) * binomial_coefficient(n, i + 1);\n    }\n    sum\n}\n\nfn main() {\n    let candidate = sum_Of_product;\n    assert_eq!(candidate(3), 15);\n    assert_eq!(candidate(4), 56);\n    assert_eq!(candidate(1), 1);\n}\n",
      "timestamp": 1665510313,
      "stdout": "",
      "stderr": "error[E0425]: cannot find function `binomial_coefficient` in this scope\n --> /tmp/tmpdnwbfh3o.rs:5:16\n  |\n5 |         sum += binomial_coefficient(n, i) * binomial_coefficient(n, i + 1);\n  |                ^^^^^^^^^^^^^^^^^^^^ not found in this scope\n\nerror[E0425]: cannot find function `binomial_coefficient` in this scope\n --> /tmp/tmpdnwbfh3o.rs:5:45\n  |\n5 |         sum += binomial_coefficient(n, i) * binomial_coefficient(n, i + 1);\n  |                                             ^^^^^^^^^^^^^^^^^^^^ not found in this scope\n\nerror: aborting due to 2 previous errors\n\nFor more information about this error, try `rustc --explain E0425`.\n",
      "exit_code": 1,
      "status": "SyntaxError"
    },
    {
      "program": "/// Write a python function to find the sum of the product of consecutive binomial co-efficients.\nfn sum_Of_product(n: isize) -> isize {\n    let mut sum = 0;\n    for i in 0..n {\n        sum += binomial_coefficient(n, i) * binomial_coefficient(n, i + 1);\n    }\n    sum\n}\n\nfn main() {\n    let candidate = sum_Of_product;\n    assert_eq!(candidate(3), 15);\n    assert_eq!(candidate(4), 56);\n    assert_eq!(candidate(1), 1);\n}\n",
      "timestamp": 1665510313,
      "stdout": "",
      "stderr": "error[E0425]: cannot find function `binomial_coefficient` in this scope\n --> /tmp/tmpdnwbfh3o.rs:5:16\n  |\n5 |         sum += binomial_coefficient(n, i) * binomial_coefficient(n, i + 1);\n  |                ^^^^^^^^^^^^^^^^^^^^ not found in this scope\n\nerror[E0425]: cannot find function `binomial_coefficient` in this scope\n --> /tmp/tmpdnwbfh3o.rs:5:45\n  |\n5 |         sum += binomial_coefficient(n, i) * binomial_coefficient(n, i + 1);\n  |                                             ^^^^^^^^^^^^^^^^^^^^ not found in this scope\n\nerror: aborting due to 2 previous errors\n\nFor more information about this error, try `rustc --explain E0425`.\n",
      "exit_code": 1,
      "status": "SyntaxError"
    },
    {
      "program": "/// Write a python function to find the sum of the product of consecutive binomial co-efficients.\nfn sum_Of_product(n: isize) -> isize {\n    let mut sum = 0;\n    for i in 0..n {\n        sum += binomial_coefficient(n, i);\n    }\n    sum\n}\n\nfn main() {\n    let candidate = sum_Of_product;\n    assert_eq!(candidate(3), 15);\n    assert_eq!(candidate(4), 56);\n    assert_eq!(candidate(1), 1);\n}\n",
      "timestamp": 1666123381,
      "stdout": "",
      "stderr": "error[E0425]: cannot find function `binomial_coefficient` in this scope\n --> /tmp/tmp9vas0yk9.rs:5:16\n  |\n5 |         sum += binomial_coefficient(n, i);\n  |                ^^^^^^^^^^^^^^^^^^^^ not found in this scope\n\nerror: aborting due to previous error\n\nFor more information about this error, try `rustc --explain E0425`.\n",
      "exit_code": 1,
      "status": "SyntaxError"
    },
    {
      "program": "/// Write a python function to find the sum of the product of consecutive binomial co-efficients.\nfn sum_Of_product(n: isize) -> isize {\n    let mut sum = 0;\n    for i in 0..n {\n        sum += (factorial(n) / (factorial(i) * factorial(n - i))) * (factorial(n) / (factorial(i + 1) * factorial(n - i - 1)));\n    }\n    sum\n}\n\nfn main() {\n    let candidate = sum_Of_product;\n    assert_eq!(candidate(3), 15);\n    assert_eq!(candidate(4), 56);\n    assert_eq!(candidate(1), 1);\n}\n",
      "timestamp": 1666123381,
      "stdout": "",
      "stderr": "error[E0425]: cannot find function `factorial` in this scope\n --> /tmp/tmp9t6dvnke.rs:5:17\n  |\n5 |         sum += (factorial(n) / (factorial(i) * factorial(n - i))) * (factorial(n) / (factorial(i + 1) * factorial(n - i - 1)));\n  |                 ^^^^^^^^^ not found in this scope\n\nerror[E0425]: cannot find function `factorial` in this scope\n --> /tmp/tmp9t6dvnke.rs:5:33\n  |\n5 |         sum += (factorial(n) / (factorial(i) * factorial(n - i))) * (factorial(n) / (factorial(i + 1) * factorial(n - i - 1)));\n  |                                 ^^^^^^^^^ not found in this scope\n\nerror[E0425]: cannot find function `factorial` in this scope\n --> /tmp/tmp9t6dvnke.rs:5:48\n  |\n5 |         sum += (factorial(n) / (factorial(i) * factorial(n - i))) * (factorial(n) / (factorial(i + 1) * factorial(n - i - 1)));\n  |                                                ^^^^^^^^^ not found in this scope\n\nerror[E0425]: cannot find function `factorial` in this scope\n --> /tmp/tmp9t6dvnke.rs:5:70\n  |\n5 |         sum += (factorial(n) / (factorial(i) * factorial(n - i))) * (factorial(n) / (factorial(i + 1) * factorial(n - i - 1)));\n  |                                                                      ^^^^^^^^^ not found in this scope\n\nerror[E0425]: cannot find function `factorial` in this scope\n --> /tmp/tmp9t6dvnke.rs:5:86\n  |\n5 |         sum += (factorial(n) / (factorial(i) * factorial(n - i))) * (factorial(n) / (factorial(i + 1) * factorial(n - i - 1)));\n  |                                                                                      ^^^^^^^^^ not found in this scope\n\nerror[E0425]: cannot find function `factorial` in this scope\n --> /tmp/tmp9t6dvnke.rs:5:105\n  |\n5 |         sum += (factorial(n) / (factorial(i) * factorial(n - i))) * (factorial(n) / (factorial(i + 1) * factorial(n - i - 1)));\n  |                                                                                                         ^^^^^^^^^ not found in this scope\n\nerror: aborting due to 6 previous errors\n\nFor more information about this error, try `rustc --expl",
      "exit_code": 1,
      "status": "SyntaxError"
    },
    {
      "program": "/// Write a python function to find the sum of the product of consecutive binomial co-efficients.\nfn sum_Of_product(n: isize) -> isize {\n    let mut sum = 0;\n    for i in 0..n {\n        for j in 0..i {\n            sum += binomial_coefficient(i, j);\n        }\n    }\n    sum\n}\n\nfn main() {\n    let candidate = sum_Of_product;\n    assert_eq!(candidate(3), 15);\n    assert_eq!(candidate(4), 56);\n    assert_eq!(candidate(1), 1);\n}\n",
      "timestamp": 1665510313,
      "stdout": "",
      "stderr": "error[E0425]: cannot find function `binomial_coefficient` in this scope\n --> /tmp/tmp4t312dxx.rs:6:20\n  |\n6 |             sum += binomial_coefficient(i, j);\n  |                    ^^^^^^^^^^^^^^^^^^^^ not found in this scope\n\nerror: aborting due to previous error\n\nFor more information about this error, try `rustc --explain E0425`.\n",
      "exit_code": 1,
      "status": "SyntaxError"
    },
    {
      "program": "/// Write a python function to find the sum of the product of consecutive binomial co-efficients.\nfn sum_Of_product(n: isize) -> isize {\n    let mut sum = 0;\n    for i in 0..n {\n        sum += binomial_coefficient(n, i);\n    }\n    sum\n}\n\nfn main() {\n    let candidate = sum_Of_product;\n    assert_eq!(candidate(3), 15);\n    assert_eq!(candidate(4), 56);\n    assert_eq!(candidate(1), 1);\n}\n",
      "timestamp": 1666123381,
      "stdout": "",
      "stderr": "error[E0425]: cannot find function `binomial_coefficient` in this scope\n --> /tmp/tmp9vas0yk9.rs:5:16\n  |\n5 |         sum += binomial_coefficient(n, i);\n  |                ^^^^^^^^^^^^^^^^^^^^ not found in this scope\n\nerror: aborting due to previous error\n\nFor more information about this error, try `rustc --explain E0425`.\n",
      "exit_code": 1,
      "status": "SyntaxError"
    },
    {
      "program": "/// Write a python function to find the sum of the product of consecutive binomial co-efficients.\nfn sum_Of_product(n: isize) -> isize {\n    let mut sum = 0;\n    for i in 0..n {\n        for j in 0..i {\n            sum += binomial_coefficient(i, j);\n        }\n    }\n    sum\n}\n\nfn main() {\n    let candidate = sum_Of_product;\n    assert_eq!(candidate(3), 15);\n    assert_eq!(candidate(4), 56);\n    assert_eq!(candidate(1), 1);\n}\n",
      "timestamp": 1665510313,
      "stdout": "",
      "stderr": "error[E0425]: cannot find function `binomial_coefficient` in this scope\n --> /tmp/tmp4t312dxx.rs:6:20\n  |\n6 |             sum += binomial_coefficient(i, j);\n  |                    ^^^^^^^^^^^^^^^^^^^^ not found in this scope\n\nerror: aborting due to previous error\n\nFor more information about this error, try `rustc --explain E0425`.\n",
      "exit_code": 1,
      "status": "SyntaxError"
    },
    {
      "program": "/// Write a python function to find the sum of the product of consecutive binomial co-efficients.\nfn sum_Of_product(n: isize) -> isize {\n    let mut sum = 0;\n    for i in 0..n {\n        for j in 0..i {\n            sum += binomial_coefficient(i, j);\n        }\n    }\n    sum\n}\n\nfn main() {\n    let candidate = sum_Of_product;\n    assert_eq!(candidate(3), 15);\n    assert_eq!(candidate(4), 56);\n    assert_eq!(candidate(1), 1);\n}\n",
      "timestamp": 1665510313,
      "stdout": "",
      "stderr": "error[E0425]: cannot find function `binomial_coefficient` in this scope\n --> /tmp/tmp4t312dxx.rs:6:20\n  |\n6 |             sum += binomial_coefficient(i, j);\n  |                    ^^^^^^^^^^^^^^^^^^^^ not found in this scope\n\nerror: aborting due to previous error\n\nFor more information about this error, try `rustc --explain E0425`.\n",
      "exit_code": 1,
      "status": "SyntaxError"
    },
    {
      "program": "/// Write a python function to find the sum of the product of consecutive binomial co-efficients.\nfn sum_Of_product(n: isize) -> isize {\n    let mut sum = 0;\n    for i in 0..n {\n        sum += (binomial_coefficient(n, i) * binomial_coefficient(n, i + 1));\n    }\n    sum\n}\n\nfn main() {\n    let candidate = sum_Of_product;\n    assert_eq!(candidate(3), 15);\n    assert_eq!(candidate(4), 56);\n    assert_eq!(candidate(1), 1);\n}\n",
      "timestamp": 1665510313,
      "stdout": "",
      "stderr": "error[E0425]: cannot find function `binomial_coefficient` in this scope\n --> /tmp/tmpzo0rx_5v.rs:5:17\n  |\n5 |         sum += (binomial_coefficient(n, i) * binomial_coefficient(n, i + 1));\n  |                 ^^^^^^^^^^^^^^^^^^^^ not found in this scope\n\nerror[E0425]: cannot find function `binomial_coefficient` in this scope\n --> /tmp/tmpzo0rx_5v.rs:5:46\n  |\n5 |         sum += (binomial_coefficient(n, i) * binomial_coefficient(n, i + 1));\n  |                                              ^^^^^^^^^^^^^^^^^^^^ not found in this scope\n\nwarning: unnecessary parentheses around assigned value\n --> /tmp/tmpzo0rx_5v.rs:5:16\n  |\n5 |         sum += (binomial_coefficient(n, i) * binomial_coefficient(n, i + 1));\n  |                ^                                                           ^\n  |\n  = note: `#[warn(unused_parens)]` on by default\nhelp: remove these parentheses\n  |\n5 -         sum += (binomial_coefficient(n, i) * binomial_coefficient(n, i + 1));\n5 +         sum += binomial_coefficient(n, i) * binomial_coefficient(n, i + 1);\n  | \n\nerror: aborting due to 2 previous errors; 1 warning emitted\n\nFor more information about this error, try `rustc --explain E0425`.\n",
      "exit_code": 1,
      "status": "SyntaxError"
    },
    {
      "program": "/// Write a python function to find the sum of the product of consecutive binomial co-efficients.\nfn sum_Of_product(n: isize) -> isize {\n    let mut sum = 0;\n    for i in 0..n {\n        sum += binomial_coefficient(n, i) * binomial_coefficient(n, i + 1);\n    }\n    sum\n}\n\nfn main() {\n    let candidate = sum_Of_product;\n    assert_eq!(candidate(3), 15);\n    assert_eq!(candidate(4), 56);\n    assert_eq!(candidate(1), 1);\n}\n",
      "timestamp": 1665510313,
      "stdout": "",
      "stderr": "error[E0425]: cannot find function `binomial_coefficient` in this scope\n --> /tmp/tmpdnwbfh3o.rs:5:16\n  |\n5 |         sum += binomial_coefficient(n, i) * binomial_coefficient(n, i + 1);\n  |                ^^^^^^^^^^^^^^^^^^^^ not found in this scope\n\nerror[E0425]: cannot find function `binomial_coefficient` in this scope\n --> /tmp/tmpdnwbfh3o.rs:5:45\n  |\n5 |         sum += binomial_coefficient(n, i) * binomial_coefficient(n, i + 1);\n  |                                             ^^^^^^^^^^^^^^^^^^^^ not found in this scope\n\nerror: aborting due to 2 previous errors\n\nFor more information about this error, try `rustc --explain E0425`.\n",
      "exit_code": 1,
      "status": "SyntaxError"
    },
    {
      "program": "/// Write a python function to find the sum of the product of consecutive binomial co-efficients.\nfn sum_Of_product(n: isize) -> isize {\n    let mut sum = 0;\n    for i in 0..n {\n        sum += binomial_coefficient(n, i) * binomial_coefficient(n, i + 1);\n    }\n    sum\n}\n\nfn main() {\n    let candidate = sum_Of_product;\n    assert_eq!(candidate(3), 15);\n    assert_eq!(candidate(4), 56);\n    assert_eq!(candidate(1), 1);\n}\n",
      "timestamp": 1665510313,
      "stdout": "",
      "stderr": "error[E0425]: cannot find function `binomial_coefficient` in this scope\n --> /tmp/tmpdnwbfh3o.rs:5:16\n  |\n5 |         sum += binomial_coefficient(n, i) * binomial_coefficient(n, i + 1);\n  |                ^^^^^^^^^^^^^^^^^^^^ not found in this scope\n\nerror[E0425]: cannot find function `binomial_coefficient` in this scope\n --> /tmp/tmpdnwbfh3o.rs:5:45\n  |\n5 |         sum += binomial_coefficient(n, i) * binomial_coefficient(n, i + 1);\n  |                                             ^^^^^^^^^^^^^^^^^^^^ not found in this scope\n\nerror: aborting due to 2 previous errors\n\nFor more information about this error, try `rustc --explain E0425`.\n",
      "exit_code": 1,
      "status": "SyntaxError"
    },
    {
      "program": "/// Write a python function to find the sum of the product of consecutive binomial co-efficients.\nfn sum_Of_product(n: isize) -> isize {\n    let mut sum = 0;\n    for i in 0..n {\n        for j in 0..i {\n            sum += binomial_coefficient(i, j) * binomial_coefficient(i, j + 1);\n        }\n    }\n    sum\n}\n\nfn main() {\n    let candidate = sum_Of_product;\n    assert_eq!(candidate(3), 15);\n    assert_eq!(candidate(4), 56);\n    assert_eq!(candidate(1), 1);\n}\n",
      "timestamp": 1666123381,
      "stdout": "",
      "stderr": "error[E0425]: cannot find function `binomial_coefficient` in this scope\n --> /tmp/tmpwxga_g2w.rs:6:20\n  |\n6 |             sum += binomial_coefficient(i, j) * binomial_coefficient(i, j + 1);\n  |                    ^^^^^^^^^^^^^^^^^^^^ not found in this scope\n\nerror[E0425]: cannot find function `binomial_coefficient` in this scope\n --> /tmp/tmpwxga_g2w.rs:6:49\n  |\n6 |             sum += binomial_coefficient(i, j) * binomial_coefficient(i, j + 1);\n  |                                                 ^^^^^^^^^^^^^^^^^^^^ not found in this scope\n\nerror: aborting due to 2 previous errors\n\nFor more information about this error, try `rustc --explain E0425`.\n",
      "exit_code": 1,
      "status": "SyntaxError"
    },
    {
      "program": "/// Write a python function to find the sum of the product of consecutive binomial co-efficients.\nfn sum_Of_product(n: isize) -> isize {\n    let mut sum = 0;\n    for i in 0..n {\n        for j in 0..i {\n            sum += (n - i) * (n - j);\n        }\n    }\n    sum\n}\n\nfn main() {\n    let candidate = sum_Of_product;\n    assert_eq!(candidate(3), 15);\n    assert_eq!(candidate(4), 56);\n    assert_eq!(candidate(1), 1);\n}\n",
      "timestamp": 1666123381,
      "stdout": "",
      "stderr": "thread 'main' panicked at 'assertion failed: `(left == right)`\n  left: `11`,\n right: `15`', /tmp/tmpkusab90y.rs:14:5\nnote: run with `RUST_BACKTRACE=1` environment variable to display a backtrace\n",
      "exit_code": 101,
      "status": "Exception"
    },
    {
      "program": "/// Write a python function to find the sum of the product of consecutive binomial co-efficients.\nfn sum_Of_product(n: isize) -> isize {\n    let mut sum = 0;\n    for i in 1..n {\n        sum += binomial_coefficient(n, i) * binomial_coefficient(n, i + 1);\n    }\n    sum\n}\n\nfn main() {\n    let candidate = sum_Of_product;\n    assert_eq!(candidate(3), 15);\n    assert_eq!(candidate(4), 56);\n    assert_eq!(candidate(1), 1);\n}\n",
      "timestamp": 1665510313,
      "stdout": "",
      "stderr": "error[E0425]: cannot find function `binomial_coefficient` in this scope\n --> /tmp/tmpqw70r5on.rs:5:16\n  |\n5 |         sum += binomial_coefficient(n, i) * binomial_coefficient(n, i + 1);\n  |                ^^^^^^^^^^^^^^^^^^^^ not found in this scope\n\nerror[E0425]: cannot find function `binomial_coefficient` in this scope\n --> /tmp/tmpqw70r5on.rs:5:45\n  |\n5 |         sum += binomial_coefficient(n, i) * binomial_coefficient(n, i + 1);\n  |                                             ^^^^^^^^^^^^^^^^^^^^ not found in this scope\n\nerror: aborting due to 2 previous errors\n\nFor more information about this error, try `rustc --explain E0425`.\n",
      "exit_code": 1,
      "status": "SyntaxError"
    },
    {
      "program": "/// Write a python function to find the sum of the product of consecutive binomial co-efficients.\nfn sum_Of_product(n: isize) -> isize {\n    let mut sum = 0;\n    for i in 0..n {\n        for j in 0..i {\n            sum += binomial_coefficient(i, j);\n        }\n    }\n    sum\n}\n\nfn main() {\n    let candidate = sum_Of_product;\n    assert_eq!(candidate(3), 15);\n    assert_eq!(candidate(4), 56);\n    assert_eq!(candidate(1), 1);\n}\n",
      "timestamp": 1665510313,
      "stdout": "",
      "stderr": "error[E0425]: cannot find function `binomial_coefficient` in this scope\n --> /tmp/tmp4t312dxx.rs:6:20\n  |\n6 |             sum += binomial_coefficient(i, j);\n  |                    ^^^^^^^^^^^^^^^^^^^^ not found in this scope\n\nerror: aborting due to previous error\n\nFor more information about this error, try `rustc --explain E0425`.\n",
      "exit_code": 1,
      "status": "SyntaxError"
    },
    {
      "program": "/// Write a python function to find the sum of the product of consecutive binomial co-efficients.\nfn sum_Of_product(n: isize) -> isize {\n    let mut sum = 0;\n    for i in 0..n {\n        sum += binomial_coefficient(n, i);\n    }\n    sum\n}\n\nfn main() {\n    let candidate = sum_Of_product;\n    assert_eq!(candidate(3), 15);\n    assert_eq!(candidate(4), 56);\n    assert_eq!(candidate(1), 1);\n}\n",
      "timestamp": 1666123381,
      "stdout": "",
      "stderr": "error[E0425]: cannot find function `binomial_coefficient` in this scope\n --> /tmp/tmp9vas0yk9.rs:5:16\n  |\n5 |         sum += binomial_coefficient(n, i);\n  |                ^^^^^^^^^^^^^^^^^^^^ not found in this scope\n\nerror: aborting due to previous error\n\nFor more information about this error, try `rustc --explain E0425`.\n",
      "exit_code": 1,
      "status": "SyntaxError"
    },
    {
      "program": "/// Write a python function to find the sum of the product of consecutive binomial co-efficients.\nfn sum_Of_product(n: isize) -> isize {\n    let mut sum = 0;\n    for i in 0..n {\n        for j in 0..i {\n            sum += binomial_coefficient(i, j);\n        }\n    }\n    sum\n}\n\nfn main() {\n    let candidate = sum_Of_product;\n    assert_eq!(candidate(3), 15);\n    assert_eq!(candidate(4), 56);\n    assert_eq!(candidate(1), 1);\n}\n",
      "timestamp": 1665510313,
      "stdout": "",
      "stderr": "error[E0425]: cannot find function `binomial_coefficient` in this scope\n --> /tmp/tmp4t312dxx.rs:6:20\n  |\n6 |             sum += binomial_coefficient(i, j);\n  |                    ^^^^^^^^^^^^^^^^^^^^ not found in this scope\n\nerror: aborting due to previous error\n\nFor more information about this error, try `rustc --explain E0425`.\n",
      "exit_code": 1,
      "status": "SyntaxError"
    },
    {
      "program": "/// Write a python function to find the sum of the product of consecutive binomial co-efficients.\nfn sum_Of_product(n: isize) -> isize {\n    let mut sum = 0;\n    for i in 0..n {\n        sum += binomial_coefficient(n, i) * binomial_coefficient(n, i + 1);\n    }\n    sum\n}\n\nfn main() {\n    let candidate = sum_Of_product;\n    assert_eq!(candidate(3), 15);\n    assert_eq!(candidate(4), 56);\n    assert_eq!(candidate(1), 1);\n}\n",
      "timestamp": 1665510313,
      "stdout": "",
      "stderr": "error[E0425]: cannot find function `binomial_coefficient` in this scope\n --> /tmp/tmpdnwbfh3o.rs:5:16\n  |\n5 |         sum += binomial_coefficient(n, i) * binomial_coefficient(n, i + 1);\n  |                ^^^^^^^^^^^^^^^^^^^^ not found in this scope\n\nerror[E0425]: cannot find function `binomial_coefficient` in this scope\n --> /tmp/tmpdnwbfh3o.rs:5:45\n  |\n5 |         sum += binomial_coefficient(n, i) * binomial_coefficient(n, i + 1);\n  |                                             ^^^^^^^^^^^^^^^^^^^^ not found in this scope\n\nerror: aborting due to 2 previous errors\n\nFor more information about this error, try `rustc --explain E0425`.\n",
      "exit_code": 1,
      "status": "SyntaxError"
    },
    {
      "program": "/// Write a python function to find the sum of the product of consecutive binomial co-efficients.\nfn sum_Of_product(n: isize) -> isize {\n    let mut sum = 0;\n    for i in 0..n {\n        sum += binomial_coefficient(n, i) * binomial_coefficient(n, i + 1);\n    }\n    sum\n}\n\nfn main() {\n    let candidate = sum_Of_product;\n    assert_eq!(candidate(3), 15);\n    assert_eq!(candidate(4), 56);\n    assert_eq!(candidate(1), 1);\n}\n",
      "timestamp": 1665510313,
      "stdout": "",
      "stderr": "error[E0425]: cannot find function `binomial_coefficient` in this scope\n --> /tmp/tmpdnwbfh3o.rs:5:16\n  |\n5 |         sum += binomial_coefficient(n, i) * binomial_coefficient(n, i + 1);\n  |                ^^^^^^^^^^^^^^^^^^^^ not found in this scope\n\nerror[E0425]: cannot find function `binomial_coefficient` in this scope\n --> /tmp/tmpdnwbfh3o.rs:5:45\n  |\n5 |         sum += binomial_coefficient(n, i) * binomial_coefficient(n, i + 1);\n  |                                             ^^^^^^^^^^^^^^^^^^^^ not found in this scope\n\nerror: aborting due to 2 previous errors\n\nFor more information about this error, try `rustc --explain E0425`.\n",
      "exit_code": 1,
      "status": "SyntaxError"
    },
    {
      "program": "/// Write a python function to find the sum of the product of consecutive binomial co-efficients.\nfn sum_Of_product(n: isize) -> isize {\n    let mut sum = 0;\n    for i in 0..n {\n        sum += binomial_coefficient(n, i);\n    }\n    sum\n}\n\nfn main() {\n    let candidate = sum_Of_product;\n    assert_eq!(candidate(3), 15);\n    assert_eq!(candidate(4), 56);\n    assert_eq!(candidate(1), 1);\n}\n",
      "timestamp": 1666123381,
      "stdout": "",
      "stderr": "error[E0425]: cannot find function `binomial_coefficient` in this scope\n --> /tmp/tmp9vas0yk9.rs:5:16\n  |\n5 |         sum += binomial_coefficient(n, i);\n  |                ^^^^^^^^^^^^^^^^^^^^ not found in this scope\n\nerror: aborting due to previous error\n\nFor more information about this error, try `rustc --explain E0425`.\n",
      "exit_code": 1,
      "status": "SyntaxError"
    },
    {
      "program": "/// Write a python function to find the sum of the product of consecutive binomial co-efficients.\nfn sum_Of_product(n: isize) -> isize {\n    let mut sum = 0;\n    for i in 0..n {\n        sum += binomial_coefficient(n, i) * binomial_coefficient(n, i + 1);\n    }\n    sum\n}\n\nfn main() {\n    let candidate = sum_Of_product;\n    assert_eq!(candidate(3), 15);\n    assert_eq!(candidate(4), 56);\n    assert_eq!(candidate(1), 1);\n}\n",
      "timestamp": 1665510313,
      "stdout": "",
      "stderr": "error[E0425]: cannot find function `binomial_coefficient` in this scope\n --> /tmp/tmpdnwbfh3o.rs:5:16\n  |\n5 |         sum += binomial_coefficient(n, i) * binomial_coefficient(n, i + 1);\n  |                ^^^^^^^^^^^^^^^^^^^^ not found in this scope\n\nerror[E0425]: cannot find function `binomial_coefficient` in this scope\n --> /tmp/tmpdnwbfh3o.rs:5:45\n  |\n5 |         sum += binomial_coefficient(n, i) * binomial_coefficient(n, i + 1);\n  |                                             ^^^^^^^^^^^^^^^^^^^^ not found in this scope\n\nerror: aborting due to 2 previous errors\n\nFor more information about this error, try `rustc --explain E0425`.\n",
      "exit_code": 1,
      "status": "SyntaxError"
    },
    {
      "program": "/// Write a python function to find the sum of the product of consecutive binomial co-efficients.\nfn sum_Of_product(n: isize) -> isize {\n    let mut sum = 0;\n    for i in 0..n {\n        for j in 0..i {\n            sum += binomial_coefficient(i, j);\n        }\n    }\n    sum\n}\n\nfn main() {\n    let candidate = sum_Of_product;\n    assert_eq!(candidate(3), 15);\n    assert_eq!(candidate(4), 56);\n    assert_eq!(candidate(1), 1);\n}\n",
      "timestamp": 1665510313,
      "stdout": "",
      "stderr": "error[E0425]: cannot find function `binomial_coefficient` in this scope\n --> /tmp/tmp4t312dxx.rs:6:20\n  |\n6 |             sum += binomial_coefficient(i, j);\n  |                    ^^^^^^^^^^^^^^^^^^^^ not found in this scope\n\nerror: aborting due to previous error\n\nFor more information about this error, try `rustc --explain E0425`.\n",
      "exit_code": 1,
      "status": "SyntaxError"
    },
    {
      "program": "/// Write a python function to find the sum of the product of consecutive binomial co-efficients.\nfn sum_Of_product(n: isize) -> isize {\n    let mut sum = 0;\n    for i in 0..n {\n        for j in 0..i {\n            sum += binomial_coefficient(i, j);\n        }\n    }\n    sum\n}\n\nfn main() {\n    let candidate = sum_Of_product;\n    assert_eq!(candidate(3), 15);\n    assert_eq!(candidate(4), 56);\n    assert_eq!(candidate(1), 1);\n}\n",
      "timestamp": 1665510313,
      "stdout": "",
      "stderr": "error[E0425]: cannot find function `binomial_coefficient` in this scope\n --> /tmp/tmp4t312dxx.rs:6:20\n  |\n6 |             sum += binomial_coefficient(i, j);\n  |                    ^^^^^^^^^^^^^^^^^^^^ not found in this scope\n\nerror: aborting due to previous error\n\nFor more information about this error, try `rustc --explain E0425`.\n",
      "exit_code": 1,
      "status": "SyntaxError"
    },
    {
      "program": "/// Write a python function to find the sum of the product of consecutive binomial co-efficients.\nfn sum_Of_product(n: isize) -> isize {\n    let mut sum = 0;\n    for i in 0..n {\n        for j in 0..i {\n            sum += binomial(i, j);\n        }\n    }\n    sum\n}\n\nfn main() {\n    let candidate = sum_Of_product;\n    assert_eq!(candidate(3), 15);\n    assert_eq!(candidate(4), 56);\n    assert_eq!(candidate(1), 1);\n}\n",
      "timestamp": 1666123381,
      "stdout": "",
      "stderr": "error[E0425]: cannot find function `binomial` in this scope\n --> /tmp/tmp03ejl5ti.rs:6:20\n  |\n6 |             sum += binomial(i, j);\n  |                    ^^^^^^^^ not found in this scope\n\nerror: aborting due to previous error\n\nFor more information about this error, try `rustc --explain E0425`.\n",
      "exit_code": 1,
      "status": "SyntaxError"
    },
    {
      "program": "/// Write a python function to find the sum of the product of consecutive binomial co-efficients.\nfn sum_Of_product(n: isize) -> isize {\n    let mut sum = 0;\n    for i in 0..n {\n        for j in 0..i {\n            sum += binomial_coefficient(i, j);\n        }\n    }\n    sum\n}\n\nfn main() {\n    let candidate = sum_Of_product;\n    assert_eq!(candidate(3), 15);\n    assert_eq!(candidate(4), 56);\n    assert_eq!(candidate(1), 1);\n}\n",
      "timestamp": 1665510313,
      "stdout": "",
      "stderr": "error[E0425]: cannot find function `binomial_coefficient` in this scope\n --> /tmp/tmp4t312dxx.rs:6:20\n  |\n6 |             sum += binomial_coefficient(i, j);\n  |                    ^^^^^^^^^^^^^^^^^^^^ not found in this scope\n\nerror: aborting due to previous error\n\nFor more information about this error, try `rustc --explain E0425`.\n",
      "exit_code": 1,
      "status": "SyntaxError"
    },
    {
      "program": "/// Write a python function to find the sum of the product of consecutive binomial co-efficients.\nfn sum_Of_product(n: isize) -> isize {\n    let mut sum = 0;\n    for i in 0..n {\n        sum += binomial_coefficient(n, i);\n    }\n    sum\n}\n\nfn main() {\n    let candidate = sum_Of_product;\n    assert_eq!(candidate(3), 15);\n    assert_eq!(candidate(4), 56);\n    assert_eq!(candidate(1), 1);\n}\n",
      "timestamp": 1666123381,
      "stdout": "",
      "stderr": "error[E0425]: cannot find function `binomial_coefficient` in this scope\n --> /tmp/tmp9vas0yk9.rs:5:16\n  |\n5 |         sum += binomial_coefficient(n, i);\n  |                ^^^^^^^^^^^^^^^^^^^^ not found in this scope\n\nerror: aborting due to previous error\n\nFor more information about this error, try `rustc --explain E0425`.\n",
      "exit_code": 1,
      "status": "SyntaxError"
    },
    {
      "program": "/// Write a python function to find the sum of the product of consecutive binomial co-efficients.\nfn sum_Of_product(n: isize) -> isize {\n    let mut sum = 0;\n    for i in 0..n {\n        for j in 0..i {\n            sum += binomial_coefficient(i, j);\n        }\n    }\n    sum\n}\n\nfn main() {\n    let candidate = sum_Of_product;\n    assert_eq!(candidate(3), 15);\n    assert_eq!(candidate(4), 56);\n    assert_eq!(candidate(1), 1);\n}\n",
      "timestamp": 1665510313,
      "stdout": "",
      "stderr": "error[E0425]: cannot find function `binomial_coefficient` in this scope\n --> /tmp/tmp4t312dxx.rs:6:20\n  |\n6 |             sum += binomial_coefficient(i, j);\n  |                    ^^^^^^^^^^^^^^^^^^^^ not found in this scope\n\nerror: aborting due to previous error\n\nFor more information about this error, try `rustc --explain E0425`.\n",
      "exit_code": 1,
      "status": "SyntaxError"
    },
    {
      "program": "/// Write a python function to find the sum of the product of consecutive binomial co-efficients.\nfn sum_Of_product(n: isize) -> isize {\n    let mut sum = 0;\n    for i in 0..n {\n        sum += binomial_coefficient(n, i) * binomial_coefficient(n, i + 1);\n    }\n    sum\n}\n\nfn main() {\n    let candidate = sum_Of_product;\n    assert_eq!(candidate(3), 15);\n    assert_eq!(candidate(4), 56);\n    assert_eq!(candidate(1), 1);\n}\n",
      "timestamp": 1665510313,
      "stdout": "",
      "stderr": "error[E0425]: cannot find function `binomial_coefficient` in this scope\n --> /tmp/tmpdnwbfh3o.rs:5:16\n  |\n5 |         sum += binomial_coefficient(n, i) * binomial_coefficient(n, i + 1);\n  |                ^^^^^^^^^^^^^^^^^^^^ not found in this scope\n\nerror[E0425]: cannot find function `binomial_coefficient` in this scope\n --> /tmp/tmpdnwbfh3o.rs:5:45\n  |\n5 |         sum += binomial_coefficient(n, i) * binomial_coefficient(n, i + 1);\n  |                                             ^^^^^^^^^^^^^^^^^^^^ not found in this scope\n\nerror: aborting due to 2 previous errors\n\nFor more information about this error, try `rustc --explain E0425`.\n",
      "exit_code": 1,
      "status": "SyntaxError"
    },
    {
      "program": "/// Write a python function to find the sum of the product of consecutive binomial co-efficients.\nfn sum_Of_product(n: isize) -> isize {\n    let mut sum = 0;\n    for i in 0..n {\n        sum += binomial_coefficient(n, i) * binomial_coefficient(n, i + 1);\n    }\n    sum\n}\n\nfn main() {\n    let candidate = sum_Of_product;\n    assert_eq!(candidate(3), 15);\n    assert_eq!(candidate(4), 56);\n    assert_eq!(candidate(1), 1);\n}\n",
      "timestamp": 1665510313,
      "stdout": "",
      "stderr": "error[E0425]: cannot find function `binomial_coefficient` in this scope\n --> /tmp/tmpdnwbfh3o.rs:5:16\n  |\n5 |         sum += binomial_coefficient(n, i) * binomial_coefficient(n, i + 1);\n  |                ^^^^^^^^^^^^^^^^^^^^ not found in this scope\n\nerror[E0425]: cannot find function `binomial_coefficient` in this scope\n --> /tmp/tmpdnwbfh3o.rs:5:45\n  |\n5 |         sum += binomial_coefficient(n, i) * binomial_coefficient(n, i + 1);\n  |                                             ^^^^^^^^^^^^^^^^^^^^ not found in this scope\n\nerror: aborting due to 2 previous errors\n\nFor more information about this error, try `rustc --explain E0425`.\n",
      "exit_code": 1,
      "status": "SyntaxError"
    },
    {
      "program": "/// Write a python function to find the sum of the product of consecutive binomial co-efficients.\nfn sum_Of_product(n: isize) -> isize {\n    let mut sum = 0;\n    for i in 0..n {\n        for j in 0..n {\n            sum += binomial_coefficient(i, j);\n        }\n    }\n    sum\n}\n\nfn main() {\n    let candidate = sum_Of_product;\n    assert_eq!(candidate(3), 15);\n    assert_eq!(candidate(4), 56);\n    assert_eq!(candidate(1), 1);\n}\n",
      "timestamp": 1665510313,
      "stdout": "",
      "stderr": "error[E0425]: cannot find function `binomial_coefficient` in this scope\n --> /tmp/tmplcdyvdpv.rs:6:20\n  |\n6 |             sum += binomial_coefficient(i, j);\n  |                    ^^^^^^^^^^^^^^^^^^^^ not found in this scope\n\nerror: aborting due to previous error\n\nFor more information about this error, try `rustc --explain E0425`.\n",
      "exit_code": 1,
      "status": "SyntaxError"
    },
    {
      "program": "/// Write a python function to find the sum of the product of consecutive binomial co-efficients.\nfn sum_Of_product(n: isize) -> isize {\n    let mut sum = 0;\n    for i in 0..n {\n        sum += binomial_coefficient(n, i) * binomial_coefficient(n, i + 1);\n    }\n    sum\n}\n\nfn main() {\n    let candidate = sum_Of_product;\n    assert_eq!(candidate(3), 15);\n    assert_eq!(candidate(4), 56);\n    assert_eq!(candidate(1), 1);\n}\n",
      "timestamp": 1665510313,
      "stdout": "",
      "stderr": "error[E0425]: cannot find function `binomial_coefficient` in this scope\n --> /tmp/tmpdnwbfh3o.rs:5:16\n  |\n5 |         sum += binomial_coefficient(n, i) * binomial_coefficient(n, i + 1);\n  |                ^^^^^^^^^^^^^^^^^^^^ not found in this scope\n\nerror[E0425]: cannot find function `binomial_coefficient` in this scope\n --> /tmp/tmpdnwbfh3o.rs:5:45\n  |\n5 |         sum += binomial_coefficient(n, i) * binomial_coefficient(n, i + 1);\n  |                                             ^^^^^^^^^^^^^^^^^^^^ not found in this scope\n\nerror: aborting due to 2 previous errors\n\nFor more information about this error, try `rustc --explain E0425`.\n",
      "exit_code": 1,
      "status": "SyntaxError"
    },
    {
      "program": "/// Write a python function to find the sum of the product of consecutive binomial co-efficients.\nfn sum_Of_product(n: isize) -> isize {\n    let mut sum = 0;\n    for i in 0..n {\n        for j in 0..n {\n            sum += binomial_coefficient(i, j);\n        }\n    }\n    sum\n}\n\nfn main() {\n    let candidate = sum_Of_product;\n    assert_eq!(candidate(3), 15);\n    assert_eq!(candidate(4), 56);\n    assert_eq!(candidate(1), 1);\n}\n",
      "timestamp": 1665510313,
      "stdout": "",
      "stderr": "error[E0425]: cannot find function `binomial_coefficient` in this scope\n --> /tmp/tmplcdyvdpv.rs:6:20\n  |\n6 |             sum += binomial_coefficient(i, j);\n  |                    ^^^^^^^^^^^^^^^^^^^^ not found in this scope\n\nerror: aborting due to previous error\n\nFor more information about this error, try `rustc --explain E0425`.\n",
      "exit_code": 1,
      "status": "SyntaxError"
    },
    {
      "program": "/// Write a python function to find the sum of the product of consecutive binomial co-efficients.\nfn sum_Of_product(n: isize) -> isize {\n    let mut sum = 0;\n    for i in 0..n {\n        for j in i + 1..n {\n            sum += binomial_coefficient(i, j);\n        }\n    }\n    return sum;\n}\n\nfn main() {\n    let candidate = sum_Of_product;\n    assert_eq!(candidate(3), 15);\n    assert_eq!(candidate(4), 56);\n    assert_eq!(candidate(1), 1);\n}\n",
      "timestamp": 1666123381,
      "stdout": "",
      "stderr": "error[E0425]: cannot find function `binomial_coefficient` in this scope\n --> /tmp/tmpixush42i.rs:6:20\n  |\n6 |             sum += binomial_coefficient(i, j);\n  |                    ^^^^^^^^^^^^^^^^^^^^ not found in this scope\n\nerror: aborting due to previous error\n\nFor more information about this error, try `rustc --explain E0425`.\n",
      "exit_code": 1,
      "status": "SyntaxError"
    },
    {
      "program": "/// Write a python function to find the sum of the product of consecutive binomial co-efficients.\nfn sum_Of_product(n: isize) -> isize {\n    let mut sum = 0;\n    for i in 0..n {\n        for j in 0..n {\n            sum += binomial_coefficient(i, j);\n        }\n    }\n    sum\n}\n\nfn main() {\n    let candidate = sum_Of_product;\n    assert_eq!(candidate(3), 15);\n    assert_eq!(candidate(4), 56);\n    assert_eq!(candidate(1), 1);\n}\n",
      "timestamp": 1665510313,
      "stdout": "",
      "stderr": "error[E0425]: cannot find function `binomial_coefficient` in this scope\n --> /tmp/tmplcdyvdpv.rs:6:20\n  |\n6 |             sum += binomial_coefficient(i, j);\n  |                    ^^^^^^^^^^^^^^^^^^^^ not found in this scope\n\nerror: aborting due to previous error\n\nFor more information about this error, try `rustc --explain E0425`.\n",
      "exit_code": 1,
      "status": "SyntaxError"
    },
    {
      "program": "/// Write a python function to find the sum of the product of consecutive binomial co-efficients.\nfn sum_Of_product(n: isize) -> isize {\n    let mut sum = 0;\n    for i in 1..n {\n        sum += binomial_coefficient(n, i) * binomial_coefficient(n, i + 1);\n    }\n    sum\n}\n\nfn main() {\n    let candidate = sum_Of_product;\n    assert_eq!(candidate(3), 15);\n    assert_eq!(candidate(4), 56);\n    assert_eq!(candidate(1), 1);\n}\n",
      "timestamp": 1665510313,
      "stdout": "",
      "stderr": "error[E0425]: cannot find function `binomial_coefficient` in this scope\n --> /tmp/tmpqw70r5on.rs:5:16\n  |\n5 |         sum += binomial_coefficient(n, i) * binomial_coefficient(n, i + 1);\n  |                ^^^^^^^^^^^^^^^^^^^^ not found in this scope\n\nerror[E0425]: cannot find function `binomial_coefficient` in this scope\n --> /tmp/tmpqw70r5on.rs:5:45\n  |\n5 |         sum += binomial_coefficient(n, i) * binomial_coefficient(n, i + 1);\n  |                                             ^^^^^^^^^^^^^^^^^^^^ not found in this scope\n\nerror: aborting due to 2 previous errors\n\nFor more information about this error, try `rustc --explain E0425`.\n",
      "exit_code": 1,
      "status": "SyntaxError"
    },
    {
      "program": "/// Write a python function to find the sum of the product of consecutive binomial co-efficients.\nfn sum_Of_product(n: isize) -> isize {\n    let mut sum = 0;\n    for i in 0..n {\n        for j in 0..i {\n            sum += binomial_coefficient(i, j);\n        }\n    }\n    sum\n}\n\nfn main() {\n    let candidate = sum_Of_product;\n    assert_eq!(candidate(3), 15);\n    assert_eq!(candidate(4), 56);\n    assert_eq!(candidate(1), 1);\n}\n",
      "timestamp": 1665510313,
      "stdout": "",
      "stderr": "error[E0425]: cannot find function `binomial_coefficient` in this scope\n --> /tmp/tmp4t312dxx.rs:6:20\n  |\n6 |             sum += binomial_coefficient(i, j);\n  |                    ^^^^^^^^^^^^^^^^^^^^ not found in this scope\n\nerror: aborting due to previous error\n\nFor more information about this error, try `rustc --explain E0425`.\n",
      "exit_code": 1,
      "status": "SyntaxError"
    },
    {
      "program": "/// Write a python function to find the sum of the product of consecutive binomial co-efficients.\nfn sum_Of_product(n: isize) -> isize {\n    let mut sum = 0;\n    for i in 1..n {\n        for j in 1..i {\n            sum += binomial_coefficient(i, j);\n        }\n    }\n    sum\n}\n\nfn main() {\n    let candidate = sum_Of_product;\n    assert_eq!(candidate(3), 15);\n    assert_eq!(candidate(4), 56);\n    assert_eq!(candidate(1), 1);\n}\n",
      "timestamp": 1666123381,
      "stdout": "",
      "stderr": "error[E0425]: cannot find function `binomial_coefficient` in this scope\n --> /tmp/tmpcdpleeax.rs:6:20\n  |\n6 |             sum += binomial_coefficient(i, j);\n  |                    ^^^^^^^^^^^^^^^^^^^^ not found in this scope\n\nerror: aborting due to previous error\n\nFor more information about this error, try `rustc --explain E0425`.\n",
      "exit_code": 1,
      "status": "SyntaxError"
    },
    {
      "program": "/// Write a python function to find the sum of the product of consecutive binomial co-efficients.\nfn sum_Of_product(n: isize) -> isize {\n    let mut sum = 0;\n    for i in 0..n {\n        sum += binomial_coefficient(n, i) * binomial_coefficient(n, i + 1);\n    }\n    sum\n}\n\nfn main() {\n    let candidate = sum_Of_product;\n    assert_eq!(candidate(3), 15);\n    assert_eq!(candidate(4), 56);\n    assert_eq!(candidate(1), 1);\n}\n",
      "timestamp": 1665510313,
      "stdout": "",
      "stderr": "error[E0425]: cannot find function `binomial_coefficient` in this scope\n --> /tmp/tmpdnwbfh3o.rs:5:16\n  |\n5 |         sum += binomial_coefficient(n, i) * binomial_coefficient(n, i + 1);\n  |                ^^^^^^^^^^^^^^^^^^^^ not found in this scope\n\nerror[E0425]: cannot find function `binomial_coefficient` in this scope\n --> /tmp/tmpdnwbfh3o.rs:5:45\n  |\n5 |         sum += binomial_coefficient(n, i) * binomial_coefficient(n, i + 1);\n  |                                             ^^^^^^^^^^^^^^^^^^^^ not found in this scope\n\nerror: aborting due to 2 previous errors\n\nFor more information about this error, try `rustc --explain E0425`.\n",
      "exit_code": 1,
      "status": "SyntaxError"
    },
    {
      "program": "/// Write a python function to find the sum of the product of consecutive binomial co-efficients.\nfn sum_Of_product(n: isize) -> isize {\n    let mut sum = 0;\n    for i in 1..n {\n        sum += binomial_coefficient(n, i) * binomial_coefficient(n, i + 1);\n    }\n    sum\n}\n\nfn main() {\n    let candidate = sum_Of_product;\n    assert_eq!(candidate(3), 15);\n    assert_eq!(candidate(4), 56);\n    assert_eq!(candidate(1), 1);\n}\n",
      "timestamp": 1665510313,
      "stdout": "",
      "stderr": "error[E0425]: cannot find function `binomial_coefficient` in this scope\n --> /tmp/tmpqw70r5on.rs:5:16\n  |\n5 |         sum += binomial_coefficient(n, i) * binomial_coefficient(n, i + 1);\n  |                ^^^^^^^^^^^^^^^^^^^^ not found in this scope\n\nerror[E0425]: cannot find function `binomial_coefficient` in this scope\n --> /tmp/tmpqw70r5on.rs:5:45\n  |\n5 |         sum += binomial_coefficient(n, i) * binomial_coefficient(n, i + 1);\n  |                                             ^^^^^^^^^^^^^^^^^^^^ not found in this scope\n\nerror: aborting due to 2 previous errors\n\nFor more information about this error, try `rustc --explain E0425`.\n",
      "exit_code": 1,
      "status": "SyntaxError"
    },
    {
      "program": "/// Write a python function to find the sum of the product of consecutive binomial co-efficients.\nfn sum_Of_product(n: isize) -> isize {\n    let mut sum = 0;\n    for i in 0..n {\n        sum += product(i);\n    }\n    sum\n}\n\nfn main() {\n    let candidate = sum_Of_product;\n    assert_eq!(candidate(3), 15);\n    assert_eq!(candidate(4), 56);\n    assert_eq!(candidate(1), 1);\n}\n",
      "timestamp": 1666123381,
      "stdout": "",
      "stderr": "error[E0425]: cannot find function `product` in this scope\n --> /tmp/tmp28nrznl8.rs:5:16\n  |\n5 |         sum += product(i);\n  |                ^^^^^^^ not found in this scope\n\nerror: aborting due to previous error\n\nFor more information about this error, try `rustc --explain E0425`.\n",
      "exit_code": 1,
      "status": "SyntaxError"
    },
    {
      "program": "/// Write a python function to find the sum of the product of consecutive binomial co-efficients.\nfn sum_Of_product(n: isize) -> isize {\n    let mut sum = 0;\n    for i in 0..n {\n        sum += binomial_coefficient(n, i) * binomial_coefficient(n, i + 1);\n    }\n    sum\n}\n\nfn main() {\n    let candidate = sum_Of_product;\n    assert_eq!(candidate(3), 15);\n    assert_eq!(candidate(4), 56);\n    assert_eq!(candidate(1), 1);\n}\n",
      "timestamp": 1665510313,
      "stdout": "",
      "stderr": "error[E0425]: cannot find function `binomial_coefficient` in this scope\n --> /tmp/tmpdnwbfh3o.rs:5:16\n  |\n5 |         sum += binomial_coefficient(n, i) * binomial_coefficient(n, i + 1);\n  |                ^^^^^^^^^^^^^^^^^^^^ not found in this scope\n\nerror[E0425]: cannot find function `binomial_coefficient` in this scope\n --> /tmp/tmpdnwbfh3o.rs:5:45\n  |\n5 |         sum += binomial_coefficient(n, i) * binomial_coefficient(n, i + 1);\n  |                                             ^^^^^^^^^^^^^^^^^^^^ not found in this scope\n\nerror: aborting due to 2 previous errors\n\nFor more information about this error, try `rustc --explain E0425`.\n",
      "exit_code": 1,
      "status": "SyntaxError"
    },
    {
      "program": "/// Write a python function to find the sum of the product of consecutive binomial co-efficients.\nfn sum_Of_product(n: isize) -> isize {\n    let mut sum = 0;\n    for i in 0..n {\n        sum += binomial_coefficient(n, i);\n    }\n    sum\n}\n\nfn main() {\n    let candidate = sum_Of_product;\n    assert_eq!(candidate(3), 15);\n    assert_eq!(candidate(4), 56);\n    assert_eq!(candidate(1), 1);\n}\n",
      "timestamp": 1666123381,
      "stdout": "",
      "stderr": "error[E0425]: cannot find function `binomial_coefficient` in this scope\n --> /tmp/tmp9vas0yk9.rs:5:16\n  |\n5 |         sum += binomial_coefficient(n, i);\n  |                ^^^^^^^^^^^^^^^^^^^^ not found in this scope\n\nerror: aborting due to previous error\n\nFor more information about this error, try `rustc --explain E0425`.\n",
      "exit_code": 1,
      "status": "SyntaxError"
    },
    {
      "program": "/// Write a python function to find the sum of the product of consecutive binomial co-efficients.\nfn sum_Of_product(n: isize) -> isize {\n    let mut sum = 0;\n    for i in 0..n {\n        sum += (n - i) * (n - i + 1) / 2;\n    }\n    sum\n}\n\nfn main() {\n    let candidate = sum_Of_product;\n    assert_eq!(candidate(3), 15);\n    assert_eq!(candidate(4), 56);\n    assert_eq!(candidate(1), 1);\n}\n",
      "timestamp": 1666123381,
      "stdout": "",
      "stderr": "thread 'main' panicked at 'assertion failed: `(left == right)`\n  left: `10`,\n right: `15`', /tmp/tmp91r5167z.rs:12:5\nnote: run with `RUST_BACKTRACE=1` environment variable to display a backtrace\n",
      "exit_code": 101,
      "status": "Exception"
    },
    {
      "program": "/// Write a python function to find the sum of the product of consecutive binomial co-efficients.\nfn sum_Of_product(n: isize) -> isize {\n    let mut sum = 0;\n    for i in 0..n {\n        for j in 0..n {\n            sum += binomial_coefficient(i, j);\n        }\n    }\n    sum\n}\n\nfn main() {\n    let candidate = sum_Of_product;\n    assert_eq!(candidate(3), 15);\n    assert_eq!(candidate(4), 56);\n    assert_eq!(candidate(1), 1);\n}\n",
      "timestamp": 1665510313,
      "stdout": "",
      "stderr": "error[E0425]: cannot find function `binomial_coefficient` in this scope\n --> /tmp/tmplcdyvdpv.rs:6:20\n  |\n6 |             sum += binomial_coefficient(i, j);\n  |                    ^^^^^^^^^^^^^^^^^^^^ not found in this scope\n\nerror: aborting due to previous error\n\nFor more information about this error, try `rustc --explain E0425`.\n",
      "exit_code": 1,
      "status": "SyntaxError"
    },
    {
      "program": "/// Write a python function to find the sum of the product of consecutive binomial co-efficients.\nfn sum_Of_product(n: isize) -> isize {\n    let mut sum = 0;\n    for i in 1..n + 1 {\n        sum += (binomial_coefficient(n, i) * binomial_coefficient(n, i + 1));\n    }\n    sum\n}\n\nfn main() {\n    let candidate = sum_Of_product;\n    assert_eq!(candidate(3), 15);\n    assert_eq!(candidate(4), 56);\n    assert_eq!(candidate(1), 1);\n}\n",
      "timestamp": 1666123381,
      "stdout": "",
      "stderr": "error[E0425]: cannot find function `binomial_coefficient` in this scope\n --> /tmp/tmpofu1x_eq.rs:5:17\n  |\n5 |         sum += (binomial_coefficient(n, i) * binomial_coefficient(n, i + 1));\n  |                 ^^^^^^^^^^^^^^^^^^^^ not found in this scope\n\nerror[E0425]: cannot find function `binomial_coefficient` in this scope\n --> /tmp/tmpofu1x_eq.rs:5:46\n  |\n5 |         sum += (binomial_coefficient(n, i) * binomial_coefficient(n, i + 1));\n  |                                              ^^^^^^^^^^^^^^^^^^^^ not found in this scope\n\nwarning: unnecessary parentheses around assigned value\n --> /tmp/tmpofu1x_eq.rs:5:16\n  |\n5 |         sum += (binomial_coefficient(n, i) * binomial_coefficient(n, i + 1));\n  |                ^                                                           ^\n  |\n  = note: `#[warn(unused_parens)]` on by default\nhelp: remove these parentheses\n  |\n5 -         sum += (binomial_coefficient(n, i) * binomial_coefficient(n, i + 1));\n5 +         sum += binomial_coefficient(n, i) * binomial_coefficient(n, i + 1);\n  | \n\nerror: aborting due to 2 previous errors; 1 warning emitted\n\nFor more information about this error, try `rustc --explain E0425`.\n",
      "exit_code": 1,
      "status": "SyntaxError"
    },
    {
      "program": "/// Write a python function to find the sum of the product of consecutive binomial co-efficients.\nfn sum_Of_product(n: isize) -> isize {\n    let mut sum = 0;\n    for i in 0..n {\n        for j in 0..i {\n            sum += ncr(i, j) * ncr(n - i - 1, n - j - 1);\n        }\n    }\n    sum\n}\n\nfn main() {\n    let candidate = sum_Of_product;\n    assert_eq!(candidate(3), 15);\n    assert_eq!(candidate(4), 56);\n    assert_eq!(candidate(1), 1);\n}\n",
      "timestamp": 1666123381,
      "stdout": "",
      "stderr": "error[E0425]: cannot find function `ncr` in this scope\n --> /tmp/tmp5nip8hyr.rs:6:20\n  |\n6 |             sum += ncr(i, j) * ncr(n - i - 1, n - j - 1);\n  |                    ^^^ not found in this scope\n\nerror[E0425]: cannot find function `ncr` in this scope\n --> /tmp/tmp5nip8hyr.rs:6:32\n  |\n6 |             sum += ncr(i, j) * ncr(n - i - 1, n - j - 1);\n  |                                ^^^ not found in this scope\n\nerror: aborting due to 2 previous errors\n\nFor more information about this error, try `rustc --explain E0425`.\n",
      "exit_code": 1,
      "status": "SyntaxError"
    },
    {
      "program": "/// Write a python function to find the sum of the product of consecutive binomial co-efficients.\nfn sum_Of_product(n: isize) -> isize {\n    let mut sum = 0;\n    for i in 0..n {\n        sum += binomial_coefficient(n, i) * binomial_coefficient(n, i + 1);\n    }\n    sum\n}\n\nfn main() {\n    let candidate = sum_Of_product;\n    assert_eq!(candidate(3), 15);\n    assert_eq!(candidate(4), 56);\n    assert_eq!(candidate(1), 1);\n}\n",
      "timestamp": 1665510313,
      "stdout": "",
      "stderr": "error[E0425]: cannot find function `binomial_coefficient` in this scope\n --> /tmp/tmpdnwbfh3o.rs:5:16\n  |\n5 |         sum += binomial_coefficient(n, i) * binomial_coefficient(n, i + 1);\n  |                ^^^^^^^^^^^^^^^^^^^^ not found in this scope\n\nerror[E0425]: cannot find function `binomial_coefficient` in this scope\n --> /tmp/tmpdnwbfh3o.rs:5:45\n  |\n5 |         sum += binomial_coefficient(n, i) * binomial_coefficient(n, i + 1);\n  |                                             ^^^^^^^^^^^^^^^^^^^^ not found in this scope\n\nerror: aborting due to 2 previous errors\n\nFor more information about this error, try `rustc --explain E0425`.\n",
      "exit_code": 1,
      "status": "SyntaxError"
    },
    {
      "program": "/// Write a python function to find the sum of the product of consecutive binomial co-efficients.\nfn sum_Of_product(n: isize) -> isize {\n    let mut sum = 0;\n    for i in 0..n {\n        sum += binomial_coefficient(n, i) * binomial_coefficient(n, i + 1);\n    }\n    sum\n}\n\nfn main() {\n    let candidate = sum_Of_product;\n    assert_eq!(candidate(3), 15);\n    assert_eq!(candidate(4), 56);\n    assert_eq!(candidate(1), 1);\n}\n",
      "timestamp": 1665510313,
      "stdout": "",
      "stderr": "error[E0425]: cannot find function `binomial_coefficient` in this scope\n --> /tmp/tmpdnwbfh3o.rs:5:16\n  |\n5 |         sum += binomial_coefficient(n, i) * binomial_coefficient(n, i + 1);\n  |                ^^^^^^^^^^^^^^^^^^^^ not found in this scope\n\nerror[E0425]: cannot find function `binomial_coefficient` in this scope\n --> /tmp/tmpdnwbfh3o.rs:5:45\n  |\n5 |         sum += binomial_coefficient(n, i) * binomial_coefficient(n, i + 1);\n  |                                             ^^^^^^^^^^^^^^^^^^^^ not found in this scope\n\nerror: aborting due to 2 previous errors\n\nFor more information about this error, try `rustc --explain E0425`.\n",
      "exit_code": 1,
      "status": "SyntaxError"
    },
    {
      "program": "/// Write a python function to find the sum of the product of consecutive binomial co-efficients.\nfn sum_Of_product(n: isize) -> isize {\n    let mut sum = 0;\n    for i in 0..n {\n        for j in 0..i {\n            sum += binomial_coefficient(i, j);\n        }\n    }\n    sum\n}\n\nfn main() {\n    let candidate = sum_Of_product;\n    assert_eq!(candidate(3), 15);\n    assert_eq!(candidate(4), 56);\n    assert_eq!(candidate(1), 1);\n}\n",
      "timestamp": 1665510313,
      "stdout": "",
      "stderr": "error[E0425]: cannot find function `binomial_coefficient` in this scope\n --> /tmp/tmp4t312dxx.rs:6:20\n  |\n6 |             sum += binomial_coefficient(i, j);\n  |                    ^^^^^^^^^^^^^^^^^^^^ not found in this scope\n\nerror: aborting due to previous error\n\nFor more information about this error, try `rustc --explain E0425`.\n",
      "exit_code": 1,
      "status": "SyntaxError"
    },
    {
      "program": "/// Write a python function to find the sum of the product of consecutive binomial co-efficients.\nfn sum_Of_product(n: isize) -> isize {\n    let mut sum = 0;\n    for i in 0..n {\n        for j in 0..i {\n            sum += binomial_coefficient(i, j);\n        }\n    }\n    sum\n}\n\nfn main() {\n    let candidate = sum_Of_product;\n    assert_eq!(candidate(3), 15);\n    assert_eq!(candidate(4), 56);\n    assert_eq!(candidate(1), 1);\n}\n",
      "timestamp": 1665510313,
      "stdout": "",
      "stderr": "error[E0425]: cannot find function `binomial_coefficient` in this scope\n --> /tmp/tmp4t312dxx.rs:6:20\n  |\n6 |             sum += binomial_coefficient(i, j);\n  |                    ^^^^^^^^^^^^^^^^^^^^ not found in this scope\n\nerror: aborting due to previous error\n\nFor more information about this error, try `rustc --explain E0425`.\n",
      "exit_code": 1,
      "status": "SyntaxError"
    },
    {
      "program": "/// Write a python function to find the sum of the product of consecutive binomial co-efficients.\nfn sum_Of_product(n: isize) -> isize {\n    let mut sum = 0;\n    for i in 0..n {\n        for j in 0..i {\n            sum += binomial_coefficient(i, j);\n        }\n    }\n    sum\n}\n\nfn main() {\n    let candidate = sum_Of_product;\n    assert_eq!(candidate(3), 15);\n    assert_eq!(candidate(4), 56);\n    assert_eq!(candidate(1), 1);\n}\n",
      "timestamp": 1665510313,
      "stdout": "",
      "stderr": "error[E0425]: cannot find function `binomial_coefficient` in this scope\n --> /tmp/tmp4t312dxx.rs:6:20\n  |\n6 |             sum += binomial_coefficient(i, j);\n  |                    ^^^^^^^^^^^^^^^^^^^^ not found in this scope\n\nerror: aborting due to previous error\n\nFor more information about this error, try `rustc --explain E0425`.\n",
      "exit_code": 1,
      "status": "SyntaxError"
    },
    {
      "program": "/// Write a python function to find the sum of the product of consecutive binomial co-efficients.\nfn sum_Of_product(n: isize) -> isize {\n    let mut sum = 0;\n    for i in 0..n {\n        sum += binomial_coefficient(n, i) * binomial_coefficient(n, i + 1);\n    }\n    sum\n}\n\nfn main() {\n    let candidate = sum_Of_product;\n    assert_eq!(candidate(3), 15);\n    assert_eq!(candidate(4), 56);\n    assert_eq!(candidate(1), 1);\n}\n",
      "timestamp": 1665510313,
      "stdout": "",
      "stderr": "error[E0425]: cannot find function `binomial_coefficient` in this scope\n --> /tmp/tmpdnwbfh3o.rs:5:16\n  |\n5 |         sum += binomial_coefficient(n, i) * binomial_coefficient(n, i + 1);\n  |                ^^^^^^^^^^^^^^^^^^^^ not found in this scope\n\nerror[E0425]: cannot find function `binomial_coefficient` in this scope\n --> /tmp/tmpdnwbfh3o.rs:5:45\n  |\n5 |         sum += binomial_coefficient(n, i) * binomial_coefficient(n, i + 1);\n  |                                             ^^^^^^^^^^^^^^^^^^^^ not found in this scope\n\nerror: aborting due to 2 previous errors\n\nFor more information about this error, try `rustc --explain E0425`.\n",
      "exit_code": 1,
      "status": "SyntaxError"
    },
    {
      "program": "/// Write a python function to find the sum of the product of consecutive binomial co-efficients.\nfn sum_Of_product(n: isize) -> isize {\n    let mut sum = 0;\n    for i in 0..n {\n        sum += (binomial_coefficient(n, i) * binomial_coefficient(n, i + 1));\n    }\n    sum\n}\n\nfn main() {\n    let candidate = sum_Of_product;\n    assert_eq!(candidate(3), 15);\n    assert_eq!(candidate(4), 56);\n    assert_eq!(candidate(1), 1);\n}\n",
      "timestamp": 1665510313,
      "stdout": "",
      "stderr": "error[E0425]: cannot find function `binomial_coefficient` in this scope\n --> /tmp/tmpzo0rx_5v.rs:5:17\n  |\n5 |         sum += (binomial_coefficient(n, i) * binomial_coefficient(n, i + 1));\n  |                 ^^^^^^^^^^^^^^^^^^^^ not found in this scope\n\nerror[E0425]: cannot find function `binomial_coefficient` in this scope\n --> /tmp/tmpzo0rx_5v.rs:5:46\n  |\n5 |         sum += (binomial_coefficient(n, i) * binomial_coefficient(n, i + 1));\n  |                                              ^^^^^^^^^^^^^^^^^^^^ not found in this scope\n\nwarning: unnecessary parentheses around assigned value\n --> /tmp/tmpzo0rx_5v.rs:5:16\n  |\n5 |         sum += (binomial_coefficient(n, i) * binomial_coefficient(n, i + 1));\n  |                ^                                                           ^\n  |\n  = note: `#[warn(unused_parens)]` on by default\nhelp: remove these parentheses\n  |\n5 -         sum += (binomial_coefficient(n, i) * binomial_coefficient(n, i + 1));\n5 +         sum += binomial_coefficient(n, i) * binomial_coefficient(n, i + 1);\n  | \n\nerror: aborting due to 2 previous errors; 1 warning emitted\n\nFor more information about this error, try `rustc --explain E0425`.\n",
      "exit_code": 1,
      "status": "SyntaxError"
    },
    {
      "program": "/// Write a python function to find the sum of the product of consecutive binomial co-efficients.\nfn sum_Of_product(n: isize) -> isize {\n    let mut sum = 0;\n    for i in 0..n {\n        for j in 0..n {\n            sum += binomial_coefficient(i, j);\n        }\n    }\n    sum\n}\n\nfn main() {\n    let candidate = sum_Of_product;\n    assert_eq!(candidate(3), 15);\n    assert_eq!(candidate(4), 56);\n    assert_eq!(candidate(1), 1);\n}\n",
      "timestamp": 1665510313,
      "stdout": "",
      "stderr": "error[E0425]: cannot find function `binomial_coefficient` in this scope\n --> /tmp/tmplcdyvdpv.rs:6:20\n  |\n6 |             sum += binomial_coefficient(i, j);\n  |                    ^^^^^^^^^^^^^^^^^^^^ not found in this scope\n\nerror: aborting due to previous error\n\nFor more information about this error, try `rustc --explain E0425`.\n",
      "exit_code": 1,
      "status": "SyntaxError"
    },
    {
      "program": "/// Write a python function to find the sum of the product of consecutive binomial co-efficients.\nfn sum_Of_product(n: isize) -> isize {\n    let mut sum = 0;\n    for i in 1..n {\n        sum += binomial_coefficient(n, i) * binomial_coefficient(n, i + 1);\n    }\n    sum\n}\n\nfn main() {\n    let candidate = sum_Of_product;\n    assert_eq!(candidate(3), 15);\n    assert_eq!(candidate(4), 56);\n    assert_eq!(candidate(1), 1);\n}\n",
      "timestamp": 1665510313,
      "stdout": "",
      "stderr": "error[E0425]: cannot find function `binomial_coefficient` in this scope\n --> /tmp/tmpqw70r5on.rs:5:16\n  |\n5 |         sum += binomial_coefficient(n, i) * binomial_coefficient(n, i + 1);\n  |                ^^^^^^^^^^^^^^^^^^^^ not found in this scope\n\nerror[E0425]: cannot find function `binomial_coefficient` in this scope\n --> /tmp/tmpqw70r5on.rs:5:45\n  |\n5 |         sum += binomial_coefficient(n, i) * binomial_coefficient(n, i + 1);\n  |                                             ^^^^^^^^^^^^^^^^^^^^ not found in this scope\n\nerror: aborting due to 2 previous errors\n\nFor more information about this error, try `rustc --explain E0425`.\n",
      "exit_code": 1,
      "status": "SyntaxError"
    },
    {
      "program": "/// Write a python function to find the sum of the product of consecutive binomial co-efficients.\nfn sum_Of_product(n: isize) -> isize {\n    let mut sum = 0;\n    for i in 0..n {\n        sum += (factorial(n) / (factorial(i) * factorial(n - i))) * (factorial(n) / (factorial(i + 1) * factorial(n - i - 1)));\n    }\n    sum\n}\n\nfn main() {\n    let candidate = sum_Of_product;\n    assert_eq!(candidate(3), 15);\n    assert_eq!(candidate(4), 56);\n    assert_eq!(candidate(1), 1);\n}\n",
      "timestamp": 1666123381,
      "stdout": "",
      "stderr": "error[E0425]: cannot find function `factorial` in this scope\n --> /tmp/tmp9t6dvnke.rs:5:17\n  |\n5 |         sum += (factorial(n) / (factorial(i) * factorial(n - i))) * (factorial(n) / (factorial(i + 1) * factorial(n - i - 1)));\n  |                 ^^^^^^^^^ not found in this scope\n\nerror[E0425]: cannot find function `factorial` in this scope\n --> /tmp/tmp9t6dvnke.rs:5:33\n  |\n5 |         sum += (factorial(n) / (factorial(i) * factorial(n - i))) * (factorial(n) / (factorial(i + 1) * factorial(n - i - 1)));\n  |                                 ^^^^^^^^^ not found in this scope\n\nerror[E0425]: cannot find function `factorial` in this scope\n --> /tmp/tmp9t6dvnke.rs:5:48\n  |\n5 |         sum += (factorial(n) / (factorial(i) * factorial(n - i))) * (factorial(n) / (factorial(i + 1) * factorial(n - i - 1)));\n  |                                                ^^^^^^^^^ not found in this scope\n\nerror[E0425]: cannot find function `factorial` in this scope\n --> /tmp/tmp9t6dvnke.rs:5:70\n  |\n5 |         sum += (factorial(n) / (factorial(i) * factorial(n - i))) * (factorial(n) / (factorial(i + 1) * factorial(n - i - 1)));\n  |                                                                      ^^^^^^^^^ not found in this scope\n\nerror[E0425]: cannot find function `factorial` in this scope\n --> /tmp/tmp9t6dvnke.rs:5:86\n  |\n5 |         sum += (factorial(n) / (factorial(i) * factorial(n - i))) * (factorial(n) / (factorial(i + 1) * factorial(n - i - 1)));\n  |                                                                                      ^^^^^^^^^ not found in this scope\n\nerror[E0425]: cannot find function `factorial` in this scope\n --> /tmp/tmp9t6dvnke.rs:5:105\n  |\n5 |         sum += (factorial(n) / (factorial(i) * factorial(n - i))) * (factorial(n) / (factorial(i + 1) * factorial(n - i - 1)));\n  |                                                                                                         ^^^^^^^^^ not found in this scope\n\nerror: aborting due to 6 previous errors\n\nFor more information about this error, try `rustc --expl",
      "exit_code": 1,
      "status": "SyntaxError"
    },
    {
      "program": "/// Write a python function to find the sum of the product of consecutive binomial co-efficients.\nfn sum_Of_product(n: isize) -> isize {\n    let mut sum = 0;\n    for i in 0..n {\n        for j in 0..n {\n            sum += binomial_coefficient(i, j);\n        }\n    }\n    sum\n}\n\nfn main() {\n    let candidate = sum_Of_product;\n    assert_eq!(candidate(3), 15);\n    assert_eq!(candidate(4), 56);\n    assert_eq!(candidate(1), 1);\n}\n",
      "timestamp": 1665510313,
      "stdout": "",
      "stderr": "error[E0425]: cannot find function `binomial_coefficient` in this scope\n --> /tmp/tmplcdyvdpv.rs:6:20\n  |\n6 |             sum += binomial_coefficient(i, j);\n  |                    ^^^^^^^^^^^^^^^^^^^^ not found in this scope\n\nerror: aborting due to previous error\n\nFor more information about this error, try `rustc --explain E0425`.\n",
      "exit_code": 1,
      "status": "SyntaxError"
    },
    {
      "program": "/// Write a python function to find the sum of the product of consecutive binomial co-efficients.\nfn sum_Of_product(n: isize) -> isize {\n    let mut sum = 0;\n    for i in 0..n {\n        for j in 0..i {\n            sum += binomial_coefficient(i, j);\n        }\n    }\n    sum\n}\n\nfn main() {\n    let candidate = sum_Of_product;\n    assert_eq!(candidate(3), 15);\n    assert_eq!(candidate(4), 56);\n    assert_eq!(candidate(1), 1);\n}\n",
      "timestamp": 1665510313,
      "stdout": "",
      "stderr": "error[E0425]: cannot find function `binomial_coefficient` in this scope\n --> /tmp/tmp4t312dxx.rs:6:20\n  |\n6 |             sum += binomial_coefficient(i, j);\n  |                    ^^^^^^^^^^^^^^^^^^^^ not found in this scope\n\nerror: aborting due to previous error\n\nFor more information about this error, try `rustc --explain E0425`.\n",
      "exit_code": 1,
      "status": "SyntaxError"
    },
    {
      "program": "/// Write a python function to find the sum of the product of consecutive binomial co-efficients.\nfn sum_Of_product(n: isize) -> isize {\n    let mut sum = 0;\n    for i in 0..n {\n        sum += (binomial_coefficient(n, i) * binomial_coefficient(n, i + 1));\n    }\n    sum\n}\n\nfn main() {\n    let candidate = sum_Of_product;\n    assert_eq!(candidate(3), 15);\n    assert_eq!(candidate(4), 56);\n    assert_eq!(candidate(1), 1);\n}\n",
      "timestamp": 1665510313,
      "stdout": "",
      "stderr": "error[E0425]: cannot find function `binomial_coefficient` in this scope\n --> /tmp/tmpzo0rx_5v.rs:5:17\n  |\n5 |         sum += (binomial_coefficient(n, i) * binomial_coefficient(n, i + 1));\n  |                 ^^^^^^^^^^^^^^^^^^^^ not found in this scope\n\nerror[E0425]: cannot find function `binomial_coefficient` in this scope\n --> /tmp/tmpzo0rx_5v.rs:5:46\n  |\n5 |         sum += (binomial_coefficient(n, i) * binomial_coefficient(n, i + 1));\n  |                                              ^^^^^^^^^^^^^^^^^^^^ not found in this scope\n\nwarning: unnecessary parentheses around assigned value\n --> /tmp/tmpzo0rx_5v.rs:5:16\n  |\n5 |         sum += (binomial_coefficient(n, i) * binomial_coefficient(n, i + 1));\n  |                ^                                                           ^\n  |\n  = note: `#[warn(unused_parens)]` on by default\nhelp: remove these parentheses\n  |\n5 -         sum += (binomial_coefficient(n, i) * binomial_coefficient(n, i + 1));\n5 +         sum += binomial_coefficient(n, i) * binomial_coefficient(n, i + 1);\n  | \n\nerror: aborting due to 2 previous errors; 1 warning emitted\n\nFor more information about this error, try `rustc --explain E0425`.\n",
      "exit_code": 1,
      "status": "SyntaxError"
    },
    {
      "program": "/// Write a python function to find the sum of the product of consecutive binomial co-efficients.\nfn sum_Of_product(n: isize) -> isize {\n    let mut sum = 0;\n    for i in 0..n {\n        for j in 0..n {\n            sum += binomial_coefficient(i, j);\n        }\n    }\n    sum\n}\n\nfn main() {\n    let candidate = sum_Of_product;\n    assert_eq!(candidate(3), 15);\n    assert_eq!(candidate(4), 56);\n    assert_eq!(candidate(1), 1);\n}\n",
      "timestamp": 1665510313,
      "stdout": "",
      "stderr": "error[E0425]: cannot find function `binomial_coefficient` in this scope\n --> /tmp/tmplcdyvdpv.rs:6:20\n  |\n6 |             sum += binomial_coefficient(i, j);\n  |                    ^^^^^^^^^^^^^^^^^^^^ not found in this scope\n\nerror: aborting due to previous error\n\nFor more information about this error, try `rustc --explain E0425`.\n",
      "exit_code": 1,
      "status": "SyntaxError"
    },
    {
      "program": "/// Write a python function to find the sum of the product of consecutive binomial co-efficients.\nfn sum_Of_product(n: isize) -> isize {\n    let mut sum = 0;\n    for i in 0..n {\n        sum += (binomial_coefficient(n, i) * binomial_coefficient(n, i + 1));\n    }\n    return sum;\n}\n\nfn main() {\n    let candidate = sum_Of_product;\n    assert_eq!(candidate(3), 15);\n    assert_eq!(candidate(4), 56);\n    assert_eq!(candidate(1), 1);\n}\n",
      "timestamp": 1666123381,
      "stdout": "",
      "stderr": "error[E0425]: cannot find function `binomial_coefficient` in this scope\n --> /tmp/tmp_l1078ux.rs:5:17\n  |\n5 |         sum += (binomial_coefficient(n, i) * binomial_coefficient(n, i + 1));\n  |                 ^^^^^^^^^^^^^^^^^^^^ not found in this scope\n\nerror[E0425]: cannot find function `binomial_coefficient` in this scope\n --> /tmp/tmp_l1078ux.rs:5:46\n  |\n5 |         sum += (binomial_coefficient(n, i) * binomial_coefficient(n, i + 1));\n  |                                              ^^^^^^^^^^^^^^^^^^^^ not found in this scope\n\nwarning: unnecessary parentheses around assigned value\n --> /tmp/tmp_l1078ux.rs:5:16\n  |\n5 |         sum += (binomial_coefficient(n, i) * binomial_coefficient(n, i + 1));\n  |                ^                                                           ^\n  |\n  = note: `#[warn(unused_parens)]` on by default\nhelp: remove these parentheses\n  |\n5 -         sum += (binomial_coefficient(n, i) * binomial_coefficient(n, i + 1));\n5 +         sum += binomial_coefficient(n, i) * binomial_coefficient(n, i + 1);\n  | \n\nerror: aborting due to 2 previous errors; 1 warning emitted\n\nFor more information about this error, try `rustc --explain E0425`.\n",
      "exit_code": 1,
      "status": "SyntaxError"
    },
    {
      "program": "/// Write a python function to find the sum of the product of consecutive binomial co-efficients.\nfn sum_Of_product(n: isize) -> isize {\n    let mut sum = 0;\n    for i in 0..n {\n        sum += product_of_binomial_coefficients(n, i);\n    }\n    sum\n}\n\nfn main() {\n    let candidate = sum_Of_product;\n    assert_eq!(candidate(3), 15);\n    assert_eq!(candidate(4), 56);\n    assert_eq!(candidate(1), 1);\n}\n",
      "timestamp": 1666123381,
      "stdout": "",
      "stderr": "error[E0425]: cannot find function `product_of_binomial_coefficients` in this scope\n --> /tmp/tmp3zohe5so.rs:5:16\n  |\n5 |         sum += product_of_binomial_coefficients(n, i);\n  |                ^^^^^^^^^^^^^^^^^^^^^^^^^^^^^^^^ not found in this scope\n\nerror: aborting due to previous error\n\nFor more information about this error, try `rustc --explain E0425`.\n",
      "exit_code": 1,
      "status": "SyntaxError"
    },
    {
      "program": "/// Write a python function to find the sum of the product of consecutive binomial co-efficients.\nfn sum_Of_product(n: isize) -> isize {\n    let mut sum = 0;\n    for i in 0..n {\n        sum += binomial_coefficient(n, i) * binomial_coefficient(n, i + 1);\n    }\n    sum\n}\n\nfn main() {\n    let candidate = sum_Of_product;\n    assert_eq!(candidate(3), 15);\n    assert_eq!(candidate(4), 56);\n    assert_eq!(candidate(1), 1);\n}\n",
      "timestamp": 1665510313,
      "stdout": "",
      "stderr": "error[E0425]: cannot find function `binomial_coefficient` in this scope\n --> /tmp/tmpdnwbfh3o.rs:5:16\n  |\n5 |         sum += binomial_coefficient(n, i) * binomial_coefficient(n, i + 1);\n  |                ^^^^^^^^^^^^^^^^^^^^ not found in this scope\n\nerror[E0425]: cannot find function `binomial_coefficient` in this scope\n --> /tmp/tmpdnwbfh3o.rs:5:45\n  |\n5 |         sum += binomial_coefficient(n, i) * binomial_coefficient(n, i + 1);\n  |                                             ^^^^^^^^^^^^^^^^^^^^ not found in this scope\n\nerror: aborting due to 2 previous errors\n\nFor more information about this error, try `rustc --explain E0425`.\n",
      "exit_code": 1,
      "status": "SyntaxError"
    },
    {
      "program": "/// Write a python function to find the sum of the product of consecutive binomial co-efficients.\nfn sum_Of_product(n: isize) -> isize {\n    let mut sum = 0;\n    for i in 0..n {\n        sum += binomial_coefficient(n, i) * binomial_coefficient(n, i + 1);\n    }\n    sum\n}\n\nfn main() {\n    let candidate = sum_Of_product;\n    assert_eq!(candidate(3), 15);\n    assert_eq!(candidate(4), 56);\n    assert_eq!(candidate(1), 1);\n}\n",
      "timestamp": 1665510313,
      "stdout": "",
      "stderr": "error[E0425]: cannot find function `binomial_coefficient` in this scope\n --> /tmp/tmpdnwbfh3o.rs:5:16\n  |\n5 |         sum += binomial_coefficient(n, i) * binomial_coefficient(n, i + 1);\n  |                ^^^^^^^^^^^^^^^^^^^^ not found in this scope\n\nerror[E0425]: cannot find function `binomial_coefficient` in this scope\n --> /tmp/tmpdnwbfh3o.rs:5:45\n  |\n5 |         sum += binomial_coefficient(n, i) * binomial_coefficient(n, i + 1);\n  |                                             ^^^^^^^^^^^^^^^^^^^^ not found in this scope\n\nerror: aborting due to 2 previous errors\n\nFor more information about this error, try `rustc --explain E0425`.\n",
      "exit_code": 1,
      "status": "SyntaxError"
    },
    {
      "program": "/// Write a python function to find the sum of the product of consecutive binomial co-efficients.\nfn sum_Of_product(n: isize) -> isize {\n    let mut sum = 0;\n    for i in 0..n {\n        sum += (factorial(n) / (factorial(i) * factorial(n - i))) * (factorial(n) / (factorial(i + 1) * factorial(n - i - 1)));\n    }\n    sum\n}\n\nfn main() {\n    let candidate = sum_Of_product;\n    assert_eq!(candidate(3), 15);\n    assert_eq!(candidate(4), 56);\n    assert_eq!(candidate(1), 1);\n}\n",
      "timestamp": 1666123381,
      "stdout": "",
      "stderr": "error[E0425]: cannot find function `factorial` in this scope\n --> /tmp/tmp9t6dvnke.rs:5:17\n  |\n5 |         sum += (factorial(n) / (factorial(i) * factorial(n - i))) * (factorial(n) / (factorial(i + 1) * factorial(n - i - 1)));\n  |                 ^^^^^^^^^ not found in this scope\n\nerror[E0425]: cannot find function `factorial` in this scope\n --> /tmp/tmp9t6dvnke.rs:5:33\n  |\n5 |         sum += (factorial(n) / (factorial(i) * factorial(n - i))) * (factorial(n) / (factorial(i + 1) * factorial(n - i - 1)));\n  |                                 ^^^^^^^^^ not found in this scope\n\nerror[E0425]: cannot find function `factorial` in this scope\n --> /tmp/tmp9t6dvnke.rs:5:48\n  |\n5 |         sum += (factorial(n) / (factorial(i) * factorial(n - i))) * (factorial(n) / (factorial(i + 1) * factorial(n - i - 1)));\n  |                                                ^^^^^^^^^ not found in this scope\n\nerror[E0425]: cannot find function `factorial` in this scope\n --> /tmp/tmp9t6dvnke.rs:5:70\n  |\n5 |         sum += (factorial(n) / (factorial(i) * factorial(n - i))) * (factorial(n) / (factorial(i + 1) * factorial(n - i - 1)));\n  |                                                                      ^^^^^^^^^ not found in this scope\n\nerror[E0425]: cannot find function `factorial` in this scope\n --> /tmp/tmp9t6dvnke.rs:5:86\n  |\n5 |         sum += (factorial(n) / (factorial(i) * factorial(n - i))) * (factorial(n) / (factorial(i + 1) * factorial(n - i - 1)));\n  |                                                                                      ^^^^^^^^^ not found in this scope\n\nerror[E0425]: cannot find function `factorial` in this scope\n --> /tmp/tmp9t6dvnke.rs:5:105\n  |\n5 |         sum += (factorial(n) / (factorial(i) * factorial(n - i))) * (factorial(n) / (factorial(i + 1) * factorial(n - i - 1)));\n  |                                                                                                         ^^^^^^^^^ not found in this scope\n\nerror: aborting due to 6 previous errors\n\nFor more information about this error, try `rustc --expl",
      "exit_code": 1,
      "status": "SyntaxError"
    },
    {
      "program": "/// Write a python function to find the sum of the product of consecutive binomial co-efficients.\nfn sum_Of_product(n: isize) -> isize {\n    let mut sum = 0;\n    for i in 0..n {\n        sum += binomial_coefficient(n, i) * binomial_coefficient(n, i + 1);\n    }\n    sum\n}\n\nfn main() {\n    let candidate = sum_Of_product;\n    assert_eq!(candidate(3), 15);\n    assert_eq!(candidate(4), 56);\n    assert_eq!(candidate(1), 1);\n}\n",
      "timestamp": 1665510313,
      "stdout": "",
      "stderr": "error[E0425]: cannot find function `binomial_coefficient` in this scope\n --> /tmp/tmpdnwbfh3o.rs:5:16\n  |\n5 |         sum += binomial_coefficient(n, i) * binomial_coefficient(n, i + 1);\n  |                ^^^^^^^^^^^^^^^^^^^^ not found in this scope\n\nerror[E0425]: cannot find function `binomial_coefficient` in this scope\n --> /tmp/tmpdnwbfh3o.rs:5:45\n  |\n5 |         sum += binomial_coefficient(n, i) * binomial_coefficient(n, i + 1);\n  |                                             ^^^^^^^^^^^^^^^^^^^^ not found in this scope\n\nerror: aborting due to 2 previous errors\n\nFor more information about this error, try `rustc --explain E0425`.\n",
      "exit_code": 1,
      "status": "SyntaxError"
    },
    {
      "program": "/// Write a python function to find the sum of the product of consecutive binomial co-efficients.\nfn sum_Of_product(n: isize) -> isize {\n    let mut sum = 0;\n    for i in 0..n {\n        sum += binomial_coeff(n, i);\n    }\n    sum\n}\n\nfn main() {\n    let candidate = sum_Of_product;\n    assert_eq!(candidate(3), 15);\n    assert_eq!(candidate(4), 56);\n    assert_eq!(candidate(1), 1);\n}\n",
      "timestamp": 1666123381,
      "stdout": "",
      "stderr": "error[E0425]: cannot find function `binomial_coeff` in this scope\n --> /tmp/tmp37f1tn63.rs:5:16\n  |\n5 |         sum += binomial_coeff(n, i);\n  |                ^^^^^^^^^^^^^^ not found in this scope\n\nerror: aborting due to previous error\n\nFor more information about this error, try `rustc --explain E0425`.\n",
      "exit_code": 1,
      "status": "SyntaxError"
    },
    {
      "program": "/// Write a python function to find the sum of the product of consecutive binomial co-efficients.\nfn sum_Of_product(n: isize) -> isize {\n    let mut sum = 0;\n    for i in 0..n {\n        for j in 0..n {\n            sum += binomial_coefficient(i, j);\n        }\n    }\n    sum\n}\n\nfn main() {\n    let candidate = sum_Of_product;\n    assert_eq!(candidate(3), 15);\n    assert_eq!(candidate(4), 56);\n    assert_eq!(candidate(1), 1);\n}\n",
      "timestamp": 1665510313,
      "stdout": "",
      "stderr": "error[E0425]: cannot find function `binomial_coefficient` in this scope\n --> /tmp/tmplcdyvdpv.rs:6:20\n  |\n6 |             sum += binomial_coefficient(i, j);\n  |                    ^^^^^^^^^^^^^^^^^^^^ not found in this scope\n\nerror: aborting due to previous error\n\nFor more information about this error, try `rustc --explain E0425`.\n",
      "exit_code": 1,
      "status": "SyntaxError"
    },
    {
      "program": "/// Write a python function to find the sum of the product of consecutive binomial co-efficients.\nfn sum_Of_product(n: isize) -> isize {\n    let mut sum = 0;\n    for i in 0..n + 1 {\n        for j in 0..i + 1 {\n            sum += binomial_coefficient(i, j);\n        }\n    }\n    sum\n}\n\nfn main() {\n    let candidate = sum_Of_product;\n    assert_eq!(candidate(3), 15);\n    assert_eq!(candidate(4), 56);\n    assert_eq!(candidate(1), 1);\n}\n",
      "timestamp": 1666123381,
      "stdout": "",
      "stderr": "error[E0425]: cannot find function `binomial_coefficient` in this scope\n --> /tmp/tmpbjucuvsb.rs:6:20\n  |\n6 |             sum += binomial_coefficient(i, j);\n  |                    ^^^^^^^^^^^^^^^^^^^^ not found in this scope\n\nerror: aborting due to previous error\n\nFor more information about this error, try `rustc --explain E0425`.\n",
      "exit_code": 1,
      "status": "SyntaxError"
    },
    {
      "program": "/// Write a python function to find the sum of the product of consecutive binomial co-efficients.\nfn sum_Of_product(n: isize) -> isize {\n    let mut sum = 0;\n    for i in 0..n {\n        sum += binomial_coefficient(n, i);\n    }\n    sum\n}\n\nfn main() {\n    let candidate = sum_Of_product;\n    assert_eq!(candidate(3), 15);\n    assert_eq!(candidate(4), 56);\n    assert_eq!(candidate(1), 1);\n}\n",
      "timestamp": 1666123381,
      "stdout": "",
      "stderr": "error[E0425]: cannot find function `binomial_coefficient` in this scope\n --> /tmp/tmp9vas0yk9.rs:5:16\n  |\n5 |         sum += binomial_coefficient(n, i);\n  |                ^^^^^^^^^^^^^^^^^^^^ not found in this scope\n\nerror: aborting due to previous error\n\nFor more information about this error, try `rustc --explain E0425`.\n",
      "exit_code": 1,
      "status": "SyntaxError"
    },
    {
      "program": "/// Write a python function to find the sum of the product of consecutive binomial co-efficients.\nfn sum_Of_product(n: isize) -> isize {\n    let mut sum = 0;\n    for i in 0..n {\n        sum += binomial_coefficient(n, i);\n    }\n    sum\n}\n\nfn main() {\n    let candidate = sum_Of_product;\n    assert_eq!(candidate(3), 15);\n    assert_eq!(candidate(4), 56);\n    assert_eq!(candidate(1), 1);\n}\n",
      "timestamp": 1666123381,
      "stdout": "",
      "stderr": "error[E0425]: cannot find function `binomial_coefficient` in this scope\n --> /tmp/tmp9vas0yk9.rs:5:16\n  |\n5 |         sum += binomial_coefficient(n, i);\n  |                ^^^^^^^^^^^^^^^^^^^^ not found in this scope\n\nerror: aborting due to previous error\n\nFor more information about this error, try `rustc --explain E0425`.\n",
      "exit_code": 1,
      "status": "SyntaxError"
    },
    {
      "program": "/// Write a python function to find the sum of the product of consecutive binomial co-efficients.\nfn sum_Of_product(n: isize) -> isize {\n    let mut sum = 0;\n    for i in 1..n {\n        sum += (n - i) * i;\n    }\n    sum\n}\n\nfn main() {\n    let candidate = sum_Of_product;\n    assert_eq!(candidate(3), 15);\n    assert_eq!(candidate(4), 56);\n    assert_eq!(candidate(1), 1);\n}\n",
      "timestamp": 1666123381,
      "stdout": "",
      "stderr": "thread 'main' panicked at 'assertion failed: `(left == right)`\n  left: `4`,\n right: `15`', /tmp/tmp4rp3asaj.rs:12:5\nnote: run with `RUST_BACKTRACE=1` environment variable to display a backtrace\n",
      "exit_code": 101,
      "status": "Exception"
    },
    {
      "program": "/// Write a python function to find the sum of the product of consecutive binomial co-efficients.\nfn sum_Of_product(n: isize) -> isize {\n    let mut sum = 0;\n    for i in 1..n {\n        sum += binomial_coefficient(n, i) * binomial_coefficient(n, i + 1);\n    }\n    sum\n}\n\nfn main() {\n    let candidate = sum_Of_product;\n    assert_eq!(candidate(3), 15);\n    assert_eq!(candidate(4), 56);\n    assert_eq!(candidate(1), 1);\n}\n",
      "timestamp": 1665510313,
      "stdout": "",
      "stderr": "error[E0425]: cannot find function `binomial_coefficient` in this scope\n --> /tmp/tmpqw70r5on.rs:5:16\n  |\n5 |         sum += binomial_coefficient(n, i) * binomial_coefficient(n, i + 1);\n  |                ^^^^^^^^^^^^^^^^^^^^ not found in this scope\n\nerror[E0425]: cannot find function `binomial_coefficient` in this scope\n --> /tmp/tmpqw70r5on.rs:5:45\n  |\n5 |         sum += binomial_coefficient(n, i) * binomial_coefficient(n, i + 1);\n  |                                             ^^^^^^^^^^^^^^^^^^^^ not found in this scope\n\nerror: aborting due to 2 previous errors\n\nFor more information about this error, try `rustc --explain E0425`.\n",
      "exit_code": 1,
      "status": "SyntaxError"
    },
    {
      "program": "/// Write a python function to find the sum of the product of consecutive binomial co-efficients.\nfn sum_Of_product(n: isize) -> isize {\n    let mut sum = 0;\n    for i in 0..n {\n        for j in 0..n {\n            sum += binomial_coefficient(i, j);\n        }\n    }\n    sum\n}\n\nfn main() {\n    let candidate = sum_Of_product;\n    assert_eq!(candidate(3), 15);\n    assert_eq!(candidate(4), 56);\n    assert_eq!(candidate(1), 1);\n}\n",
      "timestamp": 1665510313,
      "stdout": "",
      "stderr": "error[E0425]: cannot find function `binomial_coefficient` in this scope\n --> /tmp/tmplcdyvdpv.rs:6:20\n  |\n6 |             sum += binomial_coefficient(i, j);\n  |                    ^^^^^^^^^^^^^^^^^^^^ not found in this scope\n\nerror: aborting due to previous error\n\nFor more information about this error, try `rustc --explain E0425`.\n",
      "exit_code": 1,
      "status": "SyntaxError"
    }
  ]
}