{
  "name": "mbpp_765_is_polite",
  "language": "rs",
  "prompt": "/// Write a function to find nth polite number. geeksforgeeks.org/n-th-polite-number/\nfn is_polite(n: isize) -> isize {\n",
  "doctests": "keep",
  "original": "/home/arjun/repos/MultiPL-E/datasets/../datasets/mbpp-typed/mbpp_765_is_polite.py",
  "prompt_terminology": "verbatim",
  "tests": "}\n\nfn main() {\n    let candidate = is_polite;\n    assert_eq!(candidate(7), 11);\n    assert_eq!(candidate(4), 7);\n    assert_eq!(candidate(9), 13);\n}\n",
  "stop_tokens": [
    "\n}"
  ],
  "results": [
    {
      "program": "/// Write a function to find nth polite number. geeksforgeeks.org/n-th-polite-number/\nfn is_polite(n: isize) -> isize {\n    let mut i = 1;\n    let mut count = 0;\n    while count < n {\n        if is_prime(i) {\n            count += 1;\n        }\n        i += 1;\n    }\n    i - 1\n}\n\nfn main() {\n    let candidate = is_polite;\n    assert_eq!(candidate(7), 11);\n    assert_eq!(candidate(4), 7);\n    assert_eq!(candidate(9), 13);\n}\n",
      "timestamp": 1665517549,
      "stdout": "",
      "stderr": "error[E0425]: cannot find function `is_prime` in this scope\n --> /tmp/tmpdg7ab2ns.rs:6:12\n  |\n6 |         if is_prime(i) {\n  |            ^^^^^^^^ not found in this scope\n\nerror: aborting due to previous error\n\nFor more information about this error, try `rustc --explain E0425`.\n",
      "exit_code": 1,
      "status": "SyntaxError"
    },
    {
      "program": "/// Write a function to find nth polite number. geeksforgeeks.org/n-th-polite-number/\nfn is_polite(n: isize) -> isize {\n    let mut i = 1;\n    let mut count = 0;\n    while count < n {\n        if is_prime(i) {\n            count += 1;\n        }\n        i += 1;\n    }\n    i - 1\n}\n\nfn main() {\n    let candidate = is_polite;\n    assert_eq!(candidate(7), 11);\n    assert_eq!(candidate(4), 7);\n    assert_eq!(candidate(9), 13);\n}\n",
      "timestamp": 1665517549,
      "stdout": "",
      "stderr": "error[E0425]: cannot find function `is_prime` in this scope\n --> /tmp/tmpdg7ab2ns.rs:6:12\n  |\n6 |         if is_prime(i) {\n  |            ^^^^^^^^ not found in this scope\n\nerror: aborting due to previous error\n\nFor more information about this error, try `rustc --explain E0425`.\n",
      "exit_code": 1,
      "status": "SyntaxError"
    },
    {
      "program": "/// Write a function to find nth polite number. geeksforgeeks.org/n-th-polite-number/\nfn is_polite(n: isize) -> isize {\n    let mut i = 1;\n    let mut count = 0;\n    while count < n {\n        if is_prime(i) {\n            count += 1;\n        }\n        i += 1;\n    }\n    i - 1\n}\n\nfn main() {\n    let candidate = is_polite;\n    assert_eq!(candidate(7), 11);\n    assert_eq!(candidate(4), 7);\n    assert_eq!(candidate(9), 13);\n}\n",
      "timestamp": 1665517549,
      "stdout": "",
      "stderr": "error[E0425]: cannot find function `is_prime` in this scope\n --> /tmp/tmpdg7ab2ns.rs:6:12\n  |\n6 |         if is_prime(i) {\n  |            ^^^^^^^^ not found in this scope\n\nerror: aborting due to previous error\n\nFor more information about this error, try `rustc --explain E0425`.\n",
      "exit_code": 1,
      "status": "SyntaxError"
    },
    {
      "program": "/// Write a function to find nth polite number. geeksforgeeks.org/n-th-polite-number/\nfn is_polite(n: isize) -> isize {\n    let mut n = n;\n    let mut sum = 0;\n    while n > 0 {\n        let digit = n % 10;\n        n = n / 10;\n        sum += digit;\n    }\n    sum\n}\n\nfn main() {\n    let candidate = is_polite;\n    assert_eq!(candidate(7), 11);\n    assert_eq!(candidate(4), 7);\n    assert_eq!(candidate(9), 13);\n}\n",
      "timestamp": 1665517549,
      "stdout": "",
      "stderr": "thread 'main' panicked at 'assertion failed: `(left == right)`\n  left: `7`,\n right: `11`', /tmp/tmpv8dg0g_n.rs:15:5\nnote: run with `RUST_BACKTRACE=1` environment variable to display a backtrace\n",
      "exit_code": 101,
      "status": "Exception"
    },
    {
      "program": "/// Write a function to find nth polite number. geeksforgeeks.org/n-th-polite-number/\nfn is_polite(n: isize) -> isize {\n    let mut i = 1;\n    let mut j = 1;\n    let mut count = 0;\n    while count < n {\n        if i % j == 0 {\n            count += 1;\n        }\n        j += 1;\n        if j > i {\n            i += 1;\n            j = 1;\n        }\n    }\n    i\n}\n\nfn main() {\n    let candidate = is_polite;\n    assert_eq!(candidate(7), 11);\n    assert_eq!(candidate(4), 7);\n    assert_eq!(candidate(9), 13);\n}\n",
      "timestamp": 1665517549,
      "stdout": "",
      "stderr": "thread 'main' panicked at 'assertion failed: `(left == right)`\n  left: `4`,\n right: `11`', /tmp/tmprnwjh1rw.rs:21:5\nnote: run with `RUST_BACKTRACE=1` environment variable to display a backtrace\n",
      "exit_code": 101,
      "status": "Exception"
    },
    {
      "program": "/// Write a function to find nth polite number. geeksforgeeks.org/n-th-polite-number/\nfn is_polite(n: isize) -> isize {\n    let mut i = 1;\n    let mut j = 1;\n    let mut count = 0;\n    while count < n {\n        if n % i == 0 && n % j == 0 {\n            count += 1;\n        }\n        i += 1;\n        j += 1;\n    }\n    return i - 1;\n}\n\nfn main() {\n    let candidate = is_polite;\n    assert_eq!(candidate(7), 11);\n    assert_eq!(candidate(4), 7);\n    assert_eq!(candidate(9), 13);\n}\n",
      "timestamp": 1665517554,
      "stdout": "",
      "stderr": "",
      "exit_code": -1,
      "status": "Timeout"
    },
    {
      "program": "/// Write a function to find nth polite number. geeksforgeeks.org/n-th-polite-number/\nfn is_polite(n: isize) -> isize {\n    let mut i = 1;\n    let mut count = 0;\n    while count < n {\n        if is_prime(i) {\n            count += 1;\n        }\n        i += 1;\n    }\n    i - 1\n}\n\nfn main() {\n    let candidate = is_polite;\n    assert_eq!(candidate(7), 11);\n    assert_eq!(candidate(4), 7);\n    assert_eq!(candidate(9), 13);\n}\n",
      "timestamp": 1665517549,
      "stdout": "",
      "stderr": "error[E0425]: cannot find function `is_prime` in this scope\n --> /tmp/tmpdg7ab2ns.rs:6:12\n  |\n6 |         if is_prime(i) {\n  |            ^^^^^^^^ not found in this scope\n\nerror: aborting due to previous error\n\nFor more information about this error, try `rustc --explain E0425`.\n",
      "exit_code": 1,
      "status": "SyntaxError"
    },
    {
      "program": "/// Write a function to find nth polite number. geeksforgeeks.org/n-th-polite-number/\nfn is_polite(n: isize) -> isize {\n    let mut n = n;\n    let mut count = 0;\n    while n != 0 {\n        if n % 10 == 3 || n % 10 == 5 {\n            count += 1;\n        }\n        n /= 10;\n    }\n    count\n}\n\nfn main() {\n    let candidate = is_polite;\n    assert_eq!(candidate(7), 11);\n    assert_eq!(candidate(4), 7);\n    assert_eq!(candidate(9), 13);\n}\n",
      "timestamp": 1665517549,
      "stdout": "",
      "stderr": "thread 'main' panicked at 'assertion failed: `(left == right)`\n  left: `0`,\n right: `11`', /tmp/tmp3cx1f4if.rs:16:5\nnote: run with `RUST_BACKTRACE=1` environment variable to display a backtrace\n",
      "exit_code": 101,
      "status": "Exception"
    },
    {
      "program": "/// Write a function to find nth polite number. geeksforgeeks.org/n-th-polite-number/\nfn is_polite(n: isize) -> isize {\n    let mut i = 1;\n    let mut count = 0;\n    while count < n {\n        if is_prime(i) {\n            count += 1;\n        }\n        i += 1;\n    }\n    i - 1\n}\n\nfn main() {\n    let candidate = is_polite;\n    assert_eq!(candidate(7), 11);\n    assert_eq!(candidate(4), 7);\n    assert_eq!(candidate(9), 13);\n}\n",
      "timestamp": 1665517549,
      "stdout": "",
      "stderr": "error[E0425]: cannot find function `is_prime` in this scope\n --> /tmp/tmpdg7ab2ns.rs:6:12\n  |\n6 |         if is_prime(i) {\n  |            ^^^^^^^^ not found in this scope\n\nerror: aborting due to previous error\n\nFor more information about this error, try `rustc --explain E0425`.\n",
      "exit_code": 1,
      "status": "SyntaxError"
    },
    {
      "program": "/// Write a function to find nth polite number. geeksforgeeks.org/n-th-polite-number/\nfn is_polite(n: isize) -> isize {\n    let mut i = 1;\n    let mut c = 0;\n    while c < n {\n        if is_prime(i) {\n            c += 1;\n        }\n        i += 1;\n    }\n    i - 1\n}\n\nfn main() {\n    let candidate = is_polite;\n    assert_eq!(candidate(7), 11);\n    assert_eq!(candidate(4), 7);\n    assert_eq!(candidate(9), 13);\n}\n",
      "timestamp": 1665517549,
      "stdout": "",
      "stderr": "error[E0425]: cannot find function `is_prime` in this scope\n --> /tmp/tmpknvylvx1.rs:6:12\n  |\n6 |         if is_prime(i) {\n  |            ^^^^^^^^ not found in this scope\n\nerror: aborting due to previous error\n\nFor more information about this error, try `rustc --explain E0425`.\n",
      "exit_code": 1,
      "status": "SyntaxError"
    },
    {
      "program": "/// Write a function to find nth polite number. geeksforgeeks.org/n-th-polite-number/\nfn is_polite(n: isize) -> isize {\n    let mut n = n;\n    let mut i = 1;\n    while n % i != 0 {\n        i += 1;\n    }\n    n / i\n}\n\nfn main() {\n    let candidate = is_polite;\n    assert_eq!(candidate(7), 11);\n    assert_eq!(candidate(4), 7);\n    assert_eq!(candidate(9), 13);\n}\n",
      "timestamp": 1665517549,
      "stdout": "",
      "stderr": "thread 'main' panicked at 'assertion failed: `(left == right)`\n  left: `7`,\n right: `11`', /tmp/tmpijwydn0p.rs:13:5\nnote: run with `RUST_BACKTRACE=1` environment variable to display a backtrace\n",
      "exit_code": 101,
      "status": "Exception"
    },
    {
      "program": "/// Write a function to find nth polite number. geeksforgeeks.org/n-th-polite-number/\nfn is_polite(n: isize) -> isize {\n    let mut i = 1;\n    let mut count = 0;\n    while count < n {\n        if is_prime(i) {\n            count += 1;\n        }\n        i += 1;\n    }\n    i - 1\n}\n\nfn main() {\n    let candidate = is_polite;\n    assert_eq!(candidate(7), 11);\n    assert_eq!(candidate(4), 7);\n    assert_eq!(candidate(9), 13);\n}\n",
      "timestamp": 1665517549,
      "stdout": "",
      "stderr": "error[E0425]: cannot find function `is_prime` in this scope\n --> /tmp/tmpdg7ab2ns.rs:6:12\n  |\n6 |         if is_prime(i) {\n  |            ^^^^^^^^ not found in this scope\n\nerror: aborting due to previous error\n\nFor more information about this error, try `rustc --explain E0425`.\n",
      "exit_code": 1,
      "status": "SyntaxError"
    },
    {
      "program": "/// Write a function to find nth polite number. geeksforgeeks.org/n-th-polite-number/\nfn is_polite(n: isize) -> isize {\n    let mut i = 1;\n    let mut j = 1;\n    let mut count = 0;\n    while count < n {\n        if i % j == 0 {\n            count += 1;\n        }\n        j += 1;\n        if j > i {\n            i += 1;\n            j = 1;\n        }\n    }\n    i\n}\n\nfn main() {\n    let candidate = is_polite;\n    assert_eq!(candidate(7), 11);\n    assert_eq!(candidate(4), 7);\n    assert_eq!(candidate(9), 13);\n}\n",
      "timestamp": 1665517549,
      "stdout": "",
      "stderr": "thread 'main' panicked at 'assertion failed: `(left == right)`\n  left: `4`,\n right: `11`', /tmp/tmprnwjh1rw.rs:21:5\nnote: run with `RUST_BACKTRACE=1` environment variable to display a backtrace\n",
      "exit_code": 101,
      "status": "Exception"
    },
    {
      "program": "/// Write a function to find nth polite number. geeksforgeeks.org/n-th-polite-number/\nfn is_polite(n: isize) -> isize {\n    let mut i = 1;\n    let mut j = 1;\n    let mut count = 0;\n    while count < n {\n        if i % j == 0 {\n            count += 1;\n        }\n        j += 1;\n        if j > i {\n            i += 1;\n            j = 1;\n        }\n    }\n    i\n}\n\nfn main() {\n    let candidate = is_polite;\n    assert_eq!(candidate(7), 11);\n    assert_eq!(candidate(4), 7);\n    assert_eq!(candidate(9), 13);\n}\n",
      "timestamp": 1665517549,
      "stdout": "",
      "stderr": "thread 'main' panicked at 'assertion failed: `(left == right)`\n  left: `4`,\n right: `11`', /tmp/tmprnwjh1rw.rs:21:5\nnote: run with `RUST_BACKTRACE=1` environment variable to display a backtrace\n",
      "exit_code": 101,
      "status": "Exception"
    },
    {
      "program": "/// Write a function to find nth polite number. geeksforgeeks.org/n-th-polite-number/\nfn is_polite(n: isize) -> isize {\n    let mut i = 1;\n    let mut j = 1;\n    let mut count = 0;\n    while count < n {\n        if i % j == 0 {\n            count += 1;\n        }\n        j += 1;\n        if j > i {\n            i += 1;\n            j = 1;\n        }\n    }\n    i\n}\n\nfn main() {\n    let candidate = is_polite;\n    assert_eq!(candidate(7), 11);\n    assert_eq!(candidate(4), 7);\n    assert_eq!(candidate(9), 13);\n}\n",
      "timestamp": 1665517549,
      "stdout": "",
      "stderr": "thread 'main' panicked at 'assertion failed: `(left == right)`\n  left: `4`,\n right: `11`', /tmp/tmprnwjh1rw.rs:21:5\nnote: run with `RUST_BACKTRACE=1` environment variable to display a backtrace\n",
      "exit_code": 101,
      "status": "Exception"
    },
    {
      "program": "/// Write a function to find nth polite number. geeksforgeeks.org/n-th-polite-number/\nfn is_polite(n: isize) -> isize {\n    let mut i = 1;\n    let mut count = 0;\n    while count < n {\n        if is_prime(i) {\n            count += 1;\n        }\n        i += 1;\n    }\n    i - 1\n}\n\nfn main() {\n    let candidate = is_polite;\n    assert_eq!(candidate(7), 11);\n    assert_eq!(candidate(4), 7);\n    assert_eq!(candidate(9), 13);\n}\n",
      "timestamp": 1665517549,
      "stdout": "",
      "stderr": "error[E0425]: cannot find function `is_prime` in this scope\n --> /tmp/tmpdg7ab2ns.rs:6:12\n  |\n6 |         if is_prime(i) {\n  |            ^^^^^^^^ not found in this scope\n\nerror: aborting due to previous error\n\nFor more information about this error, try `rustc --explain E0425`.\n",
      "exit_code": 1,
      "status": "SyntaxError"
    },
    {
      "program": "/// Write a function to find nth polite number. geeksforgeeks.org/n-th-polite-number/\nfn is_polite(n: isize) -> isize {\n    let mut i = 1;\n    let mut count = 0;\n    while count < n {\n        if is_prime(i) {\n            count += 1;\n        }\n        i += 1;\n    }\n    i - 1\n}\n\nfn main() {\n    let candidate = is_polite;\n    assert_eq!(candidate(7), 11);\n    assert_eq!(candidate(4), 7);\n    assert_eq!(candidate(9), 13);\n}\n",
      "timestamp": 1665517549,
      "stdout": "",
      "stderr": "error[E0425]: cannot find function `is_prime` in this scope\n --> /tmp/tmpdg7ab2ns.rs:6:12\n  |\n6 |         if is_prime(i) {\n  |            ^^^^^^^^ not found in this scope\n\nerror: aborting due to previous error\n\nFor more information about this error, try `rustc --explain E0425`.\n",
      "exit_code": 1,
      "status": "SyntaxError"
    },
    {
      "program": "/// Write a function to find nth polite number. geeksforgeeks.org/n-th-polite-number/\nfn is_polite(n: isize) -> isize {\n    let mut i = 1;\n    let mut j = 1;\n    let mut count = 0;\n    while count < n {\n        if i % j == 0 {\n            count += 1;\n        }\n        j += 1;\n        if j > i {\n            i += 1;\n            j = 1;\n        }\n    }\n    i\n}\n\nfn main() {\n    let candidate = is_polite;\n    assert_eq!(candidate(7), 11);\n    assert_eq!(candidate(4), 7);\n    assert_eq!(candidate(9), 13);\n}\n",
      "timestamp": 1665517549,
      "stdout": "",
      "stderr": "thread 'main' panicked at 'assertion failed: `(left == right)`\n  left: `4`,\n right: `11`', /tmp/tmprnwjh1rw.rs:21:5\nnote: run with `RUST_BACKTRACE=1` environment variable to display a backtrace\n",
      "exit_code": 101,
      "status": "Exception"
    },
    {
      "program": "/// Write a function to find nth polite number. geeksforgeeks.org/n-th-polite-number/\nfn is_polite(n: isize) -> isize {\n    let mut i = 1;\n    let mut count = 0;\n    while count < n {\n        if is_prime(i) {\n            count += 1;\n        }\n        i += 1;\n    }\n    i - 1\n}\n\nfn main() {\n    let candidate = is_polite;\n    assert_eq!(candidate(7), 11);\n    assert_eq!(candidate(4), 7);\n    assert_eq!(candidate(9), 13);\n}\n",
      "timestamp": 1665517549,
      "stdout": "",
      "stderr": "error[E0425]: cannot find function `is_prime` in this scope\n --> /tmp/tmpdg7ab2ns.rs:6:12\n  |\n6 |         if is_prime(i) {\n  |            ^^^^^^^^ not found in this scope\n\nerror: aborting due to previous error\n\nFor more information about this error, try `rustc --explain E0425`.\n",
      "exit_code": 1,
      "status": "SyntaxError"
    },
    {
      "program": "/// Write a function to find nth polite number. geeksforgeeks.org/n-th-polite-number/\nfn is_polite(n: isize) -> isize {\n    let mut i = 1;\n    let mut j = 1;\n    let mut count = 0;\n    while count < n {\n        if i % j == 0 {\n            count += 1;\n        }\n        if count == n {\n            return i;\n        }\n        i += 1;\n        j += 1;\n    }\n    return 0;\n}\n\nfn main() {\n    let candidate = is_polite;\n    assert_eq!(candidate(7), 11);\n    assert_eq!(candidate(4), 7);\n    assert_eq!(candidate(9), 13);\n}\n",
      "timestamp": 1665517549,
      "stdout": "",
      "stderr": "thread 'main' panicked at 'assertion failed: `(left == right)`\n  left: `7`,\n right: `11`', /tmp/tmp_s85c1eh.rs:21:5\nnote: run with `RUST_BACKTRACE=1` environment variable to display a backtrace\n",
      "exit_code": 101,
      "status": "Exception"
    },
    {
      "program": "/// Write a function to find nth polite number. geeksforgeeks.org/n-th-polite-number/\nfn is_polite(n: isize) -> isize {\n    let mut n = n;\n    let mut i = 1;\n    while n % i != 0 {\n        i += 1;\n    }\n    n / i\n}\n\nfn main() {\n    let candidate = is_polite;\n    assert_eq!(candidate(7), 11);\n    assert_eq!(candidate(4), 7);\n    assert_eq!(candidate(9), 13);\n}\n",
      "timestamp": 1665517549,
      "stdout": "",
      "stderr": "thread 'main' panicked at 'assertion failed: `(left == right)`\n  left: `7`,\n right: `11`', /tmp/tmpijwydn0p.rs:13:5\nnote: run with `RUST_BACKTRACE=1` environment variable to display a backtrace\n",
      "exit_code": 101,
      "status": "Exception"
    },
    {
      "program": "/// Write a function to find nth polite number. geeksforgeeks.org/n-th-polite-number/\nfn is_polite(n: isize) -> isize {\n    let mut i = 1;\n    while n % i != 0 {\n        i += 1;\n    }\n    i\n}\n\nfn main() {\n    let candidate = is_polite;\n    assert_eq!(candidate(7), 11);\n    assert_eq!(candidate(4), 7);\n    assert_eq!(candidate(9), 13);\n}\n",
      "timestamp": 1666123756,
      "stdout": "",
      "stderr": "thread 'main' panicked at 'assertion failed: `(left == right)`\n  left: `1`,\n right: `11`', /tmp/tmpz938k3em.rs:12:5\nnote: run with `RUST_BACKTRACE=1` environment variable to display a backtrace\n",
      "exit_code": 101,
      "status": "Exception"
    },
    {
      "program": "/// Write a function to find nth polite number. geeksforgeeks.org/n-th-polite-number/\nfn is_polite(n: isize) -> isize {\n    let mut i = 1;\n    let mut j = 1;\n    let mut count = 0;\n    while count < n {\n        if i % j == 0 {\n            count += 1;\n        }\n        j += 1;\n        if j > i {\n            i += 1;\n            j = 1;\n        }\n    }\n    i\n}\n\nfn main() {\n    let candidate = is_polite;\n    assert_eq!(candidate(7), 11);\n    assert_eq!(candidate(4), 7);\n    assert_eq!(candidate(9), 13);\n}\n",
      "timestamp": 1665517549,
      "stdout": "",
      "stderr": "thread 'main' panicked at 'assertion failed: `(left == right)`\n  left: `4`,\n right: `11`', /tmp/tmprnwjh1rw.rs:21:5\nnote: run with `RUST_BACKTRACE=1` environment variable to display a backtrace\n",
      "exit_code": 101,
      "status": "Exception"
    },
    {
      "program": "/// Write a function to find nth polite number. geeksforgeeks.org/n-th-polite-number/\nfn is_polite(n: isize) -> isize {\n    let mut i = 1;\n    let mut count = 0;\n    while count < n {\n        if is_prime(i) {\n            count += 1;\n        }\n        i += 1;\n    }\n    i - 1\n}\n\nfn main() {\n    let candidate = is_polite;\n    assert_eq!(candidate(7), 11);\n    assert_eq!(candidate(4), 7);\n    assert_eq!(candidate(9), 13);\n}\n",
      "timestamp": 1665517549,
      "stdout": "",
      "stderr": "error[E0425]: cannot find function `is_prime` in this scope\n --> /tmp/tmpdg7ab2ns.rs:6:12\n  |\n6 |         if is_prime(i) {\n  |            ^^^^^^^^ not found in this scope\n\nerror: aborting due to previous error\n\nFor more information about this error, try `rustc --explain E0425`.\n",
      "exit_code": 1,
      "status": "SyntaxError"
    },
    {
      "program": "/// Write a function to find nth polite number. geeksforgeeks.org/n-th-polite-number/\nfn is_polite(n: isize) -> isize {\n    let mut i = 1;\n    let mut j = 1;\n    let mut count = 0;\n    while count < n {\n        if is_prime(i) {\n            count += 1;\n            if count == n {\n                return i;\n            }\n        }\n        if is_prime(j) {\n            count += 1;\n            if count == n {\n                return j;\n            }\n        }\n        i += 1;\n        j += 2;\n    }\n    return 0;\n}\n\nfn main() {\n    let candidate = is_polite;\n    assert_eq!(candidate(7), 11);\n    assert_eq!(candidate(4), 7);\n    assert_eq!(candidate(9), 13);\n}\n",
      "timestamp": 1666123762,
      "stdout": "",
      "stderr": "error[E0425]: cannot find function `is_prime` in this scope\n --> /tmp/tmpq6naxudh.rs:7:12\n  |\n7 |         if is_prime(i) {\n  |            ^^^^^^^^ not found in this scope\n\nerror[E0425]: cannot find function `is_prime` in this scope\n  --> /tmp/tmpq6naxudh.rs:13:12\n   |\n13 |         if is_prime(j) {\n   |            ^^^^^^^^ not found in this scope\n\nerror: aborting due to 2 previous errors\n\nFor more information about this error, try `rustc --explain E0425`.\n",
      "exit_code": 1,
      "status": "SyntaxError"
    },
    {
      "program": "/// Write a function to find nth polite number. geeksforgeeks.org/n-th-polite-number/\nfn is_polite(n: isize) -> isize {\n    let mut i = 1;\n    let mut count = 0;\n    while count < n {\n        if is_prime(i) {\n            count += 1;\n        }\n        i += 1;\n    }\n    i - 1\n}\n\nfn main() {\n    let candidate = is_polite;\n    assert_eq!(candidate(7), 11);\n    assert_eq!(candidate(4), 7);\n    assert_eq!(candidate(9), 13);\n}\n",
      "timestamp": 1665517549,
      "stdout": "",
      "stderr": "error[E0425]: cannot find function `is_prime` in this scope\n --> /tmp/tmpdg7ab2ns.rs:6:12\n  |\n6 |         if is_prime(i) {\n  |            ^^^^^^^^ not found in this scope\n\nerror: aborting due to previous error\n\nFor more information about this error, try `rustc --explain E0425`.\n",
      "exit_code": 1,
      "status": "SyntaxError"
    },
    {
      "program": "/// Write a function to find nth polite number. geeksforgeeks.org/n-th-polite-number/\nfn is_polite(n: isize) -> isize {\n    let mut i = 1;\n    let mut j = 1;\n    let mut count = 0;\n    while count < n {\n        if i % j == 0 {\n            count += 1;\n        }\n        j += 1;\n        if j > i {\n            i += 1;\n            j = 1;\n        }\n    }\n    i\n}\n\nfn main() {\n    let candidate = is_polite;\n    assert_eq!(candidate(7), 11);\n    assert_eq!(candidate(4), 7);\n    assert_eq!(candidate(9), 13);\n}\n",
      "timestamp": 1665517549,
      "stdout": "",
      "stderr": "thread 'main' panicked at 'assertion failed: `(left == right)`\n  left: `4`,\n right: `11`', /tmp/tmprnwjh1rw.rs:21:5\nnote: run with `RUST_BACKTRACE=1` environment variable to display a backtrace\n",
      "exit_code": 101,
      "status": "Exception"
    },
    {
      "program": "/// Write a function to find nth polite number. geeksforgeeks.org/n-th-polite-number/\nfn is_polite(n: isize) -> isize {\n    let mut i = 1;\n    let mut count = 0;\n    while count < n {\n        if is_prime(i) {\n            count += 1;\n        }\n        i += 1;\n    }\n    i - 1\n}\n\nfn main() {\n    let candidate = is_polite;\n    assert_eq!(candidate(7), 11);\n    assert_eq!(candidate(4), 7);\n    assert_eq!(candidate(9), 13);\n}\n",
      "timestamp": 1665517549,
      "stdout": "",
      "stderr": "error[E0425]: cannot find function `is_prime` in this scope\n --> /tmp/tmpdg7ab2ns.rs:6:12\n  |\n6 |         if is_prime(i) {\n  |            ^^^^^^^^ not found in this scope\n\nerror: aborting due to previous error\n\nFor more information about this error, try `rustc --explain E0425`.\n",
      "exit_code": 1,
      "status": "SyntaxError"
    },
    {
      "program": "/// Write a function to find nth polite number. geeksforgeeks.org/n-th-polite-number/\nfn is_polite(n: isize) -> isize {\n    let mut i = 1;\n    let mut count = 0;\n    while count < n {\n        if is_prime(i) {\n            count += 1;\n        }\n        i += 1;\n    }\n    i - 1\n}\n\nfn main() {\n    let candidate = is_polite;\n    assert_eq!(candidate(7), 11);\n    assert_eq!(candidate(4), 7);\n    assert_eq!(candidate(9), 13);\n}\n",
      "timestamp": 1665517549,
      "stdout": "",
      "stderr": "error[E0425]: cannot find function `is_prime` in this scope\n --> /tmp/tmpdg7ab2ns.rs:6:12\n  |\n6 |         if is_prime(i) {\n  |            ^^^^^^^^ not found in this scope\n\nerror: aborting due to previous error\n\nFor more information about this error, try `rustc --explain E0425`.\n",
      "exit_code": 1,
      "status": "SyntaxError"
    },
    {
      "program": "/// Write a function to find nth polite number. geeksforgeeks.org/n-th-polite-number/\nfn is_polite(n: isize) -> isize {\n    let mut i = 1;\n    let mut count = 0;\n    while count < n {\n        if is_prime(i) {\n            count += 1;\n        }\n        i += 1;\n    }\n    i - 1\n}\n\nfn main() {\n    let candidate = is_polite;\n    assert_eq!(candidate(7), 11);\n    assert_eq!(candidate(4), 7);\n    assert_eq!(candidate(9), 13);\n}\n",
      "timestamp": 1665517549,
      "stdout": "",
      "stderr": "error[E0425]: cannot find function `is_prime` in this scope\n --> /tmp/tmpdg7ab2ns.rs:6:12\n  |\n6 |         if is_prime(i) {\n  |            ^^^^^^^^ not found in this scope\n\nerror: aborting due to previous error\n\nFor more information about this error, try `rustc --explain E0425`.\n",
      "exit_code": 1,
      "status": "SyntaxError"
    },
    {
      "program": "/// Write a function to find nth polite number. geeksforgeeks.org/n-th-polite-number/\nfn is_polite(n: isize) -> isize {\n    let mut i = 1;\n    let mut j = 1;\n    let mut count = 0;\n    while count < n {\n        if is_prime(i) {\n            count += 1;\n            if count == n {\n                return i;\n            }\n        }\n        i += 1;\n        if is_prime(j) {\n            count += 1;\n            if count == n {\n                return j;\n            }\n        }\n        j += 1;\n    }\n    return 0;\n}\n\nfn main() {\n    let candidate = is_polite;\n    assert_eq!(candidate(7), 11);\n    assert_eq!(candidate(4), 7);\n    assert_eq!(candidate(9), 13);\n}\n",
      "timestamp": 1666123762,
      "stdout": "",
      "stderr": "error[E0425]: cannot find function `is_prime` in this scope\n --> /tmp/tmpj3wnhi05.rs:7:12\n  |\n7 |         if is_prime(i) {\n  |            ^^^^^^^^ not found in this scope\n\nerror[E0425]: cannot find function `is_prime` in this scope\n  --> /tmp/tmpj3wnhi05.rs:14:12\n   |\n14 |         if is_prime(j) {\n   |            ^^^^^^^^ not found in this scope\n\nerror: aborting due to 2 previous errors\n\nFor more information about this error, try `rustc --explain E0425`.\n",
      "exit_code": 1,
      "status": "SyntaxError"
    },
    {
      "program": "/// Write a function to find nth polite number. geeksforgeeks.org/n-th-polite-number/\nfn is_polite(n: isize) -> isize {\n    let mut i = 1;\n    let mut j = 1;\n    let mut count = 0;\n    while count < n {\n        if i % j == 0 {\n            count += 1;\n        }\n        j += 1;\n        if j > i {\n            i += 1;\n            j = 1;\n        }\n    }\n    i\n}\n\nfn main() {\n    let candidate = is_polite;\n    assert_eq!(candidate(7), 11);\n    assert_eq!(candidate(4), 7);\n    assert_eq!(candidate(9), 13);\n}\n",
      "timestamp": 1665517549,
      "stdout": "",
      "stderr": "thread 'main' panicked at 'assertion failed: `(left == right)`\n  left: `4`,\n right: `11`', /tmp/tmprnwjh1rw.rs:21:5\nnote: run with `RUST_BACKTRACE=1` environment variable to display a backtrace\n",
      "exit_code": 101,
      "status": "Exception"
    },
    {
      "program": "/// Write a function to find nth polite number. geeksforgeeks.org/n-th-polite-number/\nfn is_polite(n: isize) -> isize {\n    let mut i = 1;\n    let mut count = 0;\n    while count < n {\n        if is_prime(i) {\n            count += 1;\n        }\n        i += 1;\n    }\n    i - 1\n}\n\nfn main() {\n    let candidate = is_polite;\n    assert_eq!(candidate(7), 11);\n    assert_eq!(candidate(4), 7);\n    assert_eq!(candidate(9), 13);\n}\n",
      "timestamp": 1665517549,
      "stdout": "",
      "stderr": "error[E0425]: cannot find function `is_prime` in this scope\n --> /tmp/tmpdg7ab2ns.rs:6:12\n  |\n6 |         if is_prime(i) {\n  |            ^^^^^^^^ not found in this scope\n\nerror: aborting due to previous error\n\nFor more information about this error, try `rustc --explain E0425`.\n",
      "exit_code": 1,
      "status": "SyntaxError"
    },
    {
      "program": "/// Write a function to find nth polite number. geeksforgeeks.org/n-th-polite-number/\nfn is_polite(n: isize) -> isize {\n    let mut i = 1;\n    let mut j = 1;\n    let mut count = 0;\n    while count < n {\n        if i % j == 0 {\n            count += 1;\n        }\n        j += 1;\n        if j > i {\n            i += 1;\n            j = 1;\n        }\n    }\n    i\n}\n\nfn main() {\n    let candidate = is_polite;\n    assert_eq!(candidate(7), 11);\n    assert_eq!(candidate(4), 7);\n    assert_eq!(candidate(9), 13);\n}\n",
      "timestamp": 1665517549,
      "stdout": "",
      "stderr": "thread 'main' panicked at 'assertion failed: `(left == right)`\n  left: `4`,\n right: `11`', /tmp/tmprnwjh1rw.rs:21:5\nnote: run with `RUST_BACKTRACE=1` environment variable to display a backtrace\n",
      "exit_code": 101,
      "status": "Exception"
    },
    {
      "program": "/// Write a function to find nth polite number. geeksforgeeks.org/n-th-polite-number/\nfn is_polite(n: isize) -> isize {\n    let mut i = 1;\n    let mut j = 1;\n    let mut count = 0;\n    while count < n {\n        if is_prime(i) {\n            count += 1;\n            if count == n {\n                return i;\n            }\n        }\n        i += 1;\n        if is_prime(j) {\n            count += 1;\n            if count == n {\n                return j;\n            }\n        }\n        j += 1;\n    }\n    return 0;\n}\n\nfn main() {\n    let candidate = is_polite;\n    assert_eq!(candidate(7), 11);\n    assert_eq!(candidate(4), 7);\n    assert_eq!(candidate(9), 13);\n}\n",
      "timestamp": 1666123762,
      "stdout": "",
      "stderr": "error[E0425]: cannot find function `is_prime` in this scope\n --> /tmp/tmpj3wnhi05.rs:7:12\n  |\n7 |         if is_prime(i) {\n  |            ^^^^^^^^ not found in this scope\n\nerror[E0425]: cannot find function `is_prime` in this scope\n  --> /tmp/tmpj3wnhi05.rs:14:12\n   |\n14 |         if is_prime(j) {\n   |            ^^^^^^^^ not found in this scope\n\nerror: aborting due to 2 previous errors\n\nFor more information about this error, try `rustc --explain E0425`.\n",
      "exit_code": 1,
      "status": "SyntaxError"
    },
    {
      "program": "/// Write a function to find nth polite number. geeksforgeeks.org/n-th-polite-number/\nfn is_polite(n: isize) -> isize {\n    let mut i = 1;\n    let mut j = 1;\n    let mut count = 0;\n    while count < n {\n        if i % j == 0 {\n            count += 1;\n        }\n        if count == n {\n            return i;\n        }\n        j += 1;\n        if j > i {\n            i += 1;\n            j = 1;\n        }\n    }\n    return -1;\n}\n\nfn main() {\n    let candidate = is_polite;\n    assert_eq!(candidate(7), 11);\n    assert_eq!(candidate(4), 7);\n    assert_eq!(candidate(9), 13);\n}\n",
      "timestamp": 1665517549,
      "stdout": "",
      "stderr": "thread 'main' panicked at 'assertion failed: `(left == right)`\n  left: `4`,\n right: `11`', /tmp/tmpdqq01vtw.rs:24:5\nnote: run with `RUST_BACKTRACE=1` environment variable to display a backtrace\n",
      "exit_code": 101,
      "status": "Exception"
    },
    {
      "program": "/// Write a function to find nth polite number. geeksforgeeks.org/n-th-polite-number/\nfn is_polite(n: isize) -> isize {\n    let mut i = 1;\n    while n % i != 0 {\n        i += 1;\n    }\n    i\n}\n\nfn main() {\n    let candidate = is_polite;\n    assert_eq!(candidate(7), 11);\n    assert_eq!(candidate(4), 7);\n    assert_eq!(candidate(9), 13);\n}\n",
      "timestamp": 1666123756,
      "stdout": "",
      "stderr": "thread 'main' panicked at 'assertion failed: `(left == right)`\n  left: `1`,\n right: `11`', /tmp/tmpz938k3em.rs:12:5\nnote: run with `RUST_BACKTRACE=1` environment variable to display a backtrace\n",
      "exit_code": 101,
      "status": "Exception"
    },
    {
      "program": "/// Write a function to find nth polite number. geeksforgeeks.org/n-th-polite-number/\nfn is_polite(n: isize) -> isize {\n    let mut i = 1;\n    let mut count = 0;\n    while count < n {\n        if is_prime(i) {\n            count += 1;\n        }\n        i += 1;\n    }\n    i - 1\n}\n\nfn main() {\n    let candidate = is_polite;\n    assert_eq!(candidate(7), 11);\n    assert_eq!(candidate(4), 7);\n    assert_eq!(candidate(9), 13);\n}\n",
      "timestamp": 1665517549,
      "stdout": "",
      "stderr": "error[E0425]: cannot find function `is_prime` in this scope\n --> /tmp/tmpdg7ab2ns.rs:6:12\n  |\n6 |         if is_prime(i) {\n  |            ^^^^^^^^ not found in this scope\n\nerror: aborting due to previous error\n\nFor more information about this error, try `rustc --explain E0425`.\n",
      "exit_code": 1,
      "status": "SyntaxError"
    },
    {
      "program": "/// Write a function to find nth polite number. geeksforgeeks.org/n-th-polite-number/\nfn is_polite(n: isize) -> isize {\n    let mut n = n;\n    let mut count = 0;\n    while n > 0 {\n        if n % 10 == 4 || n % 10 == 6 {\n            count += 1;\n        }\n        n /= 10;\n    }\n    count\n}\n\nfn main() {\n    let candidate = is_polite;\n    assert_eq!(candidate(7), 11);\n    assert_eq!(candidate(4), 7);\n    assert_eq!(candidate(9), 13);\n}\n",
      "timestamp": 1666123756,
      "stdout": "",
      "stderr": "thread 'main' panicked at 'assertion failed: `(left == right)`\n  left: `0`,\n right: `11`', /tmp/tmpco_4fe32.rs:16:5\nnote: run with `RUST_BACKTRACE=1` environment variable to display a backtrace\n",
      "exit_code": 101,
      "status": "Exception"
    },
    {
      "program": "/// Write a function to find nth polite number. geeksforgeeks.org/n-th-polite-number/\nfn is_polite(n: isize) -> isize {\n    let mut i = 1;\n    let mut sum = 0;\n    while sum < n {\n        i += 1;\n        if is_prime(i) {\n            sum += 1;\n        }\n    }\n    i\n}\n\nfn main() {\n    let candidate = is_polite;\n    assert_eq!(candidate(7), 11);\n    assert_eq!(candidate(4), 7);\n    assert_eq!(candidate(9), 13);\n}\n",
      "timestamp": 1666123762,
      "stdout": "",
      "stderr": "error[E0425]: cannot find function `is_prime` in this scope\n --> /tmp/tmp8kcj9vjz.rs:7:12\n  |\n7 |         if is_prime(i) {\n  |            ^^^^^^^^ not found in this scope\n\nerror: aborting due to previous error\n\nFor more information about this error, try `rustc --explain E0425`.\n",
      "exit_code": 1,
      "status": "SyntaxError"
    },
    {
      "program": "/// Write a function to find nth polite number. geeksforgeeks.org/n-th-polite-number/\nfn is_polite(n: isize) -> isize {\n    let mut i = 1;\n    let mut n = n;\n    while n % 2 == 0 {\n        n /= 2;\n        i += 1;\n    }\n    i\n}\n\nfn main() {\n    let candidate = is_polite;\n    assert_eq!(candidate(7), 11);\n    assert_eq!(candidate(4), 7);\n    assert_eq!(candidate(9), 13);\n}\n",
      "timestamp": 1666123762,
      "stdout": "",
      "stderr": "thread 'main' panicked at 'assertion failed: `(left == right)`\n  left: `1`,\n right: `11`', /tmp/tmpfl5wh4ua.rs:14:5\nnote: run with `RUST_BACKTRACE=1` environment variable to display a backtrace\n",
      "exit_code": 101,
      "status": "Exception"
    },
    {
      "program": "/// Write a function to find nth polite number. geeksforgeeks.org/n-th-polite-number/\nfn is_polite(n: isize) -> isize {\n    let mut i = 1;\n    let mut j = 1;\n    let mut count = 0;\n    while count < n {\n        if i % j == 0 {\n            count += 1;\n        }\n        j += 1;\n        if j > i {\n            i += 1;\n            j = 1;\n        }\n    }\n    i\n}\n\nfn main() {\n    let candidate = is_polite;\n    assert_eq!(candidate(7), 11);\n    assert_eq!(candidate(4), 7);\n    assert_eq!(candidate(9), 13);\n}\n",
      "timestamp": 1665517549,
      "stdout": "",
      "stderr": "thread 'main' panicked at 'assertion failed: `(left == right)`\n  left: `4`,\n right: `11`', /tmp/tmprnwjh1rw.rs:21:5\nnote: run with `RUST_BACKTRACE=1` environment variable to display a backtrace\n",
      "exit_code": 101,
      "status": "Exception"
    },
    {
      "program": "/// Write a function to find nth polite number. geeksforgeeks.org/n-th-polite-number/\nfn is_polite(n: isize) -> isize {\n    let mut n = n;\n    let mut count = 0;\n    while n % 2 == 0 {\n        n /= 2;\n        count += 1;\n    }\n    while n % 3 == 0 {\n        n /= 3;\n        count += 1;\n    }\n    while n % 5 == 0 {\n        n /= 5;\n        count += 1;\n    }\n    if n == 1 {\n        count\n    } else {\n        0\n    }\n}\n\nfn main() {\n    let candidate = is_polite;\n    assert_eq!(candidate(7), 11);\n    assert_eq!(candidate(4), 7);\n    assert_eq!(candidate(9), 13);\n}\n",
      "timestamp": 1665517549,
      "stdout": "",
      "stderr": "thread 'main' panicked at 'assertion failed: `(left == right)`\n  left: `0`,\n right: `11`', /tmp/tmp2jkvu0be.rs:26:5\nnote: run with `RUST_BACKTRACE=1` environment variable to display a backtrace\n",
      "exit_code": 101,
      "status": "Exception"
    },
    {
      "program": "/// Write a function to find nth polite number. geeksforgeeks.org/n-th-polite-number/\nfn is_polite(n: isize) -> isize {\n    let mut i = 1;\n    let mut count = 0;\n    while count < n {\n        if is_prime(i) {\n            count += 1;\n        }\n        i += 1;\n    }\n    i - 1\n}\n\nfn main() {\n    let candidate = is_polite;\n    assert_eq!(candidate(7), 11);\n    assert_eq!(candidate(4), 7);\n    assert_eq!(candidate(9), 13);\n}\n",
      "timestamp": 1665517549,
      "stdout": "",
      "stderr": "error[E0425]: cannot find function `is_prime` in this scope\n --> /tmp/tmpdg7ab2ns.rs:6:12\n  |\n6 |         if is_prime(i) {\n  |            ^^^^^^^^ not found in this scope\n\nerror: aborting due to previous error\n\nFor more information about this error, try `rustc --explain E0425`.\n",
      "exit_code": 1,
      "status": "SyntaxError"
    },
    {
      "program": "/// Write a function to find nth polite number. geeksforgeeks.org/n-th-polite-number/\nfn is_polite(n: isize) -> isize {\n    let mut i = 1;\n    let mut j = 1;\n    let mut count = 0;\n    while count < n {\n        if is_prime(i) {\n            count += 1;\n            if count == n {\n                return i;\n            }\n        }\n        i += 1;\n        if is_prime(j) {\n            count += 1;\n            if count == n {\n                return j;\n            }\n        }\n        j += 1;\n    }\n    return 0;\n}\n\nfn main() {\n    let candidate = is_polite;\n    assert_eq!(candidate(7), 11);\n    assert_eq!(candidate(4), 7);\n    assert_eq!(candidate(9), 13);\n}\n",
      "timestamp": 1666123762,
      "stdout": "",
      "stderr": "error[E0425]: cannot find function `is_prime` in this scope\n --> /tmp/tmpj3wnhi05.rs:7:12\n  |\n7 |         if is_prime(i) {\n  |            ^^^^^^^^ not found in this scope\n\nerror[E0425]: cannot find function `is_prime` in this scope\n  --> /tmp/tmpj3wnhi05.rs:14:12\n   |\n14 |         if is_prime(j) {\n   |            ^^^^^^^^ not found in this scope\n\nerror: aborting due to 2 previous errors\n\nFor more information about this error, try `rustc --explain E0425`.\n",
      "exit_code": 1,
      "status": "SyntaxError"
    },
    {
      "program": "/// Write a function to find nth polite number. geeksforgeeks.org/n-th-polite-number/\nfn is_polite(n: isize) -> isize {\n    let mut i = 1;\n    let mut count = 0;\n    while count < n {\n        if is_prime(i) {\n            count += 1;\n        }\n        i += 1;\n    }\n    i - 1\n}\n\nfn main() {\n    let candidate = is_polite;\n    assert_eq!(candidate(7), 11);\n    assert_eq!(candidate(4), 7);\n    assert_eq!(candidate(9), 13);\n}\n",
      "timestamp": 1665517549,
      "stdout": "",
      "stderr": "error[E0425]: cannot find function `is_prime` in this scope\n --> /tmp/tmpdg7ab2ns.rs:6:12\n  |\n6 |         if is_prime(i) {\n  |            ^^^^^^^^ not found in this scope\n\nerror: aborting due to previous error\n\nFor more information about this error, try `rustc --explain E0425`.\n",
      "exit_code": 1,
      "status": "SyntaxError"
    },
    {
      "program": "/// Write a function to find nth polite number. geeksforgeeks.org/n-th-polite-number/\nfn is_polite(n: isize) -> isize {\n    let mut i = 1;\n    while i <= n {\n        if n % i == 0 {\n            return i;\n        }\n        i += 1;\n    }\n    return -1;\n}\n\nfn main() {\n    let candidate = is_polite;\n    assert_eq!(candidate(7), 11);\n    assert_eq!(candidate(4), 7);\n    assert_eq!(candidate(9), 13);\n}\n",
      "timestamp": 1666123762,
      "stdout": "",
      "stderr": "thread 'main' panicked at 'assertion failed: `(left == right)`\n  left: `1`,\n right: `11`', /tmp/tmpgh8ulpe2.rs:15:5\nnote: run with `RUST_BACKTRACE=1` environment variable to display a backtrace\n",
      "exit_code": 101,
      "status": "Exception"
    },
    {
      "program": "/// Write a function to find nth polite number. geeksforgeeks.org/n-th-polite-number/\nfn is_polite(n: isize) -> isize {\n    let mut i = 1;\n    let mut sum = 0;\n    while sum < n {\n        sum += i;\n        i += 1;\n    }\n    if sum == n {\n        return i - 1;\n    }\n    return -1;\n}\n\nfn main() {\n    let candidate = is_polite;\n    assert_eq!(candidate(7), 11);\n    assert_eq!(candidate(4), 7);\n    assert_eq!(candidate(9), 13);\n}\n",
      "timestamp": 1666123756,
      "stdout": "",
      "stderr": "thread 'main' panicked at 'assertion failed: `(left == right)`\n  left: `-1`,\n right: `11`', /tmp/tmplhnoajqa.rs:17:5\nnote: run with `RUST_BACKTRACE=1` environment variable to display a backtrace\n",
      "exit_code": 101,
      "status": "Exception"
    },
    {
      "program": "/// Write a function to find nth polite number. geeksforgeeks.org/n-th-polite-number/\nfn is_polite(n: isize) -> isize {\n    let mut count = 0;\n    let mut i = 1;\n    while count < n {\n        if is_prime(i) {\n            count += 1;\n        }\n        i += 1;\n    }\n    i - 1\n}\n\nfn main() {\n    let candidate = is_polite;\n    assert_eq!(candidate(7), 11);\n    assert_eq!(candidate(4), 7);\n    assert_eq!(candidate(9), 13);\n}\n",
      "timestamp": 1666123756,
      "stdout": "",
      "stderr": "error[E0425]: cannot find function `is_prime` in this scope\n --> /tmp/tmpcqq5w39y.rs:6:12\n  |\n6 |         if is_prime(i) {\n  |            ^^^^^^^^ not found in this scope\n\nerror: aborting due to previous error\n\nFor more information about this error, try `rustc --explain E0425`.\n",
      "exit_code": 1,
      "status": "SyntaxError"
    },
    {
      "program": "/// Write a function to find nth polite number. geeksforgeeks.org/n-th-polite-number/\nfn is_polite(n: isize) -> isize {\n    let mut i = 1;\n    let mut count = 0;\n    while count < n {\n        if is_prime(i) {\n            count += 1;\n        }\n        i += 1;\n    }\n    i - 1\n}\n\nfn main() {\n    let candidate = is_polite;\n    assert_eq!(candidate(7), 11);\n    assert_eq!(candidate(4), 7);\n    assert_eq!(candidate(9), 13);\n}\n",
      "timestamp": 1665517549,
      "stdout": "",
      "stderr": "error[E0425]: cannot find function `is_prime` in this scope\n --> /tmp/tmpdg7ab2ns.rs:6:12\n  |\n6 |         if is_prime(i) {\n  |            ^^^^^^^^ not found in this scope\n\nerror: aborting due to previous error\n\nFor more information about this error, try `rustc --explain E0425`.\n",
      "exit_code": 1,
      "status": "SyntaxError"
    },
    {
      "program": "/// Write a function to find nth polite number. geeksforgeeks.org/n-th-polite-number/\nfn is_polite(n: isize) -> isize {\n    let mut i = 1;\n    let mut count = 0;\n    while count < n {\n        if is_prime(i) {\n            count += 1;\n        }\n        i += 1;\n    }\n    i - 1\n}\n\nfn main() {\n    let candidate = is_polite;\n    assert_eq!(candidate(7), 11);\n    assert_eq!(candidate(4), 7);\n    assert_eq!(candidate(9), 13);\n}\n",
      "timestamp": 1665517549,
      "stdout": "",
      "stderr": "error[E0425]: cannot find function `is_prime` in this scope\n --> /tmp/tmpdg7ab2ns.rs:6:12\n  |\n6 |         if is_prime(i) {\n  |            ^^^^^^^^ not found in this scope\n\nerror: aborting due to previous error\n\nFor more information about this error, try `rustc --explain E0425`.\n",
      "exit_code": 1,
      "status": "SyntaxError"
    },
    {
      "program": "/// Write a function to find nth polite number. geeksforgeeks.org/n-th-polite-number/\nfn is_polite(n: isize) -> isize {\n    let mut i = 1;\n    let mut count = 0;\n    while count < n {\n        if is_prime(i) {\n            count += 1;\n        }\n        i += 1;\n    }\n    i - 1\n}\n\nfn main() {\n    let candidate = is_polite;\n    assert_eq!(candidate(7), 11);\n    assert_eq!(candidate(4), 7);\n    assert_eq!(candidate(9), 13);\n}\n",
      "timestamp": 1665517549,
      "stdout": "",
      "stderr": "error[E0425]: cannot find function `is_prime` in this scope\n --> /tmp/tmpdg7ab2ns.rs:6:12\n  |\n6 |         if is_prime(i) {\n  |            ^^^^^^^^ not found in this scope\n\nerror: aborting due to previous error\n\nFor more information about this error, try `rustc --explain E0425`.\n",
      "exit_code": 1,
      "status": "SyntaxError"
    },
    {
      "program": "/// Write a function to find nth polite number. geeksforgeeks.org/n-th-polite-number/\nfn is_polite(n: isize) -> isize {\n    let mut i = 1;\n    let mut count = 0;\n    while count < n {\n        if is_prime(i) {\n            count += 1;\n        }\n        i += 1;\n    }\n    i - 1\n}\n\nfn main() {\n    let candidate = is_polite;\n    assert_eq!(candidate(7), 11);\n    assert_eq!(candidate(4), 7);\n    assert_eq!(candidate(9), 13);\n}\n",
      "timestamp": 1665517549,
      "stdout": "",
      "stderr": "error[E0425]: cannot find function `is_prime` in this scope\n --> /tmp/tmpdg7ab2ns.rs:6:12\n  |\n6 |         if is_prime(i) {\n  |            ^^^^^^^^ not found in this scope\n\nerror: aborting due to previous error\n\nFor more information about this error, try `rustc --explain E0425`.\n",
      "exit_code": 1,
      "status": "SyntaxError"
    },
    {
      "program": "/// Write a function to find nth polite number. geeksforgeeks.org/n-th-polite-number/\nfn is_polite(n: isize) -> isize {\n    let mut i = 1;\n    let mut j = 1;\n    let mut count = 0;\n    while count < n {\n        if i % j == 0 {\n            count += 1;\n        }\n        j += 1;\n        if j > i {\n            i += 1;\n            j = 1;\n        }\n    }\n    i\n}\n\nfn main() {\n    let candidate = is_polite;\n    assert_eq!(candidate(7), 11);\n    assert_eq!(candidate(4), 7);\n    assert_eq!(candidate(9), 13);\n}\n",
      "timestamp": 1665517549,
      "stdout": "",
      "stderr": "thread 'main' panicked at 'assertion failed: `(left == right)`\n  left: `4`,\n right: `11`', /tmp/tmprnwjh1rw.rs:21:5\nnote: run with `RUST_BACKTRACE=1` environment variable to display a backtrace\n",
      "exit_code": 101,
      "status": "Exception"
    },
    {
      "program": "/// Write a function to find nth polite number. geeksforgeeks.org/n-th-polite-number/\nfn is_polite(n: isize) -> isize {\n    let mut i = 1;\n    let mut count = 0;\n    while count < n {\n        if is_prime(i) {\n            count += 1;\n        }\n        i += 1;\n    }\n    i - 1\n}\n\nfn main() {\n    let candidate = is_polite;\n    assert_eq!(candidate(7), 11);\n    assert_eq!(candidate(4), 7);\n    assert_eq!(candidate(9), 13);\n}\n",
      "timestamp": 1665517549,
      "stdout": "",
      "stderr": "error[E0425]: cannot find function `is_prime` in this scope\n --> /tmp/tmpdg7ab2ns.rs:6:12\n  |\n6 |         if is_prime(i) {\n  |            ^^^^^^^^ not found in this scope\n\nerror: aborting due to previous error\n\nFor more information about this error, try `rustc --explain E0425`.\n",
      "exit_code": 1,
      "status": "SyntaxError"
    },
    {
      "program": "/// Write a function to find nth polite number. geeksforgeeks.org/n-th-polite-number/\nfn is_polite(n: isize) -> isize {\n    let mut i = 1;\n    let mut count = 0;\n    while count < n {\n        if is_prime(i) {\n            count += 1;\n        }\n        i += 1;\n    }\n    i - 1\n}\n\nfn main() {\n    let candidate = is_polite;\n    assert_eq!(candidate(7), 11);\n    assert_eq!(candidate(4), 7);\n    assert_eq!(candidate(9), 13);\n}\n",
      "timestamp": 1665517549,
      "stdout": "",
      "stderr": "error[E0425]: cannot find function `is_prime` in this scope\n --> /tmp/tmpdg7ab2ns.rs:6:12\n  |\n6 |         if is_prime(i) {\n  |            ^^^^^^^^ not found in this scope\n\nerror: aborting due to previous error\n\nFor more information about this error, try `rustc --explain E0425`.\n",
      "exit_code": 1,
      "status": "SyntaxError"
    },
    {
      "program": "/// Write a function to find nth polite number. geeksforgeeks.org/n-th-polite-number/\nfn is_polite(n: isize) -> isize {\n    let mut i = 1;\n    let mut count = 0;\n    while count < n {\n        if is_prime(i) {\n            count += 1;\n        }\n        i += 1;\n    }\n    i - 1\n}\n\nfn main() {\n    let candidate = is_polite;\n    assert_eq!(candidate(7), 11);\n    assert_eq!(candidate(4), 7);\n    assert_eq!(candidate(9), 13);\n}\n",
      "timestamp": 1665517549,
      "stdout": "",
      "stderr": "error[E0425]: cannot find function `is_prime` in this scope\n --> /tmp/tmpdg7ab2ns.rs:6:12\n  |\n6 |         if is_prime(i) {\n  |            ^^^^^^^^ not found in this scope\n\nerror: aborting due to previous error\n\nFor more information about this error, try `rustc --explain E0425`.\n",
      "exit_code": 1,
      "status": "SyntaxError"
    },
    {
      "program": "/// Write a function to find nth polite number. geeksforgeeks.org/n-th-polite-number/\nfn is_polite(n: isize) -> isize {\n    let mut i = 1;\n    let mut count = 0;\n    while count < n {\n        if is_prime(i) {\n            count += 1;\n        }\n        i += 1;\n    }\n    i - 1\n}\n\nfn main() {\n    let candidate = is_polite;\n    assert_eq!(candidate(7), 11);\n    assert_eq!(candidate(4), 7);\n    assert_eq!(candidate(9), 13);\n}\n",
      "timestamp": 1665517549,
      "stdout": "",
      "stderr": "error[E0425]: cannot find function `is_prime` in this scope\n --> /tmp/tmpdg7ab2ns.rs:6:12\n  |\n6 |         if is_prime(i) {\n  |            ^^^^^^^^ not found in this scope\n\nerror: aborting due to previous error\n\nFor more information about this error, try `rustc --explain E0425`.\n",
      "exit_code": 1,
      "status": "SyntaxError"
    },
    {
      "program": "/// Write a function to find nth polite number. geeksforgeeks.org/n-th-polite-number/\nfn is_polite(n: isize) -> isize {\n    let mut i = 1;\n    let mut count = 0;\n    while count < n {\n        if is_prime(i) {\n            count += 1;\n        }\n        i += 1;\n    }\n    i - 1\n}\n\nfn main() {\n    let candidate = is_polite;\n    assert_eq!(candidate(7), 11);\n    assert_eq!(candidate(4), 7);\n    assert_eq!(candidate(9), 13);\n}\n",
      "timestamp": 1665517549,
      "stdout": "",
      "stderr": "error[E0425]: cannot find function `is_prime` in this scope\n --> /tmp/tmpdg7ab2ns.rs:6:12\n  |\n6 |         if is_prime(i) {\n  |            ^^^^^^^^ not found in this scope\n\nerror: aborting due to previous error\n\nFor more information about this error, try `rustc --explain E0425`.\n",
      "exit_code": 1,
      "status": "SyntaxError"
    },
    {
      "program": "/// Write a function to find nth polite number. geeksforgeeks.org/n-th-polite-number/\nfn is_polite(n: isize) -> isize {\n    let mut i = 1;\n    while i <= n {\n        if n % i == 0 {\n            return i;\n        }\n        i += 1;\n    }\n    return 0;\n}\n\nfn main() {\n    let candidate = is_polite;\n    assert_eq!(candidate(7), 11);\n    assert_eq!(candidate(4), 7);\n    assert_eq!(candidate(9), 13);\n}\n",
      "timestamp": 1666123756,
      "stdout": "",
      "stderr": "thread 'main' panicked at 'assertion failed: `(left == right)`\n  left: `1`,\n right: `11`', /tmp/tmpd952hh7b.rs:15:5\nnote: run with `RUST_BACKTRACE=1` environment variable to display a backtrace\n",
      "exit_code": 101,
      "status": "Exception"
    },
    {
      "program": "/// Write a function to find nth polite number. geeksforgeeks.org/n-th-polite-number/\nfn is_polite(n: isize) -> isize {\n    let mut i = 1;\n    let mut count = 0;\n    while count < n {\n        if is_prime(i) {\n            count += 1;\n        }\n        i += 1;\n    }\n    i - 1\n}\n\nfn main() {\n    let candidate = is_polite;\n    assert_eq!(candidate(7), 11);\n    assert_eq!(candidate(4), 7);\n    assert_eq!(candidate(9), 13);\n}\n",
      "timestamp": 1665517549,
      "stdout": "",
      "stderr": "error[E0425]: cannot find function `is_prime` in this scope\n --> /tmp/tmpdg7ab2ns.rs:6:12\n  |\n6 |         if is_prime(i) {\n  |            ^^^^^^^^ not found in this scope\n\nerror: aborting due to previous error\n\nFor more information about this error, try `rustc --explain E0425`.\n",
      "exit_code": 1,
      "status": "SyntaxError"
    },
    {
      "program": "/// Write a function to find nth polite number. geeksforgeeks.org/n-th-polite-number/\nfn is_polite(n: isize) -> isize {\n    let mut i = 1;\n    let mut j = 1;\n    let mut count = 0;\n    while count < n {\n        if is_prime(i) {\n            count += 1;\n            if count == n {\n                return i;\n            }\n        }\n        i += 1;\n        if is_prime(j) {\n            count += 1;\n            if count == n {\n                return j;\n            }\n        }\n        j += 1;\n    }\n    return 0;\n}\n\nfn main() {\n    let candidate = is_polite;\n    assert_eq!(candidate(7), 11);\n    assert_eq!(candidate(4), 7);\n    assert_eq!(candidate(9), 13);\n}\n",
      "timestamp": 1666123762,
      "stdout": "",
      "stderr": "error[E0425]: cannot find function `is_prime` in this scope\n --> /tmp/tmpj3wnhi05.rs:7:12\n  |\n7 |         if is_prime(i) {\n  |            ^^^^^^^^ not found in this scope\n\nerror[E0425]: cannot find function `is_prime` in this scope\n  --> /tmp/tmpj3wnhi05.rs:14:12\n   |\n14 |         if is_prime(j) {\n   |            ^^^^^^^^ not found in this scope\n\nerror: aborting due to 2 previous errors\n\nFor more information about this error, try `rustc --explain E0425`.\n",
      "exit_code": 1,
      "status": "SyntaxError"
    },
    {
      "program": "/// Write a function to find nth polite number. geeksforgeeks.org/n-th-polite-number/\nfn is_polite(n: isize) -> isize {\n    let mut i = 1;\n    let mut count = 0;\n    while count < n {\n        if is_prime(i) {\n            count += 1;\n        }\n        i += 1;\n    }\n    i - 1\n}\n\nfn main() {\n    let candidate = is_polite;\n    assert_eq!(candidate(7), 11);\n    assert_eq!(candidate(4), 7);\n    assert_eq!(candidate(9), 13);\n}\n",
      "timestamp": 1665517549,
      "stdout": "",
      "stderr": "error[E0425]: cannot find function `is_prime` in this scope\n --> /tmp/tmpdg7ab2ns.rs:6:12\n  |\n6 |         if is_prime(i) {\n  |            ^^^^^^^^ not found in this scope\n\nerror: aborting due to previous error\n\nFor more information about this error, try `rustc --explain E0425`.\n",
      "exit_code": 1,
      "status": "SyntaxError"
    },
    {
      "program": "/// Write a function to find nth polite number. geeksforgeeks.org/n-th-polite-number/\nfn is_polite(n: isize) -> isize {\n    let mut i = 1;\n    let mut count = 0;\n    while count < n {\n        if is_prime(i) {\n            count += 1;\n        }\n        i += 1;\n    }\n    i - 1\n}\n\nfn main() {\n    let candidate = is_polite;\n    assert_eq!(candidate(7), 11);\n    assert_eq!(candidate(4), 7);\n    assert_eq!(candidate(9), 13);\n}\n",
      "timestamp": 1665517549,
      "stdout": "",
      "stderr": "error[E0425]: cannot find function `is_prime` in this scope\n --> /tmp/tmpdg7ab2ns.rs:6:12\n  |\n6 |         if is_prime(i) {\n  |            ^^^^^^^^ not found in this scope\n\nerror: aborting due to previous error\n\nFor more information about this error, try `rustc --explain E0425`.\n",
      "exit_code": 1,
      "status": "SyntaxError"
    },
    {
      "program": "/// Write a function to find nth polite number. geeksforgeeks.org/n-th-polite-number/\nfn is_polite(n: isize) -> isize {\n    let mut i = 1;\n    let mut count = 0;\n    while count < n {\n        if is_prime(i) {\n            count += 1;\n        }\n        i += 1;\n    }\n    i - 1\n}\n\nfn main() {\n    let candidate = is_polite;\n    assert_eq!(candidate(7), 11);\n    assert_eq!(candidate(4), 7);\n    assert_eq!(candidate(9), 13);\n}\n",
      "timestamp": 1665517549,
      "stdout": "",
      "stderr": "error[E0425]: cannot find function `is_prime` in this scope\n --> /tmp/tmpdg7ab2ns.rs:6:12\n  |\n6 |         if is_prime(i) {\n  |            ^^^^^^^^ not found in this scope\n\nerror: aborting due to previous error\n\nFor more information about this error, try `rustc --explain E0425`.\n",
      "exit_code": 1,
      "status": "SyntaxError"
    },
    {
      "program": "/// Write a function to find nth polite number. geeksforgeeks.org/n-th-polite-number/\nfn is_polite(n: isize) -> isize {\n    let mut n = n;\n    let mut count = 0;\n    while n % 2 == 0 {\n        count += 1;\n        n /= 2;\n    }\n    while n % 3 == 0 {\n        count += 1;\n        n /= 3;\n    }\n    while n % 5 == 0 {\n        count += 1;\n        n /= 5;\n    }\n    if n == 1 {\n        count\n    } else {\n        -1\n    }\n}\n\nfn main() {\n    let candidate = is_polite;\n    assert_eq!(candidate(7), 11);\n    assert_eq!(candidate(4), 7);\n    assert_eq!(candidate(9), 13);\n}\n",
      "timestamp": 1666123762,
      "stdout": "",
      "stderr": "thread 'main' panicked at 'assertion failed: `(left == right)`\n  left: `-1`,\n right: `11`', /tmp/tmpaja0ys0l.rs:26:5\nnote: run with `RUST_BACKTRACE=1` environment variable to display a backtrace\n",
      "exit_code": 101,
      "status": "Exception"
    },
    {
      "program": "/// Write a function to find nth polite number. geeksforgeeks.org/n-th-polite-number/\nfn is_polite(n: isize) -> isize {\n    let mut i = 1;\n    let mut count = 0;\n    while count < n {\n        if is_prime(i) {\n            count += 1;\n        }\n        i += 1;\n    }\n    i - 1\n}\n\nfn main() {\n    let candidate = is_polite;\n    assert_eq!(candidate(7), 11);\n    assert_eq!(candidate(4), 7);\n    assert_eq!(candidate(9), 13);\n}\n",
      "timestamp": 1665517549,
      "stdout": "",
      "stderr": "error[E0425]: cannot find function `is_prime` in this scope\n --> /tmp/tmpdg7ab2ns.rs:6:12\n  |\n6 |         if is_prime(i) {\n  |            ^^^^^^^^ not found in this scope\n\nerror: aborting due to previous error\n\nFor more information about this error, try `rustc --explain E0425`.\n",
      "exit_code": 1,
      "status": "SyntaxError"
    },
    {
      "program": "/// Write a function to find nth polite number. geeksforgeeks.org/n-th-polite-number/\nfn is_polite(n: isize) -> isize {\n    let mut i = 1;\n    let mut j = 1;\n    let mut count = 0;\n    while count < n {\n        if is_prime(i) {\n            count += 1;\n            if count == n {\n                return i;\n            }\n        }\n        if is_prime(j) {\n            count += 1;\n            if count == n {\n                return j;\n            }\n        }\n        i += 1;\n        j += 2;\n    }\n    return 0;\n}\n\nfn main() {\n    let candidate = is_polite;\n    assert_eq!(candidate(7), 11);\n    assert_eq!(candidate(4), 7);\n    assert_eq!(candidate(9), 13);\n}\n",
      "timestamp": 1666123762,
      "stdout": "",
      "stderr": "error[E0425]: cannot find function `is_prime` in this scope\n --> /tmp/tmpq6naxudh.rs:7:12\n  |\n7 |         if is_prime(i) {\n  |            ^^^^^^^^ not found in this scope\n\nerror[E0425]: cannot find function `is_prime` in this scope\n  --> /tmp/tmpq6naxudh.rs:13:12\n   |\n13 |         if is_prime(j) {\n   |            ^^^^^^^^ not found in this scope\n\nerror: aborting due to 2 previous errors\n\nFor more information about this error, try `rustc --explain E0425`.\n",
      "exit_code": 1,
      "status": "SyntaxError"
    },
    {
      "program": "/// Write a function to find nth polite number. geeksforgeeks.org/n-th-polite-number/\nfn is_polite(n: isize) -> isize {\n    let mut i = 1;\n    let mut j = 1;\n    let mut count = 0;\n    while count < n {\n        if i % j == 0 {\n            count += 1;\n        }\n        if count == n {\n            return i;\n        }\n        j += 1;\n        if j > i {\n            i += 1;\n            j = 1;\n        }\n    }\n    0\n}\n\nfn main() {\n    let candidate = is_polite;\n    assert_eq!(candidate(7), 11);\n    assert_eq!(candidate(4), 7);\n    assert_eq!(candidate(9), 13);\n}\n",
      "timestamp": 1666123762,
      "stdout": "",
      "stderr": "thread 'main' panicked at 'assertion failed: `(left == right)`\n  left: `4`,\n right: `11`', /tmp/tmpr2_vxy8c.rs:24:5\nnote: run with `RUST_BACKTRACE=1` environment variable to display a backtrace\n",
      "exit_code": 101,
      "status": "Exception"
    },
    {
      "program": "/// Write a function to find nth polite number. geeksforgeeks.org/n-th-polite-number/\nfn is_polite(n: isize) -> isize {\n    let mut i = 1;\n    let mut j = 1;\n    let mut count = 0;\n    while count < n {\n        if i % j == 0 {\n            count += 1;\n        }\n        j += 1;\n        if j > i {\n            i += 1;\n            j = 1;\n        }\n    }\n    i\n}\n\nfn main() {\n    let candidate = is_polite;\n    assert_eq!(candidate(7), 11);\n    assert_eq!(candidate(4), 7);\n    assert_eq!(candidate(9), 13);\n}\n",
      "timestamp": 1665517549,
      "stdout": "",
      "stderr": "thread 'main' panicked at 'assertion failed: `(left == right)`\n  left: `4`,\n right: `11`', /tmp/tmprnwjh1rw.rs:21:5\nnote: run with `RUST_BACKTRACE=1` environment variable to display a backtrace\n",
      "exit_code": 101,
      "status": "Exception"
    },
    {
      "program": "/// Write a function to find nth polite number. geeksforgeeks.org/n-th-polite-number/\nfn is_polite(n: isize) -> isize {\n    let mut i = 1;\n    let mut count = 0;\n    while count < n {\n        if is_prime(i) {\n            count += 1;\n        }\n        i += 1;\n    }\n    i - 1\n}\n\nfn main() {\n    let candidate = is_polite;\n    assert_eq!(candidate(7), 11);\n    assert_eq!(candidate(4), 7);\n    assert_eq!(candidate(9), 13);\n}\n",
      "timestamp": 1665517549,
      "stdout": "",
      "stderr": "error[E0425]: cannot find function `is_prime` in this scope\n --> /tmp/tmpdg7ab2ns.rs:6:12\n  |\n6 |         if is_prime(i) {\n  |            ^^^^^^^^ not found in this scope\n\nerror: aborting due to previous error\n\nFor more information about this error, try `rustc --explain E0425`.\n",
      "exit_code": 1,
      "status": "SyntaxError"
    },
    {
      "program": "/// Write a function to find nth polite number. geeksforgeeks.org/n-th-polite-number/\nfn is_polite(n: isize) -> isize {\n    let mut i = 1;\n    let mut count = 0;\n    while count < n {\n        if is_prime(i) {\n            count += 1;\n        }\n        i += 1;\n    }\n    i - 1\n}\n\nfn main() {\n    let candidate = is_polite;\n    assert_eq!(candidate(7), 11);\n    assert_eq!(candidate(4), 7);\n    assert_eq!(candidate(9), 13);\n}\n",
      "timestamp": 1665517549,
      "stdout": "",
      "stderr": "error[E0425]: cannot find function `is_prime` in this scope\n --> /tmp/tmpdg7ab2ns.rs:6:12\n  |\n6 |         if is_prime(i) {\n  |            ^^^^^^^^ not found in this scope\n\nerror: aborting due to previous error\n\nFor more information about this error, try `rustc --explain E0425`.\n",
      "exit_code": 1,
      "status": "SyntaxError"
    },
    {
      "program": "/// Write a function to find nth polite number. geeksforgeeks.org/n-th-polite-number/\nfn is_polite(n: isize) -> isize {\n    let mut i = 1;\n    let mut j = 1;\n    let mut count = 0;\n    while count < n {\n        if i % j == 0 {\n            count += 1;\n        }\n        if count == n {\n            return i;\n        }\n        j += 1;\n        if j > i {\n            i += 1;\n            j = 1;\n        }\n    }\n    0\n}\n\nfn main() {\n    let candidate = is_polite;\n    assert_eq!(candidate(7), 11);\n    assert_eq!(candidate(4), 7);\n    assert_eq!(candidate(9), 13);\n}\n",
      "timestamp": 1666123762,
      "stdout": "",
      "stderr": "thread 'main' panicked at 'assertion failed: `(left == right)`\n  left: `4`,\n right: `11`', /tmp/tmpr2_vxy8c.rs:24:5\nnote: run with `RUST_BACKTRACE=1` environment variable to display a backtrace\n",
      "exit_code": 101,
      "status": "Exception"
    },
    {
      "program": "/// Write a function to find nth polite number. geeksforgeeks.org/n-th-polite-number/\nfn is_polite(n: isize) -> isize {\n    let mut i = 1;\n    let mut j = 1;\n    let mut count = 0;\n    while count < n {\n        if is_prime(i) {\n            count += 1;\n            j = i;\n        }\n        i += 1;\n    }\n    j\n}\n\nfn main() {\n    let candidate = is_polite;\n    assert_eq!(candidate(7), 11);\n    assert_eq!(candidate(4), 7);\n    assert_eq!(candidate(9), 13);\n}\n",
      "timestamp": 1666123756,
      "stdout": "",
      "stderr": "error[E0425]: cannot find function `is_prime` in this scope\n --> /tmp/tmp952pqauw.rs:7:12\n  |\n7 |         if is_prime(i) {\n  |            ^^^^^^^^ not found in this scope\n\nerror: aborting due to previous error\n\nFor more information about this error, try `rustc --explain E0425`.\n",
      "exit_code": 1,
      "status": "SyntaxError"
    },
    {
      "program": "/// Write a function to find nth polite number. geeksforgeeks.org/n-th-polite-number/\nfn is_polite(n: isize) -> isize {\n    let mut i = 1;\n    while i <= n {\n        if n % i == 0 {\n            return i;\n        }\n        i += 1;\n    }\n    return 0;\n}\n\nfn main() {\n    let candidate = is_polite;\n    assert_eq!(candidate(7), 11);\n    assert_eq!(candidate(4), 7);\n    assert_eq!(candidate(9), 13);\n}\n",
      "timestamp": 1666123756,
      "stdout": "",
      "stderr": "thread 'main' panicked at 'assertion failed: `(left == right)`\n  left: `1`,\n right: `11`', /tmp/tmpd952hh7b.rs:15:5\nnote: run with `RUST_BACKTRACE=1` environment variable to display a backtrace\n",
      "exit_code": 101,
      "status": "Exception"
    },
    {
      "program": "/// Write a function to find nth polite number. geeksforgeeks.org/n-th-polite-number/\nfn is_polite(n: isize) -> isize {\n    let mut i = 1;\n    let mut count = 0;\n    while count < n {\n        if is_prime(i) {\n            count += 1;\n        }\n        i += 1;\n    }\n    i - 1\n}\n\nfn main() {\n    let candidate = is_polite;\n    assert_eq!(candidate(7), 11);\n    assert_eq!(candidate(4), 7);\n    assert_eq!(candidate(9), 13);\n}\n",
      "timestamp": 1665517549,
      "stdout": "",
      "stderr": "error[E0425]: cannot find function `is_prime` in this scope\n --> /tmp/tmpdg7ab2ns.rs:6:12\n  |\n6 |         if is_prime(i) {\n  |            ^^^^^^^^ not found in this scope\n\nerror: aborting due to previous error\n\nFor more information about this error, try `rustc --explain E0425`.\n",
      "exit_code": 1,
      "status": "SyntaxError"
    },
    {
      "program": "/// Write a function to find nth polite number. geeksforgeeks.org/n-th-polite-number/\nfn is_polite(n: isize) -> isize {\n    let mut i = 1;\n    let mut j = 1;\n    let mut count = 0;\n    while count < n {\n        if i % 2 == 0 {\n            count += 1;\n        }\n        if j % 3 == 0 {\n            count += 1;\n        }\n        if i % 5 == 0 {\n            count += 1;\n        }\n        if count < n {\n            i += 1;\n            j += 1;\n        }\n    }\n    i\n}\n\nfn main() {\n    let candidate = is_polite;\n    assert_eq!(candidate(7), 11);\n    assert_eq!(candidate(4), 7);\n    assert_eq!(candidate(9), 13);\n}\n",
      "timestamp": 1665517549,
      "stdout": "",
      "stderr": "thread 'main' panicked at 'assertion failed: `(left == right)`\n  left: `8`,\n right: `11`', /tmp/tmpqxpce7fl.rs:26:5\nnote: run with `RUST_BACKTRACE=1` environment variable to display a backtrace\n",
      "exit_code": 101,
      "status": "Exception"
    },
    {
      "program": "/// Write a function to find nth polite number. geeksforgeeks.org/n-th-polite-number/\nfn is_polite(n: isize) -> isize {\n    let mut i = 1;\n    let mut j = 1;\n    let mut count = 0;\n    while count < n {\n        if i % 2 == 0 {\n            count += 1;\n            if count == n {\n                return i;\n            }\n        }\n        if j % 2 == 0 {\n            count += 1;\n            if count == n {\n                return j;\n            }\n        }\n        i += 1;\n        j += 1;\n    }\n    return 0;\n}\n\nfn main() {\n    let candidate = is_polite;\n    assert_eq!(candidate(7), 11);\n    assert_eq!(candidate(4), 7);\n    assert_eq!(candidate(9), 13);\n}\n",
      "timestamp": 1666123756,
      "stdout": "",
      "stderr": "thread 'main' panicked at 'assertion failed: `(left == right)`\n  left: `8`,\n right: `11`', /tmp/tmpf5zmzelk.rs:27:5\nnote: run with `RUST_BACKTRACE=1` environment variable to display a backtrace\n",
      "exit_code": 101,
      "status": "Exception"
    },
    {
      "program": "/// Write a function to find nth polite number. geeksforgeeks.org/n-th-polite-number/\nfn is_polite(n: isize) -> isize {\n    let mut i = 1;\n    while i * i <= n {\n        if n % i == 0 {\n            return i + n / i;\n        }\n        i += 1;\n    }\n    return 0;\n}\n\nfn main() {\n    let candidate = is_polite;\n    assert_eq!(candidate(7), 11);\n    assert_eq!(candidate(4), 7);\n    assert_eq!(candidate(9), 13);\n}\n",
      "timestamp": 1666123756,
      "stdout": "",
      "stderr": "thread 'main' panicked at 'assertion failed: `(left == right)`\n  left: `8`,\n right: `11`', /tmp/tmp4tg2m3n2.rs:15:5\nnote: run with `RUST_BACKTRACE=1` environment variable to display a backtrace\n",
      "exit_code": 101,
      "status": "Exception"
    },
    {
      "program": "/// Write a function to find nth polite number. geeksforgeeks.org/n-th-polite-number/\nfn is_polite(n: isize) -> isize {\n    let mut i = 1;\n    let mut count = 0;\n    while count < n {\n        if is_prime(i) {\n            count += 1;\n        }\n        i += 1;\n    }\n    i - 1\n}\n\nfn main() {\n    let candidate = is_polite;\n    assert_eq!(candidate(7), 11);\n    assert_eq!(candidate(4), 7);\n    assert_eq!(candidate(9), 13);\n}\n",
      "timestamp": 1665517549,
      "stdout": "",
      "stderr": "error[E0425]: cannot find function `is_prime` in this scope\n --> /tmp/tmpdg7ab2ns.rs:6:12\n  |\n6 |         if is_prime(i) {\n  |            ^^^^^^^^ not found in this scope\n\nerror: aborting due to previous error\n\nFor more information about this error, try `rustc --explain E0425`.\n",
      "exit_code": 1,
      "status": "SyntaxError"
    },
    {
      "program": "/// Write a function to find nth polite number. geeksforgeeks.org/n-th-polite-number/\nfn is_polite(n: isize) -> isize {\n    let mut i = 1;\n    let mut count = 0;\n    while count < n {\n        if is_prime(i) {\n            count += 1;\n        }\n        i += 1;\n    }\n    i - 1\n}\n\nfn main() {\n    let candidate = is_polite;\n    assert_eq!(candidate(7), 11);\n    assert_eq!(candidate(4), 7);\n    assert_eq!(candidate(9), 13);\n}\n",
      "timestamp": 1665517549,
      "stdout": "",
      "stderr": "error[E0425]: cannot find function `is_prime` in this scope\n --> /tmp/tmpdg7ab2ns.rs:6:12\n  |\n6 |         if is_prime(i) {\n  |            ^^^^^^^^ not found in this scope\n\nerror: aborting due to previous error\n\nFor more information about this error, try `rustc --explain E0425`.\n",
      "exit_code": 1,
      "status": "SyntaxError"
    },
    {
      "program": "/// Write a function to find nth polite number. geeksforgeeks.org/n-th-polite-number/\nfn is_polite(n: isize) -> isize {\n    let mut i = 1;\n    let mut j = 1;\n    let mut count = 0;\n    while count < n {\n        if is_prime(i) {\n            count += 1;\n            if count == n {\n                return i;\n            }\n        }\n        i += 1;\n        if is_prime(j) {\n            count += 1;\n            if count == n {\n                return j;\n            }\n        }\n        j += 1;\n    }\n    0\n}\n\nfn main() {\n    let candidate = is_polite;\n    assert_eq!(candidate(7), 11);\n    assert_eq!(candidate(4), 7);\n    assert_eq!(candidate(9), 13);\n}\n",
      "timestamp": 1665517549,
      "stdout": "",
      "stderr": "error[E0425]: cannot find function `is_prime` in this scope\n --> /tmp/tmp5_yycv8g.rs:7:12\n  |\n7 |         if is_prime(i) {\n  |            ^^^^^^^^ not found in this scope\n\nerror[E0425]: cannot find function `is_prime` in this scope\n  --> /tmp/tmp5_yycv8g.rs:14:12\n   |\n14 |         if is_prime(j) {\n   |            ^^^^^^^^ not found in this scope\n\nerror: aborting due to 2 previous errors\n\nFor more information about this error, try `rustc --explain E0425`.\n",
      "exit_code": 1,
      "status": "SyntaxError"
    },
    {
      "program": "/// Write a function to find nth polite number. geeksforgeeks.org/n-th-polite-number/\nfn is_polite(n: isize) -> isize {\n    let mut i = 1;\n    let mut j = 1;\n    let mut count = 0;\n    while count < n {\n        if i % j == 0 {\n            count += 1;\n        }\n        if count == n {\n            return i;\n        }\n        if j == i {\n            i += 1;\n            j = 1;\n        } else {\n            j += 1;\n        }\n    }\n    return 0;\n}\n\nfn main() {\n    let candidate = is_polite;\n    assert_eq!(candidate(7), 11);\n    assert_eq!(candidate(4), 7);\n    assert_eq!(candidate(9), 13);\n}\n",
      "timestamp": 1666123756,
      "stdout": "",
      "stderr": "thread 'main' panicked at 'assertion failed: `(left == right)`\n  left: `4`,\n right: `11`', /tmp/tmp21nacsyd.rs:25:5\nnote: run with `RUST_BACKTRACE=1` environment variable to display a backtrace\n",
      "exit_code": 101,
      "status": "Exception"
    },
    {
      "program": "/// Write a function to find nth polite number. geeksforgeeks.org/n-th-polite-number/\nfn is_polite(n: isize) -> isize {\n    let mut i = 1;\n    let mut count = 0;\n    while count < n {\n        if is_prime(i) {\n            count += 1;\n        }\n        i += 1;\n    }\n    i - 1\n}\n\nfn main() {\n    let candidate = is_polite;\n    assert_eq!(candidate(7), 11);\n    assert_eq!(candidate(4), 7);\n    assert_eq!(candidate(9), 13);\n}\n",
      "timestamp": 1665517549,
      "stdout": "",
      "stderr": "error[E0425]: cannot find function `is_prime` in this scope\n --> /tmp/tmpdg7ab2ns.rs:6:12\n  |\n6 |         if is_prime(i) {\n  |            ^^^^^^^^ not found in this scope\n\nerror: aborting due to previous error\n\nFor more information about this error, try `rustc --explain E0425`.\n",
      "exit_code": 1,
      "status": "SyntaxError"
    },
    {
      "program": "/// Write a function to find nth polite number. geeksforgeeks.org/n-th-polite-number/\nfn is_polite(n: isize) -> isize {\n    let mut i = 1;\n    let mut count = 0;\n    while count < n {\n        if is_prime(i) {\n            count += 1;\n        }\n        i += 1;\n    }\n    i - 1\n}\n\nfn main() {\n    let candidate = is_polite;\n    assert_eq!(candidate(7), 11);\n    assert_eq!(candidate(4), 7);\n    assert_eq!(candidate(9), 13);\n}\n",
      "timestamp": 1665517549,
      "stdout": "",
      "stderr": "error[E0425]: cannot find function `is_prime` in this scope\n --> /tmp/tmpdg7ab2ns.rs:6:12\n  |\n6 |         if is_prime(i) {\n  |            ^^^^^^^^ not found in this scope\n\nerror: aborting due to previous error\n\nFor more information about this error, try `rustc --explain E0425`.\n",
      "exit_code": 1,
      "status": "SyntaxError"
    },
    {
      "program": "/// Write a function to find nth polite number. geeksforgeeks.org/n-th-polite-number/\nfn is_polite(n: isize) -> isize {\n    let mut i = 1;\n    let mut j = 1;\n    let mut count = 0;\n    while count < n {\n        if is_prime(i) && is_prime(j) {\n            count += 1;\n        }\n        if count == n {\n            return i * j;\n        }\n        i += 1;\n        j += 1;\n    }\n    0\n}\n\nfn main() {\n    let candidate = is_polite;\n    assert_eq!(candidate(7), 11);\n    assert_eq!(candidate(4), 7);\n    assert_eq!(candidate(9), 13);\n}\n",
      "timestamp": 1666123762,
      "stdout": "",
      "stderr": "error[E0425]: cannot find function `is_prime` in this scope\n --> /tmp/tmpwbjojv1n.rs:7:12\n  |\n7 |         if is_prime(i) && is_prime(j) {\n  |            ^^^^^^^^ not found in this scope\n\nerror[E0425]: cannot find function `is_prime` in this scope\n --> /tmp/tmpwbjojv1n.rs:7:27\n  |\n7 |         if is_prime(i) && is_prime(j) {\n  |                           ^^^^^^^^ not found in this scope\n\nerror: aborting due to 2 previous errors\n\nFor more information about this error, try `rustc --explain E0425`.\n",
      "exit_code": 1,
      "status": "SyntaxError"
    },
    {
      "program": "/// Write a function to find nth polite number. geeksforgeeks.org/n-th-polite-number/\nfn is_polite(n: isize) -> isize {\n    let mut i = 1;\n    let mut count = 0;\n    while count < n {\n        if is_prime(i) {\n            count += 1;\n        }\n        i += 1;\n    }\n    i - 1\n}\n\nfn main() {\n    let candidate = is_polite;\n    assert_eq!(candidate(7), 11);\n    assert_eq!(candidate(4), 7);\n    assert_eq!(candidate(9), 13);\n}\n",
      "timestamp": 1665517549,
      "stdout": "",
      "stderr": "error[E0425]: cannot find function `is_prime` in this scope\n --> /tmp/tmpdg7ab2ns.rs:6:12\n  |\n6 |         if is_prime(i) {\n  |            ^^^^^^^^ not found in this scope\n\nerror: aborting due to previous error\n\nFor more information about this error, try `rustc --explain E0425`.\n",
      "exit_code": 1,
      "status": "SyntaxError"
    },
    {
      "program": "/// Write a function to find nth polite number. geeksforgeeks.org/n-th-polite-number/\nfn is_polite(n: isize) -> isize {\n    let mut i = 1;\n    let mut sum = 0;\n    while sum < n {\n        sum += i;\n        i += 1;\n    }\n    if sum == n {\n        return i - 1;\n    }\n    -1\n}\n\nfn main() {\n    let candidate = is_polite;\n    assert_eq!(candidate(7), 11);\n    assert_eq!(candidate(4), 7);\n    assert_eq!(candidate(9), 13);\n}\n",
      "timestamp": 1666123762,
      "stdout": "",
      "stderr": "thread 'main' panicked at 'assertion failed: `(left == right)`\n  left: `-1`,\n right: `11`', /tmp/tmpjzzkgqsb.rs:17:5\nnote: run with `RUST_BACKTRACE=1` environment variable to display a backtrace\n",
      "exit_code": 101,
      "status": "Exception"
    },
    {
      "program": "/// Write a function to find nth polite number. geeksforgeeks.org/n-th-polite-number/\nfn is_polite(n: isize) -> isize {\n    let mut i = 1;\n    let mut j = 1;\n    let mut count = 0;\n    while count < n {\n        if i % 2 == 0 {\n            count += 1;\n        }\n        if j % 3 == 0 {\n            count += 1;\n        }\n        if i % 5 == 0 {\n            count += 1;\n        }\n        if count < n {\n            i += 1;\n            j += 1;\n        }\n    }\n    i\n}\n\nfn main() {\n    let candidate = is_polite;\n    assert_eq!(candidate(7), 11);\n    assert_eq!(candidate(4), 7);\n    assert_eq!(candidate(9), 13);\n}\n",
      "timestamp": 1665517549,
      "stdout": "",
      "stderr": "thread 'main' panicked at 'assertion failed: `(left == right)`\n  left: `8`,\n right: `11`', /tmp/tmpqxpce7fl.rs:26:5\nnote: run with `RUST_BACKTRACE=1` environment variable to display a backtrace\n",
      "exit_code": 101,
      "status": "Exception"
    },
    {
      "program": "/// Write a function to find nth polite number. geeksforgeeks.org/n-th-polite-number/\nfn is_polite(n: isize) -> isize {\n    let mut i = 1;\n    let mut j = 1;\n    let mut count = 0;\n    while count < n {\n        if i % j == 0 {\n            count += 1;\n        }\n        if count == n {\n            return i;\n        }\n        i += 1;\n        j += 1;\n    }\n    return 0;\n}\n\nfn main() {\n    let candidate = is_polite;\n    assert_eq!(candidate(7), 11);\n    assert_eq!(candidate(4), 7);\n    assert_eq!(candidate(9), 13);\n}\n",
      "timestamp": 1665517549,
      "stdout": "",
      "stderr": "thread 'main' panicked at 'assertion failed: `(left == right)`\n  left: `7`,\n right: `11`', /tmp/tmp_s85c1eh.rs:21:5\nnote: run with `RUST_BACKTRACE=1` environment variable to display a backtrace\n",
      "exit_code": 101,
      "status": "Exception"
    },
    {
      "program": "/// Write a function to find nth polite number. geeksforgeeks.org/n-th-polite-number/\nfn is_polite(n: isize) -> isize {\n    let mut i = 1;\n    let mut count = 0;\n    while count < n {\n        i += 1;\n        if is_prime(i) {\n            count += 1;\n        }\n    }\n    i\n}\n\nfn main() {\n    let candidate = is_polite;\n    assert_eq!(candidate(7), 11);\n    assert_eq!(candidate(4), 7);\n    assert_eq!(candidate(9), 13);\n}\n",
      "timestamp": 1666123756,
      "stdout": "",
      "stderr": "error[E0425]: cannot find function `is_prime` in this scope\n --> /tmp/tmpk35lf7x_.rs:7:12\n  |\n7 |         if is_prime(i) {\n  |            ^^^^^^^^ not found in this scope\n\nerror: aborting due to previous error\n\nFor more information about this error, try `rustc --explain E0425`.\n",
      "exit_code": 1,
      "status": "SyntaxError"
    },
    {
      "program": "/// Write a function to find nth polite number. geeksforgeeks.org/n-th-polite-number/\nfn is_polite(n: isize) -> isize {\n    let mut i = 1;\n    let mut j = 1;\n    let mut count = 0;\n    while count < n {\n        if is_prime(i) {\n            count += 1;\n            if count == n {\n                return i;\n            }\n        }\n        i += j;\n        j += 1;\n    }\n    return 0;\n}\n\nfn main() {\n    let candidate = is_polite;\n    assert_eq!(candidate(7), 11);\n    assert_eq!(candidate(4), 7);\n    assert_eq!(candidate(9), 13);\n}\n",
      "timestamp": 1666123762,
      "stdout": "",
      "stderr": "error[E0425]: cannot find function `is_prime` in this scope\n --> /tmp/tmptiwqxqe5.rs:7:12\n  |\n7 |         if is_prime(i) {\n  |            ^^^^^^^^ not found in this scope\n\nerror: aborting due to previous error\n\nFor more information about this error, try `rustc --explain E0425`.\n",
      "exit_code": 1,
      "status": "SyntaxError"
    },
    {
      "program": "/// Write a function to find nth polite number. geeksforgeeks.org/n-th-polite-number/\nfn is_polite(n: isize) -> isize {\n    let mut i = 1;\n    while n % i != 0 {\n        i += 1;\n    }\n    i\n}\n\nfn main() {\n    let candidate = is_polite;\n    assert_eq!(candidate(7), 11);\n    assert_eq!(candidate(4), 7);\n    assert_eq!(candidate(9), 13);\n}\n",
      "timestamp": 1666123756,
      "stdout": "",
      "stderr": "thread 'main' panicked at 'assertion failed: `(left == right)`\n  left: `1`,\n right: `11`', /tmp/tmpz938k3em.rs:12:5\nnote: run with `RUST_BACKTRACE=1` environment variable to display a backtrace\n",
      "exit_code": 101,
      "status": "Exception"
    },
    {
      "program": "/// Write a function to find nth polite number. geeksforgeeks.org/n-th-polite-number/\nfn is_polite(n: isize) -> isize {\n    let mut i = 1;\n    let mut j = 1;\n    let mut count = 0;\n    while count < n {\n        if i % j == 0 {\n            count += 1;\n        }\n        j += 1;\n        if j > i {\n            i += 1;\n            j = 1;\n        }\n    }\n    i\n}\n\nfn main() {\n    let candidate = is_polite;\n    assert_eq!(candidate(7), 11);\n    assert_eq!(candidate(4), 7);\n    assert_eq!(candidate(9), 13);\n}\n",
      "timestamp": 1665517549,
      "stdout": "",
      "stderr": "thread 'main' panicked at 'assertion failed: `(left == right)`\n  left: `4`,\n right: `11`', /tmp/tmprnwjh1rw.rs:21:5\nnote: run with `RUST_BACKTRACE=1` environment variable to display a backtrace\n",
      "exit_code": 101,
      "status": "Exception"
    },
    {
      "program": "/// Write a function to find nth polite number. geeksforgeeks.org/n-th-polite-number/\nfn is_polite(n: isize) -> isize {\n    let mut n = n;\n    let mut i = 1;\n    while n % i != 0 {\n        i += 1;\n    }\n    n / i\n}\n\nfn main() {\n    let candidate = is_polite;\n    assert_eq!(candidate(7), 11);\n    assert_eq!(candidate(4), 7);\n    assert_eq!(candidate(9), 13);\n}\n",
      "timestamp": 1665517549,
      "stdout": "",
      "stderr": "thread 'main' panicked at 'assertion failed: `(left == right)`\n  left: `7`,\n right: `11`', /tmp/tmpijwydn0p.rs:13:5\nnote: run with `RUST_BACKTRACE=1` environment variable to display a backtrace\n",
      "exit_code": 101,
      "status": "Exception"
    },
    {
      "program": "/// Write a function to find nth polite number. geeksforgeeks.org/n-th-polite-number/\nfn is_polite(n: isize) -> isize {\n    let mut i = 1;\n    let mut count = 0;\n    while count < n {\n        if is_prime(i) {\n            count += 1;\n        }\n        i += 1;\n    }\n    i - 1\n}\n\nfn main() {\n    let candidate = is_polite;\n    assert_eq!(candidate(7), 11);\n    assert_eq!(candidate(4), 7);\n    assert_eq!(candidate(9), 13);\n}\n",
      "timestamp": 1665517549,
      "stdout": "",
      "stderr": "error[E0425]: cannot find function `is_prime` in this scope\n --> /tmp/tmpdg7ab2ns.rs:6:12\n  |\n6 |         if is_prime(i) {\n  |            ^^^^^^^^ not found in this scope\n\nerror: aborting due to previous error\n\nFor more information about this error, try `rustc --explain E0425`.\n",
      "exit_code": 1,
      "status": "SyntaxError"
    },
    {
      "program": "/// Write a function to find nth polite number. geeksforgeeks.org/n-th-polite-number/\nfn is_polite(n: isize) -> isize {\n    let mut i = 1;\n    while n % i != 0 {\n        i += 1;\n    }\n    i\n}\n\nfn main() {\n    let candidate = is_polite;\n    assert_eq!(candidate(7), 11);\n    assert_eq!(candidate(4), 7);\n    assert_eq!(candidate(9), 13);\n}\n",
      "timestamp": 1666123756,
      "stdout": "",
      "stderr": "thread 'main' panicked at 'assertion failed: `(left == right)`\n  left: `1`,\n right: `11`', /tmp/tmpz938k3em.rs:12:5\nnote: run with `RUST_BACKTRACE=1` environment variable to display a backtrace\n",
      "exit_code": 101,
      "status": "Exception"
    },
    {
      "program": "/// Write a function to find nth polite number. geeksforgeeks.org/n-th-polite-number/\nfn is_polite(n: isize) -> isize {\n    let mut i = 1;\n    let mut count = 0;\n    while count < n {\n        if is_prime(i) {\n            count += 1;\n        }\n        i += 1;\n    }\n    i - 1\n}\n\nfn main() {\n    let candidate = is_polite;\n    assert_eq!(candidate(7), 11);\n    assert_eq!(candidate(4), 7);\n    assert_eq!(candidate(9), 13);\n}\n",
      "timestamp": 1665517549,
      "stdout": "",
      "stderr": "error[E0425]: cannot find function `is_prime` in this scope\n --> /tmp/tmpdg7ab2ns.rs:6:12\n  |\n6 |         if is_prime(i) {\n  |            ^^^^^^^^ not found in this scope\n\nerror: aborting due to previous error\n\nFor more information about this error, try `rustc --explain E0425`.\n",
      "exit_code": 1,
      "status": "SyntaxError"
    },
    {
      "program": "/// Write a function to find nth polite number. geeksforgeeks.org/n-th-polite-number/\nfn is_polite(n: isize) -> isize {\n    let mut i = 1;\n    let mut count = 0;\n    while count < n {\n        if is_prime(i) {\n            count += 1;\n        }\n        i += 1;\n    }\n    i - 1\n}\n\nfn main() {\n    let candidate = is_polite;\n    assert_eq!(candidate(7), 11);\n    assert_eq!(candidate(4), 7);\n    assert_eq!(candidate(9), 13);\n}\n",
      "timestamp": 1665517549,
      "stdout": "",
      "stderr": "error[E0425]: cannot find function `is_prime` in this scope\n --> /tmp/tmpdg7ab2ns.rs:6:12\n  |\n6 |         if is_prime(i) {\n  |            ^^^^^^^^ not found in this scope\n\nerror: aborting due to previous error\n\nFor more information about this error, try `rustc --explain E0425`.\n",
      "exit_code": 1,
      "status": "SyntaxError"
    },
    {
      "program": "/// Write a function to find nth polite number. geeksforgeeks.org/n-th-polite-number/\nfn is_polite(n: isize) -> isize {\n    let mut i = 1;\n    let mut j = 1;\n    let mut count = 0;\n    while count < n {\n        if i % j == 0 {\n            count += 1;\n        }\n        j += 1;\n        if j > i {\n            i += 1;\n            j = 1;\n        }\n    }\n    i\n}\n\nfn main() {\n    let candidate = is_polite;\n    assert_eq!(candidate(7), 11);\n    assert_eq!(candidate(4), 7);\n    assert_eq!(candidate(9), 13);\n}\n",
      "timestamp": 1665517549,
      "stdout": "",
      "stderr": "thread 'main' panicked at 'assertion failed: `(left == right)`\n  left: `4`,\n right: `11`', /tmp/tmprnwjh1rw.rs:21:5\nnote: run with `RUST_BACKTRACE=1` environment variable to display a backtrace\n",
      "exit_code": 101,
      "status": "Exception"
    },
    {
      "program": "/// Write a function to find nth polite number. geeksforgeeks.org/n-th-polite-number/\nfn is_polite(n: isize) -> isize {\n    let mut i = 1;\n    let mut j = 1;\n    let mut k = 1;\n    while i < n {\n        let min = min(min(2 * j, 3 * k), 5 * k);\n        if min == 2 * j {\n            j += 1;\n        } else if min == 3 * k {\n            k += 1;\n        } else {\n            k += 1;\n        }\n        i += 1;\n    }\n    min(min(2 * j, 3 * k), 5 * k)\n}\n\nfn main() {\n    let candidate = is_polite;\n    assert_eq!(candidate(7), 11);\n    assert_eq!(candidate(4), 7);\n    assert_eq!(candidate(9), 13);\n}\n",
      "timestamp": 1666123762,
      "stdout": "",
      "stderr": "error[E0425]: cannot find function `min` in this scope\n  --> /tmp/tmppzl7e72z.rs:7:19\n   |\n7  |         let min = min(min(2 * j, 3 * k), 5 * k);\n   |                   ^^^\n...\n20 | fn main() {\n   | --------- similarly named function `main` defined here\n   |\nhelp: a function with a similar name exists\n   |\n7  |         let min = main(min(2 * j, 3 * k), 5 * k);\n   |                   ~~~~\nhelp: consider importing this function\n   |\n1  | use std::cmp::min;\n   |\n\nerror[E0425]: cannot find function `min` in this scope\n  --> /tmp/tmppzl7e72z.rs:7:23\n   |\n7  |         let min = min(min(2 * j, 3 * k), 5 * k);\n   |                       ^^^\n...\n20 | fn main() {\n   | --------- similarly named function `main` defined here\n   |\nhelp: a function with a similar name exists\n   |\n7  |         let min = min(main(2 * j, 3 * k), 5 * k);\n   |                       ~~~~\nhelp: consider importing this function\n   |\n1  | use std::cmp::min;\n   |\n\nerror[E0425]: cannot find function `min` in this scope\n  --> /tmp/tmppzl7e72z.rs:17:5\n   |\n17 |     min(min(2 * j, 3 * k), 5 * k)\n   |     ^^^\n...\n20 | fn main() {\n   | --------- similarly named function `main` defined here\n   |\nhelp: a function with a similar name exists\n   |\n17 |     main(min(2 * j, 3 * k), 5 * k)\n   |     ~~~~\nhelp: consider importing this function\n   |\n1  | use std::cmp::min;\n   |\n\nerror[E0425]: cannot find function `min` in this scope\n  --> /tmp/tmppzl7e72z.rs:17:9\n   |\n17 |     min(min(2 * j, 3 * k), 5 * k)\n   |         ^^^\n...\n20 | fn main() {\n   | --------- similarly named function `main` defined here\n   |\nhelp: a function with a similar name exists\n   |\n17 |     min(main(2 * j, 3 * k), 5 * k)\n   |         ~~~~\nhelp: consider importing this function\n   |\n1  | use std::cmp::min;\n   |\n\nerror: aborting due to 4 previous errors\n\nFor more information about this error, try `rustc --explain E0425`.\n",
      "exit_code": 1,
      "status": "SyntaxError"
    },
    {
      "program": "/// Write a function to find nth polite number. geeksforgeeks.org/n-th-polite-number/\nfn is_polite(n: isize) -> isize {\n    let mut i = 1;\n    let mut count = 0;\n    while count < n {\n        if is_prime(i) {\n            count += 1;\n        }\n        i += 1;\n    }\n    i - 1\n}\n\nfn main() {\n    let candidate = is_polite;\n    assert_eq!(candidate(7), 11);\n    assert_eq!(candidate(4), 7);\n    assert_eq!(candidate(9), 13);\n}\n",
      "timestamp": 1665517549,
      "stdout": "",
      "stderr": "error[E0425]: cannot find function `is_prime` in this scope\n --> /tmp/tmpdg7ab2ns.rs:6:12\n  |\n6 |         if is_prime(i) {\n  |            ^^^^^^^^ not found in this scope\n\nerror: aborting due to previous error\n\nFor more information about this error, try `rustc --explain E0425`.\n",
      "exit_code": 1,
      "status": "SyntaxError"
    },
    {
      "program": "/// Write a function to find nth polite number. geeksforgeeks.org/n-th-polite-number/\nfn is_polite(n: isize) -> isize {\n    let mut i = 1;\n    while i < n {\n        if n % i == 0 {\n            return i;\n        }\n        i += 1;\n    }\n    return n;\n}\n\nfn main() {\n    let candidate = is_polite;\n    assert_eq!(candidate(7), 11);\n    assert_eq!(candidate(4), 7);\n    assert_eq!(candidate(9), 13);\n}\n",
      "timestamp": 1666123762,
      "stdout": "",
      "stderr": "thread 'main' panicked at 'assertion failed: `(left == right)`\n  left: `1`,\n right: `11`', /tmp/tmpa572uezk.rs:15:5\nnote: run with `RUST_BACKTRACE=1` environment variable to display a backtrace\n",
      "exit_code": 101,
      "status": "Exception"
    },
    {
      "program": "/// Write a function to find nth polite number. geeksforgeeks.org/n-th-polite-number/\nfn is_polite(n: isize) -> isize {\n    let mut i = 1;\n    let mut count = 0;\n    while count < n {\n        if is_prime(i) {\n            count += 1;\n        }\n        i += 1;\n    }\n    i - 1\n}\n\nfn main() {\n    let candidate = is_polite;\n    assert_eq!(candidate(7), 11);\n    assert_eq!(candidate(4), 7);\n    assert_eq!(candidate(9), 13);\n}\n",
      "timestamp": 1665517549,
      "stdout": "",
      "stderr": "error[E0425]: cannot find function `is_prime` in this scope\n --> /tmp/tmpdg7ab2ns.rs:6:12\n  |\n6 |         if is_prime(i) {\n  |            ^^^^^^^^ not found in this scope\n\nerror: aborting due to previous error\n\nFor more information about this error, try `rustc --explain E0425`.\n",
      "exit_code": 1,
      "status": "SyntaxError"
    },
    {
      "program": "/// Write a function to find nth polite number. geeksforgeeks.org/n-th-polite-number/\nfn is_polite(n: isize) -> isize {\n    let mut i = 1;\n    let mut count = 0;\n    while count < n {\n        if is_prime(i) {\n            count += 1;\n        }\n        i += 1;\n    }\n    i - 1\n}\n\nfn main() {\n    let candidate = is_polite;\n    assert_eq!(candidate(7), 11);\n    assert_eq!(candidate(4), 7);\n    assert_eq!(candidate(9), 13);\n}\n",
      "timestamp": 1665517549,
      "stdout": "",
      "stderr": "error[E0425]: cannot find function `is_prime` in this scope\n --> /tmp/tmpdg7ab2ns.rs:6:12\n  |\n6 |         if is_prime(i) {\n  |            ^^^^^^^^ not found in this scope\n\nerror: aborting due to previous error\n\nFor more information about this error, try `rustc --explain E0425`.\n",
      "exit_code": 1,
      "status": "SyntaxError"
    },
    {
      "program": "/// Write a function to find nth polite number. geeksforgeeks.org/n-th-polite-number/\nfn is_polite(n: isize) -> isize {\n    let mut i = 1;\n    while i <= n {\n        if n % i == 0 {\n            return i;\n        }\n        i += 1;\n    }\n    return i;\n}\n\nfn main() {\n    let candidate = is_polite;\n    assert_eq!(candidate(7), 11);\n    assert_eq!(candidate(4), 7);\n    assert_eq!(candidate(9), 13);\n}\n",
      "timestamp": 1666123756,
      "stdout": "",
      "stderr": "thread 'main' panicked at 'assertion failed: `(left == right)`\n  left: `1`,\n right: `11`', /tmp/tmp7_bheawv.rs:15:5\nnote: run with `RUST_BACKTRACE=1` environment variable to display a backtrace\n",
      "exit_code": 101,
      "status": "Exception"
    },
    {
      "program": "/// Write a function to find nth polite number. geeksforgeeks.org/n-th-polite-number/\nfn is_polite(n: isize) -> isize {\n    let mut i = 1;\n    let mut j = 1;\n    let mut count = 0;\n    while count < n {\n        if i % j == 0 {\n            count += 1;\n        }\n        if count == n {\n            return i;\n        }\n        if j == i {\n            i += 1;\n            j = 1;\n        } else {\n            j += 1;\n        }\n    }\n    return 0;\n}\n\nfn main() {\n    let candidate = is_polite;\n    assert_eq!(candidate(7), 11);\n    assert_eq!(candidate(4), 7);\n    assert_eq!(candidate(9), 13);\n}\n",
      "timestamp": 1666123756,
      "stdout": "",
      "stderr": "thread 'main' panicked at 'assertion failed: `(left == right)`\n  left: `4`,\n right: `11`', /tmp/tmp21nacsyd.rs:25:5\nnote: run with `RUST_BACKTRACE=1` environment variable to display a backtrace\n",
      "exit_code": 101,
      "status": "Exception"
    },
    {
      "program": "/// Write a function to find nth polite number. geeksforgeeks.org/n-th-polite-number/\nfn is_polite(n: isize) -> isize {\n    let mut i = 1;\n    while n % i != 0 {\n        i += 1;\n    }\n    i\n}\n\nfn main() {\n    let candidate = is_polite;\n    assert_eq!(candidate(7), 11);\n    assert_eq!(candidate(4), 7);\n    assert_eq!(candidate(9), 13);\n}\n",
      "timestamp": 1666123756,
      "stdout": "",
      "stderr": "thread 'main' panicked at 'assertion failed: `(left == right)`\n  left: `1`,\n right: `11`', /tmp/tmpz938k3em.rs:12:5\nnote: run with `RUST_BACKTRACE=1` environment variable to display a backtrace\n",
      "exit_code": 101,
      "status": "Exception"
    },
    {
      "program": "/// Write a function to find nth polite number. geeksforgeeks.org/n-th-polite-number/\nfn is_polite(n: isize) -> isize {\n    let mut i = 1;\n    let mut count = 0;\n    while count < n {\n        if is_prime(i) {\n            count += 1;\n        }\n        i += 1;\n    }\n    i - 1\n}\n\nfn main() {\n    let candidate = is_polite;\n    assert_eq!(candidate(7), 11);\n    assert_eq!(candidate(4), 7);\n    assert_eq!(candidate(9), 13);\n}\n",
      "timestamp": 1665517549,
      "stdout": "",
      "stderr": "error[E0425]: cannot find function `is_prime` in this scope\n --> /tmp/tmpdg7ab2ns.rs:6:12\n  |\n6 |         if is_prime(i) {\n  |            ^^^^^^^^ not found in this scope\n\nerror: aborting due to previous error\n\nFor more information about this error, try `rustc --explain E0425`.\n",
      "exit_code": 1,
      "status": "SyntaxError"
    },
    {
      "program": "/// Write a function to find nth polite number. geeksforgeeks.org/n-th-polite-number/\nfn is_polite(n: isize) -> isize {\n    let mut i = 1;\n    let mut j = 1;\n    let mut count = 0;\n    while count < n {\n        if i % 2 == 0 {\n            count += 1;\n            if count == n {\n                return i;\n            }\n        }\n        if j % 2 == 0 {\n            count += 1;\n            if count == n {\n                return j;\n            }\n        }\n        i += 1;\n        j += 1;\n    }\n    return 0;\n}\n\nfn main() {\n    let candidate = is_polite;\n    assert_eq!(candidate(7), 11);\n    assert_eq!(candidate(4), 7);\n    assert_eq!(candidate(9), 13);\n}\n",
      "timestamp": 1666123756,
      "stdout": "",
      "stderr": "thread 'main' panicked at 'assertion failed: `(left == right)`\n  left: `8`,\n right: `11`', /tmp/tmpf5zmzelk.rs:27:5\nnote: run with `RUST_BACKTRACE=1` environment variable to display a backtrace\n",
      "exit_code": 101,
      "status": "Exception"
    },
    {
      "program": "/// Write a function to find nth polite number. geeksforgeeks.org/n-th-polite-number/\nfn is_polite(n: isize) -> isize {\n    let mut i = 1;\n    let mut count = 0;\n    while count < n {\n        if is_prime(i) {\n            count += 1;\n        }\n        i += 1;\n    }\n    i - 1\n}\n\nfn main() {\n    let candidate = is_polite;\n    assert_eq!(candidate(7), 11);\n    assert_eq!(candidate(4), 7);\n    assert_eq!(candidate(9), 13);\n}\n",
      "timestamp": 1665517549,
      "stdout": "",
      "stderr": "error[E0425]: cannot find function `is_prime` in this scope\n --> /tmp/tmpdg7ab2ns.rs:6:12\n  |\n6 |         if is_prime(i) {\n  |            ^^^^^^^^ not found in this scope\n\nerror: aborting due to previous error\n\nFor more information about this error, try `rustc --explain E0425`.\n",
      "exit_code": 1,
      "status": "SyntaxError"
    },
    {
      "program": "/// Write a function to find nth polite number. geeksforgeeks.org/n-th-polite-number/\nfn is_polite(n: isize) -> isize {\n    let mut i = 1;\n    let mut count = 0;\n    while count < n {\n        if is_prime(i) {\n            count += 1;\n        }\n        i += 1;\n    }\n    i - 1\n}\n\nfn main() {\n    let candidate = is_polite;\n    assert_eq!(candidate(7), 11);\n    assert_eq!(candidate(4), 7);\n    assert_eq!(candidate(9), 13);\n}\n",
      "timestamp": 1665517549,
      "stdout": "",
      "stderr": "error[E0425]: cannot find function `is_prime` in this scope\n --> /tmp/tmpdg7ab2ns.rs:6:12\n  |\n6 |         if is_prime(i) {\n  |            ^^^^^^^^ not found in this scope\n\nerror: aborting due to previous error\n\nFor more information about this error, try `rustc --explain E0425`.\n",
      "exit_code": 1,
      "status": "SyntaxError"
    },
    {
      "program": "/// Write a function to find nth polite number. geeksforgeeks.org/n-th-polite-number/\nfn is_polite(n: isize) -> isize {\n    let mut i = 1;\n    let mut count = 0;\n    while count < n {\n        if is_prime(i) {\n            count += 1;\n        }\n        i += 1;\n    }\n    i - 1\n}\n\nfn main() {\n    let candidate = is_polite;\n    assert_eq!(candidate(7), 11);\n    assert_eq!(candidate(4), 7);\n    assert_eq!(candidate(9), 13);\n}\n",
      "timestamp": 1665517549,
      "stdout": "",
      "stderr": "error[E0425]: cannot find function `is_prime` in this scope\n --> /tmp/tmpdg7ab2ns.rs:6:12\n  |\n6 |         if is_prime(i) {\n  |            ^^^^^^^^ not found in this scope\n\nerror: aborting due to previous error\n\nFor more information about this error, try `rustc --explain E0425`.\n",
      "exit_code": 1,
      "status": "SyntaxError"
    },
    {
      "program": "/// Write a function to find nth polite number. geeksforgeeks.org/n-th-polite-number/\nfn is_polite(n: isize) -> isize {\n    let mut i = 1;\n    let mut j = 1;\n    let mut count = 0;\n    while count < n {\n        if i % j == 0 {\n            count += 1;\n        }\n        if count == n {\n            return i;\n        }\n        if j == i {\n            i += 1;\n            j = 1;\n        } else {\n            j += 1;\n        }\n    }\n    return -1;\n}\n\nfn main() {\n    let candidate = is_polite;\n    assert_eq!(candidate(7), 11);\n    assert_eq!(candidate(4), 7);\n    assert_eq!(candidate(9), 13);\n}\n",
      "timestamp": 1666123756,
      "stdout": "",
      "stderr": "thread 'main' panicked at 'assertion failed: `(left == right)`\n  left: `4`,\n right: `11`', /tmp/tmpdq396paj.rs:25:5\nnote: run with `RUST_BACKTRACE=1` environment variable to display a backtrace\n",
      "exit_code": 101,
      "status": "Exception"
    },
    {
      "program": "/// Write a function to find nth polite number. geeksforgeeks.org/n-th-polite-number/\nfn is_polite(n: isize) -> isize {\n    let mut i = 1;\n    let mut j = 1;\n    let mut count = 0;\n    while count < n {\n        if i % 2 == 0 {\n            count += 1;\n        }\n        if j % 3 == 0 {\n            count += 1;\n        }\n        if i % 5 == 0 {\n            count += 1;\n        }\n        i += 1;\n        j += 1;\n    }\n    i - 1\n}\n\nfn main() {\n    let candidate = is_polite;\n    assert_eq!(candidate(7), 11);\n    assert_eq!(candidate(4), 7);\n    assert_eq!(candidate(9), 13);\n}\n",
      "timestamp": 1666123756,
      "stdout": "",
      "stderr": "thread 'main' panicked at 'assertion failed: `(left == right)`\n  left: `8`,\n right: `11`', /tmp/tmpzv247qwg.rs:24:5\nnote: run with `RUST_BACKTRACE=1` environment variable to display a backtrace\n",
      "exit_code": 101,
      "status": "Exception"
    },
    {
      "program": "/// Write a function to find nth polite number. geeksforgeeks.org/n-th-polite-number/\nfn is_polite(n: isize) -> isize {\n    let mut i = 1;\n    while i <= n {\n        if n % i == 0 {\n            return i;\n        }\n        i += 1;\n    }\n    return 0;\n}\n\nfn main() {\n    let candidate = is_polite;\n    assert_eq!(candidate(7), 11);\n    assert_eq!(candidate(4), 7);\n    assert_eq!(candidate(9), 13);\n}\n",
      "timestamp": 1666123756,
      "stdout": "",
      "stderr": "thread 'main' panicked at 'assertion failed: `(left == right)`\n  left: `1`,\n right: `11`', /tmp/tmpd952hh7b.rs:15:5\nnote: run with `RUST_BACKTRACE=1` environment variable to display a backtrace\n",
      "exit_code": 101,
      "status": "Exception"
    },
    {
      "program": "/// Write a function to find nth polite number. geeksforgeeks.org/n-th-polite-number/\nfn is_polite(n: isize) -> isize {\n    let mut i = 1;\n    let mut j = 1;\n    let mut count = 0;\n    while count < n {\n        if is_prime(i) {\n            count += 1;\n            j = i;\n        }\n        i += 1;\n    }\n    j\n}\n\nfn main() {\n    let candidate = is_polite;\n    assert_eq!(candidate(7), 11);\n    assert_eq!(candidate(4), 7);\n    assert_eq!(candidate(9), 13);\n}\n",
      "timestamp": 1666123756,
      "stdout": "",
      "stderr": "error[E0425]: cannot find function `is_prime` in this scope\n --> /tmp/tmp952pqauw.rs:7:12\n  |\n7 |         if is_prime(i) {\n  |            ^^^^^^^^ not found in this scope\n\nerror: aborting due to previous error\n\nFor more information about this error, try `rustc --explain E0425`.\n",
      "exit_code": 1,
      "status": "SyntaxError"
    },
    {
      "program": "/// Write a function to find nth polite number. geeksforgeeks.org/n-th-polite-number/\nfn is_polite(n: isize) -> isize {\n    let mut i = 1;\n    let mut count = 0;\n    while count < n {\n        if is_prime(i) {\n            count += 1;\n        }\n        i += 1;\n    }\n    i - 1\n}\n\nfn main() {\n    let candidate = is_polite;\n    assert_eq!(candidate(7), 11);\n    assert_eq!(candidate(4), 7);\n    assert_eq!(candidate(9), 13);\n}\n",
      "timestamp": 1665517549,
      "stdout": "",
      "stderr": "error[E0425]: cannot find function `is_prime` in this scope\n --> /tmp/tmpdg7ab2ns.rs:6:12\n  |\n6 |         if is_prime(i) {\n  |            ^^^^^^^^ not found in this scope\n\nerror: aborting due to previous error\n\nFor more information about this error, try `rustc --explain E0425`.\n",
      "exit_code": 1,
      "status": "SyntaxError"
    },
    {
      "program": "/// Write a function to find nth polite number. geeksforgeeks.org/n-th-polite-number/\nfn is_polite(n: isize) -> isize {\n    let mut i = 1;\n    let mut j = 1;\n    let mut count = 0;\n    let mut result = 0;\n    while count < n {\n        if i % 2 == 0 {\n            result = i;\n            count += 1;\n        } else if j % 2 == 0 {\n            result = j;\n            count += 1;\n        }\n        i += 1;\n        j += 1;\n    }\n    result\n}\n\nfn main() {\n    let candidate = is_polite;\n    assert_eq!(candidate(7), 11);\n    assert_eq!(candidate(4), 7);\n    assert_eq!(candidate(9), 13);\n}\n",
      "timestamp": 1666123762,
      "stdout": "",
      "stderr": "thread 'main' panicked at 'assertion failed: `(left == right)`\n  left: `14`,\n right: `11`', /tmp/tmpoy979cty.rs:23:5\nnote: run with `RUST_BACKTRACE=1` environment variable to display a backtrace\n",
      "exit_code": 101,
      "status": "Exception"
    },
    {
      "program": "/// Write a function to find nth polite number. geeksforgeeks.org/n-th-polite-number/\nfn is_polite(n: isize) -> isize {\n    let mut i = 1;\n    let mut count = 0;\n\n    while count < n {\n        if is_prime(i) {\n            count += 1;\n        }\n        i += 1;\n    }\n\n    i - 1\n}\n\nfn main() {\n    let candidate = is_polite;\n    assert_eq!(candidate(7), 11);\n    assert_eq!(candidate(4), 7);\n    assert_eq!(candidate(9), 13);\n}\n",
      "timestamp": 1666123762,
      "stdout": "",
      "stderr": "error[E0425]: cannot find function `is_prime` in this scope\n --> /tmp/tmpx1o80b2_.rs:7:12\n  |\n7 |         if is_prime(i) {\n  |            ^^^^^^^^ not found in this scope\n\nerror: aborting due to previous error\n\nFor more information about this error, try `rustc --explain E0425`.\n",
      "exit_code": 1,
      "status": "SyntaxError"
    },
    {
      "program": "/// Write a function to find nth polite number. geeksforgeeks.org/n-th-polite-number/\nfn is_polite(n: isize) -> isize {\n    let mut i = 1;\n    let mut count = 0;\n    while count < n {\n        if is_prime(i) {\n            count += 1;\n        }\n        i += 1;\n    }\n    i - 1\n}\n\nfn main() {\n    let candidate = is_polite;\n    assert_eq!(candidate(7), 11);\n    assert_eq!(candidate(4), 7);\n    assert_eq!(candidate(9), 13);\n}\n",
      "timestamp": 1665517549,
      "stdout": "",
      "stderr": "error[E0425]: cannot find function `is_prime` in this scope\n --> /tmp/tmpdg7ab2ns.rs:6:12\n  |\n6 |         if is_prime(i) {\n  |            ^^^^^^^^ not found in this scope\n\nerror: aborting due to previous error\n\nFor more information about this error, try `rustc --explain E0425`.\n",
      "exit_code": 1,
      "status": "SyntaxError"
    },
    {
      "program": "/// Write a function to find nth polite number. geeksforgeeks.org/n-th-polite-number/\nfn is_polite(n: isize) -> isize {\n    let mut i = 1;\n    let mut count = 0;\n    while count < n {\n        if is_prime(i) {\n            count += 1;\n        }\n        i += 1;\n    }\n    i - 1\n}\n\nfn main() {\n    let candidate = is_polite;\n    assert_eq!(candidate(7), 11);\n    assert_eq!(candidate(4), 7);\n    assert_eq!(candidate(9), 13);\n}\n",
      "timestamp": 1665517549,
      "stdout": "",
      "stderr": "error[E0425]: cannot find function `is_prime` in this scope\n --> /tmp/tmpdg7ab2ns.rs:6:12\n  |\n6 |         if is_prime(i) {\n  |            ^^^^^^^^ not found in this scope\n\nerror: aborting due to previous error\n\nFor more information about this error, try `rustc --explain E0425`.\n",
      "exit_code": 1,
      "status": "SyntaxError"
    },
    {
      "program": "/// Write a function to find nth polite number. geeksforgeeks.org/n-th-polite-number/\nfn is_polite(n: isize) -> isize {\n    let mut n = n;\n    let mut i = 2;\n    let mut factors = vec![];\n    while i * i <= n {\n        if n % i == 0 {\n            factors.push(i);\n            n /= i;\n        } else {\n            i += 1;\n        }\n    }\n    if n > 1 {\n        factors.push(n);\n    }\n    factors.iter().sum()\n}\n\nfn main() {\n    let candidate = is_polite;\n    assert_eq!(candidate(7), 11);\n    assert_eq!(candidate(4), 7);\n    assert_eq!(candidate(9), 13);\n}\n",
      "timestamp": 1666123762,
      "stdout": "",
      "stderr": "thread 'main' panicked at 'assertion failed: `(left == right)`\n  left: `7`,\n right: `11`', /tmp/tmp09srkicl.rs:22:5\nnote: run with `RUST_BACKTRACE=1` environment variable to display a backtrace\n",
      "exit_code": 101,
      "status": "Exception"
    },
    {
      "program": "/// Write a function to find nth polite number. geeksforgeeks.org/n-th-polite-number/\nfn is_polite(n: isize) -> isize {\n    let mut i = 1;\n    while i <= n {\n        if n % i == 0 {\n            return i;\n        }\n        i += 1;\n    }\n    return 0;\n}\n\nfn main() {\n    let candidate = is_polite;\n    assert_eq!(candidate(7), 11);\n    assert_eq!(candidate(4), 7);\n    assert_eq!(candidate(9), 13);\n}\n",
      "timestamp": 1666123756,
      "stdout": "",
      "stderr": "thread 'main' panicked at 'assertion failed: `(left == right)`\n  left: `1`,\n right: `11`', /tmp/tmpd952hh7b.rs:15:5\nnote: run with `RUST_BACKTRACE=1` environment variable to display a backtrace\n",
      "exit_code": 101,
      "status": "Exception"
    },
    {
      "program": "/// Write a function to find nth polite number. geeksforgeeks.org/n-th-polite-number/\nfn is_polite(n: isize) -> isize {\n    let mut n = n;\n    let mut count = 0;\n    while n % 2 == 0 {\n        n /= 2;\n        count += 1;\n    }\n    while n % 3 == 0 {\n        n /= 3;\n        count += 1;\n    }\n    while n % 5 == 0 {\n        n /= 5;\n        count += 1;\n    }\n    if n == 1 {\n        count\n    } else {\n        0\n    }\n}\n\nfn main() {\n    let candidate = is_polite;\n    assert_eq!(candidate(7), 11);\n    assert_eq!(candidate(4), 7);\n    assert_eq!(candidate(9), 13);\n}\n",
      "timestamp": 1665517549,
      "stdout": "",
      "stderr": "thread 'main' panicked at 'assertion failed: `(left == right)`\n  left: `0`,\n right: `11`', /tmp/tmp2jkvu0be.rs:26:5\nnote: run with `RUST_BACKTRACE=1` environment variable to display a backtrace\n",
      "exit_code": 101,
      "status": "Exception"
    },
    {
      "program": "/// Write a function to find nth polite number. geeksforgeeks.org/n-th-polite-number/\nfn is_polite(n: isize) -> isize {\n    let mut i = 1;\n    let mut j = 1;\n    let mut count = 0;\n    while count < n {\n        if i % j == 0 {\n            count += 1;\n        }\n        if count == n {\n            return i;\n        }\n        j += 1;\n        if j > i {\n            i += 1;\n            j = 1;\n        }\n    }\n    return i;\n}\n\nfn main() {\n    let candidate = is_polite;\n    assert_eq!(candidate(7), 11);\n    assert_eq!(candidate(4), 7);\n    assert_eq!(candidate(9), 13);\n}\n",
      "timestamp": 1666123762,
      "stdout": "",
      "stderr": "thread 'main' panicked at 'assertion failed: `(left == right)`\n  left: `4`,\n right: `11`', /tmp/tmpw5ghpi42.rs:24:5\nnote: run with `RUST_BACKTRACE=1` environment variable to display a backtrace\n",
      "exit_code": 101,
      "status": "Exception"
    },
    {
      "program": "/// Write a function to find nth polite number. geeksforgeeks.org/n-th-polite-number/\nfn is_polite(n: isize) -> isize {\n    let mut i = 1;\n    let mut count = 0;\n    while count < n {\n        if is_prime(i) {\n            count += 1;\n        }\n        i += 1;\n    }\n    i - 1\n}\n\nfn main() {\n    let candidate = is_polite;\n    assert_eq!(candidate(7), 11);\n    assert_eq!(candidate(4), 7);\n    assert_eq!(candidate(9), 13);\n}\n",
      "timestamp": 1665517549,
      "stdout": "",
      "stderr": "error[E0425]: cannot find function `is_prime` in this scope\n --> /tmp/tmpdg7ab2ns.rs:6:12\n  |\n6 |         if is_prime(i) {\n  |            ^^^^^^^^ not found in this scope\n\nerror: aborting due to previous error\n\nFor more information about this error, try `rustc --explain E0425`.\n",
      "exit_code": 1,
      "status": "SyntaxError"
    },
    {
      "program": "/// Write a function to find nth polite number. geeksforgeeks.org/n-th-polite-number/\nfn is_polite(n: isize) -> isize {\n    let mut i = 1;\n    while n % i != 0 {\n        i += 1;\n    }\n    i\n}\n\nfn main() {\n    let candidate = is_polite;\n    assert_eq!(candidate(7), 11);\n    assert_eq!(candidate(4), 7);\n    assert_eq!(candidate(9), 13);\n}\n",
      "timestamp": 1666123756,
      "stdout": "",
      "stderr": "thread 'main' panicked at 'assertion failed: `(left == right)`\n  left: `1`,\n right: `11`', /tmp/tmpz938k3em.rs:12:5\nnote: run with `RUST_BACKTRACE=1` environment variable to display a backtrace\n",
      "exit_code": 101,
      "status": "Exception"
    },
    {
      "program": "/// Write a function to find nth polite number. geeksforgeeks.org/n-th-polite-number/\nfn is_polite(n: isize) -> isize {\n    let mut i = 1;\n    let mut j = 1;\n    let mut count = 0;\n    while count < n {\n        if i % j == 0 {\n            count += 1;\n        }\n        if count == n {\n            return i;\n        }\n        if j == i {\n            i += 1;\n            j = 1;\n        } else {\n            j += 1;\n        }\n    }\n    return 0;\n}\n\nfn main() {\n    let candidate = is_polite;\n    assert_eq!(candidate(7), 11);\n    assert_eq!(candidate(4), 7);\n    assert_eq!(candidate(9), 13);\n}\n",
      "timestamp": 1666123756,
      "stdout": "",
      "stderr": "thread 'main' panicked at 'assertion failed: `(left == right)`\n  left: `4`,\n right: `11`', /tmp/tmp21nacsyd.rs:25:5\nnote: run with `RUST_BACKTRACE=1` environment variable to display a backtrace\n",
      "exit_code": 101,
      "status": "Exception"
    },
    {
      "program": "/// Write a function to find nth polite number. geeksforgeeks.org/n-th-polite-number/\nfn is_polite(n: isize) -> isize {\n    let mut i = 1;\n    while i * i <= n {\n        if n % i == 0 {\n            return i + n / i;\n        }\n        i += 1;\n    }\n    -1\n}\n\nfn main() {\n    let candidate = is_polite;\n    assert_eq!(candidate(7), 11);\n    assert_eq!(candidate(4), 7);\n    assert_eq!(candidate(9), 13);\n}\n",
      "timestamp": 1666123762,
      "stdout": "",
      "stderr": "thread 'main' panicked at 'assertion failed: `(left == right)`\n  left: `8`,\n right: `11`', /tmp/tmpknsyji7l.rs:15:5\nnote: run with `RUST_BACKTRACE=1` environment variable to display a backtrace\n",
      "exit_code": 101,
      "status": "Exception"
    },
    {
      "program": "/// Write a function to find nth polite number. geeksforgeeks.org/n-th-polite-number/\nfn is_polite(n: isize) -> isize {\n    let mut i = 1;\n    let mut count = 0;\n    while count < n {\n        if is_prime(i) {\n            count += 1;\n        }\n        i += 1;\n    }\n    i - 1\n}\n\nfn main() {\n    let candidate = is_polite;\n    assert_eq!(candidate(7), 11);\n    assert_eq!(candidate(4), 7);\n    assert_eq!(candidate(9), 13);\n}\n",
      "timestamp": 1665517549,
      "stdout": "",
      "stderr": "error[E0425]: cannot find function `is_prime` in this scope\n --> /tmp/tmpdg7ab2ns.rs:6:12\n  |\n6 |         if is_prime(i) {\n  |            ^^^^^^^^ not found in this scope\n\nerror: aborting due to previous error\n\nFor more information about this error, try `rustc --explain E0425`.\n",
      "exit_code": 1,
      "status": "SyntaxError"
    },
    {
      "program": "/// Write a function to find nth polite number. geeksforgeeks.org/n-th-polite-number/\nfn is_polite(n: isize) -> isize {\n    let mut i = 1;\n    let mut count = 0;\n    while count < n {\n        if is_prime(i) {\n            count += 1;\n        }\n        i += 1;\n    }\n    i - 1\n}\n\nfn main() {\n    let candidate = is_polite;\n    assert_eq!(candidate(7), 11);\n    assert_eq!(candidate(4), 7);\n    assert_eq!(candidate(9), 13);\n}\n",
      "timestamp": 1665517549,
      "stdout": "",
      "stderr": "error[E0425]: cannot find function `is_prime` in this scope\n --> /tmp/tmpdg7ab2ns.rs:6:12\n  |\n6 |         if is_prime(i) {\n  |            ^^^^^^^^ not found in this scope\n\nerror: aborting due to previous error\n\nFor more information about this error, try `rustc --explain E0425`.\n",
      "exit_code": 1,
      "status": "SyntaxError"
    },
    {
      "program": "/// Write a function to find nth polite number. geeksforgeeks.org/n-th-polite-number/\nfn is_polite(n: isize) -> isize {\n    let mut i = 1;\n    let mut count = 0;\n    while count < n {\n        if is_prime(i) {\n            count += 1;\n        }\n        i += 1;\n    }\n    i - 1\n}\n\nfn main() {\n    let candidate = is_polite;\n    assert_eq!(candidate(7), 11);\n    assert_eq!(candidate(4), 7);\n    assert_eq!(candidate(9), 13);\n}\n",
      "timestamp": 1665517549,
      "stdout": "",
      "stderr": "error[E0425]: cannot find function `is_prime` in this scope\n --> /tmp/tmpdg7ab2ns.rs:6:12\n  |\n6 |         if is_prime(i) {\n  |            ^^^^^^^^ not found in this scope\n\nerror: aborting due to previous error\n\nFor more information about this error, try `rustc --explain E0425`.\n",
      "exit_code": 1,
      "status": "SyntaxError"
    },
    {
      "program": "/// Write a function to find nth polite number. geeksforgeeks.org/n-th-polite-number/\nfn is_polite(n: isize) -> isize {\n    let mut i = 1;\n    let mut j = 1;\n    let mut count = 0;\n    while count < n {\n        if i % j == 0 {\n            count += 1;\n        }\n        if count == n {\n            return i;\n        }\n        i += 1;\n        if j == i {\n            j += 1;\n            i = 1;\n        }\n    }\n    return 0;\n}\n\nfn main() {\n    let candidate = is_polite;\n    assert_eq!(candidate(7), 11);\n    assert_eq!(candidate(4), 7);\n    assert_eq!(candidate(9), 13);\n}\n",
      "timestamp": 1666123762,
      "stdout": "",
      "stderr": "thread 'main' panicked at 'assertion failed: `(left == right)`\n  left: `7`,\n right: `11`', /tmp/tmp87l6c172.rs:24:5\nnote: run with `RUST_BACKTRACE=1` environment variable to display a backtrace\n",
      "exit_code": 101,
      "status": "Exception"
    },
    {
      "program": "/// Write a function to find nth polite number. geeksforgeeks.org/n-th-polite-number/\nfn is_polite(n: isize) -> isize {\n    let mut i = 1;\n    let mut count = 0;\n    while count < n {\n        if is_prime(i) {\n            count += 1;\n        }\n        i += 1;\n    }\n    i - 1\n}\n\nfn main() {\n    let candidate = is_polite;\n    assert_eq!(candidate(7), 11);\n    assert_eq!(candidate(4), 7);\n    assert_eq!(candidate(9), 13);\n}\n",
      "timestamp": 1665517549,
      "stdout": "",
      "stderr": "error[E0425]: cannot find function `is_prime` in this scope\n --> /tmp/tmpdg7ab2ns.rs:6:12\n  |\n6 |         if is_prime(i) {\n  |            ^^^^^^^^ not found in this scope\n\nerror: aborting due to previous error\n\nFor more information about this error, try `rustc --explain E0425`.\n",
      "exit_code": 1,
      "status": "SyntaxError"
    },
    {
      "program": "/// Write a function to find nth polite number. geeksforgeeks.org/n-th-polite-number/\nfn is_polite(n: isize) -> isize {\n    let mut i = 1;\n    let mut count = 0;\n    while count < n {\n        if is_prime(i) {\n            count += 1;\n        }\n        i += 1;\n    }\n    i - 1\n}\n\nfn main() {\n    let candidate = is_polite;\n    assert_eq!(candidate(7), 11);\n    assert_eq!(candidate(4), 7);\n    assert_eq!(candidate(9), 13);\n}\n",
      "timestamp": 1665517549,
      "stdout": "",
      "stderr": "error[E0425]: cannot find function `is_prime` in this scope\n --> /tmp/tmpdg7ab2ns.rs:6:12\n  |\n6 |         if is_prime(i) {\n  |            ^^^^^^^^ not found in this scope\n\nerror: aborting due to previous error\n\nFor more information about this error, try `rustc --explain E0425`.\n",
      "exit_code": 1,
      "status": "SyntaxError"
    },
    {
      "program": "/// Write a function to find nth polite number. geeksforgeeks.org/n-th-polite-number/\nfn is_polite(n: isize) -> isize {\n    let mut i = 1;\n    let mut j = 1;\n    let mut count = 0;\n    while count < n {\n        if i % j == 0 {\n            count += 1;\n        }\n        j += 1;\n        if j > i {\n            i += 1;\n            j = 1;\n        }\n    }\n    i\n}\n\nfn main() {\n    let candidate = is_polite;\n    assert_eq!(candidate(7), 11);\n    assert_eq!(candidate(4), 7);\n    assert_eq!(candidate(9), 13);\n}\n",
      "timestamp": 1665517549,
      "stdout": "",
      "stderr": "thread 'main' panicked at 'assertion failed: `(left == right)`\n  left: `4`,\n right: `11`', /tmp/tmprnwjh1rw.rs:21:5\nnote: run with `RUST_BACKTRACE=1` environment variable to display a backtrace\n",
      "exit_code": 101,
      "status": "Exception"
    },
    {
      "program": "/// Write a function to find nth polite number. geeksforgeeks.org/n-th-polite-number/\nfn is_polite(n: isize) -> isize {\n    if n < 0 {\n        return -1;\n    }\n    let mut i = 1;\n    let mut count = 0;\n    while count < n {\n        if is_prime(i) {\n            count += 1;\n        }\n        i += 1;\n    }\n    i - 1\n}\n\nfn main() {\n    let candidate = is_polite;\n    assert_eq!(candidate(7), 11);\n    assert_eq!(candidate(4), 7);\n    assert_eq!(candidate(9), 13);\n}\n",
      "timestamp": 1666123762,
      "stdout": "",
      "stderr": "error[E0425]: cannot find function `is_prime` in this scope\n --> /tmp/tmpyhm8x2xj.rs:9:12\n  |\n9 |         if is_prime(i) {\n  |            ^^^^^^^^ not found in this scope\n\nerror: aborting due to previous error\n\nFor more information about this error, try `rustc --explain E0425`.\n",
      "exit_code": 1,
      "status": "SyntaxError"
    },
    {
      "program": "/// Write a function to find nth polite number. geeksforgeeks.org/n-th-polite-number/\nfn is_polite(n: isize) -> isize {\n    let mut i = 1;\n    while n % i != 0 {\n        i += 1;\n    }\n    i\n}\n\nfn main() {\n    let candidate = is_polite;\n    assert_eq!(candidate(7), 11);\n    assert_eq!(candidate(4), 7);\n    assert_eq!(candidate(9), 13);\n}\n",
      "timestamp": 1666123756,
      "stdout": "",
      "stderr": "thread 'main' panicked at 'assertion failed: `(left == right)`\n  left: `1`,\n right: `11`', /tmp/tmpz938k3em.rs:12:5\nnote: run with `RUST_BACKTRACE=1` environment variable to display a backtrace\n",
      "exit_code": 101,
      "status": "Exception"
    },
    {
      "program": "/// Write a function to find nth polite number. geeksforgeeks.org/n-th-polite-number/\nfn is_polite(n: isize) -> isize {\n    let mut i = 1;\n    while i * i <= n {\n        if n % i == 0 {\n            return i + n / i;\n        }\n        i += 1;\n    }\n    return 2 * n;\n}\n\nfn main() {\n    let candidate = is_polite;\n    assert_eq!(candidate(7), 11);\n    assert_eq!(candidate(4), 7);\n    assert_eq!(candidate(9), 13);\n}\n",
      "timestamp": 1666123762,
      "stdout": "",
      "stderr": "thread 'main' panicked at 'assertion failed: `(left == right)`\n  left: `8`,\n right: `11`', /tmp/tmpzq0usur2.rs:15:5\nnote: run with `RUST_BACKTRACE=1` environment variable to display a backtrace\n",
      "exit_code": 101,
      "status": "Exception"
    },
    {
      "program": "/// Write a function to find nth polite number. geeksforgeeks.org/n-th-polite-number/\nfn is_polite(n: isize) -> isize {\n    let mut i = 1;\n    let mut count = 0;\n    while count < n {\n        if is_prime(i) {\n            count += 1;\n        }\n        i += 1;\n    }\n    i - 1\n}\n\nfn main() {\n    let candidate = is_polite;\n    assert_eq!(candidate(7), 11);\n    assert_eq!(candidate(4), 7);\n    assert_eq!(candidate(9), 13);\n}\n",
      "timestamp": 1665517549,
      "stdout": "",
      "stderr": "error[E0425]: cannot find function `is_prime` in this scope\n --> /tmp/tmpdg7ab2ns.rs:6:12\n  |\n6 |         if is_prime(i) {\n  |            ^^^^^^^^ not found in this scope\n\nerror: aborting due to previous error\n\nFor more information about this error, try `rustc --explain E0425`.\n",
      "exit_code": 1,
      "status": "SyntaxError"
    },
    {
      "program": "/// Write a function to find nth polite number. geeksforgeeks.org/n-th-polite-number/\nfn is_polite(n: isize) -> isize {\n    let mut i = 1;\n    let mut count = 0;\n    while count < n {\n        i += 1;\n        if is_prime(i) {\n            count += 1;\n        }\n    }\n    i\n}\n\nfn main() {\n    let candidate = is_polite;\n    assert_eq!(candidate(7), 11);\n    assert_eq!(candidate(4), 7);\n    assert_eq!(candidate(9), 13);\n}\n",
      "timestamp": 1666123756,
      "stdout": "",
      "stderr": "error[E0425]: cannot find function `is_prime` in this scope\n --> /tmp/tmpk35lf7x_.rs:7:12\n  |\n7 |         if is_prime(i) {\n  |            ^^^^^^^^ not found in this scope\n\nerror: aborting due to previous error\n\nFor more information about this error, try `rustc --explain E0425`.\n",
      "exit_code": 1,
      "status": "SyntaxError"
    },
    {
      "program": "/// Write a function to find nth polite number. geeksforgeeks.org/n-th-polite-number/\nfn is_polite(n: isize) -> isize {\n    let mut i = 1;\n    while n % i != 0 {\n        i += 1;\n    }\n    i\n}\n\nfn main() {\n    let candidate = is_polite;\n    assert_eq!(candidate(7), 11);\n    assert_eq!(candidate(4), 7);\n    assert_eq!(candidate(9), 13);\n}\n",
      "timestamp": 1666123756,
      "stdout": "",
      "stderr": "thread 'main' panicked at 'assertion failed: `(left == right)`\n  left: `1`,\n right: `11`', /tmp/tmpz938k3em.rs:12:5\nnote: run with `RUST_BACKTRACE=1` environment variable to display a backtrace\n",
      "exit_code": 101,
      "status": "Exception"
    },
    {
      "program": "/// Write a function to find nth polite number. geeksforgeeks.org/n-th-polite-number/\nfn is_polite(n: isize) -> isize {\n    let mut i = 1;\n    let mut count = 0;\n    while count < n {\n        if is_prime(i) {\n            count += 1;\n        }\n        i += 1;\n    }\n    i - 1\n}\n\nfn main() {\n    let candidate = is_polite;\n    assert_eq!(candidate(7), 11);\n    assert_eq!(candidate(4), 7);\n    assert_eq!(candidate(9), 13);\n}\n",
      "timestamp": 1665517549,
      "stdout": "",
      "stderr": "error[E0425]: cannot find function `is_prime` in this scope\n --> /tmp/tmpdg7ab2ns.rs:6:12\n  |\n6 |         if is_prime(i) {\n  |            ^^^^^^^^ not found in this scope\n\nerror: aborting due to previous error\n\nFor more information about this error, try `rustc --explain E0425`.\n",
      "exit_code": 1,
      "status": "SyntaxError"
    },
    {
      "program": "/// Write a function to find nth polite number. geeksforgeeks.org/n-th-polite-number/\nfn is_polite(n: isize) -> isize {\n    let mut i = 1;\n    let mut j = 1;\n    let mut count = 0;\n\n    while count < n {\n        let sum = i + j;\n        if is_prime(sum) {\n            count += 1;\n            if count == n {\n                return sum;\n            }\n        }\n        i += 1;\n        j += 1;\n    }\n    0\n}\n\nfn main() {\n    let candidate = is_polite;\n    assert_eq!(candidate(7), 11);\n    assert_eq!(candidate(4), 7);\n    assert_eq!(candidate(9), 13);\n}\n",
      "timestamp": 1666123762,
      "stdout": "",
      "stderr": "error[E0425]: cannot find function `is_prime` in this scope\n --> /tmp/tmpf33y63bq.rs:9:12\n  |\n9 |         if is_prime(sum) {\n  |            ^^^^^^^^ not found in this scope\n\nerror: aborting due to previous error\n\nFor more information about this error, try `rustc --explain E0425`.\n",
      "exit_code": 1,
      "status": "SyntaxError"
    },
    {
      "program": "/// Write a function to find nth polite number. geeksforgeeks.org/n-th-polite-number/\nfn is_polite(n: isize) -> isize {\n    let mut i = 1;\n    let mut count = 0;\n    while count < n {\n        if is_prime(i) {\n            count += 1;\n        }\n        i += 1;\n    }\n    i - 1\n}\n\nfn main() {\n    let candidate = is_polite;\n    assert_eq!(candidate(7), 11);\n    assert_eq!(candidate(4), 7);\n    assert_eq!(candidate(9), 13);\n}\n",
      "timestamp": 1665517549,
      "stdout": "",
      "stderr": "error[E0425]: cannot find function `is_prime` in this scope\n --> /tmp/tmpdg7ab2ns.rs:6:12\n  |\n6 |         if is_prime(i) {\n  |            ^^^^^^^^ not found in this scope\n\nerror: aborting due to previous error\n\nFor more information about this error, try `rustc --explain E0425`.\n",
      "exit_code": 1,
      "status": "SyntaxError"
    },
    {
      "program": "/// Write a function to find nth polite number. geeksforgeeks.org/n-th-polite-number/\nfn is_polite(n: isize) -> isize {\n    let mut i = 1;\n    let mut sum = 0;\n    while sum < n {\n        i += 1;\n        if is_prime(i) {\n            sum += 1;\n        }\n    }\n    i\n}\n\nfn main() {\n    let candidate = is_polite;\n    assert_eq!(candidate(7), 11);\n    assert_eq!(candidate(4), 7);\n    assert_eq!(candidate(9), 13);\n}\n",
      "timestamp": 1666123762,
      "stdout": "",
      "stderr": "error[E0425]: cannot find function `is_prime` in this scope\n --> /tmp/tmp8kcj9vjz.rs:7:12\n  |\n7 |         if is_prime(i) {\n  |            ^^^^^^^^ not found in this scope\n\nerror: aborting due to previous error\n\nFor more information about this error, try `rustc --explain E0425`.\n",
      "exit_code": 1,
      "status": "SyntaxError"
    },
    {
      "program": "/// Write a function to find nth polite number. geeksforgeeks.org/n-th-polite-number/\nfn is_polite(n: isize) -> isize {\n    let mut i = 1;\n    let mut count = 0;\n    while count < n {\n        if is_prime(i) {\n            count += 1;\n        }\n        i += 1;\n    }\n    i - 1\n}\n\nfn main() {\n    let candidate = is_polite;\n    assert_eq!(candidate(7), 11);\n    assert_eq!(candidate(4), 7);\n    assert_eq!(candidate(9), 13);\n}\n",
      "timestamp": 1665517549,
      "stdout": "",
      "stderr": "error[E0425]: cannot find function `is_prime` in this scope\n --> /tmp/tmpdg7ab2ns.rs:6:12\n  |\n6 |         if is_prime(i) {\n  |            ^^^^^^^^ not found in this scope\n\nerror: aborting due to previous error\n\nFor more information about this error, try `rustc --explain E0425`.\n",
      "exit_code": 1,
      "status": "SyntaxError"
    },
    {
      "program": "/// Write a function to find nth polite number. geeksforgeeks.org/n-th-polite-number/\nfn is_polite(n: isize) -> isize {\n    let mut i = 1;\n    let mut j = 1;\n    let mut count = 0;\n    while count < n {\n        if is_prime(i) {\n            count += 1;\n            if count == n {\n                return i;\n            }\n        }\n        i += 1;\n        if is_prime(j) {\n            count += 1;\n            if count == n {\n                return j;\n            }\n        }\n        j += 1;\n    }\n    return 0;\n}\n\nfn main() {\n    let candidate = is_polite;\n    assert_eq!(candidate(7), 11);\n    assert_eq!(candidate(4), 7);\n    assert_eq!(candidate(9), 13);\n}\n",
      "timestamp": 1666123762,
      "stdout": "",
      "stderr": "error[E0425]: cannot find function `is_prime` in this scope\n --> /tmp/tmpj3wnhi05.rs:7:12\n  |\n7 |         if is_prime(i) {\n  |            ^^^^^^^^ not found in this scope\n\nerror[E0425]: cannot find function `is_prime` in this scope\n  --> /tmp/tmpj3wnhi05.rs:14:12\n   |\n14 |         if is_prime(j) {\n   |            ^^^^^^^^ not found in this scope\n\nerror: aborting due to 2 previous errors\n\nFor more information about this error, try `rustc --explain E0425`.\n",
      "exit_code": 1,
      "status": "SyntaxError"
    },
    {
      "program": "/// Write a function to find nth polite number. geeksforgeeks.org/n-th-polite-number/\nfn is_polite(n: isize) -> isize {\n    let mut i = 1;\n    while i * i <= n {\n        if n % i == 0 {\n            return i + n / i;\n        }\n        i += 1;\n    }\n    return -1;\n}\n\nfn main() {\n    let candidate = is_polite;\n    assert_eq!(candidate(7), 11);\n    assert_eq!(candidate(4), 7);\n    assert_eq!(candidate(9), 13);\n}\n",
      "timestamp": 1666123762,
      "stdout": "",
      "stderr": "thread 'main' panicked at 'assertion failed: `(left == right)`\n  left: `8`,\n right: `11`', /tmp/tmpzaknerkw.rs:15:5\nnote: run with `RUST_BACKTRACE=1` environment variable to display a backtrace\n",
      "exit_code": 101,
      "status": "Exception"
    },
    {
      "program": "/// Write a function to find nth polite number. geeksforgeeks.org/n-th-polite-number/\nfn is_polite(n: isize) -> isize {\n    let mut i = 1;\n    while i * i <= n {\n        if n % i == 0 {\n            return i + n / i;\n        }\n        i += 1;\n    }\n    return 0;\n}\n\nfn main() {\n    let candidate = is_polite;\n    assert_eq!(candidate(7), 11);\n    assert_eq!(candidate(4), 7);\n    assert_eq!(candidate(9), 13);\n}\n",
      "timestamp": 1666123756,
      "stdout": "",
      "stderr": "thread 'main' panicked at 'assertion failed: `(left == right)`\n  left: `8`,\n right: `11`', /tmp/tmp4tg2m3n2.rs:15:5\nnote: run with `RUST_BACKTRACE=1` environment variable to display a backtrace\n",
      "exit_code": 101,
      "status": "Exception"
    },
    {
      "program": "/// Write a function to find nth polite number. geeksforgeeks.org/n-th-polite-number/\nfn is_polite(n: isize) -> isize {\n    let mut i = 1;\n    let mut count = 0;\n    while count < n {\n        if is_prime(i) {\n            count += 1;\n        }\n        i += 1;\n    }\n    i - 1\n}\n\nfn main() {\n    let candidate = is_polite;\n    assert_eq!(candidate(7), 11);\n    assert_eq!(candidate(4), 7);\n    assert_eq!(candidate(9), 13);\n}\n",
      "timestamp": 1665517549,
      "stdout": "",
      "stderr": "error[E0425]: cannot find function `is_prime` in this scope\n --> /tmp/tmpdg7ab2ns.rs:6:12\n  |\n6 |         if is_prime(i) {\n  |            ^^^^^^^^ not found in this scope\n\nerror: aborting due to previous error\n\nFor more information about this error, try `rustc --explain E0425`.\n",
      "exit_code": 1,
      "status": "SyntaxError"
    },
    {
      "program": "/// Write a function to find nth polite number. geeksforgeeks.org/n-th-polite-number/\nfn is_polite(n: isize) -> isize {\n    let mut i = 1;\n    let mut sum = 0;\n    while sum < n {\n        i += 1;\n        if is_prime(i) {\n            sum += i;\n        }\n    }\n    i\n}\n\nfn main() {\n    let candidate = is_polite;\n    assert_eq!(candidate(7), 11);\n    assert_eq!(candidate(4), 7);\n    assert_eq!(candidate(9), 13);\n}\n",
      "timestamp": 1666123762,
      "stdout": "",
      "stderr": "error[E0425]: cannot find function `is_prime` in this scope\n --> /tmp/tmp3z584sn0.rs:7:12\n  |\n7 |         if is_prime(i) {\n  |            ^^^^^^^^ not found in this scope\n\nerror: aborting due to previous error\n\nFor more information about this error, try `rustc --explain E0425`.\n",
      "exit_code": 1,
      "status": "SyntaxError"
    },
    {
      "program": "/// Write a function to find nth polite number. geeksforgeeks.org/n-th-polite-number/\nfn is_polite(n: isize) -> isize {\n    let mut i = 1;\n    let mut count = 0;\n    while count < n {\n        if is_prime(i) {\n            if n % i == 0 {\n                count += 1;\n            }\n        }\n        i += 1;\n    }\n    return i - 1;\n}\n\nfn main() {\n    let candidate = is_polite;\n    assert_eq!(candidate(7), 11);\n    assert_eq!(candidate(4), 7);\n    assert_eq!(candidate(9), 13);\n}\n",
      "timestamp": 1666123762,
      "stdout": "",
      "stderr": "error[E0425]: cannot find function `is_prime` in this scope\n --> /tmp/tmp6i53oy_8.rs:6:12\n  |\n6 |         if is_prime(i) {\n  |            ^^^^^^^^ not found in this scope\n\nerror: aborting due to previous error\n\nFor more information about this error, try `rustc --explain E0425`.\n",
      "exit_code": 1,
      "status": "SyntaxError"
    },
    {
      "program": "/// Write a function to find nth polite number. geeksforgeeks.org/n-th-polite-number/\nfn is_polite(n: isize) -> isize {\n    let mut i = 1;\n    let mut j = 1;\n    let mut count = 0;\n    while count < n {\n        if is_prime(i) {\n            count += 1;\n            if count == n {\n                return i;\n            }\n        }\n        i += 1;\n        if is_prime(j) {\n            count += 1;\n            if count == n {\n                return j;\n            }\n        }\n        j += 1;\n    }\n    return 0;\n}\n\nfn main() {\n    let candidate = is_polite;\n    assert_eq!(candidate(7), 11);\n    assert_eq!(candidate(4), 7);\n    assert_eq!(candidate(9), 13);\n}\n",
      "timestamp": 1666123762,
      "stdout": "",
      "stderr": "error[E0425]: cannot find function `is_prime` in this scope\n --> /tmp/tmpj3wnhi05.rs:7:12\n  |\n7 |         if is_prime(i) {\n  |            ^^^^^^^^ not found in this scope\n\nerror[E0425]: cannot find function `is_prime` in this scope\n  --> /tmp/tmpj3wnhi05.rs:14:12\n   |\n14 |         if is_prime(j) {\n   |            ^^^^^^^^ not found in this scope\n\nerror: aborting due to 2 previous errors\n\nFor more information about this error, try `rustc --explain E0425`.\n",
      "exit_code": 1,
      "status": "SyntaxError"
    },
    {
      "program": "/// Write a function to find nth polite number. geeksforgeeks.org/n-th-polite-number/\nfn is_polite(n: isize) -> isize {\n    let mut i = 1;\n    let mut count = 0;\n    while count < n {\n        if is_prime(i) {\n            count += 1;\n        }\n        i += 1;\n    }\n    i - 1\n}\n\nfn main() {\n    let candidate = is_polite;\n    assert_eq!(candidate(7), 11);\n    assert_eq!(candidate(4), 7);\n    assert_eq!(candidate(9), 13);\n}\n",
      "timestamp": 1665517549,
      "stdout": "",
      "stderr": "error[E0425]: cannot find function `is_prime` in this scope\n --> /tmp/tmpdg7ab2ns.rs:6:12\n  |\n6 |         if is_prime(i) {\n  |            ^^^^^^^^ not found in this scope\n\nerror: aborting due to previous error\n\nFor more information about this error, try `rustc --explain E0425`.\n",
      "exit_code": 1,
      "status": "SyntaxError"
    },
    {
      "program": "/// Write a function to find nth polite number. geeksforgeeks.org/n-th-polite-number/\nfn is_polite(n: isize) -> isize {\n    let mut i = 1;\n    let mut count = 0;\n    while count < n {\n        if is_prime(i) {\n            count += 1;\n        }\n        i += 1;\n    }\n    i - 1\n}\n\nfn main() {\n    let candidate = is_polite;\n    assert_eq!(candidate(7), 11);\n    assert_eq!(candidate(4), 7);\n    assert_eq!(candidate(9), 13);\n}\n",
      "timestamp": 1665517549,
      "stdout": "",
      "stderr": "error[E0425]: cannot find function `is_prime` in this scope\n --> /tmp/tmpdg7ab2ns.rs:6:12\n  |\n6 |         if is_prime(i) {\n  |            ^^^^^^^^ not found in this scope\n\nerror: aborting due to previous error\n\nFor more information about this error, try `rustc --explain E0425`.\n",
      "exit_code": 1,
      "status": "SyntaxError"
    },
    {
      "program": "/// Write a function to find nth polite number. geeksforgeeks.org/n-th-polite-number/\nfn is_polite(n: isize) -> isize {\n    let mut i = 1;\n    let mut j = 1;\n    let mut count = 0;\n    while count < n {\n        if i % j == 0 {\n            count += 1;\n        }\n        j += 1;\n        if j > i {\n            i += 1;\n            j = 1;\n        }\n    }\n    i\n}\n\nfn main() {\n    let candidate = is_polite;\n    assert_eq!(candidate(7), 11);\n    assert_eq!(candidate(4), 7);\n    assert_eq!(candidate(9), 13);\n}\n",
      "timestamp": 1665517549,
      "stdout": "",
      "stderr": "thread 'main' panicked at 'assertion failed: `(left == right)`\n  left: `4`,\n right: `11`', /tmp/tmprnwjh1rw.rs:21:5\nnote: run with `RUST_BACKTRACE=1` environment variable to display a backtrace\n",
      "exit_code": 101,
      "status": "Exception"
    },
    {
      "program": "/// Write a function to find nth polite number. geeksforgeeks.org/n-th-polite-number/\nfn is_polite(n: isize) -> isize {\n    let mut i = 1;\n    let mut j = 1;\n    let mut count = 0;\n    while count < n {\n        if is_prime(i) {\n            count += 1;\n            if count == n {\n                return i;\n            }\n        }\n        i += 1;\n        if is_prime(j) {\n            count += 1;\n            if count == n {\n                return j;\n            }\n        }\n        j += 1;\n    }\n    return 0;\n}\n\nfn main() {\n    let candidate = is_polite;\n    assert_eq!(candidate(7), 11);\n    assert_eq!(candidate(4), 7);\n    assert_eq!(candidate(9), 13);\n}\n",
      "timestamp": 1666123762,
      "stdout": "",
      "stderr": "error[E0425]: cannot find function `is_prime` in this scope\n --> /tmp/tmpj3wnhi05.rs:7:12\n  |\n7 |         if is_prime(i) {\n  |            ^^^^^^^^ not found in this scope\n\nerror[E0425]: cannot find function `is_prime` in this scope\n  --> /tmp/tmpj3wnhi05.rs:14:12\n   |\n14 |         if is_prime(j) {\n   |            ^^^^^^^^ not found in this scope\n\nerror: aborting due to 2 previous errors\n\nFor more information about this error, try `rustc --explain E0425`.\n",
      "exit_code": 1,
      "status": "SyntaxError"
    },
    {
      "program": "/// Write a function to find nth polite number. geeksforgeeks.org/n-th-polite-number/\nfn is_polite(n: isize) -> isize {\n    let mut i = 1;\n    let mut count = 0;\n    while count < n {\n        if is_prime(i) {\n            count += 1;\n        }\n        i += 1;\n    }\n    i - 1\n}\n\nfn main() {\n    let candidate = is_polite;\n    assert_eq!(candidate(7), 11);\n    assert_eq!(candidate(4), 7);\n    assert_eq!(candidate(9), 13);\n}\n",
      "timestamp": 1665517549,
      "stdout": "",
      "stderr": "error[E0425]: cannot find function `is_prime` in this scope\n --> /tmp/tmpdg7ab2ns.rs:6:12\n  |\n6 |         if is_prime(i) {\n  |            ^^^^^^^^ not found in this scope\n\nerror: aborting due to previous error\n\nFor more information about this error, try `rustc --explain E0425`.\n",
      "exit_code": 1,
      "status": "SyntaxError"
    },
    {
      "program": "/// Write a function to find nth polite number. geeksforgeeks.org/n-th-polite-number/\nfn is_polite(n: isize) -> isize {\n    let mut i = 1;\n    let mut j = 1;\n    let mut count = 0;\n    while count < n {\n        if i % j == 0 {\n            count += 1;\n        }\n        j += 1;\n        if j > i {\n            i += 1;\n            j = 1;\n        }\n    }\n    i\n}\n\nfn main() {\n    let candidate = is_polite;\n    assert_eq!(candidate(7), 11);\n    assert_eq!(candidate(4), 7);\n    assert_eq!(candidate(9), 13);\n}\n",
      "timestamp": 1665517549,
      "stdout": "",
      "stderr": "thread 'main' panicked at 'assertion failed: `(left == right)`\n  left: `4`,\n right: `11`', /tmp/tmprnwjh1rw.rs:21:5\nnote: run with `RUST_BACKTRACE=1` environment variable to display a backtrace\n",
      "exit_code": 101,
      "status": "Exception"
    },
    {
      "program": "/// Write a function to find nth polite number. geeksforgeeks.org/n-th-polite-number/\nfn is_polite(n: isize) -> isize {\n    let mut i = 1;\n    let mut count = 0;\n    while count < n {\n        if is_prime(i) {\n            count += 1;\n        }\n        i += 1;\n    }\n    i - 1\n}\n\nfn main() {\n    let candidate = is_polite;\n    assert_eq!(candidate(7), 11);\n    assert_eq!(candidate(4), 7);\n    assert_eq!(candidate(9), 13);\n}\n",
      "timestamp": 1665517549,
      "stdout": "",
      "stderr": "error[E0425]: cannot find function `is_prime` in this scope\n --> /tmp/tmpdg7ab2ns.rs:6:12\n  |\n6 |         if is_prime(i) {\n  |            ^^^^^^^^ not found in this scope\n\nerror: aborting due to previous error\n\nFor more information about this error, try `rustc --explain E0425`.\n",
      "exit_code": 1,
      "status": "SyntaxError"
    },
    {
      "program": "/// Write a function to find nth polite number. geeksforgeeks.org/n-th-polite-number/\nfn is_polite(n: isize) -> isize {\n    let mut n = n;\n    let mut count = 0;\n    while n % 2 == 0 {\n        n /= 2;\n        count += 1;\n    }\n    while n % 3 == 0 {\n        n /= 3;\n        count += 1;\n    }\n    while n % 5 == 0 {\n        n /= 5;\n        count += 1;\n    }\n    if n == 1 {\n        count\n    } else {\n        0\n    }\n}\n\nfn main() {\n    let candidate = is_polite;\n    assert_eq!(candidate(7), 11);\n    assert_eq!(candidate(4), 7);\n    assert_eq!(candidate(9), 13);\n}\n",
      "timestamp": 1665517549,
      "stdout": "",
      "stderr": "thread 'main' panicked at 'assertion failed: `(left == right)`\n  left: `0`,\n right: `11`', /tmp/tmp2jkvu0be.rs:26:5\nnote: run with `RUST_BACKTRACE=1` environment variable to display a backtrace\n",
      "exit_code": 101,
      "status": "Exception"
    },
    {
      "program": "/// Write a function to find nth polite number. geeksforgeeks.org/n-th-polite-number/\nfn is_polite(n: isize) -> isize {\n    let mut i = 1;\n    let mut num = n;\n    while num > 0 {\n        if num % i == 0 {\n            return i;\n        }\n        i += 1;\n        num -= i;\n    }\n    return 0;\n}\n\nfn main() {\n    let candidate = is_polite;\n    assert_eq!(candidate(7), 11);\n    assert_eq!(candidate(4), 7);\n    assert_eq!(candidate(9), 13);\n}\n",
      "timestamp": 1666123762,
      "stdout": "",
      "stderr": "thread 'main' panicked at 'assertion failed: `(left == right)`\n  left: `1`,\n right: `11`', /tmp/tmp83ejrp3_.rs:17:5\nnote: run with `RUST_BACKTRACE=1` environment variable to display a backtrace\n",
      "exit_code": 101,
      "status": "Exception"
    },
    {
      "program": "/// Write a function to find nth polite number. geeksforgeeks.org/n-th-polite-number/\nfn is_polite(n: isize) -> isize {\n    let mut i = 1;\n    let mut j = 1;\n    let mut count = 0;\n    while count < n {\n        if i % j == 0 {\n            count += 1;\n        }\n        j += 1;\n        if j > i {\n            i += 1;\n            j = 1;\n        }\n    }\n    i\n}\n\nfn main() {\n    let candidate = is_polite;\n    assert_eq!(candidate(7), 11);\n    assert_eq!(candidate(4), 7);\n    assert_eq!(candidate(9), 13);\n}\n",
      "timestamp": 1665517549,
      "stdout": "",
      "stderr": "thread 'main' panicked at 'assertion failed: `(left == right)`\n  left: `4`,\n right: `11`', /tmp/tmprnwjh1rw.rs:21:5\nnote: run with `RUST_BACKTRACE=1` environment variable to display a backtrace\n",
      "exit_code": 101,
      "status": "Exception"
    },
    {
      "program": "/// Write a function to find nth polite number. geeksforgeeks.org/n-th-polite-number/\nfn is_polite(n: isize) -> isize {\n    let mut i = 1;\n    let mut count = 0;\n    while count < n {\n        if is_prime(i) {\n            count += 1;\n        }\n        i += 1;\n    }\n    i - 1\n}\n\nfn main() {\n    let candidate = is_polite;\n    assert_eq!(candidate(7), 11);\n    assert_eq!(candidate(4), 7);\n    assert_eq!(candidate(9), 13);\n}\n",
      "timestamp": 1665517549,
      "stdout": "",
      "stderr": "error[E0425]: cannot find function `is_prime` in this scope\n --> /tmp/tmpdg7ab2ns.rs:6:12\n  |\n6 |         if is_prime(i) {\n  |            ^^^^^^^^ not found in this scope\n\nerror: aborting due to previous error\n\nFor more information about this error, try `rustc --explain E0425`.\n",
      "exit_code": 1,
      "status": "SyntaxError"
    },
    {
      "program": "/// Write a function to find nth polite number. geeksforgeeks.org/n-th-polite-number/\nfn is_polite(n: isize) -> isize {\n    let mut n = n;\n    let mut count = 0;\n    while n != 1 {\n        if n % 2 == 0 {\n            n /= 2;\n        } else {\n            n -= 1;\n        }\n        count += 1;\n    }\n    count\n}\n\nfn main() {\n    let candidate = is_polite;\n    assert_eq!(candidate(7), 11);\n    assert_eq!(candidate(4), 7);\n    assert_eq!(candidate(9), 13);\n}\n",
      "timestamp": 1666123762,
      "stdout": "",
      "stderr": "thread 'main' panicked at 'assertion failed: `(left == right)`\n  left: `4`,\n right: `11`', /tmp/tmp8anyy7co.rs:18:5\nnote: run with `RUST_BACKTRACE=1` environment variable to display a backtrace\n",
      "exit_code": 101,
      "status": "Exception"
    },
    {
      "program": "/// Write a function to find nth polite number. geeksforgeeks.org/n-th-polite-number/\nfn is_polite(n: isize) -> isize {\n    let mut i = 1;\n    let mut count = 0;\n    while count < n {\n        if is_prime(i) {\n            count += 1;\n        }\n        i += 1;\n    }\n    i - 1\n}\n\nfn main() {\n    let candidate = is_polite;\n    assert_eq!(candidate(7), 11);\n    assert_eq!(candidate(4), 7);\n    assert_eq!(candidate(9), 13);\n}\n",
      "timestamp": 1665517549,
      "stdout": "",
      "stderr": "error[E0425]: cannot find function `is_prime` in this scope\n --> /tmp/tmpdg7ab2ns.rs:6:12\n  |\n6 |         if is_prime(i) {\n  |            ^^^^^^^^ not found in this scope\n\nerror: aborting due to previous error\n\nFor more information about this error, try `rustc --explain E0425`.\n",
      "exit_code": 1,
      "status": "SyntaxError"
    },
    {
      "program": "/// Write a function to find nth polite number. geeksforgeeks.org/n-th-polite-number/\nfn is_polite(n: isize) -> isize {\n    let mut i = 1;\n    let mut count = 0;\n    while count < n {\n        if is_prime(i) {\n            count += 1;\n        }\n        i += 1;\n    }\n    i - 1\n}\n\nfn main() {\n    let candidate = is_polite;\n    assert_eq!(candidate(7), 11);\n    assert_eq!(candidate(4), 7);\n    assert_eq!(candidate(9), 13);\n}\n",
      "timestamp": 1665517549,
      "stdout": "",
      "stderr": "error[E0425]: cannot find function `is_prime` in this scope\n --> /tmp/tmpdg7ab2ns.rs:6:12\n  |\n6 |         if is_prime(i) {\n  |            ^^^^^^^^ not found in this scope\n\nerror: aborting due to previous error\n\nFor more information about this error, try `rustc --explain E0425`.\n",
      "exit_code": 1,
      "status": "SyntaxError"
    },
    {
      "program": "/// Write a function to find nth polite number. geeksforgeeks.org/n-th-polite-number/\nfn is_polite(n: isize) -> isize {\n    let mut i = 1;\n    while n % i != 0 {\n        i += 1;\n    }\n    i\n}\n\nfn main() {\n    let candidate = is_polite;\n    assert_eq!(candidate(7), 11);\n    assert_eq!(candidate(4), 7);\n    assert_eq!(candidate(9), 13);\n}\n",
      "timestamp": 1666123756,
      "stdout": "",
      "stderr": "thread 'main' panicked at 'assertion failed: `(left == right)`\n  left: `1`,\n right: `11`', /tmp/tmpz938k3em.rs:12:5\nnote: run with `RUST_BACKTRACE=1` environment variable to display a backtrace\n",
      "exit_code": 101,
      "status": "Exception"
    },
    {
      "program": "/// Write a function to find nth polite number. geeksforgeeks.org/n-th-polite-number/\nfn is_polite(n: isize) -> isize {\n    let mut i = 1;\n    let mut j = 1;\n    let mut count = 0;\n    while count < n {\n        if i % j == 0 {\n            count += 1;\n        }\n        j += 1;\n        if j > i {\n            i += 1;\n            j = 1;\n        }\n    }\n    i\n}\n\nfn main() {\n    let candidate = is_polite;\n    assert_eq!(candidate(7), 11);\n    assert_eq!(candidate(4), 7);\n    assert_eq!(candidate(9), 13);\n}\n",
      "timestamp": 1665517549,
      "stdout": "",
      "stderr": "thread 'main' panicked at 'assertion failed: `(left == right)`\n  left: `4`,\n right: `11`', /tmp/tmprnwjh1rw.rs:21:5\nnote: run with `RUST_BACKTRACE=1` environment variable to display a backtrace\n",
      "exit_code": 101,
      "status": "Exception"
    },
    {
      "program": "/// Write a function to find nth polite number. geeksforgeeks.org/n-th-polite-number/\nfn is_polite(n: isize) -> isize {\n    let mut i = 1;\n    while i <= n {\n        if n % i == 0 {\n            return i;\n        }\n        i += 1;\n    }\n    return 0;\n}\n\nfn main() {\n    let candidate = is_polite;\n    assert_eq!(candidate(7), 11);\n    assert_eq!(candidate(4), 7);\n    assert_eq!(candidate(9), 13);\n}\n",
      "timestamp": 1666123756,
      "stdout": "",
      "stderr": "thread 'main' panicked at 'assertion failed: `(left == right)`\n  left: `1`,\n right: `11`', /tmp/tmpd952hh7b.rs:15:5\nnote: run with `RUST_BACKTRACE=1` environment variable to display a backtrace\n",
      "exit_code": 101,
      "status": "Exception"
    },
    {
      "program": "/// Write a function to find nth polite number. geeksforgeeks.org/n-th-polite-number/\nfn is_polite(n: isize) -> isize {\n    let mut i = 1;\n    while n % i != 0 {\n        i += 1;\n    }\n    i\n}\n\nfn main() {\n    let candidate = is_polite;\n    assert_eq!(candidate(7), 11);\n    assert_eq!(candidate(4), 7);\n    assert_eq!(candidate(9), 13);\n}\n",
      "timestamp": 1666123756,
      "stdout": "",
      "stderr": "thread 'main' panicked at 'assertion failed: `(left == right)`\n  left: `1`,\n right: `11`', /tmp/tmpz938k3em.rs:12:5\nnote: run with `RUST_BACKTRACE=1` environment variable to display a backtrace\n",
      "exit_code": 101,
      "status": "Exception"
    },
    {
      "program": "/// Write a function to find nth polite number. geeksforgeeks.org/n-th-polite-number/\nfn is_polite(n: isize) -> isize {\n    let mut i = 1;\n    let mut j = 1;\n    let mut count = 0;\n    while count < n {\n        if is_prime(i) {\n            count += 1;\n            if count == n {\n                return i;\n            }\n        }\n        if is_prime(j) {\n            count += 1;\n            if count == n {\n                return j;\n            }\n        }\n        i += 1;\n        j += 2;\n    }\n    return 0;\n}\n\nfn main() {\n    let candidate = is_polite;\n    assert_eq!(candidate(7), 11);\n    assert_eq!(candidate(4), 7);\n    assert_eq!(candidate(9), 13);\n}\n",
      "timestamp": 1666123762,
      "stdout": "",
      "stderr": "error[E0425]: cannot find function `is_prime` in this scope\n --> /tmp/tmpq6naxudh.rs:7:12\n  |\n7 |         if is_prime(i) {\n  |            ^^^^^^^^ not found in this scope\n\nerror[E0425]: cannot find function `is_prime` in this scope\n  --> /tmp/tmpq6naxudh.rs:13:12\n   |\n13 |         if is_prime(j) {\n   |            ^^^^^^^^ not found in this scope\n\nerror: aborting due to 2 previous errors\n\nFor more information about this error, try `rustc --explain E0425`.\n",
      "exit_code": 1,
      "status": "SyntaxError"
    },
    {
      "program": "/// Write a function to find nth polite number. geeksforgeeks.org/n-th-polite-number/\nfn is_polite(n: isize) -> isize {\n    let mut i = 1;\n    let mut count = 0;\n    while count < n {\n        if is_prime(i) {\n            count += 1;\n        }\n        i += 1;\n    }\n    i - 1\n}\n\nfn main() {\n    let candidate = is_polite;\n    assert_eq!(candidate(7), 11);\n    assert_eq!(candidate(4), 7);\n    assert_eq!(candidate(9), 13);\n}\n",
      "timestamp": 1665517549,
      "stdout": "",
      "stderr": "error[E0425]: cannot find function `is_prime` in this scope\n --> /tmp/tmpdg7ab2ns.rs:6:12\n  |\n6 |         if is_prime(i) {\n  |            ^^^^^^^^ not found in this scope\n\nerror: aborting due to previous error\n\nFor more information about this error, try `rustc --explain E0425`.\n",
      "exit_code": 1,
      "status": "SyntaxError"
    },
    {
      "program": "/// Write a function to find nth polite number. geeksforgeeks.org/n-th-polite-number/\nfn is_polite(n: isize) -> isize {\n    let mut i = 1;\n    let mut j = 1;\n    let mut count = 0;\n    while count < n {\n        if i % 2 == 0 {\n            i = i / 2;\n        } else {\n            i = (i * 3) + 1;\n        }\n        if j % 2 == 0 {\n            j = j / 2;\n        } else {\n            j = (j * 3) + 1;\n        }\n        if j % 2 == 0 {\n            j = j / 2;\n        } else {\n            j = (j * 3) + 1;\n        }\n        count += 1;\n    }\n    i\n}\n\nfn main() {\n    let candidate = is_polite;\n    assert_eq!(candidate(7), 11);\n    assert_eq!(candidate(4), 7);\n    assert_eq!(candidate(9), 13);\n}\n",
      "timestamp": 1666123762,
      "stdout": "",
      "stderr": "thread 'main' panicked at 'assertion failed: `(left == right)`\n  left: `4`,\n right: `11`', /tmp/tmpfyn4sho1.rs:29:5\nnote: run with `RUST_BACKTRACE=1` environment variable to display a backtrace\n",
      "exit_code": 101,
      "status": "Exception"
    },
    {
      "program": "/// Write a function to find nth polite number. geeksforgeeks.org/n-th-polite-number/\nfn is_polite(n: isize) -> isize {\n    let mut i = 1;\n    let mut count = 0;\n    while count < n {\n        if is_prime(i) {\n            count += 1;\n        }\n        i += 1;\n    }\n    i - 1\n}\n\nfn main() {\n    let candidate = is_polite;\n    assert_eq!(candidate(7), 11);\n    assert_eq!(candidate(4), 7);\n    assert_eq!(candidate(9), 13);\n}\n",
      "timestamp": 1665517549,
      "stdout": "",
      "stderr": "error[E0425]: cannot find function `is_prime` in this scope\n --> /tmp/tmpdg7ab2ns.rs:6:12\n  |\n6 |         if is_prime(i) {\n  |            ^^^^^^^^ not found in this scope\n\nerror: aborting due to previous error\n\nFor more information about this error, try `rustc --explain E0425`.\n",
      "exit_code": 1,
      "status": "SyntaxError"
    },
    {
      "program": "/// Write a function to find nth polite number. geeksforgeeks.org/n-th-polite-number/\nfn is_polite(n: isize) -> isize {\n    let mut i = 1;\n    let mut j = 1;\n    let mut count = 0;\n    while count < n {\n        if i % j == 0 {\n            count += 1;\n        }\n        j += 1;\n        if j > i {\n            i += 1;\n            j = 1;\n        }\n    }\n    i\n}\n\nfn main() {\n    let candidate = is_polite;\n    assert_eq!(candidate(7), 11);\n    assert_eq!(candidate(4), 7);\n    assert_eq!(candidate(9), 13);\n}\n",
      "timestamp": 1665517549,
      "stdout": "",
      "stderr": "thread 'main' panicked at 'assertion failed: `(left == right)`\n  left: `4`,\n right: `11`', /tmp/tmprnwjh1rw.rs:21:5\nnote: run with `RUST_BACKTRACE=1` environment variable to display a backtrace\n",
      "exit_code": 101,
      "status": "Exception"
    },
    {
      "program": "/// Write a function to find nth polite number. geeksforgeeks.org/n-th-polite-number/\nfn is_polite(n: isize) -> isize {\n    let mut i = 1;\n    let mut count = 0;\n    while count < n {\n        if is_prime(i) {\n            count += 1;\n        }\n        i += 1;\n    }\n    i - 1\n}\n\nfn main() {\n    let candidate = is_polite;\n    assert_eq!(candidate(7), 11);\n    assert_eq!(candidate(4), 7);\n    assert_eq!(candidate(9), 13);\n}\n",
      "timestamp": 1665517549,
      "stdout": "",
      "stderr": "error[E0425]: cannot find function `is_prime` in this scope\n --> /tmp/tmpdg7ab2ns.rs:6:12\n  |\n6 |         if is_prime(i) {\n  |            ^^^^^^^^ not found in this scope\n\nerror: aborting due to previous error\n\nFor more information about this error, try `rustc --explain E0425`.\n",
      "exit_code": 1,
      "status": "SyntaxError"
    },
    {
      "program": "/// Write a function to find nth polite number. geeksforgeeks.org/n-th-polite-number/\nfn is_polite(n: isize) -> isize {\n    let mut i = 1;\n    let mut count = 0;\n    while count < n {\n        if is_prime(i) {\n            count += 1;\n        }\n        i += 1;\n    }\n    i - 1\n}\n\nfn main() {\n    let candidate = is_polite;\n    assert_eq!(candidate(7), 11);\n    assert_eq!(candidate(4), 7);\n    assert_eq!(candidate(9), 13);\n}\n",
      "timestamp": 1665517549,
      "stdout": "",
      "stderr": "error[E0425]: cannot find function `is_prime` in this scope\n --> /tmp/tmpdg7ab2ns.rs:6:12\n  |\n6 |         if is_prime(i) {\n  |            ^^^^^^^^ not found in this scope\n\nerror: aborting due to previous error\n\nFor more information about this error, try `rustc --explain E0425`.\n",
      "exit_code": 1,
      "status": "SyntaxError"
    },
    {
      "program": "/// Write a function to find nth polite number. geeksforgeeks.org/n-th-polite-number/\nfn is_polite(n: isize) -> isize {\n    let mut i = 1;\n    while n % i != 0 {\n        i += 1;\n    }\n    i\n}\n\nfn main() {\n    let candidate = is_polite;\n    assert_eq!(candidate(7), 11);\n    assert_eq!(candidate(4), 7);\n    assert_eq!(candidate(9), 13);\n}\n",
      "timestamp": 1666123756,
      "stdout": "",
      "stderr": "thread 'main' panicked at 'assertion failed: `(left == right)`\n  left: `1`,\n right: `11`', /tmp/tmpz938k3em.rs:12:5\nnote: run with `RUST_BACKTRACE=1` environment variable to display a backtrace\n",
      "exit_code": 101,
      "status": "Exception"
    },
    {
      "program": "/// Write a function to find nth polite number. geeksforgeeks.org/n-th-polite-number/\nfn is_polite(n: isize) -> isize {\n    let mut i = 1;\n    let mut count = 0;\n    while count < n {\n        if is_prime(i) {\n            count += 1;\n        }\n        i += 1;\n    }\n    i - 1\n}\n\nfn main() {\n    let candidate = is_polite;\n    assert_eq!(candidate(7), 11);\n    assert_eq!(candidate(4), 7);\n    assert_eq!(candidate(9), 13);\n}\n",
      "timestamp": 1665517549,
      "stdout": "",
      "stderr": "error[E0425]: cannot find function `is_prime` in this scope\n --> /tmp/tmpdg7ab2ns.rs:6:12\n  |\n6 |         if is_prime(i) {\n  |            ^^^^^^^^ not found in this scope\n\nerror: aborting due to previous error\n\nFor more information about this error, try `rustc --explain E0425`.\n",
      "exit_code": 1,
      "status": "SyntaxError"
    },
    {
      "program": "/// Write a function to find nth polite number. geeksforgeeks.org/n-th-polite-number/\nfn is_polite(n: isize) -> isize {\n    let mut i = 1;\n    let mut count = 0;\n    while count < n {\n        if is_prime(i) {\n            count += 1;\n        }\n        i += 1;\n    }\n    i - 1\n}\n\nfn main() {\n    let candidate = is_polite;\n    assert_eq!(candidate(7), 11);\n    assert_eq!(candidate(4), 7);\n    assert_eq!(candidate(9), 13);\n}\n",
      "timestamp": 1665517549,
      "stdout": "",
      "stderr": "error[E0425]: cannot find function `is_prime` in this scope\n --> /tmp/tmpdg7ab2ns.rs:6:12\n  |\n6 |         if is_prime(i) {\n  |            ^^^^^^^^ not found in this scope\n\nerror: aborting due to previous error\n\nFor more information about this error, try `rustc --explain E0425`.\n",
      "exit_code": 1,
      "status": "SyntaxError"
    },
    {
      "program": "/// Write a function to find nth polite number. geeksforgeeks.org/n-th-polite-number/\nfn is_polite(n: isize) -> isize {\n    let mut i = 1;\n    let mut count = 0;\n    while count < n {\n        if is_prime(i) {\n            count += 1;\n        }\n        i += 1;\n    }\n    i - 1\n}\n\nfn main() {\n    let candidate = is_polite;\n    assert_eq!(candidate(7), 11);\n    assert_eq!(candidate(4), 7);\n    assert_eq!(candidate(9), 13);\n}\n",
      "timestamp": 1665517549,
      "stdout": "",
      "stderr": "error[E0425]: cannot find function `is_prime` in this scope\n --> /tmp/tmpdg7ab2ns.rs:6:12\n  |\n6 |         if is_prime(i) {\n  |            ^^^^^^^^ not found in this scope\n\nerror: aborting due to previous error\n\nFor more information about this error, try `rustc --explain E0425`.\n",
      "exit_code": 1,
      "status": "SyntaxError"
    },
    {
      "program": "/// Write a function to find nth polite number. geeksforgeeks.org/n-th-polite-number/\nfn is_polite(n: isize) -> isize {\n    let mut i = 1;\n    while n % i != 0 {\n        i += 1;\n    }\n    i\n}\n\nfn main() {\n    let candidate = is_polite;\n    assert_eq!(candidate(7), 11);\n    assert_eq!(candidate(4), 7);\n    assert_eq!(candidate(9), 13);\n}\n",
      "timestamp": 1666123756,
      "stdout": "",
      "stderr": "thread 'main' panicked at 'assertion failed: `(left == right)`\n  left: `1`,\n right: `11`', /tmp/tmpz938k3em.rs:12:5\nnote: run with `RUST_BACKTRACE=1` environment variable to display a backtrace\n",
      "exit_code": 101,
      "status": "Exception"
    },
    {
      "program": "/// Write a function to find nth polite number. geeksforgeeks.org/n-th-polite-number/\nfn is_polite(n: isize) -> isize {\n    let mut i = 1;\n    let mut count = 0;\n    while count < n {\n        if is_prime(i) {\n            count += 1;\n        }\n        i += 1;\n    }\n    i - 1\n}\n\nfn main() {\n    let candidate = is_polite;\n    assert_eq!(candidate(7), 11);\n    assert_eq!(candidate(4), 7);\n    assert_eq!(candidate(9), 13);\n}\n",
      "timestamp": 1665517549,
      "stdout": "",
      "stderr": "error[E0425]: cannot find function `is_prime` in this scope\n --> /tmp/tmpdg7ab2ns.rs:6:12\n  |\n6 |         if is_prime(i) {\n  |            ^^^^^^^^ not found in this scope\n\nerror: aborting due to previous error\n\nFor more information about this error, try `rustc --explain E0425`.\n",
      "exit_code": 1,
      "status": "SyntaxError"
    },
    {
      "program": "/// Write a function to find nth polite number. geeksforgeeks.org/n-th-polite-number/\nfn is_polite(n: isize) -> isize {\n    let mut i = 1;\n    let mut n = n;\n    while n > 0 {\n        if n % i == 0 {\n            n -= i;\n            i += 1;\n        } else {\n            i += 1;\n        }\n    }\n    i - 1\n}\n\nfn main() {\n    let candidate = is_polite;\n    assert_eq!(candidate(7), 11);\n    assert_eq!(candidate(4), 7);\n    assert_eq!(candidate(9), 13);\n}\n",
      "timestamp": 1666123762,
      "stdout": "",
      "stderr": "thread 'main' panicked at 'assertion failed: `(left == right)`\n  left: `4`,\n right: `11`', /tmp/tmpqdvqaa03.rs:18:5\nnote: run with `RUST_BACKTRACE=1` environment variable to display a backtrace\n",
      "exit_code": 101,
      "status": "Exception"
    },
    {
      "program": "/// Write a function to find nth polite number. geeksforgeeks.org/n-th-polite-number/\nfn is_polite(n: isize) -> isize {\n    let mut i = 1;\n    while i * i <= n {\n        if n % i == 0 {\n            let j = n / i;\n            if i != j && j % 2 == 0 {\n                return j;\n            }\n        }\n        i += 1;\n    }\n    return -1;\n}\n\nfn main() {\n    let candidate = is_polite;\n    assert_eq!(candidate(7), 11);\n    assert_eq!(candidate(4), 7);\n    assert_eq!(candidate(9), 13);\n}\n",
      "timestamp": 1666123762,
      "stdout": "",
      "stderr": "thread 'main' panicked at 'assertion failed: `(left == right)`\n  left: `-1`,\n right: `11`', /tmp/tmp58sfzyim.rs:18:5\nnote: run with `RUST_BACKTRACE=1` environment variable to display a backtrace\n",
      "exit_code": 101,
      "status": "Exception"
    },
    {
      "program": "/// Write a function to find nth polite number. geeksforgeeks.org/n-th-polite-number/\nfn is_polite(n: isize) -> isize {\n    let mut i = 1;\n    let mut j = 1;\n    let mut count = 0;\n    while count < n {\n        if i % 2 == 0 {\n            count += 1;\n        }\n        if j % 3 == 0 {\n            count += 1;\n        }\n        if i % 5 == 0 {\n            count += 1;\n        }\n        i += 1;\n        j += 1;\n    }\n    i - 1\n}\n\nfn main() {\n    let candidate = is_polite;\n    assert_eq!(candidate(7), 11);\n    assert_eq!(candidate(4), 7);\n    assert_eq!(candidate(9), 13);\n}\n",
      "timestamp": 1666123756,
      "stdout": "",
      "stderr": "thread 'main' panicked at 'assertion failed: `(left == right)`\n  left: `8`,\n right: `11`', /tmp/tmpzv247qwg.rs:24:5\nnote: run with `RUST_BACKTRACE=1` environment variable to display a backtrace\n",
      "exit_code": 101,
      "status": "Exception"
    },
    {
      "program": "/// Write a function to find nth polite number. geeksforgeeks.org/n-th-polite-number/\nfn is_polite(n: isize) -> isize {\n    let mut i = 1;\n    let mut count = 0;\n    while count < n {\n        if is_prime(i) {\n            count += 1;\n        }\n        i += 1;\n    }\n    i - 1\n}\n\nfn main() {\n    let candidate = is_polite;\n    assert_eq!(candidate(7), 11);\n    assert_eq!(candidate(4), 7);\n    assert_eq!(candidate(9), 13);\n}\n",
      "timestamp": 1665517549,
      "stdout": "",
      "stderr": "error[E0425]: cannot find function `is_prime` in this scope\n --> /tmp/tmpdg7ab2ns.rs:6:12\n  |\n6 |         if is_prime(i) {\n  |            ^^^^^^^^ not found in this scope\n\nerror: aborting due to previous error\n\nFor more information about this error, try `rustc --explain E0425`.\n",
      "exit_code": 1,
      "status": "SyntaxError"
    },
    {
      "program": "/// Write a function to find nth polite number. geeksforgeeks.org/n-th-polite-number/\nfn is_polite(n: isize) -> isize {\n    let mut i = 1;\n    let mut j = 1;\n    let mut count = 0;\n    while count < n {\n        if i % j == 0 {\n            count += 1;\n        }\n        j += 1;\n        if j > i {\n            i += 1;\n            j = 1;\n        }\n    }\n    i\n}\n\nfn main() {\n    let candidate = is_polite;\n    assert_eq!(candidate(7), 11);\n    assert_eq!(candidate(4), 7);\n    assert_eq!(candidate(9), 13);\n}\n",
      "timestamp": 1665517549,
      "stdout": "",
      "stderr": "thread 'main' panicked at 'assertion failed: `(left == right)`\n  left: `4`,\n right: `11`', /tmp/tmprnwjh1rw.rs:21:5\nnote: run with `RUST_BACKTRACE=1` environment variable to display a backtrace\n",
      "exit_code": 101,
      "status": "Exception"
    },
    {
      "program": "/// Write a function to find nth polite number. geeksforgeeks.org/n-th-polite-number/\nfn is_polite(n: isize) -> isize {\n    let mut i = 1;\n    let mut j = 1;\n    let mut count = 0;\n    while count < n {\n        if i % j == 0 {\n            count += 1;\n        }\n        j += 1;\n        if j > i {\n            i += 1;\n            j = 1;\n        }\n    }\n    i\n}\n\nfn main() {\n    let candidate = is_polite;\n    assert_eq!(candidate(7), 11);\n    assert_eq!(candidate(4), 7);\n    assert_eq!(candidate(9), 13);\n}\n",
      "timestamp": 1665517549,
      "stdout": "",
      "stderr": "thread 'main' panicked at 'assertion failed: `(left == right)`\n  left: `4`,\n right: `11`', /tmp/tmprnwjh1rw.rs:21:5\nnote: run with `RUST_BACKTRACE=1` environment variable to display a backtrace\n",
      "exit_code": 101,
      "status": "Exception"
    },
    {
      "program": "/// Write a function to find nth polite number. geeksforgeeks.org/n-th-polite-number/\nfn is_polite(n: isize) -> isize {\n    let mut i = 1;\n    let mut n = n;\n    while n % i != 0 {\n        i += 1;\n    }\n    n / i\n}\n\nfn main() {\n    let candidate = is_polite;\n    assert_eq!(candidate(7), 11);\n    assert_eq!(candidate(4), 7);\n    assert_eq!(candidate(9), 13);\n}\n",
      "timestamp": 1666123762,
      "stdout": "",
      "stderr": "thread 'main' panicked at 'assertion failed: `(left == right)`\n  left: `7`,\n right: `11`', /tmp/tmpo8a10ydh.rs:13:5\nnote: run with `RUST_BACKTRACE=1` environment variable to display a backtrace\n",
      "exit_code": 101,
      "status": "Exception"
    },
    {
      "program": "/// Write a function to find nth polite number. geeksforgeeks.org/n-th-polite-number/\nfn is_polite(n: isize) -> isize {\n    let mut i = 1;\n    let mut count = 0;\n    while count < n {\n        if is_prime(i) {\n            count += 1;\n        }\n        i += 1;\n    }\n    i - 1\n}\n\nfn main() {\n    let candidate = is_polite;\n    assert_eq!(candidate(7), 11);\n    assert_eq!(candidate(4), 7);\n    assert_eq!(candidate(9), 13);\n}\n",
      "timestamp": 1665517549,
      "stdout": "",
      "stderr": "error[E0425]: cannot find function `is_prime` in this scope\n --> /tmp/tmpdg7ab2ns.rs:6:12\n  |\n6 |         if is_prime(i) {\n  |            ^^^^^^^^ not found in this scope\n\nerror: aborting due to previous error\n\nFor more information about this error, try `rustc --explain E0425`.\n",
      "exit_code": 1,
      "status": "SyntaxError"
    },
    {
      "program": "/// Write a function to find nth polite number. geeksforgeeks.org/n-th-polite-number/\nfn is_polite(n: isize) -> isize {\n    let mut i = 1;\n    let mut j = 1;\n    let mut count = 0;\n    while count < n {\n        if i % j == 0 {\n            count += 1;\n        }\n        j += 1;\n        if j > i {\n            i += 1;\n            j = 1;\n        }\n    }\n    i\n}\n\nfn main() {\n    let candidate = is_polite;\n    assert_eq!(candidate(7), 11);\n    assert_eq!(candidate(4), 7);\n    assert_eq!(candidate(9), 13);\n}\n",
      "timestamp": 1665517549,
      "stdout": "",
      "stderr": "thread 'main' panicked at 'assertion failed: `(left == right)`\n  left: `4`,\n right: `11`', /tmp/tmprnwjh1rw.rs:21:5\nnote: run with `RUST_BACKTRACE=1` environment variable to display a backtrace\n",
      "exit_code": 101,
      "status": "Exception"
    },
    {
      "program": "/// Write a function to find nth polite number. geeksforgeeks.org/n-th-polite-number/\nfn is_polite(n: isize) -> isize {\n    let mut i = 1;\n    let mut sum = 0;\n    while sum < n {\n        sum += i;\n        i += 1;\n    }\n    sum\n}\n\nfn main() {\n    let candidate = is_polite;\n    assert_eq!(candidate(7), 11);\n    assert_eq!(candidate(4), 7);\n    assert_eq!(candidate(9), 13);\n}\n",
      "timestamp": 1666123762,
      "stdout": "",
      "stderr": "thread 'main' panicked at 'assertion failed: `(left == right)`\n  left: `10`,\n right: `11`', /tmp/tmpso__lhib.rs:14:5\nnote: run with `RUST_BACKTRACE=1` environment variable to display a backtrace\n",
      "exit_code": 101,
      "status": "Exception"
    },
    {
      "program": "/// Write a function to find nth polite number. geeksforgeeks.org/n-th-polite-number/\nfn is_polite(n: isize) -> isize {\n    let mut n = n;\n    let mut count = 0;\n    while n > 0 {\n        if n % 10 == 4 || n % 10 == 6 {\n            count += 1;\n        }\n        n /= 10;\n    }\n    count\n}\n\nfn main() {\n    let candidate = is_polite;\n    assert_eq!(candidate(7), 11);\n    assert_eq!(candidate(4), 7);\n    assert_eq!(candidate(9), 13);\n}\n",
      "timestamp": 1666123756,
      "stdout": "",
      "stderr": "thread 'main' panicked at 'assertion failed: `(left == right)`\n  left: `0`,\n right: `11`', /tmp/tmpco_4fe32.rs:16:5\nnote: run with `RUST_BACKTRACE=1` environment variable to display a backtrace\n",
      "exit_code": 101,
      "status": "Exception"
    },
    {
      "program": "/// Write a function to find nth polite number. geeksforgeeks.org/n-th-polite-number/\nfn is_polite(n: isize) -> isize {\n    let mut i = 1;\n    let mut count = 0;\n    while count < n {\n        if is_prime(i) {\n            count += 1;\n        }\n        i += 1;\n    }\n    i - 1\n}\n\nfn main() {\n    let candidate = is_polite;\n    assert_eq!(candidate(7), 11);\n    assert_eq!(candidate(4), 7);\n    assert_eq!(candidate(9), 13);\n}\n",
      "timestamp": 1665517549,
      "stdout": "",
      "stderr": "error[E0425]: cannot find function `is_prime` in this scope\n --> /tmp/tmpdg7ab2ns.rs:6:12\n  |\n6 |         if is_prime(i) {\n  |            ^^^^^^^^ not found in this scope\n\nerror: aborting due to previous error\n\nFor more information about this error, try `rustc --explain E0425`.\n",
      "exit_code": 1,
      "status": "SyntaxError"
    },
    {
      "program": "/// Write a function to find nth polite number. geeksforgeeks.org/n-th-polite-number/\nfn is_polite(n: isize) -> isize {\n    let mut i = 1;\n    while n % i != 0 {\n        i += 1;\n    }\n    i\n}\n\nfn main() {\n    let candidate = is_polite;\n    assert_eq!(candidate(7), 11);\n    assert_eq!(candidate(4), 7);\n    assert_eq!(candidate(9), 13);\n}\n",
      "timestamp": 1666123756,
      "stdout": "",
      "stderr": "thread 'main' panicked at 'assertion failed: `(left == right)`\n  left: `1`,\n right: `11`', /tmp/tmpz938k3em.rs:12:5\nnote: run with `RUST_BACKTRACE=1` environment variable to display a backtrace\n",
      "exit_code": 101,
      "status": "Exception"
    },
    {
      "program": "/// Write a function to find nth polite number. geeksforgeeks.org/n-th-polite-number/\nfn is_polite(n: isize) -> isize {\n    let mut i = 1;\n    let mut count = 0;\n    while count < n {\n        if is_prime(i) {\n            count += 1;\n        }\n        i += 1;\n    }\n    i - 1\n}\n\nfn main() {\n    let candidate = is_polite;\n    assert_eq!(candidate(7), 11);\n    assert_eq!(candidate(4), 7);\n    assert_eq!(candidate(9), 13);\n}\n",
      "timestamp": 1665517549,
      "stdout": "",
      "stderr": "error[E0425]: cannot find function `is_prime` in this scope\n --> /tmp/tmpdg7ab2ns.rs:6:12\n  |\n6 |         if is_prime(i) {\n  |            ^^^^^^^^ not found in this scope\n\nerror: aborting due to previous error\n\nFor more information about this error, try `rustc --explain E0425`.\n",
      "exit_code": 1,
      "status": "SyntaxError"
    }
  ]
}