{
  "name": "mbpp_274_even_binomial_Coeff_Sum",
  "language": "rs",
  "prompt": "/// Write a python function that takes in a positive integer n and finds the sum of even index binomial coefficients.\nfn even_binomial_Coeff_Sum(n: isize) -> isize {\n",
  "doctests": "keep",
  "original": "/home/arjun/repos/MultiPL-E/datasets/../datasets/mbpp-typed/mbpp_274_even_binomial_Coeff_Sum.py",
  "prompt_terminology": "verbatim",
  "tests": "}\n\nfn main() {\n    let candidate = even_binomial_Coeff_Sum;\n    assert_eq!(candidate(4), 8);\n    assert_eq!(candidate(6), 32);\n    assert_eq!(candidate(2), 2);\n}\n",
  "stop_tokens": [
    "\n}"
  ],
  "results": [
    {
      "program": "/// Write a python function that takes in a positive integer n and finds the sum of even index binomial coefficients.\nfn even_binomial_Coeff_Sum(n: isize) -> isize {\n    let mut sum = 0;\n    for i in 0..n + 1 {\n        if i % 2 == 0 {\n            sum += binomial_coeff(n, i);\n        }\n    }\n    sum\n}\n\nfn main() {\n    let candidate = even_binomial_Coeff_Sum;\n    assert_eq!(candidate(4), 8);\n    assert_eq!(candidate(6), 32);\n    assert_eq!(candidate(2), 2);\n}\n",
      "timestamp": 1665510137,
      "stdout": "",
      "stderr": "error[E0425]: cannot find function `binomial_coeff` in this scope\n --> /tmp/tmp2z4f29i8.rs:6:20\n  |\n6 |             sum += binomial_coeff(n, i);\n  |                    ^^^^^^^^^^^^^^ not found in this scope\n\nerror: aborting due to previous error\n\nFor more information about this error, try `rustc --explain E0425`.\n",
      "exit_code": 1,
      "status": "SyntaxError"
    },
    {
      "program": "/// Write a python function that takes in a positive integer n and finds the sum of even index binomial coefficients.\nfn even_binomial_Coeff_Sum(n: isize) -> isize {\n    let mut sum = 0;\n    let mut i = 0;\n    while i <= n {\n        let mut j = 0;\n        while j <= i {\n            if (i + j) % 2 == 0 {\n                sum += binomial_Coeff(i, j);\n            }\n            j += 1;\n        }\n        i += 1;\n    }\n    sum\n}\n\nfn main() {\n    let candidate = even_binomial_Coeff_Sum;\n    assert_eq!(candidate(4), 8);\n    assert_eq!(candidate(6), 32);\n    assert_eq!(candidate(2), 2);\n}\n",
      "timestamp": 1665510137,
      "stdout": "",
      "stderr": "error[E0425]: cannot find function `binomial_Coeff` in this scope\n --> /tmp/tmp7nd2qei1.rs:9:24\n  |\n9 |                 sum += binomial_Coeff(i, j);\n  |                        ^^^^^^^^^^^^^^ not found in this scope\n\nerror: aborting due to previous error\n\nFor more information about this error, try `rustc --explain E0425`.\n",
      "exit_code": 1,
      "status": "SyntaxError"
    },
    {
      "program": "/// Write a python function that takes in a positive integer n and finds the sum of even index binomial coefficients.\nfn even_binomial_Coeff_Sum(n: isize) -> isize {\n    let mut sum = 0;\n    for i in 0..n + 1 {\n        if i % 2 == 0 {\n            sum += binomial_coeff(n, i);\n        }\n    }\n    sum\n}\n\nfn main() {\n    let candidate = even_binomial_Coeff_Sum;\n    assert_eq!(candidate(4), 8);\n    assert_eq!(candidate(6), 32);\n    assert_eq!(candidate(2), 2);\n}\n",
      "timestamp": 1665510137,
      "stdout": "",
      "stderr": "error[E0425]: cannot find function `binomial_coeff` in this scope\n --> /tmp/tmp2z4f29i8.rs:6:20\n  |\n6 |             sum += binomial_coeff(n, i);\n  |                    ^^^^^^^^^^^^^^ not found in this scope\n\nerror: aborting due to previous error\n\nFor more information about this error, try `rustc --explain E0425`.\n",
      "exit_code": 1,
      "status": "SyntaxError"
    },
    {
      "program": "/// Write a python function that takes in a positive integer n and finds the sum of even index binomial coefficients.\nfn even_binomial_Coeff_Sum(n: isize) -> isize {\n    let mut sum = 0;\n    for i in 0..n {\n        if i % 2 == 0 {\n            sum += binomial_coeff(n, i);\n        }\n    }\n    sum\n}\n\nfn main() {\n    let candidate = even_binomial_Coeff_Sum;\n    assert_eq!(candidate(4), 8);\n    assert_eq!(candidate(6), 32);\n    assert_eq!(candidate(2), 2);\n}\n",
      "timestamp": 1665510137,
      "stdout": "",
      "stderr": "error[E0425]: cannot find function `binomial_coeff` in this scope\n --> /tmp/tmpus3kh84x.rs:6:20\n  |\n6 |             sum += binomial_coeff(n, i);\n  |                    ^^^^^^^^^^^^^^ not found in this scope\n\nerror: aborting due to previous error\n\nFor more information about this error, try `rustc --explain E0425`.\n",
      "exit_code": 1,
      "status": "SyntaxError"
    },
    {
      "program": "/// Write a python function that takes in a positive integer n and finds the sum of even index binomial coefficients.\nfn even_binomial_Coeff_Sum(n: isize) -> isize {\n    let mut sum = 0;\n    for i in 0..n + 1 {\n        if i % 2 == 0 {\n            sum += binomial_coeff(n, i);\n        }\n    }\n    sum\n}\n\nfn main() {\n    let candidate = even_binomial_Coeff_Sum;\n    assert_eq!(candidate(4), 8);\n    assert_eq!(candidate(6), 32);\n    assert_eq!(candidate(2), 2);\n}\n",
      "timestamp": 1665510137,
      "stdout": "",
      "stderr": "error[E0425]: cannot find function `binomial_coeff` in this scope\n --> /tmp/tmp2z4f29i8.rs:6:20\n  |\n6 |             sum += binomial_coeff(n, i);\n  |                    ^^^^^^^^^^^^^^ not found in this scope\n\nerror: aborting due to previous error\n\nFor more information about this error, try `rustc --explain E0425`.\n",
      "exit_code": 1,
      "status": "SyntaxError"
    },
    {
      "program": "/// Write a python function that takes in a positive integer n and finds the sum of even index binomial coefficients.\nfn even_binomial_Coeff_Sum(n: isize) -> isize {\n    let mut sum = 0;\n    for i in 0..n {\n        if i % 2 == 0 {\n            sum += binomial_Coeff(n, i);\n        }\n    }\n    sum\n}\n\nfn main() {\n    let candidate = even_binomial_Coeff_Sum;\n    assert_eq!(candidate(4), 8);\n    assert_eq!(candidate(6), 32);\n    assert_eq!(candidate(2), 2);\n}\n",
      "timestamp": 1665510137,
      "stdout": "",
      "stderr": "error[E0425]: cannot find function `binomial_Coeff` in this scope\n --> /tmp/tmp1e7ioios.rs:6:20\n  |\n6 |             sum += binomial_Coeff(n, i);\n  |                    ^^^^^^^^^^^^^^ not found in this scope\n\nerror: aborting due to previous error\n\nFor more information about this error, try `rustc --explain E0425`.\n",
      "exit_code": 1,
      "status": "SyntaxError"
    },
    {
      "program": "/// Write a python function that takes in a positive integer n and finds the sum of even index binomial coefficients.\nfn even_binomial_Coeff_Sum(n: isize) -> isize {\n    let mut sum = 0;\n    for i in 0..n + 1 {\n        if i % 2 == 0 {\n            sum += binomial_Coeff(n, i);\n        }\n    }\n    sum\n}\n\nfn main() {\n    let candidate = even_binomial_Coeff_Sum;\n    assert_eq!(candidate(4), 8);\n    assert_eq!(candidate(6), 32);\n    assert_eq!(candidate(2), 2);\n}\n",
      "timestamp": 1665510137,
      "stdout": "",
      "stderr": "error[E0425]: cannot find function `binomial_Coeff` in this scope\n --> /tmp/tmp_jc78j4s.rs:6:20\n  |\n6 |             sum += binomial_Coeff(n, i);\n  |                    ^^^^^^^^^^^^^^ not found in this scope\n\nerror: aborting due to previous error\n\nFor more information about this error, try `rustc --explain E0425`.\n",
      "exit_code": 1,
      "status": "SyntaxError"
    },
    {
      "program": "/// Write a python function that takes in a positive integer n and finds the sum of even index binomial coefficients.\nfn even_binomial_Coeff_Sum(n: isize) -> isize {\n    let mut sum = 0;\n    for i in 0..n+1 {\n        if i % 2 == 0 {\n            sum += binomial_Coeff(n, i);\n        }\n    }\n    sum\n}\n\nfn main() {\n    let candidate = even_binomial_Coeff_Sum;\n    assert_eq!(candidate(4), 8);\n    assert_eq!(candidate(6), 32);\n    assert_eq!(candidate(2), 2);\n}\n",
      "timestamp": 1665510137,
      "stdout": "",
      "stderr": "error[E0425]: cannot find function `binomial_Coeff` in this scope\n --> /tmp/tmpr49z6bn3.rs:6:20\n  |\n6 |             sum += binomial_Coeff(n, i);\n  |                    ^^^^^^^^^^^^^^ not found in this scope\n\nerror: aborting due to previous error\n\nFor more information about this error, try `rustc --explain E0425`.\n",
      "exit_code": 1,
      "status": "SyntaxError"
    },
    {
      "program": "/// Write a python function that takes in a positive integer n and finds the sum of even index binomial coefficients.\nfn even_binomial_Coeff_Sum(n: isize) -> isize {\n    let mut sum = 0;\n    for i in 0..n+1 {\n        if i % 2 == 0 {\n            sum += binomial_coeff(n, i);\n        }\n    }\n    sum\n}\n\nfn main() {\n    let candidate = even_binomial_Coeff_Sum;\n    assert_eq!(candidate(4), 8);\n    assert_eq!(candidate(6), 32);\n    assert_eq!(candidate(2), 2);\n}\n",
      "timestamp": 1665510137,
      "stdout": "",
      "stderr": "error[E0425]: cannot find function `binomial_coeff` in this scope\n --> /tmp/tmpbrzqcbrn.rs:6:20\n  |\n6 |             sum += binomial_coeff(n, i);\n  |                    ^^^^^^^^^^^^^^ not found in this scope\n\nerror: aborting due to previous error\n\nFor more information about this error, try `rustc --explain E0425`.\n",
      "exit_code": 1,
      "status": "SyntaxError"
    },
    {
      "program": "/// Write a python function that takes in a positive integer n and finds the sum of even index binomial coefficients.\nfn even_binomial_Coeff_Sum(n: isize) -> isize {\n    let mut sum = 0;\n    for i in 0..n+1 {\n        if i % 2 == 0 {\n            sum += binomial_coeff(n, i);\n        }\n    }\n    sum\n}\n\nfn main() {\n    let candidate = even_binomial_Coeff_Sum;\n    assert_eq!(candidate(4), 8);\n    assert_eq!(candidate(6), 32);\n    assert_eq!(candidate(2), 2);\n}\n",
      "timestamp": 1665510137,
      "stdout": "",
      "stderr": "error[E0425]: cannot find function `binomial_coeff` in this scope\n --> /tmp/tmpbrzqcbrn.rs:6:20\n  |\n6 |             sum += binomial_coeff(n, i);\n  |                    ^^^^^^^^^^^^^^ not found in this scope\n\nerror: aborting due to previous error\n\nFor more information about this error, try `rustc --explain E0425`.\n",
      "exit_code": 1,
      "status": "SyntaxError"
    },
    {
      "program": "/// Write a python function that takes in a positive integer n and finds the sum of even index binomial coefficients.\nfn even_binomial_Coeff_Sum(n: isize) -> isize {\n    let mut sum = 0;\n    for i in 0..n + 1 {\n        if i % 2 == 0 {\n            sum += binomial_Coeff(n, i);\n        }\n    }\n    sum\n}\n\nfn main() {\n    let candidate = even_binomial_Coeff_Sum;\n    assert_eq!(candidate(4), 8);\n    assert_eq!(candidate(6), 32);\n    assert_eq!(candidate(2), 2);\n}\n",
      "timestamp": 1665510137,
      "stdout": "",
      "stderr": "error[E0425]: cannot find function `binomial_Coeff` in this scope\n --> /tmp/tmp_jc78j4s.rs:6:20\n  |\n6 |             sum += binomial_Coeff(n, i);\n  |                    ^^^^^^^^^^^^^^ not found in this scope\n\nerror: aborting due to previous error\n\nFor more information about this error, try `rustc --explain E0425`.\n",
      "exit_code": 1,
      "status": "SyntaxError"
    },
    {
      "program": "/// Write a python function that takes in a positive integer n and finds the sum of even index binomial coefficients.\nfn even_binomial_Coeff_Sum(n: isize) -> isize {\n    let mut sum = 0;\n    for i in 0..n+1 {\n        if i % 2 == 0 {\n            sum += binomial_Coeff(n, i);\n        }\n    }\n    sum\n}\n\nfn main() {\n    let candidate = even_binomial_Coeff_Sum;\n    assert_eq!(candidate(4), 8);\n    assert_eq!(candidate(6), 32);\n    assert_eq!(candidate(2), 2);\n}\n",
      "timestamp": 1665510137,
      "stdout": "",
      "stderr": "error[E0425]: cannot find function `binomial_Coeff` in this scope\n --> /tmp/tmpr49z6bn3.rs:6:20\n  |\n6 |             sum += binomial_Coeff(n, i);\n  |                    ^^^^^^^^^^^^^^ not found in this scope\n\nerror: aborting due to previous error\n\nFor more information about this error, try `rustc --explain E0425`.\n",
      "exit_code": 1,
      "status": "SyntaxError"
    },
    {
      "program": "/// Write a python function that takes in a positive integer n and finds the sum of even index binomial coefficients.\nfn even_binomial_Coeff_Sum(n: isize) -> isize {\n    let mut sum: isize = 0;\n    for i in 0..n {\n        if i % 2 == 0 {\n            sum += binomial_Coeff(n, i);\n        }\n    }\n    sum\n}\n\nfn main() {\n    let candidate = even_binomial_Coeff_Sum;\n    assert_eq!(candidate(4), 8);\n    assert_eq!(candidate(6), 32);\n    assert_eq!(candidate(2), 2);\n}\n",
      "timestamp": 1665510137,
      "stdout": "",
      "stderr": "error[E0425]: cannot find function `binomial_Coeff` in this scope\n --> /tmp/tmpkyxez8c2.rs:6:20\n  |\n6 |             sum += binomial_Coeff(n, i);\n  |                    ^^^^^^^^^^^^^^ not found in this scope\n\nerror: aborting due to previous error\n\nFor more information about this error, try `rustc --explain E0425`.\n",
      "exit_code": 1,
      "status": "SyntaxError"
    },
    {
      "program": "/// Write a python function that takes in a positive integer n and finds the sum of even index binomial coefficients.\nfn even_binomial_Coeff_Sum(n: isize) -> isize {\n    let mut sum = 0;\n    for i in 0..n + 1 {\n        if i % 2 == 0 {\n            sum += binomial_coefficient(n, i);\n        }\n    }\n    sum\n}\n\nfn main() {\n    let candidate = even_binomial_Coeff_Sum;\n    assert_eq!(candidate(4), 8);\n    assert_eq!(candidate(6), 32);\n    assert_eq!(candidate(2), 2);\n}\n",
      "timestamp": 1665510137,
      "stdout": "",
      "stderr": "error[E0425]: cannot find function `binomial_coefficient` in this scope\n --> /tmp/tmpyu9a98k_.rs:6:20\n  |\n6 |             sum += binomial_coefficient(n, i);\n  |                    ^^^^^^^^^^^^^^^^^^^^ not found in this scope\n\nerror: aborting due to previous error\n\nFor more information about this error, try `rustc --explain E0425`.\n",
      "exit_code": 1,
      "status": "SyntaxError"
    },
    {
      "program": "/// Write a python function that takes in a positive integer n and finds the sum of even index binomial coefficients.\nfn even_binomial_Coeff_Sum(n: isize) -> isize {\n    let mut sum = 0;\n    for i in 0..n + 1 {\n        if i % 2 == 0 {\n            sum += binomial_coeff(n, i);\n        }\n    }\n    return sum;\n}\n\nfn main() {\n    let candidate = even_binomial_Coeff_Sum;\n    assert_eq!(candidate(4), 8);\n    assert_eq!(candidate(6), 32);\n    assert_eq!(candidate(2), 2);\n}\n",
      "timestamp": 1665510137,
      "stdout": "",
      "stderr": "error[E0425]: cannot find function `binomial_coeff` in this scope\n --> /tmp/tmpmf7h128s.rs:6:20\n  |\n6 |             sum += binomial_coeff(n, i);\n  |                    ^^^^^^^^^^^^^^ not found in this scope\n\nerror: aborting due to previous error\n\nFor more information about this error, try `rustc --explain E0425`.\n",
      "exit_code": 1,
      "status": "SyntaxError"
    },
    {
      "program": "/// Write a python function that takes in a positive integer n and finds the sum of even index binomial coefficients.\nfn even_binomial_Coeff_Sum(n: isize) -> isize {\n    let mut sum = 0;\n    for i in 0..n + 1 {\n        if i % 2 == 0 {\n            sum += binomial_Coeff(n, i);\n        }\n    }\n    sum\n}\n\nfn main() {\n    let candidate = even_binomial_Coeff_Sum;\n    assert_eq!(candidate(4), 8);\n    assert_eq!(candidate(6), 32);\n    assert_eq!(candidate(2), 2);\n}\n",
      "timestamp": 1665510137,
      "stdout": "",
      "stderr": "error[E0425]: cannot find function `binomial_Coeff` in this scope\n --> /tmp/tmp_jc78j4s.rs:6:20\n  |\n6 |             sum += binomial_Coeff(n, i);\n  |                    ^^^^^^^^^^^^^^ not found in this scope\n\nerror: aborting due to previous error\n\nFor more information about this error, try `rustc --explain E0425`.\n",
      "exit_code": 1,
      "status": "SyntaxError"
    },
    {
      "program": "/// Write a python function that takes in a positive integer n and finds the sum of even index binomial coefficients.\nfn even_binomial_Coeff_Sum(n: isize) -> isize {\n    let mut sum = 0;\n    for i in 0..n + 1 {\n        if i % 2 == 0 {\n            sum += binomial_coeff(n, i);\n        }\n    }\n    sum\n}\n\nfn main() {\n    let candidate = even_binomial_Coeff_Sum;\n    assert_eq!(candidate(4), 8);\n    assert_eq!(candidate(6), 32);\n    assert_eq!(candidate(2), 2);\n}\n",
      "timestamp": 1665510137,
      "stdout": "",
      "stderr": "error[E0425]: cannot find function `binomial_coeff` in this scope\n --> /tmp/tmp2z4f29i8.rs:6:20\n  |\n6 |             sum += binomial_coeff(n, i);\n  |                    ^^^^^^^^^^^^^^ not found in this scope\n\nerror: aborting due to previous error\n\nFor more information about this error, try `rustc --explain E0425`.\n",
      "exit_code": 1,
      "status": "SyntaxError"
    },
    {
      "program": "/// Write a python function that takes in a positive integer n and finds the sum of even index binomial coefficients.\nfn even_binomial_Coeff_Sum(n: isize) -> isize {\n    let mut sum = 0;\n    for i in 0..n + 1 {\n        if i % 2 == 0 {\n            sum += binomial_coeff(n, i);\n        }\n    }\n    sum\n}\n\nfn main() {\n    let candidate = even_binomial_Coeff_Sum;\n    assert_eq!(candidate(4), 8);\n    assert_eq!(candidate(6), 32);\n    assert_eq!(candidate(2), 2);\n}\n",
      "timestamp": 1665510137,
      "stdout": "",
      "stderr": "error[E0425]: cannot find function `binomial_coeff` in this scope\n --> /tmp/tmp2z4f29i8.rs:6:20\n  |\n6 |             sum += binomial_coeff(n, i);\n  |                    ^^^^^^^^^^^^^^ not found in this scope\n\nerror: aborting due to previous error\n\nFor more information about this error, try `rustc --explain E0425`.\n",
      "exit_code": 1,
      "status": "SyntaxError"
    },
    {
      "program": "/// Write a python function that takes in a positive integer n and finds the sum of even index binomial coefficients.\nfn even_binomial_Coeff_Sum(n: isize) -> isize {\n    let mut sum = 0;\n    for i in 0..n {\n        if i % 2 == 0 {\n            sum += binomial_coeff(n, i);\n        }\n    }\n    sum\n}\n\nfn main() {\n    let candidate = even_binomial_Coeff_Sum;\n    assert_eq!(candidate(4), 8);\n    assert_eq!(candidate(6), 32);\n    assert_eq!(candidate(2), 2);\n}\n",
      "timestamp": 1665510137,
      "stdout": "",
      "stderr": "error[E0425]: cannot find function `binomial_coeff` in this scope\n --> /tmp/tmpus3kh84x.rs:6:20\n  |\n6 |             sum += binomial_coeff(n, i);\n  |                    ^^^^^^^^^^^^^^ not found in this scope\n\nerror: aborting due to previous error\n\nFor more information about this error, try `rustc --explain E0425`.\n",
      "exit_code": 1,
      "status": "SyntaxError"
    },
    {
      "program": "/// Write a python function that takes in a positive integer n and finds the sum of even index binomial coefficients.\nfn even_binomial_Coeff_Sum(n: isize) -> isize {\n    let mut sum = 0;\n    for i in 0..n + 1 {\n        if i % 2 == 0 {\n            sum += binomial_Coeff(n, i);\n        }\n    }\n    sum\n}\n\nfn main() {\n    let candidate = even_binomial_Coeff_Sum;\n    assert_eq!(candidate(4), 8);\n    assert_eq!(candidate(6), 32);\n    assert_eq!(candidate(2), 2);\n}\n",
      "timestamp": 1665510137,
      "stdout": "",
      "stderr": "error[E0425]: cannot find function `binomial_Coeff` in this scope\n --> /tmp/tmp_jc78j4s.rs:6:20\n  |\n6 |             sum += binomial_Coeff(n, i);\n  |                    ^^^^^^^^^^^^^^ not found in this scope\n\nerror: aborting due to previous error\n\nFor more information about this error, try `rustc --explain E0425`.\n",
      "exit_code": 1,
      "status": "SyntaxError"
    },
    {
      "program": "/// Write a python function that takes in a positive integer n and finds the sum of even index binomial coefficients.\nfn even_binomial_Coeff_Sum(n: isize) -> isize {\n    let mut sum = 0;\n    for i in 0..n+1 {\n        if i % 2 == 0 {\n            sum += binomial_Coeff(n, i);\n        }\n    }\n    sum\n}\n\nfn main() {\n    let candidate = even_binomial_Coeff_Sum;\n    assert_eq!(candidate(4), 8);\n    assert_eq!(candidate(6), 32);\n    assert_eq!(candidate(2), 2);\n}\n",
      "timestamp": 1665510137,
      "stdout": "",
      "stderr": "error[E0425]: cannot find function `binomial_Coeff` in this scope\n --> /tmp/tmpr49z6bn3.rs:6:20\n  |\n6 |             sum += binomial_Coeff(n, i);\n  |                    ^^^^^^^^^^^^^^ not found in this scope\n\nerror: aborting due to previous error\n\nFor more information about this error, try `rustc --explain E0425`.\n",
      "exit_code": 1,
      "status": "SyntaxError"
    },
    {
      "program": "/// Write a python function that takes in a positive integer n and finds the sum of even index binomial coefficients.\nfn even_binomial_Coeff_Sum(n: isize) -> isize {\n    let mut sum = 0;\n    for i in 0..n {\n        if i % 2 == 0 {\n            sum += binomial_Coeff(n, i);\n        }\n    }\n    sum\n}\n\nfn main() {\n    let candidate = even_binomial_Coeff_Sum;\n    assert_eq!(candidate(4), 8);\n    assert_eq!(candidate(6), 32);\n    assert_eq!(candidate(2), 2);\n}\n",
      "timestamp": 1665510137,
      "stdout": "",
      "stderr": "error[E0425]: cannot find function `binomial_Coeff` in this scope\n --> /tmp/tmp1e7ioios.rs:6:20\n  |\n6 |             sum += binomial_Coeff(n, i);\n  |                    ^^^^^^^^^^^^^^ not found in this scope\n\nerror: aborting due to previous error\n\nFor more information about this error, try `rustc --explain E0425`.\n",
      "exit_code": 1,
      "status": "SyntaxError"
    },
    {
      "program": "/// Write a python function that takes in a positive integer n and finds the sum of even index binomial coefficients.\nfn even_binomial_Coeff_Sum(n: isize) -> isize {\n    let mut sum = 0;\n    for i in 0..n {\n        if i % 2 == 0 {\n            sum += binomial_Coeff(n, i);\n        }\n    }\n    sum\n}\n\nfn main() {\n    let candidate = even_binomial_Coeff_Sum;\n    assert_eq!(candidate(4), 8);\n    assert_eq!(candidate(6), 32);\n    assert_eq!(candidate(2), 2);\n}\n",
      "timestamp": 1665510137,
      "stdout": "",
      "stderr": "error[E0425]: cannot find function `binomial_Coeff` in this scope\n --> /tmp/tmp1e7ioios.rs:6:20\n  |\n6 |             sum += binomial_Coeff(n, i);\n  |                    ^^^^^^^^^^^^^^ not found in this scope\n\nerror: aborting due to previous error\n\nFor more information about this error, try `rustc --explain E0425`.\n",
      "exit_code": 1,
      "status": "SyntaxError"
    },
    {
      "program": "/// Write a python function that takes in a positive integer n and finds the sum of even index binomial coefficients.\nfn even_binomial_Coeff_Sum(n: isize) -> isize {\n    let mut sum = 0;\n    for i in 0..n {\n        if i % 2 == 0 {\n            sum += binomial_coeff(n, i);\n        }\n    }\n    sum\n}\n\nfn main() {\n    let candidate = even_binomial_Coeff_Sum;\n    assert_eq!(candidate(4), 8);\n    assert_eq!(candidate(6), 32);\n    assert_eq!(candidate(2), 2);\n}\n",
      "timestamp": 1665510137,
      "stdout": "",
      "stderr": "error[E0425]: cannot find function `binomial_coeff` in this scope\n --> /tmp/tmpus3kh84x.rs:6:20\n  |\n6 |             sum += binomial_coeff(n, i);\n  |                    ^^^^^^^^^^^^^^ not found in this scope\n\nerror: aborting due to previous error\n\nFor more information about this error, try `rustc --explain E0425`.\n",
      "exit_code": 1,
      "status": "SyntaxError"
    },
    {
      "program": "/// Write a python function that takes in a positive integer n and finds the sum of even index binomial coefficients.\nfn even_binomial_Coeff_Sum(n: isize) -> isize {\n    let mut sum = 0;\n    for i in 0..n {\n        if i % 2 == 0 {\n            sum += binomial_Coeff(n, i);\n        }\n    }\n    sum\n}\n\nfn main() {\n    let candidate = even_binomial_Coeff_Sum;\n    assert_eq!(candidate(4), 8);\n    assert_eq!(candidate(6), 32);\n    assert_eq!(candidate(2), 2);\n}\n",
      "timestamp": 1665510137,
      "stdout": "",
      "stderr": "error[E0425]: cannot find function `binomial_Coeff` in this scope\n --> /tmp/tmp1e7ioios.rs:6:20\n  |\n6 |             sum += binomial_Coeff(n, i);\n  |                    ^^^^^^^^^^^^^^ not found in this scope\n\nerror: aborting due to previous error\n\nFor more information about this error, try `rustc --explain E0425`.\n",
      "exit_code": 1,
      "status": "SyntaxError"
    },
    {
      "program": "/// Write a python function that takes in a positive integer n and finds the sum of even index binomial coefficients.\nfn even_binomial_Coeff_Sum(n: isize) -> isize {\n    let mut sum = 0;\n    for i in 0..n+1 {\n        if i % 2 == 0 {\n            sum += binomial_coeff(n, i);\n        }\n    }\n    sum\n}\n\nfn main() {\n    let candidate = even_binomial_Coeff_Sum;\n    assert_eq!(candidate(4), 8);\n    assert_eq!(candidate(6), 32);\n    assert_eq!(candidate(2), 2);\n}\n",
      "timestamp": 1665510137,
      "stdout": "",
      "stderr": "error[E0425]: cannot find function `binomial_coeff` in this scope\n --> /tmp/tmpbrzqcbrn.rs:6:20\n  |\n6 |             sum += binomial_coeff(n, i);\n  |                    ^^^^^^^^^^^^^^ not found in this scope\n\nerror: aborting due to previous error\n\nFor more information about this error, try `rustc --explain E0425`.\n",
      "exit_code": 1,
      "status": "SyntaxError"
    },
    {
      "program": "/// Write a python function that takes in a positive integer n and finds the sum of even index binomial coefficients.\nfn even_binomial_Coeff_Sum(n: isize) -> isize {\n    let mut sum: isize = 0;\n    for i in 0..n {\n        if i % 2 == 0 {\n            sum += binomial_coeff(n, i);\n        }\n    }\n    sum\n}\n\nfn main() {\n    let candidate = even_binomial_Coeff_Sum;\n    assert_eq!(candidate(4), 8);\n    assert_eq!(candidate(6), 32);\n    assert_eq!(candidate(2), 2);\n}\n",
      "timestamp": 1666122892,
      "stdout": "",
      "stderr": "error[E0425]: cannot find function `binomial_coeff` in this scope\n --> /tmp/tmpgvc499g9.rs:6:20\n  |\n6 |             sum += binomial_coeff(n, i);\n  |                    ^^^^^^^^^^^^^^ not found in this scope\n\nerror: aborting due to previous error\n\nFor more information about this error, try `rustc --explain E0425`.\n",
      "exit_code": 1,
      "status": "SyntaxError"
    },
    {
      "program": "/// Write a python function that takes in a positive integer n and finds the sum of even index binomial coefficients.\nfn even_binomial_Coeff_Sum(n: isize) -> isize {\n    let mut sum = 0;\n    for i in 0..n {\n        if i % 2 == 0 {\n            sum += binomial_coeff(n, i);\n        }\n    }\n    sum\n}\n\nfn main() {\n    let candidate = even_binomial_Coeff_Sum;\n    assert_eq!(candidate(4), 8);\n    assert_eq!(candidate(6), 32);\n    assert_eq!(candidate(2), 2);\n}\n",
      "timestamp": 1665510137,
      "stdout": "",
      "stderr": "error[E0425]: cannot find function `binomial_coeff` in this scope\n --> /tmp/tmpus3kh84x.rs:6:20\n  |\n6 |             sum += binomial_coeff(n, i);\n  |                    ^^^^^^^^^^^^^^ not found in this scope\n\nerror: aborting due to previous error\n\nFor more information about this error, try `rustc --explain E0425`.\n",
      "exit_code": 1,
      "status": "SyntaxError"
    },
    {
      "program": "/// Write a python function that takes in a positive integer n and finds the sum of even index binomial coefficients.\nfn even_binomial_Coeff_Sum(n: isize) -> isize {\n    let mut sum = 0;\n    for i in 0..n + 1 {\n        if i % 2 == 0 {\n            sum += binomial_Coeff(n, i);\n        }\n    }\n    sum\n}\n\nfn main() {\n    let candidate = even_binomial_Coeff_Sum;\n    assert_eq!(candidate(4), 8);\n    assert_eq!(candidate(6), 32);\n    assert_eq!(candidate(2), 2);\n}\n",
      "timestamp": 1665510137,
      "stdout": "",
      "stderr": "error[E0425]: cannot find function `binomial_Coeff` in this scope\n --> /tmp/tmp_jc78j4s.rs:6:20\n  |\n6 |             sum += binomial_Coeff(n, i);\n  |                    ^^^^^^^^^^^^^^ not found in this scope\n\nerror: aborting due to previous error\n\nFor more information about this error, try `rustc --explain E0425`.\n",
      "exit_code": 1,
      "status": "SyntaxError"
    },
    {
      "program": "/// Write a python function that takes in a positive integer n and finds the sum of even index binomial coefficients.\nfn even_binomial_Coeff_Sum(n: isize) -> isize {\n    let mut sum = 0;\n    for i in 0..n {\n        if i % 2 == 0 {\n            sum += binomial_Coeff(n, i);\n        }\n    }\n    sum\n}\n\nfn main() {\n    let candidate = even_binomial_Coeff_Sum;\n    assert_eq!(candidate(4), 8);\n    assert_eq!(candidate(6), 32);\n    assert_eq!(candidate(2), 2);\n}\n",
      "timestamp": 1665510137,
      "stdout": "",
      "stderr": "error[E0425]: cannot find function `binomial_Coeff` in this scope\n --> /tmp/tmp1e7ioios.rs:6:20\n  |\n6 |             sum += binomial_Coeff(n, i);\n  |                    ^^^^^^^^^^^^^^ not found in this scope\n\nerror: aborting due to previous error\n\nFor more information about this error, try `rustc --explain E0425`.\n",
      "exit_code": 1,
      "status": "SyntaxError"
    },
    {
      "program": "/// Write a python function that takes in a positive integer n and finds the sum of even index binomial coefficients.\nfn even_binomial_Coeff_Sum(n: isize) -> isize {\n    let mut sum = 0;\n    for i in 0..n {\n        if i % 2 == 0 {\n            sum += binomial_coeff(n, i);\n        }\n    }\n    sum\n}\n\nfn main() {\n    let candidate = even_binomial_Coeff_Sum;\n    assert_eq!(candidate(4), 8);\n    assert_eq!(candidate(6), 32);\n    assert_eq!(candidate(2), 2);\n}\n",
      "timestamp": 1665510137,
      "stdout": "",
      "stderr": "error[E0425]: cannot find function `binomial_coeff` in this scope\n --> /tmp/tmpus3kh84x.rs:6:20\n  |\n6 |             sum += binomial_coeff(n, i);\n  |                    ^^^^^^^^^^^^^^ not found in this scope\n\nerror: aborting due to previous error\n\nFor more information about this error, try `rustc --explain E0425`.\n",
      "exit_code": 1,
      "status": "SyntaxError"
    },
    {
      "program": "/// Write a python function that takes in a positive integer n and finds the sum of even index binomial coefficients.\nfn even_binomial_Coeff_Sum(n: isize) -> isize {\n    let mut sum = 0;\n    for i in 0..n {\n        if i % 2 == 0 {\n            sum += binomial_coeff(n, i);\n        }\n    }\n    sum\n}\n\nfn main() {\n    let candidate = even_binomial_Coeff_Sum;\n    assert_eq!(candidate(4), 8);\n    assert_eq!(candidate(6), 32);\n    assert_eq!(candidate(2), 2);\n}\n",
      "timestamp": 1665510137,
      "stdout": "",
      "stderr": "error[E0425]: cannot find function `binomial_coeff` in this scope\n --> /tmp/tmpus3kh84x.rs:6:20\n  |\n6 |             sum += binomial_coeff(n, i);\n  |                    ^^^^^^^^^^^^^^ not found in this scope\n\nerror: aborting due to previous error\n\nFor more information about this error, try `rustc --explain E0425`.\n",
      "exit_code": 1,
      "status": "SyntaxError"
    },
    {
      "program": "/// Write a python function that takes in a positive integer n and finds the sum of even index binomial coefficients.\nfn even_binomial_Coeff_Sum(n: isize) -> isize {\n    let mut sum = 0;\n    for i in 0..n + 1 {\n        if i % 2 == 0 {\n            sum += binomial_coeff(n, i);\n        }\n    }\n    sum\n}\n\nfn main() {\n    let candidate = even_binomial_Coeff_Sum;\n    assert_eq!(candidate(4), 8);\n    assert_eq!(candidate(6), 32);\n    assert_eq!(candidate(2), 2);\n}\n",
      "timestamp": 1665510137,
      "stdout": "",
      "stderr": "error[E0425]: cannot find function `binomial_coeff` in this scope\n --> /tmp/tmp2z4f29i8.rs:6:20\n  |\n6 |             sum += binomial_coeff(n, i);\n  |                    ^^^^^^^^^^^^^^ not found in this scope\n\nerror: aborting due to previous error\n\nFor more information about this error, try `rustc --explain E0425`.\n",
      "exit_code": 1,
      "status": "SyntaxError"
    },
    {
      "program": "/// Write a python function that takes in a positive integer n and finds the sum of even index binomial coefficients.\nfn even_binomial_Coeff_Sum(n: isize) -> isize {\n    let mut sum = 0;\n    for i in 0..n + 1 {\n        if i % 2 == 0 {\n            sum += binomial_Coeff(n, i);\n        }\n    }\n    sum\n}\n\nfn main() {\n    let candidate = even_binomial_Coeff_Sum;\n    assert_eq!(candidate(4), 8);\n    assert_eq!(candidate(6), 32);\n    assert_eq!(candidate(2), 2);\n}\n",
      "timestamp": 1665510137,
      "stdout": "",
      "stderr": "error[E0425]: cannot find function `binomial_Coeff` in this scope\n --> /tmp/tmp_jc78j4s.rs:6:20\n  |\n6 |             sum += binomial_Coeff(n, i);\n  |                    ^^^^^^^^^^^^^^ not found in this scope\n\nerror: aborting due to previous error\n\nFor more information about this error, try `rustc --explain E0425`.\n",
      "exit_code": 1,
      "status": "SyntaxError"
    },
    {
      "program": "/// Write a python function that takes in a positive integer n and finds the sum of even index binomial coefficients.\nfn even_binomial_Coeff_Sum(n: isize) -> isize {\n    let mut sum = 0;\n    for i in 0..n+1 {\n        if i % 2 == 0 {\n            sum += binomial_coeff(n, i);\n        }\n    }\n    sum\n}\n\nfn main() {\n    let candidate = even_binomial_Coeff_Sum;\n    assert_eq!(candidate(4), 8);\n    assert_eq!(candidate(6), 32);\n    assert_eq!(candidate(2), 2);\n}\n",
      "timestamp": 1665510137,
      "stdout": "",
      "stderr": "error[E0425]: cannot find function `binomial_coeff` in this scope\n --> /tmp/tmpbrzqcbrn.rs:6:20\n  |\n6 |             sum += binomial_coeff(n, i);\n  |                    ^^^^^^^^^^^^^^ not found in this scope\n\nerror: aborting due to previous error\n\nFor more information about this error, try `rustc --explain E0425`.\n",
      "exit_code": 1,
      "status": "SyntaxError"
    },
    {
      "program": "/// Write a python function that takes in a positive integer n and finds the sum of even index binomial coefficients.\nfn even_binomial_Coeff_Sum(n: isize) -> isize {\n    let mut sum = 0;\n    for i in 0..n + 1 {\n        if i % 2 == 0 {\n            sum += binomial_Coeff(n, i);\n        }\n    }\n    sum\n}\n\nfn main() {\n    let candidate = even_binomial_Coeff_Sum;\n    assert_eq!(candidate(4), 8);\n    assert_eq!(candidate(6), 32);\n    assert_eq!(candidate(2), 2);\n}\n",
      "timestamp": 1665510137,
      "stdout": "",
      "stderr": "error[E0425]: cannot find function `binomial_Coeff` in this scope\n --> /tmp/tmp_jc78j4s.rs:6:20\n  |\n6 |             sum += binomial_Coeff(n, i);\n  |                    ^^^^^^^^^^^^^^ not found in this scope\n\nerror: aborting due to previous error\n\nFor more information about this error, try `rustc --explain E0425`.\n",
      "exit_code": 1,
      "status": "SyntaxError"
    },
    {
      "program": "/// Write a python function that takes in a positive integer n and finds the sum of even index binomial coefficients.\nfn even_binomial_Coeff_Sum(n: isize) -> isize {\n    let mut sum = 0;\n    for i in 0..n {\n        if i % 2 == 0 {\n            sum += binomial_Coeff(n, i);\n        }\n    }\n    sum\n}\n\nfn main() {\n    let candidate = even_binomial_Coeff_Sum;\n    assert_eq!(candidate(4), 8);\n    assert_eq!(candidate(6), 32);\n    assert_eq!(candidate(2), 2);\n}\n",
      "timestamp": 1665510137,
      "stdout": "",
      "stderr": "error[E0425]: cannot find function `binomial_Coeff` in this scope\n --> /tmp/tmp1e7ioios.rs:6:20\n  |\n6 |             sum += binomial_Coeff(n, i);\n  |                    ^^^^^^^^^^^^^^ not found in this scope\n\nerror: aborting due to previous error\n\nFor more information about this error, try `rustc --explain E0425`.\n",
      "exit_code": 1,
      "status": "SyntaxError"
    },
    {
      "program": "/// Write a python function that takes in a positive integer n and finds the sum of even index binomial coefficients.\nfn even_binomial_Coeff_Sum(n: isize) -> isize {\n    let mut sum = 0;\n    for i in 0..n+1 {\n        if i % 2 == 0 {\n            sum += binomial_Coeff(n, i);\n        }\n    }\n    sum\n}\n\nfn main() {\n    let candidate = even_binomial_Coeff_Sum;\n    assert_eq!(candidate(4), 8);\n    assert_eq!(candidate(6), 32);\n    assert_eq!(candidate(2), 2);\n}\n",
      "timestamp": 1665510137,
      "stdout": "",
      "stderr": "error[E0425]: cannot find function `binomial_Coeff` in this scope\n --> /tmp/tmpr49z6bn3.rs:6:20\n  |\n6 |             sum += binomial_Coeff(n, i);\n  |                    ^^^^^^^^^^^^^^ not found in this scope\n\nerror: aborting due to previous error\n\nFor more information about this error, try `rustc --explain E0425`.\n",
      "exit_code": 1,
      "status": "SyntaxError"
    },
    {
      "program": "/// Write a python function that takes in a positive integer n and finds the sum of even index binomial coefficients.\nfn even_binomial_Coeff_Sum(n: isize) -> isize {\n    let mut sum = 0;\n    for i in 0..n + 1 {\n        if i % 2 == 0 {\n            sum += binomial_coeff(n, i);\n        }\n    }\n    sum\n}\n\nfn main() {\n    let candidate = even_binomial_Coeff_Sum;\n    assert_eq!(candidate(4), 8);\n    assert_eq!(candidate(6), 32);\n    assert_eq!(candidate(2), 2);\n}\n",
      "timestamp": 1665510137,
      "stdout": "",
      "stderr": "error[E0425]: cannot find function `binomial_coeff` in this scope\n --> /tmp/tmp2z4f29i8.rs:6:20\n  |\n6 |             sum += binomial_coeff(n, i);\n  |                    ^^^^^^^^^^^^^^ not found in this scope\n\nerror: aborting due to previous error\n\nFor more information about this error, try `rustc --explain E0425`.\n",
      "exit_code": 1,
      "status": "SyntaxError"
    },
    {
      "program": "/// Write a python function that takes in a positive integer n and finds the sum of even index binomial coefficients.\nfn even_binomial_Coeff_Sum(n: isize) -> isize {\n    let mut sum = 0;\n    for i in 0..n {\n        if i % 2 == 0 {\n            sum += binomial_coeff(n, i);\n        }\n    }\n    sum\n}\n\nfn main() {\n    let candidate = even_binomial_Coeff_Sum;\n    assert_eq!(candidate(4), 8);\n    assert_eq!(candidate(6), 32);\n    assert_eq!(candidate(2), 2);\n}\n",
      "timestamp": 1665510137,
      "stdout": "",
      "stderr": "error[E0425]: cannot find function `binomial_coeff` in this scope\n --> /tmp/tmpus3kh84x.rs:6:20\n  |\n6 |             sum += binomial_coeff(n, i);\n  |                    ^^^^^^^^^^^^^^ not found in this scope\n\nerror: aborting due to previous error\n\nFor more information about this error, try `rustc --explain E0425`.\n",
      "exit_code": 1,
      "status": "SyntaxError"
    },
    {
      "program": "/// Write a python function that takes in a positive integer n and finds the sum of even index binomial coefficients.\nfn even_binomial_Coeff_Sum(n: isize) -> isize {\n    let mut sum = 0;\n    for i in 0..n {\n        if i % 2 == 0 {\n            sum += binomial_coeff(n, i);\n        }\n    }\n    sum\n}\n\nfn main() {\n    let candidate = even_binomial_Coeff_Sum;\n    assert_eq!(candidate(4), 8);\n    assert_eq!(candidate(6), 32);\n    assert_eq!(candidate(2), 2);\n}\n",
      "timestamp": 1665510137,
      "stdout": "",
      "stderr": "error[E0425]: cannot find function `binomial_coeff` in this scope\n --> /tmp/tmpus3kh84x.rs:6:20\n  |\n6 |             sum += binomial_coeff(n, i);\n  |                    ^^^^^^^^^^^^^^ not found in this scope\n\nerror: aborting due to previous error\n\nFor more information about this error, try `rustc --explain E0425`.\n",
      "exit_code": 1,
      "status": "SyntaxError"
    },
    {
      "program": "/// Write a python function that takes in a positive integer n and finds the sum of even index binomial coefficients.\nfn even_binomial_Coeff_Sum(n: isize) -> isize {\n    let mut sum = 0;\n    for i in 0..n {\n        if i % 2 == 0 {\n            sum += binomial_Coeff(n, i);\n        }\n    }\n    sum\n}\n\nfn main() {\n    let candidate = even_binomial_Coeff_Sum;\n    assert_eq!(candidate(4), 8);\n    assert_eq!(candidate(6), 32);\n    assert_eq!(candidate(2), 2);\n}\n",
      "timestamp": 1665510137,
      "stdout": "",
      "stderr": "error[E0425]: cannot find function `binomial_Coeff` in this scope\n --> /tmp/tmp1e7ioios.rs:6:20\n  |\n6 |             sum += binomial_Coeff(n, i);\n  |                    ^^^^^^^^^^^^^^ not found in this scope\n\nerror: aborting due to previous error\n\nFor more information about this error, try `rustc --explain E0425`.\n",
      "exit_code": 1,
      "status": "SyntaxError"
    },
    {
      "program": "/// Write a python function that takes in a positive integer n and finds the sum of even index binomial coefficients.\nfn even_binomial_Coeff_Sum(n: isize) -> isize {\n    let mut sum = 0;\n    for i in 0..n+1 {\n        if i % 2 == 0 {\n            sum += binomial_Coeff(n, i);\n        }\n    }\n    sum\n}\n\nfn main() {\n    let candidate = even_binomial_Coeff_Sum;\n    assert_eq!(candidate(4), 8);\n    assert_eq!(candidate(6), 32);\n    assert_eq!(candidate(2), 2);\n}\n",
      "timestamp": 1665510137,
      "stdout": "",
      "stderr": "error[E0425]: cannot find function `binomial_Coeff` in this scope\n --> /tmp/tmpr49z6bn3.rs:6:20\n  |\n6 |             sum += binomial_Coeff(n, i);\n  |                    ^^^^^^^^^^^^^^ not found in this scope\n\nerror: aborting due to previous error\n\nFor more information about this error, try `rustc --explain E0425`.\n",
      "exit_code": 1,
      "status": "SyntaxError"
    },
    {
      "program": "/// Write a python function that takes in a positive integer n and finds the sum of even index binomial coefficients.\nfn even_binomial_Coeff_Sum(n: isize) -> isize {\n    let mut sum = 0;\n    for i in 0..n {\n        if i % 2 == 0 {\n            sum += binomial_coeff(n, i);\n        }\n    }\n    sum\n}\n\nfn main() {\n    let candidate = even_binomial_Coeff_Sum;\n    assert_eq!(candidate(4), 8);\n    assert_eq!(candidate(6), 32);\n    assert_eq!(candidate(2), 2);\n}\n",
      "timestamp": 1665510137,
      "stdout": "",
      "stderr": "error[E0425]: cannot find function `binomial_coeff` in this scope\n --> /tmp/tmpus3kh84x.rs:6:20\n  |\n6 |             sum += binomial_coeff(n, i);\n  |                    ^^^^^^^^^^^^^^ not found in this scope\n\nerror: aborting due to previous error\n\nFor more information about this error, try `rustc --explain E0425`.\n",
      "exit_code": 1,
      "status": "SyntaxError"
    },
    {
      "program": "/// Write a python function that takes in a positive integer n and finds the sum of even index binomial coefficients.\nfn even_binomial_Coeff_Sum(n: isize) -> isize {\n    // Write your code here\n    let mut sum = 0;\n    for i in 0..n+1 {\n        if i % 2 == 0 {\n            sum += binomial_Coeff(n, i);\n        }\n    }\n    sum\n}\n\nfn main() {\n    let candidate = even_binomial_Coeff_Sum;\n    assert_eq!(candidate(4), 8);\n    assert_eq!(candidate(6), 32);\n    assert_eq!(candidate(2), 2);\n}\n",
      "timestamp": 1666122892,
      "stdout": "",
      "stderr": "error[E0425]: cannot find function `binomial_Coeff` in this scope\n --> /tmp/tmp3bfimisx.rs:7:20\n  |\n7 |             sum += binomial_Coeff(n, i);\n  |                    ^^^^^^^^^^^^^^ not found in this scope\n\nerror: aborting due to previous error\n\nFor more information about this error, try `rustc --explain E0425`.\n",
      "exit_code": 1,
      "status": "SyntaxError"
    },
    {
      "program": "/// Write a python function that takes in a positive integer n and finds the sum of even index binomial coefficients.\nfn even_binomial_Coeff_Sum(n: isize) -> isize {\n    let mut sum = 0;\n    for i in 0..n {\n        if i % 2 == 0 {\n            sum += binomial_Coeff(n, i);\n        }\n    }\n    sum\n}\n\nfn main() {\n    let candidate = even_binomial_Coeff_Sum;\n    assert_eq!(candidate(4), 8);\n    assert_eq!(candidate(6), 32);\n    assert_eq!(candidate(2), 2);\n}\n",
      "timestamp": 1665510137,
      "stdout": "",
      "stderr": "error[E0425]: cannot find function `binomial_Coeff` in this scope\n --> /tmp/tmp1e7ioios.rs:6:20\n  |\n6 |             sum += binomial_Coeff(n, i);\n  |                    ^^^^^^^^^^^^^^ not found in this scope\n\nerror: aborting due to previous error\n\nFor more information about this error, try `rustc --explain E0425`.\n",
      "exit_code": 1,
      "status": "SyntaxError"
    },
    {
      "program": "/// Write a python function that takes in a positive integer n and finds the sum of even index binomial coefficients.\nfn even_binomial_Coeff_Sum(n: isize) -> isize {\n    let mut sum = 0;\n    for i in 0..n + 1 {\n        if i % 2 == 0 {\n            sum += binomial_Coeff(n, i);\n        }\n    }\n    return sum;\n}\n\nfn main() {\n    let candidate = even_binomial_Coeff_Sum;\n    assert_eq!(candidate(4), 8);\n    assert_eq!(candidate(6), 32);\n    assert_eq!(candidate(2), 2);\n}\n",
      "timestamp": 1666122892,
      "stdout": "",
      "stderr": "error[E0425]: cannot find function `binomial_Coeff` in this scope\n --> /tmp/tmp6e0tzcf1.rs:6:20\n  |\n6 |             sum += binomial_Coeff(n, i);\n  |                    ^^^^^^^^^^^^^^ not found in this scope\n\nerror: aborting due to previous error\n\nFor more information about this error, try `rustc --explain E0425`.\n",
      "exit_code": 1,
      "status": "SyntaxError"
    },
    {
      "program": "/// Write a python function that takes in a positive integer n and finds the sum of even index binomial coefficients.\nfn even_binomial_Coeff_Sum(n: isize) -> isize {\n    let mut sum = 0;\n    for i in 0..n+1 {\n        if i % 2 == 0 {\n            sum += binomial_Coeff(n, i);\n        }\n    }\n    sum\n}\n\nfn main() {\n    let candidate = even_binomial_Coeff_Sum;\n    assert_eq!(candidate(4), 8);\n    assert_eq!(candidate(6), 32);\n    assert_eq!(candidate(2), 2);\n}\n",
      "timestamp": 1665510137,
      "stdout": "",
      "stderr": "error[E0425]: cannot find function `binomial_Coeff` in this scope\n --> /tmp/tmpr49z6bn3.rs:6:20\n  |\n6 |             sum += binomial_Coeff(n, i);\n  |                    ^^^^^^^^^^^^^^ not found in this scope\n\nerror: aborting due to previous error\n\nFor more information about this error, try `rustc --explain E0425`.\n",
      "exit_code": 1,
      "status": "SyntaxError"
    },
    {
      "program": "/// Write a python function that takes in a positive integer n and finds the sum of even index binomial coefficients.\nfn even_binomial_Coeff_Sum(n: isize) -> isize {\n    let mut sum = 0;\n    for i in 0..n {\n        if i % 2 == 0 {\n            sum += binomial_coeff(n, i);\n        }\n    }\n    sum\n}\n\nfn main() {\n    let candidate = even_binomial_Coeff_Sum;\n    assert_eq!(candidate(4), 8);\n    assert_eq!(candidate(6), 32);\n    assert_eq!(candidate(2), 2);\n}\n",
      "timestamp": 1665510137,
      "stdout": "",
      "stderr": "error[E0425]: cannot find function `binomial_coeff` in this scope\n --> /tmp/tmpus3kh84x.rs:6:20\n  |\n6 |             sum += binomial_coeff(n, i);\n  |                    ^^^^^^^^^^^^^^ not found in this scope\n\nerror: aborting due to previous error\n\nFor more information about this error, try `rustc --explain E0425`.\n",
      "exit_code": 1,
      "status": "SyntaxError"
    },
    {
      "program": "/// Write a python function that takes in a positive integer n and finds the sum of even index binomial coefficients.\nfn even_binomial_Coeff_Sum(n: isize) -> isize {\n    let mut sum = 0;\n    for i in 0..n+1 {\n        if i % 2 == 0 {\n            sum += binomial_Coeff(n, i);\n        }\n    }\n    sum\n}\n\nfn main() {\n    let candidate = even_binomial_Coeff_Sum;\n    assert_eq!(candidate(4), 8);\n    assert_eq!(candidate(6), 32);\n    assert_eq!(candidate(2), 2);\n}\n",
      "timestamp": 1665510137,
      "stdout": "",
      "stderr": "error[E0425]: cannot find function `binomial_Coeff` in this scope\n --> /tmp/tmpr49z6bn3.rs:6:20\n  |\n6 |             sum += binomial_Coeff(n, i);\n  |                    ^^^^^^^^^^^^^^ not found in this scope\n\nerror: aborting due to previous error\n\nFor more information about this error, try `rustc --explain E0425`.\n",
      "exit_code": 1,
      "status": "SyntaxError"
    },
    {
      "program": "/// Write a python function that takes in a positive integer n and finds the sum of even index binomial coefficients.\nfn even_binomial_Coeff_Sum(n: isize) -> isize {\n    let mut sum = 0;\n    for i in 0..n {\n        if i % 2 == 0 {\n            sum += binomial_Coeff(n, i);\n        }\n    }\n    sum\n}\n\nfn main() {\n    let candidate = even_binomial_Coeff_Sum;\n    assert_eq!(candidate(4), 8);\n    assert_eq!(candidate(6), 32);\n    assert_eq!(candidate(2), 2);\n}\n",
      "timestamp": 1665510137,
      "stdout": "",
      "stderr": "error[E0425]: cannot find function `binomial_Coeff` in this scope\n --> /tmp/tmp1e7ioios.rs:6:20\n  |\n6 |             sum += binomial_Coeff(n, i);\n  |                    ^^^^^^^^^^^^^^ not found in this scope\n\nerror: aborting due to previous error\n\nFor more information about this error, try `rustc --explain E0425`.\n",
      "exit_code": 1,
      "status": "SyntaxError"
    },
    {
      "program": "/// Write a python function that takes in a positive integer n and finds the sum of even index binomial coefficients.\nfn even_binomial_Coeff_Sum(n: isize) -> isize {\n    let mut sum = 0;\n    for i in 0..n {\n        if i % 2 == 0 {\n            sum += binomial_Coeff(n, i);\n        }\n    }\n    sum\n}\n\nfn main() {\n    let candidate = even_binomial_Coeff_Sum;\n    assert_eq!(candidate(4), 8);\n    assert_eq!(candidate(6), 32);\n    assert_eq!(candidate(2), 2);\n}\n",
      "timestamp": 1665510137,
      "stdout": "",
      "stderr": "error[E0425]: cannot find function `binomial_Coeff` in this scope\n --> /tmp/tmp1e7ioios.rs:6:20\n  |\n6 |             sum += binomial_Coeff(n, i);\n  |                    ^^^^^^^^^^^^^^ not found in this scope\n\nerror: aborting due to previous error\n\nFor more information about this error, try `rustc --explain E0425`.\n",
      "exit_code": 1,
      "status": "SyntaxError"
    },
    {
      "program": "/// Write a python function that takes in a positive integer n and finds the sum of even index binomial coefficients.\nfn even_binomial_Coeff_Sum(n: isize) -> isize {\n    let mut sum = 0;\n    for i in 0..n + 1 {\n        if i % 2 == 0 {\n            sum += binomial_Coeff(n, i);\n        }\n    }\n    sum\n}\n\nfn main() {\n    let candidate = even_binomial_Coeff_Sum;\n    assert_eq!(candidate(4), 8);\n    assert_eq!(candidate(6), 32);\n    assert_eq!(candidate(2), 2);\n}\n",
      "timestamp": 1665510137,
      "stdout": "",
      "stderr": "error[E0425]: cannot find function `binomial_Coeff` in this scope\n --> /tmp/tmp_jc78j4s.rs:6:20\n  |\n6 |             sum += binomial_Coeff(n, i);\n  |                    ^^^^^^^^^^^^^^ not found in this scope\n\nerror: aborting due to previous error\n\nFor more information about this error, try `rustc --explain E0425`.\n",
      "exit_code": 1,
      "status": "SyntaxError"
    },
    {
      "program": "/// Write a python function that takes in a positive integer n and finds the sum of even index binomial coefficients.\nfn even_binomial_Coeff_Sum(n: isize) -> isize {\n    let mut sum = 0;\n    for i in 0..n+1 {\n        if i % 2 == 0 {\n            sum += binomial_coeff(n, i);\n        }\n    }\n    sum\n}\n\nfn main() {\n    let candidate = even_binomial_Coeff_Sum;\n    assert_eq!(candidate(4), 8);\n    assert_eq!(candidate(6), 32);\n    assert_eq!(candidate(2), 2);\n}\n",
      "timestamp": 1665510137,
      "stdout": "",
      "stderr": "error[E0425]: cannot find function `binomial_coeff` in this scope\n --> /tmp/tmpbrzqcbrn.rs:6:20\n  |\n6 |             sum += binomial_coeff(n, i);\n  |                    ^^^^^^^^^^^^^^ not found in this scope\n\nerror: aborting due to previous error\n\nFor more information about this error, try `rustc --explain E0425`.\n",
      "exit_code": 1,
      "status": "SyntaxError"
    },
    {
      "program": "/// Write a python function that takes in a positive integer n and finds the sum of even index binomial coefficients.\nfn even_binomial_Coeff_Sum(n: isize) -> isize {\n    let mut sum = 0;\n    for i in 0..n + 1 {\n        if i % 2 == 0 {\n            sum += binomial_coeff(n, i);\n        }\n    }\n    sum\n}\n\nfn main() {\n    let candidate = even_binomial_Coeff_Sum;\n    assert_eq!(candidate(4), 8);\n    assert_eq!(candidate(6), 32);\n    assert_eq!(candidate(2), 2);\n}\n",
      "timestamp": 1665510137,
      "stdout": "",
      "stderr": "error[E0425]: cannot find function `binomial_coeff` in this scope\n --> /tmp/tmp2z4f29i8.rs:6:20\n  |\n6 |             sum += binomial_coeff(n, i);\n  |                    ^^^^^^^^^^^^^^ not found in this scope\n\nerror: aborting due to previous error\n\nFor more information about this error, try `rustc --explain E0425`.\n",
      "exit_code": 1,
      "status": "SyntaxError"
    },
    {
      "program": "/// Write a python function that takes in a positive integer n and finds the sum of even index binomial coefficients.\nfn even_binomial_Coeff_Sum(n: isize) -> isize {\n    let mut sum = 0;\n    for i in 0..n+1 {\n        if i % 2 == 0 {\n            sum += binomial_coeff(n, i);\n        }\n    }\n    sum\n}\n\nfn main() {\n    let candidate = even_binomial_Coeff_Sum;\n    assert_eq!(candidate(4), 8);\n    assert_eq!(candidate(6), 32);\n    assert_eq!(candidate(2), 2);\n}\n",
      "timestamp": 1665510137,
      "stdout": "",
      "stderr": "error[E0425]: cannot find function `binomial_coeff` in this scope\n --> /tmp/tmpbrzqcbrn.rs:6:20\n  |\n6 |             sum += binomial_coeff(n, i);\n  |                    ^^^^^^^^^^^^^^ not found in this scope\n\nerror: aborting due to previous error\n\nFor more information about this error, try `rustc --explain E0425`.\n",
      "exit_code": 1,
      "status": "SyntaxError"
    },
    {
      "program": "/// Write a python function that takes in a positive integer n and finds the sum of even index binomial coefficients.\nfn even_binomial_Coeff_Sum(n: isize) -> isize {\n    let mut sum = 0;\n    for i in 0..n + 1 {\n        if i % 2 == 0 {\n            sum += binomial_Coeff(n, i);\n        }\n    }\n    sum\n}\n\nfn main() {\n    let candidate = even_binomial_Coeff_Sum;\n    assert_eq!(candidate(4), 8);\n    assert_eq!(candidate(6), 32);\n    assert_eq!(candidate(2), 2);\n}\n",
      "timestamp": 1665510137,
      "stdout": "",
      "stderr": "error[E0425]: cannot find function `binomial_Coeff` in this scope\n --> /tmp/tmp_jc78j4s.rs:6:20\n  |\n6 |             sum += binomial_Coeff(n, i);\n  |                    ^^^^^^^^^^^^^^ not found in this scope\n\nerror: aborting due to previous error\n\nFor more information about this error, try `rustc --explain E0425`.\n",
      "exit_code": 1,
      "status": "SyntaxError"
    },
    {
      "program": "/// Write a python function that takes in a positive integer n and finds the sum of even index binomial coefficients.\nfn even_binomial_Coeff_Sum(n: isize) -> isize {\n    let mut sum = 0;\n    for i in 0..n + 1 {\n        if i % 2 == 0 {\n            sum += binomial_Coeff(n, i);\n        }\n    }\n    sum\n}\n\nfn main() {\n    let candidate = even_binomial_Coeff_Sum;\n    assert_eq!(candidate(4), 8);\n    assert_eq!(candidate(6), 32);\n    assert_eq!(candidate(2), 2);\n}\n",
      "timestamp": 1665510137,
      "stdout": "",
      "stderr": "error[E0425]: cannot find function `binomial_Coeff` in this scope\n --> /tmp/tmp_jc78j4s.rs:6:20\n  |\n6 |             sum += binomial_Coeff(n, i);\n  |                    ^^^^^^^^^^^^^^ not found in this scope\n\nerror: aborting due to previous error\n\nFor more information about this error, try `rustc --explain E0425`.\n",
      "exit_code": 1,
      "status": "SyntaxError"
    },
    {
      "program": "/// Write a python function that takes in a positive integer n and finds the sum of even index binomial coefficients.\nfn even_binomial_Coeff_Sum(n: isize) -> isize {\n    let mut sum = 0;\n    for i in 0..n+1 {\n        if i % 2 == 0 {\n            sum += binomial_Coeff(n, i);\n        }\n    }\n    sum\n}\n\nfn main() {\n    let candidate = even_binomial_Coeff_Sum;\n    assert_eq!(candidate(4), 8);\n    assert_eq!(candidate(6), 32);\n    assert_eq!(candidate(2), 2);\n}\n",
      "timestamp": 1665510137,
      "stdout": "",
      "stderr": "error[E0425]: cannot find function `binomial_Coeff` in this scope\n --> /tmp/tmpr49z6bn3.rs:6:20\n  |\n6 |             sum += binomial_Coeff(n, i);\n  |                    ^^^^^^^^^^^^^^ not found in this scope\n\nerror: aborting due to previous error\n\nFor more information about this error, try `rustc --explain E0425`.\n",
      "exit_code": 1,
      "status": "SyntaxError"
    },
    {
      "program": "/// Write a python function that takes in a positive integer n and finds the sum of even index binomial coefficients.\nfn even_binomial_Coeff_Sum(n: isize) -> isize {\n    let mut sum = 0;\n    for i in 0..n {\n        if i % 2 == 0 {\n            sum += binomial_coeff(n, i);\n        }\n    }\n    sum\n}\n\nfn main() {\n    let candidate = even_binomial_Coeff_Sum;\n    assert_eq!(candidate(4), 8);\n    assert_eq!(candidate(6), 32);\n    assert_eq!(candidate(2), 2);\n}\n",
      "timestamp": 1665510137,
      "stdout": "",
      "stderr": "error[E0425]: cannot find function `binomial_coeff` in this scope\n --> /tmp/tmpus3kh84x.rs:6:20\n  |\n6 |             sum += binomial_coeff(n, i);\n  |                    ^^^^^^^^^^^^^^ not found in this scope\n\nerror: aborting due to previous error\n\nFor more information about this error, try `rustc --explain E0425`.\n",
      "exit_code": 1,
      "status": "SyntaxError"
    },
    {
      "program": "/// Write a python function that takes in a positive integer n and finds the sum of even index binomial coefficients.\nfn even_binomial_Coeff_Sum(n: isize) -> isize {\n    let mut sum = 0;\n    for i in 0..n + 1 {\n        if i % 2 == 0 {\n            sum += binomial_Coeff(n, i);\n        }\n    }\n    sum\n}\n\nfn main() {\n    let candidate = even_binomial_Coeff_Sum;\n    assert_eq!(candidate(4), 8);\n    assert_eq!(candidate(6), 32);\n    assert_eq!(candidate(2), 2);\n}\n",
      "timestamp": 1665510137,
      "stdout": "",
      "stderr": "error[E0425]: cannot find function `binomial_Coeff` in this scope\n --> /tmp/tmp_jc78j4s.rs:6:20\n  |\n6 |             sum += binomial_Coeff(n, i);\n  |                    ^^^^^^^^^^^^^^ not found in this scope\n\nerror: aborting due to previous error\n\nFor more information about this error, try `rustc --explain E0425`.\n",
      "exit_code": 1,
      "status": "SyntaxError"
    },
    {
      "program": "/// Write a python function that takes in a positive integer n and finds the sum of even index binomial coefficients.\nfn even_binomial_Coeff_Sum(n: isize) -> isize {\n    let mut sum = 0;\n    for i in 0..n + 1 {\n        if i % 2 == 0 {\n            sum += binomial_Coeff(n, i);\n        }\n    }\n    sum\n}\n\nfn main() {\n    let candidate = even_binomial_Coeff_Sum;\n    assert_eq!(candidate(4), 8);\n    assert_eq!(candidate(6), 32);\n    assert_eq!(candidate(2), 2);\n}\n",
      "timestamp": 1665510137,
      "stdout": "",
      "stderr": "error[E0425]: cannot find function `binomial_Coeff` in this scope\n --> /tmp/tmp_jc78j4s.rs:6:20\n  |\n6 |             sum += binomial_Coeff(n, i);\n  |                    ^^^^^^^^^^^^^^ not found in this scope\n\nerror: aborting due to previous error\n\nFor more information about this error, try `rustc --explain E0425`.\n",
      "exit_code": 1,
      "status": "SyntaxError"
    },
    {
      "program": "/// Write a python function that takes in a positive integer n and finds the sum of even index binomial coefficients.\nfn even_binomial_Coeff_Sum(n: isize) -> isize {\n    let mut sum = 0;\n    for i in 0..n + 1 {\n        if i % 2 == 0 {\n            sum += binomial_coeff(n, i);\n        }\n    }\n    sum\n}\n\nfn main() {\n    let candidate = even_binomial_Coeff_Sum;\n    assert_eq!(candidate(4), 8);\n    assert_eq!(candidate(6), 32);\n    assert_eq!(candidate(2), 2);\n}\n",
      "timestamp": 1665510137,
      "stdout": "",
      "stderr": "error[E0425]: cannot find function `binomial_coeff` in this scope\n --> /tmp/tmp2z4f29i8.rs:6:20\n  |\n6 |             sum += binomial_coeff(n, i);\n  |                    ^^^^^^^^^^^^^^ not found in this scope\n\nerror: aborting due to previous error\n\nFor more information about this error, try `rustc --explain E0425`.\n",
      "exit_code": 1,
      "status": "SyntaxError"
    },
    {
      "program": "/// Write a python function that takes in a positive integer n and finds the sum of even index binomial coefficients.\nfn even_binomial_Coeff_Sum(n: isize) -> isize {\n    let mut sum = 0;\n    for i in 0..n {\n        if i % 2 == 0 {\n            sum += binomial_Coeff(n, i);\n        }\n    }\n    sum\n}\n\nfn main() {\n    let candidate = even_binomial_Coeff_Sum;\n    assert_eq!(candidate(4), 8);\n    assert_eq!(candidate(6), 32);\n    assert_eq!(candidate(2), 2);\n}\n",
      "timestamp": 1665510137,
      "stdout": "",
      "stderr": "error[E0425]: cannot find function `binomial_Coeff` in this scope\n --> /tmp/tmp1e7ioios.rs:6:20\n  |\n6 |             sum += binomial_Coeff(n, i);\n  |                    ^^^^^^^^^^^^^^ not found in this scope\n\nerror: aborting due to previous error\n\nFor more information about this error, try `rustc --explain E0425`.\n",
      "exit_code": 1,
      "status": "SyntaxError"
    },
    {
      "program": "/// Write a python function that takes in a positive integer n and finds the sum of even index binomial coefficients.\nfn even_binomial_Coeff_Sum(n: isize) -> isize {\n    let mut sum = 0;\n    for i in 0..n {\n        if i % 2 == 0 {\n            sum += binomial_Coeff(n, i);\n        }\n    }\n    sum\n}\n\nfn main() {\n    let candidate = even_binomial_Coeff_Sum;\n    assert_eq!(candidate(4), 8);\n    assert_eq!(candidate(6), 32);\n    assert_eq!(candidate(2), 2);\n}\n",
      "timestamp": 1665510137,
      "stdout": "",
      "stderr": "error[E0425]: cannot find function `binomial_Coeff` in this scope\n --> /tmp/tmp1e7ioios.rs:6:20\n  |\n6 |             sum += binomial_Coeff(n, i);\n  |                    ^^^^^^^^^^^^^^ not found in this scope\n\nerror: aborting due to previous error\n\nFor more information about this error, try `rustc --explain E0425`.\n",
      "exit_code": 1,
      "status": "SyntaxError"
    },
    {
      "program": "/// Write a python function that takes in a positive integer n and finds the sum of even index binomial coefficients.\nfn even_binomial_Coeff_Sum(n: isize) -> isize {\n    let mut sum = 0;\n    for i in 0..n + 1 {\n        if i % 2 == 0 {\n            sum += binomial_Coeff(n, i);\n        }\n    }\n    sum\n}\n\nfn main() {\n    let candidate = even_binomial_Coeff_Sum;\n    assert_eq!(candidate(4), 8);\n    assert_eq!(candidate(6), 32);\n    assert_eq!(candidate(2), 2);\n}\n",
      "timestamp": 1665510137,
      "stdout": "",
      "stderr": "error[E0425]: cannot find function `binomial_Coeff` in this scope\n --> /tmp/tmp_jc78j4s.rs:6:20\n  |\n6 |             sum += binomial_Coeff(n, i);\n  |                    ^^^^^^^^^^^^^^ not found in this scope\n\nerror: aborting due to previous error\n\nFor more information about this error, try `rustc --explain E0425`.\n",
      "exit_code": 1,
      "status": "SyntaxError"
    },
    {
      "program": "/// Write a python function that takes in a positive integer n and finds the sum of even index binomial coefficients.\nfn even_binomial_Coeff_Sum(n: isize) -> isize {\n    let mut sum = 0;\n    for i in 0..n {\n        if i % 2 == 0 {\n            sum += binomial_Coeff(n, i);\n        }\n    }\n    sum\n}\n\nfn main() {\n    let candidate = even_binomial_Coeff_Sum;\n    assert_eq!(candidate(4), 8);\n    assert_eq!(candidate(6), 32);\n    assert_eq!(candidate(2), 2);\n}\n",
      "timestamp": 1665510137,
      "stdout": "",
      "stderr": "error[E0425]: cannot find function `binomial_Coeff` in this scope\n --> /tmp/tmp1e7ioios.rs:6:20\n  |\n6 |             sum += binomial_Coeff(n, i);\n  |                    ^^^^^^^^^^^^^^ not found in this scope\n\nerror: aborting due to previous error\n\nFor more information about this error, try `rustc --explain E0425`.\n",
      "exit_code": 1,
      "status": "SyntaxError"
    },
    {
      "program": "/// Write a python function that takes in a positive integer n and finds the sum of even index binomial coefficients.\nfn even_binomial_Coeff_Sum(n: isize) -> isize {\n    let mut sum = 0;\n    for i in 0..n + 1 {\n        if i % 2 == 0 {\n            sum += binomial_Coeff(n, i);\n        }\n    }\n    sum\n}\n\nfn main() {\n    let candidate = even_binomial_Coeff_Sum;\n    assert_eq!(candidate(4), 8);\n    assert_eq!(candidate(6), 32);\n    assert_eq!(candidate(2), 2);\n}\n",
      "timestamp": 1665510137,
      "stdout": "",
      "stderr": "error[E0425]: cannot find function `binomial_Coeff` in this scope\n --> /tmp/tmp_jc78j4s.rs:6:20\n  |\n6 |             sum += binomial_Coeff(n, i);\n  |                    ^^^^^^^^^^^^^^ not found in this scope\n\nerror: aborting due to previous error\n\nFor more information about this error, try `rustc --explain E0425`.\n",
      "exit_code": 1,
      "status": "SyntaxError"
    },
    {
      "program": "/// Write a python function that takes in a positive integer n and finds the sum of even index binomial coefficients.\nfn even_binomial_Coeff_Sum(n: isize) -> isize {\n    let mut sum = 0;\n    for i in 0..n {\n        if i % 2 == 0 {\n            sum += binomial_Coeff(n, i);\n        }\n    }\n    sum\n}\n\nfn main() {\n    let candidate = even_binomial_Coeff_Sum;\n    assert_eq!(candidate(4), 8);\n    assert_eq!(candidate(6), 32);\n    assert_eq!(candidate(2), 2);\n}\n",
      "timestamp": 1665510137,
      "stdout": "",
      "stderr": "error[E0425]: cannot find function `binomial_Coeff` in this scope\n --> /tmp/tmp1e7ioios.rs:6:20\n  |\n6 |             sum += binomial_Coeff(n, i);\n  |                    ^^^^^^^^^^^^^^ not found in this scope\n\nerror: aborting due to previous error\n\nFor more information about this error, try `rustc --explain E0425`.\n",
      "exit_code": 1,
      "status": "SyntaxError"
    },
    {
      "program": "/// Write a python function that takes in a positive integer n and finds the sum of even index binomial coefficients.\nfn even_binomial_Coeff_Sum(n: isize) -> isize {\n    let mut sum = 0;\n    for i in 0..n+1 {\n        if i % 2 == 0 {\n            sum += binomial_Coeff(n, i);\n        }\n    }\n    sum\n}\n\nfn main() {\n    let candidate = even_binomial_Coeff_Sum;\n    assert_eq!(candidate(4), 8);\n    assert_eq!(candidate(6), 32);\n    assert_eq!(candidate(2), 2);\n}\n",
      "timestamp": 1665510137,
      "stdout": "",
      "stderr": "error[E0425]: cannot find function `binomial_Coeff` in this scope\n --> /tmp/tmpr49z6bn3.rs:6:20\n  |\n6 |             sum += binomial_Coeff(n, i);\n  |                    ^^^^^^^^^^^^^^ not found in this scope\n\nerror: aborting due to previous error\n\nFor more information about this error, try `rustc --explain E0425`.\n",
      "exit_code": 1,
      "status": "SyntaxError"
    },
    {
      "program": "/// Write a python function that takes in a positive integer n and finds the sum of even index binomial coefficients.\nfn even_binomial_Coeff_Sum(n: isize) -> isize {\n    let mut sum = 0;\n    for i in 0..n+1 {\n        if i % 2 == 0 {\n            sum += binomial_coeff(n, i);\n        }\n    }\n    sum\n}\n\nfn main() {\n    let candidate = even_binomial_Coeff_Sum;\n    assert_eq!(candidate(4), 8);\n    assert_eq!(candidate(6), 32);\n    assert_eq!(candidate(2), 2);\n}\n",
      "timestamp": 1665510137,
      "stdout": "",
      "stderr": "error[E0425]: cannot find function `binomial_coeff` in this scope\n --> /tmp/tmpbrzqcbrn.rs:6:20\n  |\n6 |             sum += binomial_coeff(n, i);\n  |                    ^^^^^^^^^^^^^^ not found in this scope\n\nerror: aborting due to previous error\n\nFor more information about this error, try `rustc --explain E0425`.\n",
      "exit_code": 1,
      "status": "SyntaxError"
    },
    {
      "program": "/// Write a python function that takes in a positive integer n and finds the sum of even index binomial coefficients.\nfn even_binomial_Coeff_Sum(n: isize) -> isize {\n    let mut sum = 0;\n    for i in 0..n + 1 {\n        if i % 2 == 0 {\n            sum += binomial_Coeff(n, i);\n        }\n    }\n    sum\n}\n\nfn main() {\n    let candidate = even_binomial_Coeff_Sum;\n    assert_eq!(candidate(4), 8);\n    assert_eq!(candidate(6), 32);\n    assert_eq!(candidate(2), 2);\n}\n",
      "timestamp": 1665510137,
      "stdout": "",
      "stderr": "error[E0425]: cannot find function `binomial_Coeff` in this scope\n --> /tmp/tmp_jc78j4s.rs:6:20\n  |\n6 |             sum += binomial_Coeff(n, i);\n  |                    ^^^^^^^^^^^^^^ not found in this scope\n\nerror: aborting due to previous error\n\nFor more information about this error, try `rustc --explain E0425`.\n",
      "exit_code": 1,
      "status": "SyntaxError"
    },
    {
      "program": "/// Write a python function that takes in a positive integer n and finds the sum of even index binomial coefficients.\nfn even_binomial_Coeff_Sum(n: isize) -> isize {\n    let mut sum = 0;\n    for i in 0..n {\n        if i % 2 == 0 {\n            sum += binomial_Coeff(n, i);\n        }\n    }\n    sum\n}\n\nfn main() {\n    let candidate = even_binomial_Coeff_Sum;\n    assert_eq!(candidate(4), 8);\n    assert_eq!(candidate(6), 32);\n    assert_eq!(candidate(2), 2);\n}\n",
      "timestamp": 1665510137,
      "stdout": "",
      "stderr": "error[E0425]: cannot find function `binomial_Coeff` in this scope\n --> /tmp/tmp1e7ioios.rs:6:20\n  |\n6 |             sum += binomial_Coeff(n, i);\n  |                    ^^^^^^^^^^^^^^ not found in this scope\n\nerror: aborting due to previous error\n\nFor more information about this error, try `rustc --explain E0425`.\n",
      "exit_code": 1,
      "status": "SyntaxError"
    },
    {
      "program": "/// Write a python function that takes in a positive integer n and finds the sum of even index binomial coefficients.\nfn even_binomial_Coeff_Sum(n: isize) -> isize {\n    let mut sum = 0;\n    for i in 0..n + 1 {\n        if i % 2 == 0 {\n            sum += binomial_coeff(n, i);\n        }\n    }\n    sum\n}\n\nfn main() {\n    let candidate = even_binomial_Coeff_Sum;\n    assert_eq!(candidate(4), 8);\n    assert_eq!(candidate(6), 32);\n    assert_eq!(candidate(2), 2);\n}\n",
      "timestamp": 1665510137,
      "stdout": "",
      "stderr": "error[E0425]: cannot find function `binomial_coeff` in this scope\n --> /tmp/tmp2z4f29i8.rs:6:20\n  |\n6 |             sum += binomial_coeff(n, i);\n  |                    ^^^^^^^^^^^^^^ not found in this scope\n\nerror: aborting due to previous error\n\nFor more information about this error, try `rustc --explain E0425`.\n",
      "exit_code": 1,
      "status": "SyntaxError"
    },
    {
      "program": "/// Write a python function that takes in a positive integer n and finds the sum of even index binomial coefficients.\nfn even_binomial_Coeff_Sum(n: isize) -> isize {\n    let mut sum = 0;\n    for i in 0..n + 1 {\n        if i % 2 == 0 {\n            sum += binomial_Coeff(n, i);\n        }\n    }\n    sum\n}\n\nfn main() {\n    let candidate = even_binomial_Coeff_Sum;\n    assert_eq!(candidate(4), 8);\n    assert_eq!(candidate(6), 32);\n    assert_eq!(candidate(2), 2);\n}\n",
      "timestamp": 1665510137,
      "stdout": "",
      "stderr": "error[E0425]: cannot find function `binomial_Coeff` in this scope\n --> /tmp/tmp_jc78j4s.rs:6:20\n  |\n6 |             sum += binomial_Coeff(n, i);\n  |                    ^^^^^^^^^^^^^^ not found in this scope\n\nerror: aborting due to previous error\n\nFor more information about this error, try `rustc --explain E0425`.\n",
      "exit_code": 1,
      "status": "SyntaxError"
    },
    {
      "program": "/// Write a python function that takes in a positive integer n and finds the sum of even index binomial coefficients.\nfn even_binomial_Coeff_Sum(n: isize) -> isize {\n    let mut sum = 0;\n    for i in 0..n + 1 {\n        if i % 2 == 0 {\n            sum += binomial_Coeff(n, i);\n        }\n    }\n    sum\n}\n\nfn main() {\n    let candidate = even_binomial_Coeff_Sum;\n    assert_eq!(candidate(4), 8);\n    assert_eq!(candidate(6), 32);\n    assert_eq!(candidate(2), 2);\n}\n",
      "timestamp": 1665510137,
      "stdout": "",
      "stderr": "error[E0425]: cannot find function `binomial_Coeff` in this scope\n --> /tmp/tmp_jc78j4s.rs:6:20\n  |\n6 |             sum += binomial_Coeff(n, i);\n  |                    ^^^^^^^^^^^^^^ not found in this scope\n\nerror: aborting due to previous error\n\nFor more information about this error, try `rustc --explain E0425`.\n",
      "exit_code": 1,
      "status": "SyntaxError"
    },
    {
      "program": "/// Write a python function that takes in a positive integer n and finds the sum of even index binomial coefficients.\nfn even_binomial_Coeff_Sum(n: isize) -> isize {\n    let mut sum = 0;\n    for i in 0..n + 1 {\n        if i % 2 == 0 {\n            sum += binomial_Coeff(n, i);\n        }\n    }\n    sum\n}\n\nfn main() {\n    let candidate = even_binomial_Coeff_Sum;\n    assert_eq!(candidate(4), 8);\n    assert_eq!(candidate(6), 32);\n    assert_eq!(candidate(2), 2);\n}\n",
      "timestamp": 1665510137,
      "stdout": "",
      "stderr": "error[E0425]: cannot find function `binomial_Coeff` in this scope\n --> /tmp/tmp_jc78j4s.rs:6:20\n  |\n6 |             sum += binomial_Coeff(n, i);\n  |                    ^^^^^^^^^^^^^^ not found in this scope\n\nerror: aborting due to previous error\n\nFor more information about this error, try `rustc --explain E0425`.\n",
      "exit_code": 1,
      "status": "SyntaxError"
    },
    {
      "program": "/// Write a python function that takes in a positive integer n and finds the sum of even index binomial coefficients.\nfn even_binomial_Coeff_Sum(n: isize) -> isize {\n    let mut sum = 0;\n    for i in 0..n+1 {\n        if i % 2 == 0 {\n            sum += binomial_Coeff(n, i);\n        }\n    }\n    sum\n}\n\nfn main() {\n    let candidate = even_binomial_Coeff_Sum;\n    assert_eq!(candidate(4), 8);\n    assert_eq!(candidate(6), 32);\n    assert_eq!(candidate(2), 2);\n}\n",
      "timestamp": 1665510137,
      "stdout": "",
      "stderr": "error[E0425]: cannot find function `binomial_Coeff` in this scope\n --> /tmp/tmpr49z6bn3.rs:6:20\n  |\n6 |             sum += binomial_Coeff(n, i);\n  |                    ^^^^^^^^^^^^^^ not found in this scope\n\nerror: aborting due to previous error\n\nFor more information about this error, try `rustc --explain E0425`.\n",
      "exit_code": 1,
      "status": "SyntaxError"
    },
    {
      "program": "/// Write a python function that takes in a positive integer n and finds the sum of even index binomial coefficients.\nfn even_binomial_Coeff_Sum(n: isize) -> isize {\n    let mut sum = 0;\n    for i in 0..n + 1 {\n        if i % 2 == 0 {\n            sum += binomial_Coeff(n, i);\n        }\n    }\n    sum\n}\n\nfn main() {\n    let candidate = even_binomial_Coeff_Sum;\n    assert_eq!(candidate(4), 8);\n    assert_eq!(candidate(6), 32);\n    assert_eq!(candidate(2), 2);\n}\n",
      "timestamp": 1665510137,
      "stdout": "",
      "stderr": "error[E0425]: cannot find function `binomial_Coeff` in this scope\n --> /tmp/tmp_jc78j4s.rs:6:20\n  |\n6 |             sum += binomial_Coeff(n, i);\n  |                    ^^^^^^^^^^^^^^ not found in this scope\n\nerror: aborting due to previous error\n\nFor more information about this error, try `rustc --explain E0425`.\n",
      "exit_code": 1,
      "status": "SyntaxError"
    },
    {
      "program": "/// Write a python function that takes in a positive integer n and finds the sum of even index binomial coefficients.\nfn even_binomial_Coeff_Sum(n: isize) -> isize {\n    let mut sum = 0;\n    for i in 0..n {\n        if i % 2 == 0 {\n            sum += binomial_coeff(n, i);\n        }\n    }\n    sum\n}\n\nfn main() {\n    let candidate = even_binomial_Coeff_Sum;\n    assert_eq!(candidate(4), 8);\n    assert_eq!(candidate(6), 32);\n    assert_eq!(candidate(2), 2);\n}\n",
      "timestamp": 1665510137,
      "stdout": "",
      "stderr": "error[E0425]: cannot find function `binomial_coeff` in this scope\n --> /tmp/tmpus3kh84x.rs:6:20\n  |\n6 |             sum += binomial_coeff(n, i);\n  |                    ^^^^^^^^^^^^^^ not found in this scope\n\nerror: aborting due to previous error\n\nFor more information about this error, try `rustc --explain E0425`.\n",
      "exit_code": 1,
      "status": "SyntaxError"
    },
    {
      "program": "/// Write a python function that takes in a positive integer n and finds the sum of even index binomial coefficients.\nfn even_binomial_Coeff_Sum(n: isize) -> isize {\n    let mut sum = 0;\n    for i in 0..n + 1 {\n        if i % 2 == 0 {\n            sum += binomial_coeff(n, i);\n        }\n    }\n    sum\n}\n\nfn main() {\n    let candidate = even_binomial_Coeff_Sum;\n    assert_eq!(candidate(4), 8);\n    assert_eq!(candidate(6), 32);\n    assert_eq!(candidate(2), 2);\n}\n",
      "timestamp": 1665510137,
      "stdout": "",
      "stderr": "error[E0425]: cannot find function `binomial_coeff` in this scope\n --> /tmp/tmp2z4f29i8.rs:6:20\n  |\n6 |             sum += binomial_coeff(n, i);\n  |                    ^^^^^^^^^^^^^^ not found in this scope\n\nerror: aborting due to previous error\n\nFor more information about this error, try `rustc --explain E0425`.\n",
      "exit_code": 1,
      "status": "SyntaxError"
    },
    {
      "program": "/// Write a python function that takes in a positive integer n and finds the sum of even index binomial coefficients.\nfn even_binomial_Coeff_Sum(n: isize) -> isize {\n    let mut sum = 0;\n    for i in 0..n {\n        if i % 2 == 0 {\n            sum += binomial_Coeff(n, i);\n        }\n    }\n    return sum;\n}\n\nfn main() {\n    let candidate = even_binomial_Coeff_Sum;\n    assert_eq!(candidate(4), 8);\n    assert_eq!(candidate(6), 32);\n    assert_eq!(candidate(2), 2);\n}\n",
      "timestamp": 1666122892,
      "stdout": "",
      "stderr": "error[E0425]: cannot find function `binomial_Coeff` in this scope\n --> /tmp/tmp_1fsnp5o.rs:6:20\n  |\n6 |             sum += binomial_Coeff(n, i);\n  |                    ^^^^^^^^^^^^^^ not found in this scope\n\nerror: aborting due to previous error\n\nFor more information about this error, try `rustc --explain E0425`.\n",
      "exit_code": 1,
      "status": "SyntaxError"
    },
    {
      "program": "/// Write a python function that takes in a positive integer n and finds the sum of even index binomial coefficients.\nfn even_binomial_Coeff_Sum(n: isize) -> isize {\n    let mut sum = 0;\n    for i in 0..n + 1 {\n        if i % 2 == 0 {\n            sum += binomial_coeff(n, i);\n        }\n    }\n    sum\n}\n\nfn main() {\n    let candidate = even_binomial_Coeff_Sum;\n    assert_eq!(candidate(4), 8);\n    assert_eq!(candidate(6), 32);\n    assert_eq!(candidate(2), 2);\n}\n",
      "timestamp": 1665510137,
      "stdout": "",
      "stderr": "error[E0425]: cannot find function `binomial_coeff` in this scope\n --> /tmp/tmp2z4f29i8.rs:6:20\n  |\n6 |             sum += binomial_coeff(n, i);\n  |                    ^^^^^^^^^^^^^^ not found in this scope\n\nerror: aborting due to previous error\n\nFor more information about this error, try `rustc --explain E0425`.\n",
      "exit_code": 1,
      "status": "SyntaxError"
    },
    {
      "program": "/// Write a python function that takes in a positive integer n and finds the sum of even index binomial coefficients.\nfn even_binomial_Coeff_Sum(n: isize) -> isize {\n    let mut sum = 0;\n    for i in 0..n+1 {\n        if i % 2 == 0 {\n            sum += binomial_Coeff(n, i);\n        }\n    }\n    sum\n}\n\nfn main() {\n    let candidate = even_binomial_Coeff_Sum;\n    assert_eq!(candidate(4), 8);\n    assert_eq!(candidate(6), 32);\n    assert_eq!(candidate(2), 2);\n}\n",
      "timestamp": 1665510137,
      "stdout": "",
      "stderr": "error[E0425]: cannot find function `binomial_Coeff` in this scope\n --> /tmp/tmpr49z6bn3.rs:6:20\n  |\n6 |             sum += binomial_Coeff(n, i);\n  |                    ^^^^^^^^^^^^^^ not found in this scope\n\nerror: aborting due to previous error\n\nFor more information about this error, try `rustc --explain E0425`.\n",
      "exit_code": 1,
      "status": "SyntaxError"
    },
    {
      "program": "/// Write a python function that takes in a positive integer n and finds the sum of even index binomial coefficients.\nfn even_binomial_Coeff_Sum(n: isize) -> isize {\n    let mut sum = 0;\n    for i in 0..n {\n        if i % 2 == 0 {\n            sum += binomial_Coeff(n, i);\n        }\n    }\n    sum\n}\n\nfn main() {\n    let candidate = even_binomial_Coeff_Sum;\n    assert_eq!(candidate(4), 8);\n    assert_eq!(candidate(6), 32);\n    assert_eq!(candidate(2), 2);\n}\n",
      "timestamp": 1665510137,
      "stdout": "",
      "stderr": "error[E0425]: cannot find function `binomial_Coeff` in this scope\n --> /tmp/tmp1e7ioios.rs:6:20\n  |\n6 |             sum += binomial_Coeff(n, i);\n  |                    ^^^^^^^^^^^^^^ not found in this scope\n\nerror: aborting due to previous error\n\nFor more information about this error, try `rustc --explain E0425`.\n",
      "exit_code": 1,
      "status": "SyntaxError"
    },
    {
      "program": "/// Write a python function that takes in a positive integer n and finds the sum of even index binomial coefficients.\nfn even_binomial_Coeff_Sum(n: isize) -> isize {\n    let mut sum = 0;\n    for i in 0..n+1 {\n        if i % 2 == 0 {\n            sum += binomial_coeff(n, i);\n        }\n    }\n    sum\n}\n\nfn main() {\n    let candidate = even_binomial_Coeff_Sum;\n    assert_eq!(candidate(4), 8);\n    assert_eq!(candidate(6), 32);\n    assert_eq!(candidate(2), 2);\n}\n",
      "timestamp": 1665510137,
      "stdout": "",
      "stderr": "error[E0425]: cannot find function `binomial_coeff` in this scope\n --> /tmp/tmpbrzqcbrn.rs:6:20\n  |\n6 |             sum += binomial_coeff(n, i);\n  |                    ^^^^^^^^^^^^^^ not found in this scope\n\nerror: aborting due to previous error\n\nFor more information about this error, try `rustc --explain E0425`.\n",
      "exit_code": 1,
      "status": "SyntaxError"
    },
    {
      "program": "/// Write a python function that takes in a positive integer n and finds the sum of even index binomial coefficients.\nfn even_binomial_Coeff_Sum(n: isize) -> isize {\n    let mut sum = 0;\n    for i in 0..n+1 {\n        if i % 2 == 0 {\n            sum += binomial_coeff(n, i);\n        }\n    }\n    sum\n}\n\nfn main() {\n    let candidate = even_binomial_Coeff_Sum;\n    assert_eq!(candidate(4), 8);\n    assert_eq!(candidate(6), 32);\n    assert_eq!(candidate(2), 2);\n}\n",
      "timestamp": 1665510137,
      "stdout": "",
      "stderr": "error[E0425]: cannot find function `binomial_coeff` in this scope\n --> /tmp/tmpbrzqcbrn.rs:6:20\n  |\n6 |             sum += binomial_coeff(n, i);\n  |                    ^^^^^^^^^^^^^^ not found in this scope\n\nerror: aborting due to previous error\n\nFor more information about this error, try `rustc --explain E0425`.\n",
      "exit_code": 1,
      "status": "SyntaxError"
    },
    {
      "program": "/// Write a python function that takes in a positive integer n and finds the sum of even index binomial coefficients.\nfn even_binomial_Coeff_Sum(n: isize) -> isize {\n    let mut sum = 0;\n    for i in 0..n {\n        if i % 2 == 0 {\n            sum += binomial_Coeff(n, i);\n        }\n    }\n    sum\n}\n\nfn main() {\n    let candidate = even_binomial_Coeff_Sum;\n    assert_eq!(candidate(4), 8);\n    assert_eq!(candidate(6), 32);\n    assert_eq!(candidate(2), 2);\n}\n",
      "timestamp": 1665510137,
      "stdout": "",
      "stderr": "error[E0425]: cannot find function `binomial_Coeff` in this scope\n --> /tmp/tmp1e7ioios.rs:6:20\n  |\n6 |             sum += binomial_Coeff(n, i);\n  |                    ^^^^^^^^^^^^^^ not found in this scope\n\nerror: aborting due to previous error\n\nFor more information about this error, try `rustc --explain E0425`.\n",
      "exit_code": 1,
      "status": "SyntaxError"
    },
    {
      "program": "/// Write a python function that takes in a positive integer n and finds the sum of even index binomial coefficients.\nfn even_binomial_Coeff_Sum(n: isize) -> isize {\n    let mut sum = 0;\n    for i in 0..n + 1 {\n        if i % 2 == 0 {\n            sum += binomial_coeff(n, i);\n        }\n    }\n    sum\n}\n\nfn main() {\n    let candidate = even_binomial_Coeff_Sum;\n    assert_eq!(candidate(4), 8);\n    assert_eq!(candidate(6), 32);\n    assert_eq!(candidate(2), 2);\n}\n",
      "timestamp": 1665510137,
      "stdout": "",
      "stderr": "error[E0425]: cannot find function `binomial_coeff` in this scope\n --> /tmp/tmp2z4f29i8.rs:6:20\n  |\n6 |             sum += binomial_coeff(n, i);\n  |                    ^^^^^^^^^^^^^^ not found in this scope\n\nerror: aborting due to previous error\n\nFor more information about this error, try `rustc --explain E0425`.\n",
      "exit_code": 1,
      "status": "SyntaxError"
    },
    {
      "program": "/// Write a python function that takes in a positive integer n and finds the sum of even index binomial coefficients.\nfn even_binomial_Coeff_Sum(n: isize) -> isize {\n    let mut sum = 0;\n    for i in 0..n+1 {\n        if i % 2 == 0 {\n            sum += binomial_Coeff(n, i);\n        }\n    }\n    sum\n}\n\nfn main() {\n    let candidate = even_binomial_Coeff_Sum;\n    assert_eq!(candidate(4), 8);\n    assert_eq!(candidate(6), 32);\n    assert_eq!(candidate(2), 2);\n}\n",
      "timestamp": 1665510137,
      "stdout": "",
      "stderr": "error[E0425]: cannot find function `binomial_Coeff` in this scope\n --> /tmp/tmpr49z6bn3.rs:6:20\n  |\n6 |             sum += binomial_Coeff(n, i);\n  |                    ^^^^^^^^^^^^^^ not found in this scope\n\nerror: aborting due to previous error\n\nFor more information about this error, try `rustc --explain E0425`.\n",
      "exit_code": 1,
      "status": "SyntaxError"
    },
    {
      "program": "/// Write a python function that takes in a positive integer n and finds the sum of even index binomial coefficients.\nfn even_binomial_Coeff_Sum(n: isize) -> isize {\n    let mut sum = 0;\n    for i in 0..n {\n        if i % 2 == 0 {\n            sum += binomial_Coeff(n, i);\n        }\n    }\n    sum\n}\n\nfn main() {\n    let candidate = even_binomial_Coeff_Sum;\n    assert_eq!(candidate(4), 8);\n    assert_eq!(candidate(6), 32);\n    assert_eq!(candidate(2), 2);\n}\n",
      "timestamp": 1665510137,
      "stdout": "",
      "stderr": "error[E0425]: cannot find function `binomial_Coeff` in this scope\n --> /tmp/tmp1e7ioios.rs:6:20\n  |\n6 |             sum += binomial_Coeff(n, i);\n  |                    ^^^^^^^^^^^^^^ not found in this scope\n\nerror: aborting due to previous error\n\nFor more information about this error, try `rustc --explain E0425`.\n",
      "exit_code": 1,
      "status": "SyntaxError"
    },
    {
      "program": "/// Write a python function that takes in a positive integer n and finds the sum of even index binomial coefficients.\nfn even_binomial_Coeff_Sum(n: isize) -> isize {\n    let mut sum = 0;\n    for i in 0..n + 1 {\n        if i % 2 == 0 {\n            sum += binomial_coeff(n, i);\n        }\n    }\n    sum\n}\n\nfn main() {\n    let candidate = even_binomial_Coeff_Sum;\n    assert_eq!(candidate(4), 8);\n    assert_eq!(candidate(6), 32);\n    assert_eq!(candidate(2), 2);\n}\n",
      "timestamp": 1665510137,
      "stdout": "",
      "stderr": "error[E0425]: cannot find function `binomial_coeff` in this scope\n --> /tmp/tmp2z4f29i8.rs:6:20\n  |\n6 |             sum += binomial_coeff(n, i);\n  |                    ^^^^^^^^^^^^^^ not found in this scope\n\nerror: aborting due to previous error\n\nFor more information about this error, try `rustc --explain E0425`.\n",
      "exit_code": 1,
      "status": "SyntaxError"
    },
    {
      "program": "/// Write a python function that takes in a positive integer n and finds the sum of even index binomial coefficients.\nfn even_binomial_Coeff_Sum(n: isize) -> isize {\n    let mut sum = 0;\n    for i in 0..n {\n        if i % 2 == 0 {\n            sum += binomial_Coeff(n, i);\n        }\n    }\n    sum\n}\n\nfn main() {\n    let candidate = even_binomial_Coeff_Sum;\n    assert_eq!(candidate(4), 8);\n    assert_eq!(candidate(6), 32);\n    assert_eq!(candidate(2), 2);\n}\n",
      "timestamp": 1665510137,
      "stdout": "",
      "stderr": "error[E0425]: cannot find function `binomial_Coeff` in this scope\n --> /tmp/tmp1e7ioios.rs:6:20\n  |\n6 |             sum += binomial_Coeff(n, i);\n  |                    ^^^^^^^^^^^^^^ not found in this scope\n\nerror: aborting due to previous error\n\nFor more information about this error, try `rustc --explain E0425`.\n",
      "exit_code": 1,
      "status": "SyntaxError"
    },
    {
      "program": "/// Write a python function that takes in a positive integer n and finds the sum of even index binomial coefficients.\nfn even_binomial_Coeff_Sum(n: isize) -> isize {\n    let mut sum = 0;\n    for i in 0..n+1 {\n        if i % 2 == 0 {\n            sum += binomial_coeff(n, i);\n        }\n    }\n    sum\n}\n\nfn main() {\n    let candidate = even_binomial_Coeff_Sum;\n    assert_eq!(candidate(4), 8);\n    assert_eq!(candidate(6), 32);\n    assert_eq!(candidate(2), 2);\n}\n",
      "timestamp": 1665510137,
      "stdout": "",
      "stderr": "error[E0425]: cannot find function `binomial_coeff` in this scope\n --> /tmp/tmpbrzqcbrn.rs:6:20\n  |\n6 |             sum += binomial_coeff(n, i);\n  |                    ^^^^^^^^^^^^^^ not found in this scope\n\nerror: aborting due to previous error\n\nFor more information about this error, try `rustc --explain E0425`.\n",
      "exit_code": 1,
      "status": "SyntaxError"
    },
    {
      "program": "/// Write a python function that takes in a positive integer n and finds the sum of even index binomial coefficients.\nfn even_binomial_Coeff_Sum(n: isize) -> isize {\n    let mut sum = 0;\n    for i in 0..n + 1 {\n        if i % 2 == 0 {\n            sum += binomial_coeff(n, i);\n        }\n    }\n    sum\n}\n\nfn main() {\n    let candidate = even_binomial_Coeff_Sum;\n    assert_eq!(candidate(4), 8);\n    assert_eq!(candidate(6), 32);\n    assert_eq!(candidate(2), 2);\n}\n",
      "timestamp": 1665510137,
      "stdout": "",
      "stderr": "error[E0425]: cannot find function `binomial_coeff` in this scope\n --> /tmp/tmp2z4f29i8.rs:6:20\n  |\n6 |             sum += binomial_coeff(n, i);\n  |                    ^^^^^^^^^^^^^^ not found in this scope\n\nerror: aborting due to previous error\n\nFor more information about this error, try `rustc --explain E0425`.\n",
      "exit_code": 1,
      "status": "SyntaxError"
    },
    {
      "program": "/// Write a python function that takes in a positive integer n and finds the sum of even index binomial coefficients.\nfn even_binomial_Coeff_Sum(n: isize) -> isize {\n    let mut sum = 0;\n    for i in 0..n {\n        if i % 2 == 0 {\n            sum += binomial_Coeff(n, i);\n        }\n    }\n    sum\n}\n\nfn main() {\n    let candidate = even_binomial_Coeff_Sum;\n    assert_eq!(candidate(4), 8);\n    assert_eq!(candidate(6), 32);\n    assert_eq!(candidate(2), 2);\n}\n",
      "timestamp": 1665510137,
      "stdout": "",
      "stderr": "error[E0425]: cannot find function `binomial_Coeff` in this scope\n --> /tmp/tmp1e7ioios.rs:6:20\n  |\n6 |             sum += binomial_Coeff(n, i);\n  |                    ^^^^^^^^^^^^^^ not found in this scope\n\nerror: aborting due to previous error\n\nFor more information about this error, try `rustc --explain E0425`.\n",
      "exit_code": 1,
      "status": "SyntaxError"
    },
    {
      "program": "/// Write a python function that takes in a positive integer n and finds the sum of even index binomial coefficients.\nfn even_binomial_Coeff_Sum(n: isize) -> isize {\n    let mut sum = 0;\n    for i in 0..n {\n        if i % 2 == 0 {\n            sum += binomial_Coeff(n, i);\n        }\n    }\n    sum\n}\n\nfn main() {\n    let candidate = even_binomial_Coeff_Sum;\n    assert_eq!(candidate(4), 8);\n    assert_eq!(candidate(6), 32);\n    assert_eq!(candidate(2), 2);\n}\n",
      "timestamp": 1665510137,
      "stdout": "",
      "stderr": "error[E0425]: cannot find function `binomial_Coeff` in this scope\n --> /tmp/tmp1e7ioios.rs:6:20\n  |\n6 |             sum += binomial_Coeff(n, i);\n  |                    ^^^^^^^^^^^^^^ not found in this scope\n\nerror: aborting due to previous error\n\nFor more information about this error, try `rustc --explain E0425`.\n",
      "exit_code": 1,
      "status": "SyntaxError"
    },
    {
      "program": "/// Write a python function that takes in a positive integer n and finds the sum of even index binomial coefficients.\nfn even_binomial_Coeff_Sum(n: isize) -> isize {\n    let mut sum = 0;\n    for i in 0..n+1 {\n        if i % 2 == 0 {\n            sum += binomial_Coeff(n, i);\n        }\n    }\n    sum\n}\n\nfn main() {\n    let candidate = even_binomial_Coeff_Sum;\n    assert_eq!(candidate(4), 8);\n    assert_eq!(candidate(6), 32);\n    assert_eq!(candidate(2), 2);\n}\n",
      "timestamp": 1665510137,
      "stdout": "",
      "stderr": "error[E0425]: cannot find function `binomial_Coeff` in this scope\n --> /tmp/tmpr49z6bn3.rs:6:20\n  |\n6 |             sum += binomial_Coeff(n, i);\n  |                    ^^^^^^^^^^^^^^ not found in this scope\n\nerror: aborting due to previous error\n\nFor more information about this error, try `rustc --explain E0425`.\n",
      "exit_code": 1,
      "status": "SyntaxError"
    },
    {
      "program": "/// Write a python function that takes in a positive integer n and finds the sum of even index binomial coefficients.\nfn even_binomial_Coeff_Sum(n: isize) -> isize {\n    let mut sum = 0;\n    for i in 0..n {\n        if i % 2 == 0 {\n            sum += binomial_Coeff(n, i);\n        }\n    }\n    sum\n}\n\nfn main() {\n    let candidate = even_binomial_Coeff_Sum;\n    assert_eq!(candidate(4), 8);\n    assert_eq!(candidate(6), 32);\n    assert_eq!(candidate(2), 2);\n}\n",
      "timestamp": 1665510137,
      "stdout": "",
      "stderr": "error[E0425]: cannot find function `binomial_Coeff` in this scope\n --> /tmp/tmp1e7ioios.rs:6:20\n  |\n6 |             sum += binomial_Coeff(n, i);\n  |                    ^^^^^^^^^^^^^^ not found in this scope\n\nerror: aborting due to previous error\n\nFor more information about this error, try `rustc --explain E0425`.\n",
      "exit_code": 1,
      "status": "SyntaxError"
    },
    {
      "program": "/// Write a python function that takes in a positive integer n and finds the sum of even index binomial coefficients.\nfn even_binomial_Coeff_Sum(n: isize) -> isize {\n    let mut sum = 0;\n    for i in 0..n {\n        if i % 2 == 0 {\n            sum += binomial_Coeff(n, i);\n        }\n    }\n    sum\n}\n\nfn main() {\n    let candidate = even_binomial_Coeff_Sum;\n    assert_eq!(candidate(4), 8);\n    assert_eq!(candidate(6), 32);\n    assert_eq!(candidate(2), 2);\n}\n",
      "timestamp": 1665510137,
      "stdout": "",
      "stderr": "error[E0425]: cannot find function `binomial_Coeff` in this scope\n --> /tmp/tmp1e7ioios.rs:6:20\n  |\n6 |             sum += binomial_Coeff(n, i);\n  |                    ^^^^^^^^^^^^^^ not found in this scope\n\nerror: aborting due to previous error\n\nFor more information about this error, try `rustc --explain E0425`.\n",
      "exit_code": 1,
      "status": "SyntaxError"
    },
    {
      "program": "/// Write a python function that takes in a positive integer n and finds the sum of even index binomial coefficients.\nfn even_binomial_Coeff_Sum(n: isize) -> isize {\n    let mut sum = 0;\n    for i in 0..n {\n        if i % 2 == 0 {\n            sum += binomial_Coeff(n, i);\n        }\n    }\n    sum\n}\n\nfn main() {\n    let candidate = even_binomial_Coeff_Sum;\n    assert_eq!(candidate(4), 8);\n    assert_eq!(candidate(6), 32);\n    assert_eq!(candidate(2), 2);\n}\n",
      "timestamp": 1665510137,
      "stdout": "",
      "stderr": "error[E0425]: cannot find function `binomial_Coeff` in this scope\n --> /tmp/tmp1e7ioios.rs:6:20\n  |\n6 |             sum += binomial_Coeff(n, i);\n  |                    ^^^^^^^^^^^^^^ not found in this scope\n\nerror: aborting due to previous error\n\nFor more information about this error, try `rustc --explain E0425`.\n",
      "exit_code": 1,
      "status": "SyntaxError"
    },
    {
      "program": "/// Write a python function that takes in a positive integer n and finds the sum of even index binomial coefficients.\nfn even_binomial_Coeff_Sum(n: isize) -> isize {\n    let mut sum = 0;\n    for i in 0..n+1 {\n        if i % 2 == 0 {\n            sum += binomial_coeff(n, i);\n        }\n    }\n    sum\n}\n\nfn main() {\n    let candidate = even_binomial_Coeff_Sum;\n    assert_eq!(candidate(4), 8);\n    assert_eq!(candidate(6), 32);\n    assert_eq!(candidate(2), 2);\n}\n",
      "timestamp": 1665510137,
      "stdout": "",
      "stderr": "error[E0425]: cannot find function `binomial_coeff` in this scope\n --> /tmp/tmpbrzqcbrn.rs:6:20\n  |\n6 |             sum += binomial_coeff(n, i);\n  |                    ^^^^^^^^^^^^^^ not found in this scope\n\nerror: aborting due to previous error\n\nFor more information about this error, try `rustc --explain E0425`.\n",
      "exit_code": 1,
      "status": "SyntaxError"
    },
    {
      "program": "/// Write a python function that takes in a positive integer n and finds the sum of even index binomial coefficients.\nfn even_binomial_Coeff_Sum(n: isize) -> isize {\n    let mut sum = 0;\n    for i in 0..n {\n        if i % 2 == 0 {\n            sum += binomial_coeff(n, i);\n        }\n    }\n    sum\n}\n\nfn main() {\n    let candidate = even_binomial_Coeff_Sum;\n    assert_eq!(candidate(4), 8);\n    assert_eq!(candidate(6), 32);\n    assert_eq!(candidate(2), 2);\n}\n",
      "timestamp": 1665510137,
      "stdout": "",
      "stderr": "error[E0425]: cannot find function `binomial_coeff` in this scope\n --> /tmp/tmpus3kh84x.rs:6:20\n  |\n6 |             sum += binomial_coeff(n, i);\n  |                    ^^^^^^^^^^^^^^ not found in this scope\n\nerror: aborting due to previous error\n\nFor more information about this error, try `rustc --explain E0425`.\n",
      "exit_code": 1,
      "status": "SyntaxError"
    },
    {
      "program": "/// Write a python function that takes in a positive integer n and finds the sum of even index binomial coefficients.\nfn even_binomial_Coeff_Sum(n: isize) -> isize {\n    let mut sum = 0;\n    for i in 0..n {\n        if i % 2 == 0 {\n            sum += binomial_Coeff(n, i);\n        }\n    }\n    sum\n}\n\nfn main() {\n    let candidate = even_binomial_Coeff_Sum;\n    assert_eq!(candidate(4), 8);\n    assert_eq!(candidate(6), 32);\n    assert_eq!(candidate(2), 2);\n}\n",
      "timestamp": 1665510137,
      "stdout": "",
      "stderr": "error[E0425]: cannot find function `binomial_Coeff` in this scope\n --> /tmp/tmp1e7ioios.rs:6:20\n  |\n6 |             sum += binomial_Coeff(n, i);\n  |                    ^^^^^^^^^^^^^^ not found in this scope\n\nerror: aborting due to previous error\n\nFor more information about this error, try `rustc --explain E0425`.\n",
      "exit_code": 1,
      "status": "SyntaxError"
    },
    {
      "program": "/// Write a python function that takes in a positive integer n and finds the sum of even index binomial coefficients.\nfn even_binomial_Coeff_Sum(n: isize) -> isize {\n    let mut sum = 0;\n    for i in 0..n {\n        if i % 2 == 0 {\n            sum += binomial_coeff(n, i);\n        }\n    }\n    sum\n}\n\nfn main() {\n    let candidate = even_binomial_Coeff_Sum;\n    assert_eq!(candidate(4), 8);\n    assert_eq!(candidate(6), 32);\n    assert_eq!(candidate(2), 2);\n}\n",
      "timestamp": 1665510137,
      "stdout": "",
      "stderr": "error[E0425]: cannot find function `binomial_coeff` in this scope\n --> /tmp/tmpus3kh84x.rs:6:20\n  |\n6 |             sum += binomial_coeff(n, i);\n  |                    ^^^^^^^^^^^^^^ not found in this scope\n\nerror: aborting due to previous error\n\nFor more information about this error, try `rustc --explain E0425`.\n",
      "exit_code": 1,
      "status": "SyntaxError"
    },
    {
      "program": "/// Write a python function that takes in a positive integer n and finds the sum of even index binomial coefficients.\nfn even_binomial_Coeff_Sum(n: isize) -> isize {\n    let mut sum = 0;\n    for i in 0..n+1 {\n        if i % 2 == 0 {\n            sum += binomial_Coeff(n, i);\n        }\n    }\n    sum\n}\n\nfn main() {\n    let candidate = even_binomial_Coeff_Sum;\n    assert_eq!(candidate(4), 8);\n    assert_eq!(candidate(6), 32);\n    assert_eq!(candidate(2), 2);\n}\n",
      "timestamp": 1665510137,
      "stdout": "",
      "stderr": "error[E0425]: cannot find function `binomial_Coeff` in this scope\n --> /tmp/tmpr49z6bn3.rs:6:20\n  |\n6 |             sum += binomial_Coeff(n, i);\n  |                    ^^^^^^^^^^^^^^ not found in this scope\n\nerror: aborting due to previous error\n\nFor more information about this error, try `rustc --explain E0425`.\n",
      "exit_code": 1,
      "status": "SyntaxError"
    },
    {
      "program": "/// Write a python function that takes in a positive integer n and finds the sum of even index binomial coefficients.\nfn even_binomial_Coeff_Sum(n: isize) -> isize {\n    let mut sum = 0;\n    for i in 0..n+1 {\n        if i % 2 == 0 {\n            sum += binomial_coeff(n, i);\n        }\n    }\n    return sum;\n}\n\nfn main() {\n    let candidate = even_binomial_Coeff_Sum;\n    assert_eq!(candidate(4), 8);\n    assert_eq!(candidate(6), 32);\n    assert_eq!(candidate(2), 2);\n}\n",
      "timestamp": 1666122892,
      "stdout": "",
      "stderr": "error[E0425]: cannot find function `binomial_coeff` in this scope\n --> /tmp/tmpxn4_xpg9.rs:6:20\n  |\n6 |             sum += binomial_coeff(n, i);\n  |                    ^^^^^^^^^^^^^^ not found in this scope\n\nerror: aborting due to previous error\n\nFor more information about this error, try `rustc --explain E0425`.\n",
      "exit_code": 1,
      "status": "SyntaxError"
    },
    {
      "program": "/// Write a python function that takes in a positive integer n and finds the sum of even index binomial coefficients.\nfn even_binomial_Coeff_Sum(n: isize) -> isize {\n    let mut sum = 0;\n    for i in 0..n + 1 {\n        if i % 2 == 0 {\n            sum += binomial_coeff(n, i);\n        }\n    }\n    sum\n}\n\nfn main() {\n    let candidate = even_binomial_Coeff_Sum;\n    assert_eq!(candidate(4), 8);\n    assert_eq!(candidate(6), 32);\n    assert_eq!(candidate(2), 2);\n}\n",
      "timestamp": 1665510137,
      "stdout": "",
      "stderr": "error[E0425]: cannot find function `binomial_coeff` in this scope\n --> /tmp/tmp2z4f29i8.rs:6:20\n  |\n6 |             sum += binomial_coeff(n, i);\n  |                    ^^^^^^^^^^^^^^ not found in this scope\n\nerror: aborting due to previous error\n\nFor more information about this error, try `rustc --explain E0425`.\n",
      "exit_code": 1,
      "status": "SyntaxError"
    },
    {
      "program": "/// Write a python function that takes in a positive integer n and finds the sum of even index binomial coefficients.\nfn even_binomial_Coeff_Sum(n: isize) -> isize {\n    let mut sum = 0;\n    for i in 0..n {\n        if i % 2 == 0 {\n            sum += binomial_Coeff(n, i);\n        }\n    }\n    sum\n}\n\nfn main() {\n    let candidate = even_binomial_Coeff_Sum;\n    assert_eq!(candidate(4), 8);\n    assert_eq!(candidate(6), 32);\n    assert_eq!(candidate(2), 2);\n}\n",
      "timestamp": 1665510137,
      "stdout": "",
      "stderr": "error[E0425]: cannot find function `binomial_Coeff` in this scope\n --> /tmp/tmp1e7ioios.rs:6:20\n  |\n6 |             sum += binomial_Coeff(n, i);\n  |                    ^^^^^^^^^^^^^^ not found in this scope\n\nerror: aborting due to previous error\n\nFor more information about this error, try `rustc --explain E0425`.\n",
      "exit_code": 1,
      "status": "SyntaxError"
    },
    {
      "program": "/// Write a python function that takes in a positive integer n and finds the sum of even index binomial coefficients.\nfn even_binomial_Coeff_Sum(n: isize) -> isize {\n    let mut sum = 0;\n    for i in 0..n {\n        if i % 2 == 0 {\n            sum += binomial_Coeff(n, i);\n        }\n    }\n    sum\n}\n\nfn main() {\n    let candidate = even_binomial_Coeff_Sum;\n    assert_eq!(candidate(4), 8);\n    assert_eq!(candidate(6), 32);\n    assert_eq!(candidate(2), 2);\n}\n",
      "timestamp": 1665510137,
      "stdout": "",
      "stderr": "error[E0425]: cannot find function `binomial_Coeff` in this scope\n --> /tmp/tmp1e7ioios.rs:6:20\n  |\n6 |             sum += binomial_Coeff(n, i);\n  |                    ^^^^^^^^^^^^^^ not found in this scope\n\nerror: aborting due to previous error\n\nFor more information about this error, try `rustc --explain E0425`.\n",
      "exit_code": 1,
      "status": "SyntaxError"
    },
    {
      "program": "/// Write a python function that takes in a positive integer n and finds the sum of even index binomial coefficients.\nfn even_binomial_Coeff_Sum(n: isize) -> isize {\n    let mut sum = 0;\n    for i in 0..n+1 {\n        if i % 2 == 0 {\n            sum += binomial_Coeff(n, i);\n        }\n    }\n    return sum;\n}\n\nfn main() {\n    let candidate = even_binomial_Coeff_Sum;\n    assert_eq!(candidate(4), 8);\n    assert_eq!(candidate(6), 32);\n    assert_eq!(candidate(2), 2);\n}\n",
      "timestamp": 1666122892,
      "stdout": "",
      "stderr": "error[E0425]: cannot find function `binomial_Coeff` in this scope\n --> /tmp/tmp_uys8dha.rs:6:20\n  |\n6 |             sum += binomial_Coeff(n, i);\n  |                    ^^^^^^^^^^^^^^ not found in this scope\n\nerror: aborting due to previous error\n\nFor more information about this error, try `rustc --explain E0425`.\n",
      "exit_code": 1,
      "status": "SyntaxError"
    },
    {
      "program": "/// Write a python function that takes in a positive integer n and finds the sum of even index binomial coefficients.\nfn even_binomial_Coeff_Sum(n: isize) -> isize {\n    let mut sum = 0;\n    for i in 0..n + 1 {\n        if i % 2 == 0 {\n            sum += binomial_coeff(n, i);\n        }\n    }\n    sum\n}\n\nfn main() {\n    let candidate = even_binomial_Coeff_Sum;\n    assert_eq!(candidate(4), 8);\n    assert_eq!(candidate(6), 32);\n    assert_eq!(candidate(2), 2);\n}\n",
      "timestamp": 1665510137,
      "stdout": "",
      "stderr": "error[E0425]: cannot find function `binomial_coeff` in this scope\n --> /tmp/tmp2z4f29i8.rs:6:20\n  |\n6 |             sum += binomial_coeff(n, i);\n  |                    ^^^^^^^^^^^^^^ not found in this scope\n\nerror: aborting due to previous error\n\nFor more information about this error, try `rustc --explain E0425`.\n",
      "exit_code": 1,
      "status": "SyntaxError"
    },
    {
      "program": "/// Write a python function that takes in a positive integer n and finds the sum of even index binomial coefficients.\nfn even_binomial_Coeff_Sum(n: isize) -> isize {\n    let mut sum = 0;\n    for i in 0..n {\n        if i % 2 == 0 {\n            sum += binomial_coeff(n, i);\n        }\n    }\n    sum\n}\n\nfn main() {\n    let candidate = even_binomial_Coeff_Sum;\n    assert_eq!(candidate(4), 8);\n    assert_eq!(candidate(6), 32);\n    assert_eq!(candidate(2), 2);\n}\n",
      "timestamp": 1665510137,
      "stdout": "",
      "stderr": "error[E0425]: cannot find function `binomial_coeff` in this scope\n --> /tmp/tmpus3kh84x.rs:6:20\n  |\n6 |             sum += binomial_coeff(n, i);\n  |                    ^^^^^^^^^^^^^^ not found in this scope\n\nerror: aborting due to previous error\n\nFor more information about this error, try `rustc --explain E0425`.\n",
      "exit_code": 1,
      "status": "SyntaxError"
    },
    {
      "program": "/// Write a python function that takes in a positive integer n and finds the sum of even index binomial coefficients.\nfn even_binomial_Coeff_Sum(n: isize) -> isize {\n    let mut sum = 0;\n    for i in 0..n + 1 {\n        if i % 2 == 0 {\n            sum += binomial_Coeff(n, i);\n        }\n    }\n    sum\n}\n\nfn main() {\n    let candidate = even_binomial_Coeff_Sum;\n    assert_eq!(candidate(4), 8);\n    assert_eq!(candidate(6), 32);\n    assert_eq!(candidate(2), 2);\n}\n",
      "timestamp": 1665510137,
      "stdout": "",
      "stderr": "error[E0425]: cannot find function `binomial_Coeff` in this scope\n --> /tmp/tmp_jc78j4s.rs:6:20\n  |\n6 |             sum += binomial_Coeff(n, i);\n  |                    ^^^^^^^^^^^^^^ not found in this scope\n\nerror: aborting due to previous error\n\nFor more information about this error, try `rustc --explain E0425`.\n",
      "exit_code": 1,
      "status": "SyntaxError"
    },
    {
      "program": "/// Write a python function that takes in a positive integer n and finds the sum of even index binomial coefficients.\nfn even_binomial_Coeff_Sum(n: isize) -> isize {\n    let mut sum = 0;\n    for i in 0..n + 1 {\n        if i % 2 == 0 {\n            sum += binomial_coeff(n, i);\n        }\n    }\n    sum\n}\n\nfn main() {\n    let candidate = even_binomial_Coeff_Sum;\n    assert_eq!(candidate(4), 8);\n    assert_eq!(candidate(6), 32);\n    assert_eq!(candidate(2), 2);\n}\n",
      "timestamp": 1665510137,
      "stdout": "",
      "stderr": "error[E0425]: cannot find function `binomial_coeff` in this scope\n --> /tmp/tmp2z4f29i8.rs:6:20\n  |\n6 |             sum += binomial_coeff(n, i);\n  |                    ^^^^^^^^^^^^^^ not found in this scope\n\nerror: aborting due to previous error\n\nFor more information about this error, try `rustc --explain E0425`.\n",
      "exit_code": 1,
      "status": "SyntaxError"
    },
    {
      "program": "/// Write a python function that takes in a positive integer n and finds the sum of even index binomial coefficients.\nfn even_binomial_Coeff_Sum(n: isize) -> isize {\n    let mut sum = 0;\n    let mut i = 0;\n    while i <= n {\n        let binomial_coeff = binomial_coeff(n, i);\n        if i % 2 == 0 {\n            sum += binomial_coeff;\n        }\n        i += 1;\n    }\n    sum\n}\n\nfn main() {\n    let candidate = even_binomial_Coeff_Sum;\n    assert_eq!(candidate(4), 8);\n    assert_eq!(candidate(6), 32);\n    assert_eq!(candidate(2), 2);\n}\n",
      "timestamp": 1666122892,
      "stdout": "",
      "stderr": "error[E0425]: cannot find function `binomial_coeff` in this scope\n --> /tmp/tmpc9lulkpu.rs:6:30\n  |\n6 |         let binomial_coeff = binomial_coeff(n, i);\n  |                              ^^^^^^^^^^^^^^ not found in this scope\n\nerror: aborting due to previous error\n\nFor more information about this error, try `rustc --explain E0425`.\n",
      "exit_code": 1,
      "status": "SyntaxError"
    },
    {
      "program": "/// Write a python function that takes in a positive integer n and finds the sum of even index binomial coefficients.\nfn even_binomial_Coeff_Sum(n: isize) -> isize {\n    let mut sum: isize = 0;\n    let mut i: isize = 0;\n    while i <= n {\n        if i % 2 == 0 {\n            sum += binomial_coeff(n, i);\n        }\n        i += 1;\n    }\n    return sum;\n}\n\nfn main() {\n    let candidate = even_binomial_Coeff_Sum;\n    assert_eq!(candidate(4), 8);\n    assert_eq!(candidate(6), 32);\n    assert_eq!(candidate(2), 2);\n}\n",
      "timestamp": 1666122892,
      "stdout": "",
      "stderr": "error[E0425]: cannot find function `binomial_coeff` in this scope\n --> /tmp/tmpxr5mqdza.rs:7:20\n  |\n7 |             sum += binomial_coeff(n, i);\n  |                    ^^^^^^^^^^^^^^ not found in this scope\n\nerror: aborting due to previous error\n\nFor more information about this error, try `rustc --explain E0425`.\n",
      "exit_code": 1,
      "status": "SyntaxError"
    },
    {
      "program": "/// Write a python function that takes in a positive integer n and finds the sum of even index binomial coefficients.\nfn even_binomial_Coeff_Sum(n: isize) -> isize {\n    let mut sum = 0;\n    for i in 0..n + 1 {\n        if i % 2 == 0 {\n            sum += binomial_Coeff(n, i);\n        }\n    }\n    return sum;\n}\n\nfn main() {\n    let candidate = even_binomial_Coeff_Sum;\n    assert_eq!(candidate(4), 8);\n    assert_eq!(candidate(6), 32);\n    assert_eq!(candidate(2), 2);\n}\n",
      "timestamp": 1666122892,
      "stdout": "",
      "stderr": "error[E0425]: cannot find function `binomial_Coeff` in this scope\n --> /tmp/tmp6e0tzcf1.rs:6:20\n  |\n6 |             sum += binomial_Coeff(n, i);\n  |                    ^^^^^^^^^^^^^^ not found in this scope\n\nerror: aborting due to previous error\n\nFor more information about this error, try `rustc --explain E0425`.\n",
      "exit_code": 1,
      "status": "SyntaxError"
    },
    {
      "program": "/// Write a python function that takes in a positive integer n and finds the sum of even index binomial coefficients.\nfn even_binomial_Coeff_Sum(n: isize) -> isize {\n    let mut sum = 0;\n    for i in 0..n {\n        if i % 2 == 0 {\n            sum += binomial_coeff(n, i);\n        }\n    }\n    return sum;\n}\n\nfn main() {\n    let candidate = even_binomial_Coeff_Sum;\n    assert_eq!(candidate(4), 8);\n    assert_eq!(candidate(6), 32);\n    assert_eq!(candidate(2), 2);\n}\n",
      "timestamp": 1666122892,
      "stdout": "",
      "stderr": "error[E0425]: cannot find function `binomial_coeff` in this scope\n --> /tmp/tmp3fe_0t9w.rs:6:20\n  |\n6 |             sum += binomial_coeff(n, i);\n  |                    ^^^^^^^^^^^^^^ not found in this scope\n\nerror: aborting due to previous error\n\nFor more information about this error, try `rustc --explain E0425`.\n",
      "exit_code": 1,
      "status": "SyntaxError"
    },
    {
      "program": "/// Write a python function that takes in a positive integer n and finds the sum of even index binomial coefficients.\nfn even_binomial_Coeff_Sum(n: isize) -> isize {\n    let mut sum = 0;\n    for i in 0..n {\n        if i % 2 == 0 {\n            sum += binomial_coeff(n, i);\n        }\n    }\n    sum\n}\n\nfn main() {\n    let candidate = even_binomial_Coeff_Sum;\n    assert_eq!(candidate(4), 8);\n    assert_eq!(candidate(6), 32);\n    assert_eq!(candidate(2), 2);\n}\n",
      "timestamp": 1665510137,
      "stdout": "",
      "stderr": "error[E0425]: cannot find function `binomial_coeff` in this scope\n --> /tmp/tmpus3kh84x.rs:6:20\n  |\n6 |             sum += binomial_coeff(n, i);\n  |                    ^^^^^^^^^^^^^^ not found in this scope\n\nerror: aborting due to previous error\n\nFor more information about this error, try `rustc --explain E0425`.\n",
      "exit_code": 1,
      "status": "SyntaxError"
    },
    {
      "program": "/// Write a python function that takes in a positive integer n and finds the sum of even index binomial coefficients.\nfn even_binomial_Coeff_Sum(n: isize) -> isize {\n    let mut sum = 0;\n    for i in 0..n {\n        if i % 2 == 0 {\n            sum += binomial_Coeff(n, i);\n        }\n    }\n    sum\n}\n\nfn main() {\n    let candidate = even_binomial_Coeff_Sum;\n    assert_eq!(candidate(4), 8);\n    assert_eq!(candidate(6), 32);\n    assert_eq!(candidate(2), 2);\n}\n",
      "timestamp": 1665510137,
      "stdout": "",
      "stderr": "error[E0425]: cannot find function `binomial_Coeff` in this scope\n --> /tmp/tmp1e7ioios.rs:6:20\n  |\n6 |             sum += binomial_Coeff(n, i);\n  |                    ^^^^^^^^^^^^^^ not found in this scope\n\nerror: aborting due to previous error\n\nFor more information about this error, try `rustc --explain E0425`.\n",
      "exit_code": 1,
      "status": "SyntaxError"
    },
    {
      "program": "/// Write a python function that takes in a positive integer n and finds the sum of even index binomial coefficients.\nfn even_binomial_Coeff_Sum(n: isize) -> isize {\n    let mut sum = 0;\n    for i in 0..n {\n        if i % 2 == 0 {\n            sum += binomial_Coeff(n, i);\n        }\n    }\n    sum\n}\n\nfn main() {\n    let candidate = even_binomial_Coeff_Sum;\n    assert_eq!(candidate(4), 8);\n    assert_eq!(candidate(6), 32);\n    assert_eq!(candidate(2), 2);\n}\n",
      "timestamp": 1665510137,
      "stdout": "",
      "stderr": "error[E0425]: cannot find function `binomial_Coeff` in this scope\n --> /tmp/tmp1e7ioios.rs:6:20\n  |\n6 |             sum += binomial_Coeff(n, i);\n  |                    ^^^^^^^^^^^^^^ not found in this scope\n\nerror: aborting due to previous error\n\nFor more information about this error, try `rustc --explain E0425`.\n",
      "exit_code": 1,
      "status": "SyntaxError"
    },
    {
      "program": "/// Write a python function that takes in a positive integer n and finds the sum of even index binomial coefficients.\nfn even_binomial_Coeff_Sum(n: isize) -> isize {\n    let mut sum = 0;\n    for i in (0..n).step_by(2) {\n        sum += binomial_Coeff(n, i);\n    }\n    sum\n}\n\nfn main() {\n    let candidate = even_binomial_Coeff_Sum;\n    assert_eq!(candidate(4), 8);\n    assert_eq!(candidate(6), 32);\n    assert_eq!(candidate(2), 2);\n}\n",
      "timestamp": 1666122892,
      "stdout": "",
      "stderr": "error[E0425]: cannot find function `binomial_Coeff` in this scope\n --> /tmp/tmpcju5rttk.rs:5:16\n  |\n5 |         sum += binomial_Coeff(n, i);\n  |                ^^^^^^^^^^^^^^ not found in this scope\n\nerror: aborting due to previous error\n\nFor more information about this error, try `rustc --explain E0425`.\n",
      "exit_code": 1,
      "status": "SyntaxError"
    },
    {
      "program": "/// Write a python function that takes in a positive integer n and finds the sum of even index binomial coefficients.\nfn even_binomial_Coeff_Sum(n: isize) -> isize {\n    let mut sum = 0;\n    for i in 0..n + 1 {\n        if i % 2 == 0 {\n            sum += binomial_coeff(n, i);\n        }\n    }\n    sum\n}\n\nfn main() {\n    let candidate = even_binomial_Coeff_Sum;\n    assert_eq!(candidate(4), 8);\n    assert_eq!(candidate(6), 32);\n    assert_eq!(candidate(2), 2);\n}\n",
      "timestamp": 1665510137,
      "stdout": "",
      "stderr": "error[E0425]: cannot find function `binomial_coeff` in this scope\n --> /tmp/tmp2z4f29i8.rs:6:20\n  |\n6 |             sum += binomial_coeff(n, i);\n  |                    ^^^^^^^^^^^^^^ not found in this scope\n\nerror: aborting due to previous error\n\nFor more information about this error, try `rustc --explain E0425`.\n",
      "exit_code": 1,
      "status": "SyntaxError"
    },
    {
      "program": "/// Write a python function that takes in a positive integer n and finds the sum of even index binomial coefficients.\nfn even_binomial_Coeff_Sum(n: isize) -> isize {\n    let mut sum = 0;\n    for i in 0..n {\n        if i % 2 == 0 {\n            sum += binomial_Coeff(n, i);\n        }\n    }\n    sum\n}\n\nfn main() {\n    let candidate = even_binomial_Coeff_Sum;\n    assert_eq!(candidate(4), 8);\n    assert_eq!(candidate(6), 32);\n    assert_eq!(candidate(2), 2);\n}\n",
      "timestamp": 1665510137,
      "stdout": "",
      "stderr": "error[E0425]: cannot find function `binomial_Coeff` in this scope\n --> /tmp/tmp1e7ioios.rs:6:20\n  |\n6 |             sum += binomial_Coeff(n, i);\n  |                    ^^^^^^^^^^^^^^ not found in this scope\n\nerror: aborting due to previous error\n\nFor more information about this error, try `rustc --explain E0425`.\n",
      "exit_code": 1,
      "status": "SyntaxError"
    },
    {
      "program": "/// Write a python function that takes in a positive integer n and finds the sum of even index binomial coefficients.\nfn even_binomial_Coeff_Sum(n: isize) -> isize {\n    let mut sum = 0;\n    for i in 0..n {\n        if i % 2 == 0 {\n            sum += binomial_coeff(n, i);\n        }\n    }\n    sum\n}\n\nfn main() {\n    let candidate = even_binomial_Coeff_Sum;\n    assert_eq!(candidate(4), 8);\n    assert_eq!(candidate(6), 32);\n    assert_eq!(candidate(2), 2);\n}\n",
      "timestamp": 1665510137,
      "stdout": "",
      "stderr": "error[E0425]: cannot find function `binomial_coeff` in this scope\n --> /tmp/tmpus3kh84x.rs:6:20\n  |\n6 |             sum += binomial_coeff(n, i);\n  |                    ^^^^^^^^^^^^^^ not found in this scope\n\nerror: aborting due to previous error\n\nFor more information about this error, try `rustc --explain E0425`.\n",
      "exit_code": 1,
      "status": "SyntaxError"
    },
    {
      "program": "/// Write a python function that takes in a positive integer n and finds the sum of even index binomial coefficients.\nfn even_binomial_Coeff_Sum(n: isize) -> isize {\n    let mut sum = 0;\n    for i in 0..n+1 {\n        if i % 2 == 0 {\n            sum += binomial_Coeff(n, i);\n        }\n    }\n    sum\n}\n\nfn main() {\n    let candidate = even_binomial_Coeff_Sum;\n    assert_eq!(candidate(4), 8);\n    assert_eq!(candidate(6), 32);\n    assert_eq!(candidate(2), 2);\n}\n",
      "timestamp": 1665510137,
      "stdout": "",
      "stderr": "error[E0425]: cannot find function `binomial_Coeff` in this scope\n --> /tmp/tmpr49z6bn3.rs:6:20\n  |\n6 |             sum += binomial_Coeff(n, i);\n  |                    ^^^^^^^^^^^^^^ not found in this scope\n\nerror: aborting due to previous error\n\nFor more information about this error, try `rustc --explain E0425`.\n",
      "exit_code": 1,
      "status": "SyntaxError"
    },
    {
      "program": "/// Write a python function that takes in a positive integer n and finds the sum of even index binomial coefficients.\nfn even_binomial_Coeff_Sum(n: isize) -> isize {\n    let mut sum = 0;\n    for i in 0..n {\n        if i % 2 == 0 {\n            sum += binomial_Coeff(n, i);\n        }\n    }\n    sum\n}\n\nfn main() {\n    let candidate = even_binomial_Coeff_Sum;\n    assert_eq!(candidate(4), 8);\n    assert_eq!(candidate(6), 32);\n    assert_eq!(candidate(2), 2);\n}\n",
      "timestamp": 1665510137,
      "stdout": "",
      "stderr": "error[E0425]: cannot find function `binomial_Coeff` in this scope\n --> /tmp/tmp1e7ioios.rs:6:20\n  |\n6 |             sum += binomial_Coeff(n, i);\n  |                    ^^^^^^^^^^^^^^ not found in this scope\n\nerror: aborting due to previous error\n\nFor more information about this error, try `rustc --explain E0425`.\n",
      "exit_code": 1,
      "status": "SyntaxError"
    },
    {
      "program": "/// Write a python function that takes in a positive integer n and finds the sum of even index binomial coefficients.\nfn even_binomial_Coeff_Sum(n: isize) -> isize {\n    let mut sum = 0;\n    for i in 0..n + 1 {\n        if i % 2 == 0 {\n            sum += binomial_Coeff(n, i);\n        }\n    }\n    sum\n}\n\nfn main() {\n    let candidate = even_binomial_Coeff_Sum;\n    assert_eq!(candidate(4), 8);\n    assert_eq!(candidate(6), 32);\n    assert_eq!(candidate(2), 2);\n}\n",
      "timestamp": 1665510137,
      "stdout": "",
      "stderr": "error[E0425]: cannot find function `binomial_Coeff` in this scope\n --> /tmp/tmp_jc78j4s.rs:6:20\n  |\n6 |             sum += binomial_Coeff(n, i);\n  |                    ^^^^^^^^^^^^^^ not found in this scope\n\nerror: aborting due to previous error\n\nFor more information about this error, try `rustc --explain E0425`.\n",
      "exit_code": 1,
      "status": "SyntaxError"
    },
    {
      "program": "/// Write a python function that takes in a positive integer n and finds the sum of even index binomial coefficients.\nfn even_binomial_Coeff_Sum(n: isize) -> isize {\n    let mut sum = 0;\n    for i in 0..n {\n        if i % 2 == 0 {\n            sum += binomial_Coeff(n, i);\n        }\n    }\n    sum\n}\n\nfn main() {\n    let candidate = even_binomial_Coeff_Sum;\n    assert_eq!(candidate(4), 8);\n    assert_eq!(candidate(6), 32);\n    assert_eq!(candidate(2), 2);\n}\n",
      "timestamp": 1665510137,
      "stdout": "",
      "stderr": "error[E0425]: cannot find function `binomial_Coeff` in this scope\n --> /tmp/tmp1e7ioios.rs:6:20\n  |\n6 |             sum += binomial_Coeff(n, i);\n  |                    ^^^^^^^^^^^^^^ not found in this scope\n\nerror: aborting due to previous error\n\nFor more information about this error, try `rustc --explain E0425`.\n",
      "exit_code": 1,
      "status": "SyntaxError"
    },
    {
      "program": "/// Write a python function that takes in a positive integer n and finds the sum of even index binomial coefficients.\nfn even_binomial_Coeff_Sum(n: isize) -> isize {\n    let mut sum = 0;\n    for i in 0..n + 1 {\n        if i % 2 == 0 {\n            sum += binomial_Coeff(n, i);\n        }\n    }\n    sum\n}\n\nfn main() {\n    let candidate = even_binomial_Coeff_Sum;\n    assert_eq!(candidate(4), 8);\n    assert_eq!(candidate(6), 32);\n    assert_eq!(candidate(2), 2);\n}\n",
      "timestamp": 1665510137,
      "stdout": "",
      "stderr": "error[E0425]: cannot find function `binomial_Coeff` in this scope\n --> /tmp/tmp_jc78j4s.rs:6:20\n  |\n6 |             sum += binomial_Coeff(n, i);\n  |                    ^^^^^^^^^^^^^^ not found in this scope\n\nerror: aborting due to previous error\n\nFor more information about this error, try `rustc --explain E0425`.\n",
      "exit_code": 1,
      "status": "SyntaxError"
    },
    {
      "program": "/// Write a python function that takes in a positive integer n and finds the sum of even index binomial coefficients.\nfn even_binomial_Coeff_Sum(n: isize) -> isize {\n    let mut sum = 0;\n    for i in 0..n + 1 {\n        if i % 2 == 0 {\n            sum += binomial_Coeff(n, i);\n        }\n    }\n    sum\n}\n\nfn main() {\n    let candidate = even_binomial_Coeff_Sum;\n    assert_eq!(candidate(4), 8);\n    assert_eq!(candidate(6), 32);\n    assert_eq!(candidate(2), 2);\n}\n",
      "timestamp": 1665510137,
      "stdout": "",
      "stderr": "error[E0425]: cannot find function `binomial_Coeff` in this scope\n --> /tmp/tmp_jc78j4s.rs:6:20\n  |\n6 |             sum += binomial_Coeff(n, i);\n  |                    ^^^^^^^^^^^^^^ not found in this scope\n\nerror: aborting due to previous error\n\nFor more information about this error, try `rustc --explain E0425`.\n",
      "exit_code": 1,
      "status": "SyntaxError"
    },
    {
      "program": "/// Write a python function that takes in a positive integer n and finds the sum of even index binomial coefficients.\nfn even_binomial_Coeff_Sum(n: isize) -> isize {\n    let mut sum = 0;\n    for i in 0..n+1 {\n        if i % 2 == 0 {\n            sum += binomial_Coeff(n, i);\n        }\n    }\n    sum\n}\n\nfn main() {\n    let candidate = even_binomial_Coeff_Sum;\n    assert_eq!(candidate(4), 8);\n    assert_eq!(candidate(6), 32);\n    assert_eq!(candidate(2), 2);\n}\n",
      "timestamp": 1665510137,
      "stdout": "",
      "stderr": "error[E0425]: cannot find function `binomial_Coeff` in this scope\n --> /tmp/tmpr49z6bn3.rs:6:20\n  |\n6 |             sum += binomial_Coeff(n, i);\n  |                    ^^^^^^^^^^^^^^ not found in this scope\n\nerror: aborting due to previous error\n\nFor more information about this error, try `rustc --explain E0425`.\n",
      "exit_code": 1,
      "status": "SyntaxError"
    },
    {
      "program": "/// Write a python function that takes in a positive integer n and finds the sum of even index binomial coefficients.\nfn even_binomial_Coeff_Sum(n: isize) -> isize {\n    let mut sum = 0;\n    for i in 0..n+1 {\n        if i % 2 == 0 {\n            sum += binomial_coeff(n, i);\n        }\n    }\n    sum\n}\n\nfn main() {\n    let candidate = even_binomial_Coeff_Sum;\n    assert_eq!(candidate(4), 8);\n    assert_eq!(candidate(6), 32);\n    assert_eq!(candidate(2), 2);\n}\n",
      "timestamp": 1665510137,
      "stdout": "",
      "stderr": "error[E0425]: cannot find function `binomial_coeff` in this scope\n --> /tmp/tmpbrzqcbrn.rs:6:20\n  |\n6 |             sum += binomial_coeff(n, i);\n  |                    ^^^^^^^^^^^^^^ not found in this scope\n\nerror: aborting due to previous error\n\nFor more information about this error, try `rustc --explain E0425`.\n",
      "exit_code": 1,
      "status": "SyntaxError"
    },
    {
      "program": "/// Write a python function that takes in a positive integer n and finds the sum of even index binomial coefficients.\nfn even_binomial_Coeff_Sum(n: isize) -> isize {\n    let mut sum = 0;\n    for i in 0..(n + 1) {\n        if i % 2 == 0 {\n            sum += binomial_Coeff(n, i);\n        }\n    }\n    sum\n}\n\nfn main() {\n    let candidate = even_binomial_Coeff_Sum;\n    assert_eq!(candidate(4), 8);\n    assert_eq!(candidate(6), 32);\n    assert_eq!(candidate(2), 2);\n}\n",
      "timestamp": 1666122892,
      "stdout": "",
      "stderr": "error[E0425]: cannot find function `binomial_Coeff` in this scope\n --> /tmp/tmp0ngt414b.rs:6:20\n  |\n6 |             sum += binomial_Coeff(n, i);\n  |                    ^^^^^^^^^^^^^^ not found in this scope\n\nerror: aborting due to previous error\n\nFor more information about this error, try `rustc --explain E0425`.\n",
      "exit_code": 1,
      "status": "SyntaxError"
    },
    {
      "program": "/// Write a python function that takes in a positive integer n and finds the sum of even index binomial coefficients.\nfn even_binomial_Coeff_Sum(n: isize) -> isize {\n    let mut sum = 0;\n    for i in 0..n {\n        if i % 2 == 0 {\n            sum += binomial_coeff(n, i);\n        }\n    }\n    sum\n}\n\nfn main() {\n    let candidate = even_binomial_Coeff_Sum;\n    assert_eq!(candidate(4), 8);\n    assert_eq!(candidate(6), 32);\n    assert_eq!(candidate(2), 2);\n}\n",
      "timestamp": 1665510137,
      "stdout": "",
      "stderr": "error[E0425]: cannot find function `binomial_coeff` in this scope\n --> /tmp/tmpus3kh84x.rs:6:20\n  |\n6 |             sum += binomial_coeff(n, i);\n  |                    ^^^^^^^^^^^^^^ not found in this scope\n\nerror: aborting due to previous error\n\nFor more information about this error, try `rustc --explain E0425`.\n",
      "exit_code": 1,
      "status": "SyntaxError"
    },
    {
      "program": "/// Write a python function that takes in a positive integer n and finds the sum of even index binomial coefficients.\nfn even_binomial_Coeff_Sum(n: isize) -> isize {\n    let mut sum = 0;\n    for i in 0..n+1 {\n        if i % 2 == 0 {\n            sum += binomial_Coeff(n, i);\n        }\n    }\n    sum\n}\n\nfn main() {\n    let candidate = even_binomial_Coeff_Sum;\n    assert_eq!(candidate(4), 8);\n    assert_eq!(candidate(6), 32);\n    assert_eq!(candidate(2), 2);\n}\n",
      "timestamp": 1665510137,
      "stdout": "",
      "stderr": "error[E0425]: cannot find function `binomial_Coeff` in this scope\n --> /tmp/tmpr49z6bn3.rs:6:20\n  |\n6 |             sum += binomial_Coeff(n, i);\n  |                    ^^^^^^^^^^^^^^ not found in this scope\n\nerror: aborting due to previous error\n\nFor more information about this error, try `rustc --explain E0425`.\n",
      "exit_code": 1,
      "status": "SyntaxError"
    },
    {
      "program": "/// Write a python function that takes in a positive integer n and finds the sum of even index binomial coefficients.\nfn even_binomial_Coeff_Sum(n: isize) -> isize {\n    let mut sum = 0;\n    for i in 0..n {\n        if i % 2 == 0 {\n            sum += binomial_Coeff(n, i);\n        }\n    }\n    sum\n}\n\nfn main() {\n    let candidate = even_binomial_Coeff_Sum;\n    assert_eq!(candidate(4), 8);\n    assert_eq!(candidate(6), 32);\n    assert_eq!(candidate(2), 2);\n}\n",
      "timestamp": 1665510137,
      "stdout": "",
      "stderr": "error[E0425]: cannot find function `binomial_Coeff` in this scope\n --> /tmp/tmp1e7ioios.rs:6:20\n  |\n6 |             sum += binomial_Coeff(n, i);\n  |                    ^^^^^^^^^^^^^^ not found in this scope\n\nerror: aborting due to previous error\n\nFor more information about this error, try `rustc --explain E0425`.\n",
      "exit_code": 1,
      "status": "SyntaxError"
    },
    {
      "program": "/// Write a python function that takes in a positive integer n and finds the sum of even index binomial coefficients.\nfn even_binomial_Coeff_Sum(n: isize) -> isize {\n    let mut sum = 0;\n    let mut i = 0;\n    while i <= n {\n        let binomial_coeff = binomial_coeff(n, i);\n        if i % 2 == 0 {\n            sum += binomial_coeff;\n        }\n        i += 1;\n    }\n    sum\n}\n\nfn main() {\n    let candidate = even_binomial_Coeff_Sum;\n    assert_eq!(candidate(4), 8);\n    assert_eq!(candidate(6), 32);\n    assert_eq!(candidate(2), 2);\n}\n",
      "timestamp": 1666122892,
      "stdout": "",
      "stderr": "error[E0425]: cannot find function `binomial_coeff` in this scope\n --> /tmp/tmpc9lulkpu.rs:6:30\n  |\n6 |         let binomial_coeff = binomial_coeff(n, i);\n  |                              ^^^^^^^^^^^^^^ not found in this scope\n\nerror: aborting due to previous error\n\nFor more information about this error, try `rustc --explain E0425`.\n",
      "exit_code": 1,
      "status": "SyntaxError"
    },
    {
      "program": "/// Write a python function that takes in a positive integer n and finds the sum of even index binomial coefficients.\nfn even_binomial_Coeff_Sum(n: isize) -> isize {\n    let mut sum = 0;\n    for i in 0..n+1 {\n        if i % 2 == 0 {\n            sum += binomial_coeff(n, i);\n        }\n    }\n    sum\n}\n\nfn main() {\n    let candidate = even_binomial_Coeff_Sum;\n    assert_eq!(candidate(4), 8);\n    assert_eq!(candidate(6), 32);\n    assert_eq!(candidate(2), 2);\n}\n",
      "timestamp": 1665510137,
      "stdout": "",
      "stderr": "error[E0425]: cannot find function `binomial_coeff` in this scope\n --> /tmp/tmpbrzqcbrn.rs:6:20\n  |\n6 |             sum += binomial_coeff(n, i);\n  |                    ^^^^^^^^^^^^^^ not found in this scope\n\nerror: aborting due to previous error\n\nFor more information about this error, try `rustc --explain E0425`.\n",
      "exit_code": 1,
      "status": "SyntaxError"
    },
    {
      "program": "/// Write a python function that takes in a positive integer n and finds the sum of even index binomial coefficients.\nfn even_binomial_Coeff_Sum(n: isize) -> isize {\n    let mut sum = 0;\n    for i in 0..n {\n        if i % 2 == 0 {\n            sum += binomial_Coeff(n, i);\n        }\n    }\n    sum\n}\n\nfn main() {\n    let candidate = even_binomial_Coeff_Sum;\n    assert_eq!(candidate(4), 8);\n    assert_eq!(candidate(6), 32);\n    assert_eq!(candidate(2), 2);\n}\n",
      "timestamp": 1665510137,
      "stdout": "",
      "stderr": "error[E0425]: cannot find function `binomial_Coeff` in this scope\n --> /tmp/tmp1e7ioios.rs:6:20\n  |\n6 |             sum += binomial_Coeff(n, i);\n  |                    ^^^^^^^^^^^^^^ not found in this scope\n\nerror: aborting due to previous error\n\nFor more information about this error, try `rustc --explain E0425`.\n",
      "exit_code": 1,
      "status": "SyntaxError"
    },
    {
      "program": "/// Write a python function that takes in a positive integer n and finds the sum of even index binomial coefficients.\nfn even_binomial_Coeff_Sum(n: isize) -> isize {\n    let mut sum = 0;\n    for i in 0..n+1 {\n        if i % 2 == 0 {\n            sum += binomial_Coeff(n, i);\n        }\n    }\n    sum\n}\n\nfn main() {\n    let candidate = even_binomial_Coeff_Sum;\n    assert_eq!(candidate(4), 8);\n    assert_eq!(candidate(6), 32);\n    assert_eq!(candidate(2), 2);\n}\n",
      "timestamp": 1665510137,
      "stdout": "",
      "stderr": "error[E0425]: cannot find function `binomial_Coeff` in this scope\n --> /tmp/tmpr49z6bn3.rs:6:20\n  |\n6 |             sum += binomial_Coeff(n, i);\n  |                    ^^^^^^^^^^^^^^ not found in this scope\n\nerror: aborting due to previous error\n\nFor more information about this error, try `rustc --explain E0425`.\n",
      "exit_code": 1,
      "status": "SyntaxError"
    },
    {
      "program": "/// Write a python function that takes in a positive integer n and finds the sum of even index binomial coefficients.\nfn even_binomial_Coeff_Sum(n: isize) -> isize {\n    let mut sum = 0;\n    for i in 0..n {\n        if i % 2 == 0 {\n            sum += binomial_Coeff(n, i);\n        }\n    }\n    sum\n}\n\nfn main() {\n    let candidate = even_binomial_Coeff_Sum;\n    assert_eq!(candidate(4), 8);\n    assert_eq!(candidate(6), 32);\n    assert_eq!(candidate(2), 2);\n}\n",
      "timestamp": 1665510137,
      "stdout": "",
      "stderr": "error[E0425]: cannot find function `binomial_Coeff` in this scope\n --> /tmp/tmp1e7ioios.rs:6:20\n  |\n6 |             sum += binomial_Coeff(n, i);\n  |                    ^^^^^^^^^^^^^^ not found in this scope\n\nerror: aborting due to previous error\n\nFor more information about this error, try `rustc --explain E0425`.\n",
      "exit_code": 1,
      "status": "SyntaxError"
    },
    {
      "program": "/// Write a python function that takes in a positive integer n and finds the sum of even index binomial coefficients.\nfn even_binomial_Coeff_Sum(n: isize) -> isize {\n    let mut sum = 0;\n    for i in 0..n+1 {\n        if i % 2 == 0 {\n            sum += binomial_coeff(n, i);\n        }\n    }\n    return sum;\n}\n\nfn main() {\n    let candidate = even_binomial_Coeff_Sum;\n    assert_eq!(candidate(4), 8);\n    assert_eq!(candidate(6), 32);\n    assert_eq!(candidate(2), 2);\n}\n",
      "timestamp": 1666122892,
      "stdout": "",
      "stderr": "error[E0425]: cannot find function `binomial_coeff` in this scope\n --> /tmp/tmpxn4_xpg9.rs:6:20\n  |\n6 |             sum += binomial_coeff(n, i);\n  |                    ^^^^^^^^^^^^^^ not found in this scope\n\nerror: aborting due to previous error\n\nFor more information about this error, try `rustc --explain E0425`.\n",
      "exit_code": 1,
      "status": "SyntaxError"
    },
    {
      "program": "/// Write a python function that takes in a positive integer n and finds the sum of even index binomial coefficients.\nfn even_binomial_Coeff_Sum(n: isize) -> isize {\n    let mut sum = 0;\n    for i in 0..n+1 {\n        if i % 2 == 0 {\n            sum += binomial_coeff(n, i);\n        }\n    }\n    sum\n}\n\nfn main() {\n    let candidate = even_binomial_Coeff_Sum;\n    assert_eq!(candidate(4), 8);\n    assert_eq!(candidate(6), 32);\n    assert_eq!(candidate(2), 2);\n}\n",
      "timestamp": 1665510137,
      "stdout": "",
      "stderr": "error[E0425]: cannot find function `binomial_coeff` in this scope\n --> /tmp/tmpbrzqcbrn.rs:6:20\n  |\n6 |             sum += binomial_coeff(n, i);\n  |                    ^^^^^^^^^^^^^^ not found in this scope\n\nerror: aborting due to previous error\n\nFor more information about this error, try `rustc --explain E0425`.\n",
      "exit_code": 1,
      "status": "SyntaxError"
    },
    {
      "program": "/// Write a python function that takes in a positive integer n and finds the sum of even index binomial coefficients.\nfn even_binomial_Coeff_Sum(n: isize) -> isize {\n    let mut sum = 0;\n    for i in 0..n {\n        if i % 2 == 0 {\n            sum += binomial_coeff(n, i);\n        }\n    }\n    sum\n}\n\nfn main() {\n    let candidate = even_binomial_Coeff_Sum;\n    assert_eq!(candidate(4), 8);\n    assert_eq!(candidate(6), 32);\n    assert_eq!(candidate(2), 2);\n}\n",
      "timestamp": 1665510137,
      "stdout": "",
      "stderr": "error[E0425]: cannot find function `binomial_coeff` in this scope\n --> /tmp/tmpus3kh84x.rs:6:20\n  |\n6 |             sum += binomial_coeff(n, i);\n  |                    ^^^^^^^^^^^^^^ not found in this scope\n\nerror: aborting due to previous error\n\nFor more information about this error, try `rustc --explain E0425`.\n",
      "exit_code": 1,
      "status": "SyntaxError"
    },
    {
      "program": "/// Write a python function that takes in a positive integer n and finds the sum of even index binomial coefficients.\nfn even_binomial_Coeff_Sum(n: isize) -> isize {\n    let mut sum = 0;\n    for i in 0..n+1 {\n        if i % 2 == 0 {\n            sum += binomial_coeff(n, i);\n        }\n    }\n    sum\n}\n\nfn main() {\n    let candidate = even_binomial_Coeff_Sum;\n    assert_eq!(candidate(4), 8);\n    assert_eq!(candidate(6), 32);\n    assert_eq!(candidate(2), 2);\n}\n",
      "timestamp": 1665510137,
      "stdout": "",
      "stderr": "error[E0425]: cannot find function `binomial_coeff` in this scope\n --> /tmp/tmpbrzqcbrn.rs:6:20\n  |\n6 |             sum += binomial_coeff(n, i);\n  |                    ^^^^^^^^^^^^^^ not found in this scope\n\nerror: aborting due to previous error\n\nFor more information about this error, try `rustc --explain E0425`.\n",
      "exit_code": 1,
      "status": "SyntaxError"
    },
    {
      "program": "/// Write a python function that takes in a positive integer n and finds the sum of even index binomial coefficients.\nfn even_binomial_Coeff_Sum(n: isize) -> isize {\n    let mut sum = 0;\n    for i in 0..n + 1 {\n        if i % 2 == 0 {\n            sum += binomial_Coeff(n, i);\n        }\n    }\n    sum\n}\n\nfn main() {\n    let candidate = even_binomial_Coeff_Sum;\n    assert_eq!(candidate(4), 8);\n    assert_eq!(candidate(6), 32);\n    assert_eq!(candidate(2), 2);\n}\n",
      "timestamp": 1665510137,
      "stdout": "",
      "stderr": "error[E0425]: cannot find function `binomial_Coeff` in this scope\n --> /tmp/tmp_jc78j4s.rs:6:20\n  |\n6 |             sum += binomial_Coeff(n, i);\n  |                    ^^^^^^^^^^^^^^ not found in this scope\n\nerror: aborting due to previous error\n\nFor more information about this error, try `rustc --explain E0425`.\n",
      "exit_code": 1,
      "status": "SyntaxError"
    },
    {
      "program": "/// Write a python function that takes in a positive integer n and finds the sum of even index binomial coefficients.\nfn even_binomial_Coeff_Sum(n: isize) -> isize {\n    let mut sum = 0;\n    for i in 0..n {\n        if i % 2 == 0 {\n            sum += binomial_Coeff(n, i);\n        }\n    }\n    sum\n}\n\nfn main() {\n    let candidate = even_binomial_Coeff_Sum;\n    assert_eq!(candidate(4), 8);\n    assert_eq!(candidate(6), 32);\n    assert_eq!(candidate(2), 2);\n}\n",
      "timestamp": 1665510137,
      "stdout": "",
      "stderr": "error[E0425]: cannot find function `binomial_Coeff` in this scope\n --> /tmp/tmp1e7ioios.rs:6:20\n  |\n6 |             sum += binomial_Coeff(n, i);\n  |                    ^^^^^^^^^^^^^^ not found in this scope\n\nerror: aborting due to previous error\n\nFor more information about this error, try `rustc --explain E0425`.\n",
      "exit_code": 1,
      "status": "SyntaxError"
    },
    {
      "program": "/// Write a python function that takes in a positive integer n and finds the sum of even index binomial coefficients.\nfn even_binomial_Coeff_Sum(n: isize) -> isize {\n    let mut sum = 0;\n    for i in 0..n {\n        if i % 2 == 0 {\n            sum += binomial_coeff(n, i);\n        }\n    }\n    sum\n}\n\nfn main() {\n    let candidate = even_binomial_Coeff_Sum;\n    assert_eq!(candidate(4), 8);\n    assert_eq!(candidate(6), 32);\n    assert_eq!(candidate(2), 2);\n}\n",
      "timestamp": 1665510137,
      "stdout": "",
      "stderr": "error[E0425]: cannot find function `binomial_coeff` in this scope\n --> /tmp/tmpus3kh84x.rs:6:20\n  |\n6 |             sum += binomial_coeff(n, i);\n  |                    ^^^^^^^^^^^^^^ not found in this scope\n\nerror: aborting due to previous error\n\nFor more information about this error, try `rustc --explain E0425`.\n",
      "exit_code": 1,
      "status": "SyntaxError"
    },
    {
      "program": "/// Write a python function that takes in a positive integer n and finds the sum of even index binomial coefficients.\nfn even_binomial_Coeff_Sum(n: isize) -> isize {\n    let mut sum = 0;\n    for i in 0..n + 1 {\n        if i % 2 == 0 {\n            sum += binomial_coeff(n, i);\n        }\n    }\n    sum\n}\n\nfn main() {\n    let candidate = even_binomial_Coeff_Sum;\n    assert_eq!(candidate(4), 8);\n    assert_eq!(candidate(6), 32);\n    assert_eq!(candidate(2), 2);\n}\n",
      "timestamp": 1665510137,
      "stdout": "",
      "stderr": "error[E0425]: cannot find function `binomial_coeff` in this scope\n --> /tmp/tmp2z4f29i8.rs:6:20\n  |\n6 |             sum += binomial_coeff(n, i);\n  |                    ^^^^^^^^^^^^^^ not found in this scope\n\nerror: aborting due to previous error\n\nFor more information about this error, try `rustc --explain E0425`.\n",
      "exit_code": 1,
      "status": "SyntaxError"
    },
    {
      "program": "/// Write a python function that takes in a positive integer n and finds the sum of even index binomial coefficients.\nfn even_binomial_Coeff_Sum(n: isize) -> isize {\n    let mut sum = 0;\n    for i in 0..n+1 {\n        if i % 2 == 0 {\n            sum += binomial_coeff(n, i);\n        }\n    }\n    sum\n}\n\nfn main() {\n    let candidate = even_binomial_Coeff_Sum;\n    assert_eq!(candidate(4), 8);\n    assert_eq!(candidate(6), 32);\n    assert_eq!(candidate(2), 2);\n}\n",
      "timestamp": 1665510137,
      "stdout": "",
      "stderr": "error[E0425]: cannot find function `binomial_coeff` in this scope\n --> /tmp/tmpbrzqcbrn.rs:6:20\n  |\n6 |             sum += binomial_coeff(n, i);\n  |                    ^^^^^^^^^^^^^^ not found in this scope\n\nerror: aborting due to previous error\n\nFor more information about this error, try `rustc --explain E0425`.\n",
      "exit_code": 1,
      "status": "SyntaxError"
    },
    {
      "program": "/// Write a python function that takes in a positive integer n and finds the sum of even index binomial coefficients.\nfn even_binomial_Coeff_Sum(n: isize) -> isize {\n    let mut sum: isize = 0;\n    for i in 0..n + 1 {\n        if i % 2 == 0 {\n            sum += binomial_coeff(n, i);\n        }\n    }\n    sum\n}\n\nfn main() {\n    let candidate = even_binomial_Coeff_Sum;\n    assert_eq!(candidate(4), 8);\n    assert_eq!(candidate(6), 32);\n    assert_eq!(candidate(2), 2);\n}\n",
      "timestamp": 1666122892,
      "stdout": "",
      "stderr": "error[E0425]: cannot find function `binomial_coeff` in this scope\n --> /tmp/tmpf0zvaq0b.rs:6:20\n  |\n6 |             sum += binomial_coeff(n, i);\n  |                    ^^^^^^^^^^^^^^ not found in this scope\n\nerror: aborting due to previous error\n\nFor more information about this error, try `rustc --explain E0425`.\n",
      "exit_code": 1,
      "status": "SyntaxError"
    },
    {
      "program": "/// Write a python function that takes in a positive integer n and finds the sum of even index binomial coefficients.\nfn even_binomial_Coeff_Sum(n: isize) -> isize {\n    let mut sum = 0;\n    for i in 0..n + 1 {\n        if i % 2 == 0 {\n            sum += binomial_coeff(n, i);\n        }\n    }\n    return sum;\n}\n\nfn main() {\n    let candidate = even_binomial_Coeff_Sum;\n    assert_eq!(candidate(4), 8);\n    assert_eq!(candidate(6), 32);\n    assert_eq!(candidate(2), 2);\n}\n",
      "timestamp": 1665510137,
      "stdout": "",
      "stderr": "error[E0425]: cannot find function `binomial_coeff` in this scope\n --> /tmp/tmpmf7h128s.rs:6:20\n  |\n6 |             sum += binomial_coeff(n, i);\n  |                    ^^^^^^^^^^^^^^ not found in this scope\n\nerror: aborting due to previous error\n\nFor more information about this error, try `rustc --explain E0425`.\n",
      "exit_code": 1,
      "status": "SyntaxError"
    },
    {
      "program": "/// Write a python function that takes in a positive integer n and finds the sum of even index binomial coefficients.\nfn even_binomial_Coeff_Sum(n: isize) -> isize {\n    let mut sum = 0;\n    for i in 0..n + 1 {\n        if i % 2 == 0 {\n            sum += binomial_Coeff(n, i);\n        }\n    }\n    sum\n}\n\nfn main() {\n    let candidate = even_binomial_Coeff_Sum;\n    assert_eq!(candidate(4), 8);\n    assert_eq!(candidate(6), 32);\n    assert_eq!(candidate(2), 2);\n}\n",
      "timestamp": 1665510137,
      "stdout": "",
      "stderr": "error[E0425]: cannot find function `binomial_Coeff` in this scope\n --> /tmp/tmp_jc78j4s.rs:6:20\n  |\n6 |             sum += binomial_Coeff(n, i);\n  |                    ^^^^^^^^^^^^^^ not found in this scope\n\nerror: aborting due to previous error\n\nFor more information about this error, try `rustc --explain E0425`.\n",
      "exit_code": 1,
      "status": "SyntaxError"
    },
    {
      "program": "/// Write a python function that takes in a positive integer n and finds the sum of even index binomial coefficients.\nfn even_binomial_Coeff_Sum(n: isize) -> isize {\n    let mut sum = 0;\n    for i in 0..n+1 {\n        if i % 2 == 0 {\n            sum += binomial_Coeff(n, i);\n        }\n    }\n    sum\n}\n\nfn main() {\n    let candidate = even_binomial_Coeff_Sum;\n    assert_eq!(candidate(4), 8);\n    assert_eq!(candidate(6), 32);\n    assert_eq!(candidate(2), 2);\n}\n",
      "timestamp": 1665510137,
      "stdout": "",
      "stderr": "error[E0425]: cannot find function `binomial_Coeff` in this scope\n --> /tmp/tmpr49z6bn3.rs:6:20\n  |\n6 |             sum += binomial_Coeff(n, i);\n  |                    ^^^^^^^^^^^^^^ not found in this scope\n\nerror: aborting due to previous error\n\nFor more information about this error, try `rustc --explain E0425`.\n",
      "exit_code": 1,
      "status": "SyntaxError"
    },
    {
      "program": "/// Write a python function that takes in a positive integer n and finds the sum of even index binomial coefficients.\nfn even_binomial_Coeff_Sum(n: isize) -> isize {\n    let mut sum = 0;\n    for i in 0..n+1 {\n        if i % 2 == 0 {\n            sum += binomial_coeff(n, i);\n        }\n    }\n    sum\n}\n\nfn main() {\n    let candidate = even_binomial_Coeff_Sum;\n    assert_eq!(candidate(4), 8);\n    assert_eq!(candidate(6), 32);\n    assert_eq!(candidate(2), 2);\n}\n",
      "timestamp": 1665510137,
      "stdout": "",
      "stderr": "error[E0425]: cannot find function `binomial_coeff` in this scope\n --> /tmp/tmpbrzqcbrn.rs:6:20\n  |\n6 |             sum += binomial_coeff(n, i);\n  |                    ^^^^^^^^^^^^^^ not found in this scope\n\nerror: aborting due to previous error\n\nFor more information about this error, try `rustc --explain E0425`.\n",
      "exit_code": 1,
      "status": "SyntaxError"
    },
    {
      "program": "/// Write a python function that takes in a positive integer n and finds the sum of even index binomial coefficients.\nfn even_binomial_Coeff_Sum(n: isize) -> isize {\n    let mut sum = 0;\n    for i in 0..n+1 {\n        if i % 2 == 0 {\n            sum += binomial_Coeff(n, i);\n        }\n    }\n    sum\n}\n\nfn main() {\n    let candidate = even_binomial_Coeff_Sum;\n    assert_eq!(candidate(4), 8);\n    assert_eq!(candidate(6), 32);\n    assert_eq!(candidate(2), 2);\n}\n",
      "timestamp": 1665510137,
      "stdout": "",
      "stderr": "error[E0425]: cannot find function `binomial_Coeff` in this scope\n --> /tmp/tmpr49z6bn3.rs:6:20\n  |\n6 |             sum += binomial_Coeff(n, i);\n  |                    ^^^^^^^^^^^^^^ not found in this scope\n\nerror: aborting due to previous error\n\nFor more information about this error, try `rustc --explain E0425`.\n",
      "exit_code": 1,
      "status": "SyntaxError"
    },
    {
      "program": "/// Write a python function that takes in a positive integer n and finds the sum of even index binomial coefficients.\nfn even_binomial_Coeff_Sum(n: isize) -> isize {\n    let mut sum = 0;\n    for i in 0..n+1 {\n        if i % 2 == 0 {\n            sum += binomial_Coeff(n, i);\n        }\n    }\n    sum\n}\n\nfn main() {\n    let candidate = even_binomial_Coeff_Sum;\n    assert_eq!(candidate(4), 8);\n    assert_eq!(candidate(6), 32);\n    assert_eq!(candidate(2), 2);\n}\n",
      "timestamp": 1665510137,
      "stdout": "",
      "stderr": "error[E0425]: cannot find function `binomial_Coeff` in this scope\n --> /tmp/tmpr49z6bn3.rs:6:20\n  |\n6 |             sum += binomial_Coeff(n, i);\n  |                    ^^^^^^^^^^^^^^ not found in this scope\n\nerror: aborting due to previous error\n\nFor more information about this error, try `rustc --explain E0425`.\n",
      "exit_code": 1,
      "status": "SyntaxError"
    },
    {
      "program": "/// Write a python function that takes in a positive integer n and finds the sum of even index binomial coefficients.\nfn even_binomial_Coeff_Sum(n: isize) -> isize {\n    let mut sum = 0;\n    for i in 0..n + 1 {\n        if i % 2 == 0 {\n            sum += binomial_Coeff(n, i);\n        }\n    }\n    sum\n}\n\nfn main() {\n    let candidate = even_binomial_Coeff_Sum;\n    assert_eq!(candidate(4), 8);\n    assert_eq!(candidate(6), 32);\n    assert_eq!(candidate(2), 2);\n}\n",
      "timestamp": 1665510137,
      "stdout": "",
      "stderr": "error[E0425]: cannot find function `binomial_Coeff` in this scope\n --> /tmp/tmp_jc78j4s.rs:6:20\n  |\n6 |             sum += binomial_Coeff(n, i);\n  |                    ^^^^^^^^^^^^^^ not found in this scope\n\nerror: aborting due to previous error\n\nFor more information about this error, try `rustc --explain E0425`.\n",
      "exit_code": 1,
      "status": "SyntaxError"
    },
    {
      "program": "/// Write a python function that takes in a positive integer n and finds the sum of even index binomial coefficients.\nfn even_binomial_Coeff_Sum(n: isize) -> isize {\n    let mut sum = 0;\n    for i in 0..n + 1 {\n        if i % 2 == 0 {\n            sum += binomial_coeff(n, i);\n        }\n    }\n    sum\n}\n\nfn main() {\n    let candidate = even_binomial_Coeff_Sum;\n    assert_eq!(candidate(4), 8);\n    assert_eq!(candidate(6), 32);\n    assert_eq!(candidate(2), 2);\n}\n",
      "timestamp": 1665510137,
      "stdout": "",
      "stderr": "error[E0425]: cannot find function `binomial_coeff` in this scope\n --> /tmp/tmp2z4f29i8.rs:6:20\n  |\n6 |             sum += binomial_coeff(n, i);\n  |                    ^^^^^^^^^^^^^^ not found in this scope\n\nerror: aborting due to previous error\n\nFor more information about this error, try `rustc --explain E0425`.\n",
      "exit_code": 1,
      "status": "SyntaxError"
    },
    {
      "program": "/// Write a python function that takes in a positive integer n and finds the sum of even index binomial coefficients.\nfn even_binomial_Coeff_Sum(n: isize) -> isize {\n    let mut sum = 0;\n    for i in 0..n + 1 {\n        if i % 2 == 0 {\n            sum += binomial_coeff(n, i);\n        }\n    }\n    sum\n}\n\nfn main() {\n    let candidate = even_binomial_Coeff_Sum;\n    assert_eq!(candidate(4), 8);\n    assert_eq!(candidate(6), 32);\n    assert_eq!(candidate(2), 2);\n}\n",
      "timestamp": 1665510137,
      "stdout": "",
      "stderr": "error[E0425]: cannot find function `binomial_coeff` in this scope\n --> /tmp/tmp2z4f29i8.rs:6:20\n  |\n6 |             sum += binomial_coeff(n, i);\n  |                    ^^^^^^^^^^^^^^ not found in this scope\n\nerror: aborting due to previous error\n\nFor more information about this error, try `rustc --explain E0425`.\n",
      "exit_code": 1,
      "status": "SyntaxError"
    },
    {
      "program": "/// Write a python function that takes in a positive integer n and finds the sum of even index binomial coefficients.\nfn even_binomial_Coeff_Sum(n: isize) -> isize {\n    let mut sum: isize = 0;\n    for i in 0..n + 1 {\n        if i % 2 == 0 {\n            sum += binomial_coeff(n, i);\n        }\n    }\n    sum\n}\n\nfn main() {\n    let candidate = even_binomial_Coeff_Sum;\n    assert_eq!(candidate(4), 8);\n    assert_eq!(candidate(6), 32);\n    assert_eq!(candidate(2), 2);\n}\n",
      "timestamp": 1666122892,
      "stdout": "",
      "stderr": "error[E0425]: cannot find function `binomial_coeff` in this scope\n --> /tmp/tmpf0zvaq0b.rs:6:20\n  |\n6 |             sum += binomial_coeff(n, i);\n  |                    ^^^^^^^^^^^^^^ not found in this scope\n\nerror: aborting due to previous error\n\nFor more information about this error, try `rustc --explain E0425`.\n",
      "exit_code": 1,
      "status": "SyntaxError"
    },
    {
      "program": "/// Write a python function that takes in a positive integer n and finds the sum of even index binomial coefficients.\nfn even_binomial_Coeff_Sum(n: isize) -> isize {\n    let mut sum = 0;\n    for i in 0..n+1 {\n        if i % 2 == 0 {\n            sum += binomial_Coeff(n, i);\n        }\n    }\n    sum\n}\n\nfn main() {\n    let candidate = even_binomial_Coeff_Sum;\n    assert_eq!(candidate(4), 8);\n    assert_eq!(candidate(6), 32);\n    assert_eq!(candidate(2), 2);\n}\n",
      "timestamp": 1665510137,
      "stdout": "",
      "stderr": "error[E0425]: cannot find function `binomial_Coeff` in this scope\n --> /tmp/tmpr49z6bn3.rs:6:20\n  |\n6 |             sum += binomial_Coeff(n, i);\n  |                    ^^^^^^^^^^^^^^ not found in this scope\n\nerror: aborting due to previous error\n\nFor more information about this error, try `rustc --explain E0425`.\n",
      "exit_code": 1,
      "status": "SyntaxError"
    },
    {
      "program": "/// Write a python function that takes in a positive integer n and finds the sum of even index binomial coefficients.\nfn even_binomial_Coeff_Sum(n: isize) -> isize {\n    let mut sum = 0;\n    for i in 0..n+1 {\n        if i % 2 == 0 {\n            sum += binomial_coeff(n, i);\n        }\n    }\n    sum\n}\n\nfn main() {\n    let candidate = even_binomial_Coeff_Sum;\n    assert_eq!(candidate(4), 8);\n    assert_eq!(candidate(6), 32);\n    assert_eq!(candidate(2), 2);\n}\n",
      "timestamp": 1665510137,
      "stdout": "",
      "stderr": "error[E0425]: cannot find function `binomial_coeff` in this scope\n --> /tmp/tmpbrzqcbrn.rs:6:20\n  |\n6 |             sum += binomial_coeff(n, i);\n  |                    ^^^^^^^^^^^^^^ not found in this scope\n\nerror: aborting due to previous error\n\nFor more information about this error, try `rustc --explain E0425`.\n",
      "exit_code": 1,
      "status": "SyntaxError"
    },
    {
      "program": "/// Write a python function that takes in a positive integer n and finds the sum of even index binomial coefficients.\nfn even_binomial_Coeff_Sum(n: isize) -> isize {\n    let mut sum = 0;\n    for i in 0..n {\n        if i % 2 == 0 {\n            sum += binomial_coeff(n, i);\n        }\n    }\n    sum\n}\n\nfn main() {\n    let candidate = even_binomial_Coeff_Sum;\n    assert_eq!(candidate(4), 8);\n    assert_eq!(candidate(6), 32);\n    assert_eq!(candidate(2), 2);\n}\n",
      "timestamp": 1665510137,
      "stdout": "",
      "stderr": "error[E0425]: cannot find function `binomial_coeff` in this scope\n --> /tmp/tmpus3kh84x.rs:6:20\n  |\n6 |             sum += binomial_coeff(n, i);\n  |                    ^^^^^^^^^^^^^^ not found in this scope\n\nerror: aborting due to previous error\n\nFor more information about this error, try `rustc --explain E0425`.\n",
      "exit_code": 1,
      "status": "SyntaxError"
    },
    {
      "program": "/// Write a python function that takes in a positive integer n and finds the sum of even index binomial coefficients.\nfn even_binomial_Coeff_Sum(n: isize) -> isize {\n    let mut sum: isize = 0;\n    for i in 0..n + 1 {\n        if i % 2 == 0 {\n            sum += binomial_Coeff(n, i);\n        }\n    }\n    sum\n}\n\nfn main() {\n    let candidate = even_binomial_Coeff_Sum;\n    assert_eq!(candidate(4), 8);\n    assert_eq!(candidate(6), 32);\n    assert_eq!(candidate(2), 2);\n}\n",
      "timestamp": 1666122892,
      "stdout": "",
      "stderr": "error[E0425]: cannot find function `binomial_Coeff` in this scope\n --> /tmp/tmpjyd_8hwk.rs:6:20\n  |\n6 |             sum += binomial_Coeff(n, i);\n  |                    ^^^^^^^^^^^^^^ not found in this scope\n\nerror: aborting due to previous error\n\nFor more information about this error, try `rustc --explain E0425`.\n",
      "exit_code": 1,
      "status": "SyntaxError"
    },
    {
      "program": "/// Write a python function that takes in a positive integer n and finds the sum of even index binomial coefficients.\nfn even_binomial_Coeff_Sum(n: isize) -> isize {\n    let mut sum = 0;\n    for i in 0..n + 1 {\n        if i % 2 == 0 {\n            sum += binomial_Coeff(n, i);\n        }\n    }\n    sum\n}\n\nfn main() {\n    let candidate = even_binomial_Coeff_Sum;\n    assert_eq!(candidate(4), 8);\n    assert_eq!(candidate(6), 32);\n    assert_eq!(candidate(2), 2);\n}\n",
      "timestamp": 1665510137,
      "stdout": "",
      "stderr": "error[E0425]: cannot find function `binomial_Coeff` in this scope\n --> /tmp/tmp_jc78j4s.rs:6:20\n  |\n6 |             sum += binomial_Coeff(n, i);\n  |                    ^^^^^^^^^^^^^^ not found in this scope\n\nerror: aborting due to previous error\n\nFor more information about this error, try `rustc --explain E0425`.\n",
      "exit_code": 1,
      "status": "SyntaxError"
    },
    {
      "program": "/// Write a python function that takes in a positive integer n and finds the sum of even index binomial coefficients.\nfn even_binomial_Coeff_Sum(n: isize) -> isize {\n    let mut sum = 0;\n    for i in 0..n {\n        if i % 2 == 0 {\n            sum += binomial_Coeff(n, i);\n        }\n    }\n    return sum;\n}\n\nfn main() {\n    let candidate = even_binomial_Coeff_Sum;\n    assert_eq!(candidate(4), 8);\n    assert_eq!(candidate(6), 32);\n    assert_eq!(candidate(2), 2);\n}\n",
      "timestamp": 1666122892,
      "stdout": "",
      "stderr": "error[E0425]: cannot find function `binomial_Coeff` in this scope\n --> /tmp/tmp_1fsnp5o.rs:6:20\n  |\n6 |             sum += binomial_Coeff(n, i);\n  |                    ^^^^^^^^^^^^^^ not found in this scope\n\nerror: aborting due to previous error\n\nFor more information about this error, try `rustc --explain E0425`.\n",
      "exit_code": 1,
      "status": "SyntaxError"
    },
    {
      "program": "/// Write a python function that takes in a positive integer n and finds the sum of even index binomial coefficients.\nfn even_binomial_Coeff_Sum(n: isize) -> isize {\n    let mut sum = 0;\n    for i in 0..n+1 {\n        if i % 2 == 0 {\n            sum += binomial_Coeff(n, i);\n        }\n    }\n    sum\n}\n\nfn main() {\n    let candidate = even_binomial_Coeff_Sum;\n    assert_eq!(candidate(4), 8);\n    assert_eq!(candidate(6), 32);\n    assert_eq!(candidate(2), 2);\n}\n",
      "timestamp": 1665510137,
      "stdout": "",
      "stderr": "error[E0425]: cannot find function `binomial_Coeff` in this scope\n --> /tmp/tmpr49z6bn3.rs:6:20\n  |\n6 |             sum += binomial_Coeff(n, i);\n  |                    ^^^^^^^^^^^^^^ not found in this scope\n\nerror: aborting due to previous error\n\nFor more information about this error, try `rustc --explain E0425`.\n",
      "exit_code": 1,
      "status": "SyntaxError"
    },
    {
      "program": "/// Write a python function that takes in a positive integer n and finds the sum of even index binomial coefficients.\nfn even_binomial_Coeff_Sum(n: isize) -> isize {\n    let mut sum = 0;\n    for i in 0..n+1 {\n        if i % 2 == 0 {\n            sum += binomial_coeff(n, i);\n        }\n    }\n    sum\n}\n\nfn main() {\n    let candidate = even_binomial_Coeff_Sum;\n    assert_eq!(candidate(4), 8);\n    assert_eq!(candidate(6), 32);\n    assert_eq!(candidate(2), 2);\n}\n",
      "timestamp": 1665510137,
      "stdout": "",
      "stderr": "error[E0425]: cannot find function `binomial_coeff` in this scope\n --> /tmp/tmpbrzqcbrn.rs:6:20\n  |\n6 |             sum += binomial_coeff(n, i);\n  |                    ^^^^^^^^^^^^^^ not found in this scope\n\nerror: aborting due to previous error\n\nFor more information about this error, try `rustc --explain E0425`.\n",
      "exit_code": 1,
      "status": "SyntaxError"
    },
    {
      "program": "/// Write a python function that takes in a positive integer n and finds the sum of even index binomial coefficients.\nfn even_binomial_Coeff_Sum(n: isize) -> isize {\n    let mut sum = 0;\n    for i in 0..n+1 {\n        if i % 2 == 0 {\n            sum += binomial_coeff(n, i);\n        }\n    }\n    sum\n}\n\nfn main() {\n    let candidate = even_binomial_Coeff_Sum;\n    assert_eq!(candidate(4), 8);\n    assert_eq!(candidate(6), 32);\n    assert_eq!(candidate(2), 2);\n}\n",
      "timestamp": 1665510137,
      "stdout": "",
      "stderr": "error[E0425]: cannot find function `binomial_coeff` in this scope\n --> /tmp/tmpbrzqcbrn.rs:6:20\n  |\n6 |             sum += binomial_coeff(n, i);\n  |                    ^^^^^^^^^^^^^^ not found in this scope\n\nerror: aborting due to previous error\n\nFor more information about this error, try `rustc --explain E0425`.\n",
      "exit_code": 1,
      "status": "SyntaxError"
    },
    {
      "program": "/// Write a python function that takes in a positive integer n and finds the sum of even index binomial coefficients.\nfn even_binomial_Coeff_Sum(n: isize) -> isize {\n    let mut sum = 0;\n    for i in 0..n + 1 {\n        if i % 2 == 0 {\n            sum += binomial_Coeff(n, i);\n        }\n    }\n    sum\n}\n\nfn main() {\n    let candidate = even_binomial_Coeff_Sum;\n    assert_eq!(candidate(4), 8);\n    assert_eq!(candidate(6), 32);\n    assert_eq!(candidate(2), 2);\n}\n",
      "timestamp": 1665510137,
      "stdout": "",
      "stderr": "error[E0425]: cannot find function `binomial_Coeff` in this scope\n --> /tmp/tmp_jc78j4s.rs:6:20\n  |\n6 |             sum += binomial_Coeff(n, i);\n  |                    ^^^^^^^^^^^^^^ not found in this scope\n\nerror: aborting due to previous error\n\nFor more information about this error, try `rustc --explain E0425`.\n",
      "exit_code": 1,
      "status": "SyntaxError"
    },
    {
      "program": "/// Write a python function that takes in a positive integer n and finds the sum of even index binomial coefficients.\nfn even_binomial_Coeff_Sum(n: isize) -> isize {\n    let mut sum = 0;\n    for i in 0..n+1 {\n        if i % 2 == 0 {\n            sum += binomial_Coeff(n, i);\n        }\n    }\n    sum\n}\n\nfn main() {\n    let candidate = even_binomial_Coeff_Sum;\n    assert_eq!(candidate(4), 8);\n    assert_eq!(candidate(6), 32);\n    assert_eq!(candidate(2), 2);\n}\n",
      "timestamp": 1665510137,
      "stdout": "",
      "stderr": "error[E0425]: cannot find function `binomial_Coeff` in this scope\n --> /tmp/tmpr49z6bn3.rs:6:20\n  |\n6 |             sum += binomial_Coeff(n, i);\n  |                    ^^^^^^^^^^^^^^ not found in this scope\n\nerror: aborting due to previous error\n\nFor more information about this error, try `rustc --explain E0425`.\n",
      "exit_code": 1,
      "status": "SyntaxError"
    },
    {
      "program": "/// Write a python function that takes in a positive integer n and finds the sum of even index binomial coefficients.\nfn even_binomial_Coeff_Sum(n: isize) -> isize {\n    let mut sum = 0;\n    for i in 0..n+1 {\n        if i % 2 == 0 {\n            sum += binomial_Coeff(n, i);\n        }\n    }\n    sum\n}\n\nfn main() {\n    let candidate = even_binomial_Coeff_Sum;\n    assert_eq!(candidate(4), 8);\n    assert_eq!(candidate(6), 32);\n    assert_eq!(candidate(2), 2);\n}\n",
      "timestamp": 1665510137,
      "stdout": "",
      "stderr": "error[E0425]: cannot find function `binomial_Coeff` in this scope\n --> /tmp/tmpr49z6bn3.rs:6:20\n  |\n6 |             sum += binomial_Coeff(n, i);\n  |                    ^^^^^^^^^^^^^^ not found in this scope\n\nerror: aborting due to previous error\n\nFor more information about this error, try `rustc --explain E0425`.\n",
      "exit_code": 1,
      "status": "SyntaxError"
    },
    {
      "program": "/// Write a python function that takes in a positive integer n and finds the sum of even index binomial coefficients.\nfn even_binomial_Coeff_Sum(n: isize) -> isize {\n    let mut sum = 0;\n    for i in (0..n).step_by(2) {\n        sum += binomial_Coeff(n, i);\n    }\n    sum\n}\n\nfn main() {\n    let candidate = even_binomial_Coeff_Sum;\n    assert_eq!(candidate(4), 8);\n    assert_eq!(candidate(6), 32);\n    assert_eq!(candidate(2), 2);\n}\n",
      "timestamp": 1666122892,
      "stdout": "",
      "stderr": "error[E0425]: cannot find function `binomial_Coeff` in this scope\n --> /tmp/tmpcju5rttk.rs:5:16\n  |\n5 |         sum += binomial_Coeff(n, i);\n  |                ^^^^^^^^^^^^^^ not found in this scope\n\nerror: aborting due to previous error\n\nFor more information about this error, try `rustc --explain E0425`.\n",
      "exit_code": 1,
      "status": "SyntaxError"
    },
    {
      "program": "/// Write a python function that takes in a positive integer n and finds the sum of even index binomial coefficients.\nfn even_binomial_Coeff_Sum(n: isize) -> isize {\n    let mut sum = 0;\n    for i in 0..n + 1 {\n        if i % 2 == 0 {\n            sum += binomial_coeff(n, i);\n        }\n    }\n    sum\n}\n\nfn main() {\n    let candidate = even_binomial_Coeff_Sum;\n    assert_eq!(candidate(4), 8);\n    assert_eq!(candidate(6), 32);\n    assert_eq!(candidate(2), 2);\n}\n",
      "timestamp": 1665510137,
      "stdout": "",
      "stderr": "error[E0425]: cannot find function `binomial_coeff` in this scope\n --> /tmp/tmp2z4f29i8.rs:6:20\n  |\n6 |             sum += binomial_coeff(n, i);\n  |                    ^^^^^^^^^^^^^^ not found in this scope\n\nerror: aborting due to previous error\n\nFor more information about this error, try `rustc --explain E0425`.\n",
      "exit_code": 1,
      "status": "SyntaxError"
    },
    {
      "program": "/// Write a python function that takes in a positive integer n and finds the sum of even index binomial coefficients.\nfn even_binomial_Coeff_Sum(n: isize) -> isize {\n    let mut sum = 0;\n    for i in 0..n + 1 {\n        if i % 2 == 0 {\n            sum += binomial_Coeff(n, i);\n        }\n    }\n    sum\n}\n\nfn main() {\n    let candidate = even_binomial_Coeff_Sum;\n    assert_eq!(candidate(4), 8);\n    assert_eq!(candidate(6), 32);\n    assert_eq!(candidate(2), 2);\n}\n",
      "timestamp": 1665510137,
      "stdout": "",
      "stderr": "error[E0425]: cannot find function `binomial_Coeff` in this scope\n --> /tmp/tmp_jc78j4s.rs:6:20\n  |\n6 |             sum += binomial_Coeff(n, i);\n  |                    ^^^^^^^^^^^^^^ not found in this scope\n\nerror: aborting due to previous error\n\nFor more information about this error, try `rustc --explain E0425`.\n",
      "exit_code": 1,
      "status": "SyntaxError"
    },
    {
      "program": "/// Write a python function that takes in a positive integer n and finds the sum of even index binomial coefficients.\nfn even_binomial_Coeff_Sum(n: isize) -> isize {\n    let mut sum = 0;\n    for i in 0..n {\n        if i % 2 == 0 {\n            sum += binomial_Coeff(n, i);\n        }\n    }\n    sum\n}\n\nfn main() {\n    let candidate = even_binomial_Coeff_Sum;\n    assert_eq!(candidate(4), 8);\n    assert_eq!(candidate(6), 32);\n    assert_eq!(candidate(2), 2);\n}\n",
      "timestamp": 1665510137,
      "stdout": "",
      "stderr": "error[E0425]: cannot find function `binomial_Coeff` in this scope\n --> /tmp/tmp1e7ioios.rs:6:20\n  |\n6 |             sum += binomial_Coeff(n, i);\n  |                    ^^^^^^^^^^^^^^ not found in this scope\n\nerror: aborting due to previous error\n\nFor more information about this error, try `rustc --explain E0425`.\n",
      "exit_code": 1,
      "status": "SyntaxError"
    },
    {
      "program": "/// Write a python function that takes in a positive integer n and finds the sum of even index binomial coefficients.\nfn even_binomial_Coeff_Sum(n: isize) -> isize {\n    let mut sum = 0;\n    for i in 0..n {\n        if i % 2 == 0 {\n            sum += binomial_Coeff(n, i);\n        }\n    }\n    sum\n}\n\nfn main() {\n    let candidate = even_binomial_Coeff_Sum;\n    assert_eq!(candidate(4), 8);\n    assert_eq!(candidate(6), 32);\n    assert_eq!(candidate(2), 2);\n}\n",
      "timestamp": 1665510137,
      "stdout": "",
      "stderr": "error[E0425]: cannot find function `binomial_Coeff` in this scope\n --> /tmp/tmp1e7ioios.rs:6:20\n  |\n6 |             sum += binomial_Coeff(n, i);\n  |                    ^^^^^^^^^^^^^^ not found in this scope\n\nerror: aborting due to previous error\n\nFor more information about this error, try `rustc --explain E0425`.\n",
      "exit_code": 1,
      "status": "SyntaxError"
    },
    {
      "program": "/// Write a python function that takes in a positive integer n and finds the sum of even index binomial coefficients.\nfn even_binomial_Coeff_Sum(n: isize) -> isize {\n    let mut sum = 0;\n    for i in 0..n+1 {\n        if i % 2 == 0 {\n            sum += binomial_Coeff(n, i);\n        }\n    }\n    sum\n}\n\nfn main() {\n    let candidate = even_binomial_Coeff_Sum;\n    assert_eq!(candidate(4), 8);\n    assert_eq!(candidate(6), 32);\n    assert_eq!(candidate(2), 2);\n}\n",
      "timestamp": 1665510137,
      "stdout": "",
      "stderr": "error[E0425]: cannot find function `binomial_Coeff` in this scope\n --> /tmp/tmpr49z6bn3.rs:6:20\n  |\n6 |             sum += binomial_Coeff(n, i);\n  |                    ^^^^^^^^^^^^^^ not found in this scope\n\nerror: aborting due to previous error\n\nFor more information about this error, try `rustc --explain E0425`.\n",
      "exit_code": 1,
      "status": "SyntaxError"
    },
    {
      "program": "/// Write a python function that takes in a positive integer n and finds the sum of even index binomial coefficients.\nfn even_binomial_Coeff_Sum(n: isize) -> isize {\n    let mut sum = 0;\n    for i in 0..n {\n        if i % 2 == 0 {\n            sum += binomial_coeff(n, i);\n        }\n    }\n    sum\n}\n\nfn main() {\n    let candidate = even_binomial_Coeff_Sum;\n    assert_eq!(candidate(4), 8);\n    assert_eq!(candidate(6), 32);\n    assert_eq!(candidate(2), 2);\n}\n",
      "timestamp": 1665510137,
      "stdout": "",
      "stderr": "error[E0425]: cannot find function `binomial_coeff` in this scope\n --> /tmp/tmpus3kh84x.rs:6:20\n  |\n6 |             sum += binomial_coeff(n, i);\n  |                    ^^^^^^^^^^^^^^ not found in this scope\n\nerror: aborting due to previous error\n\nFor more information about this error, try `rustc --explain E0425`.\n",
      "exit_code": 1,
      "status": "SyntaxError"
    },
    {
      "program": "/// Write a python function that takes in a positive integer n and finds the sum of even index binomial coefficients.\nfn even_binomial_Coeff_Sum(n: isize) -> isize {\n    let mut sum = 0;\n    for i in 0..n+1 {\n        if i % 2 == 0 {\n            sum += binomial_Coeff(n, i);\n        }\n    }\n    sum\n}\n\nfn main() {\n    let candidate = even_binomial_Coeff_Sum;\n    assert_eq!(candidate(4), 8);\n    assert_eq!(candidate(6), 32);\n    assert_eq!(candidate(2), 2);\n}\n",
      "timestamp": 1665510137,
      "stdout": "",
      "stderr": "error[E0425]: cannot find function `binomial_Coeff` in this scope\n --> /tmp/tmpr49z6bn3.rs:6:20\n  |\n6 |             sum += binomial_Coeff(n, i);\n  |                    ^^^^^^^^^^^^^^ not found in this scope\n\nerror: aborting due to previous error\n\nFor more information about this error, try `rustc --explain E0425`.\n",
      "exit_code": 1,
      "status": "SyntaxError"
    },
    {
      "program": "/// Write a python function that takes in a positive integer n and finds the sum of even index binomial coefficients.\nfn even_binomial_Coeff_Sum(n: isize) -> isize {\n    let mut sum = 0;\n    for i in 0..n {\n        if i % 2 == 0 {\n            sum += binomial_Coeff(n, i);\n        }\n    }\n    sum\n}\n\nfn main() {\n    let candidate = even_binomial_Coeff_Sum;\n    assert_eq!(candidate(4), 8);\n    assert_eq!(candidate(6), 32);\n    assert_eq!(candidate(2), 2);\n}\n",
      "timestamp": 1665510137,
      "stdout": "",
      "stderr": "error[E0425]: cannot find function `binomial_Coeff` in this scope\n --> /tmp/tmp1e7ioios.rs:6:20\n  |\n6 |             sum += binomial_Coeff(n, i);\n  |                    ^^^^^^^^^^^^^^ not found in this scope\n\nerror: aborting due to previous error\n\nFor more information about this error, try `rustc --explain E0425`.\n",
      "exit_code": 1,
      "status": "SyntaxError"
    },
    {
      "program": "/// Write a python function that takes in a positive integer n and finds the sum of even index binomial coefficients.\nfn even_binomial_Coeff_Sum(n: isize) -> isize {\n    let mut sum = 0;\n    for i in 0..n + 1 {\n        if i % 2 == 0 {\n            sum += binomial_Coeff(n, i);\n        }\n    }\n    sum\n}\n\nfn main() {\n    let candidate = even_binomial_Coeff_Sum;\n    assert_eq!(candidate(4), 8);\n    assert_eq!(candidate(6), 32);\n    assert_eq!(candidate(2), 2);\n}\n",
      "timestamp": 1665510137,
      "stdout": "",
      "stderr": "error[E0425]: cannot find function `binomial_Coeff` in this scope\n --> /tmp/tmp_jc78j4s.rs:6:20\n  |\n6 |             sum += binomial_Coeff(n, i);\n  |                    ^^^^^^^^^^^^^^ not found in this scope\n\nerror: aborting due to previous error\n\nFor more information about this error, try `rustc --explain E0425`.\n",
      "exit_code": 1,
      "status": "SyntaxError"
    },
    {
      "program": "/// Write a python function that takes in a positive integer n and finds the sum of even index binomial coefficients.\nfn even_binomial_Coeff_Sum(n: isize) -> isize {\n    let mut sum = 0;\n    for i in 0..n {\n        if i % 2 == 0 {\n            sum += binomial_Coeff(n, i);\n        }\n    }\n    sum\n}\n\nfn main() {\n    let candidate = even_binomial_Coeff_Sum;\n    assert_eq!(candidate(4), 8);\n    assert_eq!(candidate(6), 32);\n    assert_eq!(candidate(2), 2);\n}\n",
      "timestamp": 1665510137,
      "stdout": "",
      "stderr": "error[E0425]: cannot find function `binomial_Coeff` in this scope\n --> /tmp/tmp1e7ioios.rs:6:20\n  |\n6 |             sum += binomial_Coeff(n, i);\n  |                    ^^^^^^^^^^^^^^ not found in this scope\n\nerror: aborting due to previous error\n\nFor more information about this error, try `rustc --explain E0425`.\n",
      "exit_code": 1,
      "status": "SyntaxError"
    },
    {
      "program": "/// Write a python function that takes in a positive integer n and finds the sum of even index binomial coefficients.\nfn even_binomial_Coeff_Sum(n: isize) -> isize {\n    let mut sum = 0;\n    for i in 0..n+1 {\n        if i % 2 == 0 {\n            sum += binomial_Coeff(n, i);\n        }\n    }\n    return sum;\n}\n\nfn main() {\n    let candidate = even_binomial_Coeff_Sum;\n    assert_eq!(candidate(4), 8);\n    assert_eq!(candidate(6), 32);\n    assert_eq!(candidate(2), 2);\n}\n",
      "timestamp": 1666122892,
      "stdout": "",
      "stderr": "error[E0425]: cannot find function `binomial_Coeff` in this scope\n --> /tmp/tmp_uys8dha.rs:6:20\n  |\n6 |             sum += binomial_Coeff(n, i);\n  |                    ^^^^^^^^^^^^^^ not found in this scope\n\nerror: aborting due to previous error\n\nFor more information about this error, try `rustc --explain E0425`.\n",
      "exit_code": 1,
      "status": "SyntaxError"
    },
    {
      "program": "/// Write a python function that takes in a positive integer n and finds the sum of even index binomial coefficients.\nfn even_binomial_Coeff_Sum(n: isize) -> isize {\n    let mut sum = 0;\n    for i in 0..n + 1 {\n        if i % 2 == 0 {\n            sum += binomial_Coeff(n, i);\n        }\n    }\n    sum\n}\n\nfn main() {\n    let candidate = even_binomial_Coeff_Sum;\n    assert_eq!(candidate(4), 8);\n    assert_eq!(candidate(6), 32);\n    assert_eq!(candidate(2), 2);\n}\n",
      "timestamp": 1665510137,
      "stdout": "",
      "stderr": "error[E0425]: cannot find function `binomial_Coeff` in this scope\n --> /tmp/tmp_jc78j4s.rs:6:20\n  |\n6 |             sum += binomial_Coeff(n, i);\n  |                    ^^^^^^^^^^^^^^ not found in this scope\n\nerror: aborting due to previous error\n\nFor more information about this error, try `rustc --explain E0425`.\n",
      "exit_code": 1,
      "status": "SyntaxError"
    },
    {
      "program": "/// Write a python function that takes in a positive integer n and finds the sum of even index binomial coefficients.\nfn even_binomial_Coeff_Sum(n: isize) -> isize {\n    let mut sum = 0;\n    for i in 0..n+1 {\n        if i % 2 == 0 {\n            sum += binomial_coeff(n, i);\n        }\n    }\n    return sum;\n}\n\nfn main() {\n    let candidate = even_binomial_Coeff_Sum;\n    assert_eq!(candidate(4), 8);\n    assert_eq!(candidate(6), 32);\n    assert_eq!(candidate(2), 2);\n}\n",
      "timestamp": 1666122892,
      "stdout": "",
      "stderr": "error[E0425]: cannot find function `binomial_coeff` in this scope\n --> /tmp/tmpxn4_xpg9.rs:6:20\n  |\n6 |             sum += binomial_coeff(n, i);\n  |                    ^^^^^^^^^^^^^^ not found in this scope\n\nerror: aborting due to previous error\n\nFor more information about this error, try `rustc --explain E0425`.\n",
      "exit_code": 1,
      "status": "SyntaxError"
    },
    {
      "program": "/// Write a python function that takes in a positive integer n and finds the sum of even index binomial coefficients.\nfn even_binomial_Coeff_Sum(n: isize) -> isize {\n    let mut sum = 0;\n    for i in 0..n {\n        if i % 2 == 0 {\n            sum += binomial_Coeff(n, i);\n        }\n    }\n    sum\n}\n\nfn main() {\n    let candidate = even_binomial_Coeff_Sum;\n    assert_eq!(candidate(4), 8);\n    assert_eq!(candidate(6), 32);\n    assert_eq!(candidate(2), 2);\n}\n",
      "timestamp": 1665510137,
      "stdout": "",
      "stderr": "error[E0425]: cannot find function `binomial_Coeff` in this scope\n --> /tmp/tmp1e7ioios.rs:6:20\n  |\n6 |             sum += binomial_Coeff(n, i);\n  |                    ^^^^^^^^^^^^^^ not found in this scope\n\nerror: aborting due to previous error\n\nFor more information about this error, try `rustc --explain E0425`.\n",
      "exit_code": 1,
      "status": "SyntaxError"
    },
    {
      "program": "/// Write a python function that takes in a positive integer n and finds the sum of even index binomial coefficients.\nfn even_binomial_Coeff_Sum(n: isize) -> isize {\n    let mut sum = 0;\n    for i in 0..n {\n        if i % 2 == 0 {\n            sum += binomial_coeff(n, i);\n        }\n    }\n    sum\n}\n\nfn main() {\n    let candidate = even_binomial_Coeff_Sum;\n    assert_eq!(candidate(4), 8);\n    assert_eq!(candidate(6), 32);\n    assert_eq!(candidate(2), 2);\n}\n",
      "timestamp": 1665510137,
      "stdout": "",
      "stderr": "error[E0425]: cannot find function `binomial_coeff` in this scope\n --> /tmp/tmpus3kh84x.rs:6:20\n  |\n6 |             sum += binomial_coeff(n, i);\n  |                    ^^^^^^^^^^^^^^ not found in this scope\n\nerror: aborting due to previous error\n\nFor more information about this error, try `rustc --explain E0425`.\n",
      "exit_code": 1,
      "status": "SyntaxError"
    },
    {
      "program": "/// Write a python function that takes in a positive integer n and finds the sum of even index binomial coefficients.\nfn even_binomial_Coeff_Sum(n: isize) -> isize {\n    let mut sum = 0;\n    for i in 0..n + 1 {\n        if i % 2 == 0 {\n            sum += binomial_coeff(n, i);\n        }\n    }\n    sum\n}\n\nfn main() {\n    let candidate = even_binomial_Coeff_Sum;\n    assert_eq!(candidate(4), 8);\n    assert_eq!(candidate(6), 32);\n    assert_eq!(candidate(2), 2);\n}\n",
      "timestamp": 1665510137,
      "stdout": "",
      "stderr": "error[E0425]: cannot find function `binomial_coeff` in this scope\n --> /tmp/tmp2z4f29i8.rs:6:20\n  |\n6 |             sum += binomial_coeff(n, i);\n  |                    ^^^^^^^^^^^^^^ not found in this scope\n\nerror: aborting due to previous error\n\nFor more information about this error, try `rustc --explain E0425`.\n",
      "exit_code": 1,
      "status": "SyntaxError"
    },
    {
      "program": "/// Write a python function that takes in a positive integer n and finds the sum of even index binomial coefficients.\nfn even_binomial_Coeff_Sum(n: isize) -> isize {\n    let mut sum = 0;\n    for i in 0..n + 1 {\n        if i % 2 == 0 {\n            sum += binomial_Coeff(n, i);\n        }\n    }\n    sum\n}\n\nfn main() {\n    let candidate = even_binomial_Coeff_Sum;\n    assert_eq!(candidate(4), 8);\n    assert_eq!(candidate(6), 32);\n    assert_eq!(candidate(2), 2);\n}\n",
      "timestamp": 1665510137,
      "stdout": "",
      "stderr": "error[E0425]: cannot find function `binomial_Coeff` in this scope\n --> /tmp/tmp_jc78j4s.rs:6:20\n  |\n6 |             sum += binomial_Coeff(n, i);\n  |                    ^^^^^^^^^^^^^^ not found in this scope\n\nerror: aborting due to previous error\n\nFor more information about this error, try `rustc --explain E0425`.\n",
      "exit_code": 1,
      "status": "SyntaxError"
    },
    {
      "program": "/// Write a python function that takes in a positive integer n and finds the sum of even index binomial coefficients.\nfn even_binomial_Coeff_Sum(n: isize) -> isize {\n    let mut sum = 0;\n    for i in 0..n + 1 {\n        if i % 2 == 0 {\n            sum += binomial_coeff(n, i);\n        }\n    }\n    sum\n}\n\nfn main() {\n    let candidate = even_binomial_Coeff_Sum;\n    assert_eq!(candidate(4), 8);\n    assert_eq!(candidate(6), 32);\n    assert_eq!(candidate(2), 2);\n}\n",
      "timestamp": 1665510137,
      "stdout": "",
      "stderr": "error[E0425]: cannot find function `binomial_coeff` in this scope\n --> /tmp/tmp2z4f29i8.rs:6:20\n  |\n6 |             sum += binomial_coeff(n, i);\n  |                    ^^^^^^^^^^^^^^ not found in this scope\n\nerror: aborting due to previous error\n\nFor more information about this error, try `rustc --explain E0425`.\n",
      "exit_code": 1,
      "status": "SyntaxError"
    },
    {
      "program": "/// Write a python function that takes in a positive integer n and finds the sum of even index binomial coefficients.\nfn even_binomial_Coeff_Sum(n: isize) -> isize {\n    let mut sum = 0;\n    for i in 0..n {\n        if i % 2 == 0 {\n            sum += binomial_coeff(n, i);\n        }\n    }\n    sum\n}\n\nfn main() {\n    let candidate = even_binomial_Coeff_Sum;\n    assert_eq!(candidate(4), 8);\n    assert_eq!(candidate(6), 32);\n    assert_eq!(candidate(2), 2);\n}\n",
      "timestamp": 1665510137,
      "stdout": "",
      "stderr": "error[E0425]: cannot find function `binomial_coeff` in this scope\n --> /tmp/tmpus3kh84x.rs:6:20\n  |\n6 |             sum += binomial_coeff(n, i);\n  |                    ^^^^^^^^^^^^^^ not found in this scope\n\nerror: aborting due to previous error\n\nFor more information about this error, try `rustc --explain E0425`.\n",
      "exit_code": 1,
      "status": "SyntaxError"
    },
    {
      "program": "/// Write a python function that takes in a positive integer n and finds the sum of even index binomial coefficients.\nfn even_binomial_Coeff_Sum(n: isize) -> isize {\n    let mut sum = 0;\n    for i in 0..n+1 {\n        if i % 2 == 0 {\n            sum += binomial_coeff(n, i);\n        }\n    }\n    sum\n}\n\nfn main() {\n    let candidate = even_binomial_Coeff_Sum;\n    assert_eq!(candidate(4), 8);\n    assert_eq!(candidate(6), 32);\n    assert_eq!(candidate(2), 2);\n}\n",
      "timestamp": 1665510137,
      "stdout": "",
      "stderr": "error[E0425]: cannot find function `binomial_coeff` in this scope\n --> /tmp/tmpbrzqcbrn.rs:6:20\n  |\n6 |             sum += binomial_coeff(n, i);\n  |                    ^^^^^^^^^^^^^^ not found in this scope\n\nerror: aborting due to previous error\n\nFor more information about this error, try `rustc --explain E0425`.\n",
      "exit_code": 1,
      "status": "SyntaxError"
    },
    {
      "program": "/// Write a python function that takes in a positive integer n and finds the sum of even index binomial coefficients.\nfn even_binomial_Coeff_Sum(n: isize) -> isize {\n    let mut sum = 0;\n    for i in 0..n {\n        if i % 2 == 0 {\n            sum += binomial_coeff(n, i);\n        }\n    }\n    sum\n}\n\nfn main() {\n    let candidate = even_binomial_Coeff_Sum;\n    assert_eq!(candidate(4), 8);\n    assert_eq!(candidate(6), 32);\n    assert_eq!(candidate(2), 2);\n}\n",
      "timestamp": 1665510137,
      "stdout": "",
      "stderr": "error[E0425]: cannot find function `binomial_coeff` in this scope\n --> /tmp/tmpus3kh84x.rs:6:20\n  |\n6 |             sum += binomial_coeff(n, i);\n  |                    ^^^^^^^^^^^^^^ not found in this scope\n\nerror: aborting due to previous error\n\nFor more information about this error, try `rustc --explain E0425`.\n",
      "exit_code": 1,
      "status": "SyntaxError"
    },
    {
      "program": "/// Write a python function that takes in a positive integer n and finds the sum of even index binomial coefficients.\nfn even_binomial_Coeff_Sum(n: isize) -> isize {\n    let mut sum = 0;\n    for i in 0..n {\n        if i % 2 == 0 {\n            sum += binomial_coeff(n, i);\n        }\n    }\n    sum\n}\n\nfn main() {\n    let candidate = even_binomial_Coeff_Sum;\n    assert_eq!(candidate(4), 8);\n    assert_eq!(candidate(6), 32);\n    assert_eq!(candidate(2), 2);\n}\n",
      "timestamp": 1665510137,
      "stdout": "",
      "stderr": "error[E0425]: cannot find function `binomial_coeff` in this scope\n --> /tmp/tmpus3kh84x.rs:6:20\n  |\n6 |             sum += binomial_coeff(n, i);\n  |                    ^^^^^^^^^^^^^^ not found in this scope\n\nerror: aborting due to previous error\n\nFor more information about this error, try `rustc --explain E0425`.\n",
      "exit_code": 1,
      "status": "SyntaxError"
    },
    {
      "program": "/// Write a python function that takes in a positive integer n and finds the sum of even index binomial coefficients.\nfn even_binomial_Coeff_Sum(n: isize) -> isize {\n    let mut sum = 0;\n    for i in 0..n+1 {\n        if i % 2 == 0 {\n            sum += binomial_Coeff(n, i);\n        }\n    }\n    return sum;\n}\n\nfn main() {\n    let candidate = even_binomial_Coeff_Sum;\n    assert_eq!(candidate(4), 8);\n    assert_eq!(candidate(6), 32);\n    assert_eq!(candidate(2), 2);\n}\n",
      "timestamp": 1666122892,
      "stdout": "",
      "stderr": "error[E0425]: cannot find function `binomial_Coeff` in this scope\n --> /tmp/tmp_uys8dha.rs:6:20\n  |\n6 |             sum += binomial_Coeff(n, i);\n  |                    ^^^^^^^^^^^^^^ not found in this scope\n\nerror: aborting due to previous error\n\nFor more information about this error, try `rustc --explain E0425`.\n",
      "exit_code": 1,
      "status": "SyntaxError"
    },
    {
      "program": "/// Write a python function that takes in a positive integer n and finds the sum of even index binomial coefficients.\nfn even_binomial_Coeff_Sum(n: isize) -> isize {\n    let mut sum = 0;\n    for i in 0..n {\n        if i % 2 == 0 {\n            sum += binomial_Coeff(n, i);\n        }\n    }\n    sum\n}\n\nfn main() {\n    let candidate = even_binomial_Coeff_Sum;\n    assert_eq!(candidate(4), 8);\n    assert_eq!(candidate(6), 32);\n    assert_eq!(candidate(2), 2);\n}\n",
      "timestamp": 1665510137,
      "stdout": "",
      "stderr": "error[E0425]: cannot find function `binomial_Coeff` in this scope\n --> /tmp/tmp1e7ioios.rs:6:20\n  |\n6 |             sum += binomial_Coeff(n, i);\n  |                    ^^^^^^^^^^^^^^ not found in this scope\n\nerror: aborting due to previous error\n\nFor more information about this error, try `rustc --explain E0425`.\n",
      "exit_code": 1,
      "status": "SyntaxError"
    }
  ]
}