{
  "name": "mbpp_260_newman_prime",
  "language": "rs",
  "prompt": "/// Write a function to find the nth newman\u2013shanks\u2013williams prime number.\nfn newman_prime(n: isize) -> isize {\n",
  "doctests": "keep",
  "original": "/home/arjun/repos/MultiPL-E/datasets/../datasets/mbpp-typed/mbpp_260_newman_prime.py",
  "prompt_terminology": "verbatim",
  "tests": "}\n\nfn main() {\n    let candidate = newman_prime;\n    assert_eq!(candidate(3), 7);\n    assert_eq!(candidate(4), 17);\n    assert_eq!(candidate(5), 41);\n}\n",
  "stop_tokens": [
    "\n}"
  ],
  "results": [
    {
      "program": "/// Write a function to find the nth newman\u2013shanks\u2013williams prime number.\nfn newman_prime(n: isize) -> isize {\n    let mut primes = vec![2, 3, 5, 7, 11, 13, 17, 19, 23, 29];\n    let mut i = 30;\n    while primes.len() < n as usize {\n        if is_prime(i) {\n            primes.push(i);\n        }\n        i += 1;\n    }\n    primes[n as usize - 1]\n}\n\nfn main() {\n    let candidate = newman_prime;\n    assert_eq!(candidate(3), 7);\n    assert_eq!(candidate(4), 17);\n    assert_eq!(candidate(5), 41);\n}\n",
      "timestamp": 1665510425,
      "stdout": "",
      "stderr": "error[E0425]: cannot find function `is_prime` in this scope\n --> /tmp/tmpjpyfxazq.rs:6:12\n  |\n6 |         if is_prime(i) {\n  |            ^^^^^^^^ not found in this scope\n\nerror: aborting due to previous error\n\nFor more information about this error, try `rustc --explain E0425`.\n",
      "exit_code": 1,
      "status": "SyntaxError"
    },
    {
      "program": "/// Write a function to find the nth newman\u2013shanks\u2013williams prime number.\nfn newman_prime(n: isize) -> isize {\n    let mut p = 1;\n    let mut i = 0;\n    while i < n {\n        p += 2 * p + 1;\n        if is_prime(p) {\n            i += 1;\n        }\n    }\n    p\n}\n\nfn main() {\n    let candidate = newman_prime;\n    assert_eq!(candidate(3), 7);\n    assert_eq!(candidate(4), 17);\n    assert_eq!(candidate(5), 41);\n}\n",
      "timestamp": 1665510425,
      "stdout": "",
      "stderr": "error[E0425]: cannot find function `is_prime` in this scope\n --> /tmp/tmpa7p7rk9a.rs:7:12\n  |\n7 |         if is_prime(p) {\n  |            ^^^^^^^^ not found in this scope\n\nerror: aborting due to previous error\n\nFor more information about this error, try `rustc --explain E0425`.\n",
      "exit_code": 1,
      "status": "SyntaxError"
    },
    {
      "program": "/// Write a function to find the nth newman\u2013shanks\u2013williams prime number.\nfn newman_prime(n: isize) -> isize {\n    let mut p = 1;\n    let mut i = 0;\n    while i < n {\n        p += 2 * (p - 1);\n        if is_prime(p) {\n            i += 1;\n        }\n    }\n    p\n}\n\nfn main() {\n    let candidate = newman_prime;\n    assert_eq!(candidate(3), 7);\n    assert_eq!(candidate(4), 17);\n    assert_eq!(candidate(5), 41);\n}\n",
      "timestamp": 1665510425,
      "stdout": "",
      "stderr": "error[E0425]: cannot find function `is_prime` in this scope\n --> /tmp/tmp24ysx7vz.rs:7:12\n  |\n7 |         if is_prime(p) {\n  |            ^^^^^^^^ not found in this scope\n\nerror: aborting due to previous error\n\nFor more information about this error, try `rustc --explain E0425`.\n",
      "exit_code": 1,
      "status": "SyntaxError"
    },
    {
      "program": "/// Write a function to find the nth newman\u2013shanks\u2013williams prime number.\nfn newman_prime(n: isize) -> isize {\n    let mut primes = vec![2, 3, 5, 7];\n    let mut i = primes.last().unwrap() + 2;\n    while primes.len() < n as usize {\n        if !primes.iter().any(|&p| i % p == 0) {\n            primes.push(i);\n        }\n        i += 2;\n    }\n    primes.last().unwrap().clone()\n}\n\nfn main() {\n    let candidate = newman_prime;\n    assert_eq!(candidate(3), 7);\n    assert_eq!(candidate(4), 17);\n    assert_eq!(candidate(5), 41);\n}\n",
      "timestamp": 1665510426,
      "stdout": "",
      "stderr": "thread 'main' panicked at 'assertion failed: `(left == right)`\n  left: `7`,\n right: `17`', /tmp/tmp_93ag3xv.rs:17:5\nnote: run with `RUST_BACKTRACE=1` environment variable to display a backtrace\n",
      "exit_code": 101,
      "status": "Exception"
    },
    {
      "program": "/// Write a function to find the nth newman\u2013shanks\u2013williams prime number.\nfn newman_prime(n: isize) -> isize {\n    let mut p = 2;\n    let mut i = 0;\n    while i < n {\n        p = next_prime(p);\n        if is_prime(p - 2) {\n            i += 1;\n        }\n    }\n    p\n}\n\nfn main() {\n    let candidate = newman_prime;\n    assert_eq!(candidate(3), 7);\n    assert_eq!(candidate(4), 17);\n    assert_eq!(candidate(5), 41);\n}\n",
      "timestamp": 1665510425,
      "stdout": "",
      "stderr": "error[E0425]: cannot find function `next_prime` in this scope\n --> /tmp/tmpknlvyz9l.rs:6:13\n  |\n6 |         p = next_prime(p);\n  |             ^^^^^^^^^^ not found in this scope\n\nerror[E0425]: cannot find function `is_prime` in this scope\n --> /tmp/tmpknlvyz9l.rs:7:12\n  |\n7 |         if is_prime(p - 2) {\n  |            ^^^^^^^^ not found in this scope\n\nerror: aborting due to 2 previous errors\n\nFor more information about this error, try `rustc --explain E0425`.\n",
      "exit_code": 1,
      "status": "SyntaxError"
    },
    {
      "program": "/// Write a function to find the nth newman\u2013shanks\u2013williams prime number.\nfn newman_prime(n: isize) -> isize {\n    let mut primes = vec![2, 3, 5, 7, 11, 13, 17, 19, 23, 29, 31, 37, 41, 43, 47, 53, 59, 61, 67, 71, 73, 79, 83, 89, 97, 101, 103, 107, 109, 113, 127, 131, 137, 139, 149, 151, 157, 163, 167, 173, 179, 181, 191, 193, 197, 199, 211, 223, 227, 229, 233, 239, 241, 251, 257, 263, 269, 271, 277, 281, 283, 293, 307, 311, 313, 317, 331, 337, 347, 349, 353, 359, 367, 373, 379, 383, 389, 397, 401, 409, 419, 421, 431, 433, 439, 443, 449, 457, 461, 463, 467, 479, 487, 491, 499, 503, 509, 521, 523, 541, 547, 557, 563, 569, 571, 577, 587, 593, 599, 601, 607, 613, 617, 619, 631, 641, 643, 647, 653, 659, 661, 673, 677, 683, 691, 701, 709, 719, 727, 733, 739, 743, 751, 757, 761, 769, 773, 787, 797, 809, 811, 821, 823, 827, 829, 839, 853, 857, 859, 863, 877, 881, 883, 887, 907, 911, 919, 929, 937, 941, 947, 953, 967, 971, 977, 983, 991, 997, 1009, 1013, 1019, 1021, 1031, 1033, 1039, 1049, 1051, 1061, 1063, 1069, 1087, 1091, 1093, 1097, 1103, 1109, 1117, 1123, 1129, 1151, 1153, 1163, 1171, 1181, 1187, 1193, 1201,\n}\n\nfn main() {\n    let candidate = newman_prime;\n    assert_eq!(candidate(3), 7);\n    assert_eq!(candidate(4), 17);\n    assert_eq!(candidate(5), 41);\n}\n",
      "timestamp": 1665510425,
      "stdout": "",
      "stderr": "error: expected one of `.`, `;`, `?`, `else`, or an operator, found `}`\n --> /tmp/tmpgyhlu5rw.rs:4:1\n  |\n4 | }\n  | ^ expected one of `.`, `;`, `?`, `else`, or an operator\n\nerror: mismatched closing delimiter: `}`\n --> /tmp/tmpgyhlu5rw.rs:3:26\n  |\n2 | fn newman_prime(n: isize) -> isize {\n  |                                    - closing delimiter possibly meant for this\n3 |     let mut primes = vec![2, 3, 5, 7, 11, 13, 17, 19, 23, 29, 31, 37, 41, 43, 47, 53, 59, 61, 67, 71, 73, 79, 83, 89, 97, 101, 103, 107, ...\n  |                          ^ unclosed delimiter\n4 | }\n  | ^ mismatched closing delimiter\n\nerror: aborting due to 2 previous errors\n\n",
      "exit_code": 1,
      "status": "SyntaxError"
    },
    {
      "program": "/// Write a function to find the nth newman\u2013shanks\u2013williams prime number.\nfn newman_prime(n: isize) -> isize {\n    let mut p = 3;\n    let mut i = 1;\n    while i < n {\n        p = next_prime(p);\n        if (p - 1) % 4 == 0 {\n            i += 1;\n        }\n    }\n    p\n}\n\nfn main() {\n    let candidate = newman_prime;\n    assert_eq!(candidate(3), 7);\n    assert_eq!(candidate(4), 17);\n    assert_eq!(candidate(5), 41);\n}\n",
      "timestamp": 1665510425,
      "stdout": "",
      "stderr": "error[E0425]: cannot find function `next_prime` in this scope\n --> /tmp/tmpm9f8_h3a.rs:6:13\n  |\n6 |         p = next_prime(p);\n  |             ^^^^^^^^^^ not found in this scope\n\nerror: aborting due to previous error\n\nFor more information about this error, try `rustc --explain E0425`.\n",
      "exit_code": 1,
      "status": "SyntaxError"
    },
    {
      "program": "/// Write a function to find the nth newman\u2013shanks\u2013williams prime number.\nfn newman_prime(n: isize) -> isize {\n    let mut p = 3;\n    let mut i = 1;\n    while i < n {\n        p = next_prime(p);\n        if (p - 1) % 4 == 0 {\n            i += 1;\n        }\n    }\n    p\n}\n\nfn main() {\n    let candidate = newman_prime;\n    assert_eq!(candidate(3), 7);\n    assert_eq!(candidate(4), 17);\n    assert_eq!(candidate(5), 41);\n}\n",
      "timestamp": 1665510425,
      "stdout": "",
      "stderr": "error[E0425]: cannot find function `next_prime` in this scope\n --> /tmp/tmpm9f8_h3a.rs:6:13\n  |\n6 |         p = next_prime(p);\n  |             ^^^^^^^^^^ not found in this scope\n\nerror: aborting due to previous error\n\nFor more information about this error, try `rustc --explain E0425`.\n",
      "exit_code": 1,
      "status": "SyntaxError"
    },
    {
      "program": "/// Write a function to find the nth newman\u2013shanks\u2013williams prime number.\nfn newman_prime(n: isize) -> isize {\n    let mut primes = vec![2, 3, 5, 7, 11, 13, 17, 19, 23, 29, 31, 37, 41, 43, 47, 53, 59, 61, 67, 71, 73, 79, 83, 89, 97, 101, 103, 107, 109, 113, 127, 131, 137, 139, 149, 151, 157, 163, 167, 173, 179, 181, 191, 193, 197, 199, 211, 223, 227, 229, 233, 239, 241, 251, 257, 263, 269, 271, 277, 281, 283, 293, 307, 311, 313, 317, 331, 337, 347, 349, 353, 359, 367, 373, 379, 383, 389, 397, 401, 409, 419, 421, 431, 433, 439, 443, 449, 457, 461, 463, 467, 479, 487, 491, 499, 503, 509, 521, 523, 541, 547, 557, 563, 569, 571, 577, 587, 593, 599, 601, 607, 613, 617, 619, 631, 641, 643, 647, 653, 659, 661, 673, 677, 683, 691, 701, 709, 719, 727, 733, 739, 743, 751, 757, 761, 769, 773, 787, 797, 809, 811, 821, 823, 827, 829, 839, 853, 857, 859, 863, 877, 881, 883, 887, 907, 911, 919, 929, 937, 941, 947, 953, 967, 971, 977, 983, 991, 997, 1009, 1013, 1019, 1021, 1031, 1033, 1039, 1049, 1051, 1061, 1063, 1069, 1087, 1091, 1093, 1097, 1103, 1109, 1117, 1123, 1129, 1151, 1153, 1163, 1171, 1181, 1187, 1193, 1201,\n}\n\nfn main() {\n    let candidate = newman_prime;\n    assert_eq!(candidate(3), 7);\n    assert_eq!(candidate(4), 17);\n    assert_eq!(candidate(5), 41);\n}\n",
      "timestamp": 1665510425,
      "stdout": "",
      "stderr": "error: expected one of `.`, `;`, `?`, `else`, or an operator, found `}`\n --> /tmp/tmpgyhlu5rw.rs:4:1\n  |\n4 | }\n  | ^ expected one of `.`, `;`, `?`, `else`, or an operator\n\nerror: mismatched closing delimiter: `}`\n --> /tmp/tmpgyhlu5rw.rs:3:26\n  |\n2 | fn newman_prime(n: isize) -> isize {\n  |                                    - closing delimiter possibly meant for this\n3 |     let mut primes = vec![2, 3, 5, 7, 11, 13, 17, 19, 23, 29, 31, 37, 41, 43, 47, 53, 59, 61, 67, 71, 73, 79, 83, 89, 97, 101, 103, 107, ...\n  |                          ^ unclosed delimiter\n4 | }\n  | ^ mismatched closing delimiter\n\nerror: aborting due to 2 previous errors\n\n",
      "exit_code": 1,
      "status": "SyntaxError"
    },
    {
      "program": "/// Write a function to find the nth newman\u2013shanks\u2013williams prime number.\nfn newman_prime(n: isize) -> isize {\n    let mut primes = vec![2, 3, 5, 7, 11, 13, 17, 19, 23, 29, 31, 37, 41, 43, 47, 53, 59, 61, 67, 71, 73, 79, 83, 89, 97, 101, 103, 107, 109, 113, 127, 131, 137, 139, 149, 151, 157, 163, 167, 173, 179, 181, 191, 193, 197, 199, 211, 223, 227, 229, 233, 239, 241, 251, 257, 263, 269, 271, 277, 281, 283, 293, 307, 311, 313, 317, 331, 337, 347, 349, 353, 359, 367, 373, 379, 383, 389, 397, 401, 409, 419, 421, 431, 433, 439, 443, 449, 457, 461, 463, 467, 479, 487, 491, 499, 503, 509, 521, 523, 541, 547, 557, 563, 569, 571, 577, 587, 593, 599, 601, 607, 613, 617, 619, 631, 641, 643, 647, 653, 659, 661, 673, 677, 683, 691, 701, 709, 719, 727, 733, 739, 743, 751, 757, 761, 769, 773, 787, 797, 809, 811, 821, 823, 827, 829, 839, 853, 857, 859, 863, 877, 881, 883, 887, 907, 911, 919, 929, 937, 941, 947, 953, 967, 971, 977, 983, 991, 997, 1009, 1013, 1019, 1021, 1031, 1033, 1039, 1049, 1051, 1061, 1063, 1069, 1087, 1091, 1093, 1097, 1103, 1109, 1117, 1123, 1129, 1151, 1153, 1163, 1171, 1181, 1187, 1193, 1201,\n}\n\nfn main() {\n    let candidate = newman_prime;\n    assert_eq!(candidate(3), 7);\n    assert_eq!(candidate(4), 17);\n    assert_eq!(candidate(5), 41);\n}\n",
      "timestamp": 1665510425,
      "stdout": "",
      "stderr": "error: expected one of `.`, `;`, `?`, `else`, or an operator, found `}`\n --> /tmp/tmpgyhlu5rw.rs:4:1\n  |\n4 | }\n  | ^ expected one of `.`, `;`, `?`, `else`, or an operator\n\nerror: mismatched closing delimiter: `}`\n --> /tmp/tmpgyhlu5rw.rs:3:26\n  |\n2 | fn newman_prime(n: isize) -> isize {\n  |                                    - closing delimiter possibly meant for this\n3 |     let mut primes = vec![2, 3, 5, 7, 11, 13, 17, 19, 23, 29, 31, 37, 41, 43, 47, 53, 59, 61, 67, 71, 73, 79, 83, 89, 97, 101, 103, 107, ...\n  |                          ^ unclosed delimiter\n4 | }\n  | ^ mismatched closing delimiter\n\nerror: aborting due to 2 previous errors\n\n",
      "exit_code": 1,
      "status": "SyntaxError"
    },
    {
      "program": "/// Write a function to find the nth newman\u2013shanks\u2013williams prime number.\nfn newman_prime(n: isize) -> isize {\n    let mut p = 1;\n    let mut i = 0;\n    while i < n {\n        p += 2 * (p - 1) + 1;\n        if is_prime(p) {\n            i += 1;\n        }\n    }\n    p\n}\n\nfn main() {\n    let candidate = newman_prime;\n    assert_eq!(candidate(3), 7);\n    assert_eq!(candidate(4), 17);\n    assert_eq!(candidate(5), 41);\n}\n",
      "timestamp": 1665510425,
      "stdout": "",
      "stderr": "error[E0425]: cannot find function `is_prime` in this scope\n --> /tmp/tmpbufaunf7.rs:7:12\n  |\n7 |         if is_prime(p) {\n  |            ^^^^^^^^ not found in this scope\n\nerror: aborting due to previous error\n\nFor more information about this error, try `rustc --explain E0425`.\n",
      "exit_code": 1,
      "status": "SyntaxError"
    },
    {
      "program": "/// Write a function to find the nth newman\u2013shanks\u2013williams prime number.\nfn newman_prime(n: isize) -> isize {\n    let mut p = 1;\n    let mut i = 0;\n    while i < n {\n        p += 2 * (p - 1);\n        if is_prime(p) {\n            i += 1;\n        }\n    }\n    p\n}\n\nfn main() {\n    let candidate = newman_prime;\n    assert_eq!(candidate(3), 7);\n    assert_eq!(candidate(4), 17);\n    assert_eq!(candidate(5), 41);\n}\n",
      "timestamp": 1665510425,
      "stdout": "",
      "stderr": "error[E0425]: cannot find function `is_prime` in this scope\n --> /tmp/tmp24ysx7vz.rs:7:12\n  |\n7 |         if is_prime(p) {\n  |            ^^^^^^^^ not found in this scope\n\nerror: aborting due to previous error\n\nFor more information about this error, try `rustc --explain E0425`.\n",
      "exit_code": 1,
      "status": "SyntaxError"
    },
    {
      "program": "/// Write a function to find the nth newman\u2013shanks\u2013williams prime number.\nfn newman_prime(n: isize) -> isize {\n    let mut p = 2;\n    let mut i = 1;\n    while i < n {\n        p = newman_prime_next(p);\n        i += 1;\n    }\n    p\n}\n\nfn main() {\n    let candidate = newman_prime;\n    assert_eq!(candidate(3), 7);\n    assert_eq!(candidate(4), 17);\n    assert_eq!(candidate(5), 41);\n}\n",
      "timestamp": 1665510425,
      "stdout": "",
      "stderr": "error[E0425]: cannot find function `newman_prime_next` in this scope\n --> /tmp/tmpo1r51y8c.rs:6:13\n  |\n6 |         p = newman_prime_next(p);\n  |             ^^^^^^^^^^^^^^^^^ not found in this scope\n\nerror: aborting due to previous error\n\nFor more information about this error, try `rustc --explain E0425`.\n",
      "exit_code": 1,
      "status": "SyntaxError"
    },
    {
      "program": "/// Write a function to find the nth newman\u2013shanks\u2013williams prime number.\nfn newman_prime(n: isize) -> isize {\n    let mut n = n;\n    let mut p = 2;\n    let mut q = 1;\n    while n > 0 {\n        p += 2 * q + 1;\n        q = 2 * q + 1;\n        if is_prime(p) {\n            n -= 1;\n        }\n    }\n    p\n}\n\nfn main() {\n    let candidate = newman_prime;\n    assert_eq!(candidate(3), 7);\n    assert_eq!(candidate(4), 17);\n    assert_eq!(candidate(5), 41);\n}\n",
      "timestamp": 1665510425,
      "stdout": "",
      "stderr": "error[E0425]: cannot find function `is_prime` in this scope\n --> /tmp/tmp02fwwvyr.rs:9:12\n  |\n9 |         if is_prime(p) {\n  |            ^^^^^^^^ not found in this scope\n\nerror: aborting due to previous error\n\nFor more information about this error, try `rustc --explain E0425`.\n",
      "exit_code": 1,
      "status": "SyntaxError"
    },
    {
      "program": "/// Write a function to find the nth newman\u2013shanks\u2013williams prime number.\nfn newman_prime(n: isize) -> isize {\n    let mut p = 1;\n    for _ in 0..n {\n        p = newman_prime_next(p);\n    }\n    p\n}\n\nfn main() {\n    let candidate = newman_prime;\n    assert_eq!(candidate(3), 7);\n    assert_eq!(candidate(4), 17);\n    assert_eq!(candidate(5), 41);\n}\n",
      "timestamp": 1665510425,
      "stdout": "",
      "stderr": "error[E0425]: cannot find function `newman_prime_next` in this scope\n --> /tmp/tmpys2fvsz6.rs:5:13\n  |\n5 |         p = newman_prime_next(p);\n  |             ^^^^^^^^^^^^^^^^^ not found in this scope\n\nerror: aborting due to previous error\n\nFor more information about this error, try `rustc --explain E0425`.\n",
      "exit_code": 1,
      "status": "SyntaxError"
    },
    {
      "program": "/// Write a function to find the nth newman\u2013shanks\u2013williams prime number.\nfn newman_prime(n: isize) -> isize {\n    let mut primes = vec![2, 3, 5, 7, 11, 13];\n    let mut i = primes.len() as isize;\n    let mut p = primes[i as usize - 1];\n    while i < n {\n        p += 2;\n        let mut is_prime = true;\n        for prime in &primes {\n            if p % prime == 0 {\n                is_prime = false;\n                break;\n            }\n        }\n        if is_prime {\n            primes.push(p);\n            i += 1;\n        }\n    }\n    primes[n as usize - 1]\n}\n\nfn main() {\n    let candidate = newman_prime;\n    assert_eq!(candidate(3), 7);\n    assert_eq!(candidate(4), 17);\n    assert_eq!(candidate(5), 41);\n}\n",
      "timestamp": 1665510426,
      "stdout": "",
      "stderr": "thread 'main' panicked at 'assertion failed: `(left == right)`\n  left: `5`,\n right: `7`', /tmp/tmpbzzrgo1t.rs:25:5\nnote: run with `RUST_BACKTRACE=1` environment variable to display a backtrace\n",
      "exit_code": 101,
      "status": "Exception"
    },
    {
      "program": "/// Write a function to find the nth newman\u2013shanks\u2013williams prime number.\nfn newman_prime(n: isize) -> isize {\n    let mut primes = vec![2, 3, 5, 7, 11, 13, 17, 19, 23, 29, 31, 37, 41, 43, 47, 53, 59, 61, 67, 71, 73, 79, 83, 89, 97];\n    let mut i = primes.len() as isize;\n    while i < n {\n        let mut p = primes[(i - 1) as usize];\n        loop {\n            p += 2;\n            let mut is_prime = true;\n            for j in 0..primes.len() {\n                if p % primes[j] == 0 {\n                    is_prime = false;\n                    break;\n                }\n            }\n            if is_prime {\n                primes.push(p);\n                break;\n            }\n        }\n        i += 1;\n    }\n    primes[(n - 1) as usize]\n}\n\nfn main() {\n    let candidate = newman_prime;\n    assert_eq!(candidate(3), 7);\n    assert_eq!(candidate(4), 17);\n    assert_eq!(candidate(5), 41);\n}\n",
      "timestamp": 1665510426,
      "stdout": "",
      "stderr": "thread 'main' panicked at 'assertion failed: `(left == right)`\n  left: `5`,\n right: `7`', /tmp/tmp0087_5l_.rs:28:5\nnote: run with `RUST_BACKTRACE=1` environment variable to display a backtrace\n",
      "exit_code": 101,
      "status": "Exception"
    },
    {
      "program": "/// Write a function to find the nth newman\u2013shanks\u2013williams prime number.\nfn newman_prime(n: isize) -> isize {\n    let mut primes = vec![2, 3, 5, 7, 11, 13, 17, 19, 23, 29, 31, 37, 41, 43, 47, 53, 59, 61, 67, 71, 73, 79, 83, 89, 97];\n    let mut i = primes.last().unwrap() + 2;\n    while primes.len() < n as usize {\n        if primes.iter().all(|&p| i % p != 0) {\n            primes.push(i);\n        }\n        i += 2;\n    }\n    primes[n as usize - 1]\n}\n\nfn main() {\n    let candidate = newman_prime;\n    assert_eq!(candidate(3), 7);\n    assert_eq!(candidate(4), 17);\n    assert_eq!(candidate(5), 41);\n}\n",
      "timestamp": 1665510426,
      "stdout": "",
      "stderr": "thread 'main' panicked at 'assertion failed: `(left == right)`\n  left: `5`,\n right: `7`', /tmp/tmpgzj5sh38.rs:16:5\nnote: run with `RUST_BACKTRACE=1` environment variable to display a backtrace\n",
      "exit_code": 101,
      "status": "Exception"
    },
    {
      "program": "/// Write a function to find the nth newman\u2013shanks\u2013williams prime number.\nfn newman_prime(n: isize) -> isize {\n    let mut p = 1;\n    let mut i = 0;\n    while i < n {\n        p = next_newman_prime(p);\n        i += 1;\n    }\n    p\n}\n\nfn main() {\n    let candidate = newman_prime;\n    assert_eq!(candidate(3), 7);\n    assert_eq!(candidate(4), 17);\n    assert_eq!(candidate(5), 41);\n}\n",
      "timestamp": 1665510425,
      "stdout": "",
      "stderr": "error[E0425]: cannot find function `next_newman_prime` in this scope\n --> /tmp/tmp8ati6z1y.rs:6:13\n  |\n6 |         p = next_newman_prime(p);\n  |             ^^^^^^^^^^^^^^^^^ not found in this scope\n\nerror: aborting due to previous error\n\nFor more information about this error, try `rustc --explain E0425`.\n",
      "exit_code": 1,
      "status": "SyntaxError"
    },
    {
      "program": "/// Write a function to find the nth newman\u2013shanks\u2013williams prime number.\nfn newman_prime(n: isize) -> isize {\n    let mut n = n;\n    let mut p = 2;\n    while n > 0 {\n        p = newman_prime_after(p);\n        n -= 1;\n    }\n    p\n}\n\nfn main() {\n    let candidate = newman_prime;\n    assert_eq!(candidate(3), 7);\n    assert_eq!(candidate(4), 17);\n    assert_eq!(candidate(5), 41);\n}\n",
      "timestamp": 1665510425,
      "stdout": "",
      "stderr": "error[E0425]: cannot find function `newman_prime_after` in this scope\n --> /tmp/tmply9_nrz8.rs:6:13\n  |\n6 |         p = newman_prime_after(p);\n  |             ^^^^^^^^^^^^^^^^^^ not found in this scope\n\nerror: aborting due to previous error\n\nFor more information about this error, try `rustc --explain E0425`.\n",
      "exit_code": 1,
      "status": "SyntaxError"
    },
    {
      "program": "/// Write a function to find the nth newman\u2013shanks\u2013williams prime number.\nfn newman_prime(n: isize) -> isize {\n    let mut p = 1;\n    let mut i = 0;\n    while i < n {\n        p = next_prime(p);\n        let q = next_prime(p);\n        if (p * q - 1) % 24 == 0 {\n            i += 1;\n        }\n    }\n    p\n}\n\nfn main() {\n    let candidate = newman_prime;\n    assert_eq!(candidate(3), 7);\n    assert_eq!(candidate(4), 17);\n    assert_eq!(candidate(5), 41);\n}\n",
      "timestamp": 1666123120,
      "stdout": "",
      "stderr": "error[E0425]: cannot find function `next_prime` in this scope\n --> /tmp/tmplwiy2psi.rs:6:13\n  |\n6 |         p = next_prime(p);\n  |             ^^^^^^^^^^ not found in this scope\n\nerror[E0425]: cannot find function `next_prime` in this scope\n --> /tmp/tmplwiy2psi.rs:7:17\n  |\n7 |         let q = next_prime(p);\n  |                 ^^^^^^^^^^ not found in this scope\n\nerror: aborting due to 2 previous errors\n\nFor more information about this error, try `rustc --explain E0425`.\n",
      "exit_code": 1,
      "status": "SyntaxError"
    },
    {
      "program": "/// Write a function to find the nth newman\u2013shanks\u2013williams prime number.\nfn newman_prime(n: isize) -> isize {\n    let mut p = 1;\n    let mut i = 0;\n    while i < n {\n        p += 2 * (p - 1) + 1;\n        if is_prime(p) {\n            i += 1;\n        }\n    }\n    p\n}\n\nfn main() {\n    let candidate = newman_prime;\n    assert_eq!(candidate(3), 7);\n    assert_eq!(candidate(4), 17);\n    assert_eq!(candidate(5), 41);\n}\n",
      "timestamp": 1665510425,
      "stdout": "",
      "stderr": "error[E0425]: cannot find function `is_prime` in this scope\n --> /tmp/tmpbufaunf7.rs:7:12\n  |\n7 |         if is_prime(p) {\n  |            ^^^^^^^^ not found in this scope\n\nerror: aborting due to previous error\n\nFor more information about this error, try `rustc --explain E0425`.\n",
      "exit_code": 1,
      "status": "SyntaxError"
    },
    {
      "program": "/// Write a function to find the nth newman\u2013shanks\u2013williams prime number.\nfn newman_prime(n: isize) -> isize {\n    let mut primes = vec![2, 3, 5, 7, 11, 13, 17, 19, 23, 29, 31, 37, 41, 43, 47, 53, 59, 61, 67, 71, 73, 79, 83, 89, 97];\n    let mut i = primes.len() as isize;\n    while primes.len() < n as usize {\n        let mut is_prime = true;\n        for j in 0..primes.len() {\n            if i % primes[j] == 0 {\n                is_prime = false;\n                break;\n            }\n        }\n        if is_prime {\n            primes.push(i);\n        }\n        i += 1;\n    }\n    primes[n as usize - 1]\n}\n\nfn main() {\n    let candidate = newman_prime;\n    assert_eq!(candidate(3), 7);\n    assert_eq!(candidate(4), 17);\n    assert_eq!(candidate(5), 41);\n}\n",
      "timestamp": 1666123120,
      "stdout": "",
      "stderr": "thread 'main' panicked at 'assertion failed: `(left == right)`\n  left: `5`,\n right: `7`', /tmp/tmpjdujjcoc.rs:23:5\nnote: run with `RUST_BACKTRACE=1` environment variable to display a backtrace\n",
      "exit_code": 101,
      "status": "Exception"
    },
    {
      "program": "/// Write a function to find the nth newman\u2013shanks\u2013williams prime number.\nfn newman_prime(n: isize) -> isize {\n    let mut primes = vec![2, 3, 5, 7];\n    let mut p = primes[primes.len() - 1] + 2;\n    while primes.len() < n as usize {\n        if primes.iter().all(|&x| p % x != 0) {\n            primes.push(p);\n        }\n        p += 2;\n    }\n    primes[n as usize - 1]\n}\n\nfn main() {\n    let candidate = newman_prime;\n    assert_eq!(candidate(3), 7);\n    assert_eq!(candidate(4), 17);\n    assert_eq!(candidate(5), 41);\n}\n",
      "timestamp": 1666123120,
      "stdout": "",
      "stderr": "thread 'main' panicked at 'assertion failed: `(left == right)`\n  left: `5`,\n right: `7`', /tmp/tmp1dkg2x_8.rs:16:5\nnote: run with `RUST_BACKTRACE=1` environment variable to display a backtrace\n",
      "exit_code": 101,
      "status": "Exception"
    },
    {
      "program": "/// Write a function to find the nth newman\u2013shanks\u2013williams prime number.\nfn newman_prime(n: isize) -> isize {\n    let mut p = 1;\n    for _ in 0..n {\n        p = next_newman_prime(p);\n    }\n    p\n}\n\nfn main() {\n    let candidate = newman_prime;\n    assert_eq!(candidate(3), 7);\n    assert_eq!(candidate(4), 17);\n    assert_eq!(candidate(5), 41);\n}\n",
      "timestamp": 1666123120,
      "stdout": "",
      "stderr": "error[E0425]: cannot find function `next_newman_prime` in this scope\n --> /tmp/tmpbo74ug_e.rs:5:13\n  |\n5 |         p = next_newman_prime(p);\n  |             ^^^^^^^^^^^^^^^^^ not found in this scope\n\nerror: aborting due to previous error\n\nFor more information about this error, try `rustc --explain E0425`.\n",
      "exit_code": 1,
      "status": "SyntaxError"
    },
    {
      "program": "/// Write a function to find the nth newman\u2013shanks\u2013williams prime number.\nfn newman_prime(n: isize) -> isize {\n    let mut p = 1;\n    let mut i = 0;\n    while i < n {\n        p += 2 * (p - 1);\n        if is_prime(p) {\n            i += 1;\n        }\n    }\n    p\n}\n\nfn main() {\n    let candidate = newman_prime;\n    assert_eq!(candidate(3), 7);\n    assert_eq!(candidate(4), 17);\n    assert_eq!(candidate(5), 41);\n}\n",
      "timestamp": 1665510425,
      "stdout": "",
      "stderr": "error[E0425]: cannot find function `is_prime` in this scope\n --> /tmp/tmp24ysx7vz.rs:7:12\n  |\n7 |         if is_prime(p) {\n  |            ^^^^^^^^ not found in this scope\n\nerror: aborting due to previous error\n\nFor more information about this error, try `rustc --explain E0425`.\n",
      "exit_code": 1,
      "status": "SyntaxError"
    },
    {
      "program": "/// Write a function to find the nth newman\u2013shanks\u2013williams prime number.\nfn newman_prime(n: isize) -> isize {\n    let mut p = 1;\n    let mut i = 0;\n    while i < n {\n        p = next_newman_prime(p);\n        i += 1;\n    }\n    p\n}\n\nfn main() {\n    let candidate = newman_prime;\n    assert_eq!(candidate(3), 7);\n    assert_eq!(candidate(4), 17);\n    assert_eq!(candidate(5), 41);\n}\n",
      "timestamp": 1665510425,
      "stdout": "",
      "stderr": "error[E0425]: cannot find function `next_newman_prime` in this scope\n --> /tmp/tmp8ati6z1y.rs:6:13\n  |\n6 |         p = next_newman_prime(p);\n  |             ^^^^^^^^^^^^^^^^^ not found in this scope\n\nerror: aborting due to previous error\n\nFor more information about this error, try `rustc --explain E0425`.\n",
      "exit_code": 1,
      "status": "SyntaxError"
    },
    {
      "program": "/// Write a function to find the nth newman\u2013shanks\u2013williams prime number.\nfn newman_prime(n: isize) -> isize {\n    let mut primes = vec![2, 3];\n    let mut n = n;\n    while n > 0 {\n        let mut p = primes[primes.len() - 1];\n        let mut q = primes[primes.len() - 2];\n        loop {\n            p += 2 * q + 1;\n            if is_prime(p) {\n                primes.push(p);\n                n -= 1;\n                break;\n            }\n            q += 2;\n        }\n    }\n    primes[primes.len() - 1]\n}\n\nfn main() {\n    let candidate = newman_prime;\n    assert_eq!(candidate(3), 7);\n    assert_eq!(candidate(4), 17);\n    assert_eq!(candidate(5), 41);\n}\n",
      "timestamp": 1666123120,
      "stdout": "",
      "stderr": "error[E0425]: cannot find function `is_prime` in this scope\n  --> /tmp/tmphack710r.rs:10:16\n   |\n10 |             if is_prime(p) {\n   |                ^^^^^^^^ not found in this scope\n\nerror: aborting due to previous error\n\nFor more information about this error, try `rustc --explain E0425`.\n",
      "exit_code": 1,
      "status": "SyntaxError"
    },
    {
      "program": "/// Write a function to find the nth newman\u2013shanks\u2013williams prime number.\nfn newman_prime(n: isize) -> isize {\n    let mut p = 2;\n    let mut i = 0;\n    while i < n {\n        p = next_prime(p);\n        if is_prime(2 * p + 1) {\n            i += 1;\n        }\n    }\n    p\n}\n\nfn main() {\n    let candidate = newman_prime;\n    assert_eq!(candidate(3), 7);\n    assert_eq!(candidate(4), 17);\n    assert_eq!(candidate(5), 41);\n}\n",
      "timestamp": 1666123114,
      "stdout": "",
      "stderr": "error[E0425]: cannot find function `next_prime` in this scope\n --> /tmp/tmpmil8mgm0.rs:6:13\n  |\n6 |         p = next_prime(p);\n  |             ^^^^^^^^^^ not found in this scope\n\nerror[E0425]: cannot find function `is_prime` in this scope\n --> /tmp/tmpmil8mgm0.rs:7:12\n  |\n7 |         if is_prime(2 * p + 1) {\n  |            ^^^^^^^^ not found in this scope\n\nerror: aborting due to 2 previous errors\n\nFor more information about this error, try `rustc --explain E0425`.\n",
      "exit_code": 1,
      "status": "SyntaxError"
    },
    {
      "program": "/// Write a function to find the nth newman\u2013shanks\u2013williams prime number.\nfn newman_prime(n: isize) -> isize {\n    let mut p = 2;\n    let mut i = 0;\n    while i < n {\n        p = next_prime(p);\n        if (p - 1) % 4 == 0 {\n            i += 1;\n        }\n    }\n    p\n}\n\nfn main() {\n    let candidate = newman_prime;\n    assert_eq!(candidate(3), 7);\n    assert_eq!(candidate(4), 17);\n    assert_eq!(candidate(5), 41);\n}\n",
      "timestamp": 1666123114,
      "stdout": "",
      "stderr": "error[E0425]: cannot find function `next_prime` in this scope\n --> /tmp/tmpfnxfjzmr.rs:6:13\n  |\n6 |         p = next_prime(p);\n  |             ^^^^^^^^^^ not found in this scope\n\nerror: aborting due to previous error\n\nFor more information about this error, try `rustc --explain E0425`.\n",
      "exit_code": 1,
      "status": "SyntaxError"
    },
    {
      "program": "/// Write a function to find the nth newman\u2013shanks\u2013williams prime number.\nfn newman_prime(n: isize) -> isize {\n    let mut primes = vec![2, 3, 5, 7, 11, 13, 17, 19, 23, 29, 31, 37, 41, 43, 47, 53, 59, 61, 67, 71, 73, 79, 83, 89, 97, 101, 103, 107, 109, 113, 127, 131, 137, 139, 149, 151, 157, 163, 167, 173, 179, 181, 191, 193, 197, 199, 211, 223, 227, 229, 233, 239, 241, 251, 257, 263, 269, 271, 277, 281, 283, 293, 307, 311, 313, 317, 331, 337, 347, 349, 353, 359, 367, 373, 379, 383, 389, 397, 401, 409, 419, 421, 431, 433, 439, 443, 449, 457, 461, 463, 467, 479, 487, 491, 499, 503, 509, 521, 523, 541, 547, 557, 563, 569, 571, 577, 587, 593, 599, 601, 607, 613, 617, 619, 631, 641, 643, 647, 653, 659, 661, 673, 677, 683, 691, 701, 709, 719, 727, 733, 739, 743, 751, 757, 761, 769, 773, 787, 797, 809, 811, 821, 823, 827, 829, 839, 853, 857, 859, 863, 877, 881, 883, 887, 907, 911, 919, 929, 937, 941, 947, 953, 967, 971, 977, 983, 991, 997, 1009, 1013, 1019, 1021, 1031, 1033, 1039, 1049, 1051, 1061, 1063, 1069, 1087, 1091, 1093, 1097, 1103, 1109, 1117, 1123, 1129, 1151, 1153, 1163, 1171, 1181, 1187, 1193, 1201,\n}\n\nfn main() {\n    let candidate = newman_prime;\n    assert_eq!(candidate(3), 7);\n    assert_eq!(candidate(4), 17);\n    assert_eq!(candidate(5), 41);\n}\n",
      "timestamp": 1665510425,
      "stdout": "",
      "stderr": "error: expected one of `.`, `;`, `?`, `else`, or an operator, found `}`\n --> /tmp/tmpgyhlu5rw.rs:4:1\n  |\n4 | }\n  | ^ expected one of `.`, `;`, `?`, `else`, or an operator\n\nerror: mismatched closing delimiter: `}`\n --> /tmp/tmpgyhlu5rw.rs:3:26\n  |\n2 | fn newman_prime(n: isize) -> isize {\n  |                                    - closing delimiter possibly meant for this\n3 |     let mut primes = vec![2, 3, 5, 7, 11, 13, 17, 19, 23, 29, 31, 37, 41, 43, 47, 53, 59, 61, 67, 71, 73, 79, 83, 89, 97, 101, 103, 107, ...\n  |                          ^ unclosed delimiter\n4 | }\n  | ^ mismatched closing delimiter\n\nerror: aborting due to 2 previous errors\n\n",
      "exit_code": 1,
      "status": "SyntaxError"
    },
    {
      "program": "/// Write a function to find the nth newman\u2013shanks\u2013williams prime number.\nfn newman_prime(n: isize) -> isize {\n    let mut i = 0;\n    let mut p = 2;\n    while i < n {\n        p = newman_prime_next(p);\n        i += 1;\n    }\n    p\n}\n\nfn main() {\n    let candidate = newman_prime;\n    assert_eq!(candidate(3), 7);\n    assert_eq!(candidate(4), 17);\n    assert_eq!(candidate(5), 41);\n}\n",
      "timestamp": 1665510425,
      "stdout": "",
      "stderr": "error[E0425]: cannot find function `newman_prime_next` in this scope\n --> /tmp/tmp609bi8jt.rs:6:13\n  |\n6 |         p = newman_prime_next(p);\n  |             ^^^^^^^^^^^^^^^^^ not found in this scope\n\nerror: aborting due to previous error\n\nFor more information about this error, try `rustc --explain E0425`.\n",
      "exit_code": 1,
      "status": "SyntaxError"
    },
    {
      "program": "/// Write a function to find the nth newman\u2013shanks\u2013williams prime number.\nfn newman_prime(n: isize) -> isize {\n    let mut p = 1;\n    let mut i = 0;\n    while i < n {\n        p += 2 * (p - 1);\n        if is_prime(p) {\n            i += 1;\n        }\n    }\n    p\n}\n\nfn main() {\n    let candidate = newman_prime;\n    assert_eq!(candidate(3), 7);\n    assert_eq!(candidate(4), 17);\n    assert_eq!(candidate(5), 41);\n}\n",
      "timestamp": 1665510425,
      "stdout": "",
      "stderr": "error[E0425]: cannot find function `is_prime` in this scope\n --> /tmp/tmp24ysx7vz.rs:7:12\n  |\n7 |         if is_prime(p) {\n  |            ^^^^^^^^ not found in this scope\n\nerror: aborting due to previous error\n\nFor more information about this error, try `rustc --explain E0425`.\n",
      "exit_code": 1,
      "status": "SyntaxError"
    },
    {
      "program": "/// Write a function to find the nth newman\u2013shanks\u2013williams prime number.\nfn newman_prime(n: isize) -> isize {\n    let mut i = 1;\n    let mut p = 1;\n    while i < n {\n        p += 2 * i + 1;\n        i += 1;\n    }\n    p\n}\n\nfn main() {\n    let candidate = newman_prime;\n    assert_eq!(candidate(3), 7);\n    assert_eq!(candidate(4), 17);\n    assert_eq!(candidate(5), 41);\n}\n",
      "timestamp": 1666123114,
      "stdout": "",
      "stderr": "thread 'main' panicked at 'assertion failed: `(left == right)`\n  left: `9`,\n right: `7`', /tmp/tmp471a5e3_.rs:14:5\nnote: run with `RUST_BACKTRACE=1` environment variable to display a backtrace\n",
      "exit_code": 101,
      "status": "Exception"
    },
    {
      "program": "/// Write a function to find the nth newman\u2013shanks\u2013williams prime number.\nfn newman_prime(n: isize) -> isize {\n    let mut p = 2;\n    let mut i = 0;\n    while i < n {\n        p = next_prime(p);\n        if is_prime(p * p - 2) {\n            i += 1;\n        }\n    }\n    p\n}\n\nfn main() {\n    let candidate = newman_prime;\n    assert_eq!(candidate(3), 7);\n    assert_eq!(candidate(4), 17);\n    assert_eq!(candidate(5), 41);\n}\n",
      "timestamp": 1666123120,
      "stdout": "",
      "stderr": "error[E0425]: cannot find function `next_prime` in this scope\n --> /tmp/tmpj5gf9mb5.rs:6:13\n  |\n6 |         p = next_prime(p);\n  |             ^^^^^^^^^^ not found in this scope\n\nerror[E0425]: cannot find function `is_prime` in this scope\n --> /tmp/tmpj5gf9mb5.rs:7:12\n  |\n7 |         if is_prime(p * p - 2) {\n  |            ^^^^^^^^ not found in this scope\n\nerror: aborting due to 2 previous errors\n\nFor more information about this error, try `rustc --explain E0425`.\n",
      "exit_code": 1,
      "status": "SyntaxError"
    },
    {
      "program": "/// Write a function to find the nth newman\u2013shanks\u2013williams prime number.\nfn newman_prime(n: isize) -> isize {\n    let mut primes = vec![2, 3, 5, 7, 11, 13, 17, 19, 23, 29, 31, 37, 41, 43, 47, 53, 59, 61, 67, 71, 73, 79, 83, 89, 97, 101, 103, 107, 109, 113, 127, 131, 137, 139, 149, 151, 157, 163, 167, 173, 179, 181, 191, 193, 197, 199, 211, 223, 227, 229, 233, 239, 241, 251, 257, 263, 269, 271, 277, 281, 283, 293, 307, 311, 313, 317, 331, 337, 347, 349, 353, 359, 367, 373, 379, 383, 389, 397, 401, 409, 419, 421, 431, 433, 439, 443, 449, 457, 461, 463, 467, 479, 487, 491, 499, 503, 509, 521, 523, 541, 547, 557, 563, 569, 571, 577, 587, 593, 599, 601, 607, 613, 617, 619, 631, 641, 643, 647, 653, 659, 661, 673, 677, 683, 691, 701, 709, 719, 727, 733, 739, 743, 751, 757, 761, 769, 773, 787, 797, 809, 811, 821, 823, 827, 829, 839, 853, 857, 859, 863, 877, 881, 883, 887, 907, 911, 919, 929, 937, 941, 947, 953, 967, 971, 977, 983, 991, 997, 1009, 1013, 1019, 1021, 1031, 1033, 1039, 1049, 1051, 1061, 1063, 1069, 1087, 1091, 1093, 1097, 1103, 1109, 1117, 1123, 1129, 1151, 1153, 1163, 1171, 1181, 1187, 1193, 1201,\n}\n\nfn main() {\n    let candidate = newman_prime;\n    assert_eq!(candidate(3), 7);\n    assert_eq!(candidate(4), 17);\n    assert_eq!(candidate(5), 41);\n}\n",
      "timestamp": 1665510425,
      "stdout": "",
      "stderr": "error: expected one of `.`, `;`, `?`, `else`, or an operator, found `}`\n --> /tmp/tmpgyhlu5rw.rs:4:1\n  |\n4 | }\n  | ^ expected one of `.`, `;`, `?`, `else`, or an operator\n\nerror: mismatched closing delimiter: `}`\n --> /tmp/tmpgyhlu5rw.rs:3:26\n  |\n2 | fn newman_prime(n: isize) -> isize {\n  |                                    - closing delimiter possibly meant for this\n3 |     let mut primes = vec![2, 3, 5, 7, 11, 13, 17, 19, 23, 29, 31, 37, 41, 43, 47, 53, 59, 61, 67, 71, 73, 79, 83, 89, 97, 101, 103, 107, ...\n  |                          ^ unclosed delimiter\n4 | }\n  | ^ mismatched closing delimiter\n\nerror: aborting due to 2 previous errors\n\n",
      "exit_code": 1,
      "status": "SyntaxError"
    },
    {
      "program": "/// Write a function to find the nth newman\u2013shanks\u2013williams prime number.\nfn newman_prime(n: isize) -> isize {\n    let mut i = 1;\n    let mut count = 0;\n    while count < n {\n        i += 1;\n        if is_prime(i) && is_prime((i - 1) / 2) {\n            count += 1;\n        }\n    }\n    i\n}\n\nfn main() {\n    let candidate = newman_prime;\n    assert_eq!(candidate(3), 7);\n    assert_eq!(candidate(4), 17);\n    assert_eq!(candidate(5), 41);\n}\n",
      "timestamp": 1666123120,
      "stdout": "",
      "stderr": "error[E0425]: cannot find function `is_prime` in this scope\n --> /tmp/tmp57y_rcqa.rs:7:12\n  |\n7 |         if is_prime(i) && is_prime((i - 1) / 2) {\n  |            ^^^^^^^^ not found in this scope\n\nerror[E0425]: cannot find function `is_prime` in this scope\n --> /tmp/tmp57y_rcqa.rs:7:27\n  |\n7 |         if is_prime(i) && is_prime((i - 1) / 2) {\n  |                           ^^^^^^^^ not found in this scope\n\nerror: aborting due to 2 previous errors\n\nFor more information about this error, try `rustc --explain E0425`.\n",
      "exit_code": 1,
      "status": "SyntaxError"
    },
    {
      "program": "/// Write a function to find the nth newman\u2013shanks\u2013williams prime number.\nfn newman_prime(n: isize) -> isize {\n    let mut p = 1;\n    let mut i = 0;\n    while i < n {\n        p = next_prime(p);\n        if is_prime(p * p - p + 1) {\n            i += 1;\n        }\n    }\n    p\n}\n\nfn main() {\n    let candidate = newman_prime;\n    assert_eq!(candidate(3), 7);\n    assert_eq!(candidate(4), 17);\n    assert_eq!(candidate(5), 41);\n}\n",
      "timestamp": 1666123114,
      "stdout": "",
      "stderr": "error[E0425]: cannot find function `next_prime` in this scope\n --> /tmp/tmpz5lbf9j6.rs:6:13\n  |\n6 |         p = next_prime(p);\n  |             ^^^^^^^^^^ not found in this scope\n\nerror[E0425]: cannot find function `is_prime` in this scope\n --> /tmp/tmpz5lbf9j6.rs:7:12\n  |\n7 |         if is_prime(p * p - p + 1) {\n  |            ^^^^^^^^ not found in this scope\n\nerror: aborting due to 2 previous errors\n\nFor more information about this error, try `rustc --explain E0425`.\n",
      "exit_code": 1,
      "status": "SyntaxError"
    },
    {
      "program": "/// Write a function to find the nth newman\u2013shanks\u2013williams prime number.\nfn newman_prime(n: isize) -> isize {\n    let mut primes = vec![2, 3, 5, 7, 11, 13, 17, 19, 23, 29, 31, 37, 41, 43, 47, 53, 59, 61, 67, 71, 73, 79, 83, 89, 97, 101, 103, 107, 109, 113, 127, 131, 137, 139, 149, 151, 157, 163, 167, 173, 179, 181, 191, 193, 197, 199, 211, 223, 227, 229, 233, 239, 241, 251, 257, 263, 269, 271, 277, 281, 283, 293, 307, 311, 313, 317, 331, 337, 347, 349, 353, 359, 367, 373, 379, 383, 389, 397, 401, 409, 419, 421, 431, 433, 439, 443, 449, 457, 461, 463, 467, 479, 487, 491, 499, 503, 509, 521, 523, 541, 547, 557, 563, 569, 571, 577, 587, 593, 599, 601, 607, 613, 617, 619, 631, 641, 643, 647, 653, 659, 661, 673, 677, 683, 691, 701, 709, 719, 727, 733, 739, 743, 751, 757, 761, 769, 773, 787, 797, 809, 811, 821, 823, 827, 829, 839, 853, 857, 859, 863, 877, 881, 883, 887, 907, 911, 919, 929, 937, 941, 947, 953, 967, 971, 977, 983, 991, 997, 1009, 1013, 1019, 1021, 1031, 1033, 1039, 1049, 1051, 1061, 1063, 1069, 1087, 1091, 1093, 1097, 1103, 1109, 1117, 1123, 1129, 1151, 1153, 1163, 1171, 1181, 1187, 1193, 1201,\n}\n\nfn main() {\n    let candidate = newman_prime;\n    assert_eq!(candidate(3), 7);\n    assert_eq!(candidate(4), 17);\n    assert_eq!(candidate(5), 41);\n}\n",
      "timestamp": 1665510425,
      "stdout": "",
      "stderr": "error: expected one of `.`, `;`, `?`, `else`, or an operator, found `}`\n --> /tmp/tmpgyhlu5rw.rs:4:1\n  |\n4 | }\n  | ^ expected one of `.`, `;`, `?`, `else`, or an operator\n\nerror: mismatched closing delimiter: `}`\n --> /tmp/tmpgyhlu5rw.rs:3:26\n  |\n2 | fn newman_prime(n: isize) -> isize {\n  |                                    - closing delimiter possibly meant for this\n3 |     let mut primes = vec![2, 3, 5, 7, 11, 13, 17, 19, 23, 29, 31, 37, 41, 43, 47, 53, 59, 61, 67, 71, 73, 79, 83, 89, 97, 101, 103, 107, ...\n  |                          ^ unclosed delimiter\n4 | }\n  | ^ mismatched closing delimiter\n\nerror: aborting due to 2 previous errors\n\n",
      "exit_code": 1,
      "status": "SyntaxError"
    },
    {
      "program": "/// Write a function to find the nth newman\u2013shanks\u2013williams prime number.\nfn newman_prime(n: isize) -> isize {\n    let mut primes: Vec<isize> = vec![2, 3, 5, 7, 11, 13, 17, 19, 23, 29, 31, 37, 41, 43, 47, 53, 59, 61, 67, 71, 73, 79, 83, 89, 97, 101, 103, 107, 109, 113, 127, 131, 137, 139, 149, 151, 157, 163, 167, 173, 179, 181, 191, 193, 197, 199, 211, 223, 227, 229, 233, 239, 241, 251, 257, 263, 269, 271, 277, 281, 283, 293, 307, 311, 313, 317, 331, 337, 347, 349, 353, 359, 367, 373, 379, 383, 389, 397, 401, 409, 419, 421, 431, 433, 439, 443, 449, 457, 461, 463, 467, 479, 487, 491, 499, 503, 509, 521, 523, 541, 547, 557, 563, 569, 571, 577, 587, 593, 599, 601, 607, 613, 617, 619, 631, 641, 643, 647, 653, 659, 661, 673, 677, 683, 691, 701, 709, 719, 727, 733, 739, 743, 751, 757, 761, 769, 773, 787, 797, 809, 811, 821, 823, 827, 829, 839, 853, 857, 859, 863, 877, 881, 883, 887, 907, 911, 919, 929, 937, 941, 947, 953, 967, 971, 977, 983, 991, 997, 1009, 1013, 1019, 1021, 1031, 1033, 1039, 1049, 1051, 1061, 1063, 1069, 1087, 1091, 1093, 1097, 1103, 1109, 1117, 1123, 1129, 1151, 1153, 1163, 1171, 1181, 1187,\n}\n\nfn main() {\n    let candidate = newman_prime;\n    assert_eq!(candidate(3), 7);\n    assert_eq!(candidate(4), 17);\n    assert_eq!(candidate(5), 41);\n}\n",
      "timestamp": 1666123114,
      "stdout": "",
      "stderr": "error: mismatched closing delimiter: `}`\n --> /tmp/tmpjlp360da.rs:3:38\n  |\n2 | fn newman_prime(n: isize) -> isize {\n  |                                    - closing delimiter possibly meant for this\n3 |     let mut primes: Vec<isize> = vec![2, 3, 5, 7, 11, 13, 17, 19, 23, 29, 31, 37, 41, 43, 47, 53, 59, 61, 67, 71, 73, 79, 83, 89, 97, 101...\n  |                                      ^ unclosed delimiter\n4 | }\n  | ^ mismatched closing delimiter\n\nerror: expected one of `.`, `;`, `?`, `else`, or an operator, found `}`\n --> /tmp/tmpjlp360da.rs:4:1\n  |\n4 | }\n  | ^ expected one of `.`, `;`, `?`, `else`, or an operator\n\nerror: aborting due to 2 previous errors\n\n",
      "exit_code": 1,
      "status": "SyntaxError"
    },
    {
      "program": "/// Write a function to find the nth newman\u2013shanks\u2013williams prime number.\nfn newman_prime(n: isize) -> isize {\n    let mut primes = vec![2, 3, 5, 7, 11, 13, 17, 19, 23, 29];\n    let mut p = primes[n as usize];\n    while primes.len() <= n as usize {\n        p += 2;\n        if primes.iter().all(|&x| p % x != 0) {\n            primes.push(p);\n        }\n    }\n    p\n}\n\nfn main() {\n    let candidate = newman_prime;\n    assert_eq!(candidate(3), 7);\n    assert_eq!(candidate(4), 17);\n    assert_eq!(candidate(5), 41);\n}\n",
      "timestamp": 1666123120,
      "stdout": "",
      "stderr": "thread 'main' panicked at 'assertion failed: `(left == right)`\n  left: `11`,\n right: `17`', /tmp/tmpp_qrg2zf.rs:17:5\nnote: run with `RUST_BACKTRACE=1` environment variable to display a backtrace\n",
      "exit_code": 101,
      "status": "Exception"
    },
    {
      "program": "/// Write a function to find the nth newman\u2013shanks\u2013williams prime number.\nfn newman_prime(n: isize) -> isize {\n    let mut p = 1;\n    for _ in 0..n {\n        p = next_prime(p);\n    }\n    p\n}\n\nfn main() {\n    let candidate = newman_prime;\n    assert_eq!(candidate(3), 7);\n    assert_eq!(candidate(4), 17);\n    assert_eq!(candidate(5), 41);\n}\n",
      "timestamp": 1666123120,
      "stdout": "",
      "stderr": "error[E0425]: cannot find function `next_prime` in this scope\n --> /tmp/tmp6dbndun2.rs:5:13\n  |\n5 |         p = next_prime(p);\n  |             ^^^^^^^^^^ not found in this scope\n\nerror: aborting due to previous error\n\nFor more information about this error, try `rustc --explain E0425`.\n",
      "exit_code": 1,
      "status": "SyntaxError"
    },
    {
      "program": "/// Write a function to find the nth newman\u2013shanks\u2013williams prime number.\nfn newman_prime(n: isize) -> isize {\n    let mut p = 2;\n    let mut i = 0;\n    while i < n {\n        p = newman_prime_next(p);\n        i += 1;\n    }\n    p\n}\n\nfn main() {\n    let candidate = newman_prime;\n    assert_eq!(candidate(3), 7);\n    assert_eq!(candidate(4), 17);\n    assert_eq!(candidate(5), 41);\n}\n",
      "timestamp": 1666123120,
      "stdout": "",
      "stderr": "error[E0425]: cannot find function `newman_prime_next` in this scope\n --> /tmp/tmpgdgmfn5b.rs:6:13\n  |\n6 |         p = newman_prime_next(p);\n  |             ^^^^^^^^^^^^^^^^^ not found in this scope\n\nerror: aborting due to previous error\n\nFor more information about this error, try `rustc --explain E0425`.\n",
      "exit_code": 1,
      "status": "SyntaxError"
    },
    {
      "program": "/// Write a function to find the nth newman\u2013shanks\u2013williams prime number.\nfn newman_prime(n: isize) -> isize {\n    let mut i = 0;\n    let mut p = 2;\n    while i < n {\n        p = next_newman_prime(p);\n        i += 1;\n    }\n    p\n}\n\nfn main() {\n    let candidate = newman_prime;\n    assert_eq!(candidate(3), 7);\n    assert_eq!(candidate(4), 17);\n    assert_eq!(candidate(5), 41);\n}\n",
      "timestamp": 1665510425,
      "stdout": "",
      "stderr": "error[E0425]: cannot find function `next_newman_prime` in this scope\n --> /tmp/tmpnwgl_cn6.rs:6:13\n  |\n6 |         p = next_newman_prime(p);\n  |             ^^^^^^^^^^^^^^^^^ not found in this scope\n\nerror: aborting due to previous error\n\nFor more information about this error, try `rustc --explain E0425`.\n",
      "exit_code": 1,
      "status": "SyntaxError"
    },
    {
      "program": "/// Write a function to find the nth newman\u2013shanks\u2013williams prime number.\nfn newman_prime(n: isize) -> isize {\n    let mut p = 2;\n    let mut i = 0;\n    while i < n {\n        p = newman_prime_after(p);\n        i += 1;\n    }\n    p\n}\n\nfn main() {\n    let candidate = newman_prime;\n    assert_eq!(candidate(3), 7);\n    assert_eq!(candidate(4), 17);\n    assert_eq!(candidate(5), 41);\n}\n",
      "timestamp": 1666123120,
      "stdout": "",
      "stderr": "error[E0425]: cannot find function `newman_prime_after` in this scope\n --> /tmp/tmpnbdf1t58.rs:6:13\n  |\n6 |         p = newman_prime_after(p);\n  |             ^^^^^^^^^^^^^^^^^^ not found in this scope\n\nerror: aborting due to previous error\n\nFor more information about this error, try `rustc --explain E0425`.\n",
      "exit_code": 1,
      "status": "SyntaxError"
    },
    {
      "program": "/// Write a function to find the nth newman\u2013shanks\u2013williams prime number.\nfn newman_prime(n: isize) -> isize {\n    let mut prime = 2;\n    let mut count = 1;\n    while count < n {\n        prime = prime.next_prime();\n        if prime % 5 == 1 || prime % 5 == 4 {\n            count += 1;\n        }\n    }\n    prime\n}\n\nfn main() {\n    let candidate = newman_prime;\n    assert_eq!(candidate(3), 7);\n    assert_eq!(candidate(4), 17);\n    assert_eq!(candidate(5), 41);\n}\n",
      "timestamp": 1666123120,
      "stdout": "",
      "stderr": "error[E0599]: no method named `next_prime` found for type `{integer}` in the current scope\n --> /tmp/tmp55woa22l.rs:6:23\n  |\n6 |         prime = prime.next_prime();\n  |                       ^^^^^^^^^^ method not found in `{integer}`\n\nerror: aborting due to previous error\n\nFor more information about this error, try `rustc --explain E0599`.\n",
      "exit_code": 1,
      "status": "SyntaxError"
    },
    {
      "program": "/// Write a function to find the nth newman\u2013shanks\u2013williams prime number.\nfn newman_prime(n: isize) -> isize {\n    let mut primes = vec![2, 3];\n    let mut p = 5;\n    while primes.len() < n as usize {\n        if is_prime(p) {\n            primes.push(p);\n        }\n        p += 2;\n    }\n    primes[n as usize - 1]\n}\n\nfn main() {\n    let candidate = newman_prime;\n    assert_eq!(candidate(3), 7);\n    assert_eq!(candidate(4), 17);\n    assert_eq!(candidate(5), 41);\n}\n",
      "timestamp": 1666123114,
      "stdout": "",
      "stderr": "error[E0425]: cannot find function `is_prime` in this scope\n --> /tmp/tmp85tj3lgp.rs:6:12\n  |\n6 |         if is_prime(p) {\n  |            ^^^^^^^^ not found in this scope\n\nerror: aborting due to previous error\n\nFor more information about this error, try `rustc --explain E0425`.\n",
      "exit_code": 1,
      "status": "SyntaxError"
    },
    {
      "program": "/// Write a function to find the nth newman\u2013shanks\u2013williams prime number.\nfn newman_prime(n: isize) -> isize {\n    let mut primes = vec![2, 3, 5, 7, 11, 13, 17, 19, 23, 29, 31, 37, 41, 43, 47, 53, 59, 61, 67, 71, 73, 79, 83, 89, 97, 101, 103, 107, 109, 113, 127, 131, 137, 139, 149, 151, 157, 163, 167, 173, 179, 181, 191, 193, 197, 199, 211, 223, 227, 229, 233, 239, 241, 251, 257, 263, 269, 271, 277, 281, 283, 293, 307, 311, 313, 317, 331, 337, 347, 349, 353, 359, 367, 373, 379, 383, 389, 397, 401, 409, 419, 421, 431, 433, 439, 443, 449, 457, 461, 463, 467, 479, 487, 491, 499, 503, 509, 521, 523, 541, 547, 557, 563, 569, 571, 577, 587, 593, 599, 601, 607, 613, 617, 619, 631, 641, 643, 647, 653, 659, 661, 673, 677, 683, 691, 701, 709, 719, 727, 733, 739, 743, 751, 757, 761, 769, 773, 787, 797, 809, 811, 821, 823, 827, 829, 839, 853, 857, 859, 863, 877, 881, 883, 887, 907, 911, 919, 929, 937, 941, 947, 953, 967, 971, 977, 983, 991, 997, 1009, 1013, 1019, 1021, 1031, 1033, 1039, 1049, 1051, 1061, 1063, 1069, 1087, 1091, 1093, 1097, 1103, 1109, 1117, 1123, 1129, 1151, 1153, 1163, 1171, 1181, 1187, 1193, 1201,\n}\n\nfn main() {\n    let candidate = newman_prime;\n    assert_eq!(candidate(3), 7);\n    assert_eq!(candidate(4), 17);\n    assert_eq!(candidate(5), 41);\n}\n",
      "timestamp": 1665510425,
      "stdout": "",
      "stderr": "error: expected one of `.`, `;`, `?`, `else`, or an operator, found `}`\n --> /tmp/tmpgyhlu5rw.rs:4:1\n  |\n4 | }\n  | ^ expected one of `.`, `;`, `?`, `else`, or an operator\n\nerror: mismatched closing delimiter: `}`\n --> /tmp/tmpgyhlu5rw.rs:3:26\n  |\n2 | fn newman_prime(n: isize) -> isize {\n  |                                    - closing delimiter possibly meant for this\n3 |     let mut primes = vec![2, 3, 5, 7, 11, 13, 17, 19, 23, 29, 31, 37, 41, 43, 47, 53, 59, 61, 67, 71, 73, 79, 83, 89, 97, 101, 103, 107, ...\n  |                          ^ unclosed delimiter\n4 | }\n  | ^ mismatched closing delimiter\n\nerror: aborting due to 2 previous errors\n\n",
      "exit_code": 1,
      "status": "SyntaxError"
    },
    {
      "program": "/// Write a function to find the nth newman\u2013shanks\u2013williams prime number.\nfn newman_prime(n: isize) -> isize {\n    let mut n = n;\n    let mut p = 2;\n    let mut q = 1;\n    let mut r = 1;\n    let mut s = 0;\n    while n > 0 {\n        let mut t = p * p - 4 * q;\n        if t < 0 {\n            t = -t;\n        }\n        if t.is_prime() {\n            n -= 1;\n            s += 1;\n        }\n        r += 2;\n        p += r;\n        q += 1;\n    }\n    p - s * 2\n}\n\nfn main() {\n    let candidate = newman_prime;\n    assert_eq!(candidate(3), 7);\n    assert_eq!(candidate(4), 17);\n    assert_eq!(candidate(5), 41);\n}\n",
      "timestamp": 1666123120,
      "stdout": "",
      "stderr": "error[E0599]: no method named `is_prime` found for type `{integer}` in the current scope\n  --> /tmp/tmpfgnmrfq5.rs:13:14\n   |\n13 |         if t.is_prime() {\n   |              ^^^^^^^^ method not found in `{integer}`\n\nerror: aborting due to previous error\n\nFor more information about this error, try `rustc --explain E0599`.\n",
      "exit_code": 1,
      "status": "SyntaxError"
    },
    {
      "program": "/// Write a function to find the nth newman\u2013shanks\u2013williams prime number.\nfn newman_prime(n: isize) -> isize {\n    let mut n = n;\n    let mut p = 2;\n    let mut q = 1;\n    let mut r = 1;\n    while n > 0 {\n        p = 6 * q + r;\n        q = p;\n        r *= -1;\n        n -= 1;\n    }\n    p\n}\n\nfn main() {\n    let candidate = newman_prime;\n    assert_eq!(candidate(3), 7);\n    assert_eq!(candidate(4), 17);\n    assert_eq!(candidate(5), 41);\n}\n",
      "timestamp": 1666123120,
      "stdout": "",
      "stderr": "thread 'main' panicked at 'assertion failed: `(left == right)`\n  left: `247`,\n right: `7`', /tmp/tmpxx3yce2_.rs:18:5\nnote: run with `RUST_BACKTRACE=1` environment variable to display a backtrace\n",
      "exit_code": 101,
      "status": "Exception"
    },
    {
      "program": "/// Write a function to find the nth newman\u2013shanks\u2013williams prime number.\nfn newman_prime(n: isize) -> isize {\n    let mut primes = vec![2, 3, 5, 7, 11, 13, 17, 19, 23, 29, 31, 37, 41, 43, 47, 53, 59, 61, 67, 71, 73, 79, 83, 89, 97, 101, 103, 107, 109, 113, 127, 131, 137, 139, 149, 151, 157, 163, 167, 173, 179, 181, 191, 193, 197, 199, 211, 223, 227, 229, 233, 239, 241, 251, 257, 263, 269, 271, 277, 281, 283, 293, 307, 311, 313, 317, 331, 337, 347, 349, 353, 359, 367, 373, 379, 383, 389, 397, 401, 409, 419, 421, 431, 433, 439, 443, 449, 457, 461, 463, 467, 479, 487, 491, 499, 503, 509, 521, 523, 541, 547, 557, 563, 569, 571, 577, 587, 593, 599, 601, 607, 613, 617, 619, 631, 641, 643, 647, 653, 659, 661, 673, 677, 683, 691, 701, 709, 719, 727, 733, 739, 743, 751, 757, 761, 769, 773, 787, 797, 809, 811, 821, 823, 827, 829, 839, 853, 857, 859, 863, 877, 881, 883, 887, 907, 911, 919, 929, 937, 941, 947, 953, 967, 971, 977, 983, 991, 997, 1009, 1013, 1019, 1021, 1031, 1033, 1039, 1049, 1051, 1061, 1063, 1069, 1087, 1091, 1093, 1097, 1103, 1109, 1117, 1123, 1129, 1151, 1153, 1163, 1171, 1181, 1187, 1193, 1201,\n}\n\nfn main() {\n    let candidate = newman_prime;\n    assert_eq!(candidate(3), 7);\n    assert_eq!(candidate(4), 17);\n    assert_eq!(candidate(5), 41);\n}\n",
      "timestamp": 1665510425,
      "stdout": "",
      "stderr": "error: expected one of `.`, `;`, `?`, `else`, or an operator, found `}`\n --> /tmp/tmpgyhlu5rw.rs:4:1\n  |\n4 | }\n  | ^ expected one of `.`, `;`, `?`, `else`, or an operator\n\nerror: mismatched closing delimiter: `}`\n --> /tmp/tmpgyhlu5rw.rs:3:26\n  |\n2 | fn newman_prime(n: isize) -> isize {\n  |                                    - closing delimiter possibly meant for this\n3 |     let mut primes = vec![2, 3, 5, 7, 11, 13, 17, 19, 23, 29, 31, 37, 41, 43, 47, 53, 59, 61, 67, 71, 73, 79, 83, 89, 97, 101, 103, 107, ...\n  |                          ^ unclosed delimiter\n4 | }\n  | ^ mismatched closing delimiter\n\nerror: aborting due to 2 previous errors\n\n",
      "exit_code": 1,
      "status": "SyntaxError"
    },
    {
      "program": "/// Write a function to find the nth newman\u2013shanks\u2013williams prime number.\nfn newman_prime(n: isize) -> isize {\n    let mut n = n;\n    let mut p = 1;\n    let mut i = 0;\n    while n > 0 {\n        i += 1;\n        if is_prime(i) && is_prime((i * i) - 1) {\n            p = i;\n            n -= 1;\n        }\n    }\n    p\n}\n\nfn main() {\n    let candidate = newman_prime;\n    assert_eq!(candidate(3), 7);\n    assert_eq!(candidate(4), 17);\n    assert_eq!(candidate(5), 41);\n}\n",
      "timestamp": 1666123120,
      "stdout": "",
      "stderr": "error[E0425]: cannot find function `is_prime` in this scope\n --> /tmp/tmp87okozu5.rs:8:12\n  |\n8 |         if is_prime(i) && is_prime((i * i) - 1) {\n  |            ^^^^^^^^ not found in this scope\n\nerror[E0425]: cannot find function `is_prime` in this scope\n --> /tmp/tmp87okozu5.rs:8:27\n  |\n8 |         if is_prime(i) && is_prime((i * i) - 1) {\n  |                           ^^^^^^^^ not found in this scope\n\nerror: aborting due to 2 previous errors\n\nFor more information about this error, try `rustc --explain E0425`.\n",
      "exit_code": 1,
      "status": "SyntaxError"
    },
    {
      "program": "/// Write a function to find the nth newman\u2013shanks\u2013williams prime number.\nfn newman_prime(n: isize) -> isize {\n    let mut p = 1;\n    let mut i = 0;\n    while i < n {\n        p = next_prime(p);\n        if (p - 1) % 4 == 0 {\n            i += 1;\n        }\n    }\n    p\n}\n\nfn main() {\n    let candidate = newman_prime;\n    assert_eq!(candidate(3), 7);\n    assert_eq!(candidate(4), 17);\n    assert_eq!(candidate(5), 41);\n}\n",
      "timestamp": 1666123114,
      "stdout": "",
      "stderr": "error[E0425]: cannot find function `next_prime` in this scope\n --> /tmp/tmp0w1fmqec.rs:6:13\n  |\n6 |         p = next_prime(p);\n  |             ^^^^^^^^^^ not found in this scope\n\nerror: aborting due to previous error\n\nFor more information about this error, try `rustc --explain E0425`.\n",
      "exit_code": 1,
      "status": "SyntaxError"
    },
    {
      "program": "/// Write a function to find the nth newman\u2013shanks\u2013williams prime number.\nfn newman_prime(n: isize) -> isize {\n    let mut p = 1;\n    let mut i = 0;\n    while i < n {\n        p += 2 * (p - 1);\n        if is_prime(p) {\n            i += 1;\n        }\n    }\n    p\n}\n\nfn main() {\n    let candidate = newman_prime;\n    assert_eq!(candidate(3), 7);\n    assert_eq!(candidate(4), 17);\n    assert_eq!(candidate(5), 41);\n}\n",
      "timestamp": 1665510425,
      "stdout": "",
      "stderr": "error[E0425]: cannot find function `is_prime` in this scope\n --> /tmp/tmp24ysx7vz.rs:7:12\n  |\n7 |         if is_prime(p) {\n  |            ^^^^^^^^ not found in this scope\n\nerror: aborting due to previous error\n\nFor more information about this error, try `rustc --explain E0425`.\n",
      "exit_code": 1,
      "status": "SyntaxError"
    },
    {
      "program": "/// Write a function to find the nth newman\u2013shanks\u2013williams prime number.\nfn newman_prime(n: isize) -> isize {\n    let mut primes = vec![2, 3, 5, 7, 11, 13, 17, 19, 23, 29, 31, 37, 41, 43, 47, 53, 59, 61, 67, 71, 73, 79, 83, 89, 97, 101, 103, 107, 109, 113, 127, 131, 137, 139, 149, 151, 157, 163, 167, 173, 179, 181, 191, 193, 197, 199, 211, 223, 227, 229, 233, 239, 241, 251, 257, 263, 269, 271, 277, 281, 283, 293, 307, 311, 313, 317, 331, 337, 347, 349, 353, 359, 367, 373, 379, 383, 389, 397, 401, 409, 419, 421, 431, 433, 439, 443, 449, 457, 461, 463, 467, 479, 487, 491, 499, 503, 509, 521, 523, 541, 547, 557, 563, 569, 571, 577, 587, 593, 599, 601, 607, 613, 617, 619, 631, 641, 643, 647, 653, 659, 661, 673, 677, 683, 691, 701, 709, 719, 727, 733, 739, 743, 751, 757, 761, 769, 773, 787, 797, 809, 811, 821, 823, 827, 829, 839, 853, 857, 859, 863, 877, 881, 883, 887, 907, 911, 919, 929, 937, 941, 947, 953, 967, 971, 977, 983, 991, 997, 1009, 1013, 1019, 1021, 1031, 1033, 1039, 1049, 1051, 1061, 1063, 1069, 1087, 1091, 1093, 1097, 1103, 1109, 1117, 1123, 1129, 1151, 1153, 1163, 1171, 1181, 1187, 1193, 1201,\n}\n\nfn main() {\n    let candidate = newman_prime;\n    assert_eq!(candidate(3), 7);\n    assert_eq!(candidate(4), 17);\n    assert_eq!(candidate(5), 41);\n}\n",
      "timestamp": 1665510425,
      "stdout": "",
      "stderr": "error: expected one of `.`, `;`, `?`, `else`, or an operator, found `}`\n --> /tmp/tmpgyhlu5rw.rs:4:1\n  |\n4 | }\n  | ^ expected one of `.`, `;`, `?`, `else`, or an operator\n\nerror: mismatched closing delimiter: `}`\n --> /tmp/tmpgyhlu5rw.rs:3:26\n  |\n2 | fn newman_prime(n: isize) -> isize {\n  |                                    - closing delimiter possibly meant for this\n3 |     let mut primes = vec![2, 3, 5, 7, 11, 13, 17, 19, 23, 29, 31, 37, 41, 43, 47, 53, 59, 61, 67, 71, 73, 79, 83, 89, 97, 101, 103, 107, ...\n  |                          ^ unclosed delimiter\n4 | }\n  | ^ mismatched closing delimiter\n\nerror: aborting due to 2 previous errors\n\n",
      "exit_code": 1,
      "status": "SyntaxError"
    },
    {
      "program": "/// Write a function to find the nth newman\u2013shanks\u2013williams prime number.\nfn newman_prime(n: isize) -> isize {\n    let mut p = 2;\n    let mut i = 1;\n    while i < n {\n        p = next_prime(p);\n        let mut q = p;\n        while q % 4 == 3 {\n            q = next_prime(q);\n        }\n        if q % 4 == 1 {\n            i += 1;\n        }\n    }\n    p\n}\n\nfn main() {\n    let candidate = newman_prime;\n    assert_eq!(candidate(3), 7);\n    assert_eq!(candidate(4), 17);\n    assert_eq!(candidate(5), 41);\n}\n",
      "timestamp": 1666123114,
      "stdout": "",
      "stderr": "error[E0425]: cannot find function `next_prime` in this scope\n --> /tmp/tmpnt9si96h.rs:6:13\n  |\n6 |         p = next_prime(p);\n  |             ^^^^^^^^^^ not found in this scope\n\nerror[E0425]: cannot find function `next_prime` in this scope\n --> /tmp/tmpnt9si96h.rs:9:17\n  |\n9 |             q = next_prime(q);\n  |                 ^^^^^^^^^^ not found in this scope\n\nerror: aborting due to 2 previous errors\n\nFor more information about this error, try `rustc --explain E0425`.\n",
      "exit_code": 1,
      "status": "SyntaxError"
    },
    {
      "program": "/// Write a function to find the nth newman\u2013shanks\u2013williams prime number.\nfn newman_prime(n: isize) -> isize {\n    let mut i = 1;\n    let mut count = 0;\n    while count < n {\n        i += 2;\n        if is_prime(i) && is_prime((i - 1) / 2) {\n            count += 1;\n        }\n    }\n    i\n}\n\nfn main() {\n    let candidate = newman_prime;\n    assert_eq!(candidate(3), 7);\n    assert_eq!(candidate(4), 17);\n    assert_eq!(candidate(5), 41);\n}\n",
      "timestamp": 1665510425,
      "stdout": "",
      "stderr": "error[E0425]: cannot find function `is_prime` in this scope\n --> /tmp/tmpuyc80zpj.rs:7:12\n  |\n7 |         if is_prime(i) && is_prime((i - 1) / 2) {\n  |            ^^^^^^^^ not found in this scope\n\nerror[E0425]: cannot find function `is_prime` in this scope\n --> /tmp/tmpuyc80zpj.rs:7:27\n  |\n7 |         if is_prime(i) && is_prime((i - 1) / 2) {\n  |                           ^^^^^^^^ not found in this scope\n\nerror: aborting due to 2 previous errors\n\nFor more information about this error, try `rustc --explain E0425`.\n",
      "exit_code": 1,
      "status": "SyntaxError"
    },
    {
      "program": "/// Write a function to find the nth newman\u2013shanks\u2013williams prime number.\nfn newman_prime(n: isize) -> isize {\n    let mut n = n;\n    let mut p = 2;\n    let mut q = 1;\n    let mut r = 1;\n    let mut s = 0;\n    let mut t = 1;\n    let mut u = 1;\n    let mut v = 3;\n    let mut w = 3;\n    let mut x = 1;\n    let mut y = 0;\n    let mut z = 2;\n    while n > 0 {\n        if y == 0 {\n            x = z * x + 2 * x * y;\n            y = z * y + x * y + y * y;\n            z = 2 * z + y * y;\n            p = p * v + q * w;\n            q = r * v + s * w;\n            r = t * v + u * w;\n            s = p * x + q * y;\n            t = r * x + s * y;\n            u = t;\n            v = z * v + 2 * v * w;\n            w = z * w + v * w + w * w;\n            n -= 1;\n        } else {\n            x = z * x + x * y;\n            y = z * y + y * y;\n            z = 2 * z + y * y;\n            p = p * v + q * w;\n            q = r * v + s * w;\n            r = t * v + u * w;\n            s = p * x + q * y;\n            t = r * x + s * y;\n            u = t;\n            v = z * v + v * w;\n            w = z * w + w * w;\n            n -= 1;\n        }\n    }\n    p\n}\n\nfn main() {\n    let candidate = newman_prime;\n    assert_eq!(candidate(3), 7);\n    assert_eq!(candidate(4), 17);\n    assert_eq!(candidate(5), 41);\n}\n",
      "timestamp": 1666123120,
      "stdout": "",
      "stderr": "thread 'main' panicked at 'assertion failed: `(left == right)`\n  left: `1701060102`,\n right: `7`', /tmp/tmpwkx9zhrw.rs:49:5\nnote: run with `RUST_BACKTRACE=1` environment variable to display a backtrace\n",
      "exit_code": 101,
      "status": "Exception"
    },
    {
      "program": "/// Write a function to find the nth newman\u2013shanks\u2013williams prime number.\nfn newman_prime(n: isize) -> isize {\n    let mut primes = vec![2, 3, 5, 7, 11, 13, 17, 19, 23, 29, 31, 37, 41, 43, 47, 53, 59, 61, 67, 71, 73, 79, 83, 89, 97, 101, 103, 107, 109, 113, 127, 131, 137, 139, 149, 151, 157, 163, 167, 173, 179, 181, 191, 193, 197, 199, 211, 223, 227, 229, 233, 239, 241, 251, 257, 263, 269, 271, 277, 281, 283, 293, 307, 311, 313, 317, 331, 337, 347, 349, 353, 359, 367, 373, 379, 383, 389, 397, 401, 409, 419, 421, 431, 433, 439, 443, 449, 457, 461, 463, 467, 479, 487, 491, 499, 503, 509, 521, 523, 541, 547, 557, 563, 569, 571, 577, 587, 593, 599, 601, 607, 613, 617, 619, 631, 641, 643, 647, 653, 659, 661, 673, 677, 683, 691, 701, 709, 719, 727, 733, 739, 743, 751, 757, 761, 769, 773, 787, 797, 809, 811, 821, 823, 827, 829, 839, 853, 857, 859, 863, 877, 881, 883, 887, 907, 911, 919, 929, 937, 941, 947, 953, 967, 971, 977, 983, 991, 997, 1009, 1013, 1019, 1021, 1031, 1033, 1039, 1049, 1051, 1061, 1063, 1069, 1087, 1091, 1093, 1097, 1103, 1109, 1117, 1123, 1129, 1151, 1153, 1163, 1171, 1181, 1187, 1193, 1201,\n}\n\nfn main() {\n    let candidate = newman_prime;\n    assert_eq!(candidate(3), 7);\n    assert_eq!(candidate(4), 17);\n    assert_eq!(candidate(5), 41);\n}\n",
      "timestamp": 1665510425,
      "stdout": "",
      "stderr": "error: expected one of `.`, `;`, `?`, `else`, or an operator, found `}`\n --> /tmp/tmpgyhlu5rw.rs:4:1\n  |\n4 | }\n  | ^ expected one of `.`, `;`, `?`, `else`, or an operator\n\nerror: mismatched closing delimiter: `}`\n --> /tmp/tmpgyhlu5rw.rs:3:26\n  |\n2 | fn newman_prime(n: isize) -> isize {\n  |                                    - closing delimiter possibly meant for this\n3 |     let mut primes = vec![2, 3, 5, 7, 11, 13, 17, 19, 23, 29, 31, 37, 41, 43, 47, 53, 59, 61, 67, 71, 73, 79, 83, 89, 97, 101, 103, 107, ...\n  |                          ^ unclosed delimiter\n4 | }\n  | ^ mismatched closing delimiter\n\nerror: aborting due to 2 previous errors\n\n",
      "exit_code": 1,
      "status": "SyntaxError"
    },
    {
      "program": "/// Write a function to find the nth newman\u2013shanks\u2013williams prime number.\nfn newman_prime(n: isize) -> isize {\n    let mut primes = vec![2, 3, 5, 7, 11, 13, 17, 19, 23, 29, 31, 37, 41, 43, 47, 53, 59, 61, 67, 71, 73, 79, 83, 89, 97];\n    let mut i = primes.len() as isize;\n    while i < n {\n        let mut j = 0;\n        let mut is_prime = true;\n        while primes[j as usize] * primes[j as usize] <= primes[i as usize] {\n            if primes[i as usize] % primes[j as usize] == 0 {\n                is_prime = false;\n                break;\n            }\n            j += 1;\n        }\n        if is_prime {\n            primes.push(primes[i as usize]);\n            i += 1;\n        }\n        primes[i as usize] += 2;\n    }\n    primes[n as usize]\n}\n\nfn main() {\n    let candidate = newman_prime;\n    assert_eq!(candidate(3), 7);\n    assert_eq!(candidate(4), 17);\n    assert_eq!(candidate(5), 41);\n}\n",
      "timestamp": 1666123120,
      "stdout": "",
      "stderr": "thread 'main' panicked at 'assertion failed: `(left == right)`\n  left: `11`,\n right: `17`', /tmp/tmpt9isbmo3.rs:27:5\nnote: run with `RUST_BACKTRACE=1` environment variable to display a backtrace\n",
      "exit_code": 101,
      "status": "Exception"
    },
    {
      "program": "/// Write a function to find the nth newman\u2013shanks\u2013williams prime number.\nfn newman_prime(n: isize) -> isize {\n    let mut p = 2;\n    let mut i = 0;\n    while i < n {\n        p = next_prime(p);\n        if is_prime(2 * p + 1) {\n            i += 1;\n        }\n    }\n    p\n}\n\nfn main() {\n    let candidate = newman_prime;\n    assert_eq!(candidate(3), 7);\n    assert_eq!(candidate(4), 17);\n    assert_eq!(candidate(5), 41);\n}\n",
      "timestamp": 1666123114,
      "stdout": "",
      "stderr": "error[E0425]: cannot find function `next_prime` in this scope\n --> /tmp/tmpmil8mgm0.rs:6:13\n  |\n6 |         p = next_prime(p);\n  |             ^^^^^^^^^^ not found in this scope\n\nerror[E0425]: cannot find function `is_prime` in this scope\n --> /tmp/tmpmil8mgm0.rs:7:12\n  |\n7 |         if is_prime(2 * p + 1) {\n  |            ^^^^^^^^ not found in this scope\n\nerror: aborting due to 2 previous errors\n\nFor more information about this error, try `rustc --explain E0425`.\n",
      "exit_code": 1,
      "status": "SyntaxError"
    },
    {
      "program": "/// Write a function to find the nth newman\u2013shanks\u2013williams prime number.\nfn newman_prime(n: isize) -> isize {\n    let mut p = 1;\n    for _ in 0..n {\n        p = newman_prime_next(p);\n    }\n    p\n}\n\nfn main() {\n    let candidate = newman_prime;\n    assert_eq!(candidate(3), 7);\n    assert_eq!(candidate(4), 17);\n    assert_eq!(candidate(5), 41);\n}\n",
      "timestamp": 1665510425,
      "stdout": "",
      "stderr": "error[E0425]: cannot find function `newman_prime_next` in this scope\n --> /tmp/tmpys2fvsz6.rs:5:13\n  |\n5 |         p = newman_prime_next(p);\n  |             ^^^^^^^^^^^^^^^^^ not found in this scope\n\nerror: aborting due to previous error\n\nFor more information about this error, try `rustc --explain E0425`.\n",
      "exit_code": 1,
      "status": "SyntaxError"
    },
    {
      "program": "/// Write a function to find the nth newman\u2013shanks\u2013williams prime number.\nfn newman_prime(n: isize) -> isize {\n    let mut p = 1;\n    let mut i = 0;\n    while i < n {\n        p += 2 * (p - 1);\n        if is_prime(p) {\n            i += 1;\n        }\n    }\n    p\n}\n\nfn main() {\n    let candidate = newman_prime;\n    assert_eq!(candidate(3), 7);\n    assert_eq!(candidate(4), 17);\n    assert_eq!(candidate(5), 41);\n}\n",
      "timestamp": 1665510425,
      "stdout": "",
      "stderr": "error[E0425]: cannot find function `is_prime` in this scope\n --> /tmp/tmp24ysx7vz.rs:7:12\n  |\n7 |         if is_prime(p) {\n  |            ^^^^^^^^ not found in this scope\n\nerror: aborting due to previous error\n\nFor more information about this error, try `rustc --explain E0425`.\n",
      "exit_code": 1,
      "status": "SyntaxError"
    },
    {
      "program": "/// Write a function to find the nth newman\u2013shanks\u2013williams prime number.\nfn newman_prime(n: isize) -> isize {\n    let mut p = 1;\n    let mut i = 0;\n    while i < n {\n        p += 2 * (p - 1);\n        if is_prime(p) {\n            i += 1;\n        }\n    }\n    p\n}\n\nfn main() {\n    let candidate = newman_prime;\n    assert_eq!(candidate(3), 7);\n    assert_eq!(candidate(4), 17);\n    assert_eq!(candidate(5), 41);\n}\n",
      "timestamp": 1665510425,
      "stdout": "",
      "stderr": "error[E0425]: cannot find function `is_prime` in this scope\n --> /tmp/tmp24ysx7vz.rs:7:12\n  |\n7 |         if is_prime(p) {\n  |            ^^^^^^^^ not found in this scope\n\nerror: aborting due to previous error\n\nFor more information about this error, try `rustc --explain E0425`.\n",
      "exit_code": 1,
      "status": "SyntaxError"
    },
    {
      "program": "/// Write a function to find the nth newman\u2013shanks\u2013williams prime number.\nfn newman_prime(n: isize) -> isize {\n    let mut p = 1;\n    let mut i = 0;\n    while i < n {\n        p += 2 * (p - 1);\n        if is_prime(p) {\n            i += 1;\n        }\n    }\n    p\n}\n\nfn main() {\n    let candidate = newman_prime;\n    assert_eq!(candidate(3), 7);\n    assert_eq!(candidate(4), 17);\n    assert_eq!(candidate(5), 41);\n}\n",
      "timestamp": 1665510425,
      "stdout": "",
      "stderr": "error[E0425]: cannot find function `is_prime` in this scope\n --> /tmp/tmp24ysx7vz.rs:7:12\n  |\n7 |         if is_prime(p) {\n  |            ^^^^^^^^ not found in this scope\n\nerror: aborting due to previous error\n\nFor more information about this error, try `rustc --explain E0425`.\n",
      "exit_code": 1,
      "status": "SyntaxError"
    },
    {
      "program": "/// Write a function to find the nth newman\u2013shanks\u2013williams prime number.\nfn newman_prime(n: isize) -> isize {\n    let mut p = 1;\n    let mut i = 0;\n    while i < n {\n        p += 2 * (p - 1);\n        if is_prime(p) {\n            i += 1;\n        }\n    }\n    p\n}\n\nfn main() {\n    let candidate = newman_prime;\n    assert_eq!(candidate(3), 7);\n    assert_eq!(candidate(4), 17);\n    assert_eq!(candidate(5), 41);\n}\n",
      "timestamp": 1665510425,
      "stdout": "",
      "stderr": "error[E0425]: cannot find function `is_prime` in this scope\n --> /tmp/tmp24ysx7vz.rs:7:12\n  |\n7 |         if is_prime(p) {\n  |            ^^^^^^^^ not found in this scope\n\nerror: aborting due to previous error\n\nFor more information about this error, try `rustc --explain E0425`.\n",
      "exit_code": 1,
      "status": "SyntaxError"
    },
    {
      "program": "/// Write a function to find the nth newman\u2013shanks\u2013williams prime number.\nfn newman_prime(n: isize) -> isize {\n    let mut p = 1;\n    for _ in 0..n {\n        p = newman_prime_next(p);\n    }\n    p\n}\n\nfn main() {\n    let candidate = newman_prime;\n    assert_eq!(candidate(3), 7);\n    assert_eq!(candidate(4), 17);\n    assert_eq!(candidate(5), 41);\n}\n",
      "timestamp": 1665510425,
      "stdout": "",
      "stderr": "error[E0425]: cannot find function `newman_prime_next` in this scope\n --> /tmp/tmpys2fvsz6.rs:5:13\n  |\n5 |         p = newman_prime_next(p);\n  |             ^^^^^^^^^^^^^^^^^ not found in this scope\n\nerror: aborting due to previous error\n\nFor more information about this error, try `rustc --explain E0425`.\n",
      "exit_code": 1,
      "status": "SyntaxError"
    },
    {
      "program": "/// Write a function to find the nth newman\u2013shanks\u2013williams prime number.\nfn newman_prime(n: isize) -> isize {\n    let mut primes = vec![2, 3, 5, 7, 11, 13, 17, 19, 23, 29, 31, 37, 41, 43, 47, 53, 59, 61, 67, 71, 73, 79, 83, 89, 97];\n    let mut i = primes.len() as isize;\n    while primes.len() < n as usize {\n        let mut is_prime = true;\n        for p in primes.iter() {\n            if i % p == 0 {\n                is_prime = false;\n                break;\n            }\n        }\n        if is_prime {\n            primes.push(i);\n        }\n        i += 1;\n    }\n    primes[n as usize - 1]\n}\n\nfn main() {\n    let candidate = newman_prime;\n    assert_eq!(candidate(3), 7);\n    assert_eq!(candidate(4), 17);\n    assert_eq!(candidate(5), 41);\n}\n",
      "timestamp": 1666123120,
      "stdout": "",
      "stderr": "thread 'main' panicked at 'assertion failed: `(left == right)`\n  left: `5`,\n right: `7`', /tmp/tmpkt4uw78k.rs:23:5\nnote: run with `RUST_BACKTRACE=1` environment variable to display a backtrace\n",
      "exit_code": 101,
      "status": "Exception"
    },
    {
      "program": "/// Write a function to find the nth newman\u2013shanks\u2013williams prime number.\nfn newman_prime(n: isize) -> isize {\n    let mut primes = vec![2, 3, 5, 7, 11, 13, 17, 19, 23, 29, 31, 37, 41, 43, 47, 53, 59, 61, 67, 71, 73, 79, 83, 89, 97, 101, 103, 107, 109, 113, 127, 131, 137, 139, 149, 151, 157, 163, 167, 173, 179, 181, 191, 193, 197, 199, 211, 223, 227, 229, 233, 239, 241, 251, 257, 263, 269, 271, 277, 281, 283, 293, 307, 311, 313, 317, 331, 337, 347, 349, 353, 359, 367, 373, 379, 383, 389, 397, 401, 409, 419, 421, 431, 433, 439, 443, 449, 457, 461, 463, 467, 479, 487, 491, 499, 503, 509, 521, 523, 541, 547, 557, 563, 569, 571, 577, 587, 593, 599, 601, 607, 613, 617, 619, 631, 641, 643, 647, 653, 659, 661, 673, 677, 683, 691, 701, 709, 719, 727, 733, 739, 743, 751, 757, 761, 769, 773, 787, 797, 809, 811, 821, 823, 827, 829, 839, 853, 857, 859, 863, 877, 881, 883, 887, 907, 911, 919, 929, 937, 941, 947, 953, 967, 971, 977, 983, 991, 997, 1009, 1013, 1019, 1021, 1031, 1033, 1039, 1049, 1051, 1061, 1063, 1069, 1087, 1091, 1093, 1097, 1103, 1109, 1117, 1123, 1129, 1151, 1153, 1163, 1171, 1181, 1187, 1193, 1201,\n}\n\nfn main() {\n    let candidate = newman_prime;\n    assert_eq!(candidate(3), 7);\n    assert_eq!(candidate(4), 17);\n    assert_eq!(candidate(5), 41);\n}\n",
      "timestamp": 1665510425,
      "stdout": "",
      "stderr": "error: expected one of `.`, `;`, `?`, `else`, or an operator, found `}`\n --> /tmp/tmpgyhlu5rw.rs:4:1\n  |\n4 | }\n  | ^ expected one of `.`, `;`, `?`, `else`, or an operator\n\nerror: mismatched closing delimiter: `}`\n --> /tmp/tmpgyhlu5rw.rs:3:26\n  |\n2 | fn newman_prime(n: isize) -> isize {\n  |                                    - closing delimiter possibly meant for this\n3 |     let mut primes = vec![2, 3, 5, 7, 11, 13, 17, 19, 23, 29, 31, 37, 41, 43, 47, 53, 59, 61, 67, 71, 73, 79, 83, 89, 97, 101, 103, 107, ...\n  |                          ^ unclosed delimiter\n4 | }\n  | ^ mismatched closing delimiter\n\nerror: aborting due to 2 previous errors\n\n",
      "exit_code": 1,
      "status": "SyntaxError"
    },
    {
      "program": "/// Write a function to find the nth newman\u2013shanks\u2013williams prime number.\nfn newman_prime(n: isize) -> isize {\n    let mut p = 2;\n    let mut i = 0;\n    while i < n {\n        p = next_prime(p);\n        if is_prime(2 * p + 1) {\n            i += 1;\n        }\n    }\n    p\n}\n\nfn main() {\n    let candidate = newman_prime;\n    assert_eq!(candidate(3), 7);\n    assert_eq!(candidate(4), 17);\n    assert_eq!(candidate(5), 41);\n}\n",
      "timestamp": 1666123114,
      "stdout": "",
      "stderr": "error[E0425]: cannot find function `next_prime` in this scope\n --> /tmp/tmpmil8mgm0.rs:6:13\n  |\n6 |         p = next_prime(p);\n  |             ^^^^^^^^^^ not found in this scope\n\nerror[E0425]: cannot find function `is_prime` in this scope\n --> /tmp/tmpmil8mgm0.rs:7:12\n  |\n7 |         if is_prime(2 * p + 1) {\n  |            ^^^^^^^^ not found in this scope\n\nerror: aborting due to 2 previous errors\n\nFor more information about this error, try `rustc --explain E0425`.\n",
      "exit_code": 1,
      "status": "SyntaxError"
    },
    {
      "program": "/// Write a function to find the nth newman\u2013shanks\u2013williams prime number.\nfn newman_prime(n: isize) -> isize {\n    let mut p = 1;\n    let mut i = 0;\n    while i < n {\n        p += 2 * (p - 1);\n        if is_prime(p) {\n            i += 1;\n        }\n    }\n    p\n}\n\nfn main() {\n    let candidate = newman_prime;\n    assert_eq!(candidate(3), 7);\n    assert_eq!(candidate(4), 17);\n    assert_eq!(candidate(5), 41);\n}\n",
      "timestamp": 1665510425,
      "stdout": "",
      "stderr": "error[E0425]: cannot find function `is_prime` in this scope\n --> /tmp/tmp24ysx7vz.rs:7:12\n  |\n7 |         if is_prime(p) {\n  |            ^^^^^^^^ not found in this scope\n\nerror: aborting due to previous error\n\nFor more information about this error, try `rustc --explain E0425`.\n",
      "exit_code": 1,
      "status": "SyntaxError"
    },
    {
      "program": "/// Write a function to find the nth newman\u2013shanks\u2013williams prime number.\nfn newman_prime(n: isize) -> isize {\n    let mut primes = vec![2, 3, 5, 7, 11, 13, 17, 19, 23, 29, 31, 37, 41, 43, 47, 53, 59, 61, 67, 71, 73, 79, 83, 89, 97, 101, 103, 107, 109, 113, 127, 131, 137, 139, 149, 151, 157, 163, 167, 173, 179, 181, 191, 193, 197, 199, 211, 223, 227, 229, 233, 239, 241, 251, 257, 263, 269, 271, 277, 281, 283, 293, 307, 311, 313, 317, 331, 337, 347, 349, 353, 359, 367, 373, 379, 383, 389, 397, 401, 409, 419, 421, 431, 433, 439, 443, 449, 457, 461, 463, 467, 479, 487, 491, 499, 503, 509, 521, 523, 541, 547, 557, 563, 569, 571, 577, 587, 593, 599, 601, 607, 613, 617, 619, 631, 641, 643, 647, 653, 659, 661, 673, 677, 683, 691, 701, 709, 719, 727, 733, 739, 743, 751, 757, 761, 769, 773, 787, 797, 809, 811, 821, 823, 827, 829, 839, 853, 857, 859, 863, 877, 881, 883, 887, 907, 911, 919, 929, 937, 941, 947, 953, 967, 971, 977, 983, 991, 997, 1009, 1013, 1019, 1021, 1031, 1033, 1039, 1049, 1051, 1061, 1063, 1069, 1087, 1091, 1093, 1097, 1103, 1109, 1117, 1123, 1129, 1151, 1153, 1163, 1171, 1181, 1187, 1193, 1201,\n}\n\nfn main() {\n    let candidate = newman_prime;\n    assert_eq!(candidate(3), 7);\n    assert_eq!(candidate(4), 17);\n    assert_eq!(candidate(5), 41);\n}\n",
      "timestamp": 1665510425,
      "stdout": "",
      "stderr": "error: expected one of `.`, `;`, `?`, `else`, or an operator, found `}`\n --> /tmp/tmpgyhlu5rw.rs:4:1\n  |\n4 | }\n  | ^ expected one of `.`, `;`, `?`, `else`, or an operator\n\nerror: mismatched closing delimiter: `}`\n --> /tmp/tmpgyhlu5rw.rs:3:26\n  |\n2 | fn newman_prime(n: isize) -> isize {\n  |                                    - closing delimiter possibly meant for this\n3 |     let mut primes = vec![2, 3, 5, 7, 11, 13, 17, 19, 23, 29, 31, 37, 41, 43, 47, 53, 59, 61, 67, 71, 73, 79, 83, 89, 97, 101, 103, 107, ...\n  |                          ^ unclosed delimiter\n4 | }\n  | ^ mismatched closing delimiter\n\nerror: aborting due to 2 previous errors\n\n",
      "exit_code": 1,
      "status": "SyntaxError"
    },
    {
      "program": "/// Write a function to find the nth newman\u2013shanks\u2013williams prime number.\nfn newman_prime(n: isize) -> isize {\n    let mut p = 2;\n    let mut i = 0;\n    while i < n {\n        p = next_prime(p);\n        if p % 4 == 3 {\n            i += 1;\n        }\n    }\n    p\n}\n\nfn main() {\n    let candidate = newman_prime;\n    assert_eq!(candidate(3), 7);\n    assert_eq!(candidate(4), 17);\n    assert_eq!(candidate(5), 41);\n}\n",
      "timestamp": 1666123120,
      "stdout": "",
      "stderr": "error[E0425]: cannot find function `next_prime` in this scope\n --> /tmp/tmpwcoftvyz.rs:6:13\n  |\n6 |         p = next_prime(p);\n  |             ^^^^^^^^^^ not found in this scope\n\nerror: aborting due to previous error\n\nFor more information about this error, try `rustc --explain E0425`.\n",
      "exit_code": 1,
      "status": "SyntaxError"
    },
    {
      "program": "/// Write a function to find the nth newman\u2013shanks\u2013williams prime number.\nfn newman_prime(n: isize) -> isize {\n    let mut p = 2;\n    let mut i = 0;\n    while i < n {\n        p = next_prime(p);\n        let mut q = p;\n        while q % 4 == 3 {\n            q = next_prime(q);\n        }\n        if q % 4 == 1 {\n            i += 1;\n        }\n    }\n    p\n}\n\nfn main() {\n    let candidate = newman_prime;\n    assert_eq!(candidate(3), 7);\n    assert_eq!(candidate(4), 17);\n    assert_eq!(candidate(5), 41);\n}\n",
      "timestamp": 1666123114,
      "stdout": "",
      "stderr": "error[E0425]: cannot find function `next_prime` in this scope\n --> /tmp/tmpdn3s94cy.rs:6:13\n  |\n6 |         p = next_prime(p);\n  |             ^^^^^^^^^^ not found in this scope\n\nerror[E0425]: cannot find function `next_prime` in this scope\n --> /tmp/tmpdn3s94cy.rs:9:17\n  |\n9 |             q = next_prime(q);\n  |                 ^^^^^^^^^^ not found in this scope\n\nerror: aborting due to 2 previous errors\n\nFor more information about this error, try `rustc --explain E0425`.\n",
      "exit_code": 1,
      "status": "SyntaxError"
    },
    {
      "program": "/// Write a function to find the nth newman\u2013shanks\u2013williams prime number.\nfn newman_prime(n: isize) -> isize {\n    let mut primes = vec![2, 3, 5, 7, 11, 13, 17, 19, 23, 29, 31, 37, 41, 43, 47, 53, 59, 61, 67, 71, 73, 79, 83, 89, 97];\n    let mut p = primes[primes.len() - 1];\n    while primes.len() < n as usize {\n        p += 2;\n        if primes.iter().all(|&x| p % x != 0) {\n            primes.push(p);\n        }\n    }\n    primes[n as usize - 1]\n}\n\nfn main() {\n    let candidate = newman_prime;\n    assert_eq!(candidate(3), 7);\n    assert_eq!(candidate(4), 17);\n    assert_eq!(candidate(5), 41);\n}\n",
      "timestamp": 1666123120,
      "stdout": "",
      "stderr": "thread 'main' panicked at 'assertion failed: `(left == right)`\n  left: `5`,\n right: `7`', /tmp/tmpy15__ucn.rs:16:5\nnote: run with `RUST_BACKTRACE=1` environment variable to display a backtrace\n",
      "exit_code": 101,
      "status": "Exception"
    },
    {
      "program": "/// Write a function to find the nth newman\u2013shanks\u2013williams prime number.\nfn newman_prime(n: isize) -> isize {\n    let mut n = n;\n    let mut p = 1;\n    let mut q = 1;\n    let mut r = 1;\n    let mut s = 1;\n    let mut t = 1;\n    let mut u = 1;\n    let mut v = 1;\n    let mut w = 1;\n    let mut x = 1;\n    let mut y = 1;\n    let mut z = 1;\n    let mut a = 1;\n    let mut b = 1;\n    let mut c = 1;\n    let mut d = 1;\n    let mut e = 1;\n    let mut f = 1;\n    let mut g = 1;\n    let mut h = 1;\n    let mut i = 1;\n    let mut j = 1;\n    let mut k = 1;\n    let mut l = 1;\n    let mut m = 1;\n    let mut o = 1;\n    let mut qq = 1;\n    let mut rr = 1;\n    let mut ss = 1;\n    let mut tt = 1;\n    let mut uu = 1;\n    let mut vv = 1;\n    let mut ww = 1;\n    let mut xx = 1;\n    let mut yy = 1;\n    let mut zz = 1;\n    let mut aa = 1;\n    let mut bb = 1;\n    let mut cc = 1;\n    let mut dd = 1;\n    let mut ee = 1;\n    let mut ff = 1;\n    let mut gg = 1;\n    let mut hh = 1;\n    let mut ii = 1;\n    let mut jj = 1;\n    let mut kk = 1;\n    let mut ll = 1;\n    let mut mm = 1;\n    let mut oo = 1;\n    let mut qqq = 1;\n    let mut rrr = 1;\n    let mut sss = 1;\n    let mut ttt = 1;\n    let mut uuu = 1;\n    let mut vvv = 1;\n    let mut www = 1;\n    let mut xxx = 1;\n    let mut yyy = 1;\n    let mut zzz = 1;\n    let mut aaa =\n}\n\nfn main() {\n    let candidate = newman_prime;\n    assert_eq!(candidate(3), 7);\n    assert_eq!(candidate(4), 17);\n    assert_eq!(candidate(5), 41);\n}\n",
      "timestamp": 1666123120,
      "stdout": "",
      "stderr": "error: expected expression, found `}`\n  --> /tmp/tmprgzjpg68.rs:64:1\n   |\n64 | }\n   | ^ expected expression\n\nerror: aborting due to previous error\n\n",
      "exit_code": 1,
      "status": "SyntaxError"
    },
    {
      "program": "/// Write a function to find the nth newman\u2013shanks\u2013williams prime number.\nfn newman_prime(n: isize) -> isize {\n    let mut p = 2;\n    let mut i = 0;\n    while i < n {\n        p = next_prime(p);\n        if is_prime(p * p - p + 1) {\n            i += 1;\n        }\n    }\n    p\n}\n\nfn main() {\n    let candidate = newman_prime;\n    assert_eq!(candidate(3), 7);\n    assert_eq!(candidate(4), 17);\n    assert_eq!(candidate(5), 41);\n}\n",
      "timestamp": 1666123114,
      "stdout": "",
      "stderr": "error[E0425]: cannot find function `next_prime` in this scope\n --> /tmp/tmpkawhabd9.rs:6:13\n  |\n6 |         p = next_prime(p);\n  |             ^^^^^^^^^^ not found in this scope\n\nerror[E0425]: cannot find function `is_prime` in this scope\n --> /tmp/tmpkawhabd9.rs:7:12\n  |\n7 |         if is_prime(p * p - p + 1) {\n  |            ^^^^^^^^ not found in this scope\n\nerror: aborting due to 2 previous errors\n\nFor more information about this error, try `rustc --explain E0425`.\n",
      "exit_code": 1,
      "status": "SyntaxError"
    },
    {
      "program": "/// Write a function to find the nth newman\u2013shanks\u2013williams prime number.\nfn newman_prime(n: isize) -> isize {\n    let mut p = 1;\n    let mut i = 0;\n    while i < n {\n        p += 2 * (p - 1);\n        if is_prime(p) {\n            i += 1;\n        }\n    }\n    p\n}\n\nfn main() {\n    let candidate = newman_prime;\n    assert_eq!(candidate(3), 7);\n    assert_eq!(candidate(4), 17);\n    assert_eq!(candidate(5), 41);\n}\n",
      "timestamp": 1665510425,
      "stdout": "",
      "stderr": "error[E0425]: cannot find function `is_prime` in this scope\n --> /tmp/tmp24ysx7vz.rs:7:12\n  |\n7 |         if is_prime(p) {\n  |            ^^^^^^^^ not found in this scope\n\nerror: aborting due to previous error\n\nFor more information about this error, try `rustc --explain E0425`.\n",
      "exit_code": 1,
      "status": "SyntaxError"
    },
    {
      "program": "/// Write a function to find the nth newman\u2013shanks\u2013williams prime number.\nfn newman_prime(n: isize) -> isize {\n    let mut primes = vec![2, 3, 5, 7, 11, 13, 17, 19, 23, 29, 31, 37, 41, 43, 47, 53, 59, 61, 67, 71, 73, 79, 83, 89, 97, 101, 103, 107, 109, 113, 127, 131, 137, 139, 149, 151, 157, 163, 167, 173, 179, 181, 191, 193, 197, 199, 211, 223, 227, 229, 233, 239, 241, 251, 257, 263, 269, 271, 277, 281, 283, 293, 307, 311, 313, 317, 331, 337, 347, 349, 353, 359, 367, 373, 379, 383, 389, 397, 401, 409, 419, 421, 431, 433, 439, 443, 449, 457, 461, 463, 467, 479, 487, 491, 499, 503, 509, 521, 523, 541, 547, 557, 563, 569, 571, 577, 587, 593, 599, 601, 607, 613, 617, 619, 631, 641, 643, 647, 653, 659, 661, 673, 677, 683, 691, 701, 709, 719, 727, 733, 739, 743, 751, 757, 761, 769, 773, 787, 797, 809, 811, 821, 823, 827, 829, 839, 853, 857, 859, 863, 877, 881, 883, 887, 907, 911, 919, 929, 937, 941, 947, 953, 967, 971, 977, 983, 991, 997, 1009, 1013, 1019, 1021, 1031, 1033, 1039, 1049, 1051, 1061, 1063, 1069, 1087, 1091, 1093, 1097, 1103, 1109, 1117, 1123, 1129, 1151, 1153, 1163, 1171, 1181, 1187, 1193, 1201,\n}\n\nfn main() {\n    let candidate = newman_prime;\n    assert_eq!(candidate(3), 7);\n    assert_eq!(candidate(4), 17);\n    assert_eq!(candidate(5), 41);\n}\n",
      "timestamp": 1665510425,
      "stdout": "",
      "stderr": "error: expected one of `.`, `;`, `?`, `else`, or an operator, found `}`\n --> /tmp/tmpgyhlu5rw.rs:4:1\n  |\n4 | }\n  | ^ expected one of `.`, `;`, `?`, `else`, or an operator\n\nerror: mismatched closing delimiter: `}`\n --> /tmp/tmpgyhlu5rw.rs:3:26\n  |\n2 | fn newman_prime(n: isize) -> isize {\n  |                                    - closing delimiter possibly meant for this\n3 |     let mut primes = vec![2, 3, 5, 7, 11, 13, 17, 19, 23, 29, 31, 37, 41, 43, 47, 53, 59, 61, 67, 71, 73, 79, 83, 89, 97, 101, 103, 107, ...\n  |                          ^ unclosed delimiter\n4 | }\n  | ^ mismatched closing delimiter\n\nerror: aborting due to 2 previous errors\n\n",
      "exit_code": 1,
      "status": "SyntaxError"
    },
    {
      "program": "/// Write a function to find the nth newman\u2013shanks\u2013williams prime number.\nfn newman_prime(n: isize) -> isize {\n    let mut i = 0;\n    let mut p = 2;\n    while i < n {\n        p = next_prime(p);\n        if p % 4 == 3 {\n            i += 1;\n        }\n    }\n    p\n}\n\nfn main() {\n    let candidate = newman_prime;\n    assert_eq!(candidate(3), 7);\n    assert_eq!(candidate(4), 17);\n    assert_eq!(candidate(5), 41);\n}\n",
      "timestamp": 1665510425,
      "stdout": "",
      "stderr": "error[E0425]: cannot find function `next_prime` in this scope\n --> /tmp/tmpqlwpnqbv.rs:6:13\n  |\n6 |         p = next_prime(p);\n  |             ^^^^^^^^^^ not found in this scope\n\nerror: aborting due to previous error\n\nFor more information about this error, try `rustc --explain E0425`.\n",
      "exit_code": 1,
      "status": "SyntaxError"
    },
    {
      "program": "/// Write a function to find the nth newman\u2013shanks\u2013williams prime number.\nfn newman_prime(n: isize) -> isize {\n    let mut i = 0;\n    let mut j = 0;\n    let mut k = 0;\n    let mut p = 0;\n    let mut q = 0;\n    let mut r = 0;\n    let mut s = 0;\n    let mut t = 0;\n    let mut u = 0;\n    let mut v = 0;\n    let mut w = 0;\n    let mut x = 0;\n    let mut y = 0;\n    let mut z = 0;\n    let mut a = 0;\n    let mut b = 0;\n    let mut c = 0;\n    let mut d = 0;\n    let mut e = 0;\n    let mut f = 0;\n    let mut g = 0;\n    let mut h = 0;\n    let mut m = 0;\n    let mut n = n;\n    let mut o = 0;\n    let mut p_prime = 0;\n    let mut q_prime = 0;\n    let mut r_prime = 0;\n    let mut s_prime = 0;\n    let mut t_prime = 0;\n    let mut u_prime = 0;\n    let mut v_prime = 0;\n    let mut w_prime = 0;\n    let mut x_prime = 0;\n    let mut y_prime = 0;\n    let mut z_prime = 0;\n    let mut a_prime = 0;\n    let mut b_prime = 0;\n    let mut c_prime = 0;\n    let mut d_prime = 0;\n    let mut e_prime = 0;\n    let mut f_prime = 0;\n    let mut g_prime = 0;\n    let mut h_prime = 0;\n    let mut m_prime = 0;\n    let mut n_prime = 0;\n    let mut o_prime = 0;\n    let mut p_prime_prime = 0;\n    let mut q_prime_prime = 0;\n    let mut r_prime_prime = 0;\n    let mut s_prime_prime = 0;\n    let mut t_prime_prime = 0;\n    let mut u_prime_prime = 0;\n    let mut v_prime_prime = 0;\n    let mut w_prime_\n}\n\nfn main() {\n    let candidate = newman_prime;\n    assert_eq!(candidate(3), 7);\n    assert_eq!(candidate(4), 17);\n    assert_eq!(candidate(5), 41);\n}\n",
      "timestamp": 1666123120,
      "stdout": "",
      "stderr": "error: expected `;`, found `}`\n  --> /tmp/tmpgd83ca3k.rs:57:21\n   |\n57 |     let mut w_prime_\n   |                     ^ help: add `;` here\n58 | }\n   | - unexpected token\n\nerror[E0308]: mismatched types\n --> /tmp/tmpgd83ca3k.rs:2:30\n  |\n2 | fn newman_prime(n: isize) -> isize {\n  |    ------------              ^^^^^ expected `isize`, found `()`\n  |    |\n  |    implicitly returns `()` as its body has no tail or `return` expression\n\nerror: aborting due to 2 previous errors\n\nFor more information about this error, try `rustc --explain E0308`.\n",
      "exit_code": 1,
      "status": "SyntaxError"
    },
    {
      "program": "/// Write a function to find the nth newman\u2013shanks\u2013williams prime number.\nfn newman_prime(n: isize) -> isize {\n    let mut p = 1;\n    for _ in 0..n {\n        p = newman_prime_next(p);\n    }\n    p\n}\n\nfn main() {\n    let candidate = newman_prime;\n    assert_eq!(candidate(3), 7);\n    assert_eq!(candidate(4), 17);\n    assert_eq!(candidate(5), 41);\n}\n",
      "timestamp": 1665510425,
      "stdout": "",
      "stderr": "error[E0425]: cannot find function `newman_prime_next` in this scope\n --> /tmp/tmpys2fvsz6.rs:5:13\n  |\n5 |         p = newman_prime_next(p);\n  |             ^^^^^^^^^^^^^^^^^ not found in this scope\n\nerror: aborting due to previous error\n\nFor more information about this error, try `rustc --explain E0425`.\n",
      "exit_code": 1,
      "status": "SyntaxError"
    },
    {
      "program": "/// Write a function to find the nth newman\u2013shanks\u2013williams prime number.\nfn newman_prime(n: isize) -> isize {\n    let mut i = 0;\n    let mut p = 2;\n    while i < n {\n        p = next_prime(p);\n        if !is_prime(p - 2) {\n            i += 1;\n        }\n    }\n    p\n}\n\nfn main() {\n    let candidate = newman_prime;\n    assert_eq!(candidate(3), 7);\n    assert_eq!(candidate(4), 17);\n    assert_eq!(candidate(5), 41);\n}\n",
      "timestamp": 1666123120,
      "stdout": "",
      "stderr": "error[E0425]: cannot find function `next_prime` in this scope\n --> /tmp/tmpwd8wox7j.rs:6:13\n  |\n6 |         p = next_prime(p);\n  |             ^^^^^^^^^^ not found in this scope\n\nerror[E0425]: cannot find function `is_prime` in this scope\n --> /tmp/tmpwd8wox7j.rs:7:13\n  |\n7 |         if !is_prime(p - 2) {\n  |             ^^^^^^^^ not found in this scope\n\nerror: aborting due to 2 previous errors\n\nFor more information about this error, try `rustc --explain E0425`.\n",
      "exit_code": 1,
      "status": "SyntaxError"
    },
    {
      "program": "/// Write a function to find the nth newman\u2013shanks\u2013williams prime number.\nfn newman_prime(n: isize) -> isize {\n    let mut primes = vec![2, 3, 5, 7, 11, 13, 17, 19, 23, 29, 31, 37, 41, 43, 47, 53, 59, 61, 67, 71, 73, 79, 83, 89, 97, 101, 103, 107, 109, 113, 127, 131, 137, 139, 149, 151, 157, 163, 167, 173, 179, 181, 191, 193, 197, 199, 211, 223, 227, 229, 233, 239, 241, 251, 257, 263, 269, 271, 277, 281, 283, 293, 307, 311, 313, 317, 331, 337, 347, 349, 353, 359, 367, 373, 379, 383, 389, 397, 401, 409, 419, 421, 431, 433, 439, 443, 449, 457, 461, 463, 467, 479, 487, 491, 499, 503, 509, 521, 523, 541, 547, 557, 563, 569, 571, 577, 587, 593, 599, 601, 607, 613, 617, 619, 631, 641, 643, 647, 653, 659, 661, 673, 677, 683, 691, 701, 709, 719, 727, 733, 739, 743, 751, 757, 761, 769, 773, 787, 797, 809, 811, 821, 823, 827, 829, 839, 853, 857, 859, 863, 877, 881, 883, 887, 907, 911, 919, 929, 937, 941, 947, 953, 967, 971, 977, 983, 991, 997, 1009, 1013, 1019, 1021, 1031, 1033, 1039, 1049, 1051, 1061, 1063, 1069, 1087, 1091, 1093, 1097, 1103, 1109, 1117, 1123, 1129, 1151, 1153, 1163, 1171, 1181, 1187, 1193, 1201,\n}\n\nfn main() {\n    let candidate = newman_prime;\n    assert_eq!(candidate(3), 7);\n    assert_eq!(candidate(4), 17);\n    assert_eq!(candidate(5), 41);\n}\n",
      "timestamp": 1665510425,
      "stdout": "",
      "stderr": "error: expected one of `.`, `;`, `?`, `else`, or an operator, found `}`\n --> /tmp/tmpgyhlu5rw.rs:4:1\n  |\n4 | }\n  | ^ expected one of `.`, `;`, `?`, `else`, or an operator\n\nerror: mismatched closing delimiter: `}`\n --> /tmp/tmpgyhlu5rw.rs:3:26\n  |\n2 | fn newman_prime(n: isize) -> isize {\n  |                                    - closing delimiter possibly meant for this\n3 |     let mut primes = vec![2, 3, 5, 7, 11, 13, 17, 19, 23, 29, 31, 37, 41, 43, 47, 53, 59, 61, 67, 71, 73, 79, 83, 89, 97, 101, 103, 107, ...\n  |                          ^ unclosed delimiter\n4 | }\n  | ^ mismatched closing delimiter\n\nerror: aborting due to 2 previous errors\n\n",
      "exit_code": 1,
      "status": "SyntaxError"
    },
    {
      "program": "/// Write a function to find the nth newman\u2013shanks\u2013williams prime number.\nfn newman_prime(n: isize) -> isize {\n    let mut primes = vec![2, 3, 5, 7, 11];\n    let mut i = primes[primes.len() - 1] + 2;\n    while primes.len() < n as usize {\n        if is_prime(i) {\n            primes.push(i);\n        }\n        i += 2;\n    }\n    primes[n as usize - 1]\n}\n\nfn main() {\n    let candidate = newman_prime;\n    assert_eq!(candidate(3), 7);\n    assert_eq!(candidate(4), 17);\n    assert_eq!(candidate(5), 41);\n}\n",
      "timestamp": 1666123120,
      "stdout": "",
      "stderr": "error[E0425]: cannot find function `is_prime` in this scope\n --> /tmp/tmp1elwr6cy.rs:6:12\n  |\n6 |         if is_prime(i) {\n  |            ^^^^^^^^ not found in this scope\n\nerror: aborting due to previous error\n\nFor more information about this error, try `rustc --explain E0425`.\n",
      "exit_code": 1,
      "status": "SyntaxError"
    },
    {
      "program": "/// Write a function to find the nth newman\u2013shanks\u2013williams prime number.\nfn newman_prime(n: isize) -> isize {\n    let mut p = 1;\n    for _ in 0..n {\n        p = newman_prime_next(p);\n    }\n    p\n}\n\nfn main() {\n    let candidate = newman_prime;\n    assert_eq!(candidate(3), 7);\n    assert_eq!(candidate(4), 17);\n    assert_eq!(candidate(5), 41);\n}\n",
      "timestamp": 1665510425,
      "stdout": "",
      "stderr": "error[E0425]: cannot find function `newman_prime_next` in this scope\n --> /tmp/tmpys2fvsz6.rs:5:13\n  |\n5 |         p = newman_prime_next(p);\n  |             ^^^^^^^^^^^^^^^^^ not found in this scope\n\nerror: aborting due to previous error\n\nFor more information about this error, try `rustc --explain E0425`.\n",
      "exit_code": 1,
      "status": "SyntaxError"
    },
    {
      "program": "/// Write a function to find the nth newman\u2013shanks\u2013williams prime number.\nfn newman_prime(n: isize) -> isize {\n    let mut p = 2;\n    let mut i = 0;\n    while i < n {\n        p = next_prime(p);\n        let mut q = p;\n        while q % 4 == 3 {\n            q = next_prime(q);\n        }\n        if q % 4 == 1 {\n            i += 1;\n        }\n    }\n    p\n}\n\nfn main() {\n    let candidate = newman_prime;\n    assert_eq!(candidate(3), 7);\n    assert_eq!(candidate(4), 17);\n    assert_eq!(candidate(5), 41);\n}\n",
      "timestamp": 1666123114,
      "stdout": "",
      "stderr": "error[E0425]: cannot find function `next_prime` in this scope\n --> /tmp/tmpdn3s94cy.rs:6:13\n  |\n6 |         p = next_prime(p);\n  |             ^^^^^^^^^^ not found in this scope\n\nerror[E0425]: cannot find function `next_prime` in this scope\n --> /tmp/tmpdn3s94cy.rs:9:17\n  |\n9 |             q = next_prime(q);\n  |                 ^^^^^^^^^^ not found in this scope\n\nerror: aborting due to 2 previous errors\n\nFor more information about this error, try `rustc --explain E0425`.\n",
      "exit_code": 1,
      "status": "SyntaxError"
    },
    {
      "program": "/// Write a function to find the nth newman\u2013shanks\u2013williams prime number.\nfn newman_prime(n: isize) -> isize {\n    let mut p = 1;\n    for _ in 0..n {\n        p = newman_prime_next(p);\n    }\n    p\n}\n\nfn main() {\n    let candidate = newman_prime;\n    assert_eq!(candidate(3), 7);\n    assert_eq!(candidate(4), 17);\n    assert_eq!(candidate(5), 41);\n}\n",
      "timestamp": 1665510425,
      "stdout": "",
      "stderr": "error[E0425]: cannot find function `newman_prime_next` in this scope\n --> /tmp/tmpys2fvsz6.rs:5:13\n  |\n5 |         p = newman_prime_next(p);\n  |             ^^^^^^^^^^^^^^^^^ not found in this scope\n\nerror: aborting due to previous error\n\nFor more information about this error, try `rustc --explain E0425`.\n",
      "exit_code": 1,
      "status": "SyntaxError"
    },
    {
      "program": "/// Write a function to find the nth newman\u2013shanks\u2013williams prime number.\nfn newman_prime(n: isize) -> isize {\n    let mut primes = vec![2, 3, 5, 7, 11, 13, 17, 19, 23, 29, 31, 37, 41, 43, 47, 53, 59, 61, 67, 71, 73, 79, 83, 89, 97];\n    let mut i = primes.last().unwrap() + 2;\n    while primes.len() < n as usize {\n        if is_prime(i) {\n            primes.push(i);\n        }\n        i += 2;\n    }\n    primes[n as usize - 1]\n}\n\nfn main() {\n    let candidate = newman_prime;\n    assert_eq!(candidate(3), 7);\n    assert_eq!(candidate(4), 17);\n    assert_eq!(candidate(5), 41);\n}\n",
      "timestamp": 1666123120,
      "stdout": "",
      "stderr": "error[E0425]: cannot find function `is_prime` in this scope\n --> /tmp/tmpmlkbh6dr.rs:6:12\n  |\n6 |         if is_prime(i) {\n  |            ^^^^^^^^ not found in this scope\n\nerror: aborting due to previous error\n\nFor more information about this error, try `rustc --explain E0425`.\n",
      "exit_code": 1,
      "status": "SyntaxError"
    },
    {
      "program": "/// Write a function to find the nth newman\u2013shanks\u2013williams prime number.\nfn newman_prime(n: isize) -> isize {\n    let mut primes = vec![2, 3, 5, 7, 11, 13, 17, 19, 23, 29, 31, 37, 41, 43, 47, 53, 59, 61, 67, 71, 73, 79, 83, 89, 97, 101, 103, 107, 109, 113, 127, 131, 137, 139, 149, 151, 157, 163, 167, 173, 179, 181, 191, 193, 197, 199, 211, 223, 227, 229, 233, 239, 241, 251, 257, 263, 269, 271, 277, 281, 283, 293, 307, 311, 313, 317, 331, 337, 347, 349, 353, 359, 367, 373, 379, 383, 389, 397, 401, 409, 419, 421, 431, 433, 439, 443, 449, 457, 461, 463, 467, 479, 487, 491, 499, 503, 509, 521, 523, 541, 547, 557, 563, 569, 571, 577, 587, 593, 599, 601, 607, 613, 617, 619, 631, 641, 643, 647, 653, 659, 661, 673, 677, 683, 691, 701, 709, 719, 727, 733, 739, 743, 751, 757, 761, 769, 773, 787, 797, 809, 811, 821, 823, 827, 829, 839, 853, 857, 859, 863, 877, 881, 883, 887, 907, 911, 919, 929, 937, 941, 947, 953, 967, 971, 977, 983, 991, 997, 1009, 1013, 1019, 1021, 1031, 1033, 1039, 1049, 1051, 1061, 1063, 1069, 1087, 1091, 1093, 1097, 1103, 1109, 1117, 1123, 1129, 1151, 1153, 1163, 1171, 1181, 1187, 1193, 1201,\n}\n\nfn main() {\n    let candidate = newman_prime;\n    assert_eq!(candidate(3), 7);\n    assert_eq!(candidate(4), 17);\n    assert_eq!(candidate(5), 41);\n}\n",
      "timestamp": 1665510425,
      "stdout": "",
      "stderr": "error: expected one of `.`, `;`, `?`, `else`, or an operator, found `}`\n --> /tmp/tmpgyhlu5rw.rs:4:1\n  |\n4 | }\n  | ^ expected one of `.`, `;`, `?`, `else`, or an operator\n\nerror: mismatched closing delimiter: `}`\n --> /tmp/tmpgyhlu5rw.rs:3:26\n  |\n2 | fn newman_prime(n: isize) -> isize {\n  |                                    - closing delimiter possibly meant for this\n3 |     let mut primes = vec![2, 3, 5, 7, 11, 13, 17, 19, 23, 29, 31, 37, 41, 43, 47, 53, 59, 61, 67, 71, 73, 79, 83, 89, 97, 101, 103, 107, ...\n  |                          ^ unclosed delimiter\n4 | }\n  | ^ mismatched closing delimiter\n\nerror: aborting due to 2 previous errors\n\n",
      "exit_code": 1,
      "status": "SyntaxError"
    },
    {
      "program": "/// Write a function to find the nth newman\u2013shanks\u2013williams prime number.\nfn newman_prime(n: isize) -> isize {\n    let mut p = 1;\n    let mut i = 0;\n    while i < n {\n        p += 2 * (p - 1) + 1;\n        i += 1;\n    }\n    p\n}\n\nfn main() {\n    let candidate = newman_prime;\n    assert_eq!(candidate(3), 7);\n    assert_eq!(candidate(4), 17);\n    assert_eq!(candidate(5), 41);\n}\n",
      "timestamp": 1665510425,
      "stdout": "",
      "stderr": "thread 'main' panicked at 'assertion failed: `(left == right)`\n  left: `14`,\n right: `7`', /tmp/tmpr7dwgbk6.rs:14:5\nnote: run with `RUST_BACKTRACE=1` environment variable to display a backtrace\n",
      "exit_code": 101,
      "status": "Exception"
    },
    {
      "program": "/// Write a function to find the nth newman\u2013shanks\u2013williams prime number.\nfn newman_prime(n: isize) -> isize {\n    let mut primes = vec![2];\n    let mut i = 3;\n    while primes.len() < n as usize {\n        if is_prime(i) {\n            primes.push(i);\n        }\n        i += 2;\n    }\n    primes[n as usize - 1]\n}\n\nfn main() {\n    let candidate = newman_prime;\n    assert_eq!(candidate(3), 7);\n    assert_eq!(candidate(4), 17);\n    assert_eq!(candidate(5), 41);\n}\n",
      "timestamp": 1666123120,
      "stdout": "",
      "stderr": "error[E0425]: cannot find function `is_prime` in this scope\n --> /tmp/tmpi0mx2ov2.rs:6:12\n  |\n6 |         if is_prime(i) {\n  |            ^^^^^^^^ not found in this scope\n\nerror: aborting due to previous error\n\nFor more information about this error, try `rustc --explain E0425`.\n",
      "exit_code": 1,
      "status": "SyntaxError"
    },
    {
      "program": "/// Write a function to find the nth newman\u2013shanks\u2013williams prime number.\nfn newman_prime(n: isize) -> isize {\n    let mut primes = vec![2, 3, 5, 7, 11, 13, 17, 19, 23, 29, 31, 37, 41, 43, 47, 53, 59, 61, 67, 71, 73, 79, 83, 89, 97, 101, 103, 107, 109, 113, 127, 131, 137, 139, 149, 151, 157, 163, 167, 173, 179, 181, 191, 193, 197, 199, 211, 223, 227, 229, 233, 239, 241, 251, 257, 263, 269, 271, 277, 281, 283, 293, 307, 311, 313, 317, 331, 337, 347, 349, 353, 359, 367, 373, 379, 383, 389, 397, 401, 409, 419, 421, 431, 433, 439, 443, 449, 457, 461, 463, 467, 479, 487, 491, 499, 503, 509, 521, 523, 541, 547, 557, 563, 569, 571, 577, 587, 593, 599, 601, 607, 613, 617, 619, 631, 641, 643, 647, 653, 659, 661, 673, 677, 683, 691, 701, 709, 719, 727, 733, 739, 743, 751, 757, 761, 769, 773, 787, 797, 809, 811, 821, 823, 827, 829, 839, 853, 857, 859, 863, 877, 881, 883, 887, 907, 911, 919, 929, 937, 941, 947, 953, 967, 971, 977, 983, 991, 997, 1009, 1013, 1019, 1021, 1031, 1033, 1039, 1049, 1051, 1061, 1063, 1069, 1087, 1091, 1093, 1097, 1103, 1109, 1117, 1123, 1129, 1151, 1153, 1163, 1171, 1181, 1187, 1193, 1201,\n}\n\nfn main() {\n    let candidate = newman_prime;\n    assert_eq!(candidate(3), 7);\n    assert_eq!(candidate(4), 17);\n    assert_eq!(candidate(5), 41);\n}\n",
      "timestamp": 1665510425,
      "stdout": "",
      "stderr": "error: expected one of `.`, `;`, `?`, `else`, or an operator, found `}`\n --> /tmp/tmpgyhlu5rw.rs:4:1\n  |\n4 | }\n  | ^ expected one of `.`, `;`, `?`, `else`, or an operator\n\nerror: mismatched closing delimiter: `}`\n --> /tmp/tmpgyhlu5rw.rs:3:26\n  |\n2 | fn newman_prime(n: isize) -> isize {\n  |                                    - closing delimiter possibly meant for this\n3 |     let mut primes = vec![2, 3, 5, 7, 11, 13, 17, 19, 23, 29, 31, 37, 41, 43, 47, 53, 59, 61, 67, 71, 73, 79, 83, 89, 97, 101, 103, 107, ...\n  |                          ^ unclosed delimiter\n4 | }\n  | ^ mismatched closing delimiter\n\nerror: aborting due to 2 previous errors\n\n",
      "exit_code": 1,
      "status": "SyntaxError"
    },
    {
      "program": "/// Write a function to find the nth newman\u2013shanks\u2013williams prime number.\nfn newman_prime(n: isize) -> isize {\n    let mut p = 1;\n    let mut i = 0;\n    while i < n {\n        p += 2 * p + 1;\n        if is_prime(p) {\n            i += 1;\n        }\n    }\n    p\n}\n\nfn main() {\n    let candidate = newman_prime;\n    assert_eq!(candidate(3), 7);\n    assert_eq!(candidate(4), 17);\n    assert_eq!(candidate(5), 41);\n}\n",
      "timestamp": 1665510425,
      "stdout": "",
      "stderr": "error[E0425]: cannot find function `is_prime` in this scope\n --> /tmp/tmpa7p7rk9a.rs:7:12\n  |\n7 |         if is_prime(p) {\n  |            ^^^^^^^^ not found in this scope\n\nerror: aborting due to previous error\n\nFor more information about this error, try `rustc --explain E0425`.\n",
      "exit_code": 1,
      "status": "SyntaxError"
    },
    {
      "program": "/// Write a function to find the nth newman\u2013shanks\u2013williams prime number.\nfn newman_prime(n: isize) -> isize {\n    let mut p = 2;\n    let mut i = 0;\n    while i < n {\n        p = next_prime(p);\n        let q = next_prime(p);\n        if (p - 1) % (q - 1) == 0 {\n            i += 1;\n        }\n    }\n    p\n}\n\nfn main() {\n    let candidate = newman_prime;\n    assert_eq!(candidate(3), 7);\n    assert_eq!(candidate(4), 17);\n    assert_eq!(candidate(5), 41);\n}\n",
      "timestamp": 1666123120,
      "stdout": "",
      "stderr": "error[E0425]: cannot find function `next_prime` in this scope\n --> /tmp/tmpq2tqaoy7.rs:6:13\n  |\n6 |         p = next_prime(p);\n  |             ^^^^^^^^^^ not found in this scope\n\nerror[E0425]: cannot find function `next_prime` in this scope\n --> /tmp/tmpq2tqaoy7.rs:7:17\n  |\n7 |         let q = next_prime(p);\n  |                 ^^^^^^^^^^ not found in this scope\n\nerror: aborting due to 2 previous errors\n\nFor more information about this error, try `rustc --explain E0425`.\n",
      "exit_code": 1,
      "status": "SyntaxError"
    },
    {
      "program": "/// Write a function to find the nth newman\u2013shanks\u2013williams prime number.\nfn newman_prime(n: isize) -> isize {\n    let mut n = n;\n    let mut p = 2;\n    let mut q = 3;\n    let mut r = 7;\n    let mut s = 5;\n    while n > 0 {\n        if is_prime(p) {\n            n -= 1;\n            if n == 0 {\n                return p;\n            }\n        }\n        if is_prime(q) {\n            n -= 1;\n            if n == 0 {\n                return q;\n            }\n        }\n        if is_prime(r) {\n            n -= 1;\n            if n == 0 {\n                return r;\n            }\n        }\n        if is_prime(s) {\n            n -= 1;\n            if n == 0 {\n                return s;\n            }\n        }\n        p = 6 * p - 2;\n        q = 6 * q - 1;\n        r = 6 * r + 1;\n        s = 6 * s + 5;\n    }\n    unreachable!();\n}\n\nfn main() {\n    let candidate = newman_prime;\n    assert_eq!(candidate(3), 7);\n    assert_eq!(candidate(4), 17);\n    assert_eq!(candidate(5), 41);\n}\n",
      "timestamp": 1666123120,
      "stdout": "",
      "stderr": "error[E0425]: cannot find function `is_prime` in this scope\n --> /tmp/tmprnetlmr8.rs:9:12\n  |\n9 |         if is_prime(p) {\n  |            ^^^^^^^^ not found in this scope\n\nerror[E0425]: cannot find function `is_prime` in this scope\n  --> /tmp/tmprnetlmr8.rs:15:12\n   |\n15 |         if is_prime(q) {\n   |            ^^^^^^^^ not found in this scope\n\nerror[E0425]: cannot find function `is_prime` in this scope\n  --> /tmp/tmprnetlmr8.rs:21:12\n   |\n21 |         if is_prime(r) {\n   |            ^^^^^^^^ not found in this scope\n\nerror[E0425]: cannot find function `is_prime` in this scope\n  --> /tmp/tmprnetlmr8.rs:27:12\n   |\n27 |         if is_prime(s) {\n   |            ^^^^^^^^ not found in this scope\n\nerror: aborting due to 4 previous errors\n\nFor more information about this error, try `rustc --explain E0425`.\n",
      "exit_code": 1,
      "status": "SyntaxError"
    },
    {
      "program": "/// Write a function to find the nth newman\u2013shanks\u2013williams prime number.\nfn newman_prime(n: isize) -> isize {\n    let mut p = 1;\n    let mut i = 0;\n    while i < n {\n        p += 2 * (p - 1) + 1;\n        if is_prime(p) {\n            i += 1;\n        }\n    }\n    p\n}\n\nfn main() {\n    let candidate = newman_prime;\n    assert_eq!(candidate(3), 7);\n    assert_eq!(candidate(4), 17);\n    assert_eq!(candidate(5), 41);\n}\n",
      "timestamp": 1665510425,
      "stdout": "",
      "stderr": "error[E0425]: cannot find function `is_prime` in this scope\n --> /tmp/tmpbufaunf7.rs:7:12\n  |\n7 |         if is_prime(p) {\n  |            ^^^^^^^^ not found in this scope\n\nerror: aborting due to previous error\n\nFor more information about this error, try `rustc --explain E0425`.\n",
      "exit_code": 1,
      "status": "SyntaxError"
    },
    {
      "program": "/// Write a function to find the nth newman\u2013shanks\u2013williams prime number.\nfn newman_prime(n: isize) -> isize {\n    let mut primes = vec![2, 3];\n    let mut i = 5;\n    while primes.len() < n as usize {\n        if is_prime(i) {\n            primes.push(i);\n        }\n        i += 2;\n    }\n    primes[n as usize - 1]\n}\n\nfn main() {\n    let candidate = newman_prime;\n    assert_eq!(candidate(3), 7);\n    assert_eq!(candidate(4), 17);\n    assert_eq!(candidate(5), 41);\n}\n",
      "timestamp": 1666123114,
      "stdout": "",
      "stderr": "error[E0425]: cannot find function `is_prime` in this scope\n --> /tmp/tmps6xirslu.rs:6:12\n  |\n6 |         if is_prime(i) {\n  |            ^^^^^^^^ not found in this scope\n\nerror: aborting due to previous error\n\nFor more information about this error, try `rustc --explain E0425`.\n",
      "exit_code": 1,
      "status": "SyntaxError"
    },
    {
      "program": "/// Write a function to find the nth newman\u2013shanks\u2013williams prime number.\nfn newman_prime(n: isize) -> isize {\n    let mut primes = vec![2, 3];\n    let mut p = 5;\n    while primes.len() < n as usize {\n        if is_prime(p) {\n            primes.push(p);\n        }\n        p += 2;\n    }\n    primes[n as usize - 1]\n}\n\nfn main() {\n    let candidate = newman_prime;\n    assert_eq!(candidate(3), 7);\n    assert_eq!(candidate(4), 17);\n    assert_eq!(candidate(5), 41);\n}\n",
      "timestamp": 1666123114,
      "stdout": "",
      "stderr": "error[E0425]: cannot find function `is_prime` in this scope\n --> /tmp/tmp85tj3lgp.rs:6:12\n  |\n6 |         if is_prime(p) {\n  |            ^^^^^^^^ not found in this scope\n\nerror: aborting due to previous error\n\nFor more information about this error, try `rustc --explain E0425`.\n",
      "exit_code": 1,
      "status": "SyntaxError"
    },
    {
      "program": "/// Write a function to find the nth newman\u2013shanks\u2013williams prime number.\nfn newman_prime(n: isize) -> isize {\n    let mut primes = vec![2, 3, 5, 7, 11, 13];\n    let mut i = primes.len() as isize;\n    while i < n {\n        let mut p = primes[i as usize - 1] + 2;\n        while !is_prime(p) {\n            p += 2;\n        }\n        primes.push(p);\n        i += 1;\n    }\n    primes[n as usize - 1]\n}\n\nfn main() {\n    let candidate = newman_prime;\n    assert_eq!(candidate(3), 7);\n    assert_eq!(candidate(4), 17);\n    assert_eq!(candidate(5), 41);\n}\n",
      "timestamp": 1666123120,
      "stdout": "",
      "stderr": "error[E0425]: cannot find function `is_prime` in this scope\n --> /tmp/tmpu5548vg5.rs:7:16\n  |\n7 |         while !is_prime(p) {\n  |                ^^^^^^^^ not found in this scope\n\nerror: aborting due to previous error\n\nFor more information about this error, try `rustc --explain E0425`.\n",
      "exit_code": 1,
      "status": "SyntaxError"
    },
    {
      "program": "/// Write a function to find the nth newman\u2013shanks\u2013williams prime number.\nfn newman_prime(n: isize) -> isize {\n    let mut primes = vec![2, 3, 5, 7, 11, 13, 17, 19, 23, 29, 31, 37, 41, 43, 47, 53, 59, 61, 67, 71, 73, 79, 83, 89, 97, 101, 103, 107, 109, 113, 127, 131, 137, 139, 149, 151, 157, 163, 167, 173, 179, 181, 191, 193, 197, 199, 211, 223, 227, 229, 233, 239, 241, 251, 257, 263, 269, 271, 277, 281, 283, 293, 307, 311, 313, 317, 331, 337, 347, 349, 353, 359, 367, 373, 379, 383, 389, 397, 401, 409, 419, 421, 431, 433, 439, 443, 449, 457, 461, 463, 467, 479, 487, 491, 499, 503, 509, 521, 523, 541, 547, 557, 563, 569, 571, 577, 587, 593, 599, 601, 607, 613, 617, 619, 631, 641, 643, 647, 653, 659, 661, 673, 677, 683, 691, 701, 709, 719, 727, 733, 739, 743, 751, 757, 761, 769, 773, 787, 797, 809, 811, 821, 823, 827, 829, 839, 853, 857, 859, 863, 877, 881, 883, 887, 907, 911, 919, 929, 937, 941, 947, 953, 967, 971, 977, 983, 991, 997, 1009, 1013, 1019, 1021, 1031, 1033, 1039, 1049, 1051, 1061, 1063, 1069, 1087, 1091, 1093, 1097, 1103, 1109, 1117, 1123, 1129, 1151, 1153, 1163, 1171, 1181, 1187, 1193, 1201,\n}\n\nfn main() {\n    let candidate = newman_prime;\n    assert_eq!(candidate(3), 7);\n    assert_eq!(candidate(4), 17);\n    assert_eq!(candidate(5), 41);\n}\n",
      "timestamp": 1665510425,
      "stdout": "",
      "stderr": "error: expected one of `.`, `;`, `?`, `else`, or an operator, found `}`\n --> /tmp/tmpgyhlu5rw.rs:4:1\n  |\n4 | }\n  | ^ expected one of `.`, `;`, `?`, `else`, or an operator\n\nerror: mismatched closing delimiter: `}`\n --> /tmp/tmpgyhlu5rw.rs:3:26\n  |\n2 | fn newman_prime(n: isize) -> isize {\n  |                                    - closing delimiter possibly meant for this\n3 |     let mut primes = vec![2, 3, 5, 7, 11, 13, 17, 19, 23, 29, 31, 37, 41, 43, 47, 53, 59, 61, 67, 71, 73, 79, 83, 89, 97, 101, 103, 107, ...\n  |                          ^ unclosed delimiter\n4 | }\n  | ^ mismatched closing delimiter\n\nerror: aborting due to 2 previous errors\n\n",
      "exit_code": 1,
      "status": "SyntaxError"
    },
    {
      "program": "/// Write a function to find the nth newman\u2013shanks\u2013williams prime number.\nfn newman_prime(n: isize) -> isize {\n    let mut i = 0;\n    let mut p = 2;\n    while i < n {\n        p = next_prime(p);\n        if is_prime(2 * p + 1) {\n            i += 1;\n        }\n    }\n    p\n}\n\nfn main() {\n    let candidate = newman_prime;\n    assert_eq!(candidate(3), 7);\n    assert_eq!(candidate(4), 17);\n    assert_eq!(candidate(5), 41);\n}\n",
      "timestamp": 1666123114,
      "stdout": "",
      "stderr": "error[E0425]: cannot find function `next_prime` in this scope\n --> /tmp/tmp5snq7_mp.rs:6:13\n  |\n6 |         p = next_prime(p);\n  |             ^^^^^^^^^^ not found in this scope\n\nerror[E0425]: cannot find function `is_prime` in this scope\n --> /tmp/tmp5snq7_mp.rs:7:12\n  |\n7 |         if is_prime(2 * p + 1) {\n  |            ^^^^^^^^ not found in this scope\n\nerror: aborting due to 2 previous errors\n\nFor more information about this error, try `rustc --explain E0425`.\n",
      "exit_code": 1,
      "status": "SyntaxError"
    },
    {
      "program": "/// Write a function to find the nth newman\u2013shanks\u2013williams prime number.\nfn newman_prime(n: isize) -> isize {\n    let mut p = 1;\n    let mut i = 0;\n    while i < n {\n        p = newman_prime_next(p);\n        i += 1;\n    }\n    p\n}\n\nfn main() {\n    let candidate = newman_prime;\n    assert_eq!(candidate(3), 7);\n    assert_eq!(candidate(4), 17);\n    assert_eq!(candidate(5), 41);\n}\n",
      "timestamp": 1666123120,
      "stdout": "",
      "stderr": "error[E0425]: cannot find function `newman_prime_next` in this scope\n --> /tmp/tmp9uo0_w73.rs:6:13\n  |\n6 |         p = newman_prime_next(p);\n  |             ^^^^^^^^^^^^^^^^^ not found in this scope\n\nerror: aborting due to previous error\n\nFor more information about this error, try `rustc --explain E0425`.\n",
      "exit_code": 1,
      "status": "SyntaxError"
    },
    {
      "program": "/// Write a function to find the nth newman\u2013shanks\u2013williams prime number.\nfn newman_prime(n: isize) -> isize {\n    let mut primes = vec![2, 3, 5, 7, 11, 13, 17, 19, 23, 29, 31, 37, 41, 43, 47, 53, 59, 61, 67, 71, 73, 79, 83, 89, 97, 101, 103, 107, 109, 113, 127, 131, 137, 139, 149, 151, 157, 163, 167, 173, 179, 181, 191, 193, 197, 199, 211, 223, 227, 229, 233, 239, 241, 251, 257, 263, 269, 271, 277, 281, 283, 293, 307, 311, 313, 317, 331, 337, 347, 349, 353, 359, 367, 373, 379, 383, 389, 397, 401, 409, 419, 421, 431, 433, 439, 443, 449, 457, 461, 463, 467, 479, 487, 491, 499, 503, 509, 521, 523, 541, 547, 557, 563, 569, 571, 577, 587, 593, 599, 601, 607, 613, 617, 619, 631, 641, 643, 647, 653, 659, 661, 673, 677, 683, 691, 701, 709, 719, 727, 733, 739, 743, 751, 757, 761, 769, 773, 787, 797, 809, 811, 821, 823, 827, 829, 839, 853, 857, 859, 863, 877, 881, 883, 887, 907, 911, 919, 929, 937, 941, 947, 953, 967, 971, 977, 983, 991, 997, 1009, 1013, 1019, 1021, 1031, 1033, 1039, 1049, 1051, 1061, 1063, 1069, 1087, 1091, 1093, 1097, 1103, 1109, 1117, 1123, 1129, 1151, 1153, 1163, 1171, 1181, 1187, 1193, 1201,\n}\n\nfn main() {\n    let candidate = newman_prime;\n    assert_eq!(candidate(3), 7);\n    assert_eq!(candidate(4), 17);\n    assert_eq!(candidate(5), 41);\n}\n",
      "timestamp": 1665510425,
      "stdout": "",
      "stderr": "error: expected one of `.`, `;`, `?`, `else`, or an operator, found `}`\n --> /tmp/tmpgyhlu5rw.rs:4:1\n  |\n4 | }\n  | ^ expected one of `.`, `;`, `?`, `else`, or an operator\n\nerror: mismatched closing delimiter: `}`\n --> /tmp/tmpgyhlu5rw.rs:3:26\n  |\n2 | fn newman_prime(n: isize) -> isize {\n  |                                    - closing delimiter possibly meant for this\n3 |     let mut primes = vec![2, 3, 5, 7, 11, 13, 17, 19, 23, 29, 31, 37, 41, 43, 47, 53, 59, 61, 67, 71, 73, 79, 83, 89, 97, 101, 103, 107, ...\n  |                          ^ unclosed delimiter\n4 | }\n  | ^ mismatched closing delimiter\n\nerror: aborting due to 2 previous errors\n\n",
      "exit_code": 1,
      "status": "SyntaxError"
    },
    {
      "program": "/// Write a function to find the nth newman\u2013shanks\u2013williams prime number.\nfn newman_prime(n: isize) -> isize {\n    let mut p = 2;\n    let mut i = 0;\n    while i < n {\n        p = next_prime(p);\n        if is_prime(2 * p + 1) {\n            i += 1;\n        }\n    }\n    p\n}\n\nfn main() {\n    let candidate = newman_prime;\n    assert_eq!(candidate(3), 7);\n    assert_eq!(candidate(4), 17);\n    assert_eq!(candidate(5), 41);\n}\n",
      "timestamp": 1666123114,
      "stdout": "",
      "stderr": "error[E0425]: cannot find function `next_prime` in this scope\n --> /tmp/tmpmil8mgm0.rs:6:13\n  |\n6 |         p = next_prime(p);\n  |             ^^^^^^^^^^ not found in this scope\n\nerror[E0425]: cannot find function `is_prime` in this scope\n --> /tmp/tmpmil8mgm0.rs:7:12\n  |\n7 |         if is_prime(2 * p + 1) {\n  |            ^^^^^^^^ not found in this scope\n\nerror: aborting due to 2 previous errors\n\nFor more information about this error, try `rustc --explain E0425`.\n",
      "exit_code": 1,
      "status": "SyntaxError"
    },
    {
      "program": "/// Write a function to find the nth newman\u2013shanks\u2013williams prime number.\nfn newman_prime(n: isize) -> isize {\n    let mut primes = vec![2, 3, 5];\n    let mut next_prime = 7;\n    while primes.len() < n as usize {\n        let mut is_prime = true;\n        for p in &primes {\n            if next_prime % p == 0 {\n                is_prime = false;\n                break;\n            }\n        }\n        if is_prime {\n            primes.push(next_prime);\n        }\n        next_prime += 2;\n    }\n    primes[n as usize - 1]\n}\n\nfn main() {\n    let candidate = newman_prime;\n    assert_eq!(candidate(3), 7);\n    assert_eq!(candidate(4), 17);\n    assert_eq!(candidate(5), 41);\n}\n",
      "timestamp": 1666123120,
      "stdout": "",
      "stderr": "thread 'main' panicked at 'assertion failed: `(left == right)`\n  left: `5`,\n right: `7`', /tmp/tmpmm06yn1f.rs:23:5\nnote: run with `RUST_BACKTRACE=1` environment variable to display a backtrace\n",
      "exit_code": 101,
      "status": "Exception"
    },
    {
      "program": "/// Write a function to find the nth newman\u2013shanks\u2013williams prime number.\nfn newman_prime(n: isize) -> isize {\n    let mut p = 1;\n    let mut i = 0;\n    while i < n {\n        p += 2 * (p - 1) + 1;\n        if is_prime(p) {\n            i += 1;\n        }\n    }\n    p\n}\n\nfn main() {\n    let candidate = newman_prime;\n    assert_eq!(candidate(3), 7);\n    assert_eq!(candidate(4), 17);\n    assert_eq!(candidate(5), 41);\n}\n",
      "timestamp": 1665510425,
      "stdout": "",
      "stderr": "error[E0425]: cannot find function `is_prime` in this scope\n --> /tmp/tmpbufaunf7.rs:7:12\n  |\n7 |         if is_prime(p) {\n  |            ^^^^^^^^ not found in this scope\n\nerror: aborting due to previous error\n\nFor more information about this error, try `rustc --explain E0425`.\n",
      "exit_code": 1,
      "status": "SyntaxError"
    },
    {
      "program": "/// Write a function to find the nth newman\u2013shanks\u2013williams prime number.\nfn newman_prime(n: isize) -> isize {\n    let mut p = 1;\n    let mut i = 0;\n    while i < n {\n        p += 1;\n        if is_prime(p) && is_prime((p - 1) / 2) {\n            i += 1;\n        }\n    }\n    p\n}\n\nfn main() {\n    let candidate = newman_prime;\n    assert_eq!(candidate(3), 7);\n    assert_eq!(candidate(4), 17);\n    assert_eq!(candidate(5), 41);\n}\n",
      "timestamp": 1666123120,
      "stdout": "",
      "stderr": "error[E0425]: cannot find function `is_prime` in this scope\n --> /tmp/tmpo04u7qon.rs:7:12\n  |\n7 |         if is_prime(p) && is_prime((p - 1) / 2) {\n  |            ^^^^^^^^ not found in this scope\n\nerror[E0425]: cannot find function `is_prime` in this scope\n --> /tmp/tmpo04u7qon.rs:7:27\n  |\n7 |         if is_prime(p) && is_prime((p - 1) / 2) {\n  |                           ^^^^^^^^ not found in this scope\n\nerror: aborting due to 2 previous errors\n\nFor more information about this error, try `rustc --explain E0425`.\n",
      "exit_code": 1,
      "status": "SyntaxError"
    },
    {
      "program": "/// Write a function to find the nth newman\u2013shanks\u2013williams prime number.\nfn newman_prime(n: isize) -> isize {\n    let mut n = n;\n    let mut i = 0;\n    let mut p = 2;\n    while n > 0 {\n        if is_prime(p) {\n            i += 1;\n            if i == n {\n                return p;\n            }\n        }\n        p = next_prime(p);\n    }\n    return p;\n}\n\nfn main() {\n    let candidate = newman_prime;\n    assert_eq!(candidate(3), 7);\n    assert_eq!(candidate(4), 17);\n    assert_eq!(candidate(5), 41);\n}\n",
      "timestamp": 1666123120,
      "stdout": "",
      "stderr": "error[E0425]: cannot find function `is_prime` in this scope\n --> /tmp/tmprubdagya.rs:7:12\n  |\n7 |         if is_prime(p) {\n  |            ^^^^^^^^ not found in this scope\n\nerror[E0425]: cannot find function `next_prime` in this scope\n  --> /tmp/tmprubdagya.rs:13:13\n   |\n13 |         p = next_prime(p);\n   |             ^^^^^^^^^^ not found in this scope\n\nerror: aborting due to 2 previous errors\n\nFor more information about this error, try `rustc --explain E0425`.\n",
      "exit_code": 1,
      "status": "SyntaxError"
    },
    {
      "program": "/// Write a function to find the nth newman\u2013shanks\u2013williams prime number.\nfn newman_prime(n: isize) -> isize {\n    let mut p = 1;\n    let mut i = 0;\n    while i < n {\n        p += 2 * i + 1;\n        if is_prime(p) {\n            i += 1;\n        }\n    }\n    p\n}\n\nfn main() {\n    let candidate = newman_prime;\n    assert_eq!(candidate(3), 7);\n    assert_eq!(candidate(4), 17);\n    assert_eq!(candidate(5), 41);\n}\n",
      "timestamp": 1666123114,
      "stdout": "",
      "stderr": "error[E0425]: cannot find function `is_prime` in this scope\n --> /tmp/tmpym3q998a.rs:7:12\n  |\n7 |         if is_prime(p) {\n  |            ^^^^^^^^ not found in this scope\n\nerror: aborting due to previous error\n\nFor more information about this error, try `rustc --explain E0425`.\n",
      "exit_code": 1,
      "status": "SyntaxError"
    },
    {
      "program": "/// Write a function to find the nth newman\u2013shanks\u2013williams prime number.\nfn newman_prime(n: isize) -> isize {\n    let mut n = n;\n    let mut p = 2;\n    while n > 0 {\n        p = next_prime(p);\n        let mut q = p;\n        while q % 4 == 3 {\n            q = next_prime(q);\n        }\n        if q % 4 == 1 {\n            n -= 1;\n        }\n    }\n    p\n}\n\nfn main() {\n    let candidate = newman_prime;\n    assert_eq!(candidate(3), 7);\n    assert_eq!(candidate(4), 17);\n    assert_eq!(candidate(5), 41);\n}\n",
      "timestamp": 1666123120,
      "stdout": "",
      "stderr": "error[E0425]: cannot find function `next_prime` in this scope\n --> /tmp/tmpa_xig2xl.rs:6:13\n  |\n6 |         p = next_prime(p);\n  |             ^^^^^^^^^^ not found in this scope\n\nerror[E0425]: cannot find function `next_prime` in this scope\n --> /tmp/tmpa_xig2xl.rs:9:17\n  |\n9 |             q = next_prime(q);\n  |                 ^^^^^^^^^^ not found in this scope\n\nerror: aborting due to 2 previous errors\n\nFor more information about this error, try `rustc --explain E0425`.\n",
      "exit_code": 1,
      "status": "SyntaxError"
    },
    {
      "program": "/// Write a function to find the nth newman\u2013shanks\u2013williams prime number.\nfn newman_prime(n: isize) -> isize {\n    let mut primes = vec![2, 3];\n    let mut p = 5;\n    while primes.len() < n as usize {\n        if is_prime(p) {\n            primes.push(p);\n        }\n        p += 2;\n    }\n    primes[n as usize - 1]\n}\n\nfn main() {\n    let candidate = newman_prime;\n    assert_eq!(candidate(3), 7);\n    assert_eq!(candidate(4), 17);\n    assert_eq!(candidate(5), 41);\n}\n",
      "timestamp": 1666123114,
      "stdout": "",
      "stderr": "error[E0425]: cannot find function `is_prime` in this scope\n --> /tmp/tmp85tj3lgp.rs:6:12\n  |\n6 |         if is_prime(p) {\n  |            ^^^^^^^^ not found in this scope\n\nerror: aborting due to previous error\n\nFor more information about this error, try `rustc --explain E0425`.\n",
      "exit_code": 1,
      "status": "SyntaxError"
    },
    {
      "program": "/// Write a function to find the nth newman\u2013shanks\u2013williams prime number.\nfn newman_prime(n: isize) -> isize {\n    let mut primes = vec![2, 3, 5, 7, 11, 13, 17, 19, 23, 29, 31, 37, 41, 43, 47, 53, 59, 61, 67, 71, 73, 79, 83, 89, 97, 101, 103, 107, 109, 113, 127, 131, 137, 139, 149, 151, 157, 163, 167, 173, 179, 181, 191, 193, 197, 199, 211, 223, 227, 229, 233, 239, 241, 251, 257, 263, 269, 271, 277, 281, 283, 293, 307, 311, 313, 317, 331, 337, 347, 349, 353, 359, 367, 373, 379, 383, 389, 397, 401, 409, 419, 421, 431, 433, 439, 443, 449, 457, 461, 463, 467, 479, 487, 491, 499, 503, 509, 521, 523, 541, 547, 557, 563, 569, 571, 577, 587, 593, 599, 601, 607, 613, 617, 619, 631, 641, 643, 647, 653, 659, 661, 673, 677, 683, 691, 701, 709, 719, 727, 733, 739, 743, 751, 757, 761, 769, 773, 787, 797, 809, 811, 821, 823, 827, 829, 839, 853, 857, 859, 863, 877, 881, 883, 887, 907, 911, 919, 929, 937, 941, 947, 953, 967, 971, 977, 983, 991, 997, 1009, 1013, 1019, 1021, 1031, 1033, 1039, 1049, 1051, 1061, 1063, 1069, 1087, 1091, 1093, 1097, 1103, 1109, 1117, 1123, 1129, 1151, 1153, 1163, 1171, 1181, 1187, 1193, 1201,\n}\n\nfn main() {\n    let candidate = newman_prime;\n    assert_eq!(candidate(3), 7);\n    assert_eq!(candidate(4), 17);\n    assert_eq!(candidate(5), 41);\n}\n",
      "timestamp": 1665510425,
      "stdout": "",
      "stderr": "error: expected one of `.`, `;`, `?`, `else`, or an operator, found `}`\n --> /tmp/tmpgyhlu5rw.rs:4:1\n  |\n4 | }\n  | ^ expected one of `.`, `;`, `?`, `else`, or an operator\n\nerror: mismatched closing delimiter: `}`\n --> /tmp/tmpgyhlu5rw.rs:3:26\n  |\n2 | fn newman_prime(n: isize) -> isize {\n  |                                    - closing delimiter possibly meant for this\n3 |     let mut primes = vec![2, 3, 5, 7, 11, 13, 17, 19, 23, 29, 31, 37, 41, 43, 47, 53, 59, 61, 67, 71, 73, 79, 83, 89, 97, 101, 103, 107, ...\n  |                          ^ unclosed delimiter\n4 | }\n  | ^ mismatched closing delimiter\n\nerror: aborting due to 2 previous errors\n\n",
      "exit_code": 1,
      "status": "SyntaxError"
    },
    {
      "program": "/// Write a function to find the nth newman\u2013shanks\u2013williams prime number.\nfn newman_prime(n: isize) -> isize {\n    let mut p = 1;\n    let mut i = 0;\n    while i < n {\n        p = next_newman_prime(p);\n        i += 1;\n    }\n    p\n}\n\nfn main() {\n    let candidate = newman_prime;\n    assert_eq!(candidate(3), 7);\n    assert_eq!(candidate(4), 17);\n    assert_eq!(candidate(5), 41);\n}\n",
      "timestamp": 1665510425,
      "stdout": "",
      "stderr": "error[E0425]: cannot find function `next_newman_prime` in this scope\n --> /tmp/tmp8ati6z1y.rs:6:13\n  |\n6 |         p = next_newman_prime(p);\n  |             ^^^^^^^^^^^^^^^^^ not found in this scope\n\nerror: aborting due to previous error\n\nFor more information about this error, try `rustc --explain E0425`.\n",
      "exit_code": 1,
      "status": "SyntaxError"
    },
    {
      "program": "/// Write a function to find the nth newman\u2013shanks\u2013williams prime number.\nfn newman_prime(n: isize) -> isize {\n    let mut p = 2;\n    let mut i = 0;\n    while i < n {\n        p = next_prime(p);\n        let mut q = p;\n        while q % 4 == 3 {\n            q = next_prime(q);\n        }\n        if q % 4 == 1 {\n            i += 1;\n        }\n    }\n    p\n}\n\nfn main() {\n    let candidate = newman_prime;\n    assert_eq!(candidate(3), 7);\n    assert_eq!(candidate(4), 17);\n    assert_eq!(candidate(5), 41);\n}\n",
      "timestamp": 1666123114,
      "stdout": "",
      "stderr": "error[E0425]: cannot find function `next_prime` in this scope\n --> /tmp/tmpdn3s94cy.rs:6:13\n  |\n6 |         p = next_prime(p);\n  |             ^^^^^^^^^^ not found in this scope\n\nerror[E0425]: cannot find function `next_prime` in this scope\n --> /tmp/tmpdn3s94cy.rs:9:17\n  |\n9 |             q = next_prime(q);\n  |                 ^^^^^^^^^^ not found in this scope\n\nerror: aborting due to 2 previous errors\n\nFor more information about this error, try `rustc --explain E0425`.\n",
      "exit_code": 1,
      "status": "SyntaxError"
    },
    {
      "program": "/// Write a function to find the nth newman\u2013shanks\u2013williams prime number.\nfn newman_prime(n: isize) -> isize {\n    let mut p = 2;\n    let mut i = 0;\n    while i < n {\n        p = next_prime(p);\n        if is_prime(2 * p + 1) {\n            i += 1;\n        }\n    }\n    p\n}\n\nfn main() {\n    let candidate = newman_prime;\n    assert_eq!(candidate(3), 7);\n    assert_eq!(candidate(4), 17);\n    assert_eq!(candidate(5), 41);\n}\n",
      "timestamp": 1666123114,
      "stdout": "",
      "stderr": "error[E0425]: cannot find function `next_prime` in this scope\n --> /tmp/tmpmil8mgm0.rs:6:13\n  |\n6 |         p = next_prime(p);\n  |             ^^^^^^^^^^ not found in this scope\n\nerror[E0425]: cannot find function `is_prime` in this scope\n --> /tmp/tmpmil8mgm0.rs:7:12\n  |\n7 |         if is_prime(2 * p + 1) {\n  |            ^^^^^^^^ not found in this scope\n\nerror: aborting due to 2 previous errors\n\nFor more information about this error, try `rustc --explain E0425`.\n",
      "exit_code": 1,
      "status": "SyntaxError"
    },
    {
      "program": "/// Write a function to find the nth newman\u2013shanks\u2013williams prime number.\nfn newman_prime(n: isize) -> isize {\n    let mut i = 1;\n    let mut count = 0;\n    while count < n {\n        i += 1;\n        if is_prime(i) && is_prime(2 * i + 1) {\n            count += 1;\n        }\n    }\n    i\n}\n\nfn main() {\n    let candidate = newman_prime;\n    assert_eq!(candidate(3), 7);\n    assert_eq!(candidate(4), 17);\n    assert_eq!(candidate(5), 41);\n}\n",
      "timestamp": 1666123114,
      "stdout": "",
      "stderr": "error[E0425]: cannot find function `is_prime` in this scope\n --> /tmp/tmphbcsj238.rs:7:12\n  |\n7 |         if is_prime(i) && is_prime(2 * i + 1) {\n  |            ^^^^^^^^ not found in this scope\n\nerror[E0425]: cannot find function `is_prime` in this scope\n --> /tmp/tmphbcsj238.rs:7:27\n  |\n7 |         if is_prime(i) && is_prime(2 * i + 1) {\n  |                           ^^^^^^^^ not found in this scope\n\nerror: aborting due to 2 previous errors\n\nFor more information about this error, try `rustc --explain E0425`.\n",
      "exit_code": 1,
      "status": "SyntaxError"
    },
    {
      "program": "/// Write a function to find the nth newman\u2013shanks\u2013williams prime number.\nfn newman_prime(n: isize) -> isize {\n    let mut p = 2;\n    let mut i = 0;\n    while i < n {\n        p = next_prime(p);\n        if is_prime(2 * p + 1) {\n            i += 1;\n        }\n    }\n    p\n}\n\nfn main() {\n    let candidate = newman_prime;\n    assert_eq!(candidate(3), 7);\n    assert_eq!(candidate(4), 17);\n    assert_eq!(candidate(5), 41);\n}\n",
      "timestamp": 1666123114,
      "stdout": "",
      "stderr": "error[E0425]: cannot find function `next_prime` in this scope\n --> /tmp/tmpmil8mgm0.rs:6:13\n  |\n6 |         p = next_prime(p);\n  |             ^^^^^^^^^^ not found in this scope\n\nerror[E0425]: cannot find function `is_prime` in this scope\n --> /tmp/tmpmil8mgm0.rs:7:12\n  |\n7 |         if is_prime(2 * p + 1) {\n  |            ^^^^^^^^ not found in this scope\n\nerror: aborting due to 2 previous errors\n\nFor more information about this error, try `rustc --explain E0425`.\n",
      "exit_code": 1,
      "status": "SyntaxError"
    },
    {
      "program": "/// Write a function to find the nth newman\u2013shanks\u2013williams prime number.\nfn newman_prime(n: isize) -> isize {\n    let mut primes = vec![2, 3, 5, 7, 11, 13, 17, 19, 23, 29, 31, 37, 41, 43, 47, 53, 59, 61, 67, 71, 73, 79, 83, 89, 97, 101, 103, 107, 109, 113, 127, 131, 137, 139, 149, 151, 157, 163, 167, 173, 179, 181, 191, 193, 197, 199, 211, 223, 227, 229, 233, 239, 241, 251, 257, 263, 269, 271, 277, 281, 283, 293, 307, 311, 313, 317, 331, 337, 347, 349, 353, 359, 367, 373, 379, 383, 389, 397, 401, 409, 419, 421, 431, 433, 439, 443, 449, 457, 461, 463, 467, 479, 487, 491, 499, 503, 509, 521, 523, 541, 547, 557, 563, 569, 571, 577, 587, 593, 599, 601, 607, 613, 617, 619, 631, 641, 643, 647, 653, 659, 661, 673, 677, 683, 691, 701, 709, 719, 727, 733, 739, 743, 751, 757, 761, 769, 773, 787, 797, 809, 811, 821, 823, 827, 829, 839, 853, 857, 859, 863, 877, 881, 883, 887, 907, 911, 919, 929, 937, 941, 947, 953, 967, 971, 977, 983, 991, 997, 1009, 1013, 1019, 1021, 1031, 1033, 1039, 1049, 1051, 1061, 1063, 1069, 1087, 1091, 1093, 1097, 1103, 1109, 1117, 1123, 1129, 1151, 1153, 1163, 1171, 1181, 1187, 1193, 1201,\n}\n\nfn main() {\n    let candidate = newman_prime;\n    assert_eq!(candidate(3), 7);\n    assert_eq!(candidate(4), 17);\n    assert_eq!(candidate(5), 41);\n}\n",
      "timestamp": 1665510425,
      "stdout": "",
      "stderr": "error: expected one of `.`, `;`, `?`, `else`, or an operator, found `}`\n --> /tmp/tmpgyhlu5rw.rs:4:1\n  |\n4 | }\n  | ^ expected one of `.`, `;`, `?`, `else`, or an operator\n\nerror: mismatched closing delimiter: `}`\n --> /tmp/tmpgyhlu5rw.rs:3:26\n  |\n2 | fn newman_prime(n: isize) -> isize {\n  |                                    - closing delimiter possibly meant for this\n3 |     let mut primes = vec![2, 3, 5, 7, 11, 13, 17, 19, 23, 29, 31, 37, 41, 43, 47, 53, 59, 61, 67, 71, 73, 79, 83, 89, 97, 101, 103, 107, ...\n  |                          ^ unclosed delimiter\n4 | }\n  | ^ mismatched closing delimiter\n\nerror: aborting due to 2 previous errors\n\n",
      "exit_code": 1,
      "status": "SyntaxError"
    },
    {
      "program": "/// Write a function to find the nth newman\u2013shanks\u2013williams prime number.\nfn newman_prime(n: isize) -> isize {\n    let mut primes = vec![2, 3, 5, 7, 11, 13, 17, 19, 23, 29, 31, 37, 41, 43, 47, 53, 59, 61, 67, 71, 73, 79, 83, 89, 97, 101, 103, 107, 109, 113, 127, 131, 137, 139, 149, 151, 157, 163, 167, 173, 179, 181, 191, 193, 197, 199, 211, 223, 227, 229, 233, 239, 241, 251, 257, 263, 269, 271, 277, 281, 283, 293, 307, 311, 313, 317, 331, 337, 347, 349, 353, 359, 367, 373, 379, 383, 389, 397, 401, 409, 419, 421, 431, 433, 439, 443, 449, 457, 461, 463, 467, 479, 487, 491, 499, 503, 509, 521, 523, 541, 547, 557, 563, 569, 571, 577, 587, 593, 599, 601, 607, 613, 617, 619, 631, 641, 643, 647, 653, 659, 661, 673, 677, 683, 691, 701, 709, 719, 727, 733, 739, 743, 751, 757, 761, 769, 773, 787, 797, 809, 811, 821, 823, 827, 829, 839, 853, 857, 859, 863, 877, 881, 883, 887, 907, 911, 919, 929, 937, 941, 947, 953, 967, 971, 977, 983, 991, 997, 1009, 1013, 1019, 1021, 1031, 1033, 1039, 1049, 1051, 1061, 1063, 1069, 1087, 1091, 1093, 1097, 1103, 1109, 1117, 1123, 1129, 1151, 1153, 1163, 1171, 1181, 1187, 1193, 1201,\n}\n\nfn main() {\n    let candidate = newman_prime;\n    assert_eq!(candidate(3), 7);\n    assert_eq!(candidate(4), 17);\n    assert_eq!(candidate(5), 41);\n}\n",
      "timestamp": 1665510425,
      "stdout": "",
      "stderr": "error: expected one of `.`, `;`, `?`, `else`, or an operator, found `}`\n --> /tmp/tmpgyhlu5rw.rs:4:1\n  |\n4 | }\n  | ^ expected one of `.`, `;`, `?`, `else`, or an operator\n\nerror: mismatched closing delimiter: `}`\n --> /tmp/tmpgyhlu5rw.rs:3:26\n  |\n2 | fn newman_prime(n: isize) -> isize {\n  |                                    - closing delimiter possibly meant for this\n3 |     let mut primes = vec![2, 3, 5, 7, 11, 13, 17, 19, 23, 29, 31, 37, 41, 43, 47, 53, 59, 61, 67, 71, 73, 79, 83, 89, 97, 101, 103, 107, ...\n  |                          ^ unclosed delimiter\n4 | }\n  | ^ mismatched closing delimiter\n\nerror: aborting due to 2 previous errors\n\n",
      "exit_code": 1,
      "status": "SyntaxError"
    },
    {
      "program": "/// Write a function to find the nth newman\u2013shanks\u2013williams prime number.\nfn newman_prime(n: isize) -> isize {\n    let mut i = 0;\n    let mut p = 2;\n    while i < n {\n        p = next_prime(p);\n        i += 1;\n    }\n    p\n}\n\nfn main() {\n    let candidate = newman_prime;\n    assert_eq!(candidate(3), 7);\n    assert_eq!(candidate(4), 17);\n    assert_eq!(candidate(5), 41);\n}\n",
      "timestamp": 1665510425,
      "stdout": "",
      "stderr": "error[E0425]: cannot find function `next_prime` in this scope\n --> /tmp/tmpktbc66uj.rs:6:13\n  |\n6 |         p = next_prime(p);\n  |             ^^^^^^^^^^ not found in this scope\n\nerror: aborting due to previous error\n\nFor more information about this error, try `rustc --explain E0425`.\n",
      "exit_code": 1,
      "status": "SyntaxError"
    },
    {
      "program": "/// Write a function to find the nth newman\u2013shanks\u2013williams prime number.\nfn newman_prime(n: isize) -> isize {\n    let mut primes = vec![2, 3, 5, 7, 11, 13, 17, 19, 23, 29];\n    let mut i = 30;\n    while primes.len() < n as usize {\n        if is_prime(i) {\n            primes.push(i);\n        }\n        i += 1;\n    }\n    primes[n as usize - 1]\n}\n\nfn main() {\n    let candidate = newman_prime;\n    assert_eq!(candidate(3), 7);\n    assert_eq!(candidate(4), 17);\n    assert_eq!(candidate(5), 41);\n}\n",
      "timestamp": 1665510425,
      "stdout": "",
      "stderr": "error[E0425]: cannot find function `is_prime` in this scope\n --> /tmp/tmpjpyfxazq.rs:6:12\n  |\n6 |         if is_prime(i) {\n  |            ^^^^^^^^ not found in this scope\n\nerror: aborting due to previous error\n\nFor more information about this error, try `rustc --explain E0425`.\n",
      "exit_code": 1,
      "status": "SyntaxError"
    },
    {
      "program": "/// Write a function to find the nth newman\u2013shanks\u2013williams prime number.\nfn newman_prime(n: isize) -> isize {\n    let mut primes = vec![2, 3, 5, 7, 11, 13, 17, 19, 23, 29, 31, 37, 41, 43, 47, 53, 59, 61, 67, 71, 73, 79, 83, 89, 97];\n    let mut i = primes.len() as isize;\n    while primes.len() < n as usize {\n        i += 1;\n        if primes.iter().all(|p| i % p != 0) {\n            primes.push(i);\n        }\n    }\n    primes[n as usize - 1]\n}\n\nfn main() {\n    let candidate = newman_prime;\n    assert_eq!(candidate(3), 7);\n    assert_eq!(candidate(4), 17);\n    assert_eq!(candidate(5), 41);\n}\n",
      "timestamp": 1666123120,
      "stdout": "",
      "stderr": "thread 'main' panicked at 'assertion failed: `(left == right)`\n  left: `5`,\n right: `7`', /tmp/tmpdmf4chha.rs:16:5\nnote: run with `RUST_BACKTRACE=1` environment variable to display a backtrace\n",
      "exit_code": 101,
      "status": "Exception"
    },
    {
      "program": "/// Write a function to find the nth newman\u2013shanks\u2013williams prime number.\nfn newman_prime(n: isize) -> isize {\n    let mut primes = vec![2, 3, 5, 7, 11, 13, 17, 19, 23, 29, 31, 37, 41, 43, 47, 53, 59, 61, 67, 71, 73, 79, 83, 89, 97];\n    let mut p = primes[primes.len() - 1] + 2;\n    while primes.len() < n as usize {\n        if is_prime(p) {\n            primes.push(p);\n        }\n        p += 2;\n    }\n    primes[n as usize - 1]\n}\n\nfn main() {\n    let candidate = newman_prime;\n    assert_eq!(candidate(3), 7);\n    assert_eq!(candidate(4), 17);\n    assert_eq!(candidate(5), 41);\n}\n",
      "timestamp": 1666123120,
      "stdout": "",
      "stderr": "error[E0425]: cannot find function `is_prime` in this scope\n --> /tmp/tmpm7vkj4h1.rs:6:12\n  |\n6 |         if is_prime(p) {\n  |            ^^^^^^^^ not found in this scope\n\nerror: aborting due to previous error\n\nFor more information about this error, try `rustc --explain E0425`.\n",
      "exit_code": 1,
      "status": "SyntaxError"
    },
    {
      "program": "/// Write a function to find the nth newman\u2013shanks\u2013williams prime number.\nfn newman_prime(n: isize) -> isize {\n    let mut p = 2;\n    let mut i = 0;\n    while i < n {\n        p = next_prime(p);\n        if is_prime(p - 2) {\n            i += 1;\n        }\n    }\n    p\n}\n\nfn main() {\n    let candidate = newman_prime;\n    assert_eq!(candidate(3), 7);\n    assert_eq!(candidate(4), 17);\n    assert_eq!(candidate(5), 41);\n}\n",
      "timestamp": 1665510425,
      "stdout": "",
      "stderr": "error[E0425]: cannot find function `next_prime` in this scope\n --> /tmp/tmpknlvyz9l.rs:6:13\n  |\n6 |         p = next_prime(p);\n  |             ^^^^^^^^^^ not found in this scope\n\nerror[E0425]: cannot find function `is_prime` in this scope\n --> /tmp/tmpknlvyz9l.rs:7:12\n  |\n7 |         if is_prime(p - 2) {\n  |            ^^^^^^^^ not found in this scope\n\nerror: aborting due to 2 previous errors\n\nFor more information about this error, try `rustc --explain E0425`.\n",
      "exit_code": 1,
      "status": "SyntaxError"
    },
    {
      "program": "/// Write a function to find the nth newman\u2013shanks\u2013williams prime number.\nfn newman_prime(n: isize) -> isize {\n    let mut p = 1;\n    let mut i = 0;\n    while i < n {\n        p += 2;\n        if is_prime(p) && is_prime((p - 1) / 2) {\n            i += 1;\n        }\n    }\n    p\n}\n\nfn main() {\n    let candidate = newman_prime;\n    assert_eq!(candidate(3), 7);\n    assert_eq!(candidate(4), 17);\n    assert_eq!(candidate(5), 41);\n}\n",
      "timestamp": 1666123114,
      "stdout": "",
      "stderr": "error[E0425]: cannot find function `is_prime` in this scope\n --> /tmp/tmp62_136wh.rs:7:12\n  |\n7 |         if is_prime(p) && is_prime((p - 1) / 2) {\n  |            ^^^^^^^^ not found in this scope\n\nerror[E0425]: cannot find function `is_prime` in this scope\n --> /tmp/tmp62_136wh.rs:7:27\n  |\n7 |         if is_prime(p) && is_prime((p - 1) / 2) {\n  |                           ^^^^^^^^ not found in this scope\n\nerror: aborting due to 2 previous errors\n\nFor more information about this error, try `rustc --explain E0425`.\n",
      "exit_code": 1,
      "status": "SyntaxError"
    },
    {
      "program": "/// Write a function to find the nth newman\u2013shanks\u2013williams prime number.\nfn newman_prime(n: isize) -> isize {\n    let mut p = 2;\n    let mut i = 0;\n    while i < n {\n        p = next_prime(p);\n        if is_prime(p - 2) {\n            i += 1;\n        }\n    }\n    p\n}\n\nfn main() {\n    let candidate = newman_prime;\n    assert_eq!(candidate(3), 7);\n    assert_eq!(candidate(4), 17);\n    assert_eq!(candidate(5), 41);\n}\n",
      "timestamp": 1665510425,
      "stdout": "",
      "stderr": "error[E0425]: cannot find function `next_prime` in this scope\n --> /tmp/tmpknlvyz9l.rs:6:13\n  |\n6 |         p = next_prime(p);\n  |             ^^^^^^^^^^ not found in this scope\n\nerror[E0425]: cannot find function `is_prime` in this scope\n --> /tmp/tmpknlvyz9l.rs:7:12\n  |\n7 |         if is_prime(p - 2) {\n  |            ^^^^^^^^ not found in this scope\n\nerror: aborting due to 2 previous errors\n\nFor more information about this error, try `rustc --explain E0425`.\n",
      "exit_code": 1,
      "status": "SyntaxError"
    },
    {
      "program": "/// Write a function to find the nth newman\u2013shanks\u2013williams prime number.\nfn newman_prime(n: isize) -> isize {\n    let mut p = 1;\n    let mut i = 0;\n    while i < n {\n        p += 2 * p + 1;\n        if is_prime(p) {\n            i += 1;\n        }\n    }\n    p\n}\n\nfn main() {\n    let candidate = newman_prime;\n    assert_eq!(candidate(3), 7);\n    assert_eq!(candidate(4), 17);\n    assert_eq!(candidate(5), 41);\n}\n",
      "timestamp": 1665510425,
      "stdout": "",
      "stderr": "error[E0425]: cannot find function `is_prime` in this scope\n --> /tmp/tmpa7p7rk9a.rs:7:12\n  |\n7 |         if is_prime(p) {\n  |            ^^^^^^^^ not found in this scope\n\nerror: aborting due to previous error\n\nFor more information about this error, try `rustc --explain E0425`.\n",
      "exit_code": 1,
      "status": "SyntaxError"
    },
    {
      "program": "/// Write a function to find the nth newman\u2013shanks\u2013williams prime number.\nfn newman_prime(n: isize) -> isize {\n    let mut primes = vec![2, 3, 5, 7, 11, 13, 17, 19, 23, 29, 31, 37, 41, 43, 47, 53, 59, 61, 67, 71, 73, 79, 83, 89, 97];\n    let mut p = primes[primes.len() - 1];\n    while primes.len() < n as usize {\n        p += 2;\n        let mut is_prime = true;\n        for i in 0..primes.len() {\n            if p % primes[i] == 0 {\n                is_prime = false;\n                break;\n            }\n        }\n        if is_prime {\n            primes.push(p);\n        }\n    }\n    primes[n as usize - 1]\n}\n\nfn main() {\n    let candidate = newman_prime;\n    assert_eq!(candidate(3), 7);\n    assert_eq!(candidate(4), 17);\n    assert_eq!(candidate(5), 41);\n}\n",
      "timestamp": 1666123120,
      "stdout": "",
      "stderr": "thread 'main' panicked at 'assertion failed: `(left == right)`\n  left: `5`,\n right: `7`', /tmp/tmpcduu01aj.rs:23:5\nnote: run with `RUST_BACKTRACE=1` environment variable to display a backtrace\n",
      "exit_code": 101,
      "status": "Exception"
    },
    {
      "program": "/// Write a function to find the nth newman\u2013shanks\u2013williams prime number.\nfn newman_prime(n: isize) -> isize {\n    let mut p = 2;\n    let mut i = 1;\n    while i < n {\n        p = next_prime(p);\n        if is_newman_prime(p) {\n            i += 1;\n        }\n    }\n    p\n}\n\nfn main() {\n    let candidate = newman_prime;\n    assert_eq!(candidate(3), 7);\n    assert_eq!(candidate(4), 17);\n    assert_eq!(candidate(5), 41);\n}\n",
      "timestamp": 1666123120,
      "stdout": "",
      "stderr": "error[E0425]: cannot find function `next_prime` in this scope\n --> /tmp/tmp8zmewc7y.rs:6:13\n  |\n6 |         p = next_prime(p);\n  |             ^^^^^^^^^^ not found in this scope\n\nerror[E0425]: cannot find function `is_newman_prime` in this scope\n --> /tmp/tmp8zmewc7y.rs:7:12\n  |\n7 |         if is_newman_prime(p) {\n  |            ^^^^^^^^^^^^^^^ not found in this scope\n\nerror: aborting due to 2 previous errors\n\nFor more information about this error, try `rustc --explain E0425`.\n",
      "exit_code": 1,
      "status": "SyntaxError"
    },
    {
      "program": "/// Write a function to find the nth newman\u2013shanks\u2013williams prime number.\nfn newman_prime(n: isize) -> isize {\n    if n == 1 {\n        return 1;\n    }\n    let mut p = 1;\n    let mut i = 1;\n    while i < n {\n        p += 2 * i + 1;\n        if is_prime(p) {\n            i += 1;\n        }\n    }\n    p\n}\n\nfn main() {\n    let candidate = newman_prime;\n    assert_eq!(candidate(3), 7);\n    assert_eq!(candidate(4), 17);\n    assert_eq!(candidate(5), 41);\n}\n",
      "timestamp": 1666123120,
      "stdout": "",
      "stderr": "error[E0425]: cannot find function `is_prime` in this scope\n  --> /tmp/tmpz66tphip.rs:10:12\n   |\n10 |         if is_prime(p) {\n   |            ^^^^^^^^ not found in this scope\n\nerror: aborting due to previous error\n\nFor more information about this error, try `rustc --explain E0425`.\n",
      "exit_code": 1,
      "status": "SyntaxError"
    },
    {
      "program": "/// Write a function to find the nth newman\u2013shanks\u2013williams prime number.\nfn newman_prime(n: isize) -> isize {\n    let mut primes = vec![2, 3, 5, 7, 11, 13, 17, 19, 23, 29, 31, 37, 41, 43, 47, 53, 59, 61, 67, 71, 73, 79, 83, 89, 97, 101, 103, 107, 109, 113, 127, 131, 137, 139, 149, 151, 157, 163, 167, 173, 179, 181, 191, 193, 197, 199, 211, 223, 227, 229, 233, 239, 241, 251, 257, 263, 269, 271, 277, 281, 283, 293, 307, 311, 313, 317, 331, 337, 347, 349, 353, 359, 367, 373, 379, 383, 389, 397, 401, 409, 419, 421, 431, 433, 439, 443, 449, 457, 461, 463, 467, 479, 487, 491, 499, 503, 509, 521, 523, 541, 547, 557, 563, 569, 571, 577, 587, 593, 599, 601, 607, 613, 617, 619, 631, 641, 643, 647, 653, 659, 661, 673, 677, 683, 691, 701, 709, 719, 727, 733, 739, 743, 751, 757, 761, 769, 773, 787, 797, 809, 811, 821, 823, 827, 829, 839, 853, 857, 859, 863, 877, 881, 883, 887, 907, 911, 919, 929, 937, 941, 947, 953, 967, 971, 977, 983, 991, 997, 1009, 1013, 1019, 1021, 1031, 1033, 1039, 1049, 1051, 1061, 1063, 1069, 1087, 1091, 1093, 1097, 1103, 1109, 1117, 1123, 1129, 1151, 1153, 1163, 1171, 1181, 1187, 1193, 1201,\n}\n\nfn main() {\n    let candidate = newman_prime;\n    assert_eq!(candidate(3), 7);\n    assert_eq!(candidate(4), 17);\n    assert_eq!(candidate(5), 41);\n}\n",
      "timestamp": 1665510425,
      "stdout": "",
      "stderr": "error: expected one of `.`, `;`, `?`, `else`, or an operator, found `}`\n --> /tmp/tmpgyhlu5rw.rs:4:1\n  |\n4 | }\n  | ^ expected one of `.`, `;`, `?`, `else`, or an operator\n\nerror: mismatched closing delimiter: `}`\n --> /tmp/tmpgyhlu5rw.rs:3:26\n  |\n2 | fn newman_prime(n: isize) -> isize {\n  |                                    - closing delimiter possibly meant for this\n3 |     let mut primes = vec![2, 3, 5, 7, 11, 13, 17, 19, 23, 29, 31, 37, 41, 43, 47, 53, 59, 61, 67, 71, 73, 79, 83, 89, 97, 101, 103, 107, ...\n  |                          ^ unclosed delimiter\n4 | }\n  | ^ mismatched closing delimiter\n\nerror: aborting due to 2 previous errors\n\n",
      "exit_code": 1,
      "status": "SyntaxError"
    },
    {
      "program": "/// Write a function to find the nth newman\u2013shanks\u2013williams prime number.\nfn newman_prime(n: isize) -> isize {\n    let mut p = 1;\n    for _ in 0..n {\n        p = newman_prime_next(p);\n    }\n    p\n}\n\nfn main() {\n    let candidate = newman_prime;\n    assert_eq!(candidate(3), 7);\n    assert_eq!(candidate(4), 17);\n    assert_eq!(candidate(5), 41);\n}\n",
      "timestamp": 1665510425,
      "stdout": "",
      "stderr": "error[E0425]: cannot find function `newman_prime_next` in this scope\n --> /tmp/tmpys2fvsz6.rs:5:13\n  |\n5 |         p = newman_prime_next(p);\n  |             ^^^^^^^^^^^^^^^^^ not found in this scope\n\nerror: aborting due to previous error\n\nFor more information about this error, try `rustc --explain E0425`.\n",
      "exit_code": 1,
      "status": "SyntaxError"
    },
    {
      "program": "/// Write a function to find the nth newman\u2013shanks\u2013williams prime number.\nfn newman_prime(n: isize) -> isize {\n    let mut p = 1;\n    for i in 1..n {\n        p = newman_prime_after(p);\n    }\n    p\n}\n\nfn main() {\n    let candidate = newman_prime;\n    assert_eq!(candidate(3), 7);\n    assert_eq!(candidate(4), 17);\n    assert_eq!(candidate(5), 41);\n}\n",
      "timestamp": 1666123120,
      "stdout": "",
      "stderr": "error[E0425]: cannot find function `newman_prime_after` in this scope\n --> /tmp/tmpsryn96zj.rs:5:13\n  |\n5 |         p = newman_prime_after(p);\n  |             ^^^^^^^^^^^^^^^^^^ not found in this scope\n\nerror: aborting due to previous error\n\nFor more information about this error, try `rustc --explain E0425`.\n",
      "exit_code": 1,
      "status": "SyntaxError"
    },
    {
      "program": "/// Write a function to find the nth newman\u2013shanks\u2013williams prime number.\nfn newman_prime(n: isize) -> isize {\n    let mut primes = vec![2, 3];\n    let mut p = 3;\n    while primes.len() < n as usize {\n        p += 2;\n        let mut is_prime = true;\n        for prime in &primes {\n            if p % prime == 0 {\n                is_prime = false;\n                break;\n            }\n        }\n        if is_prime {\n            primes.push(p);\n        }\n    }\n    primes[n as usize - 1]\n}\n\nfn main() {\n    let candidate = newman_prime;\n    assert_eq!(candidate(3), 7);\n    assert_eq!(candidate(4), 17);\n    assert_eq!(candidate(5), 41);\n}\n",
      "timestamp": 1666123120,
      "stdout": "",
      "stderr": "thread 'main' panicked at 'assertion failed: `(left == right)`\n  left: `5`,\n right: `7`', /tmp/tmpnu7ot17v.rs:23:5\nnote: run with `RUST_BACKTRACE=1` environment variable to display a backtrace\n",
      "exit_code": 101,
      "status": "Exception"
    },
    {
      "program": "/// Write a function to find the nth newman\u2013shanks\u2013williams prime number.\nfn newman_prime(n: isize) -> isize {\n    let mut primes = vec![2, 3, 5, 7, 11, 13, 17, 19, 23, 29];\n    let mut i = 30;\n    while primes.len() < n as usize {\n        if is_prime(i) {\n            primes.push(i);\n        }\n        i += 1;\n    }\n    primes[n as usize - 1]\n}\n\nfn main() {\n    let candidate = newman_prime;\n    assert_eq!(candidate(3), 7);\n    assert_eq!(candidate(4), 17);\n    assert_eq!(candidate(5), 41);\n}\n",
      "timestamp": 1665510425,
      "stdout": "",
      "stderr": "error[E0425]: cannot find function `is_prime` in this scope\n --> /tmp/tmpjpyfxazq.rs:6:12\n  |\n6 |         if is_prime(i) {\n  |            ^^^^^^^^ not found in this scope\n\nerror: aborting due to previous error\n\nFor more information about this error, try `rustc --explain E0425`.\n",
      "exit_code": 1,
      "status": "SyntaxError"
    },
    {
      "program": "/// Write a function to find the nth newman\u2013shanks\u2013williams prime number.\nfn newman_prime(n: isize) -> isize {\n    let mut p = 1;\n    let mut i = 0;\n    while i < n {\n        p = next_newman_prime(p);\n        i += 1;\n    }\n    p\n}\n\nfn main() {\n    let candidate = newman_prime;\n    assert_eq!(candidate(3), 7);\n    assert_eq!(candidate(4), 17);\n    assert_eq!(candidate(5), 41);\n}\n",
      "timestamp": 1665510425,
      "stdout": "",
      "stderr": "error[E0425]: cannot find function `next_newman_prime` in this scope\n --> /tmp/tmp8ati6z1y.rs:6:13\n  |\n6 |         p = next_newman_prime(p);\n  |             ^^^^^^^^^^^^^^^^^ not found in this scope\n\nerror: aborting due to previous error\n\nFor more information about this error, try `rustc --explain E0425`.\n",
      "exit_code": 1,
      "status": "SyntaxError"
    },
    {
      "program": "/// Write a function to find the nth newman\u2013shanks\u2013williams prime number.\nfn newman_prime(n: isize) -> isize {\n    let mut primes = vec![2, 3, 5, 7, 11, 13, 17, 19, 23, 29];\n    let mut i = 30;\n    while primes.len() < n as usize {\n        if is_prime(i) {\n            primes.push(i);\n        }\n        i += 2;\n    }\n    primes[n as usize - 1]\n}\n\nfn main() {\n    let candidate = newman_prime;\n    assert_eq!(candidate(3), 7);\n    assert_eq!(candidate(4), 17);\n    assert_eq!(candidate(5), 41);\n}\n",
      "timestamp": 1666123120,
      "stdout": "",
      "stderr": "error[E0425]: cannot find function `is_prime` in this scope\n --> /tmp/tmp2hhragng.rs:6:12\n  |\n6 |         if is_prime(i) {\n  |            ^^^^^^^^ not found in this scope\n\nerror: aborting due to previous error\n\nFor more information about this error, try `rustc --explain E0425`.\n",
      "exit_code": 1,
      "status": "SyntaxError"
    },
    {
      "program": "/// Write a function to find the nth newman\u2013shanks\u2013williams prime number.\nfn newman_prime(n: isize) -> isize {\n    let mut primes = vec![2, 3, 5, 7, 11, 13, 17, 19, 23, 29, 31, 37, 41, 43, 47, 53, 59, 61, 67, 71, 73, 79, 83, 89, 97];\n    let mut i = primes.len() as isize;\n    while primes.len() < n as usize {\n        let mut is_prime = true;\n        for p in &primes {\n            if i % p == 0 {\n                is_prime = false;\n                break;\n            }\n        }\n        if is_prime {\n            primes.push(i);\n        }\n        i += 2;\n    }\n    primes[n as usize - 1]\n}\n\nfn main() {\n    let candidate = newman_prime;\n    assert_eq!(candidate(3), 7);\n    assert_eq!(candidate(4), 17);\n    assert_eq!(candidate(5), 41);\n}\n",
      "timestamp": 1666123120,
      "stdout": "",
      "stderr": "thread 'main' panicked at 'assertion failed: `(left == right)`\n  left: `5`,\n right: `7`', /tmp/tmp61sorlm9.rs:23:5\nnote: run with `RUST_BACKTRACE=1` environment variable to display a backtrace\n",
      "exit_code": 101,
      "status": "Exception"
    },
    {
      "program": "/// Write a function to find the nth newman\u2013shanks\u2013williams prime number.\nfn newman_prime(n: isize) -> isize {\n    let mut i = 0;\n    let mut p = 2;\n    while i < n {\n        p = next_prime(p);\n        if p % 4 == 3 {\n            i += 1;\n        }\n    }\n    p\n}\n\nfn main() {\n    let candidate = newman_prime;\n    assert_eq!(candidate(3), 7);\n    assert_eq!(candidate(4), 17);\n    assert_eq!(candidate(5), 41);\n}\n",
      "timestamp": 1665510425,
      "stdout": "",
      "stderr": "error[E0425]: cannot find function `next_prime` in this scope\n --> /tmp/tmpqlwpnqbv.rs:6:13\n  |\n6 |         p = next_prime(p);\n  |             ^^^^^^^^^^ not found in this scope\n\nerror: aborting due to previous error\n\nFor more information about this error, try `rustc --explain E0425`.\n",
      "exit_code": 1,
      "status": "SyntaxError"
    },
    {
      "program": "/// Write a function to find the nth newman\u2013shanks\u2013williams prime number.\nfn newman_prime(n: isize) -> isize {\n    let mut p = 1;\n    let mut i = 0;\n    while i < n {\n        p += 2;\n        if is_prime(p) {\n            i += 1;\n        }\n    }\n    p\n}\n\nfn main() {\n    let candidate = newman_prime;\n    assert_eq!(candidate(3), 7);\n    assert_eq!(candidate(4), 17);\n    assert_eq!(candidate(5), 41);\n}\n",
      "timestamp": 1666123120,
      "stdout": "",
      "stderr": "error[E0425]: cannot find function `is_prime` in this scope\n --> /tmp/tmp2jgu9mct.rs:7:12\n  |\n7 |         if is_prime(p) {\n  |            ^^^^^^^^ not found in this scope\n\nerror: aborting due to previous error\n\nFor more information about this error, try `rustc --explain E0425`.\n",
      "exit_code": 1,
      "status": "SyntaxError"
    },
    {
      "program": "/// Write a function to find the nth newman\u2013shanks\u2013williams prime number.\nfn newman_prime(n: isize) -> isize {\n    let mut primes = vec![2, 3, 5, 7, 11, 13, 17, 19, 23, 29];\n    let mut next = 31;\n    while primes.len() < n as usize {\n        if is_prime(next) {\n            primes.push(next);\n        }\n        next += 2;\n    }\n    primes[n as usize - 1]\n}\n\nfn main() {\n    let candidate = newman_prime;\n    assert_eq!(candidate(3), 7);\n    assert_eq!(candidate(4), 17);\n    assert_eq!(candidate(5), 41);\n}\n",
      "timestamp": 1666123120,
      "stdout": "",
      "stderr": "error[E0425]: cannot find function `is_prime` in this scope\n --> /tmp/tmp40rr1esn.rs:6:12\n  |\n6 |         if is_prime(next) {\n  |            ^^^^^^^^ not found in this scope\n\nerror: aborting due to previous error\n\nFor more information about this error, try `rustc --explain E0425`.\n",
      "exit_code": 1,
      "status": "SyntaxError"
    },
    {
      "program": "/// Write a function to find the nth newman\u2013shanks\u2013williams prime number.\nfn newman_prime(n: isize) -> isize {\n    let mut p = 1;\n    let mut i = 0;\n    while i < n {\n        p = next_prime(p);\n        let mut q = p;\n        while q % 4 == 3 {\n            q = next_prime(q);\n        }\n        if q % 4 == 1 {\n            i += 1;\n        }\n    }\n    p\n}\n\nfn main() {\n    let candidate = newman_prime;\n    assert_eq!(candidate(3), 7);\n    assert_eq!(candidate(4), 17);\n    assert_eq!(candidate(5), 41);\n}\n",
      "timestamp": 1666123120,
      "stdout": "",
      "stderr": "error[E0425]: cannot find function `next_prime` in this scope\n --> /tmp/tmp4t3ry8w5.rs:6:13\n  |\n6 |         p = next_prime(p);\n  |             ^^^^^^^^^^ not found in this scope\n\nerror[E0425]: cannot find function `next_prime` in this scope\n --> /tmp/tmp4t3ry8w5.rs:9:17\n  |\n9 |             q = next_prime(q);\n  |                 ^^^^^^^^^^ not found in this scope\n\nerror: aborting due to 2 previous errors\n\nFor more information about this error, try `rustc --explain E0425`.\n",
      "exit_code": 1,
      "status": "SyntaxError"
    },
    {
      "program": "/// Write a function to find the nth newman\u2013shanks\u2013williams prime number.\nfn newman_prime(n: isize) -> isize {\n    let mut p = 2;\n    let mut i = 0;\n    while i < n {\n        p = next_prime(p);\n        if is_prime(2 * p + 1) {\n            i += 1;\n        }\n    }\n    p\n}\n\nfn main() {\n    let candidate = newman_prime;\n    assert_eq!(candidate(3), 7);\n    assert_eq!(candidate(4), 17);\n    assert_eq!(candidate(5), 41);\n}\n",
      "timestamp": 1666123114,
      "stdout": "",
      "stderr": "error[E0425]: cannot find function `next_prime` in this scope\n --> /tmp/tmpmil8mgm0.rs:6:13\n  |\n6 |         p = next_prime(p);\n  |             ^^^^^^^^^^ not found in this scope\n\nerror[E0425]: cannot find function `is_prime` in this scope\n --> /tmp/tmpmil8mgm0.rs:7:12\n  |\n7 |         if is_prime(2 * p + 1) {\n  |            ^^^^^^^^ not found in this scope\n\nerror: aborting due to 2 previous errors\n\nFor more information about this error, try `rustc --explain E0425`.\n",
      "exit_code": 1,
      "status": "SyntaxError"
    },
    {
      "program": "/// Write a function to find the nth newman\u2013shanks\u2013williams prime number.\nfn newman_prime(n: isize) -> isize {\n    let mut primes = vec![2, 3, 5, 7, 11, 13, 17, 19, 23, 29, 31, 37, 41, 43, 47, 53, 59, 61, 67, 71, 73, 79, 83, 89, 97, 101, 103, 107, 109, 113, 127, 131, 137, 139, 149, 151, 157, 163, 167, 173, 179, 181, 191, 193, 197, 199, 211, 223, 227, 229, 233, 239, 241, 251, 257, 263, 269, 271, 277, 281, 283, 293, 307, 311, 313, 317, 331, 337, 347, 349, 353, 359, 367, 373, 379, 383, 389, 397, 401, 409, 419, 421, 431, 433, 439, 443, 449, 457, 461, 463, 467, 479, 487, 491, 499, 503, 509, 521, 523, 541, 547, 557, 563, 569, 571, 577, 587, 593, 599, 601, 607, 613, 617, 619, 631, 641, 643, 647, 653, 659, 661, 673, 677, 683, 691, 701, 709, 719, 727, 733, 739, 743, 751, 757, 761, 769, 773, 787, 797, 809, 811, 821, 823, 827, 829, 839, 853, 857, 859, 863, 877, 881, 883, 887, 907, 911, 919, 929, 937, 941, 947, 953, 967, 971, 977, 983, 991, 997, 1009, 1013, 1019, 1021, 1031, 1033, 1039, 1049, 1051, 1061, 1063, 1069, 1087, 1091, 1093, 1097, 1103, 1109, 1117, 1123, 1129, 1151, 1153, 1163, 1171, 1181, 1187, 1193, 1201,\n}\n\nfn main() {\n    let candidate = newman_prime;\n    assert_eq!(candidate(3), 7);\n    assert_eq!(candidate(4), 17);\n    assert_eq!(candidate(5), 41);\n}\n",
      "timestamp": 1665510425,
      "stdout": "",
      "stderr": "error: expected one of `.`, `;`, `?`, `else`, or an operator, found `}`\n --> /tmp/tmpgyhlu5rw.rs:4:1\n  |\n4 | }\n  | ^ expected one of `.`, `;`, `?`, `else`, or an operator\n\nerror: mismatched closing delimiter: `}`\n --> /tmp/tmpgyhlu5rw.rs:3:26\n  |\n2 | fn newman_prime(n: isize) -> isize {\n  |                                    - closing delimiter possibly meant for this\n3 |     let mut primes = vec![2, 3, 5, 7, 11, 13, 17, 19, 23, 29, 31, 37, 41, 43, 47, 53, 59, 61, 67, 71, 73, 79, 83, 89, 97, 101, 103, 107, ...\n  |                          ^ unclosed delimiter\n4 | }\n  | ^ mismatched closing delimiter\n\nerror: aborting due to 2 previous errors\n\n",
      "exit_code": 1,
      "status": "SyntaxError"
    },
    {
      "program": "/// Write a function to find the nth newman\u2013shanks\u2013williams prime number.\nfn newman_prime(n: isize) -> isize {\n    let mut i = 1;\n    let mut p = 2;\n    while i < n {\n        p = next_prime(p);\n        if is_prime(p - 2) {\n            i += 1;\n        }\n    }\n    p\n}\n\nfn main() {\n    let candidate = newman_prime;\n    assert_eq!(candidate(3), 7);\n    assert_eq!(candidate(4), 17);\n    assert_eq!(candidate(5), 41);\n}\n",
      "timestamp": 1666123120,
      "stdout": "",
      "stderr": "error[E0425]: cannot find function `next_prime` in this scope\n --> /tmp/tmp646hb728.rs:6:13\n  |\n6 |         p = next_prime(p);\n  |             ^^^^^^^^^^ not found in this scope\n\nerror[E0425]: cannot find function `is_prime` in this scope\n --> /tmp/tmp646hb728.rs:7:12\n  |\n7 |         if is_prime(p - 2) {\n  |            ^^^^^^^^ not found in this scope\n\nerror: aborting due to 2 previous errors\n\nFor more information about this error, try `rustc --explain E0425`.\n",
      "exit_code": 1,
      "status": "SyntaxError"
    },
    {
      "program": "/// Write a function to find the nth newman\u2013shanks\u2013williams prime number.\nfn newman_prime(n: isize) -> isize {\n    let mut p = 1;\n    for _ in 0..n {\n        p = next_newman_prime(p);\n    }\n    p\n}\n\nfn main() {\n    let candidate = newman_prime;\n    assert_eq!(candidate(3), 7);\n    assert_eq!(candidate(4), 17);\n    assert_eq!(candidate(5), 41);\n}\n",
      "timestamp": 1666123120,
      "stdout": "",
      "stderr": "error[E0425]: cannot find function `next_newman_prime` in this scope\n --> /tmp/tmpbo74ug_e.rs:5:13\n  |\n5 |         p = next_newman_prime(p);\n  |             ^^^^^^^^^^^^^^^^^ not found in this scope\n\nerror: aborting due to previous error\n\nFor more information about this error, try `rustc --explain E0425`.\n",
      "exit_code": 1,
      "status": "SyntaxError"
    },
    {
      "program": "/// Write a function to find the nth newman\u2013shanks\u2013williams prime number.\nfn newman_prime(n: isize) -> isize {\n    let mut i = 1;\n    let mut count = 0;\n    while count < n {\n        i += 1;\n        if is_prime(i) && is_prime(2 * i + 1) {\n            count += 1;\n        }\n    }\n    i\n}\n\nfn main() {\n    let candidate = newman_prime;\n    assert_eq!(candidate(3), 7);\n    assert_eq!(candidate(4), 17);\n    assert_eq!(candidate(5), 41);\n}\n",
      "timestamp": 1666123114,
      "stdout": "",
      "stderr": "error[E0425]: cannot find function `is_prime` in this scope\n --> /tmp/tmphbcsj238.rs:7:12\n  |\n7 |         if is_prime(i) && is_prime(2 * i + 1) {\n  |            ^^^^^^^^ not found in this scope\n\nerror[E0425]: cannot find function `is_prime` in this scope\n --> /tmp/tmphbcsj238.rs:7:27\n  |\n7 |         if is_prime(i) && is_prime(2 * i + 1) {\n  |                           ^^^^^^^^ not found in this scope\n\nerror: aborting due to 2 previous errors\n\nFor more information about this error, try `rustc --explain E0425`.\n",
      "exit_code": 1,
      "status": "SyntaxError"
    },
    {
      "program": "/// Write a function to find the nth newman\u2013shanks\u2013williams prime number.\nfn newman_prime(n: isize) -> isize {\n    let mut p = 2;\n    let mut i = 0;\n    while i < n {\n        p = next_prime(p);\n        if p % 4 == 3 {\n            i += 1;\n        }\n    }\n    p\n}\n\nfn main() {\n    let candidate = newman_prime;\n    assert_eq!(candidate(3), 7);\n    assert_eq!(candidate(4), 17);\n    assert_eq!(candidate(5), 41);\n}\n",
      "timestamp": 1666123120,
      "stdout": "",
      "stderr": "error[E0425]: cannot find function `next_prime` in this scope\n --> /tmp/tmpwcoftvyz.rs:6:13\n  |\n6 |         p = next_prime(p);\n  |             ^^^^^^^^^^ not found in this scope\n\nerror: aborting due to previous error\n\nFor more information about this error, try `rustc --explain E0425`.\n",
      "exit_code": 1,
      "status": "SyntaxError"
    },
    {
      "program": "/// Write a function to find the nth newman\u2013shanks\u2013williams prime number.\nfn newman_prime(n: isize) -> isize {\n    let mut p = 1;\n    let mut i = 0;\n    while i < n {\n        p = next_prime(p);\n        if (p - 1) % 4 == 0 {\n            i += 1;\n        }\n    }\n    p\n}\n\nfn main() {\n    let candidate = newman_prime;\n    assert_eq!(candidate(3), 7);\n    assert_eq!(candidate(4), 17);\n    assert_eq!(candidate(5), 41);\n}\n",
      "timestamp": 1666123114,
      "stdout": "",
      "stderr": "error[E0425]: cannot find function `next_prime` in this scope\n --> /tmp/tmp0w1fmqec.rs:6:13\n  |\n6 |         p = next_prime(p);\n  |             ^^^^^^^^^^ not found in this scope\n\nerror: aborting due to previous error\n\nFor more information about this error, try `rustc --explain E0425`.\n",
      "exit_code": 1,
      "status": "SyntaxError"
    },
    {
      "program": "/// Write a function to find the nth newman\u2013shanks\u2013williams prime number.\nfn newman_prime(n: isize) -> isize {\n    let mut p = 1;\n    let mut i = 0;\n    while i < n {\n        p += 2 * (p - 1);\n        if is_prime(p) {\n            i += 1;\n        }\n    }\n    p\n}\n\nfn main() {\n    let candidate = newman_prime;\n    assert_eq!(candidate(3), 7);\n    assert_eq!(candidate(4), 17);\n    assert_eq!(candidate(5), 41);\n}\n",
      "timestamp": 1665510425,
      "stdout": "",
      "stderr": "error[E0425]: cannot find function `is_prime` in this scope\n --> /tmp/tmp24ysx7vz.rs:7:12\n  |\n7 |         if is_prime(p) {\n  |            ^^^^^^^^ not found in this scope\n\nerror: aborting due to previous error\n\nFor more information about this error, try `rustc --explain E0425`.\n",
      "exit_code": 1,
      "status": "SyntaxError"
    },
    {
      "program": "/// Write a function to find the nth newman\u2013shanks\u2013williams prime number.\nfn newman_prime(n: isize) -> isize {\n    let mut p = 1;\n    let mut i = 0;\n    while i < n {\n        p += 2 * (p - 1);\n        if is_prime(p) {\n            i += 1;\n        }\n    }\n    p\n}\n\nfn main() {\n    let candidate = newman_prime;\n    assert_eq!(candidate(3), 7);\n    assert_eq!(candidate(4), 17);\n    assert_eq!(candidate(5), 41);\n}\n",
      "timestamp": 1665510425,
      "stdout": "",
      "stderr": "error[E0425]: cannot find function `is_prime` in this scope\n --> /tmp/tmp24ysx7vz.rs:7:12\n  |\n7 |         if is_prime(p) {\n  |            ^^^^^^^^ not found in this scope\n\nerror: aborting due to previous error\n\nFor more information about this error, try `rustc --explain E0425`.\n",
      "exit_code": 1,
      "status": "SyntaxError"
    },
    {
      "program": "/// Write a function to find the nth newman\u2013shanks\u2013williams prime number.\nfn newman_prime(n: isize) -> isize {\n    let mut i = 0;\n    let mut p = 2;\n    while i < n {\n        p = next_prime(p);\n        if is_prime(p - 2) {\n            i += 1;\n        }\n    }\n    p\n}\n\nfn main() {\n    let candidate = newman_prime;\n    assert_eq!(candidate(3), 7);\n    assert_eq!(candidate(4), 17);\n    assert_eq!(candidate(5), 41);\n}\n",
      "timestamp": 1666123114,
      "stdout": "",
      "stderr": "error[E0425]: cannot find function `next_prime` in this scope\n --> /tmp/tmpexcv3mp8.rs:6:13\n  |\n6 |         p = next_prime(p);\n  |             ^^^^^^^^^^ not found in this scope\n\nerror[E0425]: cannot find function `is_prime` in this scope\n --> /tmp/tmpexcv3mp8.rs:7:12\n  |\n7 |         if is_prime(p - 2) {\n  |            ^^^^^^^^ not found in this scope\n\nerror: aborting due to 2 previous errors\n\nFor more information about this error, try `rustc --explain E0425`.\n",
      "exit_code": 1,
      "status": "SyntaxError"
    },
    {
      "program": "/// Write a function to find the nth newman\u2013shanks\u2013williams prime number.\nfn newman_prime(n: isize) -> isize {\n    let mut primes = vec![2, 3, 5, 7, 11, 13, 17, 19, 23, 29, 31, 37, 41, 43, 47, 53, 59, 61, 67, 71, 73, 79, 83, 89, 97, 101, 103, 107, 109, 113, 127, 131, 137, 139, 149, 151, 157, 163, 167, 173, 179, 181, 191, 193, 197, 199, 211, 223, 227, 229, 233, 239, 241, 251, 257, 263, 269, 271, 277, 281, 283, 293, 307, 311, 313, 317, 331, 337, 347, 349, 353, 359, 367, 373, 379, 383, 389, 397, 401, 409, 419, 421, 431, 433, 439, 443, 449, 457, 461, 463, 467, 479, 487, 491, 499, 503, 509, 521, 523, 541, 547, 557, 563, 569, 571, 577, 587, 593, 599, 601, 607, 613, 617, 619, 631, 641, 643, 647, 653, 659, 661, 673, 677, 683, 691, 701, 709, 719, 727, 733, 739, 743, 751, 757, 761, 769, 773, 787, 797, 809, 811, 821, 823, 827, 829, 839, 853, 857, 859, 863, 877, 881, 883, 887, 907, 911, 919, 929, 937, 941, 947, 953, 967, 971, 977, 983, 991, 997, 1009, 1013, 1019, 1021, 1031, 1033, 1039, 1049, 1051, 1061, 1063, 1069, 1087, 1091, 1093, 1097, 1103, 1109, 1117, 1123, 1129, 1151, 1153, 1163, 1171, 1181, 1187, 1193, 1201,\n}\n\nfn main() {\n    let candidate = newman_prime;\n    assert_eq!(candidate(3), 7);\n    assert_eq!(candidate(4), 17);\n    assert_eq!(candidate(5), 41);\n}\n",
      "timestamp": 1665510425,
      "stdout": "",
      "stderr": "error: expected one of `.`, `;`, `?`, `else`, or an operator, found `}`\n --> /tmp/tmpgyhlu5rw.rs:4:1\n  |\n4 | }\n  | ^ expected one of `.`, `;`, `?`, `else`, or an operator\n\nerror: mismatched closing delimiter: `}`\n --> /tmp/tmpgyhlu5rw.rs:3:26\n  |\n2 | fn newman_prime(n: isize) -> isize {\n  |                                    - closing delimiter possibly meant for this\n3 |     let mut primes = vec![2, 3, 5, 7, 11, 13, 17, 19, 23, 29, 31, 37, 41, 43, 47, 53, 59, 61, 67, 71, 73, 79, 83, 89, 97, 101, 103, 107, ...\n  |                          ^ unclosed delimiter\n4 | }\n  | ^ mismatched closing delimiter\n\nerror: aborting due to 2 previous errors\n\n",
      "exit_code": 1,
      "status": "SyntaxError"
    },
    {
      "program": "/// Write a function to find the nth newman\u2013shanks\u2013williams prime number.\nfn newman_prime(n: isize) -> isize {\n    let mut p = 2;\n    let mut i = 0;\n    while i < n {\n        p = next_prime(p);\n        if is_prime(2 * p + 1) {\n            i += 1;\n        }\n    }\n    p\n}\n\nfn main() {\n    let candidate = newman_prime;\n    assert_eq!(candidate(3), 7);\n    assert_eq!(candidate(4), 17);\n    assert_eq!(candidate(5), 41);\n}\n",
      "timestamp": 1666123114,
      "stdout": "",
      "stderr": "error[E0425]: cannot find function `next_prime` in this scope\n --> /tmp/tmpmil8mgm0.rs:6:13\n  |\n6 |         p = next_prime(p);\n  |             ^^^^^^^^^^ not found in this scope\n\nerror[E0425]: cannot find function `is_prime` in this scope\n --> /tmp/tmpmil8mgm0.rs:7:12\n  |\n7 |         if is_prime(2 * p + 1) {\n  |            ^^^^^^^^ not found in this scope\n\nerror: aborting due to 2 previous errors\n\nFor more information about this error, try `rustc --explain E0425`.\n",
      "exit_code": 1,
      "status": "SyntaxError"
    },
    {
      "program": "/// Write a function to find the nth newman\u2013shanks\u2013williams prime number.\nfn newman_prime(n: isize) -> isize {\n    let mut i = 0;\n    let mut p = 0;\n    while i < n {\n        p += 1;\n        if is_newman_prime(p) {\n            i += 1;\n        }\n    }\n    p\n}\n\nfn main() {\n    let candidate = newman_prime;\n    assert_eq!(candidate(3), 7);\n    assert_eq!(candidate(4), 17);\n    assert_eq!(candidate(5), 41);\n}\n",
      "timestamp": 1666123120,
      "stdout": "",
      "stderr": "error[E0425]: cannot find function `is_newman_prime` in this scope\n --> /tmp/tmppttas9z4.rs:7:12\n  |\n7 |         if is_newman_prime(p) {\n  |            ^^^^^^^^^^^^^^^ not found in this scope\n\nerror: aborting due to previous error\n\nFor more information about this error, try `rustc --explain E0425`.\n",
      "exit_code": 1,
      "status": "SyntaxError"
    },
    {
      "program": "/// Write a function to find the nth newman\u2013shanks\u2013williams prime number.\nfn newman_prime(n: isize) -> isize {\n    let mut p = 2;\n    let mut i = 0;\n    while i < n {\n        p = next_prime(p);\n        if !is_prime(p - 2) {\n            i += 1;\n        }\n    }\n    p\n}\n\nfn main() {\n    let candidate = newman_prime;\n    assert_eq!(candidate(3), 7);\n    assert_eq!(candidate(4), 17);\n    assert_eq!(candidate(5), 41);\n}\n",
      "timestamp": 1666123120,
      "stdout": "",
      "stderr": "error[E0425]: cannot find function `next_prime` in this scope\n --> /tmp/tmp8h7_i2nr.rs:6:13\n  |\n6 |         p = next_prime(p);\n  |             ^^^^^^^^^^ not found in this scope\n\nerror[E0425]: cannot find function `is_prime` in this scope\n --> /tmp/tmp8h7_i2nr.rs:7:13\n  |\n7 |         if !is_prime(p - 2) {\n  |             ^^^^^^^^ not found in this scope\n\nerror: aborting due to 2 previous errors\n\nFor more information about this error, try `rustc --explain E0425`.\n",
      "exit_code": 1,
      "status": "SyntaxError"
    },
    {
      "program": "/// Write a function to find the nth newman\u2013shanks\u2013williams prime number.\nfn newman_prime(n: isize) -> isize {\n    let mut primes = vec![2, 3];\n    let mut p = 5;\n    while primes.len() < n as usize {\n        let mut is_prime = true;\n        for prime in &primes {\n            if p % prime == 0 {\n                is_prime = false;\n                break;\n            }\n        }\n        if is_prime {\n            primes.push(p);\n        }\n        p += 2;\n    }\n    primes[n as usize - 1]\n}\n\nfn main() {\n    let candidate = newman_prime;\n    assert_eq!(candidate(3), 7);\n    assert_eq!(candidate(4), 17);\n    assert_eq!(candidate(5), 41);\n}\n",
      "timestamp": 1666123120,
      "stdout": "",
      "stderr": "thread 'main' panicked at 'assertion failed: `(left == right)`\n  left: `5`,\n right: `7`', /tmp/tmpsvul_ftf.rs:23:5\nnote: run with `RUST_BACKTRACE=1` environment variable to display a backtrace\n",
      "exit_code": 101,
      "status": "Exception"
    },
    {
      "program": "/// Write a function to find the nth newman\u2013shanks\u2013williams prime number.\nfn newman_prime(n: isize) -> isize {\n    let mut p = 2;\n    let mut i = 0;\n    while i < n {\n        p = next_prime(p);\n        if is_prime(2 * p + 1) {\n            i += 1;\n        }\n    }\n    p\n}\n\nfn main() {\n    let candidate = newman_prime;\n    assert_eq!(candidate(3), 7);\n    assert_eq!(candidate(4), 17);\n    assert_eq!(candidate(5), 41);\n}\n",
      "timestamp": 1666123114,
      "stdout": "",
      "stderr": "error[E0425]: cannot find function `next_prime` in this scope\n --> /tmp/tmpmil8mgm0.rs:6:13\n  |\n6 |         p = next_prime(p);\n  |             ^^^^^^^^^^ not found in this scope\n\nerror[E0425]: cannot find function `is_prime` in this scope\n --> /tmp/tmpmil8mgm0.rs:7:12\n  |\n7 |         if is_prime(2 * p + 1) {\n  |            ^^^^^^^^ not found in this scope\n\nerror: aborting due to 2 previous errors\n\nFor more information about this error, try `rustc --explain E0425`.\n",
      "exit_code": 1,
      "status": "SyntaxError"
    },
    {
      "program": "/// Write a function to find the nth newman\u2013shanks\u2013williams prime number.\nfn newman_prime(n: isize) -> isize {\n    let mut n = n;\n    let mut p = 2;\n    let mut q = 1;\n    let mut r = 1;\n    let mut s = 0;\n    let mut t = 1;\n    while n > 0 {\n        if p == q {\n            q = r * p + s;\n            r = 2 * r + 1;\n            s = 2 * s;\n            p = t * p + 1;\n            t = 2 * t;\n        }\n        if p < q {\n            p = p + 2;\n            n = n - 1;\n        } else {\n            q = q + 2;\n        }\n    }\n    p\n}\n\nfn main() {\n    let candidate = newman_prime;\n    assert_eq!(candidate(3), 7);\n    assert_eq!(candidate(4), 17);\n    assert_eq!(candidate(5), 41);\n}\n",
      "timestamp": 1666123120,
      "stdout": "",
      "stderr": "thread 'main' panicked at 'assertion failed: `(left == right)`\n  left: `8`,\n right: `7`', /tmp/tmp5i90wj7l.rs:29:5\nnote: run with `RUST_BACKTRACE=1` environment variable to display a backtrace\n",
      "exit_code": 101,
      "status": "Exception"
    },
    {
      "program": "/// Write a function to find the nth newman\u2013shanks\u2013williams prime number.\nfn newman_prime(n: isize) -> isize {\n    let mut primes = vec![2, 3, 5, 7, 11, 13, 17, 19, 23, 29];\n    let mut i = 30;\n    while primes.len() < n as usize {\n        if is_prime(i) {\n            primes.push(i);\n        }\n        i += 2;\n    }\n    primes[n as usize - 1]\n}\n\nfn main() {\n    let candidate = newman_prime;\n    assert_eq!(candidate(3), 7);\n    assert_eq!(candidate(4), 17);\n    assert_eq!(candidate(5), 41);\n}\n",
      "timestamp": 1666123120,
      "stdout": "",
      "stderr": "error[E0425]: cannot find function `is_prime` in this scope\n --> /tmp/tmp2hhragng.rs:6:12\n  |\n6 |         if is_prime(i) {\n  |            ^^^^^^^^ not found in this scope\n\nerror: aborting due to previous error\n\nFor more information about this error, try `rustc --explain E0425`.\n",
      "exit_code": 1,
      "status": "SyntaxError"
    },
    {
      "program": "/// Write a function to find the nth newman\u2013shanks\u2013williams prime number.\nfn newman_prime(n: isize) -> isize {\n    let mut i = 1;\n    let mut count = 0;\n    while count < n {\n        i += 2;\n        if is_prime(i) && is_prime(2 * i + 1) {\n            count += 1;\n        }\n    }\n    i\n}\n\nfn main() {\n    let candidate = newman_prime;\n    assert_eq!(candidate(3), 7);\n    assert_eq!(candidate(4), 17);\n    assert_eq!(candidate(5), 41);\n}\n",
      "timestamp": 1666123120,
      "stdout": "",
      "stderr": "error[E0425]: cannot find function `is_prime` in this scope\n --> /tmp/tmpyrurg90u.rs:7:12\n  |\n7 |         if is_prime(i) && is_prime(2 * i + 1) {\n  |            ^^^^^^^^ not found in this scope\n\nerror[E0425]: cannot find function `is_prime` in this scope\n --> /tmp/tmpyrurg90u.rs:7:27\n  |\n7 |         if is_prime(i) && is_prime(2 * i + 1) {\n  |                           ^^^^^^^^ not found in this scope\n\nerror: aborting due to 2 previous errors\n\nFor more information about this error, try `rustc --explain E0425`.\n",
      "exit_code": 1,
      "status": "SyntaxError"
    },
    {
      "program": "/// Write a function to find the nth newman\u2013shanks\u2013williams prime number.\nfn newman_prime(n: isize) -> isize {\n    let mut primes = vec![2, 3, 5, 7];\n    let mut i = primes.len() as isize;\n    while i < n {\n        let mut p = primes[i as usize - 1] + 2;\n        while !is_prime(p) {\n            p += 2;\n        }\n        primes.push(p);\n        i += 1;\n    }\n    primes[n as usize - 1]\n}\n\nfn main() {\n    let candidate = newman_prime;\n    assert_eq!(candidate(3), 7);\n    assert_eq!(candidate(4), 17);\n    assert_eq!(candidate(5), 41);\n}\n",
      "timestamp": 1666123120,
      "stdout": "",
      "stderr": "error[E0425]: cannot find function `is_prime` in this scope\n --> /tmp/tmpf00pkpys.rs:7:16\n  |\n7 |         while !is_prime(p) {\n  |                ^^^^^^^^ not found in this scope\n\nerror: aborting due to previous error\n\nFor more information about this error, try `rustc --explain E0425`.\n",
      "exit_code": 1,
      "status": "SyntaxError"
    },
    {
      "program": "/// Write a function to find the nth newman\u2013shanks\u2013williams prime number.\nfn newman_prime(n: isize) -> isize {\n    let mut i = 1;\n    let mut j = 1;\n    let mut k = 1;\n    let mut l = 1;\n    let mut m = 1;\n    let mut n = 1;\n    let mut o = 1;\n    let mut p = 1;\n    let mut q = 1;\n    let mut r = 1;\n    let mut s = 1;\n    let mut t = 1;\n    let mut u = 1;\n    let mut v = 1;\n    let mut w = 1;\n    let mut x = 1;\n    let mut y = 1;\n    let mut z = 1;\n    let mut aa = 1;\n    let mut bb = 1;\n    let mut cc = 1;\n    let mut dd = 1;\n    let mut ee = 1;\n    let mut ff = 1;\n    let mut gg = 1;\n    let mut hh = 1;\n    let mut ii = 1;\n    let mut jj = 1;\n    let mut kk = 1;\n    let mut ll = 1;\n    let mut mm = 1;\n    let mut nn = 1;\n    let mut oo = 1;\n    let mut pp = 1;\n    let mut qq = 1;\n    let mut rr = 1;\n    let mut ss = 1;\n    let mut tt = 1;\n    let mut uu = 1;\n    let mut vv = 1;\n    let mut ww = 1;\n    let mut xx = 1;\n    let mut yy = 1;\n    let mut zz = 1;\n    let mut aaa = 1;\n    let mut bbb = 1;\n    let mut ccc = 1;\n    let mut ddd = 1;\n    let mut eee = 1;\n    let mut fff = 1;\n    let mut ggg = 1;\n    let mut hhh = 1;\n    let mut iii = 1;\n    let mut jjj = 1;\n    let mut kkk = 1;\n    let mut lll = 1;\n    let mut mmm = 1;\n    let mut nnn = 1;\n    let mut ooo = 1;\n    let mut ppp = 1;\n}\n\nfn main() {\n    let candidate = newman_prime;\n    assert_eq!(candidate(3), 7);\n    assert_eq!(candidate(4), 17);\n    assert_eq!(candidate(5), 41);\n}\n",
      "timestamp": 1666123120,
      "stdout": "",
      "stderr": "error[E0308]: mismatched types\n --> /tmp/tmpaimqj938.rs:2:30\n  |\n2 | fn newman_prime(n: isize) -> isize {\n  |    ------------              ^^^^^ expected `isize`, found `()`\n  |    |\n  |    implicitly returns `()` as its body has no tail or `return` expression\n\nerror: aborting due to previous error\n\nFor more information about this error, try `rustc --explain E0308`.\n",
      "exit_code": 1,
      "status": "SyntaxError"
    },
    {
      "program": "/// Write a function to find the nth newman\u2013shanks\u2013williams prime number.\nfn newman_prime(n: isize) -> isize {\n    let mut p = 1;\n    for _ in 0..n {\n        p = newman_prime_next(p);\n    }\n    p\n}\n\nfn main() {\n    let candidate = newman_prime;\n    assert_eq!(candidate(3), 7);\n    assert_eq!(candidate(4), 17);\n    assert_eq!(candidate(5), 41);\n}\n",
      "timestamp": 1665510425,
      "stdout": "",
      "stderr": "error[E0425]: cannot find function `newman_prime_next` in this scope\n --> /tmp/tmpys2fvsz6.rs:5:13\n  |\n5 |         p = newman_prime_next(p);\n  |             ^^^^^^^^^^^^^^^^^ not found in this scope\n\nerror: aborting due to previous error\n\nFor more information about this error, try `rustc --explain E0425`.\n",
      "exit_code": 1,
      "status": "SyntaxError"
    },
    {
      "program": "/// Write a function to find the nth newman\u2013shanks\u2013williams prime number.\nfn newman_prime(n: isize) -> isize {\n    let mut primes = vec![2, 3, 5, 7, 11, 13, 17, 19, 23, 29];\n    let mut i = 30;\n    while primes.len() < n as usize {\n        if is_prime(i) {\n            primes.push(i);\n        }\n        i += 1;\n    }\n    primes[n as usize - 1]\n}\n\nfn main() {\n    let candidate = newman_prime;\n    assert_eq!(candidate(3), 7);\n    assert_eq!(candidate(4), 17);\n    assert_eq!(candidate(5), 41);\n}\n",
      "timestamp": 1665510425,
      "stdout": "",
      "stderr": "error[E0425]: cannot find function `is_prime` in this scope\n --> /tmp/tmpjpyfxazq.rs:6:12\n  |\n6 |         if is_prime(i) {\n  |            ^^^^^^^^ not found in this scope\n\nerror: aborting due to previous error\n\nFor more information about this error, try `rustc --explain E0425`.\n",
      "exit_code": 1,
      "status": "SyntaxError"
    },
    {
      "program": "/// Write a function to find the nth newman\u2013shanks\u2013williams prime number.\nfn newman_prime(n: isize) -> isize {\n    let mut p = 1;\n    let mut i = 0;\n    while i < n {\n        p += 2 * (p - 1);\n        if is_prime(p) {\n            i += 1;\n        }\n    }\n    p\n}\n\nfn main() {\n    let candidate = newman_prime;\n    assert_eq!(candidate(3), 7);\n    assert_eq!(candidate(4), 17);\n    assert_eq!(candidate(5), 41);\n}\n",
      "timestamp": 1665510425,
      "stdout": "",
      "stderr": "error[E0425]: cannot find function `is_prime` in this scope\n --> /tmp/tmp24ysx7vz.rs:7:12\n  |\n7 |         if is_prime(p) {\n  |            ^^^^^^^^ not found in this scope\n\nerror: aborting due to previous error\n\nFor more information about this error, try `rustc --explain E0425`.\n",
      "exit_code": 1,
      "status": "SyntaxError"
    },
    {
      "program": "/// Write a function to find the nth newman\u2013shanks\u2013williams prime number.\nfn newman_prime(n: isize) -> isize {\n    let mut primes = vec![2, 3, 5, 7, 11, 13, 17, 19, 23, 29, 31, 37, 41, 43, 47, 53, 59, 61, 67, 71, 73, 79, 83, 89, 97, 101, 103, 107, 109, 113, 127, 131, 137, 139, 149, 151, 157, 163, 167, 173, 179, 181, 191, 193, 197, 199, 211, 223, 227, 229, 233, 239, 241, 251, 257, 263, 269, 271, 277, 281, 283, 293, 307, 311, 313, 317, 331, 337, 347, 349, 353, 359, 367, 373, 379, 383, 389, 397, 401, 409, 419, 421, 431, 433, 439, 443, 449, 457, 461, 463, 467, 479, 487, 491, 499, 503, 509, 521, 523, 541, 547, 557, 563, 569, 571, 577, 587, 593, 599, 601, 607, 613, 617, 619, 631, 641, 643, 647, 653, 659, 661, 673, 677, 683, 691, 701, 709, 719, 727, 733, 739, 743, 751, 757, 761, 769, 773, 787, 797, 809, 811, 821, 823, 827, 829, 839, 853, 857, 859, 863, 877, 881, 883, 887, 907, 911, 919, 929, 937, 941, 947, 953, 967, 971, 977, 983, 991, 997, 1009, 1013, 1019, 1021, 1031, 1033, 1039, 1049, 1051, 1061, 1063, 1069, 1087, 1091, 1093, 1097, 1103, 1109, 1117, 1123, 1129, 1151, 1153, 1163, 1171, 1181, 1187, 1193, 1201,\n}\n\nfn main() {\n    let candidate = newman_prime;\n    assert_eq!(candidate(3), 7);\n    assert_eq!(candidate(4), 17);\n    assert_eq!(candidate(5), 41);\n}\n",
      "timestamp": 1665510425,
      "stdout": "",
      "stderr": "error: expected one of `.`, `;`, `?`, `else`, or an operator, found `}`\n --> /tmp/tmpgyhlu5rw.rs:4:1\n  |\n4 | }\n  | ^ expected one of `.`, `;`, `?`, `else`, or an operator\n\nerror: mismatched closing delimiter: `}`\n --> /tmp/tmpgyhlu5rw.rs:3:26\n  |\n2 | fn newman_prime(n: isize) -> isize {\n  |                                    - closing delimiter possibly meant for this\n3 |     let mut primes = vec![2, 3, 5, 7, 11, 13, 17, 19, 23, 29, 31, 37, 41, 43, 47, 53, 59, 61, 67, 71, 73, 79, 83, 89, 97, 101, 103, 107, ...\n  |                          ^ unclosed delimiter\n4 | }\n  | ^ mismatched closing delimiter\n\nerror: aborting due to 2 previous errors\n\n",
      "exit_code": 1,
      "status": "SyntaxError"
    },
    {
      "program": "/// Write a function to find the nth newman\u2013shanks\u2013williams prime number.\nfn newman_prime(n: isize) -> isize {\n    let mut p = 2;\n    let mut i = 1;\n    while i < n {\n        p = next_prime(p);\n        if is_prime(p * p - 1) {\n            i += 1;\n        }\n    }\n    p\n}\n\nfn main() {\n    let candidate = newman_prime;\n    assert_eq!(candidate(3), 7);\n    assert_eq!(candidate(4), 17);\n    assert_eq!(candidate(5), 41);\n}\n",
      "timestamp": 1666123120,
      "stdout": "",
      "stderr": "error[E0425]: cannot find function `next_prime` in this scope\n --> /tmp/tmp_3r9npv7.rs:6:13\n  |\n6 |         p = next_prime(p);\n  |             ^^^^^^^^^^ not found in this scope\n\nerror[E0425]: cannot find function `is_prime` in this scope\n --> /tmp/tmp_3r9npv7.rs:7:12\n  |\n7 |         if is_prime(p * p - 1) {\n  |            ^^^^^^^^ not found in this scope\n\nerror: aborting due to 2 previous errors\n\nFor more information about this error, try `rustc --explain E0425`.\n",
      "exit_code": 1,
      "status": "SyntaxError"
    },
    {
      "program": "/// Write a function to find the nth newman\u2013shanks\u2013williams prime number.\nfn newman_prime(n: isize) -> isize {\n    let mut i = 0;\n    let mut p = 1;\n    while i < n {\n        p = next_prime(p);\n        if is_prime(p - 2) {\n            i += 1;\n        }\n    }\n    p\n}\n\nfn main() {\n    let candidate = newman_prime;\n    assert_eq!(candidate(3), 7);\n    assert_eq!(candidate(4), 17);\n    assert_eq!(candidate(5), 41);\n}\n",
      "timestamp": 1666123120,
      "stdout": "",
      "stderr": "error[E0425]: cannot find function `next_prime` in this scope\n --> /tmp/tmpau5m3hvv.rs:6:13\n  |\n6 |         p = next_prime(p);\n  |             ^^^^^^^^^^ not found in this scope\n\nerror[E0425]: cannot find function `is_prime` in this scope\n --> /tmp/tmpau5m3hvv.rs:7:12\n  |\n7 |         if is_prime(p - 2) {\n  |            ^^^^^^^^ not found in this scope\n\nerror: aborting due to 2 previous errors\n\nFor more information about this error, try `rustc --explain E0425`.\n",
      "exit_code": 1,
      "status": "SyntaxError"
    },
    {
      "program": "/// Write a function to find the nth newman\u2013shanks\u2013williams prime number.\nfn newman_prime(n: isize) -> isize {\n    let mut primes = vec![2, 3, 5, 7, 11, 13, 17, 19, 23, 29, 31, 37, 41, 43, 47, 53, 59, 61, 67, 71, 73, 79, 83, 89, 97];\n    let mut p = primes.last().unwrap().clone();\n    let mut i = primes.len() as isize;\n    while i < n {\n        p += 2;\n        if primes.iter().all(|&x| p % x != 0) {\n            primes.push(p);\n            i += 1;\n        }\n    }\n    primes[n as usize - 1]\n}\n\nfn main() {\n    let candidate = newman_prime;\n    assert_eq!(candidate(3), 7);\n    assert_eq!(candidate(4), 17);\n    assert_eq!(candidate(5), 41);\n}\n",
      "timestamp": 1666123120,
      "stdout": "",
      "stderr": "thread 'main' panicked at 'assertion failed: `(left == right)`\n  left: `5`,\n right: `7`', /tmp/tmp65i4a30s.rs:18:5\nnote: run with `RUST_BACKTRACE=1` environment variable to display a backtrace\n",
      "exit_code": 101,
      "status": "Exception"
    },
    {
      "program": "/// Write a function to find the nth newman\u2013shanks\u2013williams prime number.\nfn newman_prime(n: isize) -> isize {\n    let mut n = n;\n    let mut p = 2;\n    let mut q = 1;\n    let mut r = 1;\n    let mut s = 0;\n    let mut t = 1;\n    let mut u = 1;\n    let mut v = 3;\n    let mut w = 3;\n    let mut x = 1;\n    let mut y = 0;\n    let mut z = 2;\n    while n > 0 {\n        if y == 0 {\n            x = z * z - 2;\n        } else {\n            x = (z * z - 1) / p;\n        }\n        if x % 2 == 0 {\n            x += 1;\n        }\n        if x % 3 == 0 {\n            x += 2;\n        }\n        if x % 5 == 0 {\n            x += 2;\n        }\n        if x % 7 == 0 {\n            x += 4;\n        }\n        if x % 11 == 0 {\n            x += 2;\n        }\n        if x % 13 == 0 {\n            x += 6;\n        }\n        if x % 17 == 0 {\n            x += 6;\n        }\n        if x % 19 == 0 {\n            x += 2;\n        }\n        if x % 23 == 0 {\n            x += 6;\n        }\n        if x % 29 == 0 {\n            x += 4;\n        }\n        if x % 31 == 0 {\n            x += 2;\n        }\n        if x % 37 == 0 {\n            x += 2;\n        }\n        if x % 41 == 0 {\n            x += 4;\n        }\n        if x % 43 == 0 {\n            x += 6;\n        }\n        if x % 47 == 0 {\n            x += 2;\n        }\n        if x % 53 == 0 {\n            x += 2;\n        }\n        if x % 59 == 0 {\n            x += 4;\n        }\n        if x % 61 == 0 {\n            x += 6;\n        }\n        if x % 67 == 0 {\n            x += 6;\n        }\n        if x % 71 == 0 {\n            x += 6;\n        }\n        if x % 73 == 0 {\n\n}\n\nfn main() {\n    let candidate = newman_prime;\n    assert_eq!(candidate(3), 7);\n    assert_eq!(candidate(4), 17);\n    assert_eq!(candidate(5), 41);\n}\n",
      "timestamp": 1666123120,
      "stdout": "",
      "stderr": "error: this file contains an unclosed delimiter\n  --> /tmp/tmphjdrzn_7.rs:90:3\n   |\n2  | fn newman_prime(n: isize) -> isize {\n   |                                    - unclosed delimiter\n...\n15 |     while n > 0 {\n   |                 - unclosed delimiter\n...\n81 |         if x % 73 == 0 {\n   |                        - this delimiter might not be properly closed...\n82 | \n83 | }\n   | - ...as it matches this but it has different indentation\n...\n90 | }\n   |   ^\n\nerror[E0308]: mismatched types\n  --> /tmp/tmphjdrzn_7.rs:15:5\n   |\n2  |   fn newman_prime(n: isize) -> isize {\n   |                                ----- expected `isize` because of return type\n...\n15 | /     while n > 0 {\n16 | |         if y == 0 {\n17 | |             x = z * z - 2;\n18 | |         } else {\n...  |\n89 | |     assert_eq!(candidate(5), 41);\n90 | | }\n   | |__^ expected `isize`, found `()`\n\nerror: aborting due to 2 previous errors\n\nFor more information about this error, try `rustc --explain E0308`.\n",
      "exit_code": 1,
      "status": "SyntaxError"
    },
    {
      "program": "/// Write a function to find the nth newman\u2013shanks\u2013williams prime number.\nfn newman_prime(n: isize) -> isize {\n    let mut p = 2;\n    let mut i = 1;\n    while i < n {\n        p = next_prime(p);\n        if p % 4 == 3 {\n            i += 1;\n        }\n    }\n    p\n}\n\nfn main() {\n    let candidate = newman_prime;\n    assert_eq!(candidate(3), 7);\n    assert_eq!(candidate(4), 17);\n    assert_eq!(candidate(5), 41);\n}\n",
      "timestamp": 1666123114,
      "stdout": "",
      "stderr": "error[E0425]: cannot find function `next_prime` in this scope\n --> /tmp/tmppp9brrxa.rs:6:13\n  |\n6 |         p = next_prime(p);\n  |             ^^^^^^^^^^ not found in this scope\n\nerror: aborting due to previous error\n\nFor more information about this error, try `rustc --explain E0425`.\n",
      "exit_code": 1,
      "status": "SyntaxError"
    },
    {
      "program": "/// Write a function to find the nth newman\u2013shanks\u2013williams prime number.\nfn newman_prime(n: isize) -> isize {\n    let mut n = n;\n    let mut p = 1;\n    let mut i = 0;\n    while n > 0 {\n        i += 1;\n        if is_newman_prime(i) {\n            p = i;\n            n -= 1;\n        }\n    }\n    p\n}\n\nfn main() {\n    let candidate = newman_prime;\n    assert_eq!(candidate(3), 7);\n    assert_eq!(candidate(4), 17);\n    assert_eq!(candidate(5), 41);\n}\n",
      "timestamp": 1666123120,
      "stdout": "",
      "stderr": "error[E0425]: cannot find function `is_newman_prime` in this scope\n --> /tmp/tmp_lcowkit.rs:8:12\n  |\n8 |         if is_newman_prime(i) {\n  |            ^^^^^^^^^^^^^^^ not found in this scope\n\nerror: aborting due to previous error\n\nFor more information about this error, try `rustc --explain E0425`.\n",
      "exit_code": 1,
      "status": "SyntaxError"
    },
    {
      "program": "/// Write a function to find the nth newman\u2013shanks\u2013williams prime number.\nfn newman_prime(n: isize) -> isize {\n    let mut primes = vec![2, 3];\n    let mut p = 5;\n    while primes.len() < n as usize {\n        let mut is_prime = true;\n        for i in 0..primes.len() {\n            if p % primes[i] == 0 {\n                is_prime = false;\n                break;\n            }\n        }\n        if is_prime {\n            primes.push(p);\n        }\n        p += 2;\n    }\n    primes[n as usize - 1]\n}\n\nfn main() {\n    let candidate = newman_prime;\n    assert_eq!(candidate(3), 7);\n    assert_eq!(candidate(4), 17);\n    assert_eq!(candidate(5), 41);\n}\n",
      "timestamp": 1666123120,
      "stdout": "",
      "stderr": "thread 'main' panicked at 'assertion failed: `(left == right)`\n  left: `5`,\n right: `7`', /tmp/tmp24823tru.rs:23:5\nnote: run with `RUST_BACKTRACE=1` environment variable to display a backtrace\n",
      "exit_code": 101,
      "status": "Exception"
    },
    {
      "program": "/// Write a function to find the nth newman\u2013shanks\u2013williams prime number.\nfn newman_prime(n: isize) -> isize {\n    let mut i = 0;\n    let mut p = 2;\n    while i < n {\n        p = next_prime(p);\n        if is_prime(2 * p + 1) {\n            i += 1;\n        }\n    }\n    p\n}\n\nfn main() {\n    let candidate = newman_prime;\n    assert_eq!(candidate(3), 7);\n    assert_eq!(candidate(4), 17);\n    assert_eq!(candidate(5), 41);\n}\n",
      "timestamp": 1666123114,
      "stdout": "",
      "stderr": "error[E0425]: cannot find function `next_prime` in this scope\n --> /tmp/tmp5snq7_mp.rs:6:13\n  |\n6 |         p = next_prime(p);\n  |             ^^^^^^^^^^ not found in this scope\n\nerror[E0425]: cannot find function `is_prime` in this scope\n --> /tmp/tmp5snq7_mp.rs:7:12\n  |\n7 |         if is_prime(2 * p + 1) {\n  |            ^^^^^^^^ not found in this scope\n\nerror: aborting due to 2 previous errors\n\nFor more information about this error, try `rustc --explain E0425`.\n",
      "exit_code": 1,
      "status": "SyntaxError"
    },
    {
      "program": "/// Write a function to find the nth newman\u2013shanks\u2013williams prime number.\nfn newman_prime(n: isize) -> isize {\n    let mut p = 1;\n    let mut i = 0;\n    while i < n {\n        p = next_prime(p);\n        if is_prime(p * p - 2) {\n            i += 1;\n        }\n    }\n    p\n}\n\nfn main() {\n    let candidate = newman_prime;\n    assert_eq!(candidate(3), 7);\n    assert_eq!(candidate(4), 17);\n    assert_eq!(candidate(5), 41);\n}\n",
      "timestamp": 1666123114,
      "stdout": "",
      "stderr": "error[E0425]: cannot find function `next_prime` in this scope\n --> /tmp/tmpu4swhqzw.rs:6:13\n  |\n6 |         p = next_prime(p);\n  |             ^^^^^^^^^^ not found in this scope\n\nerror[E0425]: cannot find function `is_prime` in this scope\n --> /tmp/tmpu4swhqzw.rs:7:12\n  |\n7 |         if is_prime(p * p - 2) {\n  |            ^^^^^^^^ not found in this scope\n\nerror: aborting due to 2 previous errors\n\nFor more information about this error, try `rustc --explain E0425`.\n",
      "exit_code": 1,
      "status": "SyntaxError"
    },
    {
      "program": "/// Write a function to find the nth newman\u2013shanks\u2013williams prime number.\nfn newman_prime(n: isize) -> isize {\n    let mut n = n;\n    let mut p = 2;\n    let mut q = 3;\n    let mut r = 7;\n    let mut s = 5;\n    while n > 0 {\n        if is_prime(r) {\n            n -= 1;\n            if n == 0 {\n                return r;\n            }\n        }\n        r = r + 2 * p * q;\n        p = q;\n        q = r;\n        s = -s;\n    }\n    unreachable!();\n}\n\nfn main() {\n    let candidate = newman_prime;\n    assert_eq!(candidate(3), 7);\n    assert_eq!(candidate(4), 17);\n    assert_eq!(candidate(5), 41);\n}\n",
      "timestamp": 1666123120,
      "stdout": "",
      "stderr": "error[E0425]: cannot find function `is_prime` in this scope\n --> /tmp/tmpt3nb1ib7.rs:9:12\n  |\n9 |         if is_prime(r) {\n  |            ^^^^^^^^ not found in this scope\n\nerror: aborting due to previous error\n\nFor more information about this error, try `rustc --explain E0425`.\n",
      "exit_code": 1,
      "status": "SyntaxError"
    },
    {
      "program": "/// Write a function to find the nth newman\u2013shanks\u2013williams prime number.\nfn newman_prime(n: isize) -> isize {\n    let mut i = 0;\n    let mut p = 2;\n    while i < n {\n        p = p.next_prime();\n        if p % 5 == 1 || p % 5 == 4 {\n            i += 1;\n        }\n    }\n    p\n}\n\nfn main() {\n    let candidate = newman_prime;\n    assert_eq!(candidate(3), 7);\n    assert_eq!(candidate(4), 17);\n    assert_eq!(candidate(5), 41);\n}\n",
      "timestamp": 1666123120,
      "stdout": "",
      "stderr": "error[E0599]: no method named `next_prime` found for type `{integer}` in the current scope\n --> /tmp/tmp0idlid5e.rs:6:15\n  |\n6 |         p = p.next_prime();\n  |               ^^^^^^^^^^ method not found in `{integer}`\n\nerror: aborting due to previous error\n\nFor more information about this error, try `rustc --explain E0599`.\n",
      "exit_code": 1,
      "status": "SyntaxError"
    },
    {
      "program": "/// Write a function to find the nth newman\u2013shanks\u2013williams prime number.\nfn newman_prime(n: isize) -> isize {\n    let mut n = n;\n    let mut i = 0;\n    let mut p = 2;\n    while n > 0 {\n        i += 1;\n        if is_prime(p) {\n            n -= 1;\n        }\n        p = newman_prime_candidate(i);\n    }\n    p\n}\n\nfn main() {\n    let candidate = newman_prime;\n    assert_eq!(candidate(3), 7);\n    assert_eq!(candidate(4), 17);\n    assert_eq!(candidate(5), 41);\n}\n",
      "timestamp": 1666123120,
      "stdout": "",
      "stderr": "error[E0425]: cannot find function `is_prime` in this scope\n --> /tmp/tmp6dq6bs_o.rs:8:12\n  |\n8 |         if is_prime(p) {\n  |            ^^^^^^^^ not found in this scope\n\nerror[E0425]: cannot find function `newman_prime_candidate` in this scope\n  --> /tmp/tmp6dq6bs_o.rs:11:13\n   |\n11 |         p = newman_prime_candidate(i);\n   |             ^^^^^^^^^^^^^^^^^^^^^^ not found in this scope\n\nerror: aborting due to 2 previous errors\n\nFor more information about this error, try `rustc --explain E0425`.\n",
      "exit_code": 1,
      "status": "SyntaxError"
    },
    {
      "program": "/// Write a function to find the nth newman\u2013shanks\u2013williams prime number.\nfn newman_prime(n: isize) -> isize {\n    let mut i = 1;\n    let mut nth_prime = 0;\n    while i <= n {\n        nth_prime += 1;\n        if is_prime(nth_prime) {\n            i += 1;\n        }\n    }\n    nth_prime\n}\n\nfn main() {\n    let candidate = newman_prime;\n    assert_eq!(candidate(3), 7);\n    assert_eq!(candidate(4), 17);\n    assert_eq!(candidate(5), 41);\n}\n",
      "timestamp": 1666123120,
      "stdout": "",
      "stderr": "error[E0425]: cannot find function `is_prime` in this scope\n --> /tmp/tmpyklw7ten.rs:7:12\n  |\n7 |         if is_prime(nth_prime) {\n  |            ^^^^^^^^ not found in this scope\n\nerror: aborting due to previous error\n\nFor more information about this error, try `rustc --explain E0425`.\n",
      "exit_code": 1,
      "status": "SyntaxError"
    },
    {
      "program": "/// Write a function to find the nth newman\u2013shanks\u2013williams prime number.\nfn newman_prime(n: isize) -> isize {\n    let mut p = 2;\n    let mut i = 1;\n    while i < n {\n        p = next_prime(p);\n        if is_prime(2 * p + 1) {\n            i += 1;\n        }\n    }\n    p\n}\n\nfn main() {\n    let candidate = newman_prime;\n    assert_eq!(candidate(3), 7);\n    assert_eq!(candidate(4), 17);\n    assert_eq!(candidate(5), 41);\n}\n",
      "timestamp": 1666123114,
      "stdout": "",
      "stderr": "error[E0425]: cannot find function `next_prime` in this scope\n --> /tmp/tmp09d3neqw.rs:6:13\n  |\n6 |         p = next_prime(p);\n  |             ^^^^^^^^^^ not found in this scope\n\nerror[E0425]: cannot find function `is_prime` in this scope\n --> /tmp/tmp09d3neqw.rs:7:12\n  |\n7 |         if is_prime(2 * p + 1) {\n  |            ^^^^^^^^ not found in this scope\n\nerror: aborting due to 2 previous errors\n\nFor more information about this error, try `rustc --explain E0425`.\n",
      "exit_code": 1,
      "status": "SyntaxError"
    },
    {
      "program": "/// Write a function to find the nth newman\u2013shanks\u2013williams prime number.\nfn newman_prime(n: isize) -> isize {\n    let mut p = 1;\n    let mut i = 0;\n    while i < n {\n        p += 1;\n        if is_newman_prime(p) {\n            i += 1;\n        }\n    }\n    p\n}\n\nfn main() {\n    let candidate = newman_prime;\n    assert_eq!(candidate(3), 7);\n    assert_eq!(candidate(4), 17);\n    assert_eq!(candidate(5), 41);\n}\n",
      "timestamp": 1666123114,
      "stdout": "",
      "stderr": "error[E0425]: cannot find function `is_newman_prime` in this scope\n --> /tmp/tmpvkmdc_o3.rs:7:12\n  |\n7 |         if is_newman_prime(p) {\n  |            ^^^^^^^^^^^^^^^ not found in this scope\n\nerror: aborting due to previous error\n\nFor more information about this error, try `rustc --explain E0425`.\n",
      "exit_code": 1,
      "status": "SyntaxError"
    },
    {
      "program": "/// Write a function to find the nth newman\u2013shanks\u2013williams prime number.\nfn newman_prime(n: isize) -> isize {\n    let mut i = 0;\n    let mut p = 2;\n    while i < n {\n        p = newman_prime_next(p);\n        i += 1;\n    }\n    p\n}\n\nfn main() {\n    let candidate = newman_prime;\n    assert_eq!(candidate(3), 7);\n    assert_eq!(candidate(4), 17);\n    assert_eq!(candidate(5), 41);\n}\n",
      "timestamp": 1665510425,
      "stdout": "",
      "stderr": "error[E0425]: cannot find function `newman_prime_next` in this scope\n --> /tmp/tmp609bi8jt.rs:6:13\n  |\n6 |         p = newman_prime_next(p);\n  |             ^^^^^^^^^^^^^^^^^ not found in this scope\n\nerror: aborting due to previous error\n\nFor more information about this error, try `rustc --explain E0425`.\n",
      "exit_code": 1,
      "status": "SyntaxError"
    },
    {
      "program": "/// Write a function to find the nth newman\u2013shanks\u2013williams prime number.\nfn newman_prime(n: isize) -> isize {\n    let mut i = 1;\n    let mut count = 0;\n    while count < n {\n        i += 2;\n        if is_prime(i) && is_prime((i - 1) / 2) {\n            count += 1;\n        }\n    }\n    i\n}\n\nfn main() {\n    let candidate = newman_prime;\n    assert_eq!(candidate(3), 7);\n    assert_eq!(candidate(4), 17);\n    assert_eq!(candidate(5), 41);\n}\n",
      "timestamp": 1665510425,
      "stdout": "",
      "stderr": "error[E0425]: cannot find function `is_prime` in this scope\n --> /tmp/tmpuyc80zpj.rs:7:12\n  |\n7 |         if is_prime(i) && is_prime((i - 1) / 2) {\n  |            ^^^^^^^^ not found in this scope\n\nerror[E0425]: cannot find function `is_prime` in this scope\n --> /tmp/tmpuyc80zpj.rs:7:27\n  |\n7 |         if is_prime(i) && is_prime((i - 1) / 2) {\n  |                           ^^^^^^^^ not found in this scope\n\nerror: aborting due to 2 previous errors\n\nFor more information about this error, try `rustc --explain E0425`.\n",
      "exit_code": 1,
      "status": "SyntaxError"
    },
    {
      "program": "/// Write a function to find the nth newman\u2013shanks\u2013williams prime number.\nfn newman_prime(n: isize) -> isize {\n    let mut primes = vec![2, 3, 5, 7, 11, 13, 17, 19, 23, 29, 31, 37, 41, 43, 47, 53, 59, 61, 67, 71, 73, 79, 83, 89, 97];\n    let mut i = primes.last().unwrap() + 2;\n    while primes.len() < n as usize {\n        if primes.iter().all(|p| i % p != 0) {\n            primes.push(i);\n        }\n        i += 2;\n    }\n    primes[n as usize - 1]\n}\n\nfn main() {\n    let candidate = newman_prime;\n    assert_eq!(candidate(3), 7);\n    assert_eq!(candidate(4), 17);\n    assert_eq!(candidate(5), 41);\n}\n",
      "timestamp": 1666123121,
      "stdout": "",
      "stderr": "thread 'main' panicked at 'assertion failed: `(left == right)`\n  left: `5`,\n right: `7`', /tmp/tmpogccm772.rs:16:5\nnote: run with `RUST_BACKTRACE=1` environment variable to display a backtrace\n",
      "exit_code": 101,
      "status": "Exception"
    },
    {
      "program": "/// Write a function to find the nth newman\u2013shanks\u2013williams prime number.\nfn newman_prime(n: isize) -> isize {\n    let mut p = 2;\n    let mut i = 0;\n    while i < n {\n        p = next_prime(p);\n        if (p - 1) % 4 == 0 {\n            i += 1;\n        }\n    }\n    p\n}\n\nfn main() {\n    let candidate = newman_prime;\n    assert_eq!(candidate(3), 7);\n    assert_eq!(candidate(4), 17);\n    assert_eq!(candidate(5), 41);\n}\n",
      "timestamp": 1666123114,
      "stdout": "",
      "stderr": "error[E0425]: cannot find function `next_prime` in this scope\n --> /tmp/tmpfnxfjzmr.rs:6:13\n  |\n6 |         p = next_prime(p);\n  |             ^^^^^^^^^^ not found in this scope\n\nerror: aborting due to previous error\n\nFor more information about this error, try `rustc --explain E0425`.\n",
      "exit_code": 1,
      "status": "SyntaxError"
    },
    {
      "program": "/// Write a function to find the nth newman\u2013shanks\u2013williams prime number.\nfn newman_prime(n: isize) -> isize {\n    let mut primes = vec![2, 3, 5, 7, 11, 13, 17, 19, 23, 29, 31, 37, 41, 43, 47, 53, 59, 61, 67, 71, 73, 79, 83, 89, 97, 101, 103, 107, 109, 113, 127, 131, 137, 139, 149, 151, 157, 163, 167, 173, 179, 181, 191, 193, 197, 199, 211, 223, 227, 229, 233, 239, 241, 251, 257, 263, 269, 271, 277, 281, 283, 293, 307, 311, 313, 317, 331, 337, 347, 349, 353, 359, 367, 373, 379, 383, 389, 397, 401, 409, 419, 421, 431, 433, 439, 443, 449, 457, 461, 463, 467, 479, 487, 491, 499, 503, 509, 521, 523, 541, 547, 557, 563, 569, 571, 577, 587, 593, 599, 601, 607, 613, 617, 619, 631, 641, 643, 647, 653, 659, 661, 673, 677, 683, 691, 701, 709, 719, 727, 733, 739, 743, 751, 757, 761, 769, 773, 787, 797, 809, 811, 821, 823, 827, 829, 839, 853, 857, 859, 863, 877, 881, 883, 887, 907, 911, 919, 929, 937, 941, 947, 953, 967, 971, 977, 983, 991, 997, 1009, 1013, 1019, 1021, 1031, 1033, 1039, 1049, 1051, 1061, 1063, 1069, 1087, 1091, 1093, 1097, 1103, 1109, 1117, 1123, 1129, 1151, 1153, 1163, 1171, 1181, 1187, 1193, 1201,\n}\n\nfn main() {\n    let candidate = newman_prime;\n    assert_eq!(candidate(3), 7);\n    assert_eq!(candidate(4), 17);\n    assert_eq!(candidate(5), 41);\n}\n",
      "timestamp": 1665510425,
      "stdout": "",
      "stderr": "error: expected one of `.`, `;`, `?`, `else`, or an operator, found `}`\n --> /tmp/tmpgyhlu5rw.rs:4:1\n  |\n4 | }\n  | ^ expected one of `.`, `;`, `?`, `else`, or an operator\n\nerror: mismatched closing delimiter: `}`\n --> /tmp/tmpgyhlu5rw.rs:3:26\n  |\n2 | fn newman_prime(n: isize) -> isize {\n  |                                    - closing delimiter possibly meant for this\n3 |     let mut primes = vec![2, 3, 5, 7, 11, 13, 17, 19, 23, 29, 31, 37, 41, 43, 47, 53, 59, 61, 67, 71, 73, 79, 83, 89, 97, 101, 103, 107, ...\n  |                          ^ unclosed delimiter\n4 | }\n  | ^ mismatched closing delimiter\n\nerror: aborting due to 2 previous errors\n\n",
      "exit_code": 1,
      "status": "SyntaxError"
    },
    {
      "program": "/// Write a function to find the nth newman\u2013shanks\u2013williams prime number.\nfn newman_prime(n: isize) -> isize {\n    let mut p = 2;\n    let mut i = 0;\n    while i < n {\n        p = next_newman_prime(p);\n        i += 1;\n    }\n    p\n}\n\nfn main() {\n    let candidate = newman_prime;\n    assert_eq!(candidate(3), 7);\n    assert_eq!(candidate(4), 17);\n    assert_eq!(candidate(5), 41);\n}\n",
      "timestamp": 1666123114,
      "stdout": "",
      "stderr": "error[E0425]: cannot find function `next_newman_prime` in this scope\n --> /tmp/tmpsa1ln0gh.rs:6:13\n  |\n6 |         p = next_newman_prime(p);\n  |             ^^^^^^^^^^^^^^^^^ not found in this scope\n\nerror: aborting due to previous error\n\nFor more information about this error, try `rustc --explain E0425`.\n",
      "exit_code": 1,
      "status": "SyntaxError"
    },
    {
      "program": "/// Write a function to find the nth newman\u2013shanks\u2013williams prime number.\nfn newman_prime(n: isize) -> isize {\n    let mut p = 1;\n    let mut i = 0;\n    while i < n {\n        p += 2 * (p + 1);\n        if is_prime(p) {\n            i += 1;\n        }\n    }\n    p\n}\n\nfn main() {\n    let candidate = newman_prime;\n    assert_eq!(candidate(3), 7);\n    assert_eq!(candidate(4), 17);\n    assert_eq!(candidate(5), 41);\n}\n",
      "timestamp": 1666123114,
      "stdout": "",
      "stderr": "error[E0425]: cannot find function `is_prime` in this scope\n --> /tmp/tmp0oag1mq8.rs:7:12\n  |\n7 |         if is_prime(p) {\n  |            ^^^^^^^^ not found in this scope\n\nerror: aborting due to previous error\n\nFor more information about this error, try `rustc --explain E0425`.\n",
      "exit_code": 1,
      "status": "SyntaxError"
    },
    {
      "program": "/// Write a function to find the nth newman\u2013shanks\u2013williams prime number.\nfn newman_prime(n: isize) -> isize {\n    let mut i = 0;\n    let mut p = 1;\n    while i < n {\n        p += 2 * p + 1;\n        if is_prime(p) {\n            i += 1;\n        }\n    }\n    p\n}\n\nfn main() {\n    let candidate = newman_prime;\n    assert_eq!(candidate(3), 7);\n    assert_eq!(candidate(4), 17);\n    assert_eq!(candidate(5), 41);\n}\n",
      "timestamp": 1666123120,
      "stdout": "",
      "stderr": "error[E0425]: cannot find function `is_prime` in this scope\n --> /tmp/tmppcbbaf_h.rs:7:12\n  |\n7 |         if is_prime(p) {\n  |            ^^^^^^^^ not found in this scope\n\nerror: aborting due to previous error\n\nFor more information about this error, try `rustc --explain E0425`.\n",
      "exit_code": 1,
      "status": "SyntaxError"
    },
    {
      "program": "/// Write a function to find the nth newman\u2013shanks\u2013williams prime number.\nfn newman_prime(n: isize) -> isize {\n    let mut primes = vec![2, 3];\n    let mut i = 5;\n    while primes.len() < n as usize {\n        if is_prime(i) {\n            primes.push(i);\n        }\n        i += 2;\n    }\n    primes[n as usize - 1]\n}\n\nfn main() {\n    let candidate = newman_prime;\n    assert_eq!(candidate(3), 7);\n    assert_eq!(candidate(4), 17);\n    assert_eq!(candidate(5), 41);\n}\n",
      "timestamp": 1666123114,
      "stdout": "",
      "stderr": "error[E0425]: cannot find function `is_prime` in this scope\n --> /tmp/tmps6xirslu.rs:6:12\n  |\n6 |         if is_prime(i) {\n  |            ^^^^^^^^ not found in this scope\n\nerror: aborting due to previous error\n\nFor more information about this error, try `rustc --explain E0425`.\n",
      "exit_code": 1,
      "status": "SyntaxError"
    },
    {
      "program": "/// Write a function to find the nth newman\u2013shanks\u2013williams prime number.\nfn newman_prime(n: isize) -> isize {\n    let mut p = 2;\n    let mut i = 0;\n    while i < n {\n        p = next_prime(p);\n        if is_prime(2 * p + 1) {\n            i += 1;\n        }\n    }\n    p\n}\n\nfn main() {\n    let candidate = newman_prime;\n    assert_eq!(candidate(3), 7);\n    assert_eq!(candidate(4), 17);\n    assert_eq!(candidate(5), 41);\n}\n",
      "timestamp": 1666123114,
      "stdout": "",
      "stderr": "error[E0425]: cannot find function `next_prime` in this scope\n --> /tmp/tmpmil8mgm0.rs:6:13\n  |\n6 |         p = next_prime(p);\n  |             ^^^^^^^^^^ not found in this scope\n\nerror[E0425]: cannot find function `is_prime` in this scope\n --> /tmp/tmpmil8mgm0.rs:7:12\n  |\n7 |         if is_prime(2 * p + 1) {\n  |            ^^^^^^^^ not found in this scope\n\nerror: aborting due to 2 previous errors\n\nFor more information about this error, try `rustc --explain E0425`.\n",
      "exit_code": 1,
      "status": "SyntaxError"
    },
    {
      "program": "/// Write a function to find the nth newman\u2013shanks\u2013williams prime number.\nfn newman_prime(n: isize) -> isize {\n    let mut i = 0;\n    let mut p = 2;\n    while i < n {\n        if is_prime(p) {\n            i += 1;\n        }\n        p = next_prime(p);\n    }\n    p\n}\n\nfn main() {\n    let candidate = newman_prime;\n    assert_eq!(candidate(3), 7);\n    assert_eq!(candidate(4), 17);\n    assert_eq!(candidate(5), 41);\n}\n",
      "timestamp": 1666123120,
      "stdout": "",
      "stderr": "error[E0425]: cannot find function `is_prime` in this scope\n --> /tmp/tmpkvbds8yk.rs:6:12\n  |\n6 |         if is_prime(p) {\n  |            ^^^^^^^^ not found in this scope\n\nerror[E0425]: cannot find function `next_prime` in this scope\n --> /tmp/tmpkvbds8yk.rs:9:13\n  |\n9 |         p = next_prime(p);\n  |             ^^^^^^^^^^ not found in this scope\n\nerror: aborting due to 2 previous errors\n\nFor more information about this error, try `rustc --explain E0425`.\n",
      "exit_code": 1,
      "status": "SyntaxError"
    },
    {
      "program": "/// Write a function to find the nth newman\u2013shanks\u2013williams prime number.\nfn newman_prime(n: isize) -> isize {\n    let mut i = 0;\n    let mut p = 2;\n    while i < n {\n        p = next_prime(p);\n        if is_prime(2 * p + 1) {\n            i += 1;\n        }\n    }\n    p\n}\n\nfn main() {\n    let candidate = newman_prime;\n    assert_eq!(candidate(3), 7);\n    assert_eq!(candidate(4), 17);\n    assert_eq!(candidate(5), 41);\n}\n",
      "timestamp": 1666123114,
      "stdout": "",
      "stderr": "error[E0425]: cannot find function `next_prime` in this scope\n --> /tmp/tmp5snq7_mp.rs:6:13\n  |\n6 |         p = next_prime(p);\n  |             ^^^^^^^^^^ not found in this scope\n\nerror[E0425]: cannot find function `is_prime` in this scope\n --> /tmp/tmp5snq7_mp.rs:7:12\n  |\n7 |         if is_prime(2 * p + 1) {\n  |            ^^^^^^^^ not found in this scope\n\nerror: aborting due to 2 previous errors\n\nFor more information about this error, try `rustc --explain E0425`.\n",
      "exit_code": 1,
      "status": "SyntaxError"
    },
    {
      "program": "/// Write a function to find the nth newman\u2013shanks\u2013williams prime number.\nfn newman_prime(n: isize) -> isize {\n    let mut p = 2;\n    let mut i = 1;\n    while i < n {\n        p = next_prime(p);\n        if is_prime(p - 2) {\n            i += 1;\n        }\n    }\n    p\n}\n\nfn main() {\n    let candidate = newman_prime;\n    assert_eq!(candidate(3), 7);\n    assert_eq!(candidate(4), 17);\n    assert_eq!(candidate(5), 41);\n}\n",
      "timestamp": 1666123114,
      "stdout": "",
      "stderr": "error[E0425]: cannot find function `next_prime` in this scope\n --> /tmp/tmpax90ooqu.rs:6:13\n  |\n6 |         p = next_prime(p);\n  |             ^^^^^^^^^^ not found in this scope\n\nerror[E0425]: cannot find function `is_prime` in this scope\n --> /tmp/tmpax90ooqu.rs:7:12\n  |\n7 |         if is_prime(p - 2) {\n  |            ^^^^^^^^ not found in this scope\n\nerror: aborting due to 2 previous errors\n\nFor more information about this error, try `rustc --explain E0425`.\n",
      "exit_code": 1,
      "status": "SyntaxError"
    },
    {
      "program": "/// Write a function to find the nth newman\u2013shanks\u2013williams prime number.\nfn newman_prime(n: isize) -> isize {\n    let mut primes = vec![2, 3, 5, 7, 11, 13, 17, 19, 23, 29, 31, 37, 41, 43, 47, 53, 59, 61, 67, 71];\n    let mut i = primes.len() as isize;\n    while i < n {\n        let mut j = 0;\n        let mut p = primes[j];\n        let mut found = false;\n        while !found {\n            let mut k = 1;\n            let mut x = (2 * k * p) + 1;\n            while x < primes[primes.len() - 1] {\n                if !primes.contains(&x) {\n                    found = true;\n                    break;\n                }\n                k += 1;\n                x = (2 * k * p) + 1;\n            }\n            if !found {\n                j += 1;\n                p = primes[j];\n            }\n        }\n        primes.push(x);\n        i += 1;\n    }\n    primes[n as usize - 1]\n}\n\nfn main() {\n    let candidate = newman_prime;\n    assert_eq!(candidate(3), 7);\n    assert_eq!(candidate(4), 17);\n    assert_eq!(candidate(5), 41);\n}\n",
      "timestamp": 1666123120,
      "stdout": "",
      "stderr": "error[E0425]: cannot find value `x` in this scope\n  --> /tmp/tmpr3s815dh.rs:25:21\n   |\n25 |         primes.push(x);\n   |                     ^ help: a local variable with a similar name exists: `i`\n\nerror: aborting due to previous error\n\nFor more information about this error, try `rustc --explain E0425`.\n",
      "exit_code": 1,
      "status": "SyntaxError"
    },
    {
      "program": "/// Write a function to find the nth newman\u2013shanks\u2013williams prime number.\nfn newman_prime(n: isize) -> isize {\n    let mut primes = vec![2, 3, 5, 7, 11, 13, 17, 19, 23, 29];\n    let mut p = primes.last().unwrap();\n    let mut i = primes.len();\n    while i < n {\n        p += 2;\n        if primes.iter().all(|&q| p % q != 0) {\n            primes.push(p);\n            i += 1;\n        }\n    }\n    primes[n - 1]\n}\n\nfn main() {\n    let candidate = newman_prime;\n    assert_eq!(candidate(3), 7);\n    assert_eq!(candidate(4), 17);\n    assert_eq!(candidate(5), 41);\n}\n",
      "timestamp": 1666123120,
      "stdout": "",
      "stderr": "error[E0308]: mismatched types\n --> /tmp/tmpo9twh2aa.rs:6:15\n  |\n6 |     while i < n {\n  |               ^ expected `usize`, found `isize`\n  |\nhelp: you can convert an `isize` to a `usize` and panic if the converted value doesn't fit\n  |\n6 |     while i < n.try_into().unwrap() {\n  |                ++++++++++++++++++++\n\nerror[E0368]: binary assignment operation `+=` cannot be applied to type `&{integer}`\n --> /tmp/tmpo9twh2aa.rs:7:9\n  |\n7 |         p += 2;\n  |         -^^^^^\n  |         |\n  |         cannot use `+=` on type `&{integer}`\n  |\nhelp: `+=` can be used on `{integer}`, you can dereference `p`\n  |\n7 |         *p += 2;\n  |         +\n\nerror[E0308]: mismatched types\n --> /tmp/tmpo9twh2aa.rs:9:25\n  |\n9 |             primes.push(p);\n  |                         ^ expected integer, found `&{integer}`\n  |\nhelp: consider dereferencing the borrow\n  |\n9 |             primes.push(*p);\n  |                         +\n\nerror[E0277]: the type `[{integer}]` cannot be indexed by `isize`\n  --> /tmp/tmpo9twh2aa.rs:13:5\n   |\n13 |     primes[n - 1]\n   |     ^^^^^^^^^^^^^ slice indices are of type `usize` or ranges of `usize`\n   |\n   = help: the trait `SliceIndex<[{integer}]>` is not implemented for `isize`\n   = help: the trait `SliceIndex<[T]>` is implemented for `usize`\n   = note: required because of the requirements on the impl of `Index<isize>` for `Vec<{integer}>`\n\nerror: aborting due to 4 previous errors\n\nSome errors have detailed explanations: E0277, E0308, E0368.\nFor more information about an error, try `rustc --explain E0277`.\n",
      "exit_code": 1,
      "status": "SyntaxError"
    },
    {
      "program": "/// Write a function to find the nth newman\u2013shanks\u2013williams prime number.\nfn newman_prime(n: isize) -> isize {\n    let mut primes = vec![2, 3, 5, 7, 11, 13, 17, 19, 23, 29, 31, 37, 41, 43, 47, 53, 59, 61, 67, 71];\n    let mut i = primes.len() as isize;\n    while i < n {\n        let mut p = primes[i as usize - 1] + 2;\n        while !is_prime(p) {\n            p += 2;\n        }\n        primes.push(p);\n        i += 1;\n    }\n    primes[n as usize - 1]\n}\n\nfn main() {\n    let candidate = newman_prime;\n    assert_eq!(candidate(3), 7);\n    assert_eq!(candidate(4), 17);\n    assert_eq!(candidate(5), 41);\n}\n",
      "timestamp": 1666123120,
      "stdout": "",
      "stderr": "error[E0425]: cannot find function `is_prime` in this scope\n --> /tmp/tmpm3x55zwg.rs:7:16\n  |\n7 |         while !is_prime(p) {\n  |                ^^^^^^^^ not found in this scope\n\nerror: aborting due to previous error\n\nFor more information about this error, try `rustc --explain E0425`.\n",
      "exit_code": 1,
      "status": "SyntaxError"
    },
    {
      "program": "/// Write a function to find the nth newman\u2013shanks\u2013williams prime number.\nfn newman_prime(n: isize) -> isize {\n    let mut p = 1;\n    let mut i = 0;\n    while i < n {\n        p += 2 * (p - 1);\n        if is_prime(p) {\n            i += 1;\n        }\n    }\n    p\n}\n\nfn main() {\n    let candidate = newman_prime;\n    assert_eq!(candidate(3), 7);\n    assert_eq!(candidate(4), 17);\n    assert_eq!(candidate(5), 41);\n}\n",
      "timestamp": 1665510425,
      "stdout": "",
      "stderr": "error[E0425]: cannot find function `is_prime` in this scope\n --> /tmp/tmp24ysx7vz.rs:7:12\n  |\n7 |         if is_prime(p) {\n  |            ^^^^^^^^ not found in this scope\n\nerror: aborting due to previous error\n\nFor more information about this error, try `rustc --explain E0425`.\n",
      "exit_code": 1,
      "status": "SyntaxError"
    }
  ]
}