{
  "name": "mbpp_279_is_num_decagonal",
  "language": "rs",
  "prompt": "/// Write a function to find the nth decagonal number.\nfn is_num_decagonal(n: isize) -> isize {\n",
  "doctests": "keep",
  "original": "/home/arjun/repos/MultiPL-E/datasets/../datasets/mbpp-typed/mbpp_279_is_num_decagonal.py",
  "prompt_terminology": "verbatim",
  "tests": "}\n\nfn main() {\n    let candidate = is_num_decagonal;\n    assert_eq!(candidate(3), 27);\n    assert_eq!(candidate(7), 175);\n    assert_eq!(candidate(10), 370);\n}\n",
  "stop_tokens": [
    "\n}"
  ],
  "results": [
    {
      "program": "/// Write a function to find the nth decagonal number.\nfn is_num_decagonal(n: isize) -> isize {\n    let mut i = 0;\n    let mut num = 0;\n    while num < n {\n        i += 1;\n        num = i * (3 * i - 1) / 2;\n    }\n    if num == n {\n        i\n    } else {\n        0\n    }\n}\n\nfn main() {\n    let candidate = is_num_decagonal;\n    assert_eq!(candidate(3), 27);\n    assert_eq!(candidate(7), 175);\n    assert_eq!(candidate(10), 370);\n}\n",
      "timestamp": 1665510609,
      "stdout": "",
      "stderr": "thread 'main' panicked at 'assertion failed: `(left == right)`\n  left: `0`,\n right: `27`', /tmp/tmp_qttel2d.rs:18:5\nnote: run with `RUST_BACKTRACE=1` environment variable to display a backtrace\n",
      "exit_code": 101,
      "status": "Exception"
    },
    {
      "program": "/// Write a function to find the nth decagonal number.\nfn is_num_decagonal(n: isize) -> isize {\n    let mut i = 0;\n    let mut num = 0;\n    while i < n {\n        i += 1;\n        num = i * (3 * i - 1) / 2;\n    }\n    num\n}\n\nfn main() {\n    let candidate = is_num_decagonal;\n    assert_eq!(candidate(3), 27);\n    assert_eq!(candidate(7), 175);\n    assert_eq!(candidate(10), 370);\n}\n",
      "timestamp": 1665510609,
      "stdout": "",
      "stderr": "thread 'main' panicked at 'assertion failed: `(left == right)`\n  left: `12`,\n right: `27`', /tmp/tmpqw7kqdhm.rs:14:5\nnote: run with `RUST_BACKTRACE=1` environment variable to display a backtrace\n",
      "exit_code": 101,
      "status": "Exception"
    },
    {
      "program": "/// Write a function to find the nth decagonal number.\nfn is_num_decagonal(n: isize) -> isize {\n    let mut i = 0;\n    loop {\n        let num = i * (3 * i - 1) / 2;\n        if num == n {\n            return i;\n        } else if num > n {\n            return -1;\n        }\n        i += 1;\n    }\n}\n\nfn main() {\n    let candidate = is_num_decagonal;\n    assert_eq!(candidate(3), 27);\n    assert_eq!(candidate(7), 175);\n    assert_eq!(candidate(10), 370);\n}\n",
      "timestamp": 1665510609,
      "stdout": "",
      "stderr": "thread 'main' panicked at 'assertion failed: `(left == right)`\n  left: `-1`,\n right: `27`', /tmp/tmpe321v2yr.rs:17:5\nnote: run with `RUST_BACKTRACE=1` environment variable to display a backtrace\n",
      "exit_code": 101,
      "status": "Exception"
    },
    {
      "program": "/// Write a function to find the nth decagonal number.\nfn is_num_decagonal(n: isize) -> isize {\n    let mut i = 0;\n    let mut num = 0;\n    while i < n {\n        num += 1;\n        if is_decagonal(num) {\n            i += 1;\n        }\n    }\n    num\n}\n\nfn main() {\n    let candidate = is_num_decagonal;\n    assert_eq!(candidate(3), 27);\n    assert_eq!(candidate(7), 175);\n    assert_eq!(candidate(10), 370);\n}\n",
      "timestamp": 1665510609,
      "stdout": "",
      "stderr": "error[E0425]: cannot find function `is_decagonal` in this scope\n --> /tmp/tmpe69d_7k8.rs:7:12\n  |\n7 |         if is_decagonal(num) {\n  |            ^^^^^^^^^^^^ not found in this scope\n\nerror: aborting due to previous error\n\nFor more information about this error, try `rustc --explain E0425`.\n",
      "exit_code": 1,
      "status": "SyntaxError"
    },
    {
      "program": "/// Write a function to find the nth decagonal number.\nfn is_num_decagonal(n: isize) -> isize {\n    let mut i = 0;\n    loop {\n        let num = i * (3 * i - 1) / 2;\n        if num == n {\n            return i;\n        }\n        if num > n {\n            return -1;\n        }\n        i += 1;\n    }\n}\n\nfn main() {\n    let candidate = is_num_decagonal;\n    assert_eq!(candidate(3), 27);\n    assert_eq!(candidate(7), 175);\n    assert_eq!(candidate(10), 370);\n}\n",
      "timestamp": 1665510609,
      "stdout": "",
      "stderr": "thread 'main' panicked at 'assertion failed: `(left == right)`\n  left: `-1`,\n right: `27`', /tmp/tmpxo386y6f.rs:18:5\nnote: run with `RUST_BACKTRACE=1` environment variable to display a backtrace\n",
      "exit_code": 101,
      "status": "Exception"
    },
    {
      "program": "/// Write a function to find the nth decagonal number.\nfn is_num_decagonal(n: isize) -> isize {\n    let mut i = 0;\n    loop {\n        let num = i * (3 * i - 1) / 2;\n        if num == n {\n            return i;\n        }\n        if num > n {\n            return -1;\n        }\n        i += 1;\n    }\n}\n\nfn main() {\n    let candidate = is_num_decagonal;\n    assert_eq!(candidate(3), 27);\n    assert_eq!(candidate(7), 175);\n    assert_eq!(candidate(10), 370);\n}\n",
      "timestamp": 1665510609,
      "stdout": "",
      "stderr": "thread 'main' panicked at 'assertion failed: `(left == right)`\n  left: `-1`,\n right: `27`', /tmp/tmpxo386y6f.rs:18:5\nnote: run with `RUST_BACKTRACE=1` environment variable to display a backtrace\n",
      "exit_code": 101,
      "status": "Exception"
    },
    {
      "program": "/// Write a function to find the nth decagonal number.\nfn is_num_decagonal(n: isize) -> isize {\n    let mut i = 0;\n    loop {\n        let num = i * (3 * i - 1) / 2;\n        if num == n {\n            return i;\n        }\n        i += 1;\n    }\n}\n\nfn main() {\n    let candidate = is_num_decagonal;\n    assert_eq!(candidate(3), 27);\n    assert_eq!(candidate(7), 175);\n    assert_eq!(candidate(10), 370);\n}\n",
      "timestamp": 1665510614,
      "stdout": "",
      "stderr": "",
      "exit_code": -1,
      "status": "Timeout"
    },
    {
      "program": "/// Write a function to find the nth decagonal number.\nfn is_num_decagonal(n: isize) -> isize {\n    let mut i = 0;\n    let mut decagonal = 0;\n    while decagonal < n {\n        i += 1;\n        decagonal = i * (3 * i - 1) / 2;\n    }\n    if decagonal == n {\n        return i;\n    }\n    return 0;\n}\n\nfn main() {\n    let candidate = is_num_decagonal;\n    assert_eq!(candidate(3), 27);\n    assert_eq!(candidate(7), 175);\n    assert_eq!(candidate(10), 370);\n}\n",
      "timestamp": 1665510609,
      "stdout": "",
      "stderr": "thread 'main' panicked at 'assertion failed: `(left == right)`\n  left: `0`,\n right: `27`', /tmp/tmpi5knkfsa.rs:17:5\nnote: run with `RUST_BACKTRACE=1` environment variable to display a backtrace\n",
      "exit_code": 101,
      "status": "Exception"
    },
    {
      "program": "/// Write a function to find the nth decagonal number.\nfn is_num_decagonal(n: isize) -> isize {\n    let mut i = 0;\n    loop {\n        i += 1;\n        let num = i * (3 * i - 1) / 2;\n        if num == n {\n            return i;\n        }\n    }\n}\n\nfn main() {\n    let candidate = is_num_decagonal;\n    assert_eq!(candidate(3), 27);\n    assert_eq!(candidate(7), 175);\n    assert_eq!(candidate(10), 370);\n}\n",
      "timestamp": 1665510614,
      "stdout": "",
      "stderr": "",
      "exit_code": -1,
      "status": "Timeout"
    },
    {
      "program": "/// Write a function to find the nth decagonal number.\nfn is_num_decagonal(n: isize) -> isize {\n    let mut i = 1;\n    let mut decagonal = 0;\n    while decagonal < n {\n        decagonal = i * (3 * i - 1) / 2;\n        i += 1;\n    }\n    decagonal\n}\n\nfn main() {\n    let candidate = is_num_decagonal;\n    assert_eq!(candidate(3), 27);\n    assert_eq!(candidate(7), 175);\n    assert_eq!(candidate(10), 370);\n}\n",
      "timestamp": 1665510609,
      "stdout": "",
      "stderr": "thread 'main' panicked at 'assertion failed: `(left == right)`\n  left: `5`,\n right: `27`', /tmp/tmpey9v37ae.rs:14:5\nnote: run with `RUST_BACKTRACE=1` environment variable to display a backtrace\n",
      "exit_code": 101,
      "status": "Exception"
    },
    {
      "program": "/// Write a function to find the nth decagonal number.\nfn is_num_decagonal(n: isize) -> isize {\n    let mut i = 0;\n    let mut num = 0;\n    while i < n {\n        num += 1;\n        if is_decagonal(num) {\n            i += 1;\n        }\n    }\n    num\n}\n\nfn main() {\n    let candidate = is_num_decagonal;\n    assert_eq!(candidate(3), 27);\n    assert_eq!(candidate(7), 175);\n    assert_eq!(candidate(10), 370);\n}\n",
      "timestamp": 1665510609,
      "stdout": "",
      "stderr": "error[E0425]: cannot find function `is_decagonal` in this scope\n --> /tmp/tmpe69d_7k8.rs:7:12\n  |\n7 |         if is_decagonal(num) {\n  |            ^^^^^^^^^^^^ not found in this scope\n\nerror: aborting due to previous error\n\nFor more information about this error, try `rustc --explain E0425`.\n",
      "exit_code": 1,
      "status": "SyntaxError"
    },
    {
      "program": "/// Write a function to find the nth decagonal number.\nfn is_num_decagonal(n: isize) -> isize {\n    let mut i = 0;\n    let mut num = 0;\n    while i < n {\n        i += 1;\n        num += i * 10;\n    }\n    num\n}\n\nfn main() {\n    let candidate = is_num_decagonal;\n    assert_eq!(candidate(3), 27);\n    assert_eq!(candidate(7), 175);\n    assert_eq!(candidate(10), 370);\n}\n",
      "timestamp": 1665510609,
      "stdout": "",
      "stderr": "thread 'main' panicked at 'assertion failed: `(left == right)`\n  left: `60`,\n right: `27`', /tmp/tmp832axq7u.rs:14:5\nnote: run with `RUST_BACKTRACE=1` environment variable to display a backtrace\n",
      "exit_code": 101,
      "status": "Exception"
    },
    {
      "program": "/// Write a function to find the nth decagonal number.\nfn is_num_decagonal(n: isize) -> isize {\n    let mut i = 0;\n    let mut decagonal = 0;\n    loop {\n        i += 1;\n        decagonal = i * (3 * i - 1) / 2;\n        if decagonal == n {\n            return i;\n        }\n        if decagonal > n {\n            return 0;\n        }\n    }\n}\n\nfn main() {\n    let candidate = is_num_decagonal;\n    assert_eq!(candidate(3), 27);\n    assert_eq!(candidate(7), 175);\n    assert_eq!(candidate(10), 370);\n}\n",
      "timestamp": 1665510609,
      "stdout": "",
      "stderr": "thread 'main' panicked at 'assertion failed: `(left == right)`\n  left: `0`,\n right: `27`', /tmp/tmp4f6btk8a.rs:19:5\nnote: run with `RUST_BACKTRACE=1` environment variable to display a backtrace\n",
      "exit_code": 101,
      "status": "Exception"
    },
    {
      "program": "/// Write a function to find the nth decagonal number.\nfn is_num_decagonal(n: isize) -> isize {\n    let mut i = 0;\n    loop {\n        let num = decagonal(i);\n        if num == n {\n            return i;\n        } else if num > n {\n            return -1;\n        }\n        i += 1;\n    }\n}\n\nfn main() {\n    let candidate = is_num_decagonal;\n    assert_eq!(candidate(3), 27);\n    assert_eq!(candidate(7), 175);\n    assert_eq!(candidate(10), 370);\n}\n",
      "timestamp": 1665510609,
      "stdout": "",
      "stderr": "error[E0425]: cannot find function `decagonal` in this scope\n --> /tmp/tmpb5a1zk8p.rs:5:19\n  |\n5 |         let num = decagonal(i);\n  |                   ^^^^^^^^^ not found in this scope\n\nerror: aborting due to previous error\n\nFor more information about this error, try `rustc --explain E0425`.\n",
      "exit_code": 1,
      "status": "SyntaxError"
    },
    {
      "program": "/// Write a function to find the nth decagonal number.\nfn is_num_decagonal(n: isize) -> isize {\n    let mut i = 1;\n    let mut j = 1;\n    while i < n {\n        j += 1;\n        i += j;\n    }\n    i\n}\n\nfn main() {\n    let candidate = is_num_decagonal;\n    assert_eq!(candidate(3), 27);\n    assert_eq!(candidate(7), 175);\n    assert_eq!(candidate(10), 370);\n}\n",
      "timestamp": 1665510609,
      "stdout": "",
      "stderr": "thread 'main' panicked at 'assertion failed: `(left == right)`\n  left: `3`,\n right: `27`', /tmp/tmpkuw5hwhv.rs:14:5\nnote: run with `RUST_BACKTRACE=1` environment variable to display a backtrace\n",
      "exit_code": 101,
      "status": "Exception"
    },
    {
      "program": "/// Write a function to find the nth decagonal number.\nfn is_num_decagonal(n: isize) -> isize {\n    if n <= 0 {\n        return 0;\n    }\n    let mut i = 1;\n    let mut num = 1;\n    while i < n {\n        num += 10;\n        i += 1;\n    }\n    num\n}\n\nfn main() {\n    let candidate = is_num_decagonal;\n    assert_eq!(candidate(3), 27);\n    assert_eq!(candidate(7), 175);\n    assert_eq!(candidate(10), 370);\n}\n",
      "timestamp": 1665510609,
      "stdout": "",
      "stderr": "thread 'main' panicked at 'assertion failed: `(left == right)`\n  left: `21`,\n right: `27`', /tmp/tmp0r3t_f63.rs:17:5\nnote: run with `RUST_BACKTRACE=1` environment variable to display a backtrace\n",
      "exit_code": 101,
      "status": "Exception"
    },
    {
      "program": "/// Write a function to find the nth decagonal number.\nfn is_num_decagonal(n: isize) -> isize {\n    let mut i = 0;\n    loop {\n        let num = i * (3 * i - 1) / 2;\n        if num == n {\n            return i;\n        }\n        if num > n {\n            return -1;\n        }\n        i += 1;\n    }\n}\n\nfn main() {\n    let candidate = is_num_decagonal;\n    assert_eq!(candidate(3), 27);\n    assert_eq!(candidate(7), 175);\n    assert_eq!(candidate(10), 370);\n}\n",
      "timestamp": 1665510609,
      "stdout": "",
      "stderr": "thread 'main' panicked at 'assertion failed: `(left == right)`\n  left: `-1`,\n right: `27`', /tmp/tmpxo386y6f.rs:18:5\nnote: run with `RUST_BACKTRACE=1` environment variable to display a backtrace\n",
      "exit_code": 101,
      "status": "Exception"
    },
    {
      "program": "/// Write a function to find the nth decagonal number.\nfn is_num_decagonal(n: isize) -> isize {\n    let mut i = 0;\n    loop {\n        let num = i * (3 * i - 1) / 2;\n        if num == n {\n            return i;\n        }\n        if num > n {\n            return 0;\n        }\n        i += 1;\n    }\n}\n\nfn main() {\n    let candidate = is_num_decagonal;\n    assert_eq!(candidate(3), 27);\n    assert_eq!(candidate(7), 175);\n    assert_eq!(candidate(10), 370);\n}\n",
      "timestamp": 1665510609,
      "stdout": "",
      "stderr": "thread 'main' panicked at 'assertion failed: `(left == right)`\n  left: `0`,\n right: `27`', /tmp/tmplf9_fcfj.rs:18:5\nnote: run with `RUST_BACKTRACE=1` environment variable to display a backtrace\n",
      "exit_code": 101,
      "status": "Exception"
    },
    {
      "program": "/// Write a function to find the nth decagonal number.\nfn is_num_decagonal(n: isize) -> isize {\n    let mut i = 1;\n    let mut num = 0;\n    while num < n {\n        num = i * (3 * i - 1) / 2;\n        i += 1;\n    }\n    num\n}\n\nfn main() {\n    let candidate = is_num_decagonal;\n    assert_eq!(candidate(3), 27);\n    assert_eq!(candidate(7), 175);\n    assert_eq!(candidate(10), 370);\n}\n",
      "timestamp": 1665510609,
      "stdout": "",
      "stderr": "thread 'main' panicked at 'assertion failed: `(left == right)`\n  left: `5`,\n right: `27`', /tmp/tmpj80kznjb.rs:14:5\nnote: run with `RUST_BACKTRACE=1` environment variable to display a backtrace\n",
      "exit_code": 101,
      "status": "Exception"
    },
    {
      "program": "/// Write a function to find the nth decagonal number.\nfn is_num_decagonal(n: isize) -> isize {\n    let mut i = 1;\n    let mut j = 1;\n    while i < n {\n        j += 3 * i + 1;\n        i += 1;\n    }\n    j\n}\n\nfn main() {\n    let candidate = is_num_decagonal;\n    assert_eq!(candidate(3), 27);\n    assert_eq!(candidate(7), 175);\n    assert_eq!(candidate(10), 370);\n}\n",
      "timestamp": 1665510609,
      "stdout": "",
      "stderr": "thread 'main' panicked at 'assertion failed: `(left == right)`\n  left: `12`,\n right: `27`', /tmp/tmpnojwaemf.rs:14:5\nnote: run with `RUST_BACKTRACE=1` environment variable to display a backtrace\n",
      "exit_code": 101,
      "status": "Exception"
    },
    {
      "program": "/// Write a function to find the nth decagonal number.\nfn is_num_decagonal(n: isize) -> isize {\n    let mut i = 1;\n    let mut nth_num = 0;\n    while nth_num < n {\n        nth_num = i * (3 * i - 1) / 2;\n        i += 1;\n    }\n    nth_num\n}\n\nfn main() {\n    let candidate = is_num_decagonal;\n    assert_eq!(candidate(3), 27);\n    assert_eq!(candidate(7), 175);\n    assert_eq!(candidate(10), 370);\n}\n",
      "timestamp": 1666123880,
      "stdout": "",
      "stderr": "thread 'main' panicked at 'assertion failed: `(left == right)`\n  left: `5`,\n right: `27`', /tmp/tmpysjrcpnc.rs:14:5\nnote: run with `RUST_BACKTRACE=1` environment variable to display a backtrace\n",
      "exit_code": 101,
      "status": "Exception"
    },
    {
      "program": "/// Write a function to find the nth decagonal number.\nfn is_num_decagonal(n: isize) -> isize {\n    let mut i = 1;\n    let mut num = 0;\n    while num < n {\n        num = i * (3 * i - 1) / 2;\n        i += 1;\n    }\n    if num == n {\n        return num;\n    }\n    0\n}\n\nfn main() {\n    let candidate = is_num_decagonal;\n    assert_eq!(candidate(3), 27);\n    assert_eq!(candidate(7), 175);\n    assert_eq!(candidate(10), 370);\n}\n",
      "timestamp": 1666123880,
      "stdout": "",
      "stderr": "thread 'main' panicked at 'assertion failed: `(left == right)`\n  left: `0`,\n right: `27`', /tmp/tmprbmgya1z.rs:17:5\nnote: run with `RUST_BACKTRACE=1` environment variable to display a backtrace\n",
      "exit_code": 101,
      "status": "Exception"
    },
    {
      "program": "/// Write a function to find the nth decagonal number.\nfn is_num_decagonal(n: isize) -> isize {\n    let mut i = 0;\n    let mut num = 0;\n    while num < n {\n        i += 1;\n        num = i * (3 * i - 2);\n    }\n    num\n}\n\nfn main() {\n    let candidate = is_num_decagonal;\n    assert_eq!(candidate(3), 27);\n    assert_eq!(candidate(7), 175);\n    assert_eq!(candidate(10), 370);\n}\n",
      "timestamp": 1666123880,
      "stdout": "",
      "stderr": "thread 'main' panicked at 'assertion failed: `(left == right)`\n  left: `8`,\n right: `27`', /tmp/tmps3nw1bwt.rs:14:5\nnote: run with `RUST_BACKTRACE=1` environment variable to display a backtrace\n",
      "exit_code": 101,
      "status": "Exception"
    },
    {
      "program": "/// Write a function to find the nth decagonal number.\nfn is_num_decagonal(n: isize) -> isize {\n    let mut i = 0;\n    let mut j = 0;\n    while i < n {\n        j += 1;\n        i = j * (3 * j - 1) / 2;\n    }\n    i\n}\n\nfn main() {\n    let candidate = is_num_decagonal;\n    assert_eq!(candidate(3), 27);\n    assert_eq!(candidate(7), 175);\n    assert_eq!(candidate(10), 370);\n}\n",
      "timestamp": 1666123873,
      "stdout": "",
      "stderr": "thread 'main' panicked at 'assertion failed: `(left == right)`\n  left: `5`,\n right: `27`', /tmp/tmpud42glhp.rs:14:5\nnote: run with `RUST_BACKTRACE=1` environment variable to display a backtrace\n",
      "exit_code": 101,
      "status": "Exception"
    },
    {
      "program": "/// Write a function to find the nth decagonal number.\nfn is_num_decagonal(n: isize) -> isize {\n    let mut i = 0;\n    let mut num = 0;\n    while i < n {\n        num += 1;\n        if is_decagonal(num) {\n            i += 1;\n        }\n    }\n    num\n}\n\nfn main() {\n    let candidate = is_num_decagonal;\n    assert_eq!(candidate(3), 27);\n    assert_eq!(candidate(7), 175);\n    assert_eq!(candidate(10), 370);\n}\n",
      "timestamp": 1665510609,
      "stdout": "",
      "stderr": "error[E0425]: cannot find function `is_decagonal` in this scope\n --> /tmp/tmpe69d_7k8.rs:7:12\n  |\n7 |         if is_decagonal(num) {\n  |            ^^^^^^^^^^^^ not found in this scope\n\nerror: aborting due to previous error\n\nFor more information about this error, try `rustc --explain E0425`.\n",
      "exit_code": 1,
      "status": "SyntaxError"
    },
    {
      "program": "/// Write a function to find the nth decagonal number.\nfn is_num_decagonal(n: isize) -> isize {\n    let mut i = 1;\n    let mut j = 1;\n    while i < n {\n        j += 1;\n        i = j * (3 * j - 1) / 2;\n    }\n    if i == n {\n        return j;\n    }\n    return 0;\n}\n\nfn main() {\n    let candidate = is_num_decagonal;\n    assert_eq!(candidate(3), 27);\n    assert_eq!(candidate(7), 175);\n    assert_eq!(candidate(10), 370);\n}\n",
      "timestamp": 1666123880,
      "stdout": "",
      "stderr": "thread 'main' panicked at 'assertion failed: `(left == right)`\n  left: `0`,\n right: `27`', /tmp/tmpj24d8p67.rs:17:5\nnote: run with `RUST_BACKTRACE=1` environment variable to display a backtrace\n",
      "exit_code": 101,
      "status": "Exception"
    },
    {
      "program": "/// Write a function to find the nth decagonal number.\nfn is_num_decagonal(n: isize) -> isize {\n    let mut i = 0;\n    loop {\n        let num = i * (3 * i - 1) / 2;\n        if num == n {\n            return i;\n        }\n        if num > n {\n            return -1;\n        }\n        i += 1;\n    }\n}\n\nfn main() {\n    let candidate = is_num_decagonal;\n    assert_eq!(candidate(3), 27);\n    assert_eq!(candidate(7), 175);\n    assert_eq!(candidate(10), 370);\n}\n",
      "timestamp": 1665510609,
      "stdout": "",
      "stderr": "thread 'main' panicked at 'assertion failed: `(left == right)`\n  left: `-1`,\n right: `27`', /tmp/tmpxo386y6f.rs:18:5\nnote: run with `RUST_BACKTRACE=1` environment variable to display a backtrace\n",
      "exit_code": 101,
      "status": "Exception"
    },
    {
      "program": "/// Write a function to find the nth decagonal number.\nfn is_num_decagonal(n: isize) -> isize {\n    let mut i = 1;\n    let mut num = 0;\n    while num < n {\n        num = i * (3 * i - 1) / 2;\n        i += 1;\n    }\n    num\n}\n\nfn main() {\n    let candidate = is_num_decagonal;\n    assert_eq!(candidate(3), 27);\n    assert_eq!(candidate(7), 175);\n    assert_eq!(candidate(10), 370);\n}\n",
      "timestamp": 1665510609,
      "stdout": "",
      "stderr": "thread 'main' panicked at 'assertion failed: `(left == right)`\n  left: `5`,\n right: `27`', /tmp/tmpj80kznjb.rs:14:5\nnote: run with `RUST_BACKTRACE=1` environment variable to display a backtrace\n",
      "exit_code": 101,
      "status": "Exception"
    },
    {
      "program": "/// Write a function to find the nth decagonal number.\nfn is_num_decagonal(n: isize) -> isize {\n    let mut i = 1;\n    let mut num = 0;\n    while num < n {\n        num = i * (3 * i - 1) / 2;\n        i += 1;\n    }\n    num\n}\n\nfn main() {\n    let candidate = is_num_decagonal;\n    assert_eq!(candidate(3), 27);\n    assert_eq!(candidate(7), 175);\n    assert_eq!(candidate(10), 370);\n}\n",
      "timestamp": 1665510609,
      "stdout": "",
      "stderr": "thread 'main' panicked at 'assertion failed: `(left == right)`\n  left: `5`,\n right: `27`', /tmp/tmpj80kznjb.rs:14:5\nnote: run with `RUST_BACKTRACE=1` environment variable to display a backtrace\n",
      "exit_code": 101,
      "status": "Exception"
    },
    {
      "program": "/// Write a function to find the nth decagonal number.\nfn is_num_decagonal(n: isize) -> isize {\n    let mut i = 0;\n    loop {\n        i += 1;\n        let decagonal = i * (3 * i - 1) / 2;\n        if decagonal == n {\n            return i;\n        }\n    }\n}\n\nfn main() {\n    let candidate = is_num_decagonal;\n    assert_eq!(candidate(3), 27);\n    assert_eq!(candidate(7), 175);\n    assert_eq!(candidate(10), 370);\n}\n",
      "timestamp": 1666123879,
      "stdout": "",
      "stderr": "",
      "exit_code": -1,
      "status": "Timeout"
    },
    {
      "program": "/// Write a function to find the nth decagonal number.\nfn is_num_decagonal(n: isize) -> isize {\n    let mut i = 0;\n    let mut num = 0;\n    while num < n {\n        i += 1;\n        num = i * (3 * i - 1) / 2;\n    }\n    if num == n {\n        return i;\n    }\n    return 0;\n}\n\nfn main() {\n    let candidate = is_num_decagonal;\n    assert_eq!(candidate(3), 27);\n    assert_eq!(candidate(7), 175);\n    assert_eq!(candidate(10), 370);\n}\n",
      "timestamp": 1666123873,
      "stdout": "",
      "stderr": "thread 'main' panicked at 'assertion failed: `(left == right)`\n  left: `0`,\n right: `27`', /tmp/tmp9mr_ks03.rs:17:5\nnote: run with `RUST_BACKTRACE=1` environment variable to display a backtrace\n",
      "exit_code": 101,
      "status": "Exception"
    },
    {
      "program": "/// Write a function to find the nth decagonal number.\nfn is_num_decagonal(n: isize) -> isize {\n    let mut i = 0;\n    let mut num = 0;\n    while i < n {\n        i += 1;\n        num = i * (3 * i - 1) / 2;\n    }\n    num\n}\n\nfn main() {\n    let candidate = is_num_decagonal;\n    assert_eq!(candidate(3), 27);\n    assert_eq!(candidate(7), 175);\n    assert_eq!(candidate(10), 370);\n}\n",
      "timestamp": 1665510609,
      "stdout": "",
      "stderr": "thread 'main' panicked at 'assertion failed: `(left == right)`\n  left: `12`,\n right: `27`', /tmp/tmpqw7kqdhm.rs:14:5\nnote: run with `RUST_BACKTRACE=1` environment variable to display a backtrace\n",
      "exit_code": 101,
      "status": "Exception"
    },
    {
      "program": "/// Write a function to find the nth decagonal number.\nfn is_num_decagonal(n: isize) -> isize {\n    let mut i = 0;\n    loop {\n        i += 1;\n        let num = i * (3 * i - 2);\n        if num == n {\n            return i;\n        }\n        if num > n {\n            return 0;\n        }\n    }\n}\n\nfn main() {\n    let candidate = is_num_decagonal;\n    assert_eq!(candidate(3), 27);\n    assert_eq!(candidate(7), 175);\n    assert_eq!(candidate(10), 370);\n}\n",
      "timestamp": 1666123874,
      "stdout": "",
      "stderr": "thread 'main' panicked at 'assertion failed: `(left == right)`\n  left: `0`,\n right: `27`', /tmp/tmpfvjdjfwy.rs:18:5\nnote: run with `RUST_BACKTRACE=1` environment variable to display a backtrace\n",
      "exit_code": 101,
      "status": "Exception"
    },
    {
      "program": "/// Write a function to find the nth decagonal number.\nfn is_num_decagonal(n: isize) -> isize {\n    let mut i = 0;\n    let mut num = 0;\n    while num < n {\n        i += 1;\n        num = i * (3 * i - 1) / 2;\n    }\n    num\n}\n\nfn main() {\n    let candidate = is_num_decagonal;\n    assert_eq!(candidate(3), 27);\n    assert_eq!(candidate(7), 175);\n    assert_eq!(candidate(10), 370);\n}\n",
      "timestamp": 1666123874,
      "stdout": "",
      "stderr": "thread 'main' panicked at 'assertion failed: `(left == right)`\n  left: `5`,\n right: `27`', /tmp/tmp6z13363l.rs:14:5\nnote: run with `RUST_BACKTRACE=1` environment variable to display a backtrace\n",
      "exit_code": 101,
      "status": "Exception"
    },
    {
      "program": "/// Write a function to find the nth decagonal number.\nfn is_num_decagonal(n: isize) -> isize {\n    let mut i = 0;\n    let mut num = 0;\n    while i < n {\n        num += 1;\n        if is_decagonal(num) {\n            i += 1;\n        }\n    }\n    num\n}\n\nfn main() {\n    let candidate = is_num_decagonal;\n    assert_eq!(candidate(3), 27);\n    assert_eq!(candidate(7), 175);\n    assert_eq!(candidate(10), 370);\n}\n",
      "timestamp": 1665510609,
      "stdout": "",
      "stderr": "error[E0425]: cannot find function `is_decagonal` in this scope\n --> /tmp/tmpe69d_7k8.rs:7:12\n  |\n7 |         if is_decagonal(num) {\n  |            ^^^^^^^^^^^^ not found in this scope\n\nerror: aborting due to previous error\n\nFor more information about this error, try `rustc --explain E0425`.\n",
      "exit_code": 1,
      "status": "SyntaxError"
    },
    {
      "program": "/// Write a function to find the nth decagonal number.\nfn is_num_decagonal(n: isize) -> isize {\n    let mut i = 1;\n    loop {\n        let decagonal = i * (3 * i - 1) / 2;\n        if decagonal == n {\n            return i;\n        }\n        if decagonal > n {\n            return -1;\n        }\n        i += 1;\n    }\n}\n\nfn main() {\n    let candidate = is_num_decagonal;\n    assert_eq!(candidate(3), 27);\n    assert_eq!(candidate(7), 175);\n    assert_eq!(candidate(10), 370);\n}\n",
      "timestamp": 1666123880,
      "stdout": "",
      "stderr": "thread 'main' panicked at 'assertion failed: `(left == right)`\n  left: `-1`,\n right: `27`', /tmp/tmpdh6enweg.rs:18:5\nnote: run with `RUST_BACKTRACE=1` environment variable to display a backtrace\n",
      "exit_code": 101,
      "status": "Exception"
    },
    {
      "program": "/// Write a function to find the nth decagonal number.\nfn is_num_decagonal(n: isize) -> isize {\n    let mut i = 1;\n    while i * (3 * i - 1) / 2 < n {\n        i += 1;\n    }\n    if i * (3 * i - 1) / 2 == n {\n        return i;\n    }\n    return 0;\n}\n\nfn main() {\n    let candidate = is_num_decagonal;\n    assert_eq!(candidate(3), 27);\n    assert_eq!(candidate(7), 175);\n    assert_eq!(candidate(10), 370);\n}\n",
      "timestamp": 1666123874,
      "stdout": "",
      "stderr": "thread 'main' panicked at 'assertion failed: `(left == right)`\n  left: `0`,\n right: `27`', /tmp/tmpwxbnvilp.rs:15:5\nnote: run with `RUST_BACKTRACE=1` environment variable to display a backtrace\n",
      "exit_code": 101,
      "status": "Exception"
    },
    {
      "program": "/// Write a function to find the nth decagonal number.\nfn is_num_decagonal(n: isize) -> isize {\n    let mut i = 1;\n    let mut num = 1;\n    while i < n {\n        num += 3 * i + 1;\n        i += 1;\n    }\n    num\n}\n\nfn main() {\n    let candidate = is_num_decagonal;\n    assert_eq!(candidate(3), 27);\n    assert_eq!(candidate(7), 175);\n    assert_eq!(candidate(10), 370);\n}\n",
      "timestamp": 1665510609,
      "stdout": "",
      "stderr": "thread 'main' panicked at 'assertion failed: `(left == right)`\n  left: `12`,\n right: `27`', /tmp/tmptvtw5fhy.rs:14:5\nnote: run with `RUST_BACKTRACE=1` environment variable to display a backtrace\n",
      "exit_code": 101,
      "status": "Exception"
    },
    {
      "program": "/// Write a function to find the nth decagonal number.\nfn is_num_decagonal(n: isize) -> isize {\n    let mut i = 0;\n    loop {\n        i += 1;\n        let decagonal = i * (3 * i - 1) / 2;\n        if decagonal == n {\n            return i;\n        }\n    }\n}\n\nfn main() {\n    let candidate = is_num_decagonal;\n    assert_eq!(candidate(3), 27);\n    assert_eq!(candidate(7), 175);\n    assert_eq!(candidate(10), 370);\n}\n",
      "timestamp": 1666123879,
      "stdout": "",
      "stderr": "",
      "exit_code": -1,
      "status": "Timeout"
    },
    {
      "program": "/// Write a function to find the nth decagonal number.\nfn is_num_decagonal(n: isize) -> isize {\n    let mut i = 0;\n    loop {\n        i += 1;\n        let decagonal = i * (3 * i - 1) / 2;\n        if decagonal == n {\n            return i;\n        }\n        if decagonal > n {\n            return -1;\n        }\n    }\n}\n\nfn main() {\n    let candidate = is_num_decagonal;\n    assert_eq!(candidate(3), 27);\n    assert_eq!(candidate(7), 175);\n    assert_eq!(candidate(10), 370);\n}\n",
      "timestamp": 1666123880,
      "stdout": "",
      "stderr": "thread 'main' panicked at 'assertion failed: `(left == right)`\n  left: `-1`,\n right: `27`', /tmp/tmp85hrdy0_.rs:18:5\nnote: run with `RUST_BACKTRACE=1` environment variable to display a backtrace\n",
      "exit_code": 101,
      "status": "Exception"
    },
    {
      "program": "/// Write a function to find the nth decagonal number.\nfn is_num_decagonal(n: isize) -> isize {\n    let mut i = 0;\n    loop {\n        let num = i * (3 * i - 1) / 2;\n        if num == n {\n            return i;\n        }\n        if num > n {\n            return -1;\n        }\n        i += 1;\n    }\n}\n\nfn main() {\n    let candidate = is_num_decagonal;\n    assert_eq!(candidate(3), 27);\n    assert_eq!(candidate(7), 175);\n    assert_eq!(candidate(10), 370);\n}\n",
      "timestamp": 1665510609,
      "stdout": "",
      "stderr": "thread 'main' panicked at 'assertion failed: `(left == right)`\n  left: `-1`,\n right: `27`', /tmp/tmpxo386y6f.rs:18:5\nnote: run with `RUST_BACKTRACE=1` environment variable to display a backtrace\n",
      "exit_code": 101,
      "status": "Exception"
    },
    {
      "program": "/// Write a function to find the nth decagonal number.\nfn is_num_decagonal(n: isize) -> isize {\n    let mut i = 0;\n    loop {\n        let num = i * (3 * i - 1) / 2;\n        if num == n {\n            return i;\n        }\n        if num > n {\n            return -1;\n        }\n        i += 1;\n    }\n}\n\nfn main() {\n    let candidate = is_num_decagonal;\n    assert_eq!(candidate(3), 27);\n    assert_eq!(candidate(7), 175);\n    assert_eq!(candidate(10), 370);\n}\n",
      "timestamp": 1665510609,
      "stdout": "",
      "stderr": "thread 'main' panicked at 'assertion failed: `(left == right)`\n  left: `-1`,\n right: `27`', /tmp/tmpxo386y6f.rs:18:5\nnote: run with `RUST_BACKTRACE=1` environment variable to display a backtrace\n",
      "exit_code": 101,
      "status": "Exception"
    },
    {
      "program": "/// Write a function to find the nth decagonal number.\nfn is_num_decagonal(n: isize) -> isize {\n    let mut i = 0;\n    let mut j = 0;\n    let mut k = 0;\n    let mut l = 0;\n    let mut m = 0;\n    let mut n = 0;\n    let mut o = 0;\n    let mut p = 0;\n    let mut q = 0;\n    let mut r = 0;\n    let mut s = 0;\n    let mut t = 0;\n    let mut u = 0;\n    let mut v = 0;\n    let mut w = 0;\n    let mut x = 0;\n    let mut y = 0;\n    let mut z = 0;\n    let mut aa = 0;\n    let mut bb = 0;\n    let mut cc = 0;\n    let mut dd = 0;\n    let mut ee = 0;\n    let mut ff = 0;\n    let mut gg = 0;\n    let mut hh = 0;\n    let mut ii = 0;\n    let mut jj = 0;\n    let mut kk = 0;\n    let mut ll = 0;\n    let mut mm = 0;\n    let mut nn = 0;\n    let mut oo = 0;\n    let mut pp = 0;\n    let mut qq = 0;\n    let mut rr = 0;\n    let mut ss = 0;\n    let mut tt = 0;\n    let mut uu = 0;\n    let mut vv = 0;\n    let mut ww = 0;\n    let mut xx = 0;\n    let mut yy = 0;\n    let mut zz = 0;\n    let mut aaa = 0;\n    let mut bbb = 0;\n    let mut ccc = 0;\n    let mut ddd = 0;\n    let mut eee = 0;\n    let mut fff = 0;\n    let mut ggg = 0;\n    let mut hhh = 0;\n    let mut iii = 0;\n    let mut jjj = 0;\n    let mut kkk = 0;\n    let mut lll = 0;\n    let mut mmm = 0;\n    let mut nnn = 0;\n    let mut ooo = 0;\n    let mut ppp = 0;\n}\n\nfn main() {\n    let candidate = is_num_decagonal;\n    assert_eq!(candidate(3), 27);\n    assert_eq!(candidate(7), 175);\n    assert_eq!(candidate(10), 370);\n}\n",
      "timestamp": 1666123873,
      "stdout": "",
      "stderr": "error[E0308]: mismatched types\n --> /tmp/tmprx3afs97.rs:2:34\n  |\n2 | fn is_num_decagonal(n: isize) -> isize {\n  |    ----------------              ^^^^^ expected `isize`, found `()`\n  |    |\n  |    implicitly returns `()` as its body has no tail or `return` expression\n\nerror: aborting due to previous error\n\nFor more information about this error, try `rustc --explain E0308`.\n",
      "exit_code": 1,
      "status": "SyntaxError"
    },
    {
      "program": "/// Write a function to find the nth decagonal number.\nfn is_num_decagonal(n: isize) -> isize {\n    let mut i = 1;\n    let mut num = 0;\n    while i <= n {\n        num += i * 10;\n        i += 1;\n    }\n    num\n}\n\nfn main() {\n    let candidate = is_num_decagonal;\n    assert_eq!(candidate(3), 27);\n    assert_eq!(candidate(7), 175);\n    assert_eq!(candidate(10), 370);\n}\n",
      "timestamp": 1666123873,
      "stdout": "",
      "stderr": "thread 'main' panicked at 'assertion failed: `(left == right)`\n  left: `60`,\n right: `27`', /tmp/tmpkq7kt55t.rs:14:5\nnote: run with `RUST_BACKTRACE=1` environment variable to display a backtrace\n",
      "exit_code": 101,
      "status": "Exception"
    },
    {
      "program": "/// Write a function to find the nth decagonal number.\nfn is_num_decagonal(n: isize) -> isize {\n    let mut i = 0;\n    loop {\n        let decagonal = i * (3 * i - 1) / 2;\n        if decagonal == n {\n            return i;\n        }\n        if decagonal > n {\n            return -1;\n        }\n        i += 1;\n    }\n}\n\nfn main() {\n    let candidate = is_num_decagonal;\n    assert_eq!(candidate(3), 27);\n    assert_eq!(candidate(7), 175);\n    assert_eq!(candidate(10), 370);\n}\n",
      "timestamp": 1665510609,
      "stdout": "",
      "stderr": "thread 'main' panicked at 'assertion failed: `(left == right)`\n  left: `-1`,\n right: `27`', /tmp/tmp531_yewa.rs:18:5\nnote: run with `RUST_BACKTRACE=1` environment variable to display a backtrace\n",
      "exit_code": 101,
      "status": "Exception"
    },
    {
      "program": "/// Write a function to find the nth decagonal number.\nfn is_num_decagonal(n: isize) -> isize {\n    let mut i = 1;\n    let mut num = 1;\n    while i < n {\n        num += 3;\n        if is_pentagonal(num) && is_hexagonal(num) {\n            i += 1;\n        }\n    }\n    num\n}\n\nfn main() {\n    let candidate = is_num_decagonal;\n    assert_eq!(candidate(3), 27);\n    assert_eq!(candidate(7), 175);\n    assert_eq!(candidate(10), 370);\n}\n",
      "timestamp": 1666123873,
      "stdout": "",
      "stderr": "error[E0425]: cannot find function `is_pentagonal` in this scope\n --> /tmp/tmpg6hbv2j6.rs:7:12\n  |\n7 |         if is_pentagonal(num) && is_hexagonal(num) {\n  |            ^^^^^^^^^^^^^ not found in this scope\n\nerror[E0425]: cannot find function `is_hexagonal` in this scope\n --> /tmp/tmpg6hbv2j6.rs:7:34\n  |\n7 |         if is_pentagonal(num) && is_hexagonal(num) {\n  |                                  ^^^^^^^^^^^^ not found in this scope\n\nerror: aborting due to 2 previous errors\n\nFor more information about this error, try `rustc --explain E0425`.\n",
      "exit_code": 1,
      "status": "SyntaxError"
    },
    {
      "program": "/// Write a function to find the nth decagonal number.\nfn is_num_decagonal(n: isize) -> isize {\n    let mut i = 0;\n    loop {\n        let num = i * (3 * i - 1) / 2;\n        if num == n {\n            return i;\n        }\n        if num > n {\n            return -1;\n        }\n        i += 1;\n    }\n}\n\nfn main() {\n    let candidate = is_num_decagonal;\n    assert_eq!(candidate(3), 27);\n    assert_eq!(candidate(7), 175);\n    assert_eq!(candidate(10), 370);\n}\n",
      "timestamp": 1665510609,
      "stdout": "",
      "stderr": "thread 'main' panicked at 'assertion failed: `(left == right)`\n  left: `-1`,\n right: `27`', /tmp/tmpxo386y6f.rs:18:5\nnote: run with `RUST_BACKTRACE=1` environment variable to display a backtrace\n",
      "exit_code": 101,
      "status": "Exception"
    },
    {
      "program": "/// Write a function to find the nth decagonal number.\nfn is_num_decagonal(n: isize) -> isize {\n    let mut i = 1;\n    let mut num = 0;\n    while i <= n {\n        num += i * 10;\n        i += 1;\n    }\n    num\n}\n\nfn main() {\n    let candidate = is_num_decagonal;\n    assert_eq!(candidate(3), 27);\n    assert_eq!(candidate(7), 175);\n    assert_eq!(candidate(10), 370);\n}\n",
      "timestamp": 1666123873,
      "stdout": "",
      "stderr": "thread 'main' panicked at 'assertion failed: `(left == right)`\n  left: `60`,\n right: `27`', /tmp/tmpkq7kt55t.rs:14:5\nnote: run with `RUST_BACKTRACE=1` environment variable to display a backtrace\n",
      "exit_code": 101,
      "status": "Exception"
    },
    {
      "program": "/// Write a function to find the nth decagonal number.\nfn is_num_decagonal(n: isize) -> isize {\n    let mut i = 1;\n    let mut num = 0;\n    while num < n {\n        num = i * (3 * i - 1) / 2;\n        i += 1;\n    }\n    num\n}\n\nfn main() {\n    let candidate = is_num_decagonal;\n    assert_eq!(candidate(3), 27);\n    assert_eq!(candidate(7), 175);\n    assert_eq!(candidate(10), 370);\n}\n",
      "timestamp": 1665510609,
      "stdout": "",
      "stderr": "thread 'main' panicked at 'assertion failed: `(left == right)`\n  left: `5`,\n right: `27`', /tmp/tmpj80kznjb.rs:14:5\nnote: run with `RUST_BACKTRACE=1` environment variable to display a backtrace\n",
      "exit_code": 101,
      "status": "Exception"
    },
    {
      "program": "/// Write a function to find the nth decagonal number.\nfn is_num_decagonal(n: isize) -> isize {\n    let mut i = 1;\n    let mut num = 0;\n    while num < n {\n        num = i * (3 * i - 1) / 2;\n        i += 1;\n    }\n    if num == n {\n        return 1;\n    } else {\n        return 0;\n    }\n}\n\nfn main() {\n    let candidate = is_num_decagonal;\n    assert_eq!(candidate(3), 27);\n    assert_eq!(candidate(7), 175);\n    assert_eq!(candidate(10), 370);\n}\n",
      "timestamp": 1666123880,
      "stdout": "",
      "stderr": "thread 'main' panicked at 'assertion failed: `(left == right)`\n  left: `0`,\n right: `27`', /tmp/tmpukh1g60y.rs:18:5\nnote: run with `RUST_BACKTRACE=1` environment variable to display a backtrace\n",
      "exit_code": 101,
      "status": "Exception"
    },
    {
      "program": "/// Write a function to find the nth decagonal number.\nfn is_num_decagonal(n: isize) -> isize {\n    let mut i = 0;\n    let mut num = 0;\n    while i < n {\n        num += 1;\n        if is_decagonal(num) {\n            i += 1;\n        }\n    }\n    num\n}\n\nfn main() {\n    let candidate = is_num_decagonal;\n    assert_eq!(candidate(3), 27);\n    assert_eq!(candidate(7), 175);\n    assert_eq!(candidate(10), 370);\n}\n",
      "timestamp": 1665510609,
      "stdout": "",
      "stderr": "error[E0425]: cannot find function `is_decagonal` in this scope\n --> /tmp/tmpe69d_7k8.rs:7:12\n  |\n7 |         if is_decagonal(num) {\n  |            ^^^^^^^^^^^^ not found in this scope\n\nerror: aborting due to previous error\n\nFor more information about this error, try `rustc --explain E0425`.\n",
      "exit_code": 1,
      "status": "SyntaxError"
    },
    {
      "program": "/// Write a function to find the nth decagonal number.\nfn is_num_decagonal(n: isize) -> isize {\n    let mut i = 0;\n    loop {\n        let num = i * (3 * i - 1) / 2;\n        if num == n {\n            return i;\n        }\n        if num > n {\n            return -1;\n        }\n        i += 1;\n    }\n}\n\nfn main() {\n    let candidate = is_num_decagonal;\n    assert_eq!(candidate(3), 27);\n    assert_eq!(candidate(7), 175);\n    assert_eq!(candidate(10), 370);\n}\n",
      "timestamp": 1665510609,
      "stdout": "",
      "stderr": "thread 'main' panicked at 'assertion failed: `(left == right)`\n  left: `-1`,\n right: `27`', /tmp/tmpxo386y6f.rs:18:5\nnote: run with `RUST_BACKTRACE=1` environment variable to display a backtrace\n",
      "exit_code": 101,
      "status": "Exception"
    },
    {
      "program": "/// Write a function to find the nth decagonal number.\nfn is_num_decagonal(n: isize) -> isize {\n    let mut i = 0;\n    let mut num = 0;\n    while num < n {\n        i += 1;\n        num = i * (3 * i - 1) / 2;\n    }\n    num\n}\n\nfn main() {\n    let candidate = is_num_decagonal;\n    assert_eq!(candidate(3), 27);\n    assert_eq!(candidate(7), 175);\n    assert_eq!(candidate(10), 370);\n}\n",
      "timestamp": 1666123874,
      "stdout": "",
      "stderr": "thread 'main' panicked at 'assertion failed: `(left == right)`\n  left: `5`,\n right: `27`', /tmp/tmp6z13363l.rs:14:5\nnote: run with `RUST_BACKTRACE=1` environment variable to display a backtrace\n",
      "exit_code": 101,
      "status": "Exception"
    },
    {
      "program": "/// Write a function to find the nth decagonal number.\nfn is_num_decagonal(n: isize) -> isize {\n    let mut i = 1;\n    let mut num = 0;\n    while num < n {\n        num = i * (3 * i - 1) / 2;\n        i += 1;\n    }\n    if num == n {\n        return i - 1;\n    }\n    return 0;\n}\n\nfn main() {\n    let candidate = is_num_decagonal;\n    assert_eq!(candidate(3), 27);\n    assert_eq!(candidate(7), 175);\n    assert_eq!(candidate(10), 370);\n}\n",
      "timestamp": 1666123880,
      "stdout": "",
      "stderr": "thread 'main' panicked at 'assertion failed: `(left == right)`\n  left: `0`,\n right: `27`', /tmp/tmp7utv8d7f.rs:17:5\nnote: run with `RUST_BACKTRACE=1` environment variable to display a backtrace\n",
      "exit_code": 101,
      "status": "Exception"
    },
    {
      "program": "/// Write a function to find the nth decagonal number.\nfn is_num_decagonal(n: isize) -> isize {\n    let mut i = 1;\n    let mut num = 0;\n    while i <= n {\n        num = i * (3 * i - 1) / 2;\n        i += 1;\n    }\n    num\n}\n\nfn main() {\n    let candidate = is_num_decagonal;\n    assert_eq!(candidate(3), 27);\n    assert_eq!(candidate(7), 175);\n    assert_eq!(candidate(10), 370);\n}\n",
      "timestamp": 1665510609,
      "stdout": "",
      "stderr": "thread 'main' panicked at 'assertion failed: `(left == right)`\n  left: `12`,\n right: `27`', /tmp/tmpjbf7vlkd.rs:14:5\nnote: run with `RUST_BACKTRACE=1` environment variable to display a backtrace\n",
      "exit_code": 101,
      "status": "Exception"
    },
    {
      "program": "/// Write a function to find the nth decagonal number.\nfn is_num_decagonal(n: isize) -> isize {\n    let mut i = 1;\n    let mut num = 0;\n    while i <= n {\n        num += i * 10;\n        i += 1;\n    }\n    num\n}\n\nfn main() {\n    let candidate = is_num_decagonal;\n    assert_eq!(candidate(3), 27);\n    assert_eq!(candidate(7), 175);\n    assert_eq!(candidate(10), 370);\n}\n",
      "timestamp": 1666123873,
      "stdout": "",
      "stderr": "thread 'main' panicked at 'assertion failed: `(left == right)`\n  left: `60`,\n right: `27`', /tmp/tmpkq7kt55t.rs:14:5\nnote: run with `RUST_BACKTRACE=1` environment variable to display a backtrace\n",
      "exit_code": 101,
      "status": "Exception"
    },
    {
      "program": "/// Write a function to find the nth decagonal number.\nfn is_num_decagonal(n: isize) -> isize {\n    let mut i = 0;\n    let mut count = 0;\n    while count < n {\n        i += 1;\n        if is_decagonal(i) {\n            count += 1;\n        }\n    }\n    i\n}\n\nfn main() {\n    let candidate = is_num_decagonal;\n    assert_eq!(candidate(3), 27);\n    assert_eq!(candidate(7), 175);\n    assert_eq!(candidate(10), 370);\n}\n",
      "timestamp": 1666123873,
      "stdout": "",
      "stderr": "error[E0425]: cannot find function `is_decagonal` in this scope\n --> /tmp/tmpdtoc8uoq.rs:7:12\n  |\n7 |         if is_decagonal(i) {\n  |            ^^^^^^^^^^^^ not found in this scope\n\nerror: aborting due to previous error\n\nFor more information about this error, try `rustc --explain E0425`.\n",
      "exit_code": 1,
      "status": "SyntaxError"
    },
    {
      "program": "/// Write a function to find the nth decagonal number.\nfn is_num_decagonal(n: isize) -> isize {\n    let mut i = 0;\n    loop {\n        let num = i * (3 * i - 1) / 2;\n        if num == n {\n            return i;\n        }\n        if num > n {\n            return 0;\n        }\n        i += 1;\n    }\n}\n\nfn main() {\n    let candidate = is_num_decagonal;\n    assert_eq!(candidate(3), 27);\n    assert_eq!(candidate(7), 175);\n    assert_eq!(candidate(10), 370);\n}\n",
      "timestamp": 1665510609,
      "stdout": "",
      "stderr": "thread 'main' panicked at 'assertion failed: `(left == right)`\n  left: `0`,\n right: `27`', /tmp/tmplf9_fcfj.rs:18:5\nnote: run with `RUST_BACKTRACE=1` environment variable to display a backtrace\n",
      "exit_code": 101,
      "status": "Exception"
    },
    {
      "program": "/// Write a function to find the nth decagonal number.\nfn is_num_decagonal(n: isize) -> isize {\n    let mut i = 0;\n    let mut num = 0;\n    while num < n {\n        i += 1;\n        num = i * (3 * i - 1) / 2;\n    }\n    num\n}\n\nfn main() {\n    let candidate = is_num_decagonal;\n    assert_eq!(candidate(3), 27);\n    assert_eq!(candidate(7), 175);\n    assert_eq!(candidate(10), 370);\n}\n",
      "timestamp": 1666123874,
      "stdout": "",
      "stderr": "thread 'main' panicked at 'assertion failed: `(left == right)`\n  left: `5`,\n right: `27`', /tmp/tmp6z13363l.rs:14:5\nnote: run with `RUST_BACKTRACE=1` environment variable to display a backtrace\n",
      "exit_code": 101,
      "status": "Exception"
    },
    {
      "program": "/// Write a function to find the nth decagonal number.\nfn is_num_decagonal(n: isize) -> isize {\n    let mut i = 1;\n    let mut num = 1;\n    while i < n {\n        num += 3;\n        if is_pentagonal(num) && is_hexagonal(num) {\n            i += 1;\n        }\n    }\n    num\n}\n\nfn main() {\n    let candidate = is_num_decagonal;\n    assert_eq!(candidate(3), 27);\n    assert_eq!(candidate(7), 175);\n    assert_eq!(candidate(10), 370);\n}\n",
      "timestamp": 1666123873,
      "stdout": "",
      "stderr": "error[E0425]: cannot find function `is_pentagonal` in this scope\n --> /tmp/tmpg6hbv2j6.rs:7:12\n  |\n7 |         if is_pentagonal(num) && is_hexagonal(num) {\n  |            ^^^^^^^^^^^^^ not found in this scope\n\nerror[E0425]: cannot find function `is_hexagonal` in this scope\n --> /tmp/tmpg6hbv2j6.rs:7:34\n  |\n7 |         if is_pentagonal(num) && is_hexagonal(num) {\n  |                                  ^^^^^^^^^^^^ not found in this scope\n\nerror: aborting due to 2 previous errors\n\nFor more information about this error, try `rustc --explain E0425`.\n",
      "exit_code": 1,
      "status": "SyntaxError"
    },
    {
      "program": "/// Write a function to find the nth decagonal number.\nfn is_num_decagonal(n: isize) -> isize {\n    let mut i = 0;\n    loop {\n        let num = i * (3 * i - 1) / 2;\n        if num == n {\n            return i;\n        }\n        if num > n {\n            return 0;\n        }\n        i += 1;\n    }\n}\n\nfn main() {\n    let candidate = is_num_decagonal;\n    assert_eq!(candidate(3), 27);\n    assert_eq!(candidate(7), 175);\n    assert_eq!(candidate(10), 370);\n}\n",
      "timestamp": 1665510609,
      "stdout": "",
      "stderr": "thread 'main' panicked at 'assertion failed: `(left == right)`\n  left: `0`,\n right: `27`', /tmp/tmplf9_fcfj.rs:18:5\nnote: run with `RUST_BACKTRACE=1` environment variable to display a backtrace\n",
      "exit_code": 101,
      "status": "Exception"
    },
    {
      "program": "/// Write a function to find the nth decagonal number.\nfn is_num_decagonal(n: isize) -> isize {\n    let mut i = 1;\n    let mut num = 0;\n    while i <= n {\n        num = i * (3 * i - 1) / 2;\n        i += 1;\n    }\n    num\n}\n\nfn main() {\n    let candidate = is_num_decagonal;\n    assert_eq!(candidate(3), 27);\n    assert_eq!(candidate(7), 175);\n    assert_eq!(candidate(10), 370);\n}\n",
      "timestamp": 1665510609,
      "stdout": "",
      "stderr": "thread 'main' panicked at 'assertion failed: `(left == right)`\n  left: `12`,\n right: `27`', /tmp/tmpjbf7vlkd.rs:14:5\nnote: run with `RUST_BACKTRACE=1` environment variable to display a backtrace\n",
      "exit_code": 101,
      "status": "Exception"
    },
    {
      "program": "/// Write a function to find the nth decagonal number.\nfn is_num_decagonal(n: isize) -> isize {\n    let mut i = 1;\n    let mut num = 1;\n    while i <= n {\n        if is_pentagonal(num) && is_hexagonal(num) {\n            i += 1;\n        }\n        num += 1;\n    }\n    num - 1\n}\n\nfn main() {\n    let candidate = is_num_decagonal;\n    assert_eq!(candidate(3), 27);\n    assert_eq!(candidate(7), 175);\n    assert_eq!(candidate(10), 370);\n}\n",
      "timestamp": 1666123879,
      "stdout": "",
      "stderr": "error[E0425]: cannot find function `is_pentagonal` in this scope\n --> /tmp/tmprt3nc095.rs:6:12\n  |\n6 |         if is_pentagonal(num) && is_hexagonal(num) {\n  |            ^^^^^^^^^^^^^ not found in this scope\n\nerror[E0425]: cannot find function `is_hexagonal` in this scope\n --> /tmp/tmprt3nc095.rs:6:34\n  |\n6 |         if is_pentagonal(num) && is_hexagonal(num) {\n  |                                  ^^^^^^^^^^^^ not found in this scope\n\nerror: aborting due to 2 previous errors\n\nFor more information about this error, try `rustc --explain E0425`.\n",
      "exit_code": 1,
      "status": "SyntaxError"
    },
    {
      "program": "/// Write a function to find the nth decagonal number.\nfn is_num_decagonal(n: isize) -> isize {\n    let mut i = 0;\n    loop {\n        let num = i * (3 * i - 1) / 2;\n        if num == n {\n            return i;\n        }\n        if num > n {\n            return -1;\n        }\n        i += 1;\n    }\n}\n\nfn main() {\n    let candidate = is_num_decagonal;\n    assert_eq!(candidate(3), 27);\n    assert_eq!(candidate(7), 175);\n    assert_eq!(candidate(10), 370);\n}\n",
      "timestamp": 1665510609,
      "stdout": "",
      "stderr": "thread 'main' panicked at 'assertion failed: `(left == right)`\n  left: `-1`,\n right: `27`', /tmp/tmpxo386y6f.rs:18:5\nnote: run with `RUST_BACKTRACE=1` environment variable to display a backtrace\n",
      "exit_code": 101,
      "status": "Exception"
    },
    {
      "program": "/// Write a function to find the nth decagonal number.\nfn is_num_decagonal(n: isize) -> isize {\n    let mut i = 0;\n    loop {\n        let decagonal = i * (3 * i - 1) / 2;\n        if decagonal == n {\n            return i;\n        }\n        if decagonal > n {\n            return -1;\n        }\n        i += 1;\n    }\n}\n\nfn main() {\n    let candidate = is_num_decagonal;\n    assert_eq!(candidate(3), 27);\n    assert_eq!(candidate(7), 175);\n    assert_eq!(candidate(10), 370);\n}\n",
      "timestamp": 1665510609,
      "stdout": "",
      "stderr": "thread 'main' panicked at 'assertion failed: `(left == right)`\n  left: `-1`,\n right: `27`', /tmp/tmp531_yewa.rs:18:5\nnote: run with `RUST_BACKTRACE=1` environment variable to display a backtrace\n",
      "exit_code": 101,
      "status": "Exception"
    },
    {
      "program": "/// Write a function to find the nth decagonal number.\nfn is_num_decagonal(n: isize) -> isize {\n    let mut i = 1;\n    let mut num = 1;\n    while i < n {\n        num += 3;\n        if is_pentagonal(num) && is_hexagonal(num) {\n            i += 1;\n        }\n    }\n    num\n}\n\nfn main() {\n    let candidate = is_num_decagonal;\n    assert_eq!(candidate(3), 27);\n    assert_eq!(candidate(7), 175);\n    assert_eq!(candidate(10), 370);\n}\n",
      "timestamp": 1666123873,
      "stdout": "",
      "stderr": "error[E0425]: cannot find function `is_pentagonal` in this scope\n --> /tmp/tmpg6hbv2j6.rs:7:12\n  |\n7 |         if is_pentagonal(num) && is_hexagonal(num) {\n  |            ^^^^^^^^^^^^^ not found in this scope\n\nerror[E0425]: cannot find function `is_hexagonal` in this scope\n --> /tmp/tmpg6hbv2j6.rs:7:34\n  |\n7 |         if is_pentagonal(num) && is_hexagonal(num) {\n  |                                  ^^^^^^^^^^^^ not found in this scope\n\nerror: aborting due to 2 previous errors\n\nFor more information about this error, try `rustc --explain E0425`.\n",
      "exit_code": 1,
      "status": "SyntaxError"
    },
    {
      "program": "/// Write a function to find the nth decagonal number.\nfn is_num_decagonal(n: isize) -> isize {\n    let mut i = 0;\n    loop {\n        let num = decagonal(i);\n        if num == n {\n            return i;\n        }\n        if num > n {\n            return -1;\n        }\n        i += 1;\n    }\n}\n\nfn main() {\n    let candidate = is_num_decagonal;\n    assert_eq!(candidate(3), 27);\n    assert_eq!(candidate(7), 175);\n    assert_eq!(candidate(10), 370);\n}\n",
      "timestamp": 1666123879,
      "stdout": "",
      "stderr": "error[E0425]: cannot find function `decagonal` in this scope\n --> /tmp/tmp__b1nc_9.rs:5:19\n  |\n5 |         let num = decagonal(i);\n  |                   ^^^^^^^^^ not found in this scope\n\nerror: aborting due to previous error\n\nFor more information about this error, try `rustc --explain E0425`.\n",
      "exit_code": 1,
      "status": "SyntaxError"
    },
    {
      "program": "/// Write a function to find the nth decagonal number.\nfn is_num_decagonal(n: isize) -> isize {\n    let mut i = 0;\n    let mut j = 0;\n    let mut k = 0;\n    let mut l = 0;\n    let mut m = 0;\n    let mut n = 0;\n    let mut o = 0;\n    let mut p = 0;\n    let mut q = 0;\n    let mut r = 0;\n    let mut s = 0;\n    let mut t = 0;\n    let mut u = 0;\n    let mut v = 0;\n    let mut w = 0;\n    let mut x = 0;\n    let mut y = 0;\n    let mut z = 0;\n    let mut aa = 0;\n    let mut bb = 0;\n    let mut cc = 0;\n    let mut dd = 0;\n    let mut ee = 0;\n    let mut ff = 0;\n    let mut gg = 0;\n    let mut hh = 0;\n    let mut ii = 0;\n    let mut jj = 0;\n    let mut kk = 0;\n    let mut ll = 0;\n    let mut mm = 0;\n    let mut nn = 0;\n    let mut oo = 0;\n    let mut pp = 0;\n    let mut qq = 0;\n    let mut rr = 0;\n    let mut ss = 0;\n    let mut tt = 0;\n    let mut uu = 0;\n    let mut vv = 0;\n    let mut ww = 0;\n    let mut xx = 0;\n    let mut yy = 0;\n    let mut zz = 0;\n    let mut aaa = 0;\n    let mut bbb = 0;\n    let mut ccc = 0;\n    let mut ddd = 0;\n    let mut eee = 0;\n    let mut fff = 0;\n    let mut ggg = 0;\n    let mut hhh = 0;\n    let mut iii = 0;\n    let mut jjj = 0;\n    let mut kkk = 0;\n    let mut lll = 0;\n    let mut mmm = 0;\n    let mut nnn = 0;\n    let mut ooo = 0;\n    let mut ppp = 0;\n}\n\nfn main() {\n    let candidate = is_num_decagonal;\n    assert_eq!(candidate(3), 27);\n    assert_eq!(candidate(7), 175);\n    assert_eq!(candidate(10), 370);\n}\n",
      "timestamp": 1666123873,
      "stdout": "",
      "stderr": "error[E0308]: mismatched types\n --> /tmp/tmprx3afs97.rs:2:34\n  |\n2 | fn is_num_decagonal(n: isize) -> isize {\n  |    ----------------              ^^^^^ expected `isize`, found `()`\n  |    |\n  |    implicitly returns `()` as its body has no tail or `return` expression\n\nerror: aborting due to previous error\n\nFor more information about this error, try `rustc --explain E0308`.\n",
      "exit_code": 1,
      "status": "SyntaxError"
    },
    {
      "program": "/// Write a function to find the nth decagonal number.\nfn is_num_decagonal(n: isize) -> isize {\n    let mut i = 0;\n    loop {\n        let num = i * (3 * i - 1) / 2;\n        if num == n {\n            return i;\n        }\n        if num > n {\n            return -1;\n        }\n        i += 1;\n    }\n}\n\nfn main() {\n    let candidate = is_num_decagonal;\n    assert_eq!(candidate(3), 27);\n    assert_eq!(candidate(7), 175);\n    assert_eq!(candidate(10), 370);\n}\n",
      "timestamp": 1665510609,
      "stdout": "",
      "stderr": "thread 'main' panicked at 'assertion failed: `(left == right)`\n  left: `-1`,\n right: `27`', /tmp/tmpxo386y6f.rs:18:5\nnote: run with `RUST_BACKTRACE=1` environment variable to display a backtrace\n",
      "exit_code": 101,
      "status": "Exception"
    },
    {
      "program": "/// Write a function to find the nth decagonal number.\nfn is_num_decagonal(n: isize) -> isize {\n    let mut i = 0;\n    let mut num = 0;\n    while i < n {\n        i += 1;\n        num = i * (3 * i - 1) / 2;\n    }\n    num\n}\n\nfn main() {\n    let candidate = is_num_decagonal;\n    assert_eq!(candidate(3), 27);\n    assert_eq!(candidate(7), 175);\n    assert_eq!(candidate(10), 370);\n}\n",
      "timestamp": 1665510609,
      "stdout": "",
      "stderr": "thread 'main' panicked at 'assertion failed: `(left == right)`\n  left: `12`,\n right: `27`', /tmp/tmpqw7kqdhm.rs:14:5\nnote: run with `RUST_BACKTRACE=1` environment variable to display a backtrace\n",
      "exit_code": 101,
      "status": "Exception"
    },
    {
      "program": "/// Write a function to find the nth decagonal number.\nfn is_num_decagonal(n: isize) -> isize {\n    let mut i = 0;\n    let mut num = 0;\n    while i < n {\n        num += 1;\n        if is_decagonal(num) {\n            i += 1;\n        }\n    }\n    num\n}\n\nfn main() {\n    let candidate = is_num_decagonal;\n    assert_eq!(candidate(3), 27);\n    assert_eq!(candidate(7), 175);\n    assert_eq!(candidate(10), 370);\n}\n",
      "timestamp": 1665510609,
      "stdout": "",
      "stderr": "error[E0425]: cannot find function `is_decagonal` in this scope\n --> /tmp/tmpe69d_7k8.rs:7:12\n  |\n7 |         if is_decagonal(num) {\n  |            ^^^^^^^^^^^^ not found in this scope\n\nerror: aborting due to previous error\n\nFor more information about this error, try `rustc --explain E0425`.\n",
      "exit_code": 1,
      "status": "SyntaxError"
    },
    {
      "program": "/// Write a function to find the nth decagonal number.\nfn is_num_decagonal(n: isize) -> isize {\n    let mut i = 0;\n    let mut num = 0;\n    while i < n {\n        i += 1;\n        num = i * (3 * i - 1) / 2;\n    }\n    num\n}\n\nfn main() {\n    let candidate = is_num_decagonal;\n    assert_eq!(candidate(3), 27);\n    assert_eq!(candidate(7), 175);\n    assert_eq!(candidate(10), 370);\n}\n",
      "timestamp": 1665510609,
      "stdout": "",
      "stderr": "thread 'main' panicked at 'assertion failed: `(left == right)`\n  left: `12`,\n right: `27`', /tmp/tmpqw7kqdhm.rs:14:5\nnote: run with `RUST_BACKTRACE=1` environment variable to display a backtrace\n",
      "exit_code": 101,
      "status": "Exception"
    },
    {
      "program": "/// Write a function to find the nth decagonal number.\nfn is_num_decagonal(n: isize) -> isize {\n    let mut i = 0;\n    loop {\n        i += 1;\n        let num = i * (3 * i - 2);\n        if num == n {\n            return i;\n        }\n        if num > n {\n            return 0;\n        }\n    }\n}\n\nfn main() {\n    let candidate = is_num_decagonal;\n    assert_eq!(candidate(3), 27);\n    assert_eq!(candidate(7), 175);\n    assert_eq!(candidate(10), 370);\n}\n",
      "timestamp": 1666123874,
      "stdout": "",
      "stderr": "thread 'main' panicked at 'assertion failed: `(left == right)`\n  left: `0`,\n right: `27`', /tmp/tmpfvjdjfwy.rs:18:5\nnote: run with `RUST_BACKTRACE=1` environment variable to display a backtrace\n",
      "exit_code": 101,
      "status": "Exception"
    },
    {
      "program": "/// Write a function to find the nth decagonal number.\nfn is_num_decagonal(n: isize) -> isize {\n    let mut i = 0;\n    loop {\n        let num = i * (3 * i - 1) / 2;\n        if num == n {\n            return i;\n        }\n        if num > n {\n            return 0;\n        }\n        i += 1;\n    }\n}\n\nfn main() {\n    let candidate = is_num_decagonal;\n    assert_eq!(candidate(3), 27);\n    assert_eq!(candidate(7), 175);\n    assert_eq!(candidate(10), 370);\n}\n",
      "timestamp": 1665510609,
      "stdout": "",
      "stderr": "thread 'main' panicked at 'assertion failed: `(left == right)`\n  left: `0`,\n right: `27`', /tmp/tmplf9_fcfj.rs:18:5\nnote: run with `RUST_BACKTRACE=1` environment variable to display a backtrace\n",
      "exit_code": 101,
      "status": "Exception"
    },
    {
      "program": "/// Write a function to find the nth decagonal number.\nfn is_num_decagonal(n: isize) -> isize {\n    let mut i = 0;\n    let mut j = 0;\n    while i < n {\n        j += 1;\n        i = j * (3 * j - 1) / 2;\n    }\n    i\n}\n\nfn main() {\n    let candidate = is_num_decagonal;\n    assert_eq!(candidate(3), 27);\n    assert_eq!(candidate(7), 175);\n    assert_eq!(candidate(10), 370);\n}\n",
      "timestamp": 1666123873,
      "stdout": "",
      "stderr": "thread 'main' panicked at 'assertion failed: `(left == right)`\n  left: `5`,\n right: `27`', /tmp/tmpud42glhp.rs:14:5\nnote: run with `RUST_BACKTRACE=1` environment variable to display a backtrace\n",
      "exit_code": 101,
      "status": "Exception"
    },
    {
      "program": "/// Write a function to find the nth decagonal number.\nfn is_num_decagonal(n: isize) -> isize {\n    let mut i = 0;\n    let mut decagonal = 0;\n    while decagonal < n {\n        i += 1;\n        decagonal = i * (3 * i - 2);\n    }\n    decagonal\n}\n\nfn main() {\n    let candidate = is_num_decagonal;\n    assert_eq!(candidate(3), 27);\n    assert_eq!(candidate(7), 175);\n    assert_eq!(candidate(10), 370);\n}\n",
      "timestamp": 1666123880,
      "stdout": "",
      "stderr": "thread 'main' panicked at 'assertion failed: `(left == right)`\n  left: `8`,\n right: `27`', /tmp/tmp71hc4ojn.rs:14:5\nnote: run with `RUST_BACKTRACE=1` environment variable to display a backtrace\n",
      "exit_code": 101,
      "status": "Exception"
    },
    {
      "program": "/// Write a function to find the nth decagonal number.\nfn is_num_decagonal(n: isize) -> isize {\n    let mut i = 0;\n    let mut num = 0;\n    while num < n {\n        i += 1;\n        num = i * (3 * i - 2);\n    }\n    if num == n {\n        i\n    } else {\n        -1\n    }\n}\n\nfn main() {\n    let candidate = is_num_decagonal;\n    assert_eq!(candidate(3), 27);\n    assert_eq!(candidate(7), 175);\n    assert_eq!(candidate(10), 370);\n}\n",
      "timestamp": 1666123880,
      "stdout": "",
      "stderr": "thread 'main' panicked at 'assertion failed: `(left == right)`\n  left: `-1`,\n right: `27`', /tmp/tmpu73mcrag.rs:18:5\nnote: run with `RUST_BACKTRACE=1` environment variable to display a backtrace\n",
      "exit_code": 101,
      "status": "Exception"
    },
    {
      "program": "/// Write a function to find the nth decagonal number.\nfn is_num_decagonal(n: isize) -> isize {\n    let mut i = 0;\n    let mut num = 0;\n    loop {\n        i += 1;\n        num = i * (3 * i - 1) / 2;\n        if num == n {\n            return i;\n        }\n        if num > n {\n            return 0;\n        }\n    }\n}\n\nfn main() {\n    let candidate = is_num_decagonal;\n    assert_eq!(candidate(3), 27);\n    assert_eq!(candidate(7), 175);\n    assert_eq!(candidate(10), 370);\n}\n",
      "timestamp": 1666123880,
      "stdout": "",
      "stderr": "thread 'main' panicked at 'assertion failed: `(left == right)`\n  left: `0`,\n right: `27`', /tmp/tmpomxv6_fq.rs:19:5\nnote: run with `RUST_BACKTRACE=1` environment variable to display a backtrace\n",
      "exit_code": 101,
      "status": "Exception"
    },
    {
      "program": "/// Write a function to find the nth decagonal number.\nfn is_num_decagonal(n: isize) -> isize {\n    let mut i = 0;\n    let mut num = 0;\n    while i < n {\n        i += 1;\n        num = i * (3 * i - 1) / 2;\n    }\n    num\n}\n\nfn main() {\n    let candidate = is_num_decagonal;\n    assert_eq!(candidate(3), 27);\n    assert_eq!(candidate(7), 175);\n    assert_eq!(candidate(10), 370);\n}\n",
      "timestamp": 1665510609,
      "stdout": "",
      "stderr": "thread 'main' panicked at 'assertion failed: `(left == right)`\n  left: `12`,\n right: `27`', /tmp/tmpqw7kqdhm.rs:14:5\nnote: run with `RUST_BACKTRACE=1` environment variable to display a backtrace\n",
      "exit_code": 101,
      "status": "Exception"
    },
    {
      "program": "/// Write a function to find the nth decagonal number.\nfn is_num_decagonal(n: isize) -> isize {\n    let mut i = 1;\n    let mut decagonal = 0;\n    loop {\n        decagonal = i * (3 * i - 1) / 2;\n        if decagonal == n {\n            return i;\n        }\n        i += 1;\n    }\n}\n\nfn main() {\n    let candidate = is_num_decagonal;\n    assert_eq!(candidate(3), 27);\n    assert_eq!(candidate(7), 175);\n    assert_eq!(candidate(10), 370);\n}\n",
      "timestamp": 1666123885,
      "stdout": "",
      "stderr": "",
      "exit_code": -1,
      "status": "Timeout"
    },
    {
      "program": "/// Write a function to find the nth decagonal number.\nfn is_num_decagonal(n: isize) -> isize {\n    let mut i = 0;\n    let mut num = 0;\n    while i <= n {\n        num = i * (3 * i - 1) / 2;\n        i += 1;\n    }\n    num\n}\n\nfn main() {\n    let candidate = is_num_decagonal;\n    assert_eq!(candidate(3), 27);\n    assert_eq!(candidate(7), 175);\n    assert_eq!(candidate(10), 370);\n}\n",
      "timestamp": 1666123874,
      "stdout": "",
      "stderr": "thread 'main' panicked at 'assertion failed: `(left == right)`\n  left: `12`,\n right: `27`', /tmp/tmpqzze8ujn.rs:14:5\nnote: run with `RUST_BACKTRACE=1` environment variable to display a backtrace\n",
      "exit_code": 101,
      "status": "Exception"
    },
    {
      "program": "/// Write a function to find the nth decagonal number.\nfn is_num_decagonal(n: isize) -> isize {\n    let mut i = 1;\n    let mut num = 1;\n    while i < n {\n        num += 3 * i + 1;\n        i += 1;\n    }\n    num\n}\n\nfn main() {\n    let candidate = is_num_decagonal;\n    assert_eq!(candidate(3), 27);\n    assert_eq!(candidate(7), 175);\n    assert_eq!(candidate(10), 370);\n}\n",
      "timestamp": 1665510609,
      "stdout": "",
      "stderr": "thread 'main' panicked at 'assertion failed: `(left == right)`\n  left: `12`,\n right: `27`', /tmp/tmptvtw5fhy.rs:14:5\nnote: run with `RUST_BACKTRACE=1` environment variable to display a backtrace\n",
      "exit_code": 101,
      "status": "Exception"
    },
    {
      "program": "/// Write a function to find the nth decagonal number.\nfn is_num_decagonal(n: isize) -> isize {\n    let mut i = 1;\n    let mut j = 1;\n    while i < n {\n        j += 1;\n        i = j * (3 * j - 1) / 2;\n    }\n    if i == n {\n        return j;\n    }\n    return 0;\n}\n\nfn main() {\n    let candidate = is_num_decagonal;\n    assert_eq!(candidate(3), 27);\n    assert_eq!(candidate(7), 175);\n    assert_eq!(candidate(10), 370);\n}\n",
      "timestamp": 1666123880,
      "stdout": "",
      "stderr": "thread 'main' panicked at 'assertion failed: `(left == right)`\n  left: `0`,\n right: `27`', /tmp/tmpj24d8p67.rs:17:5\nnote: run with `RUST_BACKTRACE=1` environment variable to display a backtrace\n",
      "exit_code": 101,
      "status": "Exception"
    },
    {
      "program": "/// Write a function to find the nth decagonal number.\nfn is_num_decagonal(n: isize) -> isize {\n    let mut i = 0;\n    let mut num = 0;\n    while num < n {\n        i += 1;\n        num = i * (3 * i - 1) / 2;\n    }\n    if num == n {\n        return i;\n    }\n    -1\n}\n\nfn main() {\n    let candidate = is_num_decagonal;\n    assert_eq!(candidate(3), 27);\n    assert_eq!(candidate(7), 175);\n    assert_eq!(candidate(10), 370);\n}\n",
      "timestamp": 1666123880,
      "stdout": "",
      "stderr": "thread 'main' panicked at 'assertion failed: `(left == right)`\n  left: `-1`,\n right: `27`', /tmp/tmpl6fdnukx.rs:17:5\nnote: run with `RUST_BACKTRACE=1` environment variable to display a backtrace\n",
      "exit_code": 101,
      "status": "Exception"
    },
    {
      "program": "/// Write a function to find the nth decagonal number.\nfn is_num_decagonal(n: isize) -> isize {\n    let mut i = 0;\n    let mut num = 0;\n    while i < n {\n        num += 1;\n        if is_decagonal(num) {\n            i += 1;\n        }\n    }\n    num\n}\n\nfn main() {\n    let candidate = is_num_decagonal;\n    assert_eq!(candidate(3), 27);\n    assert_eq!(candidate(7), 175);\n    assert_eq!(candidate(10), 370);\n}\n",
      "timestamp": 1665510609,
      "stdout": "",
      "stderr": "error[E0425]: cannot find function `is_decagonal` in this scope\n --> /tmp/tmpe69d_7k8.rs:7:12\n  |\n7 |         if is_decagonal(num) {\n  |            ^^^^^^^^^^^^ not found in this scope\n\nerror: aborting due to previous error\n\nFor more information about this error, try `rustc --explain E0425`.\n",
      "exit_code": 1,
      "status": "SyntaxError"
    },
    {
      "program": "/// Write a function to find the nth decagonal number.\nfn is_num_decagonal(n: isize) -> isize {\n    let mut i = 0;\n    loop {\n        let num = i * (3 * i - 1) / 2;\n        if num == n {\n            return i;\n        } else if num > n {\n            return -1;\n        }\n        i += 1;\n    }\n}\n\nfn main() {\n    let candidate = is_num_decagonal;\n    assert_eq!(candidate(3), 27);\n    assert_eq!(candidate(7), 175);\n    assert_eq!(candidate(10), 370);\n}\n",
      "timestamp": 1665510609,
      "stdout": "",
      "stderr": "thread 'main' panicked at 'assertion failed: `(left == right)`\n  left: `-1`,\n right: `27`', /tmp/tmpe321v2yr.rs:17:5\nnote: run with `RUST_BACKTRACE=1` environment variable to display a backtrace\n",
      "exit_code": 101,
      "status": "Exception"
    },
    {
      "program": "/// Write a function to find the nth decagonal number.\nfn is_num_decagonal(n: isize) -> isize {\n    let mut i = 0;\n    let mut num = 0;\n    while i < n {\n        num += 1;\n        if is_decagonal(num) {\n            i += 1;\n        }\n    }\n    num\n}\n\nfn main() {\n    let candidate = is_num_decagonal;\n    assert_eq!(candidate(3), 27);\n    assert_eq!(candidate(7), 175);\n    assert_eq!(candidate(10), 370);\n}\n",
      "timestamp": 1665510609,
      "stdout": "",
      "stderr": "error[E0425]: cannot find function `is_decagonal` in this scope\n --> /tmp/tmpe69d_7k8.rs:7:12\n  |\n7 |         if is_decagonal(num) {\n  |            ^^^^^^^^^^^^ not found in this scope\n\nerror: aborting due to previous error\n\nFor more information about this error, try `rustc --explain E0425`.\n",
      "exit_code": 1,
      "status": "SyntaxError"
    },
    {
      "program": "/// Write a function to find the nth decagonal number.\nfn is_num_decagonal(n: isize) -> isize {\n    let mut i = 0;\n    let mut num = 0;\n    while i < n {\n        num += 1;\n        if is_pentagonal(decagonal(num)) {\n            i += 1;\n        }\n    }\n    decagonal(num)\n}\n\nfn main() {\n    let candidate = is_num_decagonal;\n    assert_eq!(candidate(3), 27);\n    assert_eq!(candidate(7), 175);\n    assert_eq!(candidate(10), 370);\n}\n",
      "timestamp": 1666123880,
      "stdout": "",
      "stderr": "error[E0425]: cannot find function `is_pentagonal` in this scope\n --> /tmp/tmptxwq9c5i.rs:7:12\n  |\n7 |         if is_pentagonal(decagonal(num)) {\n  |            ^^^^^^^^^^^^^ not found in this scope\n\nerror[E0425]: cannot find function `decagonal` in this scope\n --> /tmp/tmptxwq9c5i.rs:7:26\n  |\n7 |         if is_pentagonal(decagonal(num)) {\n  |                          ^^^^^^^^^ not found in this scope\n\nerror[E0425]: cannot find function `decagonal` in this scope\n  --> /tmp/tmptxwq9c5i.rs:11:5\n   |\n11 |     decagonal(num)\n   |     ^^^^^^^^^ not found in this scope\n\nerror: aborting due to 3 previous errors\n\nFor more information about this error, try `rustc --explain E0425`.\n",
      "exit_code": 1,
      "status": "SyntaxError"
    },
    {
      "program": "/// Write a function to find the nth decagonal number.\nfn is_num_decagonal(n: isize) -> isize {\n    let mut i = 1;\n    let mut num = 1;\n    while i < n {\n        num += 3 * i + 1;\n        i += 1;\n    }\n    num\n}\n\nfn main() {\n    let candidate = is_num_decagonal;\n    assert_eq!(candidate(3), 27);\n    assert_eq!(candidate(7), 175);\n    assert_eq!(candidate(10), 370);\n}\n",
      "timestamp": 1665510609,
      "stdout": "",
      "stderr": "thread 'main' panicked at 'assertion failed: `(left == right)`\n  left: `12`,\n right: `27`', /tmp/tmptvtw5fhy.rs:14:5\nnote: run with `RUST_BACKTRACE=1` environment variable to display a backtrace\n",
      "exit_code": 101,
      "status": "Exception"
    },
    {
      "program": "/// Write a function to find the nth decagonal number.\nfn is_num_decagonal(n: isize) -> isize {\n    let mut i = 0;\n    let mut num = 0;\n    while i <= n {\n        num += 1;\n        if is_decagonal(num) {\n            i += 1;\n        }\n    }\n    num\n}\n\nfn main() {\n    let candidate = is_num_decagonal;\n    assert_eq!(candidate(3), 27);\n    assert_eq!(candidate(7), 175);\n    assert_eq!(candidate(10), 370);\n}\n",
      "timestamp": 1666123880,
      "stdout": "",
      "stderr": "error[E0425]: cannot find function `is_decagonal` in this scope\n --> /tmp/tmp05cc57m7.rs:7:12\n  |\n7 |         if is_decagonal(num) {\n  |            ^^^^^^^^^^^^ not found in this scope\n\nerror: aborting due to previous error\n\nFor more information about this error, try `rustc --explain E0425`.\n",
      "exit_code": 1,
      "status": "SyntaxError"
    },
    {
      "program": "/// Write a function to find the nth decagonal number.\nfn is_num_decagonal(n: isize) -> isize {\n    let mut i = 1;\n    let mut num = 0;\n    while num < n {\n        num = i * (3 * i - 1) / 2;\n        i += 1;\n    }\n    num\n}\n\nfn main() {\n    let candidate = is_num_decagonal;\n    assert_eq!(candidate(3), 27);\n    assert_eq!(candidate(7), 175);\n    assert_eq!(candidate(10), 370);\n}\n",
      "timestamp": 1665510609,
      "stdout": "",
      "stderr": "thread 'main' panicked at 'assertion failed: `(left == right)`\n  left: `5`,\n right: `27`', /tmp/tmpj80kznjb.rs:14:5\nnote: run with `RUST_BACKTRACE=1` environment variable to display a backtrace\n",
      "exit_code": 101,
      "status": "Exception"
    },
    {
      "program": "/// Write a function to find the nth decagonal number.\nfn is_num_decagonal(n: isize) -> isize {\n    let mut i = 1;\n    let mut decagonal = 0;\n    while decagonal < n {\n        decagonal = i * (3 * i - 1) / 2;\n        i += 1;\n    }\n    decagonal\n}\n\nfn main() {\n    let candidate = is_num_decagonal;\n    assert_eq!(candidate(3), 27);\n    assert_eq!(candidate(7), 175);\n    assert_eq!(candidate(10), 370);\n}\n",
      "timestamp": 1665510609,
      "stdout": "",
      "stderr": "thread 'main' panicked at 'assertion failed: `(left == right)`\n  left: `5`,\n right: `27`', /tmp/tmpey9v37ae.rs:14:5\nnote: run with `RUST_BACKTRACE=1` environment variable to display a backtrace\n",
      "exit_code": 101,
      "status": "Exception"
    },
    {
      "program": "/// Write a function to find the nth decagonal number.\nfn is_num_decagonal(n: isize) -> isize {\n    let mut i = 0;\n    let mut j = 0;\n    while j < n {\n        i += 1;\n        j = i * (3 * i - 1) / 2;\n    }\n    j\n}\n\nfn main() {\n    let candidate = is_num_decagonal;\n    assert_eq!(candidate(3), 27);\n    assert_eq!(candidate(7), 175);\n    assert_eq!(candidate(10), 370);\n}\n",
      "timestamp": 1666123880,
      "stdout": "",
      "stderr": "thread 'main' panicked at 'assertion failed: `(left == right)`\n  left: `5`,\n right: `27`', /tmp/tmpry6lpmtc.rs:14:5\nnote: run with `RUST_BACKTRACE=1` environment variable to display a backtrace\n",
      "exit_code": 101,
      "status": "Exception"
    },
    {
      "program": "/// Write a function to find the nth decagonal number.\nfn is_num_decagonal(n: isize) -> isize {\n    let mut i = 0;\n    let mut j = 0;\n    while i < n {\n        j += 1;\n        i = j * (3 * j - 1) / 2;\n    }\n    i\n}\n\nfn main() {\n    let candidate = is_num_decagonal;\n    assert_eq!(candidate(3), 27);\n    assert_eq!(candidate(7), 175);\n    assert_eq!(candidate(10), 370);\n}\n",
      "timestamp": 1666123873,
      "stdout": "",
      "stderr": "thread 'main' panicked at 'assertion failed: `(left == right)`\n  left: `5`,\n right: `27`', /tmp/tmpud42glhp.rs:14:5\nnote: run with `RUST_BACKTRACE=1` environment variable to display a backtrace\n",
      "exit_code": 101,
      "status": "Exception"
    },
    {
      "program": "/// Write a function to find the nth decagonal number.\nfn is_num_decagonal(n: isize) -> isize {\n    let mut i = 0;\n    let mut decagonal = 0;\n    while decagonal < n {\n        i += 1;\n        decagonal = i * (3 * i - 1) / 2;\n    }\n    if decagonal == n {\n        return i;\n    }\n    return -1;\n}\n\nfn main() {\n    let candidate = is_num_decagonal;\n    assert_eq!(candidate(3), 27);\n    assert_eq!(candidate(7), 175);\n    assert_eq!(candidate(10), 370);\n}\n",
      "timestamp": 1666123880,
      "stdout": "",
      "stderr": "thread 'main' panicked at 'assertion failed: `(left == right)`\n  left: `-1`,\n right: `27`', /tmp/tmp0v6xeevf.rs:17:5\nnote: run with `RUST_BACKTRACE=1` environment variable to display a backtrace\n",
      "exit_code": 101,
      "status": "Exception"
    },
    {
      "program": "/// Write a function to find the nth decagonal number.\nfn is_num_decagonal(n: isize) -> isize {\n    let mut i = 0;\n    let mut decagonal = 0;\n    while decagonal < n {\n        i += 1;\n        decagonal = i * (3 * i - 1) / 2;\n    }\n    decagonal\n}\n\nfn main() {\n    let candidate = is_num_decagonal;\n    assert_eq!(candidate(3), 27);\n    assert_eq!(candidate(7), 175);\n    assert_eq!(candidate(10), 370);\n}\n",
      "timestamp": 1666123873,
      "stdout": "",
      "stderr": "thread 'main' panicked at 'assertion failed: `(left == right)`\n  left: `5`,\n right: `27`', /tmp/tmpxgsca60n.rs:14:5\nnote: run with `RUST_BACKTRACE=1` environment variable to display a backtrace\n",
      "exit_code": 101,
      "status": "Exception"
    },
    {
      "program": "/// Write a function to find the nth decagonal number.\nfn is_num_decagonal(n: isize) -> isize {\n    let mut i = 1;\n    let mut num = 0;\n    while i <= n {\n        num += i * 10;\n        i += 1;\n    }\n    num\n}\n\nfn main() {\n    let candidate = is_num_decagonal;\n    assert_eq!(candidate(3), 27);\n    assert_eq!(candidate(7), 175);\n    assert_eq!(candidate(10), 370);\n}\n",
      "timestamp": 1666123873,
      "stdout": "",
      "stderr": "thread 'main' panicked at 'assertion failed: `(left == right)`\n  left: `60`,\n right: `27`', /tmp/tmpkq7kt55t.rs:14:5\nnote: run with `RUST_BACKTRACE=1` environment variable to display a backtrace\n",
      "exit_code": 101,
      "status": "Exception"
    },
    {
      "program": "/// Write a function to find the nth decagonal number.\nfn is_num_decagonal(n: isize) -> isize {\n    let mut n = n;\n    let mut i = 1;\n    while n > 0 {\n        n -= i * 10;\n        i += 1;\n    }\n    if n == 0 {\n        return i - 1;\n    }\n    return 0;\n}\n\nfn main() {\n    let candidate = is_num_decagonal;\n    assert_eq!(candidate(3), 27);\n    assert_eq!(candidate(7), 175);\n    assert_eq!(candidate(10), 370);\n}\n",
      "timestamp": 1666123880,
      "stdout": "",
      "stderr": "thread 'main' panicked at 'assertion failed: `(left == right)`\n  left: `0`,\n right: `27`', /tmp/tmpcydi5lmx.rs:17:5\nnote: run with `RUST_BACKTRACE=1` environment variable to display a backtrace\n",
      "exit_code": 101,
      "status": "Exception"
    },
    {
      "program": "/// Write a function to find the nth decagonal number.\nfn is_num_decagonal(n: isize) -> isize {\n    let mut i = 0;\n    loop {\n        i += 1;\n        let decagonal = i * (3 * i - 1) / 2;\n        if decagonal == n {\n            return i;\n        }\n        if decagonal > n {\n            return 0;\n        }\n    }\n}\n\nfn main() {\n    let candidate = is_num_decagonal;\n    assert_eq!(candidate(3), 27);\n    assert_eq!(candidate(7), 175);\n    assert_eq!(candidate(10), 370);\n}\n",
      "timestamp": 1666123880,
      "stdout": "",
      "stderr": "thread 'main' panicked at 'assertion failed: `(left == right)`\n  left: `0`,\n right: `27`', /tmp/tmpmyrr_44r.rs:18:5\nnote: run with `RUST_BACKTRACE=1` environment variable to display a backtrace\n",
      "exit_code": 101,
      "status": "Exception"
    },
    {
      "program": "/// Write a function to find the nth decagonal number.\nfn is_num_decagonal(n: isize) -> isize {\n    let mut i = 1;\n    let mut num = 1;\n    while i < n {\n        num += 3;\n        if is_pentagonal(num) && is_triangular(num) {\n            i += 1;\n        }\n    }\n    num\n}\n\nfn main() {\n    let candidate = is_num_decagonal;\n    assert_eq!(candidate(3), 27);\n    assert_eq!(candidate(7), 175);\n    assert_eq!(candidate(10), 370);\n}\n",
      "timestamp": 1665510609,
      "stdout": "",
      "stderr": "error[E0425]: cannot find function `is_pentagonal` in this scope\n --> /tmp/tmpm7supv0r.rs:7:12\n  |\n7 |         if is_pentagonal(num) && is_triangular(num) {\n  |            ^^^^^^^^^^^^^ not found in this scope\n\nerror[E0425]: cannot find function `is_triangular` in this scope\n --> /tmp/tmpm7supv0r.rs:7:34\n  |\n7 |         if is_pentagonal(num) && is_triangular(num) {\n  |                                  ^^^^^^^^^^^^^ not found in this scope\n\nerror: aborting due to 2 previous errors\n\nFor more information about this error, try `rustc --explain E0425`.\n",
      "exit_code": 1,
      "status": "SyntaxError"
    },
    {
      "program": "/// Write a function to find the nth decagonal number.\nfn is_num_decagonal(n: isize) -> isize {\n    let mut i = 0;\n    loop {\n        let num = i * (3 * i - 1) / 2;\n        if num == n {\n            return i;\n        }\n        i += 1;\n    }\n}\n\nfn main() {\n    let candidate = is_num_decagonal;\n    assert_eq!(candidate(3), 27);\n    assert_eq!(candidate(7), 175);\n    assert_eq!(candidate(10), 370);\n}\n",
      "timestamp": 1665510614,
      "stdout": "",
      "stderr": "",
      "exit_code": -1,
      "status": "Timeout"
    },
    {
      "program": "/// Write a function to find the nth decagonal number.\nfn is_num_decagonal(n: isize) -> isize {\n    let mut i = 1;\n    let mut num = 1;\n    while i < n {\n        num += 3 * i + 1;\n        i += 1;\n    }\n    num\n}\n\nfn main() {\n    let candidate = is_num_decagonal;\n    assert_eq!(candidate(3), 27);\n    assert_eq!(candidate(7), 175);\n    assert_eq!(candidate(10), 370);\n}\n",
      "timestamp": 1665510609,
      "stdout": "",
      "stderr": "thread 'main' panicked at 'assertion failed: `(left == right)`\n  left: `12`,\n right: `27`', /tmp/tmptvtw5fhy.rs:14:5\nnote: run with `RUST_BACKTRACE=1` environment variable to display a backtrace\n",
      "exit_code": 101,
      "status": "Exception"
    },
    {
      "program": "/// Write a function to find the nth decagonal number.\nfn is_num_decagonal(n: isize) -> isize {\n    let mut i = 1;\n    let mut decagonal = 1;\n    while i < n {\n        decagonal += 3 * i + 2;\n        i += 1;\n    }\n    decagonal\n}\n\nfn main() {\n    let candidate = is_num_decagonal;\n    assert_eq!(candidate(3), 27);\n    assert_eq!(candidate(7), 175);\n    assert_eq!(candidate(10), 370);\n}\n",
      "timestamp": 1666123873,
      "stdout": "",
      "stderr": "thread 'main' panicked at 'assertion failed: `(left == right)`\n  left: `14`,\n right: `27`', /tmp/tmpueaxa22p.rs:14:5\nnote: run with `RUST_BACKTRACE=1` environment variable to display a backtrace\n",
      "exit_code": 101,
      "status": "Exception"
    },
    {
      "program": "/// Write a function to find the nth decagonal number.\nfn is_num_decagonal(n: isize) -> isize {\n    let mut i = 0;\n    let mut num = 0;\n    while i < n {\n        i += 1;\n        num = i * (3 * i - 1) / 2;\n    }\n    num\n}\n\nfn main() {\n    let candidate = is_num_decagonal;\n    assert_eq!(candidate(3), 27);\n    assert_eq!(candidate(7), 175);\n    assert_eq!(candidate(10), 370);\n}\n",
      "timestamp": 1665510609,
      "stdout": "",
      "stderr": "thread 'main' panicked at 'assertion failed: `(left == right)`\n  left: `12`,\n right: `27`', /tmp/tmpqw7kqdhm.rs:14:5\nnote: run with `RUST_BACKTRACE=1` environment variable to display a backtrace\n",
      "exit_code": 101,
      "status": "Exception"
    },
    {
      "program": "/// Write a function to find the nth decagonal number.\nfn is_num_decagonal(n: isize) -> isize {\n    let mut i = 0;\n    let mut j = 0;\n    while i < n {\n        j += 1;\n        i = j * (3 * j - 1) / 2;\n    }\n    i\n}\n\nfn main() {\n    let candidate = is_num_decagonal;\n    assert_eq!(candidate(3), 27);\n    assert_eq!(candidate(7), 175);\n    assert_eq!(candidate(10), 370);\n}\n",
      "timestamp": 1666123873,
      "stdout": "",
      "stderr": "thread 'main' panicked at 'assertion failed: `(left == right)`\n  left: `5`,\n right: `27`', /tmp/tmpud42glhp.rs:14:5\nnote: run with `RUST_BACKTRACE=1` environment variable to display a backtrace\n",
      "exit_code": 101,
      "status": "Exception"
    },
    {
      "program": "/// Write a function to find the nth decagonal number.\nfn is_num_decagonal(n: isize) -> isize {\n    let mut i: isize = 1;\n    let mut num: isize = 1;\n    while i < n {\n        num += 10;\n        if is_pentagonal(num) {\n            i += 1;\n        }\n    }\n    num\n}\n\nfn main() {\n    let candidate = is_num_decagonal;\n    assert_eq!(candidate(3), 27);\n    assert_eq!(candidate(7), 175);\n    assert_eq!(candidate(10), 370);\n}\n",
      "timestamp": 1666123880,
      "stdout": "",
      "stderr": "error[E0425]: cannot find function `is_pentagonal` in this scope\n --> /tmp/tmpx8hzrg9s.rs:7:12\n  |\n7 |         if is_pentagonal(num) {\n  |            ^^^^^^^^^^^^^ not found in this scope\n\nerror: aborting due to previous error\n\nFor more information about this error, try `rustc --explain E0425`.\n",
      "exit_code": 1,
      "status": "SyntaxError"
    },
    {
      "program": "/// Write a function to find the nth decagonal number.\nfn is_num_decagonal(n: isize) -> isize {\n    let mut i = 0;\n    loop {\n        let decagonal = i * (3 * i - 1) / 2;\n        if decagonal == n {\n            return i;\n        }\n        if decagonal > n {\n            return -1;\n        }\n        i += 1;\n    }\n}\n\nfn main() {\n    let candidate = is_num_decagonal;\n    assert_eq!(candidate(3), 27);\n    assert_eq!(candidate(7), 175);\n    assert_eq!(candidate(10), 370);\n}\n",
      "timestamp": 1665510609,
      "stdout": "",
      "stderr": "thread 'main' panicked at 'assertion failed: `(left == right)`\n  left: `-1`,\n right: `27`', /tmp/tmp531_yewa.rs:18:5\nnote: run with `RUST_BACKTRACE=1` environment variable to display a backtrace\n",
      "exit_code": 101,
      "status": "Exception"
    },
    {
      "program": "/// Write a function to find the nth decagonal number.\nfn is_num_decagonal(n: isize) -> isize {\n    let mut i = 0;\n    let mut decagonal = 0;\n    while decagonal < n {\n        i += 1;\n        decagonal = i * (3 * i - 2);\n    }\n    if decagonal == n {\n        i\n    } else {\n        0\n    }\n}\n\nfn main() {\n    let candidate = is_num_decagonal;\n    assert_eq!(candidate(3), 27);\n    assert_eq!(candidate(7), 175);\n    assert_eq!(candidate(10), 370);\n}\n",
      "timestamp": 1666123880,
      "stdout": "",
      "stderr": "thread 'main' panicked at 'assertion failed: `(left == right)`\n  left: `0`,\n right: `27`', /tmp/tmpmzd2mj30.rs:18:5\nnote: run with `RUST_BACKTRACE=1` environment variable to display a backtrace\n",
      "exit_code": 101,
      "status": "Exception"
    },
    {
      "program": "/// Write a function to find the nth decagonal number.\nfn is_num_decagonal(n: isize) -> isize {\n    let mut n = n;\n    let mut i = 1;\n    let mut num = 0;\n    while n > 0 {\n        num = i * (3 * i - 1) / 2;\n        n -= 1;\n        i += 1;\n    }\n    num\n}\n\nfn main() {\n    let candidate = is_num_decagonal;\n    assert_eq!(candidate(3), 27);\n    assert_eq!(candidate(7), 175);\n    assert_eq!(candidate(10), 370);\n}\n",
      "timestamp": 1666123880,
      "stdout": "",
      "stderr": "thread 'main' panicked at 'assertion failed: `(left == right)`\n  left: `12`,\n right: `27`', /tmp/tmpwlb8gaw2.rs:16:5\nnote: run with `RUST_BACKTRACE=1` environment variable to display a backtrace\n",
      "exit_code": 101,
      "status": "Exception"
    },
    {
      "program": "/// Write a function to find the nth decagonal number.\nfn is_num_decagonal(n: isize) -> isize {\n    let mut i = 0;\n    let mut num = 0;\n    while i < n {\n        i += 1;\n        num = i * (3 * i - 1) / 2;\n    }\n    num\n}\n\nfn main() {\n    let candidate = is_num_decagonal;\n    assert_eq!(candidate(3), 27);\n    assert_eq!(candidate(7), 175);\n    assert_eq!(candidate(10), 370);\n}\n",
      "timestamp": 1665510609,
      "stdout": "",
      "stderr": "thread 'main' panicked at 'assertion failed: `(left == right)`\n  left: `12`,\n right: `27`', /tmp/tmpqw7kqdhm.rs:14:5\nnote: run with `RUST_BACKTRACE=1` environment variable to display a backtrace\n",
      "exit_code": 101,
      "status": "Exception"
    },
    {
      "program": "/// Write a function to find the nth decagonal number.\nfn is_num_decagonal(n: isize) -> isize {\n    let mut i = 0;\n    let mut num = 0;\n    while i < n {\n        num += 1;\n        if is_decagonal(num) {\n            i += 1;\n        }\n    }\n    num\n}\n\nfn main() {\n    let candidate = is_num_decagonal;\n    assert_eq!(candidate(3), 27);\n    assert_eq!(candidate(7), 175);\n    assert_eq!(candidate(10), 370);\n}\n",
      "timestamp": 1665510609,
      "stdout": "",
      "stderr": "error[E0425]: cannot find function `is_decagonal` in this scope\n --> /tmp/tmpe69d_7k8.rs:7:12\n  |\n7 |         if is_decagonal(num) {\n  |            ^^^^^^^^^^^^ not found in this scope\n\nerror: aborting due to previous error\n\nFor more information about this error, try `rustc --explain E0425`.\n",
      "exit_code": 1,
      "status": "SyntaxError"
    },
    {
      "program": "/// Write a function to find the nth decagonal number.\nfn is_num_decagonal(n: isize) -> isize {\n    let mut i = 1;\n    let mut decagonal = 0;\n    while decagonal < n {\n        decagonal = i * (3 * i - 1) / 2;\n        i += 1;\n    }\n    decagonal\n}\n\nfn main() {\n    let candidate = is_num_decagonal;\n    assert_eq!(candidate(3), 27);\n    assert_eq!(candidate(7), 175);\n    assert_eq!(candidate(10), 370);\n}\n",
      "timestamp": 1665510609,
      "stdout": "",
      "stderr": "thread 'main' panicked at 'assertion failed: `(left == right)`\n  left: `5`,\n right: `27`', /tmp/tmpey9v37ae.rs:14:5\nnote: run with `RUST_BACKTRACE=1` environment variable to display a backtrace\n",
      "exit_code": 101,
      "status": "Exception"
    },
    {
      "program": "/// Write a function to find the nth decagonal number.\nfn is_num_decagonal(n: isize) -> isize {\n    let mut i = 1;\n    let mut num = 1;\n    while i < n {\n        num += 3;\n        if is_pentagonal(num) && is_hexagonal(num) {\n            i += 1;\n        }\n    }\n    num\n}\n\nfn main() {\n    let candidate = is_num_decagonal;\n    assert_eq!(candidate(3), 27);\n    assert_eq!(candidate(7), 175);\n    assert_eq!(candidate(10), 370);\n}\n",
      "timestamp": 1666123873,
      "stdout": "",
      "stderr": "error[E0425]: cannot find function `is_pentagonal` in this scope\n --> /tmp/tmpg6hbv2j6.rs:7:12\n  |\n7 |         if is_pentagonal(num) && is_hexagonal(num) {\n  |            ^^^^^^^^^^^^^ not found in this scope\n\nerror[E0425]: cannot find function `is_hexagonal` in this scope\n --> /tmp/tmpg6hbv2j6.rs:7:34\n  |\n7 |         if is_pentagonal(num) && is_hexagonal(num) {\n  |                                  ^^^^^^^^^^^^ not found in this scope\n\nerror: aborting due to 2 previous errors\n\nFor more information about this error, try `rustc --explain E0425`.\n",
      "exit_code": 1,
      "status": "SyntaxError"
    },
    {
      "program": "/// Write a function to find the nth decagonal number.\nfn is_num_decagonal(n: isize) -> isize {\n    let mut i = 0;\n    let mut decagonal = 0;\n    while decagonal < n {\n        i += 1;\n        decagonal = i * (3 * i - 1) / 2;\n    }\n    if decagonal == n {\n        return i;\n    }\n    return -1;\n}\n\nfn main() {\n    let candidate = is_num_decagonal;\n    assert_eq!(candidate(3), 27);\n    assert_eq!(candidate(7), 175);\n    assert_eq!(candidate(10), 370);\n}\n",
      "timestamp": 1666123880,
      "stdout": "",
      "stderr": "thread 'main' panicked at 'assertion failed: `(left == right)`\n  left: `-1`,\n right: `27`', /tmp/tmp0v6xeevf.rs:17:5\nnote: run with `RUST_BACKTRACE=1` environment variable to display a backtrace\n",
      "exit_code": 101,
      "status": "Exception"
    },
    {
      "program": "/// Write a function to find the nth decagonal number.\nfn is_num_decagonal(n: isize) -> isize {\n    let mut i = 1;\n    let mut num = 1;\n    while i < n {\n        num += 3;\n        if is_pentagonal(num) && is_hexagonal(num) {\n            i += 1;\n        }\n    }\n    num\n}\n\nfn main() {\n    let candidate = is_num_decagonal;\n    assert_eq!(candidate(3), 27);\n    assert_eq!(candidate(7), 175);\n    assert_eq!(candidate(10), 370);\n}\n",
      "timestamp": 1666123873,
      "stdout": "",
      "stderr": "error[E0425]: cannot find function `is_pentagonal` in this scope\n --> /tmp/tmpg6hbv2j6.rs:7:12\n  |\n7 |         if is_pentagonal(num) && is_hexagonal(num) {\n  |            ^^^^^^^^^^^^^ not found in this scope\n\nerror[E0425]: cannot find function `is_hexagonal` in this scope\n --> /tmp/tmpg6hbv2j6.rs:7:34\n  |\n7 |         if is_pentagonal(num) && is_hexagonal(num) {\n  |                                  ^^^^^^^^^^^^ not found in this scope\n\nerror: aborting due to 2 previous errors\n\nFor more information about this error, try `rustc --explain E0425`.\n",
      "exit_code": 1,
      "status": "SyntaxError"
    },
    {
      "program": "/// Write a function to find the nth decagonal number.\nfn is_num_decagonal(n: isize) -> isize {\n    let mut i = 1;\n    let mut num = 1;\n    while i < n {\n        num += 3 * i + 1;\n        i += 1;\n    }\n    num\n}\n\nfn main() {\n    let candidate = is_num_decagonal;\n    assert_eq!(candidate(3), 27);\n    assert_eq!(candidate(7), 175);\n    assert_eq!(candidate(10), 370);\n}\n",
      "timestamp": 1665510609,
      "stdout": "",
      "stderr": "thread 'main' panicked at 'assertion failed: `(left == right)`\n  left: `12`,\n right: `27`', /tmp/tmptvtw5fhy.rs:14:5\nnote: run with `RUST_BACKTRACE=1` environment variable to display a backtrace\n",
      "exit_code": 101,
      "status": "Exception"
    },
    {
      "program": "/// Write a function to find the nth decagonal number.\nfn is_num_decagonal(n: isize) -> isize {\n    let mut i = 1;\n    loop {\n        let num = i * (3 * i - 1) / 2;\n        if num == n {\n            return i;\n        } else if num > n {\n            return 0;\n        }\n        i += 1;\n    }\n}\n\nfn main() {\n    let candidate = is_num_decagonal;\n    assert_eq!(candidate(3), 27);\n    assert_eq!(candidate(7), 175);\n    assert_eq!(candidate(10), 370);\n}\n",
      "timestamp": 1666123880,
      "stdout": "",
      "stderr": "thread 'main' panicked at 'assertion failed: `(left == right)`\n  left: `0`,\n right: `27`', /tmp/tmpurypfsw4.rs:17:5\nnote: run with `RUST_BACKTRACE=1` environment variable to display a backtrace\n",
      "exit_code": 101,
      "status": "Exception"
    },
    {
      "program": "/// Write a function to find the nth decagonal number.\nfn is_num_decagonal(n: isize) -> isize {\n    let mut i = 1;\n    let mut num = 0;\n    while num < n {\n        num = i * (3 * i - 1) / 2;\n        i += 1;\n    }\n    num\n}\n\nfn main() {\n    let candidate = is_num_decagonal;\n    assert_eq!(candidate(3), 27);\n    assert_eq!(candidate(7), 175);\n    assert_eq!(candidate(10), 370);\n}\n",
      "timestamp": 1665510609,
      "stdout": "",
      "stderr": "thread 'main' panicked at 'assertion failed: `(left == right)`\n  left: `5`,\n right: `27`', /tmp/tmpj80kznjb.rs:14:5\nnote: run with `RUST_BACKTRACE=1` environment variable to display a backtrace\n",
      "exit_code": 101,
      "status": "Exception"
    },
    {
      "program": "/// Write a function to find the nth decagonal number.\nfn is_num_decagonal(n: isize) -> isize {\n    let mut i = 0;\n    let mut num = 0;\n    while i < n {\n        num += 1;\n        if is_decagonal(num) {\n            i += 1;\n        }\n    }\n    num\n}\n\nfn main() {\n    let candidate = is_num_decagonal;\n    assert_eq!(candidate(3), 27);\n    assert_eq!(candidate(7), 175);\n    assert_eq!(candidate(10), 370);\n}\n",
      "timestamp": 1665510609,
      "stdout": "",
      "stderr": "error[E0425]: cannot find function `is_decagonal` in this scope\n --> /tmp/tmpe69d_7k8.rs:7:12\n  |\n7 |         if is_decagonal(num) {\n  |            ^^^^^^^^^^^^ not found in this scope\n\nerror: aborting due to previous error\n\nFor more information about this error, try `rustc --explain E0425`.\n",
      "exit_code": 1,
      "status": "SyntaxError"
    },
    {
      "program": "/// Write a function to find the nth decagonal number.\nfn is_num_decagonal(n: isize) -> isize {\n    let mut i = 0;\n    let mut num = 0;\n    while i <= n {\n        num = i * (3 * i - 1) / 2;\n        i += 1;\n    }\n    num\n}\n\nfn main() {\n    let candidate = is_num_decagonal;\n    assert_eq!(candidate(3), 27);\n    assert_eq!(candidate(7), 175);\n    assert_eq!(candidate(10), 370);\n}\n",
      "timestamp": 1666123874,
      "stdout": "",
      "stderr": "thread 'main' panicked at 'assertion failed: `(left == right)`\n  left: `12`,\n right: `27`', /tmp/tmpqzze8ujn.rs:14:5\nnote: run with `RUST_BACKTRACE=1` environment variable to display a backtrace\n",
      "exit_code": 101,
      "status": "Exception"
    },
    {
      "program": "/// Write a function to find the nth decagonal number.\nfn is_num_decagonal(n: isize) -> isize {\n    let mut i = 1;\n    let mut num = 1;\n    while i < n {\n        num += 3 * i + 1;\n        i += 1;\n    }\n    num\n}\n\nfn main() {\n    let candidate = is_num_decagonal;\n    assert_eq!(candidate(3), 27);\n    assert_eq!(candidate(7), 175);\n    assert_eq!(candidate(10), 370);\n}\n",
      "timestamp": 1665510609,
      "stdout": "",
      "stderr": "thread 'main' panicked at 'assertion failed: `(left == right)`\n  left: `12`,\n right: `27`', /tmp/tmptvtw5fhy.rs:14:5\nnote: run with `RUST_BACKTRACE=1` environment variable to display a backtrace\n",
      "exit_code": 101,
      "status": "Exception"
    },
    {
      "program": "/// Write a function to find the nth decagonal number.\nfn is_num_decagonal(n: isize) -> isize {\n    let mut i = 1;\n    let mut count = 0;\n    while count < n {\n        let decagonal = i * (3 * i - 1) / 2;\n        if is_pentagonal(decagonal) {\n            count += 1;\n        }\n        i += 1;\n    }\n    i * (3 * i - 1) / 2\n}\n\nfn main() {\n    let candidate = is_num_decagonal;\n    assert_eq!(candidate(3), 27);\n    assert_eq!(candidate(7), 175);\n    assert_eq!(candidate(10), 370);\n}\n",
      "timestamp": 1666123880,
      "stdout": "",
      "stderr": "error[E0425]: cannot find function `is_pentagonal` in this scope\n --> /tmp/tmppdfk9bqa.rs:7:12\n  |\n7 |         if is_pentagonal(decagonal) {\n  |            ^^^^^^^^^^^^^ not found in this scope\n\nerror: aborting due to previous error\n\nFor more information about this error, try `rustc --explain E0425`.\n",
      "exit_code": 1,
      "status": "SyntaxError"
    },
    {
      "program": "/// Write a function to find the nth decagonal number.\nfn is_num_decagonal(n: isize) -> isize {\n    let mut i = 1;\n    let mut num = 1;\n    while i < n {\n        num += 3;\n        if is_pentagonal(num) && is_hexagonal(num) {\n            i += 1;\n        }\n    }\n    num\n}\n\nfn main() {\n    let candidate = is_num_decagonal;\n    assert_eq!(candidate(3), 27);\n    assert_eq!(candidate(7), 175);\n    assert_eq!(candidate(10), 370);\n}\n",
      "timestamp": 1666123873,
      "stdout": "",
      "stderr": "error[E0425]: cannot find function `is_pentagonal` in this scope\n --> /tmp/tmpg6hbv2j6.rs:7:12\n  |\n7 |         if is_pentagonal(num) && is_hexagonal(num) {\n  |            ^^^^^^^^^^^^^ not found in this scope\n\nerror[E0425]: cannot find function `is_hexagonal` in this scope\n --> /tmp/tmpg6hbv2j6.rs:7:34\n  |\n7 |         if is_pentagonal(num) && is_hexagonal(num) {\n  |                                  ^^^^^^^^^^^^ not found in this scope\n\nerror: aborting due to 2 previous errors\n\nFor more information about this error, try `rustc --explain E0425`.\n",
      "exit_code": 1,
      "status": "SyntaxError"
    },
    {
      "program": "/// Write a function to find the nth decagonal number.\nfn is_num_decagonal(n: isize) -> isize {\n    let mut i = 0;\n    loop {\n        let num = i * (3 * i - 1) / 2;\n        if num == n {\n            return i;\n        }\n        if num > n {\n            return -1;\n        }\n        i += 1;\n    }\n}\n\nfn main() {\n    let candidate = is_num_decagonal;\n    assert_eq!(candidate(3), 27);\n    assert_eq!(candidate(7), 175);\n    assert_eq!(candidate(10), 370);\n}\n",
      "timestamp": 1665510609,
      "stdout": "",
      "stderr": "thread 'main' panicked at 'assertion failed: `(left == right)`\n  left: `-1`,\n right: `27`', /tmp/tmpxo386y6f.rs:18:5\nnote: run with `RUST_BACKTRACE=1` environment variable to display a backtrace\n",
      "exit_code": 101,
      "status": "Exception"
    },
    {
      "program": "/// Write a function to find the nth decagonal number.\nfn is_num_decagonal(n: isize) -> isize {\n    let mut i = 0;\n    loop {\n        let num = i * (3 * i - 1) / 2;\n        if num == n {\n            return i;\n        }\n        if num > n {\n            return -1;\n        }\n        i += 1;\n    }\n}\n\nfn main() {\n    let candidate = is_num_decagonal;\n    assert_eq!(candidate(3), 27);\n    assert_eq!(candidate(7), 175);\n    assert_eq!(candidate(10), 370);\n}\n",
      "timestamp": 1665510609,
      "stdout": "",
      "stderr": "thread 'main' panicked at 'assertion failed: `(left == right)`\n  left: `-1`,\n right: `27`', /tmp/tmpxo386y6f.rs:18:5\nnote: run with `RUST_BACKTRACE=1` environment variable to display a backtrace\n",
      "exit_code": 101,
      "status": "Exception"
    },
    {
      "program": "/// Write a function to find the nth decagonal number.\nfn is_num_decagonal(n: isize) -> isize {\n    let mut i = 1;\n    let mut num = 1;\n    while i < n {\n        num += 3 * i + 1;\n        i += 1;\n    }\n    num\n}\n\nfn main() {\n    let candidate = is_num_decagonal;\n    assert_eq!(candidate(3), 27);\n    assert_eq!(candidate(7), 175);\n    assert_eq!(candidate(10), 370);\n}\n",
      "timestamp": 1665510609,
      "stdout": "",
      "stderr": "thread 'main' panicked at 'assertion failed: `(left == right)`\n  left: `12`,\n right: `27`', /tmp/tmptvtw5fhy.rs:14:5\nnote: run with `RUST_BACKTRACE=1` environment variable to display a backtrace\n",
      "exit_code": 101,
      "status": "Exception"
    },
    {
      "program": "/// Write a function to find the nth decagonal number.\nfn is_num_decagonal(n: isize) -> isize {\n    let mut i = 0;\n    loop {\n        let decagonal = i * (3 * i - 1) / 2;\n        if decagonal == n {\n            return i;\n        }\n        if decagonal > n {\n            return -1;\n        }\n        i += 1;\n    }\n}\n\nfn main() {\n    let candidate = is_num_decagonal;\n    assert_eq!(candidate(3), 27);\n    assert_eq!(candidate(7), 175);\n    assert_eq!(candidate(10), 370);\n}\n",
      "timestamp": 1665510609,
      "stdout": "",
      "stderr": "thread 'main' panicked at 'assertion failed: `(left == right)`\n  left: `-1`,\n right: `27`', /tmp/tmp531_yewa.rs:18:5\nnote: run with `RUST_BACKTRACE=1` environment variable to display a backtrace\n",
      "exit_code": 101,
      "status": "Exception"
    },
    {
      "program": "/// Write a function to find the nth decagonal number.\nfn is_num_decagonal(n: isize) -> isize {\n    let mut n = n;\n    let mut i = 1;\n    let mut res = 0;\n    while n > 0 {\n        res = i * (3 * i - 1) / 2;\n        if is_pentagonal(res) {\n            n -= 1;\n        }\n        i += 1;\n    }\n    res\n}\n\nfn main() {\n    let candidate = is_num_decagonal;\n    assert_eq!(candidate(3), 27);\n    assert_eq!(candidate(7), 175);\n    assert_eq!(candidate(10), 370);\n}\n",
      "timestamp": 1666123880,
      "stdout": "",
      "stderr": "error[E0425]: cannot find function `is_pentagonal` in this scope\n --> /tmp/tmpxnlejbhg.rs:8:12\n  |\n8 |         if is_pentagonal(res) {\n  |            ^^^^^^^^^^^^^ not found in this scope\n\nerror: aborting due to previous error\n\nFor more information about this error, try `rustc --explain E0425`.\n",
      "exit_code": 1,
      "status": "SyntaxError"
    },
    {
      "program": "/// Write a function to find the nth decagonal number.\nfn is_num_decagonal(n: isize) -> isize {\n    let mut i = 0;\n    let mut num = 0;\n    while num < n {\n        i += 1;\n        num = i * (3 * i - 1) / 2;\n    }\n    if num == n {\n        return i;\n    }\n    return 0;\n}\n\nfn main() {\n    let candidate = is_num_decagonal;\n    assert_eq!(candidate(3), 27);\n    assert_eq!(candidate(7), 175);\n    assert_eq!(candidate(10), 370);\n}\n",
      "timestamp": 1666123873,
      "stdout": "",
      "stderr": "thread 'main' panicked at 'assertion failed: `(left == right)`\n  left: `0`,\n right: `27`', /tmp/tmp9mr_ks03.rs:17:5\nnote: run with `RUST_BACKTRACE=1` environment variable to display a backtrace\n",
      "exit_code": 101,
      "status": "Exception"
    },
    {
      "program": "/// Write a function to find the nth decagonal number.\nfn is_num_decagonal(n: isize) -> isize {\n    let mut i = 0;\n    let mut nth_decagonal = 0;\n    while nth_decagonal < n {\n        i += 1;\n        nth_decagonal = i * (3 * i - 2);\n    }\n    nth_decagonal\n}\n\nfn main() {\n    let candidate = is_num_decagonal;\n    assert_eq!(candidate(3), 27);\n    assert_eq!(candidate(7), 175);\n    assert_eq!(candidate(10), 370);\n}\n",
      "timestamp": 1666123880,
      "stdout": "",
      "stderr": "thread 'main' panicked at 'assertion failed: `(left == right)`\n  left: `8`,\n right: `27`', /tmp/tmpylrv9erk.rs:14:5\nnote: run with `RUST_BACKTRACE=1` environment variable to display a backtrace\n",
      "exit_code": 101,
      "status": "Exception"
    },
    {
      "program": "/// Write a function to find the nth decagonal number.\nfn is_num_decagonal(n: isize) -> isize {\n    let mut i = 0;\n    let mut num = 0;\n    while i < n {\n        num += 1;\n        if is_decagonal(num) {\n            i += 1;\n        }\n    }\n    num\n}\n\nfn main() {\n    let candidate = is_num_decagonal;\n    assert_eq!(candidate(3), 27);\n    assert_eq!(candidate(7), 175);\n    assert_eq!(candidate(10), 370);\n}\n",
      "timestamp": 1665510609,
      "stdout": "",
      "stderr": "error[E0425]: cannot find function `is_decagonal` in this scope\n --> /tmp/tmpe69d_7k8.rs:7:12\n  |\n7 |         if is_decagonal(num) {\n  |            ^^^^^^^^^^^^ not found in this scope\n\nerror: aborting due to previous error\n\nFor more information about this error, try `rustc --explain E0425`.\n",
      "exit_code": 1,
      "status": "SyntaxError"
    },
    {
      "program": "/// Write a function to find the nth decagonal number.\nfn is_num_decagonal(n: isize) -> isize {\n    let n = n as f64;\n    let x = (2.0 * n * n - n) / 3.0;\n    if x == x.floor() {\n        x as isize\n    } else {\n        0\n    }\n}\n\nfn main() {\n    let candidate = is_num_decagonal;\n    assert_eq!(candidate(3), 27);\n    assert_eq!(candidate(7), 175);\n    assert_eq!(candidate(10), 370);\n}\n",
      "timestamp": 1666123880,
      "stdout": "",
      "stderr": "thread 'main' panicked at 'assertion failed: `(left == right)`\n  left: `5`,\n right: `27`', /tmp/tmpx7syabnd.rs:14:5\nnote: run with `RUST_BACKTRACE=1` environment variable to display a backtrace\n",
      "exit_code": 101,
      "status": "Exception"
    },
    {
      "program": "/// Write a function to find the nth decagonal number.\nfn is_num_decagonal(n: isize) -> isize {\n    let mut i = 1;\n    let mut num = 1;\n    while i < n {\n        num += 3;\n        if is_pentagonal(num) && is_hexagonal(num) {\n            i += 1;\n        }\n    }\n    num\n}\n\nfn main() {\n    let candidate = is_num_decagonal;\n    assert_eq!(candidate(3), 27);\n    assert_eq!(candidate(7), 175);\n    assert_eq!(candidate(10), 370);\n}\n",
      "timestamp": 1666123873,
      "stdout": "",
      "stderr": "error[E0425]: cannot find function `is_pentagonal` in this scope\n --> /tmp/tmpg6hbv2j6.rs:7:12\n  |\n7 |         if is_pentagonal(num) && is_hexagonal(num) {\n  |            ^^^^^^^^^^^^^ not found in this scope\n\nerror[E0425]: cannot find function `is_hexagonal` in this scope\n --> /tmp/tmpg6hbv2j6.rs:7:34\n  |\n7 |         if is_pentagonal(num) && is_hexagonal(num) {\n  |                                  ^^^^^^^^^^^^ not found in this scope\n\nerror: aborting due to 2 previous errors\n\nFor more information about this error, try `rustc --explain E0425`.\n",
      "exit_code": 1,
      "status": "SyntaxError"
    },
    {
      "program": "/// Write a function to find the nth decagonal number.\nfn is_num_decagonal(n: isize) -> isize {\n    let mut n = n;\n    let mut i = 1;\n    while n > 0 {\n        n -= i * 10;\n        i += 1;\n    }\n    if n == 0 {\n        return i;\n    }\n    return 0;\n}\n\nfn main() {\n    let candidate = is_num_decagonal;\n    assert_eq!(candidate(3), 27);\n    assert_eq!(candidate(7), 175);\n    assert_eq!(candidate(10), 370);\n}\n",
      "timestamp": 1666123880,
      "stdout": "",
      "stderr": "thread 'main' panicked at 'assertion failed: `(left == right)`\n  left: `0`,\n right: `27`', /tmp/tmpkcm8clvk.rs:17:5\nnote: run with `RUST_BACKTRACE=1` environment variable to display a backtrace\n",
      "exit_code": 101,
      "status": "Exception"
    },
    {
      "program": "/// Write a function to find the nth decagonal number.\nfn is_num_decagonal(n: isize) -> isize {\n    let mut i = 1;\n    let mut num = 0;\n    while num < n {\n        num = i * (3 * i - 1) / 2;\n        i += 1;\n    }\n    num\n}\n\nfn main() {\n    let candidate = is_num_decagonal;\n    assert_eq!(candidate(3), 27);\n    assert_eq!(candidate(7), 175);\n    assert_eq!(candidate(10), 370);\n}\n",
      "timestamp": 1665510609,
      "stdout": "",
      "stderr": "thread 'main' panicked at 'assertion failed: `(left == right)`\n  left: `5`,\n right: `27`', /tmp/tmpj80kznjb.rs:14:5\nnote: run with `RUST_BACKTRACE=1` environment variable to display a backtrace\n",
      "exit_code": 101,
      "status": "Exception"
    },
    {
      "program": "/// Write a function to find the nth decagonal number.\nfn is_num_decagonal(n: isize) -> isize {\n    let mut i = 1;\n    let mut num = 1;\n    while i < n {\n        num += 3;\n        if is_pentagonal(num) && is_hexagonal(num) {\n            i += 1;\n        }\n    }\n    num\n}\n\nfn main() {\n    let candidate = is_num_decagonal;\n    assert_eq!(candidate(3), 27);\n    assert_eq!(candidate(7), 175);\n    assert_eq!(candidate(10), 370);\n}\n",
      "timestamp": 1666123873,
      "stdout": "",
      "stderr": "error[E0425]: cannot find function `is_pentagonal` in this scope\n --> /tmp/tmpg6hbv2j6.rs:7:12\n  |\n7 |         if is_pentagonal(num) && is_hexagonal(num) {\n  |            ^^^^^^^^^^^^^ not found in this scope\n\nerror[E0425]: cannot find function `is_hexagonal` in this scope\n --> /tmp/tmpg6hbv2j6.rs:7:34\n  |\n7 |         if is_pentagonal(num) && is_hexagonal(num) {\n  |                                  ^^^^^^^^^^^^ not found in this scope\n\nerror: aborting due to 2 previous errors\n\nFor more information about this error, try `rustc --explain E0425`.\n",
      "exit_code": 1,
      "status": "SyntaxError"
    },
    {
      "program": "/// Write a function to find the nth decagonal number.\nfn is_num_decagonal(n: isize) -> isize {\n    let mut i = 0;\n    let mut num = 0;\n    loop {\n        num = i * (3 * i - 1) / 2;\n        if num == n {\n            return i;\n        }\n        if num > n {\n            return -1;\n        }\n        i += 1;\n    }\n}\n\nfn main() {\n    let candidate = is_num_decagonal;\n    assert_eq!(candidate(3), 27);\n    assert_eq!(candidate(7), 175);\n    assert_eq!(candidate(10), 370);\n}\n",
      "timestamp": 1666123880,
      "stdout": "",
      "stderr": "thread 'main' panicked at 'assertion failed: `(left == right)`\n  left: `-1`,\n right: `27`', /tmp/tmp72jz6nd8.rs:19:5\nnote: run with `RUST_BACKTRACE=1` environment variable to display a backtrace\n",
      "exit_code": 101,
      "status": "Exception"
    },
    {
      "program": "/// Write a function to find the nth decagonal number.\nfn is_num_decagonal(n: isize) -> isize {\n    let mut i = 0;\n    let mut num = 0;\n    while i < n {\n        num += 1;\n        if is_decagonal(num) {\n            i += 1;\n        }\n    }\n    num\n}\n\nfn main() {\n    let candidate = is_num_decagonal;\n    assert_eq!(candidate(3), 27);\n    assert_eq!(candidate(7), 175);\n    assert_eq!(candidate(10), 370);\n}\n",
      "timestamp": 1665510609,
      "stdout": "",
      "stderr": "error[E0425]: cannot find function `is_decagonal` in this scope\n --> /tmp/tmpe69d_7k8.rs:7:12\n  |\n7 |         if is_decagonal(num) {\n  |            ^^^^^^^^^^^^ not found in this scope\n\nerror: aborting due to previous error\n\nFor more information about this error, try `rustc --explain E0425`.\n",
      "exit_code": 1,
      "status": "SyntaxError"
    },
    {
      "program": "/// Write a function to find the nth decagonal number.\nfn is_num_decagonal(n: isize) -> isize {\n    let mut i = 0;\n    loop {\n        let num = i * (3 * i - 1) / 2;\n        if num == n {\n            return i;\n        } else if num > n {\n            return -1;\n        }\n        i += 1;\n    }\n}\n\nfn main() {\n    let candidate = is_num_decagonal;\n    assert_eq!(candidate(3), 27);\n    assert_eq!(candidate(7), 175);\n    assert_eq!(candidate(10), 370);\n}\n",
      "timestamp": 1665510609,
      "stdout": "",
      "stderr": "thread 'main' panicked at 'assertion failed: `(left == right)`\n  left: `-1`,\n right: `27`', /tmp/tmpe321v2yr.rs:17:5\nnote: run with `RUST_BACKTRACE=1` environment variable to display a backtrace\n",
      "exit_code": 101,
      "status": "Exception"
    },
    {
      "program": "/// Write a function to find the nth decagonal number.\nfn is_num_decagonal(n: isize) -> isize {\n    let mut i = 0;\n    loop {\n        let num = i * (3 * i - 1) / 2;\n        if num == n {\n            return i;\n        } else if num > n {\n            return -1;\n        }\n        i += 1;\n    }\n}\n\nfn main() {\n    let candidate = is_num_decagonal;\n    assert_eq!(candidate(3), 27);\n    assert_eq!(candidate(7), 175);\n    assert_eq!(candidate(10), 370);\n}\n",
      "timestamp": 1665510609,
      "stdout": "",
      "stderr": "thread 'main' panicked at 'assertion failed: `(left == right)`\n  left: `-1`,\n right: `27`', /tmp/tmpe321v2yr.rs:17:5\nnote: run with `RUST_BACKTRACE=1` environment variable to display a backtrace\n",
      "exit_code": 101,
      "status": "Exception"
    },
    {
      "program": "/// Write a function to find the nth decagonal number.\nfn is_num_decagonal(n: isize) -> isize {\n    let mut i = 0;\n    let mut num = 0;\n    while i < n {\n        num += 3 * i + 1;\n        i += 1;\n    }\n    num\n}\n\nfn main() {\n    let candidate = is_num_decagonal;\n    assert_eq!(candidate(3), 27);\n    assert_eq!(candidate(7), 175);\n    assert_eq!(candidate(10), 370);\n}\n",
      "timestamp": 1666123873,
      "stdout": "",
      "stderr": "thread 'main' panicked at 'assertion failed: `(left == right)`\n  left: `12`,\n right: `27`', /tmp/tmp1pq9qvea.rs:14:5\nnote: run with `RUST_BACKTRACE=1` environment variable to display a backtrace\n",
      "exit_code": 101,
      "status": "Exception"
    },
    {
      "program": "/// Write a function to find the nth decagonal number.\nfn is_num_decagonal(n: isize) -> isize {\n    let mut i = 1;\n    let mut num = 1;\n    while i < n {\n        num += 3 * i + 1;\n        i += 1;\n    }\n    num\n}\n\nfn main() {\n    let candidate = is_num_decagonal;\n    assert_eq!(candidate(3), 27);\n    assert_eq!(candidate(7), 175);\n    assert_eq!(candidate(10), 370);\n}\n",
      "timestamp": 1665510609,
      "stdout": "",
      "stderr": "thread 'main' panicked at 'assertion failed: `(left == right)`\n  left: `12`,\n right: `27`', /tmp/tmptvtw5fhy.rs:14:5\nnote: run with `RUST_BACKTRACE=1` environment variable to display a backtrace\n",
      "exit_code": 101,
      "status": "Exception"
    },
    {
      "program": "/// Write a function to find the nth decagonal number.\nfn is_num_decagonal(n: isize) -> isize {\n    let mut i = 0;\n    let mut num = 0;\n    while i < n {\n        num += 1;\n        if is_decagonal(num) {\n            i += 1;\n        }\n    }\n    num\n}\n\nfn main() {\n    let candidate = is_num_decagonal;\n    assert_eq!(candidate(3), 27);\n    assert_eq!(candidate(7), 175);\n    assert_eq!(candidate(10), 370);\n}\n",
      "timestamp": 1665510609,
      "stdout": "",
      "stderr": "error[E0425]: cannot find function `is_decagonal` in this scope\n --> /tmp/tmpe69d_7k8.rs:7:12\n  |\n7 |         if is_decagonal(num) {\n  |            ^^^^^^^^^^^^ not found in this scope\n\nerror: aborting due to previous error\n\nFor more information about this error, try `rustc --explain E0425`.\n",
      "exit_code": 1,
      "status": "SyntaxError"
    },
    {
      "program": "/// Write a function to find the nth decagonal number.\nfn is_num_decagonal(n: isize) -> isize {\n    let mut i = 1;\n    let mut j = 1;\n    while j < n {\n        i += 1;\n        j = i * (3 * i - 2);\n    }\n    if j == n {\n        return i;\n    }\n    return -1;\n}\n\nfn main() {\n    let candidate = is_num_decagonal;\n    assert_eq!(candidate(3), 27);\n    assert_eq!(candidate(7), 175);\n    assert_eq!(candidate(10), 370);\n}\n",
      "timestamp": 1666123880,
      "stdout": "",
      "stderr": "thread 'main' panicked at 'assertion failed: `(left == right)`\n  left: `-1`,\n right: `27`', /tmp/tmp3bn7gg1b.rs:17:5\nnote: run with `RUST_BACKTRACE=1` environment variable to display a backtrace\n",
      "exit_code": 101,
      "status": "Exception"
    },
    {
      "program": "/// Write a function to find the nth decagonal number.\nfn is_num_decagonal(n: isize) -> isize {\n    let mut i = 0;\n    let mut decagonal = 0;\n    while decagonal < n {\n        i += 1;\n        decagonal = i * (3 * i - 1) / 2;\n    }\n    if decagonal == n {\n        return i;\n    }\n    -1\n}\n\nfn main() {\n    let candidate = is_num_decagonal;\n    assert_eq!(candidate(3), 27);\n    assert_eq!(candidate(7), 175);\n    assert_eq!(candidate(10), 370);\n}\n",
      "timestamp": 1666123880,
      "stdout": "",
      "stderr": "thread 'main' panicked at 'assertion failed: `(left == right)`\n  left: `-1`,\n right: `27`', /tmp/tmpza__bcyj.rs:17:5\nnote: run with `RUST_BACKTRACE=1` environment variable to display a backtrace\n",
      "exit_code": 101,
      "status": "Exception"
    },
    {
      "program": "/// Write a function to find the nth decagonal number.\nfn is_num_decagonal(n: isize) -> isize {\n    let mut i = 1;\n    let mut num = 1;\n    while i < n {\n        num += 3 * i + 1;\n        i += 1;\n    }\n    num\n}\n\nfn main() {\n    let candidate = is_num_decagonal;\n    assert_eq!(candidate(3), 27);\n    assert_eq!(candidate(7), 175);\n    assert_eq!(candidate(10), 370);\n}\n",
      "timestamp": 1665510609,
      "stdout": "",
      "stderr": "thread 'main' panicked at 'assertion failed: `(left == right)`\n  left: `12`,\n right: `27`', /tmp/tmptvtw5fhy.rs:14:5\nnote: run with `RUST_BACKTRACE=1` environment variable to display a backtrace\n",
      "exit_code": 101,
      "status": "Exception"
    },
    {
      "program": "/// Write a function to find the nth decagonal number.\nfn is_num_decagonal(n: isize) -> isize {\n    let mut i = 0;\n    let mut nth = 0;\n    while nth < n {\n        i += 1;\n        nth = i * (3 * i - 2);\n    }\n    nth\n}\n\nfn main() {\n    let candidate = is_num_decagonal;\n    assert_eq!(candidate(3), 27);\n    assert_eq!(candidate(7), 175);\n    assert_eq!(candidate(10), 370);\n}\n",
      "timestamp": 1666123880,
      "stdout": "",
      "stderr": "thread 'main' panicked at 'assertion failed: `(left == right)`\n  left: `8`,\n right: `27`', /tmp/tmphe2_9dia.rs:14:5\nnote: run with `RUST_BACKTRACE=1` environment variable to display a backtrace\n",
      "exit_code": 101,
      "status": "Exception"
    },
    {
      "program": "/// Write a function to find the nth decagonal number.\nfn is_num_decagonal(n: isize) -> isize {\n    let mut i = 1;\n    let mut num = 0;\n    while num < n {\n        num = i * (3 * i - 1) / 2;\n        i += 1;\n    }\n    num\n}\n\nfn main() {\n    let candidate = is_num_decagonal;\n    assert_eq!(candidate(3), 27);\n    assert_eq!(candidate(7), 175);\n    assert_eq!(candidate(10), 370);\n}\n",
      "timestamp": 1665510609,
      "stdout": "",
      "stderr": "thread 'main' panicked at 'assertion failed: `(left == right)`\n  left: `5`,\n right: `27`', /tmp/tmpj80kznjb.rs:14:5\nnote: run with `RUST_BACKTRACE=1` environment variable to display a backtrace\n",
      "exit_code": 101,
      "status": "Exception"
    },
    {
      "program": "/// Write a function to find the nth decagonal number.\nfn is_num_decagonal(n: isize) -> isize {\n    let mut i = 0;\n    let mut num = 0;\n    while num < n {\n        i += 1;\n        num = i * (3 * i - 1) / 2;\n    }\n    num\n}\n\nfn main() {\n    let candidate = is_num_decagonal;\n    assert_eq!(candidate(3), 27);\n    assert_eq!(candidate(7), 175);\n    assert_eq!(candidate(10), 370);\n}\n",
      "timestamp": 1666123874,
      "stdout": "",
      "stderr": "thread 'main' panicked at 'assertion failed: `(left == right)`\n  left: `5`,\n right: `27`', /tmp/tmp6z13363l.rs:14:5\nnote: run with `RUST_BACKTRACE=1` environment variable to display a backtrace\n",
      "exit_code": 101,
      "status": "Exception"
    },
    {
      "program": "/// Write a function to find the nth decagonal number.\nfn is_num_decagonal(n: isize) -> isize {\n    let mut i = 0;\n    let mut num = 0;\n    while num < n {\n        i += 1;\n        num = i * (3 * i - 1) / 2;\n    }\n    num\n}\n\nfn main() {\n    let candidate = is_num_decagonal;\n    assert_eq!(candidate(3), 27);\n    assert_eq!(candidate(7), 175);\n    assert_eq!(candidate(10), 370);\n}\n",
      "timestamp": 1666123874,
      "stdout": "",
      "stderr": "thread 'main' panicked at 'assertion failed: `(left == right)`\n  left: `5`,\n right: `27`', /tmp/tmp6z13363l.rs:14:5\nnote: run with `RUST_BACKTRACE=1` environment variable to display a backtrace\n",
      "exit_code": 101,
      "status": "Exception"
    },
    {
      "program": "/// Write a function to find the nth decagonal number.\nfn is_num_decagonal(n: isize) -> isize {\n    let mut i = 0;\n    loop {\n        let num = i * (3 * i - 1) / 2;\n        if num == n {\n            return i;\n        }\n        if num > n {\n            return -1;\n        }\n        i += 1;\n    }\n}\n\nfn main() {\n    let candidate = is_num_decagonal;\n    assert_eq!(candidate(3), 27);\n    assert_eq!(candidate(7), 175);\n    assert_eq!(candidate(10), 370);\n}\n",
      "timestamp": 1665510609,
      "stdout": "",
      "stderr": "thread 'main' panicked at 'assertion failed: `(left == right)`\n  left: `-1`,\n right: `27`', /tmp/tmpxo386y6f.rs:18:5\nnote: run with `RUST_BACKTRACE=1` environment variable to display a backtrace\n",
      "exit_code": 101,
      "status": "Exception"
    },
    {
      "program": "/// Write a function to find the nth decagonal number.\nfn is_num_decagonal(n: isize) -> isize {\n    let n = n as f64;\n    let nth_decagonal = (n * (3.0 * n - 2.0)) as isize;\n    nth_decagonal\n}\n\nfn main() {\n    let candidate = is_num_decagonal;\n    assert_eq!(candidate(3), 27);\n    assert_eq!(candidate(7), 175);\n    assert_eq!(candidate(10), 370);\n}\n",
      "timestamp": 1666123880,
      "stdout": "",
      "stderr": "thread 'main' panicked at 'assertion failed: `(left == right)`\n  left: `21`,\n right: `27`', /tmp/tmplet2v2kn.rs:10:5\nnote: run with `RUST_BACKTRACE=1` environment variable to display a backtrace\n",
      "exit_code": 101,
      "status": "Exception"
    },
    {
      "program": "/// Write a function to find the nth decagonal number.\nfn is_num_decagonal(n: isize) -> isize {\n    let mut i = 1;\n    let mut num = 0;\n    while num < n {\n        num = i * (3 * i - 1) / 2;\n        i += 1;\n    }\n    num\n}\n\nfn main() {\n    let candidate = is_num_decagonal;\n    assert_eq!(candidate(3), 27);\n    assert_eq!(candidate(7), 175);\n    assert_eq!(candidate(10), 370);\n}\n",
      "timestamp": 1665510609,
      "stdout": "",
      "stderr": "thread 'main' panicked at 'assertion failed: `(left == right)`\n  left: `5`,\n right: `27`', /tmp/tmpj80kznjb.rs:14:5\nnote: run with `RUST_BACKTRACE=1` environment variable to display a backtrace\n",
      "exit_code": 101,
      "status": "Exception"
    },
    {
      "program": "/// Write a function to find the nth decagonal number.\nfn is_num_decagonal(n: isize) -> isize {\n    let mut i = 1;\n    let mut num = 1;\n    while i < n {\n        num += 3 * i + 2;\n        i += 1;\n    }\n    num\n}\n\nfn main() {\n    let candidate = is_num_decagonal;\n    assert_eq!(candidate(3), 27);\n    assert_eq!(candidate(7), 175);\n    assert_eq!(candidate(10), 370);\n}\n",
      "timestamp": 1666123874,
      "stdout": "",
      "stderr": "thread 'main' panicked at 'assertion failed: `(left == right)`\n  left: `14`,\n right: `27`', /tmp/tmpucqzebh3.rs:14:5\nnote: run with `RUST_BACKTRACE=1` environment variable to display a backtrace\n",
      "exit_code": 101,
      "status": "Exception"
    },
    {
      "program": "/// Write a function to find the nth decagonal number.\nfn is_num_decagonal(n: isize) -> isize {\n    let mut i = 0;\n    let mut num = 0;\n    while i < n {\n        num += 1;\n        if is_decagonal(num) {\n            i += 1;\n        }\n    }\n    num\n}\n\nfn main() {\n    let candidate = is_num_decagonal;\n    assert_eq!(candidate(3), 27);\n    assert_eq!(candidate(7), 175);\n    assert_eq!(candidate(10), 370);\n}\n",
      "timestamp": 1665510609,
      "stdout": "",
      "stderr": "error[E0425]: cannot find function `is_decagonal` in this scope\n --> /tmp/tmpe69d_7k8.rs:7:12\n  |\n7 |         if is_decagonal(num) {\n  |            ^^^^^^^^^^^^ not found in this scope\n\nerror: aborting due to previous error\n\nFor more information about this error, try `rustc --explain E0425`.\n",
      "exit_code": 1,
      "status": "SyntaxError"
    },
    {
      "program": "/// Write a function to find the nth decagonal number.\nfn is_num_decagonal(n: isize) -> isize {\n    let mut i = 1;\n    let mut decagonal = 0;\n    while decagonal < n {\n        decagonal = i * (3 * i - 1) / 2;\n        i += 1;\n    }\n    if decagonal == n {\n        return 1;\n    }\n    return 0;\n}\n\nfn main() {\n    let candidate = is_num_decagonal;\n    assert_eq!(candidate(3), 27);\n    assert_eq!(candidate(7), 175);\n    assert_eq!(candidate(10), 370);\n}\n",
      "timestamp": 1666123880,
      "stdout": "",
      "stderr": "thread 'main' panicked at 'assertion failed: `(left == right)`\n  left: `0`,\n right: `27`', /tmp/tmpukr2ea_m.rs:17:5\nnote: run with `RUST_BACKTRACE=1` environment variable to display a backtrace\n",
      "exit_code": 101,
      "status": "Exception"
    },
    {
      "program": "/// Write a function to find the nth decagonal number.\nfn is_num_decagonal(n: isize) -> isize {\n    let mut i = 0;\n    let mut num = 0;\n    while i < n {\n        num += 1;\n        if is_decagonal(num) {\n            i += 1;\n        }\n    }\n    num\n}\n\nfn main() {\n    let candidate = is_num_decagonal;\n    assert_eq!(candidate(3), 27);\n    assert_eq!(candidate(7), 175);\n    assert_eq!(candidate(10), 370);\n}\n",
      "timestamp": 1665510609,
      "stdout": "",
      "stderr": "error[E0425]: cannot find function `is_decagonal` in this scope\n --> /tmp/tmpe69d_7k8.rs:7:12\n  |\n7 |         if is_decagonal(num) {\n  |            ^^^^^^^^^^^^ not found in this scope\n\nerror: aborting due to previous error\n\nFor more information about this error, try `rustc --explain E0425`.\n",
      "exit_code": 1,
      "status": "SyntaxError"
    },
    {
      "program": "/// Write a function to find the nth decagonal number.\nfn is_num_decagonal(n: isize) -> isize {\n    let mut i = 0;\n    let mut decagonal = 0;\n    while decagonal < n {\n        i += 1;\n        decagonal = i * (3 * i - 1) / 2;\n    }\n    decagonal\n}\n\nfn main() {\n    let candidate = is_num_decagonal;\n    assert_eq!(candidate(3), 27);\n    assert_eq!(candidate(7), 175);\n    assert_eq!(candidate(10), 370);\n}\n",
      "timestamp": 1666123873,
      "stdout": "",
      "stderr": "thread 'main' panicked at 'assertion failed: `(left == right)`\n  left: `5`,\n right: `27`', /tmp/tmpxgsca60n.rs:14:5\nnote: run with `RUST_BACKTRACE=1` environment variable to display a backtrace\n",
      "exit_code": 101,
      "status": "Exception"
    },
    {
      "program": "/// Write a function to find the nth decagonal number.\nfn is_num_decagonal(n: isize) -> isize {\n    let mut i = 1;\n    let mut num = 0;\n    while num < n {\n        num = i * (3 * i - 1) / 2;\n        i += 1;\n    }\n    num\n}\n\nfn main() {\n    let candidate = is_num_decagonal;\n    assert_eq!(candidate(3), 27);\n    assert_eq!(candidate(7), 175);\n    assert_eq!(candidate(10), 370);\n}\n",
      "timestamp": 1665510609,
      "stdout": "",
      "stderr": "thread 'main' panicked at 'assertion failed: `(left == right)`\n  left: `5`,\n right: `27`', /tmp/tmpj80kznjb.rs:14:5\nnote: run with `RUST_BACKTRACE=1` environment variable to display a backtrace\n",
      "exit_code": 101,
      "status": "Exception"
    },
    {
      "program": "/// Write a function to find the nth decagonal number.\nfn is_num_decagonal(n: isize) -> isize {\n    let mut i = 0;\n    let mut j = 0;\n    let mut k = 0;\n    let mut l = 0;\n    let mut m = 0;\n    let mut n = n;\n    let mut o = 0;\n    let mut p = 0;\n    let mut q = 0;\n    let mut r = 0;\n    let mut s = 0;\n    let mut t = 0;\n    let mut u = 0;\n    let mut v = 0;\n    let mut w = 0;\n    let mut x = 0;\n    let mut y = 0;\n    let mut z = 0;\n    let mut aa = 0;\n    let mut bb = 0;\n    let mut cc = 0;\n    let mut dd = 0;\n    let mut ee = 0;\n    let mut ff = 0;\n    let mut gg = 0;\n    let mut hh = 0;\n    let mut ii = 0;\n    let mut jj = 0;\n    let mut kk = 0;\n    let mut ll = 0;\n    let mut mm = 0;\n    let mut nn = 0;\n    let mut oo = 0;\n    let mut pp = 0;\n    let mut qq = 0;\n    let mut rr = 0;\n    let mut ss = 0;\n    let mut tt = 0;\n    let mut uu = 0;\n    let mut vv = 0;\n    let mut ww = 0;\n    let mut xx = 0;\n    let mut yy = 0;\n    let mut zz = 0;\n    let mut aaa = 0;\n    let mut bbb = 0;\n    let mut ccc = 0;\n    let mut ddd = 0;\n    let mut eee = 0;\n    let mut fff = 0;\n    let mut ggg = 0;\n    let mut hhh = 0;\n    let mut iii = 0;\n    let mut jjj = 0;\n    let mut kkk = 0;\n    let mut lll = 0;\n    let mut mmm = 0;\n    let mut nnn = 0;\n    let mut ooo = 0;\n    let mut ppp = 0;\n}\n\nfn main() {\n    let candidate = is_num_decagonal;\n    assert_eq!(candidate(3), 27);\n    assert_eq!(candidate(7), 175);\n    assert_eq!(candidate(10), 370);\n}\n",
      "timestamp": 1666123880,
      "stdout": "",
      "stderr": "error[E0308]: mismatched types\n --> /tmp/tmpmdl63wms.rs:2:34\n  |\n2 | fn is_num_decagonal(n: isize) -> isize {\n  |    ----------------              ^^^^^ expected `isize`, found `()`\n  |    |\n  |    implicitly returns `()` as its body has no tail or `return` expression\n\nerror: aborting due to previous error\n\nFor more information about this error, try `rustc --explain E0308`.\n",
      "exit_code": 1,
      "status": "SyntaxError"
    },
    {
      "program": "/// Write a function to find the nth decagonal number.\nfn is_num_decagonal(n: isize) -> isize {\n    let mut i = 0;\n    let mut decagonal = 0;\n    while decagonal < n {\n        i += 1;\n        decagonal = i * (3 * i - 1) / 2;\n    }\n    if decagonal == n {\n        return i;\n    }\n    return 0;\n}\n\nfn main() {\n    let candidate = is_num_decagonal;\n    assert_eq!(candidate(3), 27);\n    assert_eq!(candidate(7), 175);\n    assert_eq!(candidate(10), 370);\n}\n",
      "timestamp": 1665510609,
      "stdout": "",
      "stderr": "thread 'main' panicked at 'assertion failed: `(left == right)`\n  left: `0`,\n right: `27`', /tmp/tmpi5knkfsa.rs:17:5\nnote: run with `RUST_BACKTRACE=1` environment variable to display a backtrace\n",
      "exit_code": 101,
      "status": "Exception"
    },
    {
      "program": "/// Write a function to find the nth decagonal number.\nfn is_num_decagonal(n: isize) -> isize {\n    let mut i = 0;\n    let mut num = 0;\n    while i < n {\n        num += 1;\n        if is_decagonal(num) {\n            i += 1;\n        }\n    }\n    num\n}\n\nfn main() {\n    let candidate = is_num_decagonal;\n    assert_eq!(candidate(3), 27);\n    assert_eq!(candidate(7), 175);\n    assert_eq!(candidate(10), 370);\n}\n",
      "timestamp": 1665510609,
      "stdout": "",
      "stderr": "error[E0425]: cannot find function `is_decagonal` in this scope\n --> /tmp/tmpe69d_7k8.rs:7:12\n  |\n7 |         if is_decagonal(num) {\n  |            ^^^^^^^^^^^^ not found in this scope\n\nerror: aborting due to previous error\n\nFor more information about this error, try `rustc --explain E0425`.\n",
      "exit_code": 1,
      "status": "SyntaxError"
    },
    {
      "program": "/// Write a function to find the nth decagonal number.\nfn is_num_decagonal(n: isize) -> isize {\n    let mut i = 0;\n    loop {\n        i += 1;\n        let num = i * (3 * i - 2);\n        if num == n {\n            return i;\n        }\n        if num > n {\n            return 0;\n        }\n    }\n}\n\nfn main() {\n    let candidate = is_num_decagonal;\n    assert_eq!(candidate(3), 27);\n    assert_eq!(candidate(7), 175);\n    assert_eq!(candidate(10), 370);\n}\n",
      "timestamp": 1666123874,
      "stdout": "",
      "stderr": "thread 'main' panicked at 'assertion failed: `(left == right)`\n  left: `0`,\n right: `27`', /tmp/tmpfvjdjfwy.rs:18:5\nnote: run with `RUST_BACKTRACE=1` environment variable to display a backtrace\n",
      "exit_code": 101,
      "status": "Exception"
    },
    {
      "program": "/// Write a function to find the nth decagonal number.\nfn is_num_decagonal(n: isize) -> isize {\n    let mut i = 0;\n    loop {\n        let decagonal = i * (3 * i - 1) / 2;\n        if decagonal == n {\n            return i;\n        }\n        if decagonal > n {\n            return -1;\n        }\n        i += 1;\n    }\n}\n\nfn main() {\n    let candidate = is_num_decagonal;\n    assert_eq!(candidate(3), 27);\n    assert_eq!(candidate(7), 175);\n    assert_eq!(candidate(10), 370);\n}\n",
      "timestamp": 1665510609,
      "stdout": "",
      "stderr": "thread 'main' panicked at 'assertion failed: `(left == right)`\n  left: `-1`,\n right: `27`', /tmp/tmp531_yewa.rs:18:5\nnote: run with `RUST_BACKTRACE=1` environment variable to display a backtrace\n",
      "exit_code": 101,
      "status": "Exception"
    },
    {
      "program": "/// Write a function to find the nth decagonal number.\nfn is_num_decagonal(n: isize) -> isize {\n    let mut i = 1;\n    let mut num = 0;\n    while num < n {\n        num = i * (3 * i - 1) / 2;\n        i += 1;\n    }\n    num\n}\n\nfn main() {\n    let candidate = is_num_decagonal;\n    assert_eq!(candidate(3), 27);\n    assert_eq!(candidate(7), 175);\n    assert_eq!(candidate(10), 370);\n}\n",
      "timestamp": 1665510609,
      "stdout": "",
      "stderr": "thread 'main' panicked at 'assertion failed: `(left == right)`\n  left: `5`,\n right: `27`', /tmp/tmpj80kznjb.rs:14:5\nnote: run with `RUST_BACKTRACE=1` environment variable to display a backtrace\n",
      "exit_code": 101,
      "status": "Exception"
    },
    {
      "program": "/// Write a function to find the nth decagonal number.\nfn is_num_decagonal(n: isize) -> isize {\n    let mut i = 1;\n    let mut j = 1;\n    while i < n {\n        j += 1;\n        i = j * (3 * j - 1) / 2;\n    }\n    if i == n {\n        return 1;\n    }\n    0\n}\n\nfn main() {\n    let candidate = is_num_decagonal;\n    assert_eq!(candidate(3), 27);\n    assert_eq!(candidate(7), 175);\n    assert_eq!(candidate(10), 370);\n}\n",
      "timestamp": 1666123880,
      "stdout": "",
      "stderr": "thread 'main' panicked at 'assertion failed: `(left == right)`\n  left: `0`,\n right: `27`', /tmp/tmp1rwephcn.rs:17:5\nnote: run with `RUST_BACKTRACE=1` environment variable to display a backtrace\n",
      "exit_code": 101,
      "status": "Exception"
    },
    {
      "program": "/// Write a function to find the nth decagonal number.\nfn is_num_decagonal(n: isize) -> isize {\n    let mut i = 0;\n    let mut num = 0;\n    while i < n {\n        num += 1;\n        if is_decagonal(num) {\n            i += 1;\n        }\n    }\n    num\n}\n\nfn main() {\n    let candidate = is_num_decagonal;\n    assert_eq!(candidate(3), 27);\n    assert_eq!(candidate(7), 175);\n    assert_eq!(candidate(10), 370);\n}\n",
      "timestamp": 1665510609,
      "stdout": "",
      "stderr": "error[E0425]: cannot find function `is_decagonal` in this scope\n --> /tmp/tmpe69d_7k8.rs:7:12\n  |\n7 |         if is_decagonal(num) {\n  |            ^^^^^^^^^^^^ not found in this scope\n\nerror: aborting due to previous error\n\nFor more information about this error, try `rustc --explain E0425`.\n",
      "exit_code": 1,
      "status": "SyntaxError"
    },
    {
      "program": "/// Write a function to find the nth decagonal number.\nfn is_num_decagonal(n: isize) -> isize {\n    let mut i = 1;\n    let mut num = 0;\n    while num < n {\n        num = i * (3 * i - 1) / 2;\n        i += 1;\n    }\n    if num == n {\n        return 1;\n    } else {\n        return 0;\n    }\n}\n\nfn main() {\n    let candidate = is_num_decagonal;\n    assert_eq!(candidate(3), 27);\n    assert_eq!(candidate(7), 175);\n    assert_eq!(candidate(10), 370);\n}\n",
      "timestamp": 1666123880,
      "stdout": "",
      "stderr": "thread 'main' panicked at 'assertion failed: `(left == right)`\n  left: `0`,\n right: `27`', /tmp/tmpukh1g60y.rs:18:5\nnote: run with `RUST_BACKTRACE=1` environment variable to display a backtrace\n",
      "exit_code": 101,
      "status": "Exception"
    },
    {
      "program": "/// Write a function to find the nth decagonal number.\nfn is_num_decagonal(n: isize) -> isize {\n    let mut i = 0;\n    let mut num = 0;\n    while num < n {\n        i += 1;\n        num = i * (3 * i - 1) / 2;\n    }\n    num\n}\n\nfn main() {\n    let candidate = is_num_decagonal;\n    assert_eq!(candidate(3), 27);\n    assert_eq!(candidate(7), 175);\n    assert_eq!(candidate(10), 370);\n}\n",
      "timestamp": 1666123874,
      "stdout": "",
      "stderr": "thread 'main' panicked at 'assertion failed: `(left == right)`\n  left: `5`,\n right: `27`', /tmp/tmp6z13363l.rs:14:5\nnote: run with `RUST_BACKTRACE=1` environment variable to display a backtrace\n",
      "exit_code": 101,
      "status": "Exception"
    },
    {
      "program": "/// Write a function to find the nth decagonal number.\nfn is_num_decagonal(n: isize) -> isize {\n    let mut i = 0;\n    let mut num = 0;\n    while i < n {\n        i += 1;\n        num = i * (3 * i - 1) / 2;\n    }\n    num\n}\n\nfn main() {\n    let candidate = is_num_decagonal;\n    assert_eq!(candidate(3), 27);\n    assert_eq!(candidate(7), 175);\n    assert_eq!(candidate(10), 370);\n}\n",
      "timestamp": 1665510609,
      "stdout": "",
      "stderr": "thread 'main' panicked at 'assertion failed: `(left == right)`\n  left: `12`,\n right: `27`', /tmp/tmpqw7kqdhm.rs:14:5\nnote: run with `RUST_BACKTRACE=1` environment variable to display a backtrace\n",
      "exit_code": 101,
      "status": "Exception"
    },
    {
      "program": "/// Write a function to find the nth decagonal number.\nfn is_num_decagonal(n: isize) -> isize {\n    let mut i = 0;\n    let mut num = 0;\n    while num < n {\n        i += 1;\n        num = i * (3 * i - 1) / 2;\n    }\n    if num == n {\n        i\n    } else {\n        0\n    }\n}\n\nfn main() {\n    let candidate = is_num_decagonal;\n    assert_eq!(candidate(3), 27);\n    assert_eq!(candidate(7), 175);\n    assert_eq!(candidate(10), 370);\n}\n",
      "timestamp": 1665510609,
      "stdout": "",
      "stderr": "thread 'main' panicked at 'assertion failed: `(left == right)`\n  left: `0`,\n right: `27`', /tmp/tmp_qttel2d.rs:18:5\nnote: run with `RUST_BACKTRACE=1` environment variable to display a backtrace\n",
      "exit_code": 101,
      "status": "Exception"
    },
    {
      "program": "/// Write a function to find the nth decagonal number.\nfn is_num_decagonal(n: isize) -> isize {\n    let mut i = 1;\n    let mut num = 0;\n    while i <= n {\n        num = i * (3 * i - 1) / 2;\n        i += 1;\n    }\n    num\n}\n\nfn main() {\n    let candidate = is_num_decagonal;\n    assert_eq!(candidate(3), 27);\n    assert_eq!(candidate(7), 175);\n    assert_eq!(candidate(10), 370);\n}\n",
      "timestamp": 1665510609,
      "stdout": "",
      "stderr": "thread 'main' panicked at 'assertion failed: `(left == right)`\n  left: `12`,\n right: `27`', /tmp/tmpjbf7vlkd.rs:14:5\nnote: run with `RUST_BACKTRACE=1` environment variable to display a backtrace\n",
      "exit_code": 101,
      "status": "Exception"
    },
    {
      "program": "/// Write a function to find the nth decagonal number.\nfn is_num_decagonal(n: isize) -> isize {\n    let mut i = 0;\n    let mut num = 0;\n    while num < n {\n        i += 1;\n        num = i * (3 * i - 1) / 2;\n    }\n    if num == n {\n        return i;\n    }\n    return -1;\n}\n\nfn main() {\n    let candidate = is_num_decagonal;\n    assert_eq!(candidate(3), 27);\n    assert_eq!(candidate(7), 175);\n    assert_eq!(candidate(10), 370);\n}\n",
      "timestamp": 1666123880,
      "stdout": "",
      "stderr": "thread 'main' panicked at 'assertion failed: `(left == right)`\n  left: `-1`,\n right: `27`', /tmp/tmpprimvj0o.rs:17:5\nnote: run with `RUST_BACKTRACE=1` environment variable to display a backtrace\n",
      "exit_code": 101,
      "status": "Exception"
    },
    {
      "program": "/// Write a function to find the nth decagonal number.\nfn is_num_decagonal(n: isize) -> isize {\n    let mut i = 0;\n    let mut num = 0;\n    while i < n {\n        num += 1;\n        if is_decagonal(num) {\n            i += 1;\n        }\n    }\n    num\n}\n\nfn main() {\n    let candidate = is_num_decagonal;\n    assert_eq!(candidate(3), 27);\n    assert_eq!(candidate(7), 175);\n    assert_eq!(candidate(10), 370);\n}\n",
      "timestamp": 1665510609,
      "stdout": "",
      "stderr": "error[E0425]: cannot find function `is_decagonal` in this scope\n --> /tmp/tmpe69d_7k8.rs:7:12\n  |\n7 |         if is_decagonal(num) {\n  |            ^^^^^^^^^^^^ not found in this scope\n\nerror: aborting due to previous error\n\nFor more information about this error, try `rustc --explain E0425`.\n",
      "exit_code": 1,
      "status": "SyntaxError"
    },
    {
      "program": "/// Write a function to find the nth decagonal number.\nfn is_num_decagonal(n: isize) -> isize {\n    let mut i = 0;\n    loop {\n        let num = i * (3 * i - 1) / 2;\n        if num == n {\n            return i;\n        }\n        if num > n {\n            return -1;\n        }\n        i += 1;\n    }\n}\n\nfn main() {\n    let candidate = is_num_decagonal;\n    assert_eq!(candidate(3), 27);\n    assert_eq!(candidate(7), 175);\n    assert_eq!(candidate(10), 370);\n}\n",
      "timestamp": 1665510609,
      "stdout": "",
      "stderr": "thread 'main' panicked at 'assertion failed: `(left == right)`\n  left: `-1`,\n right: `27`', /tmp/tmpxo386y6f.rs:18:5\nnote: run with `RUST_BACKTRACE=1` environment variable to display a backtrace\n",
      "exit_code": 101,
      "status": "Exception"
    },
    {
      "program": "/// Write a function to find the nth decagonal number.\nfn is_num_decagonal(n: isize) -> isize {\n    let mut i = 1;\n    let mut decagonal = 0;\n    while decagonal < n {\n        decagonal = i * (3 * i - 1) / 2;\n        i += 1;\n    }\n    decagonal\n}\n\nfn main() {\n    let candidate = is_num_decagonal;\n    assert_eq!(candidate(3), 27);\n    assert_eq!(candidate(7), 175);\n    assert_eq!(candidate(10), 370);\n}\n",
      "timestamp": 1665510609,
      "stdout": "",
      "stderr": "thread 'main' panicked at 'assertion failed: `(left == right)`\n  left: `5`,\n right: `27`', /tmp/tmpey9v37ae.rs:14:5\nnote: run with `RUST_BACKTRACE=1` environment variable to display a backtrace\n",
      "exit_code": 101,
      "status": "Exception"
    },
    {
      "program": "/// Write a function to find the nth decagonal number.\nfn is_num_decagonal(n: isize) -> isize {\n    let mut i = 0;\n    let mut num = 0;\n    while i < n {\n        num += 1;\n        if is_decagonal(num) {\n            i += 1;\n        }\n    }\n    num\n}\n\nfn main() {\n    let candidate = is_num_decagonal;\n    assert_eq!(candidate(3), 27);\n    assert_eq!(candidate(7), 175);\n    assert_eq!(candidate(10), 370);\n}\n",
      "timestamp": 1665510609,
      "stdout": "",
      "stderr": "error[E0425]: cannot find function `is_decagonal` in this scope\n --> /tmp/tmpe69d_7k8.rs:7:12\n  |\n7 |         if is_decagonal(num) {\n  |            ^^^^^^^^^^^^ not found in this scope\n\nerror: aborting due to previous error\n\nFor more information about this error, try `rustc --explain E0425`.\n",
      "exit_code": 1,
      "status": "SyntaxError"
    },
    {
      "program": "/// Write a function to find the nth decagonal number.\nfn is_num_decagonal(n: isize) -> isize {\n    let mut n = n;\n    let mut i = 1;\n    while n > 0 {\n        n -= i * 10;\n        i += 1;\n    }\n    if n == 0 {\n        return (i - 1) * 10;\n    }\n    return 0;\n}\n\nfn main() {\n    let candidate = is_num_decagonal;\n    assert_eq!(candidate(3), 27);\n    assert_eq!(candidate(7), 175);\n    assert_eq!(candidate(10), 370);\n}\n",
      "timestamp": 1666123880,
      "stdout": "",
      "stderr": "thread 'main' panicked at 'assertion failed: `(left == right)`\n  left: `0`,\n right: `27`', /tmp/tmp3f0eso7w.rs:17:5\nnote: run with `RUST_BACKTRACE=1` environment variable to display a backtrace\n",
      "exit_code": 101,
      "status": "Exception"
    },
    {
      "program": "/// Write a function to find the nth decagonal number.\nfn is_num_decagonal(n: isize) -> isize {\n    let mut i = 0;\n    let mut num = 0;\n    while i < n {\n        i += 1;\n        num = i * (3 * i - 1) / 2;\n    }\n    num\n}\n\nfn main() {\n    let candidate = is_num_decagonal;\n    assert_eq!(candidate(3), 27);\n    assert_eq!(candidate(7), 175);\n    assert_eq!(candidate(10), 370);\n}\n",
      "timestamp": 1665510609,
      "stdout": "",
      "stderr": "thread 'main' panicked at 'assertion failed: `(left == right)`\n  left: `12`,\n right: `27`', /tmp/tmpqw7kqdhm.rs:14:5\nnote: run with `RUST_BACKTRACE=1` environment variable to display a backtrace\n",
      "exit_code": 101,
      "status": "Exception"
    },
    {
      "program": "/// Write a function to find the nth decagonal number.\nfn is_num_decagonal(n: isize) -> isize {\n    let mut n = n;\n    let mut i = 1;\n    while n > 0 {\n        n -= i * 10;\n        i += 1;\n    }\n    if n == 0 {\n        return i - 1;\n    }\n    return 0;\n}\n\nfn main() {\n    let candidate = is_num_decagonal;\n    assert_eq!(candidate(3), 27);\n    assert_eq!(candidate(7), 175);\n    assert_eq!(candidate(10), 370);\n}\n",
      "timestamp": 1666123880,
      "stdout": "",
      "stderr": "thread 'main' panicked at 'assertion failed: `(left == right)`\n  left: `0`,\n right: `27`', /tmp/tmpcydi5lmx.rs:17:5\nnote: run with `RUST_BACKTRACE=1` environment variable to display a backtrace\n",
      "exit_code": 101,
      "status": "Exception"
    },
    {
      "program": "/// Write a function to find the nth decagonal number.\nfn is_num_decagonal(n: isize) -> isize {\n    let mut i = 0;\n    let mut result = 0;\n    while result < n {\n        i += 1;\n        result = i * (3 * i - 1) / 2;\n    }\n    if result == n {\n        i\n    } else {\n        0\n    }\n}\n\nfn main() {\n    let candidate = is_num_decagonal;\n    assert_eq!(candidate(3), 27);\n    assert_eq!(candidate(7), 175);\n    assert_eq!(candidate(10), 370);\n}\n",
      "timestamp": 1666123880,
      "stdout": "",
      "stderr": "thread 'main' panicked at 'assertion failed: `(left == right)`\n  left: `0`,\n right: `27`', /tmp/tmpnm0p7k6x.rs:18:5\nnote: run with `RUST_BACKTRACE=1` environment variable to display a backtrace\n",
      "exit_code": 101,
      "status": "Exception"
    },
    {
      "program": "/// Write a function to find the nth decagonal number.\nfn is_num_decagonal(n: isize) -> isize {\n    let mut i = 0;\n    let mut num = 0;\n    while i < n {\n        num += 1;\n        if is_decagonal(num) {\n            i += 1;\n        }\n    }\n    num\n}\n\nfn main() {\n    let candidate = is_num_decagonal;\n    assert_eq!(candidate(3), 27);\n    assert_eq!(candidate(7), 175);\n    assert_eq!(candidate(10), 370);\n}\n",
      "timestamp": 1665510609,
      "stdout": "",
      "stderr": "error[E0425]: cannot find function `is_decagonal` in this scope\n --> /tmp/tmpe69d_7k8.rs:7:12\n  |\n7 |         if is_decagonal(num) {\n  |            ^^^^^^^^^^^^ not found in this scope\n\nerror: aborting due to previous error\n\nFor more information about this error, try `rustc --explain E0425`.\n",
      "exit_code": 1,
      "status": "SyntaxError"
    },
    {
      "program": "/// Write a function to find the nth decagonal number.\nfn is_num_decagonal(n: isize) -> isize {\n    let mut i = 0;\n    loop {\n        i += 1;\n        let decagonal = i * (3 * i - 1) / 2;\n        if decagonal == n {\n            return i;\n        }\n    }\n}\n\nfn main() {\n    let candidate = is_num_decagonal;\n    assert_eq!(candidate(3), 27);\n    assert_eq!(candidate(7), 175);\n    assert_eq!(candidate(10), 370);\n}\n",
      "timestamp": 1666123879,
      "stdout": "",
      "stderr": "",
      "exit_code": -1,
      "status": "Timeout"
    },
    {
      "program": "/// Write a function to find the nth decagonal number.\nfn is_num_decagonal(n: isize) -> isize {\n    let mut nth_decagonal = 0;\n    let mut nth_num = 0;\n    let mut i = 1;\n    while nth_num != n {\n        nth_decagonal = i * (3 * i - 1) / 2;\n        if is_pentagonal(nth_decagonal) {\n            nth_num += 1;\n        }\n        i += 1;\n    }\n    nth_decagonal\n}\n\nfn main() {\n    let candidate = is_num_decagonal;\n    assert_eq!(candidate(3), 27);\n    assert_eq!(candidate(7), 175);\n    assert_eq!(candidate(10), 370);\n}\n",
      "timestamp": 1666123880,
      "stdout": "",
      "stderr": "error[E0425]: cannot find function `is_pentagonal` in this scope\n --> /tmp/tmpzkvp3ux5.rs:8:12\n  |\n8 |         if is_pentagonal(nth_decagonal) {\n  |            ^^^^^^^^^^^^^ not found in this scope\n\nerror: aborting due to previous error\n\nFor more information about this error, try `rustc --explain E0425`.\n",
      "exit_code": 1,
      "status": "SyntaxError"
    },
    {
      "program": "/// Write a function to find the nth decagonal number.\nfn is_num_decagonal(n: isize) -> isize {\n    let mut i = 0;\n    loop {\n        let decagonal = i * (3 * i - 1) / 2;\n        if decagonal == n {\n            return i;\n        }\n        if decagonal > n {\n            return -1;\n        }\n        i += 1;\n    }\n}\n\nfn main() {\n    let candidate = is_num_decagonal;\n    assert_eq!(candidate(3), 27);\n    assert_eq!(candidate(7), 175);\n    assert_eq!(candidate(10), 370);\n}\n",
      "timestamp": 1665510609,
      "stdout": "",
      "stderr": "thread 'main' panicked at 'assertion failed: `(left == right)`\n  left: `-1`,\n right: `27`', /tmp/tmp531_yewa.rs:18:5\nnote: run with `RUST_BACKTRACE=1` environment variable to display a backtrace\n",
      "exit_code": 101,
      "status": "Exception"
    },
    {
      "program": "/// Write a function to find the nth decagonal number.\nfn is_num_decagonal(n: isize) -> isize {\n    let mut i = 1;\n    let mut num = 0;\n    while num < n {\n        num = i * (3 * i - 1) / 2;\n        i += 1;\n    }\n    num\n}\n\nfn main() {\n    let candidate = is_num_decagonal;\n    assert_eq!(candidate(3), 27);\n    assert_eq!(candidate(7), 175);\n    assert_eq!(candidate(10), 370);\n}\n",
      "timestamp": 1665510609,
      "stdout": "",
      "stderr": "thread 'main' panicked at 'assertion failed: `(left == right)`\n  left: `5`,\n right: `27`', /tmp/tmpj80kznjb.rs:14:5\nnote: run with `RUST_BACKTRACE=1` environment variable to display a backtrace\n",
      "exit_code": 101,
      "status": "Exception"
    },
    {
      "program": "/// Write a function to find the nth decagonal number.\nfn is_num_decagonal(n: isize) -> isize {\n    let mut i = 0;\n    let mut num = 0;\n    while num < n {\n        i += 1;\n        num = i * (3 * i - 1) / 2;\n    }\n    num\n}\n\nfn main() {\n    let candidate = is_num_decagonal;\n    assert_eq!(candidate(3), 27);\n    assert_eq!(candidate(7), 175);\n    assert_eq!(candidate(10), 370);\n}\n",
      "timestamp": 1666123874,
      "stdout": "",
      "stderr": "thread 'main' panicked at 'assertion failed: `(left == right)`\n  left: `5`,\n right: `27`', /tmp/tmp6z13363l.rs:14:5\nnote: run with `RUST_BACKTRACE=1` environment variable to display a backtrace\n",
      "exit_code": 101,
      "status": "Exception"
    },
    {
      "program": "/// Write a function to find the nth decagonal number.\nfn is_num_decagonal(n: isize) -> isize {\n    let mut n = n;\n    let mut i = 0;\n    while n > 0 {\n        i += 1;\n        n -= i * 10;\n    }\n    if n == 0 {\n        i\n    } else {\n        0\n    }\n}\n\nfn main() {\n    let candidate = is_num_decagonal;\n    assert_eq!(candidate(3), 27);\n    assert_eq!(candidate(7), 175);\n    assert_eq!(candidate(10), 370);\n}\n",
      "timestamp": 1666123880,
      "stdout": "",
      "stderr": "thread 'main' panicked at 'assertion failed: `(left == right)`\n  left: `0`,\n right: `27`', /tmp/tmp4xvpsy9z.rs:18:5\nnote: run with `RUST_BACKTRACE=1` environment variable to display a backtrace\n",
      "exit_code": 101,
      "status": "Exception"
    },
    {
      "program": "/// Write a function to find the nth decagonal number.\nfn is_num_decagonal(n: isize) -> isize {\n    let mut i = 0;\n    let mut nth_decagonal = 0;\n    while nth_decagonal < n {\n        i += 1;\n        nth_decagonal = i * (3 * i - 2);\n    }\n    nth_decagonal\n}\n\nfn main() {\n    let candidate = is_num_decagonal;\n    assert_eq!(candidate(3), 27);\n    assert_eq!(candidate(7), 175);\n    assert_eq!(candidate(10), 370);\n}\n",
      "timestamp": 1666123880,
      "stdout": "",
      "stderr": "thread 'main' panicked at 'assertion failed: `(left == right)`\n  left: `8`,\n right: `27`', /tmp/tmpylrv9erk.rs:14:5\nnote: run with `RUST_BACKTRACE=1` environment variable to display a backtrace\n",
      "exit_code": 101,
      "status": "Exception"
    },
    {
      "program": "/// Write a function to find the nth decagonal number.\nfn is_num_decagonal(n: isize) -> isize {\n    let mut i = 1;\n    let mut num = 1;\n    while i < n {\n        num += 3;\n        if is_pentagonal(num) && is_hexagonal(num) {\n            i += 1;\n        }\n    }\n    num\n}\n\nfn main() {\n    let candidate = is_num_decagonal;\n    assert_eq!(candidate(3), 27);\n    assert_eq!(candidate(7), 175);\n    assert_eq!(candidate(10), 370);\n}\n",
      "timestamp": 1666123873,
      "stdout": "",
      "stderr": "error[E0425]: cannot find function `is_pentagonal` in this scope\n --> /tmp/tmpg6hbv2j6.rs:7:12\n  |\n7 |         if is_pentagonal(num) && is_hexagonal(num) {\n  |            ^^^^^^^^^^^^^ not found in this scope\n\nerror[E0425]: cannot find function `is_hexagonal` in this scope\n --> /tmp/tmpg6hbv2j6.rs:7:34\n  |\n7 |         if is_pentagonal(num) && is_hexagonal(num) {\n  |                                  ^^^^^^^^^^^^ not found in this scope\n\nerror: aborting due to 2 previous errors\n\nFor more information about this error, try `rustc --explain E0425`.\n",
      "exit_code": 1,
      "status": "SyntaxError"
    },
    {
      "program": "/// Write a function to find the nth decagonal number.\nfn is_num_decagonal(n: isize) -> isize {\n    let mut i = 0;\n    let mut decagonal = 0;\n    while decagonal < n {\n        i += 1;\n        decagonal = i * (3 * i - 1) / 2;\n    }\n    decagonal\n}\n\nfn main() {\n    let candidate = is_num_decagonal;\n    assert_eq!(candidate(3), 27);\n    assert_eq!(candidate(7), 175);\n    assert_eq!(candidate(10), 370);\n}\n",
      "timestamp": 1666123873,
      "stdout": "",
      "stderr": "thread 'main' panicked at 'assertion failed: `(left == right)`\n  left: `5`,\n right: `27`', /tmp/tmpxgsca60n.rs:14:5\nnote: run with `RUST_BACKTRACE=1` environment variable to display a backtrace\n",
      "exit_code": 101,
      "status": "Exception"
    },
    {
      "program": "/// Write a function to find the nth decagonal number.\nfn is_num_decagonal(n: isize) -> isize {\n    let mut i = 0;\n    loop {\n        let num = i * (3 * i - 1) / 2;\n        if num == n {\n            return i;\n        }\n        if num > n {\n            return 0;\n        }\n        i += 1;\n    }\n}\n\nfn main() {\n    let candidate = is_num_decagonal;\n    assert_eq!(candidate(3), 27);\n    assert_eq!(candidate(7), 175);\n    assert_eq!(candidate(10), 370);\n}\n",
      "timestamp": 1665510609,
      "stdout": "",
      "stderr": "thread 'main' panicked at 'assertion failed: `(left == right)`\n  left: `0`,\n right: `27`', /tmp/tmplf9_fcfj.rs:18:5\nnote: run with `RUST_BACKTRACE=1` environment variable to display a backtrace\n",
      "exit_code": 101,
      "status": "Exception"
    },
    {
      "program": "/// Write a function to find the nth decagonal number.\nfn is_num_decagonal(n: isize) -> isize {\n    let n = n as f64;\n    let nth_decagonal = n * (3.0 * n - 2.0);\n    nth_decagonal as isize\n}\n\nfn main() {\n    let candidate = is_num_decagonal;\n    assert_eq!(candidate(3), 27);\n    assert_eq!(candidate(7), 175);\n    assert_eq!(candidate(10), 370);\n}\n",
      "timestamp": 1666123880,
      "stdout": "",
      "stderr": "thread 'main' panicked at 'assertion failed: `(left == right)`\n  left: `21`,\n right: `27`', /tmp/tmpcsmtdico.rs:10:5\nnote: run with `RUST_BACKTRACE=1` environment variable to display a backtrace\n",
      "exit_code": 101,
      "status": "Exception"
    },
    {
      "program": "/// Write a function to find the nth decagonal number.\nfn is_num_decagonal(n: isize) -> isize {\n    let mut i = 1;\n    let mut num = 0;\n    while num < n {\n        num = i * (3 * i - 1) / 2;\n        i += 1;\n    }\n    if num == n {\n        return 1;\n    }\n    return 0;\n}\n\nfn main() {\n    let candidate = is_num_decagonal;\n    assert_eq!(candidate(3), 27);\n    assert_eq!(candidate(7), 175);\n    assert_eq!(candidate(10), 370);\n}\n",
      "timestamp": 1666123880,
      "stdout": "",
      "stderr": "thread 'main' panicked at 'assertion failed: `(left == right)`\n  left: `0`,\n right: `27`', /tmp/tmpma0xsogf.rs:17:5\nnote: run with `RUST_BACKTRACE=1` environment variable to display a backtrace\n",
      "exit_code": 101,
      "status": "Exception"
    },
    {
      "program": "/// Write a function to find the nth decagonal number.\nfn is_num_decagonal(n: isize) -> isize {\n    let mut i = 0;\n    let mut num = 0;\n    while i < n {\n        i += 1;\n        num = i * (3 * i - 1) / 2;\n    }\n    num\n}\n\nfn main() {\n    let candidate = is_num_decagonal;\n    assert_eq!(candidate(3), 27);\n    assert_eq!(candidate(7), 175);\n    assert_eq!(candidate(10), 370);\n}\n",
      "timestamp": 1665510609,
      "stdout": "",
      "stderr": "thread 'main' panicked at 'assertion failed: `(left == right)`\n  left: `12`,\n right: `27`', /tmp/tmpqw7kqdhm.rs:14:5\nnote: run with `RUST_BACKTRACE=1` environment variable to display a backtrace\n",
      "exit_code": 101,
      "status": "Exception"
    },
    {
      "program": "/// Write a function to find the nth decagonal number.\nfn is_num_decagonal(n: isize) -> isize {\n    let mut i = 0;\n    loop {\n        let num = i * (3 * i - 1) / 2;\n        if num == n {\n            return i;\n        } else if num > n {\n            return -1;\n        }\n        i += 1;\n    }\n}\n\nfn main() {\n    let candidate = is_num_decagonal;\n    assert_eq!(candidate(3), 27);\n    assert_eq!(candidate(7), 175);\n    assert_eq!(candidate(10), 370);\n}\n",
      "timestamp": 1665510609,
      "stdout": "",
      "stderr": "thread 'main' panicked at 'assertion failed: `(left == right)`\n  left: `-1`,\n right: `27`', /tmp/tmpe321v2yr.rs:17:5\nnote: run with `RUST_BACKTRACE=1` environment variable to display a backtrace\n",
      "exit_code": 101,
      "status": "Exception"
    },
    {
      "program": "/// Write a function to find the nth decagonal number.\nfn is_num_decagonal(n: isize) -> isize {\n    let mut i = 1;\n    let mut num = i * (3 * i - 1) / 2;\n    while num < n {\n        i += 1;\n        num = i * (3 * i - 1) / 2;\n    }\n    if num == n {\n        return i;\n    }\n    return 0;\n}\n\nfn main() {\n    let candidate = is_num_decagonal;\n    assert_eq!(candidate(3), 27);\n    assert_eq!(candidate(7), 175);\n    assert_eq!(candidate(10), 370);\n}\n",
      "timestamp": 1666123880,
      "stdout": "",
      "stderr": "thread 'main' panicked at 'assertion failed: `(left == right)`\n  left: `0`,\n right: `27`', /tmp/tmpz4xaidzt.rs:17:5\nnote: run with `RUST_BACKTRACE=1` environment variable to display a backtrace\n",
      "exit_code": 101,
      "status": "Exception"
    },
    {
      "program": "/// Write a function to find the nth decagonal number.\nfn is_num_decagonal(n: isize) -> isize {\n    let mut i = 0;\n    let mut num = 0;\n    while i < n {\n        num += 1;\n        if is_decagonal(num) {\n            i += 1;\n        }\n    }\n    num\n}\n\nfn main() {\n    let candidate = is_num_decagonal;\n    assert_eq!(candidate(3), 27);\n    assert_eq!(candidate(7), 175);\n    assert_eq!(candidate(10), 370);\n}\n",
      "timestamp": 1665510609,
      "stdout": "",
      "stderr": "error[E0425]: cannot find function `is_decagonal` in this scope\n --> /tmp/tmpe69d_7k8.rs:7:12\n  |\n7 |         if is_decagonal(num) {\n  |            ^^^^^^^^^^^^ not found in this scope\n\nerror: aborting due to previous error\n\nFor more information about this error, try `rustc --explain E0425`.\n",
      "exit_code": 1,
      "status": "SyntaxError"
    },
    {
      "program": "/// Write a function to find the nth decagonal number.\nfn is_num_decagonal(n: isize) -> isize {\n    let mut i = 1;\n    let mut num = 1;\n    while i < n {\n        num += 3 * i + 1;\n        i += 1;\n    }\n    num\n}\n\nfn main() {\n    let candidate = is_num_decagonal;\n    assert_eq!(candidate(3), 27);\n    assert_eq!(candidate(7), 175);\n    assert_eq!(candidate(10), 370);\n}\n",
      "timestamp": 1665510609,
      "stdout": "",
      "stderr": "thread 'main' panicked at 'assertion failed: `(left == right)`\n  left: `12`,\n right: `27`', /tmp/tmptvtw5fhy.rs:14:5\nnote: run with `RUST_BACKTRACE=1` environment variable to display a backtrace\n",
      "exit_code": 101,
      "status": "Exception"
    },
    {
      "program": "/// Write a function to find the nth decagonal number.\nfn is_num_decagonal(n: isize) -> isize {\n    let mut i = 0;\n    let mut num = 0;\n    while i < n {\n        num += 1;\n        if is_decagonal(num) {\n            i += 1;\n        }\n    }\n    num\n}\n\nfn main() {\n    let candidate = is_num_decagonal;\n    assert_eq!(candidate(3), 27);\n    assert_eq!(candidate(7), 175);\n    assert_eq!(candidate(10), 370);\n}\n",
      "timestamp": 1665510609,
      "stdout": "",
      "stderr": "error[E0425]: cannot find function `is_decagonal` in this scope\n --> /tmp/tmpe69d_7k8.rs:7:12\n  |\n7 |         if is_decagonal(num) {\n  |            ^^^^^^^^^^^^ not found in this scope\n\nerror: aborting due to previous error\n\nFor more information about this error, try `rustc --explain E0425`.\n",
      "exit_code": 1,
      "status": "SyntaxError"
    }
  ]
}