{
  "name": "mbpp_304_find_Element",
  "language": "swift",
  "prompt": "\n/// Write a swiftthon function to find element at a given index after number of rotations.\nfunc find_Element(arr: [Int], ranges: [[Int]], rotations: Int, index: Int) -> Int {\n",
  "doctests": "transform",
  "original": "/home/arjun/repos/MultiPL-E/datasets/../datasets/mbpp-typed/mbpp_304_find_Element.py",
  "prompt_terminology": "reworded",
  "tests": "}\n\n\nfunc ==(left: [(Int, Int)], right: [(Int, Int)]) -> Bool {\n    if left.count != right.count {\n        return false\n    }\n    for (l, r) in zip(left, right) {\n        if l != r {\n            return false\n        }\n    }\n    return true\n}\n            \nassert(find_Element(arr: [1, 2, 3, 4, 5], ranges: [[0, 2], [0, 3]], rotations: 2, index: 1) == 3)\nassert(find_Element(arr: [1, 2, 3, 4], ranges: [[0, 1], [0, 2]], rotations: 1, index: 2) == 3)\nassert(find_Element(arr: [1, 2, 3, 4, 5, 6], ranges: [[0, 1], [0, 2]], rotations: 1, index: 1) == 1)",
  "stop_tokens": [
    "\n}"
  ],
  "results": [
    {
      "program": "\n/// Write a swiftthon function to find element at a given index after number of rotations.\nfunc find_Element(arr: [Int], ranges: [[Int]], rotations: Int, index: Int) -> Int {\n    var newArr = arr\n    for range in ranges {\n        newArr = reverse(arr: newArr, range: range)\n    }\n    return newArr[index]\n}\n\n\nfunc ==(left: [(Int, Int)], right: [(Int, Int)]) -> Bool {\n    if left.count != right.count {\n        return false\n    }\n    for (l, r) in zip(left, right) {\n        if l != r {\n            return false\n        }\n    }\n    return true\n}\n            \nassert(find_Element(arr: [1, 2, 3, 4, 5], ranges: [[0, 2], [0, 3]], rotations: 2, index: 1) == 3)\nassert(find_Element(arr: [1, 2, 3, 4], ranges: [[0, 1], [0, 2]], rotations: 1, index: 2) == 3)\nassert(find_Element(arr: [1, 2, 3, 4, 5, 6], ranges: [[0, 1], [0, 2]], rotations: 1, index: 1) == 1)",
      "timestamp": 1665509863,
      "stdout": "",
      "stderr": "/tmp/tmp70bq_5cn.swift:6:18: error: cannot find 'reverse' in scope\n        newArr = reverse(arr: newArr, range: range)\n                 ^~~~~~~\n",
      "exit_code": 1,
      "status": "SyntaxError"
    },
    {
      "program": "\n/// Write a swiftthon function to find element at a given index after number of rotations.\nfunc find_Element(arr: [Int], ranges: [[Int]], rotations: Int, index: Int) -> Int {\n    var arr = arr\n    for range in ranges {\n        arr = reverse(arr: arr, range: range)\n    }\n    return arr[index]\n}\n\n\nfunc ==(left: [(Int, Int)], right: [(Int, Int)]) -> Bool {\n    if left.count != right.count {\n        return false\n    }\n    for (l, r) in zip(left, right) {\n        if l != r {\n            return false\n        }\n    }\n    return true\n}\n            \nassert(find_Element(arr: [1, 2, 3, 4, 5], ranges: [[0, 2], [0, 3]], rotations: 2, index: 1) == 3)\nassert(find_Element(arr: [1, 2, 3, 4], ranges: [[0, 1], [0, 2]], rotations: 1, index: 2) == 3)\nassert(find_Element(arr: [1, 2, 3, 4, 5, 6], ranges: [[0, 1], [0, 2]], rotations: 1, index: 1) == 1)",
      "timestamp": 1665509863,
      "stdout": "",
      "stderr": "/tmp/tmpx6a85idl.swift:6:15: error: cannot find 'reverse' in scope\n        arr = reverse(arr: arr, range: range)\n              ^~~~~~~\n",
      "exit_code": 1,
      "status": "SyntaxError"
    },
    {
      "program": "\n/// Write a swiftthon function to find element at a given index after number of rotations.\nfunc find_Element(arr: [Int], ranges: [[Int]], rotations: Int, index: Int) -> Int {\n    var arr = arr\n    for range in ranges {\n        arr = reverse(arr: arr, start: range[0], end: range[1])\n    }\n    return arr[(index + rotations) % arr.count]\n}\n\n\nfunc ==(left: [(Int, Int)], right: [(Int, Int)]) -> Bool {\n    if left.count != right.count {\n        return false\n    }\n    for (l, r) in zip(left, right) {\n        if l != r {\n            return false\n        }\n    }\n    return true\n}\n            \nassert(find_Element(arr: [1, 2, 3, 4, 5], ranges: [[0, 2], [0, 3]], rotations: 2, index: 1) == 3)\nassert(find_Element(arr: [1, 2, 3, 4], ranges: [[0, 1], [0, 2]], rotations: 1, index: 2) == 3)\nassert(find_Element(arr: [1, 2, 3, 4, 5, 6], ranges: [[0, 1], [0, 2]], rotations: 1, index: 1) == 1)",
      "timestamp": 1665509863,
      "stdout": "",
      "stderr": "/tmp/tmpsgeobm9j.swift:6:15: error: cannot find 'reverse' in scope\n        arr = reverse(arr: arr, start: range[0], end: range[1])\n              ^~~~~~~\n",
      "exit_code": 1,
      "status": "SyntaxError"
    },
    {
      "program": "\n/// Write a swiftthon function to find element at a given index after number of rotations.\nfunc find_Element(arr: [Int], ranges: [[Int]], rotations: Int, index: Int) -> Int {\n    var arr = arr\n    for range in ranges {\n        arr = reverse(arr: arr, range: range)\n    }\n    return arr[index]\n}\n\n\nfunc ==(left: [(Int, Int)], right: [(Int, Int)]) -> Bool {\n    if left.count != right.count {\n        return false\n    }\n    for (l, r) in zip(left, right) {\n        if l != r {\n            return false\n        }\n    }\n    return true\n}\n            \nassert(find_Element(arr: [1, 2, 3, 4, 5], ranges: [[0, 2], [0, 3]], rotations: 2, index: 1) == 3)\nassert(find_Element(arr: [1, 2, 3, 4], ranges: [[0, 1], [0, 2]], rotations: 1, index: 2) == 3)\nassert(find_Element(arr: [1, 2, 3, 4, 5, 6], ranges: [[0, 1], [0, 2]], rotations: 1, index: 1) == 1)",
      "timestamp": 1665509863,
      "stdout": "",
      "stderr": "/tmp/tmpx6a85idl.swift:6:15: error: cannot find 'reverse' in scope\n        arr = reverse(arr: arr, range: range)\n              ^~~~~~~\n",
      "exit_code": 1,
      "status": "SyntaxError"
    },
    {
      "program": "\n/// Write a swiftthon function to find element at a given index after number of rotations.\nfunc find_Element(arr: [Int], ranges: [[Int]], rotations: Int, index: Int) -> Int {\n    var arr = arr\n    for range in ranges {\n        arr = rotate(arr: arr, range: range, rotations: rotations)\n    }\n    return arr[index]\n}\n\n\nfunc ==(left: [(Int, Int)], right: [(Int, Int)]) -> Bool {\n    if left.count != right.count {\n        return false\n    }\n    for (l, r) in zip(left, right) {\n        if l != r {\n            return false\n        }\n    }\n    return true\n}\n            \nassert(find_Element(arr: [1, 2, 3, 4, 5], ranges: [[0, 2], [0, 3]], rotations: 2, index: 1) == 3)\nassert(find_Element(arr: [1, 2, 3, 4], ranges: [[0, 1], [0, 2]], rotations: 1, index: 2) == 3)\nassert(find_Element(arr: [1, 2, 3, 4, 5, 6], ranges: [[0, 1], [0, 2]], rotations: 1, index: 1) == 1)",
      "timestamp": 1665509863,
      "stdout": "",
      "stderr": "/tmp/tmp7ko4fjwh.swift:6:15: error: cannot find 'rotate' in scope\n        arr = rotate(arr: arr, range: range, rotations: rotations)\n              ^~~~~~\n",
      "exit_code": 1,
      "status": "SyntaxError"
    },
    {
      "program": "\n/// Write a swiftthon function to find element at a given index after number of rotations.\nfunc find_Element(arr: [Int], ranges: [[Int]], rotations: Int, index: Int) -> Int {\n    var result = 0\n    for i in 0..<ranges.count {\n        let range = ranges[i]\n        let start = range[0]\n        let end = range[1]\n        let count = end - start + 1\n        let rotation = rotations % count\n        let newIndex = (index + rotation) % count\n        result = arr[start + newIndex]\n    }\n    return result\n}\n\n\nfunc ==(left: [(Int, Int)], right: [(Int, Int)]) -> Bool {\n    if left.count != right.count {\n        return false\n    }\n    for (l, r) in zip(left, right) {\n        if l != r {\n            return false\n        }\n    }\n    return true\n}\n            \nassert(find_Element(arr: [1, 2, 3, 4, 5], ranges: [[0, 2], [0, 3]], rotations: 2, index: 1) == 3)\nassert(find_Element(arr: [1, 2, 3, 4], ranges: [[0, 1], [0, 2]], rotations: 1, index: 2) == 3)\nassert(find_Element(arr: [1, 2, 3, 4, 5, 6], ranges: [[0, 1], [0, 2]], rotations: 1, index: 1) == 1)",
      "timestamp": 1665509863,
      "stdout": "",
      "stderr": "tmpsjytq2ja/tmpsjytq2ja.swift:30: Assertion failed\nCurrent stack trace:\n0    libswiftCore.so                    0x00002ae8f4d49c80 _swift_stdlib_reportFatalErrorInFile + 112\n1    libswiftCore.so                    0x00002ae8f4a40b6c <unavailable> + 1436524\n2    libswiftCore.so                    0x00002ae8f4a40988 <unavailable> + 1436040\n3    libswiftCore.so                    0x00002ae8f4a3f7b0 _assertionFailure(_:_:file:line:flags:) + 699\n4    tmpsjytq2ja                        0x00005601b169c5fc <unavailable> + 5628\n5    libc.so.6                          0x00002ae8f4f35460 __libc_start_main + 245\n6    tmpsjytq2ja                        0x00005601b169c199 <unavailable> + 4505\n",
      "exit_code": -4,
      "status": "Exception"
    },
    {
      "program": "\n/// Write a swiftthon function to find element at a given index after number of rotations.\nfunc find_Element(arr: [Int], ranges: [[Int]], rotations: Int, index: Int) -> Int {\n    var arr = arr\n    for range in ranges {\n        arr = rotate(arr: arr, range: range)\n    }\n    return arr[index]\n}\n\n\nfunc ==(left: [(Int, Int)], right: [(Int, Int)]) -> Bool {\n    if left.count != right.count {\n        return false\n    }\n    for (l, r) in zip(left, right) {\n        if l != r {\n            return false\n        }\n    }\n    return true\n}\n            \nassert(find_Element(arr: [1, 2, 3, 4, 5], ranges: [[0, 2], [0, 3]], rotations: 2, index: 1) == 3)\nassert(find_Element(arr: [1, 2, 3, 4], ranges: [[0, 1], [0, 2]], rotations: 1, index: 2) == 3)\nassert(find_Element(arr: [1, 2, 3, 4, 5, 6], ranges: [[0, 1], [0, 2]], rotations: 1, index: 1) == 1)",
      "timestamp": 1665509863,
      "stdout": "",
      "stderr": "/tmp/tmp7vq21ehg.swift:6:15: error: cannot find 'rotate' in scope\n        arr = rotate(arr: arr, range: range)\n              ^~~~~~\n",
      "exit_code": 1,
      "status": "SyntaxError"
    },
    {
      "program": "\n/// Write a swiftthon function to find element at a given index after number of rotations.\nfunc find_Element(arr: [Int], ranges: [[Int]], rotations: Int, index: Int) -> Int {\n    var newArr = arr\n    for range in ranges {\n        newArr = reverse(arr: newArr, start: range[0], end: range[1])\n    }\n    let newIndex = (index + rotations) % arr.count\n    return newArr[newIndex]\n}\n\n\nfunc ==(left: [(Int, Int)], right: [(Int, Int)]) -> Bool {\n    if left.count != right.count {\n        return false\n    }\n    for (l, r) in zip(left, right) {\n        if l != r {\n            return false\n        }\n    }\n    return true\n}\n            \nassert(find_Element(arr: [1, 2, 3, 4, 5], ranges: [[0, 2], [0, 3]], rotations: 2, index: 1) == 3)\nassert(find_Element(arr: [1, 2, 3, 4], ranges: [[0, 1], [0, 2]], rotations: 1, index: 2) == 3)\nassert(find_Element(arr: [1, 2, 3, 4, 5, 6], ranges: [[0, 1], [0, 2]], rotations: 1, index: 1) == 1)",
      "timestamp": 1665509863,
      "stdout": "",
      "stderr": "/tmp/tmphk_apm8d.swift:6:18: error: cannot find 'reverse' in scope\n        newArr = reverse(arr: newArr, start: range[0], end: range[1])\n                 ^~~~~~~\n",
      "exit_code": 1,
      "status": "SyntaxError"
    },
    {
      "program": "\n/// Write a swiftthon function to find element at a given index after number of rotations.\nfunc find_Element(arr: [Int], ranges: [[Int]], rotations: Int, index: Int) -> Int {\n    var arr = arr\n    for range in ranges {\n        arr = rotate(arr: arr, range: range, rotations: rotations)\n    }\n    return arr[index]\n}\n\n\nfunc ==(left: [(Int, Int)], right: [(Int, Int)]) -> Bool {\n    if left.count != right.count {\n        return false\n    }\n    for (l, r) in zip(left, right) {\n        if l != r {\n            return false\n        }\n    }\n    return true\n}\n            \nassert(find_Element(arr: [1, 2, 3, 4, 5], ranges: [[0, 2], [0, 3]], rotations: 2, index: 1) == 3)\nassert(find_Element(arr: [1, 2, 3, 4], ranges: [[0, 1], [0, 2]], rotations: 1, index: 2) == 3)\nassert(find_Element(arr: [1, 2, 3, 4, 5, 6], ranges: [[0, 1], [0, 2]], rotations: 1, index: 1) == 1)",
      "timestamp": 1665509863,
      "stdout": "",
      "stderr": "/tmp/tmp7ko4fjwh.swift:6:15: error: cannot find 'rotate' in scope\n        arr = rotate(arr: arr, range: range, rotations: rotations)\n              ^~~~~~\n",
      "exit_code": 1,
      "status": "SyntaxError"
    },
    {
      "program": "\n/// Write a swiftthon function to find element at a given index after number of rotations.\nfunc find_Element(arr: [Int], ranges: [[Int]], rotations: Int, index: Int) -> Int {\n    var arr = arr\n    for range in ranges {\n        arr = rotate(arr: arr, from: range[0], to: range[1])\n    }\n    return arr[index]\n}\n\n\nfunc ==(left: [(Int, Int)], right: [(Int, Int)]) -> Bool {\n    if left.count != right.count {\n        return false\n    }\n    for (l, r) in zip(left, right) {\n        if l != r {\n            return false\n        }\n    }\n    return true\n}\n            \nassert(find_Element(arr: [1, 2, 3, 4, 5], ranges: [[0, 2], [0, 3]], rotations: 2, index: 1) == 3)\nassert(find_Element(arr: [1, 2, 3, 4], ranges: [[0, 1], [0, 2]], rotations: 1, index: 2) == 3)\nassert(find_Element(arr: [1, 2, 3, 4, 5, 6], ranges: [[0, 1], [0, 2]], rotations: 1, index: 1) == 1)",
      "timestamp": 1665509863,
      "stdout": "",
      "stderr": "/tmp/tmpcogpv0b3.swift:6:15: error: cannot find 'rotate' in scope\n        arr = rotate(arr: arr, from: range[0], to: range[1])\n              ^~~~~~\n",
      "exit_code": 1,
      "status": "SyntaxError"
    },
    {
      "program": "\n/// Write a swiftthon function to find element at a given index after number of rotations.\nfunc find_Element(arr: [Int], ranges: [[Int]], rotations: Int, index: Int) -> Int {\n    var arr = arr\n    for range in ranges {\n        arr = rotate(arr: arr, range: range, rotations: rotations)\n    }\n    return arr[index]\n}\n\n\nfunc ==(left: [(Int, Int)], right: [(Int, Int)]) -> Bool {\n    if left.count != right.count {\n        return false\n    }\n    for (l, r) in zip(left, right) {\n        if l != r {\n            return false\n        }\n    }\n    return true\n}\n            \nassert(find_Element(arr: [1, 2, 3, 4, 5], ranges: [[0, 2], [0, 3]], rotations: 2, index: 1) == 3)\nassert(find_Element(arr: [1, 2, 3, 4], ranges: [[0, 1], [0, 2]], rotations: 1, index: 2) == 3)\nassert(find_Element(arr: [1, 2, 3, 4, 5, 6], ranges: [[0, 1], [0, 2]], rotations: 1, index: 1) == 1)",
      "timestamp": 1665509863,
      "stdout": "",
      "stderr": "/tmp/tmp7ko4fjwh.swift:6:15: error: cannot find 'rotate' in scope\n        arr = rotate(arr: arr, range: range, rotations: rotations)\n              ^~~~~~\n",
      "exit_code": 1,
      "status": "SyntaxError"
    },
    {
      "program": "\n/// Write a swiftthon function to find element at a given index after number of rotations.\nfunc find_Element(arr: [Int], ranges: [[Int]], rotations: Int, index: Int) -> Int {\n    var arr = arr\n    for range in ranges {\n        arr = rotate(arr: arr, range: range)\n    }\n    return arr[index]\n}\n\n\nfunc ==(left: [(Int, Int)], right: [(Int, Int)]) -> Bool {\n    if left.count != right.count {\n        return false\n    }\n    for (l, r) in zip(left, right) {\n        if l != r {\n            return false\n        }\n    }\n    return true\n}\n            \nassert(find_Element(arr: [1, 2, 3, 4, 5], ranges: [[0, 2], [0, 3]], rotations: 2, index: 1) == 3)\nassert(find_Element(arr: [1, 2, 3, 4], ranges: [[0, 1], [0, 2]], rotations: 1, index: 2) == 3)\nassert(find_Element(arr: [1, 2, 3, 4, 5, 6], ranges: [[0, 1], [0, 2]], rotations: 1, index: 1) == 1)",
      "timestamp": 1665509863,
      "stdout": "",
      "stderr": "/tmp/tmp7vq21ehg.swift:6:15: error: cannot find 'rotate' in scope\n        arr = rotate(arr: arr, range: range)\n              ^~~~~~\n",
      "exit_code": 1,
      "status": "SyntaxError"
    },
    {
      "program": "\n/// Write a swiftthon function to find element at a given index after number of rotations.\nfunc find_Element(arr: [Int], ranges: [[Int]], rotations: Int, index: Int) -> Int {\n    var arr = arr\n    for range in ranges {\n        arr = rotate(arr: arr, range: range, rotations: rotations)\n    }\n    return arr[index]\n}\n\n\nfunc ==(left: [(Int, Int)], right: [(Int, Int)]) -> Bool {\n    if left.count != right.count {\n        return false\n    }\n    for (l, r) in zip(left, right) {\n        if l != r {\n            return false\n        }\n    }\n    return true\n}\n            \nassert(find_Element(arr: [1, 2, 3, 4, 5], ranges: [[0, 2], [0, 3]], rotations: 2, index: 1) == 3)\nassert(find_Element(arr: [1, 2, 3, 4], ranges: [[0, 1], [0, 2]], rotations: 1, index: 2) == 3)\nassert(find_Element(arr: [1, 2, 3, 4, 5, 6], ranges: [[0, 1], [0, 2]], rotations: 1, index: 1) == 1)",
      "timestamp": 1665509863,
      "stdout": "",
      "stderr": "/tmp/tmp7ko4fjwh.swift:6:15: error: cannot find 'rotate' in scope\n        arr = rotate(arr: arr, range: range, rotations: rotations)\n              ^~~~~~\n",
      "exit_code": 1,
      "status": "SyntaxError"
    },
    {
      "program": "\n/// Write a swiftthon function to find element at a given index after number of rotations.\nfunc find_Element(arr: [Int], ranges: [[Int]], rotations: Int, index: Int) -> Int {\n    var arr = arr\n    for range in ranges {\n        arr = rotate(arr: arr, range: range)\n    }\n    return arr[index]\n}\n\n\nfunc ==(left: [(Int, Int)], right: [(Int, Int)]) -> Bool {\n    if left.count != right.count {\n        return false\n    }\n    for (l, r) in zip(left, right) {\n        if l != r {\n            return false\n        }\n    }\n    return true\n}\n            \nassert(find_Element(arr: [1, 2, 3, 4, 5], ranges: [[0, 2], [0, 3]], rotations: 2, index: 1) == 3)\nassert(find_Element(arr: [1, 2, 3, 4], ranges: [[0, 1], [0, 2]], rotations: 1, index: 2) == 3)\nassert(find_Element(arr: [1, 2, 3, 4, 5, 6], ranges: [[0, 1], [0, 2]], rotations: 1, index: 1) == 1)",
      "timestamp": 1665509863,
      "stdout": "",
      "stderr": "/tmp/tmp7vq21ehg.swift:6:15: error: cannot find 'rotate' in scope\n        arr = rotate(arr: arr, range: range)\n              ^~~~~~\n",
      "exit_code": 1,
      "status": "SyntaxError"
    },
    {
      "program": "\n/// Write a swiftthon function to find element at a given index after number of rotations.\nfunc find_Element(arr: [Int], ranges: [[Int]], rotations: Int, index: Int) -> Int {\n    var arr = arr\n    for range in ranges {\n        arr = rotate(arr: arr, range: range, rotations: rotations)\n    }\n    return arr[index]\n}\n\n\nfunc ==(left: [(Int, Int)], right: [(Int, Int)]) -> Bool {\n    if left.count != right.count {\n        return false\n    }\n    for (l, r) in zip(left, right) {\n        if l != r {\n            return false\n        }\n    }\n    return true\n}\n            \nassert(find_Element(arr: [1, 2, 3, 4, 5], ranges: [[0, 2], [0, 3]], rotations: 2, index: 1) == 3)\nassert(find_Element(arr: [1, 2, 3, 4], ranges: [[0, 1], [0, 2]], rotations: 1, index: 2) == 3)\nassert(find_Element(arr: [1, 2, 3, 4, 5, 6], ranges: [[0, 1], [0, 2]], rotations: 1, index: 1) == 1)",
      "timestamp": 1665509863,
      "stdout": "",
      "stderr": "/tmp/tmp7ko4fjwh.swift:6:15: error: cannot find 'rotate' in scope\n        arr = rotate(arr: arr, range: range, rotations: rotations)\n              ^~~~~~\n",
      "exit_code": 1,
      "status": "SyntaxError"
    },
    {
      "program": "\n/// Write a swiftthon function to find element at a given index after number of rotations.\nfunc find_Element(arr: [Int], ranges: [[Int]], rotations: Int, index: Int) -> Int {\n    var arr = arr\n    for range in ranges {\n        arr = reverse(arr: arr, range: range)\n    }\n    return arr[index]\n}\n\n\nfunc ==(left: [(Int, Int)], right: [(Int, Int)]) -> Bool {\n    if left.count != right.count {\n        return false\n    }\n    for (l, r) in zip(left, right) {\n        if l != r {\n            return false\n        }\n    }\n    return true\n}\n            \nassert(find_Element(arr: [1, 2, 3, 4, 5], ranges: [[0, 2], [0, 3]], rotations: 2, index: 1) == 3)\nassert(find_Element(arr: [1, 2, 3, 4], ranges: [[0, 1], [0, 2]], rotations: 1, index: 2) == 3)\nassert(find_Element(arr: [1, 2, 3, 4, 5, 6], ranges: [[0, 1], [0, 2]], rotations: 1, index: 1) == 1)",
      "timestamp": 1665509863,
      "stdout": "",
      "stderr": "/tmp/tmpx6a85idl.swift:6:15: error: cannot find 'reverse' in scope\n        arr = reverse(arr: arr, range: range)\n              ^~~~~~~\n",
      "exit_code": 1,
      "status": "SyntaxError"
    },
    {
      "program": "\n/// Write a swiftthon function to find element at a given index after number of rotations.\nfunc find_Element(arr: [Int], ranges: [[Int]], rotations: Int, index: Int) -> Int {\n    var arr = arr\n    for range in ranges {\n        arr = rotate(arr: arr, range: range)\n    }\n    return arr[index]\n}\n\n\nfunc ==(left: [(Int, Int)], right: [(Int, Int)]) -> Bool {\n    if left.count != right.count {\n        return false\n    }\n    for (l, r) in zip(left, right) {\n        if l != r {\n            return false\n        }\n    }\n    return true\n}\n            \nassert(find_Element(arr: [1, 2, 3, 4, 5], ranges: [[0, 2], [0, 3]], rotations: 2, index: 1) == 3)\nassert(find_Element(arr: [1, 2, 3, 4], ranges: [[0, 1], [0, 2]], rotations: 1, index: 2) == 3)\nassert(find_Element(arr: [1, 2, 3, 4, 5, 6], ranges: [[0, 1], [0, 2]], rotations: 1, index: 1) == 1)",
      "timestamp": 1665509863,
      "stdout": "",
      "stderr": "/tmp/tmp7vq21ehg.swift:6:15: error: cannot find 'rotate' in scope\n        arr = rotate(arr: arr, range: range)\n              ^~~~~~\n",
      "exit_code": 1,
      "status": "SyntaxError"
    },
    {
      "program": "\n/// Write a swiftthon function to find element at a given index after number of rotations.\nfunc find_Element(arr: [Int], ranges: [[Int]], rotations: Int, index: Int) -> Int {\n    var result = 0\n    for range in ranges {\n        let start = range[0]\n        let end = range[1]\n        let subArr = arr[start...end]\n        let subArrCount = subArr.count\n        let rotation = rotations % subArrCount\n        let subArrRotated = subArr.rotate(rotation)\n        result = subArrRotated[index]\n    }\n    return result\n}\n\n\nfunc ==(left: [(Int, Int)], right: [(Int, Int)]) -> Bool {\n    if left.count != right.count {\n        return false\n    }\n    for (l, r) in zip(left, right) {\n        if l != r {\n            return false\n        }\n    }\n    return true\n}\n            \nassert(find_Element(arr: [1, 2, 3, 4, 5], ranges: [[0, 2], [0, 3]], rotations: 2, index: 1) == 3)\nassert(find_Element(arr: [1, 2, 3, 4], ranges: [[0, 1], [0, 2]], rotations: 1, index: 2) == 3)\nassert(find_Element(arr: [1, 2, 3, 4, 5, 6], ranges: [[0, 1], [0, 2]], rotations: 1, index: 1) == 1)",
      "timestamp": 1665509863,
      "stdout": "",
      "stderr": "/tmp/tmpzvq4ciyy.swift:11:36: error: value of type 'ArraySlice<Int>' has no member 'rotate'\n        let subArrRotated = subArr.rotate(rotation)\n                            ~~~~~~ ^~~~~~\n",
      "exit_code": 1,
      "status": "SyntaxError"
    },
    {
      "program": "\n/// Write a swiftthon function to find element at a given index after number of rotations.\nfunc find_Element(arr: [Int], ranges: [[Int]], rotations: Int, index: Int) -> Int {\n    var arr = arr\n    for range in ranges {\n        arr = reverse(arr: arr, start: range[0], end: range[1])\n    }\n    return arr[(index + rotations) % arr.count]\n}\n\n\nfunc ==(left: [(Int, Int)], right: [(Int, Int)]) -> Bool {\n    if left.count != right.count {\n        return false\n    }\n    for (l, r) in zip(left, right) {\n        if l != r {\n            return false\n        }\n    }\n    return true\n}\n            \nassert(find_Element(arr: [1, 2, 3, 4, 5], ranges: [[0, 2], [0, 3]], rotations: 2, index: 1) == 3)\nassert(find_Element(arr: [1, 2, 3, 4], ranges: [[0, 1], [0, 2]], rotations: 1, index: 2) == 3)\nassert(find_Element(arr: [1, 2, 3, 4, 5, 6], ranges: [[0, 1], [0, 2]], rotations: 1, index: 1) == 1)",
      "timestamp": 1665509863,
      "stdout": "",
      "stderr": "/tmp/tmpsgeobm9j.swift:6:15: error: cannot find 'reverse' in scope\n        arr = reverse(arr: arr, start: range[0], end: range[1])\n              ^~~~~~~\n",
      "exit_code": 1,
      "status": "SyntaxError"
    },
    {
      "program": "\n/// Write a swiftthon function to find element at a given index after number of rotations.\nfunc find_Element(arr: [Int], ranges: [[Int]], rotations: Int, index: Int) -> Int {\n    var arr = arr\n    for range in ranges {\n        arr = rotate(arr: arr, from: range[0], to: range[1])\n    }\n    return arr[index]\n}\n\n\nfunc ==(left: [(Int, Int)], right: [(Int, Int)]) -> Bool {\n    if left.count != right.count {\n        return false\n    }\n    for (l, r) in zip(left, right) {\n        if l != r {\n            return false\n        }\n    }\n    return true\n}\n            \nassert(find_Element(arr: [1, 2, 3, 4, 5], ranges: [[0, 2], [0, 3]], rotations: 2, index: 1) == 3)\nassert(find_Element(arr: [1, 2, 3, 4], ranges: [[0, 1], [0, 2]], rotations: 1, index: 2) == 3)\nassert(find_Element(arr: [1, 2, 3, 4, 5, 6], ranges: [[0, 1], [0, 2]], rotations: 1, index: 1) == 1)",
      "timestamp": 1665509863,
      "stdout": "",
      "stderr": "/tmp/tmpcogpv0b3.swift:6:15: error: cannot find 'rotate' in scope\n        arr = rotate(arr: arr, from: range[0], to: range[1])\n              ^~~~~~\n",
      "exit_code": 1,
      "status": "SyntaxError"
    },
    {
      "program": "\n/// Write a swiftthon function to find element at a given index after number of rotations.\nfunc find_Element(arr: [Int], ranges: [[Int]], rotations: Int, index: Int) -> Int {\n    var arr = arr\n    for range in ranges {\n        arr = rotate(arr: arr, range: range)\n    }\n    return arr[index]\n}\n\n\nfunc ==(left: [(Int, Int)], right: [(Int, Int)]) -> Bool {\n    if left.count != right.count {\n        return false\n    }\n    for (l, r) in zip(left, right) {\n        if l != r {\n            return false\n        }\n    }\n    return true\n}\n            \nassert(find_Element(arr: [1, 2, 3, 4, 5], ranges: [[0, 2], [0, 3]], rotations: 2, index: 1) == 3)\nassert(find_Element(arr: [1, 2, 3, 4], ranges: [[0, 1], [0, 2]], rotations: 1, index: 2) == 3)\nassert(find_Element(arr: [1, 2, 3, 4, 5, 6], ranges: [[0, 1], [0, 2]], rotations: 1, index: 1) == 1)",
      "timestamp": 1665509863,
      "stdout": "",
      "stderr": "/tmp/tmp7vq21ehg.swift:6:15: error: cannot find 'rotate' in scope\n        arr = rotate(arr: arr, range: range)\n              ^~~~~~\n",
      "exit_code": 1,
      "status": "SyntaxError"
    },
    {
      "program": "\n/// Write a swiftthon function to find element at a given index after number of rotations.\nfunc find_Element(arr: [Int], ranges: [[Int]], rotations: Int, index: Int) -> Int {\n    var arr = arr\n    for range in ranges {\n        arr = rotate(arr: arr, range: range)\n    }\n    return arr[index]\n}\n\n\nfunc ==(left: [(Int, Int)], right: [(Int, Int)]) -> Bool {\n    if left.count != right.count {\n        return false\n    }\n    for (l, r) in zip(left, right) {\n        if l != r {\n            return false\n        }\n    }\n    return true\n}\n            \nassert(find_Element(arr: [1, 2, 3, 4, 5], ranges: [[0, 2], [0, 3]], rotations: 2, index: 1) == 3)\nassert(find_Element(arr: [1, 2, 3, 4], ranges: [[0, 1], [0, 2]], rotations: 1, index: 2) == 3)\nassert(find_Element(arr: [1, 2, 3, 4, 5, 6], ranges: [[0, 1], [0, 2]], rotations: 1, index: 1) == 1)",
      "timestamp": 1665509863,
      "stdout": "",
      "stderr": "/tmp/tmp7vq21ehg.swift:6:15: error: cannot find 'rotate' in scope\n        arr = rotate(arr: arr, range: range)\n              ^~~~~~\n",
      "exit_code": 1,
      "status": "SyntaxError"
    },
    {
      "program": "\n/// Write a swiftthon function to find element at a given index after number of rotations.\nfunc find_Element(arr: [Int], ranges: [[Int]], rotations: Int, index: Int) -> Int {\n    var arr = arr\n    var ranges = ranges\n    var rotations = rotations\n    var index = index\n    var i = 0\n    while i < rotations {\n        let range = ranges[i]\n        let start = range[0]\n        let end = range[1]\n        let temp = arr[start]\n        arr[start] = arr[end]\n        arr[end] = temp\n        i += 1\n    }\n    return arr[index]\n}\n\n\nfunc ==(left: [(Int, Int)], right: [(Int, Int)]) -> Bool {\n    if left.count != right.count {\n        return false\n    }\n    for (l, r) in zip(left, right) {\n        if l != r {\n            return false\n        }\n    }\n    return true\n}\n            \nassert(find_Element(arr: [1, 2, 3, 4, 5], ranges: [[0, 2], [0, 3]], rotations: 2, index: 1) == 3)\nassert(find_Element(arr: [1, 2, 3, 4], ranges: [[0, 1], [0, 2]], rotations: 1, index: 2) == 3)\nassert(find_Element(arr: [1, 2, 3, 4, 5, 6], ranges: [[0, 1], [0, 2]], rotations: 1, index: 1) == 1)",
      "timestamp": 1666122825,
      "stdout": "",
      "stderr": "tmp1y8s7cbk/tmp1y8s7cbk.swift:34: Assertion failed\nCurrent stack trace:\n0    libswiftCore.so                    0x00002acf1dc87c80 _swift_stdlib_reportFatalErrorInFile + 112\n1    libswiftCore.so                    0x00002acf1d97eb6c <unavailable> + 1436524\n2    libswiftCore.so                    0x00002acf1d97e988 <unavailable> + 1436040\n3    libswiftCore.so                    0x00002acf1d97d7b0 _assertionFailure(_:_:file:line:flags:) + 699\n4    tmp1y8s7cbk                        0x000055ab2f97f4cc <unavailable> + 5324\n5    libc.so.6                          0x00002acf1de73460 __libc_start_main + 245\n6    tmp1y8s7cbk                        0x000055ab2f97f069 <unavailable> + 4201\n",
      "exit_code": -4,
      "status": "Exception"
    },
    {
      "program": "\n/// Write a swiftthon function to find element at a given index after number of rotations.\nfunc find_Element(arr: [Int], ranges: [[Int]], rotations: Int, index: Int) -> Int {\n    var arr = arr\n    for range in ranges {\n        arr = rotate_Array(arr: arr, range: range, rotations: rotations)\n    }\n    return arr[index]\n}\n\n\nfunc ==(left: [(Int, Int)], right: [(Int, Int)]) -> Bool {\n    if left.count != right.count {\n        return false\n    }\n    for (l, r) in zip(left, right) {\n        if l != r {\n            return false\n        }\n    }\n    return true\n}\n            \nassert(find_Element(arr: [1, 2, 3, 4, 5], ranges: [[0, 2], [0, 3]], rotations: 2, index: 1) == 3)\nassert(find_Element(arr: [1, 2, 3, 4], ranges: [[0, 1], [0, 2]], rotations: 1, index: 2) == 3)\nassert(find_Element(arr: [1, 2, 3, 4, 5, 6], ranges: [[0, 1], [0, 2]], rotations: 1, index: 1) == 1)",
      "timestamp": 1666122824,
      "stdout": "",
      "stderr": "/tmp/tmp00k_e6a4.swift:6:15: error: cannot find 'rotate_Array' in scope\n        arr = rotate_Array(arr: arr, range: range, rotations: rotations)\n              ^~~~~~~~~~~~\n",
      "exit_code": 1,
      "status": "SyntaxError"
    },
    {
      "program": "\n/// Write a swiftthon function to find element at a given index after number of rotations.\nfunc find_Element(arr: [Int], ranges: [[Int]], rotations: Int, index: Int) -> Int {\n    var arr = arr\n    for range in ranges {\n        arr = rotate_Array(arr: arr, range: range, rotations: rotations)\n    }\n    return arr[index]\n}\n\n\nfunc ==(left: [(Int, Int)], right: [(Int, Int)]) -> Bool {\n    if left.count != right.count {\n        return false\n    }\n    for (l, r) in zip(left, right) {\n        if l != r {\n            return false\n        }\n    }\n    return true\n}\n            \nassert(find_Element(arr: [1, 2, 3, 4, 5], ranges: [[0, 2], [0, 3]], rotations: 2, index: 1) == 3)\nassert(find_Element(arr: [1, 2, 3, 4], ranges: [[0, 1], [0, 2]], rotations: 1, index: 2) == 3)\nassert(find_Element(arr: [1, 2, 3, 4, 5, 6], ranges: [[0, 1], [0, 2]], rotations: 1, index: 1) == 1)",
      "timestamp": 1666122824,
      "stdout": "",
      "stderr": "/tmp/tmp00k_e6a4.swift:6:15: error: cannot find 'rotate_Array' in scope\n        arr = rotate_Array(arr: arr, range: range, rotations: rotations)\n              ^~~~~~~~~~~~\n",
      "exit_code": 1,
      "status": "SyntaxError"
    },
    {
      "program": "\n/// Write a swiftthon function to find element at a given index after number of rotations.\nfunc find_Element(arr: [Int], ranges: [[Int]], rotations: Int, index: Int) -> Int {\n    var arr = arr\n    for range in ranges {\n        arr = rotate(arr: arr, range: range)\n    }\n    return arr[index]\n}\n\n\nfunc ==(left: [(Int, Int)], right: [(Int, Int)]) -> Bool {\n    if left.count != right.count {\n        return false\n    }\n    for (l, r) in zip(left, right) {\n        if l != r {\n            return false\n        }\n    }\n    return true\n}\n            \nassert(find_Element(arr: [1, 2, 3, 4, 5], ranges: [[0, 2], [0, 3]], rotations: 2, index: 1) == 3)\nassert(find_Element(arr: [1, 2, 3, 4], ranges: [[0, 1], [0, 2]], rotations: 1, index: 2) == 3)\nassert(find_Element(arr: [1, 2, 3, 4, 5, 6], ranges: [[0, 1], [0, 2]], rotations: 1, index: 1) == 1)",
      "timestamp": 1665509863,
      "stdout": "",
      "stderr": "/tmp/tmp7vq21ehg.swift:6:15: error: cannot find 'rotate' in scope\n        arr = rotate(arr: arr, range: range)\n              ^~~~~~\n",
      "exit_code": 1,
      "status": "SyntaxError"
    },
    {
      "program": "\n/// Write a swiftthon function to find element at a given index after number of rotations.\nfunc find_Element(arr: [Int], ranges: [[Int]], rotations: Int, index: Int) -> Int {\n    var arr = arr\n    for range in ranges {\n        arr = rotate(arr: arr, range: range)\n    }\n    return arr[index]\n}\n\n\nfunc ==(left: [(Int, Int)], right: [(Int, Int)]) -> Bool {\n    if left.count != right.count {\n        return false\n    }\n    for (l, r) in zip(left, right) {\n        if l != r {\n            return false\n        }\n    }\n    return true\n}\n            \nassert(find_Element(arr: [1, 2, 3, 4, 5], ranges: [[0, 2], [0, 3]], rotations: 2, index: 1) == 3)\nassert(find_Element(arr: [1, 2, 3, 4], ranges: [[0, 1], [0, 2]], rotations: 1, index: 2) == 3)\nassert(find_Element(arr: [1, 2, 3, 4, 5, 6], ranges: [[0, 1], [0, 2]], rotations: 1, index: 1) == 1)",
      "timestamp": 1665509863,
      "stdout": "",
      "stderr": "/tmp/tmp7vq21ehg.swift:6:15: error: cannot find 'rotate' in scope\n        arr = rotate(arr: arr, range: range)\n              ^~~~~~\n",
      "exit_code": 1,
      "status": "SyntaxError"
    },
    {
      "program": "\n/// Write a swiftthon function to find element at a given index after number of rotations.\nfunc find_Element(arr: [Int], ranges: [[Int]], rotations: Int, index: Int) -> Int {\n    var arr = arr\n    for range in ranges {\n        arr = rotate(arr: arr, range: range)\n    }\n    return arr[index]\n}\n\n\nfunc ==(left: [(Int, Int)], right: [(Int, Int)]) -> Bool {\n    if left.count != right.count {\n        return false\n    }\n    for (l, r) in zip(left, right) {\n        if l != r {\n            return false\n        }\n    }\n    return true\n}\n            \nassert(find_Element(arr: [1, 2, 3, 4, 5], ranges: [[0, 2], [0, 3]], rotations: 2, index: 1) == 3)\nassert(find_Element(arr: [1, 2, 3, 4], ranges: [[0, 1], [0, 2]], rotations: 1, index: 2) == 3)\nassert(find_Element(arr: [1, 2, 3, 4, 5, 6], ranges: [[0, 1], [0, 2]], rotations: 1, index: 1) == 1)",
      "timestamp": 1665509863,
      "stdout": "",
      "stderr": "/tmp/tmp7vq21ehg.swift:6:15: error: cannot find 'rotate' in scope\n        arr = rotate(arr: arr, range: range)\n              ^~~~~~\n",
      "exit_code": 1,
      "status": "SyntaxError"
    },
    {
      "program": "\n/// Write a swiftthon function to find element at a given index after number of rotations.\nfunc find_Element(arr: [Int], ranges: [[Int]], rotations: Int, index: Int) -> Int {\n    var new_arr = arr\n    for i in 0..<ranges.count {\n        new_arr = rotate_Array(arr: new_arr, ranges: ranges[i])\n    }\n    return new_arr[index]\n}\n\n\nfunc ==(left: [(Int, Int)], right: [(Int, Int)]) -> Bool {\n    if left.count != right.count {\n        return false\n    }\n    for (l, r) in zip(left, right) {\n        if l != r {\n            return false\n        }\n    }\n    return true\n}\n            \nassert(find_Element(arr: [1, 2, 3, 4, 5], ranges: [[0, 2], [0, 3]], rotations: 2, index: 1) == 3)\nassert(find_Element(arr: [1, 2, 3, 4], ranges: [[0, 1], [0, 2]], rotations: 1, index: 2) == 3)\nassert(find_Element(arr: [1, 2, 3, 4, 5, 6], ranges: [[0, 1], [0, 2]], rotations: 1, index: 1) == 1)",
      "timestamp": 1666122824,
      "stdout": "",
      "stderr": "/tmp/tmpc_f7oh_7.swift:6:19: error: cannot find 'rotate_Array' in scope\n        new_arr = rotate_Array(arr: new_arr, ranges: ranges[i])\n                  ^~~~~~~~~~~~\n",
      "exit_code": 1,
      "status": "SyntaxError"
    },
    {
      "program": "\n/// Write a swiftthon function to find element at a given index after number of rotations.\nfunc find_Element(arr: [Int], ranges: [[Int]], rotations: Int, index: Int) -> Int {\n    var arr = arr\n    for range in ranges {\n        arr = rotate(arr: arr, range: range)\n    }\n    return arr[index]\n}\n\n\nfunc ==(left: [(Int, Int)], right: [(Int, Int)]) -> Bool {\n    if left.count != right.count {\n        return false\n    }\n    for (l, r) in zip(left, right) {\n        if l != r {\n            return false\n        }\n    }\n    return true\n}\n            \nassert(find_Element(arr: [1, 2, 3, 4, 5], ranges: [[0, 2], [0, 3]], rotations: 2, index: 1) == 3)\nassert(find_Element(arr: [1, 2, 3, 4], ranges: [[0, 1], [0, 2]], rotations: 1, index: 2) == 3)\nassert(find_Element(arr: [1, 2, 3, 4, 5, 6], ranges: [[0, 1], [0, 2]], rotations: 1, index: 1) == 1)",
      "timestamp": 1665509863,
      "stdout": "",
      "stderr": "/tmp/tmp7vq21ehg.swift:6:15: error: cannot find 'rotate' in scope\n        arr = rotate(arr: arr, range: range)\n              ^~~~~~\n",
      "exit_code": 1,
      "status": "SyntaxError"
    },
    {
      "program": "\n/// Write a swiftthon function to find element at a given index after number of rotations.\nfunc find_Element(arr: [Int], ranges: [[Int]], rotations: Int, index: Int) -> Int {\n    var arr = arr\n    for range in ranges {\n        arr = reverse(arr: arr, range: range)\n    }\n    return arr[index]\n}\n\n\nfunc ==(left: [(Int, Int)], right: [(Int, Int)]) -> Bool {\n    if left.count != right.count {\n        return false\n    }\n    for (l, r) in zip(left, right) {\n        if l != r {\n            return false\n        }\n    }\n    return true\n}\n            \nassert(find_Element(arr: [1, 2, 3, 4, 5], ranges: [[0, 2], [0, 3]], rotations: 2, index: 1) == 3)\nassert(find_Element(arr: [1, 2, 3, 4], ranges: [[0, 1], [0, 2]], rotations: 1, index: 2) == 3)\nassert(find_Element(arr: [1, 2, 3, 4, 5, 6], ranges: [[0, 1], [0, 2]], rotations: 1, index: 1) == 1)",
      "timestamp": 1665509863,
      "stdout": "",
      "stderr": "/tmp/tmpx6a85idl.swift:6:15: error: cannot find 'reverse' in scope\n        arr = reverse(arr: arr, range: range)\n              ^~~~~~~\n",
      "exit_code": 1,
      "status": "SyntaxError"
    },
    {
      "program": "\n/// Write a swiftthon function to find element at a given index after number of rotations.\nfunc find_Element(arr: [Int], ranges: [[Int]], rotations: Int, index: Int) -> Int {\n    var arr = arr\n    for range in ranges {\n        arr = rotate(arr: arr, range: range)\n    }\n    return arr[index]\n}\n\n\nfunc ==(left: [(Int, Int)], right: [(Int, Int)]) -> Bool {\n    if left.count != right.count {\n        return false\n    }\n    for (l, r) in zip(left, right) {\n        if l != r {\n            return false\n        }\n    }\n    return true\n}\n            \nassert(find_Element(arr: [1, 2, 3, 4, 5], ranges: [[0, 2], [0, 3]], rotations: 2, index: 1) == 3)\nassert(find_Element(arr: [1, 2, 3, 4], ranges: [[0, 1], [0, 2]], rotations: 1, index: 2) == 3)\nassert(find_Element(arr: [1, 2, 3, 4, 5, 6], ranges: [[0, 1], [0, 2]], rotations: 1, index: 1) == 1)",
      "timestamp": 1665509863,
      "stdout": "",
      "stderr": "/tmp/tmp7vq21ehg.swift:6:15: error: cannot find 'rotate' in scope\n        arr = rotate(arr: arr, range: range)\n              ^~~~~~\n",
      "exit_code": 1,
      "status": "SyntaxError"
    },
    {
      "program": "\n/// Write a swiftthon function to find element at a given index after number of rotations.\nfunc find_Element(arr: [Int], ranges: [[Int]], rotations: Int, index: Int) -> Int {\n    var arr = arr\n    for range in ranges {\n        arr = rotate(arr: arr, from: range[0], to: range[1])\n    }\n    return arr[index]\n}\n\n\nfunc ==(left: [(Int, Int)], right: [(Int, Int)]) -> Bool {\n    if left.count != right.count {\n        return false\n    }\n    for (l, r) in zip(left, right) {\n        if l != r {\n            return false\n        }\n    }\n    return true\n}\n            \nassert(find_Element(arr: [1, 2, 3, 4, 5], ranges: [[0, 2], [0, 3]], rotations: 2, index: 1) == 3)\nassert(find_Element(arr: [1, 2, 3, 4], ranges: [[0, 1], [0, 2]], rotations: 1, index: 2) == 3)\nassert(find_Element(arr: [1, 2, 3, 4, 5, 6], ranges: [[0, 1], [0, 2]], rotations: 1, index: 1) == 1)",
      "timestamp": 1665509863,
      "stdout": "",
      "stderr": "/tmp/tmpcogpv0b3.swift:6:15: error: cannot find 'rotate' in scope\n        arr = rotate(arr: arr, from: range[0], to: range[1])\n              ^~~~~~\n",
      "exit_code": 1,
      "status": "SyntaxError"
    },
    {
      "program": "\n/// Write a swiftthon function to find element at a given index after number of rotations.\nfunc find_Element(arr: [Int], ranges: [[Int]], rotations: Int, index: Int) -> Int {\n    var arr = arr\n    for range in ranges {\n        arr = rotate(arr: arr, from: range[0], to: range[1])\n    }\n    return arr[index]\n}\n\n\nfunc ==(left: [(Int, Int)], right: [(Int, Int)]) -> Bool {\n    if left.count != right.count {\n        return false\n    }\n    for (l, r) in zip(left, right) {\n        if l != r {\n            return false\n        }\n    }\n    return true\n}\n            \nassert(find_Element(arr: [1, 2, 3, 4, 5], ranges: [[0, 2], [0, 3]], rotations: 2, index: 1) == 3)\nassert(find_Element(arr: [1, 2, 3, 4], ranges: [[0, 1], [0, 2]], rotations: 1, index: 2) == 3)\nassert(find_Element(arr: [1, 2, 3, 4, 5, 6], ranges: [[0, 1], [0, 2]], rotations: 1, index: 1) == 1)",
      "timestamp": 1665509863,
      "stdout": "",
      "stderr": "/tmp/tmpcogpv0b3.swift:6:15: error: cannot find 'rotate' in scope\n        arr = rotate(arr: arr, from: range[0], to: range[1])\n              ^~~~~~\n",
      "exit_code": 1,
      "status": "SyntaxError"
    },
    {
      "program": "\n/// Write a swiftthon function to find element at a given index after number of rotations.\nfunc find_Element(arr: [Int], ranges: [[Int]], rotations: Int, index: Int) -> Int {\n    var arr = arr\n    for range in ranges {\n        arr = reverse(arr: arr, range: range)\n    }\n    return arr[index]\n}\n\n\nfunc ==(left: [(Int, Int)], right: [(Int, Int)]) -> Bool {\n    if left.count != right.count {\n        return false\n    }\n    for (l, r) in zip(left, right) {\n        if l != r {\n            return false\n        }\n    }\n    return true\n}\n            \nassert(find_Element(arr: [1, 2, 3, 4, 5], ranges: [[0, 2], [0, 3]], rotations: 2, index: 1) == 3)\nassert(find_Element(arr: [1, 2, 3, 4], ranges: [[0, 1], [0, 2]], rotations: 1, index: 2) == 3)\nassert(find_Element(arr: [1, 2, 3, 4, 5, 6], ranges: [[0, 1], [0, 2]], rotations: 1, index: 1) == 1)",
      "timestamp": 1665509863,
      "stdout": "",
      "stderr": "/tmp/tmpx6a85idl.swift:6:15: error: cannot find 'reverse' in scope\n        arr = reverse(arr: arr, range: range)\n              ^~~~~~~\n",
      "exit_code": 1,
      "status": "SyntaxError"
    },
    {
      "program": "\n/// Write a swiftthon function to find element at a given index after number of rotations.\nfunc find_Element(arr: [Int], ranges: [[Int]], rotations: Int, index: Int) -> Int {\n    var arr = arr\n    for range in ranges {\n        arr = rotate(arr: arr, range: range)\n    }\n    return arr[index]\n}\n\n\nfunc ==(left: [(Int, Int)], right: [(Int, Int)]) -> Bool {\n    if left.count != right.count {\n        return false\n    }\n    for (l, r) in zip(left, right) {\n        if l != r {\n            return false\n        }\n    }\n    return true\n}\n            \nassert(find_Element(arr: [1, 2, 3, 4, 5], ranges: [[0, 2], [0, 3]], rotations: 2, index: 1) == 3)\nassert(find_Element(arr: [1, 2, 3, 4], ranges: [[0, 1], [0, 2]], rotations: 1, index: 2) == 3)\nassert(find_Element(arr: [1, 2, 3, 4, 5, 6], ranges: [[0, 1], [0, 2]], rotations: 1, index: 1) == 1)",
      "timestamp": 1665509863,
      "stdout": "",
      "stderr": "/tmp/tmp7vq21ehg.swift:6:15: error: cannot find 'rotate' in scope\n        arr = rotate(arr: arr, range: range)\n              ^~~~~~\n",
      "exit_code": 1,
      "status": "SyntaxError"
    },
    {
      "program": "\n/// Write a swiftthon function to find element at a given index after number of rotations.\nfunc find_Element(arr: [Int], ranges: [[Int]], rotations: Int, index: Int) -> Int {\n    var arr = arr\n    for range in ranges {\n        arr = rotate(arr: arr, from: range[0], to: range[1])\n    }\n    return arr[index]\n}\n\n\nfunc ==(left: [(Int, Int)], right: [(Int, Int)]) -> Bool {\n    if left.count != right.count {\n        return false\n    }\n    for (l, r) in zip(left, right) {\n        if l != r {\n            return false\n        }\n    }\n    return true\n}\n            \nassert(find_Element(arr: [1, 2, 3, 4, 5], ranges: [[0, 2], [0, 3]], rotations: 2, index: 1) == 3)\nassert(find_Element(arr: [1, 2, 3, 4], ranges: [[0, 1], [0, 2]], rotations: 1, index: 2) == 3)\nassert(find_Element(arr: [1, 2, 3, 4, 5, 6], ranges: [[0, 1], [0, 2]], rotations: 1, index: 1) == 1)",
      "timestamp": 1665509863,
      "stdout": "",
      "stderr": "/tmp/tmpcogpv0b3.swift:6:15: error: cannot find 'rotate' in scope\n        arr = rotate(arr: arr, from: range[0], to: range[1])\n              ^~~~~~\n",
      "exit_code": 1,
      "status": "SyntaxError"
    },
    {
      "program": "\n/// Write a swiftthon function to find element at a given index after number of rotations.\nfunc find_Element(arr: [Int], ranges: [[Int]], rotations: Int, index: Int) -> Int {\n    var arr = arr\n    var ranges = ranges\n    var rotations = rotations\n    var index = index\n    while rotations > 0 {\n        for range in ranges {\n            let start = range[0]\n            let end = range[1]\n            let temp = arr[start]\n            for i in start..<end {\n                arr[i] = arr[i + 1]\n            }\n            arr[end] = temp\n        }\n        rotations -= 1\n    }\n    return arr[index]\n}\n\n\nfunc ==(left: [(Int, Int)], right: [(Int, Int)]) -> Bool {\n    if left.count != right.count {\n        return false\n    }\n    for (l, r) in zip(left, right) {\n        if l != r {\n            return false\n        }\n    }\n    return true\n}\n            \nassert(find_Element(arr: [1, 2, 3, 4, 5], ranges: [[0, 2], [0, 3]], rotations: 2, index: 1) == 3)\nassert(find_Element(arr: [1, 2, 3, 4], ranges: [[0, 1], [0, 2]], rotations: 1, index: 2) == 3)\nassert(find_Element(arr: [1, 2, 3, 4, 5, 6], ranges: [[0, 1], [0, 2]], rotations: 1, index: 1) == 1)",
      "timestamp": 1666122825,
      "stdout": "",
      "stderr": "tmpuaaiyx5y/tmpuaaiyx5y.swift:37: Assertion failed\nCurrent stack trace:\n0    libswiftCore.so                    0x00002b7253516c80 _swift_stdlib_reportFatalErrorInFile + 112\n1    libswiftCore.so                    0x00002b725320db6c <unavailable> + 1436524\n2    libswiftCore.so                    0x00002b725320d988 <unavailable> + 1436040\n3    libswiftCore.so                    0x00002b725320c7b0 _assertionFailure(_:_:file:line:flags:) + 699\n4    tmpuaaiyx5y                        0x0000557c775978e4 <unavailable> + 6372\n5    libc.so.6                          0x00002b7253702460 __libc_start_main + 245\n6    tmpuaaiyx5y                        0x0000557c77597309 <unavailable> + 4873\n",
      "exit_code": -4,
      "status": "Exception"
    },
    {
      "program": "\n/// Write a swiftthon function to find element at a given index after number of rotations.\nfunc find_Element(arr: [Int], ranges: [[Int]], rotations: Int, index: Int) -> Int {\n    var arr = arr\n    for range in ranges {\n        arr = rotate(arr: arr, range: range, rotations: rotations)\n    }\n    return arr[index]\n}\n\n\nfunc ==(left: [(Int, Int)], right: [(Int, Int)]) -> Bool {\n    if left.count != right.count {\n        return false\n    }\n    for (l, r) in zip(left, right) {\n        if l != r {\n            return false\n        }\n    }\n    return true\n}\n            \nassert(find_Element(arr: [1, 2, 3, 4, 5], ranges: [[0, 2], [0, 3]], rotations: 2, index: 1) == 3)\nassert(find_Element(arr: [1, 2, 3, 4], ranges: [[0, 1], [0, 2]], rotations: 1, index: 2) == 3)\nassert(find_Element(arr: [1, 2, 3, 4, 5, 6], ranges: [[0, 1], [0, 2]], rotations: 1, index: 1) == 1)",
      "timestamp": 1665509863,
      "stdout": "",
      "stderr": "/tmp/tmp7ko4fjwh.swift:6:15: error: cannot find 'rotate' in scope\n        arr = rotate(arr: arr, range: range, rotations: rotations)\n              ^~~~~~\n",
      "exit_code": 1,
      "status": "SyntaxError"
    },
    {
      "program": "\n/// Write a swiftthon function to find element at a given index after number of rotations.\nfunc find_Element(arr: [Int], ranges: [[Int]], rotations: Int, index: Int) -> Int {\n    var arr = arr\n    for range in ranges {\n        arr = rotate(arr: arr, range: range)\n    }\n    return arr[index]\n}\n\n\nfunc ==(left: [(Int, Int)], right: [(Int, Int)]) -> Bool {\n    if left.count != right.count {\n        return false\n    }\n    for (l, r) in zip(left, right) {\n        if l != r {\n            return false\n        }\n    }\n    return true\n}\n            \nassert(find_Element(arr: [1, 2, 3, 4, 5], ranges: [[0, 2], [0, 3]], rotations: 2, index: 1) == 3)\nassert(find_Element(arr: [1, 2, 3, 4], ranges: [[0, 1], [0, 2]], rotations: 1, index: 2) == 3)\nassert(find_Element(arr: [1, 2, 3, 4, 5, 6], ranges: [[0, 1], [0, 2]], rotations: 1, index: 1) == 1)",
      "timestamp": 1665509863,
      "stdout": "",
      "stderr": "/tmp/tmp7vq21ehg.swift:6:15: error: cannot find 'rotate' in scope\n        arr = rotate(arr: arr, range: range)\n              ^~~~~~\n",
      "exit_code": 1,
      "status": "SyntaxError"
    },
    {
      "program": "\n/// Write a swiftthon function to find element at a given index after number of rotations.\nfunc find_Element(arr: [Int], ranges: [[Int]], rotations: Int, index: Int) -> Int {\n    var arr = arr\n    for range in ranges {\n        arr = rotate(arr: arr, range: range, rotations: rotations)\n    }\n    return arr[index]\n}\n\n\nfunc ==(left: [(Int, Int)], right: [(Int, Int)]) -> Bool {\n    if left.count != right.count {\n        return false\n    }\n    for (l, r) in zip(left, right) {\n        if l != r {\n            return false\n        }\n    }\n    return true\n}\n            \nassert(find_Element(arr: [1, 2, 3, 4, 5], ranges: [[0, 2], [0, 3]], rotations: 2, index: 1) == 3)\nassert(find_Element(arr: [1, 2, 3, 4], ranges: [[0, 1], [0, 2]], rotations: 1, index: 2) == 3)\nassert(find_Element(arr: [1, 2, 3, 4, 5, 6], ranges: [[0, 1], [0, 2]], rotations: 1, index: 1) == 1)",
      "timestamp": 1665509863,
      "stdout": "",
      "stderr": "/tmp/tmp7ko4fjwh.swift:6:15: error: cannot find 'rotate' in scope\n        arr = rotate(arr: arr, range: range, rotations: rotations)\n              ^~~~~~\n",
      "exit_code": 1,
      "status": "SyntaxError"
    },
    {
      "program": "\n/// Write a swiftthon function to find element at a given index after number of rotations.\nfunc find_Element(arr: [Int], ranges: [[Int]], rotations: Int, index: Int) -> Int {\n    var arr = arr\n    for range in ranges {\n        arr = rotate(arr: arr, from: range[0], to: range[1])\n    }\n    \n    return arr[index]\n}\n\n\nfunc ==(left: [(Int, Int)], right: [(Int, Int)]) -> Bool {\n    if left.count != right.count {\n        return false\n    }\n    for (l, r) in zip(left, right) {\n        if l != r {\n            return false\n        }\n    }\n    return true\n}\n            \nassert(find_Element(arr: [1, 2, 3, 4, 5], ranges: [[0, 2], [0, 3]], rotations: 2, index: 1) == 3)\nassert(find_Element(arr: [1, 2, 3, 4], ranges: [[0, 1], [0, 2]], rotations: 1, index: 2) == 3)\nassert(find_Element(arr: [1, 2, 3, 4, 5, 6], ranges: [[0, 1], [0, 2]], rotations: 1, index: 1) == 1)",
      "timestamp": 1666122824,
      "stdout": "",
      "stderr": "/tmp/tmp453oj9jq.swift:6:15: error: cannot find 'rotate' in scope\n        arr = rotate(arr: arr, from: range[0], to: range[1])\n              ^~~~~~\n",
      "exit_code": 1,
      "status": "SyntaxError"
    },
    {
      "program": "\n/// Write a swiftthon function to find element at a given index after number of rotations.\nfunc find_Element(arr: [Int], ranges: [[Int]], rotations: Int, index: Int) -> Int {\n    var arr = arr\n    for range in ranges {\n        arr = reverse(arr: arr, range: range)\n    }\n    return arr[index]\n}\n\n\nfunc ==(left: [(Int, Int)], right: [(Int, Int)]) -> Bool {\n    if left.count != right.count {\n        return false\n    }\n    for (l, r) in zip(left, right) {\n        if l != r {\n            return false\n        }\n    }\n    return true\n}\n            \nassert(find_Element(arr: [1, 2, 3, 4, 5], ranges: [[0, 2], [0, 3]], rotations: 2, index: 1) == 3)\nassert(find_Element(arr: [1, 2, 3, 4], ranges: [[0, 1], [0, 2]], rotations: 1, index: 2) == 3)\nassert(find_Element(arr: [1, 2, 3, 4, 5, 6], ranges: [[0, 1], [0, 2]], rotations: 1, index: 1) == 1)",
      "timestamp": 1665509863,
      "stdout": "",
      "stderr": "/tmp/tmpx6a85idl.swift:6:15: error: cannot find 'reverse' in scope\n        arr = reverse(arr: arr, range: range)\n              ^~~~~~~\n",
      "exit_code": 1,
      "status": "SyntaxError"
    },
    {
      "program": "\n/// Write a swiftthon function to find element at a given index after number of rotations.\nfunc find_Element(arr: [Int], ranges: [[Int]], rotations: Int, index: Int) -> Int {\n    var newArr = arr\n    for range in ranges {\n        newArr = newArr.reversed()\n        newArr = newArr[range[0]...range[1]]\n    }\n    return newArr[index]\n}\n\n\nfunc ==(left: [(Int, Int)], right: [(Int, Int)]) -> Bool {\n    if left.count != right.count {\n        return false\n    }\n    for (l, r) in zip(left, right) {\n        if l != r {\n            return false\n        }\n    }\n    return true\n}\n            \nassert(find_Element(arr: [1, 2, 3, 4, 5], ranges: [[0, 2], [0, 3]], rotations: 2, index: 1) == 3)\nassert(find_Element(arr: [1, 2, 3, 4], ranges: [[0, 1], [0, 2]], rotations: 1, index: 2) == 3)\nassert(find_Element(arr: [1, 2, 3, 4, 5, 6], ranges: [[0, 1], [0, 2]], rotations: 1, index: 1) == 1)",
      "timestamp": 1666122824,
      "stdout": "",
      "stderr": "/tmp/tmp_7llwu7o.swift:7:24: error: cannot assign value of type 'ArraySlice<Int>' to type '[Int]'\n        newArr = newArr[range[0]...range[1]]\n                 ~~~~~~^~~~~~~~~~~~~~~~~~~~~\n",
      "exit_code": 1,
      "status": "SyntaxError"
    },
    {
      "program": "\n/// Write a swiftthon function to find element at a given index after number of rotations.\nfunc find_Element(arr: [Int], ranges: [[Int]], rotations: Int, index: Int) -> Int {\n    var arr = arr\n    for range in ranges {\n        arr = rotate(arr: arr, range: range)\n    }\n    return arr[index]\n}\n\n\nfunc ==(left: [(Int, Int)], right: [(Int, Int)]) -> Bool {\n    if left.count != right.count {\n        return false\n    }\n    for (l, r) in zip(left, right) {\n        if l != r {\n            return false\n        }\n    }\n    return true\n}\n            \nassert(find_Element(arr: [1, 2, 3, 4, 5], ranges: [[0, 2], [0, 3]], rotations: 2, index: 1) == 3)\nassert(find_Element(arr: [1, 2, 3, 4], ranges: [[0, 1], [0, 2]], rotations: 1, index: 2) == 3)\nassert(find_Element(arr: [1, 2, 3, 4, 5, 6], ranges: [[0, 1], [0, 2]], rotations: 1, index: 1) == 1)",
      "timestamp": 1665509863,
      "stdout": "",
      "stderr": "/tmp/tmp7vq21ehg.swift:6:15: error: cannot find 'rotate' in scope\n        arr = rotate(arr: arr, range: range)\n              ^~~~~~\n",
      "exit_code": 1,
      "status": "SyntaxError"
    },
    {
      "program": "\n/// Write a swiftthon function to find element at a given index after number of rotations.\nfunc find_Element(arr: [Int], ranges: [[Int]], rotations: Int, index: Int) -> Int {\n    var arr = arr\n    for range in ranges {\n        arr = rotate(arr: arr, range: range)\n    }\n    return arr[index]\n}\n\n\nfunc ==(left: [(Int, Int)], right: [(Int, Int)]) -> Bool {\n    if left.count != right.count {\n        return false\n    }\n    for (l, r) in zip(left, right) {\n        if l != r {\n            return false\n        }\n    }\n    return true\n}\n            \nassert(find_Element(arr: [1, 2, 3, 4, 5], ranges: [[0, 2], [0, 3]], rotations: 2, index: 1) == 3)\nassert(find_Element(arr: [1, 2, 3, 4], ranges: [[0, 1], [0, 2]], rotations: 1, index: 2) == 3)\nassert(find_Element(arr: [1, 2, 3, 4, 5, 6], ranges: [[0, 1], [0, 2]], rotations: 1, index: 1) == 1)",
      "timestamp": 1665509863,
      "stdout": "",
      "stderr": "/tmp/tmp7vq21ehg.swift:6:15: error: cannot find 'rotate' in scope\n        arr = rotate(arr: arr, range: range)\n              ^~~~~~\n",
      "exit_code": 1,
      "status": "SyntaxError"
    },
    {
      "program": "\n/// Write a swiftthon function to find element at a given index after number of rotations.\nfunc find_Element(arr: [Int], ranges: [[Int]], rotations: Int, index: Int) -> Int {\n    var arr = arr\n    for range in ranges {\n        arr = reverse(arr: arr, range: range)\n    }\n    return arr[index]\n}\n\n\nfunc ==(left: [(Int, Int)], right: [(Int, Int)]) -> Bool {\n    if left.count != right.count {\n        return false\n    }\n    for (l, r) in zip(left, right) {\n        if l != r {\n            return false\n        }\n    }\n    return true\n}\n            \nassert(find_Element(arr: [1, 2, 3, 4, 5], ranges: [[0, 2], [0, 3]], rotations: 2, index: 1) == 3)\nassert(find_Element(arr: [1, 2, 3, 4], ranges: [[0, 1], [0, 2]], rotations: 1, index: 2) == 3)\nassert(find_Element(arr: [1, 2, 3, 4, 5, 6], ranges: [[0, 1], [0, 2]], rotations: 1, index: 1) == 1)",
      "timestamp": 1665509863,
      "stdout": "",
      "stderr": "/tmp/tmpx6a85idl.swift:6:15: error: cannot find 'reverse' in scope\n        arr = reverse(arr: arr, range: range)\n              ^~~~~~~\n",
      "exit_code": 1,
      "status": "SyntaxError"
    },
    {
      "program": "\n/// Write a swiftthon function to find element at a given index after number of rotations.\nfunc find_Element(arr: [Int], ranges: [[Int]], rotations: Int, index: Int) -> Int {\n    var arr = arr\n    for range in ranges {\n        arr = rotate(arr: arr, from: range[0], to: range[1])\n    }\n    return arr[index]\n}\n\n\nfunc ==(left: [(Int, Int)], right: [(Int, Int)]) -> Bool {\n    if left.count != right.count {\n        return false\n    }\n    for (l, r) in zip(left, right) {\n        if l != r {\n            return false\n        }\n    }\n    return true\n}\n            \nassert(find_Element(arr: [1, 2, 3, 4, 5], ranges: [[0, 2], [0, 3]], rotations: 2, index: 1) == 3)\nassert(find_Element(arr: [1, 2, 3, 4], ranges: [[0, 1], [0, 2]], rotations: 1, index: 2) == 3)\nassert(find_Element(arr: [1, 2, 3, 4, 5, 6], ranges: [[0, 1], [0, 2]], rotations: 1, index: 1) == 1)",
      "timestamp": 1665509863,
      "stdout": "",
      "stderr": "/tmp/tmpcogpv0b3.swift:6:15: error: cannot find 'rotate' in scope\n        arr = rotate(arr: arr, from: range[0], to: range[1])\n              ^~~~~~\n",
      "exit_code": 1,
      "status": "SyntaxError"
    },
    {
      "program": "\n/// Write a swiftthon function to find element at a given index after number of rotations.\nfunc find_Element(arr: [Int], ranges: [[Int]], rotations: Int, index: Int) -> Int {\n    var arr = arr\n    for range in ranges {\n        arr = rotate(arr: arr, range: range, rotations: rotations)\n    }\n    return arr[index]\n}\n\n\nfunc ==(left: [(Int, Int)], right: [(Int, Int)]) -> Bool {\n    if left.count != right.count {\n        return false\n    }\n    for (l, r) in zip(left, right) {\n        if l != r {\n            return false\n        }\n    }\n    return true\n}\n            \nassert(find_Element(arr: [1, 2, 3, 4, 5], ranges: [[0, 2], [0, 3]], rotations: 2, index: 1) == 3)\nassert(find_Element(arr: [1, 2, 3, 4], ranges: [[0, 1], [0, 2]], rotations: 1, index: 2) == 3)\nassert(find_Element(arr: [1, 2, 3, 4, 5, 6], ranges: [[0, 1], [0, 2]], rotations: 1, index: 1) == 1)",
      "timestamp": 1665509863,
      "stdout": "",
      "stderr": "/tmp/tmp7ko4fjwh.swift:6:15: error: cannot find 'rotate' in scope\n        arr = rotate(arr: arr, range: range, rotations: rotations)\n              ^~~~~~\n",
      "exit_code": 1,
      "status": "SyntaxError"
    },
    {
      "program": "\n/// Write a swiftthon function to find element at a given index after number of rotations.\nfunc find_Element(arr: [Int], ranges: [[Int]], rotations: Int, index: Int) -> Int {\n    var newArr = arr\n    for range in ranges {\n        newArr = rotate(arr: newArr, start: range[0], end: range[1])\n    }\n    return newArr[index]\n}\n\n\nfunc ==(left: [(Int, Int)], right: [(Int, Int)]) -> Bool {\n    if left.count != right.count {\n        return false\n    }\n    for (l, r) in zip(left, right) {\n        if l != r {\n            return false\n        }\n    }\n    return true\n}\n            \nassert(find_Element(arr: [1, 2, 3, 4, 5], ranges: [[0, 2], [0, 3]], rotations: 2, index: 1) == 3)\nassert(find_Element(arr: [1, 2, 3, 4], ranges: [[0, 1], [0, 2]], rotations: 1, index: 2) == 3)\nassert(find_Element(arr: [1, 2, 3, 4, 5, 6], ranges: [[0, 1], [0, 2]], rotations: 1, index: 1) == 1)",
      "timestamp": 1666122824,
      "stdout": "",
      "stderr": "/tmp/tmp4rkrggsn.swift:6:18: error: cannot find 'rotate' in scope\n        newArr = rotate(arr: newArr, start: range[0], end: range[1])\n                 ^~~~~~\n",
      "exit_code": 1,
      "status": "SyntaxError"
    },
    {
      "program": "\n/// Write a swiftthon function to find element at a given index after number of rotations.\nfunc find_Element(arr: [Int], ranges: [[Int]], rotations: Int, index: Int) -> Int {\n    var arr = arr\n    for range in ranges {\n        arr = rotate(arr: arr, from: range[0], to: range[1])\n    }\n    return arr[index]\n}\n\n\nfunc ==(left: [(Int, Int)], right: [(Int, Int)]) -> Bool {\n    if left.count != right.count {\n        return false\n    }\n    for (l, r) in zip(left, right) {\n        if l != r {\n            return false\n        }\n    }\n    return true\n}\n            \nassert(find_Element(arr: [1, 2, 3, 4, 5], ranges: [[0, 2], [0, 3]], rotations: 2, index: 1) == 3)\nassert(find_Element(arr: [1, 2, 3, 4], ranges: [[0, 1], [0, 2]], rotations: 1, index: 2) == 3)\nassert(find_Element(arr: [1, 2, 3, 4, 5, 6], ranges: [[0, 1], [0, 2]], rotations: 1, index: 1) == 1)",
      "timestamp": 1665509863,
      "stdout": "",
      "stderr": "/tmp/tmpcogpv0b3.swift:6:15: error: cannot find 'rotate' in scope\n        arr = rotate(arr: arr, from: range[0], to: range[1])\n              ^~~~~~\n",
      "exit_code": 1,
      "status": "SyntaxError"
    },
    {
      "program": "\n/// Write a swiftthon function to find element at a given index after number of rotations.\nfunc find_Element(arr: [Int], ranges: [[Int]], rotations: Int, index: Int) -> Int {\n    \n    var arr = arr\n    for range in ranges {\n        arr = reverse(arr: arr, range: range)\n    }\n    \n    let newIndex = (index + rotations) % arr.count\n    return arr[newIndex]\n}\n\n\nfunc ==(left: [(Int, Int)], right: [(Int, Int)]) -> Bool {\n    if left.count != right.count {\n        return false\n    }\n    for (l, r) in zip(left, right) {\n        if l != r {\n            return false\n        }\n    }\n    return true\n}\n            \nassert(find_Element(arr: [1, 2, 3, 4, 5], ranges: [[0, 2], [0, 3]], rotations: 2, index: 1) == 3)\nassert(find_Element(arr: [1, 2, 3, 4], ranges: [[0, 1], [0, 2]], rotations: 1, index: 2) == 3)\nassert(find_Element(arr: [1, 2, 3, 4, 5, 6], ranges: [[0, 1], [0, 2]], rotations: 1, index: 1) == 1)",
      "timestamp": 1666122824,
      "stdout": "",
      "stderr": "/tmp/tmps40t2x8d.swift:7:15: error: cannot find 'reverse' in scope\n        arr = reverse(arr: arr, range: range)\n              ^~~~~~~\n",
      "exit_code": 1,
      "status": "SyntaxError"
    },
    {
      "program": "\n/// Write a swiftthon function to find element at a given index after number of rotations.\nfunc find_Element(arr: [Int], ranges: [[Int]], rotations: Int, index: Int) -> Int {\n    var arr = arr\n    for range in ranges {\n        arr = reverse(arr: arr, range: range)\n    }\n    return arr[index]\n}\n\n\nfunc ==(left: [(Int, Int)], right: [(Int, Int)]) -> Bool {\n    if left.count != right.count {\n        return false\n    }\n    for (l, r) in zip(left, right) {\n        if l != r {\n            return false\n        }\n    }\n    return true\n}\n            \nassert(find_Element(arr: [1, 2, 3, 4, 5], ranges: [[0, 2], [0, 3]], rotations: 2, index: 1) == 3)\nassert(find_Element(arr: [1, 2, 3, 4], ranges: [[0, 1], [0, 2]], rotations: 1, index: 2) == 3)\nassert(find_Element(arr: [1, 2, 3, 4, 5, 6], ranges: [[0, 1], [0, 2]], rotations: 1, index: 1) == 1)",
      "timestamp": 1665509863,
      "stdout": "",
      "stderr": "/tmp/tmpx6a85idl.swift:6:15: error: cannot find 'reverse' in scope\n        arr = reverse(arr: arr, range: range)\n              ^~~~~~~\n",
      "exit_code": 1,
      "status": "SyntaxError"
    },
    {
      "program": "\n/// Write a swiftthon function to find element at a given index after number of rotations.\nfunc find_Element(arr: [Int], ranges: [[Int]], rotations: Int, index: Int) -> Int {\n    var arr = arr\n    for range in ranges {\n        arr = rotate(arr: arr, range: range)\n    }\n    return arr[index]\n}\n\n\nfunc ==(left: [(Int, Int)], right: [(Int, Int)]) -> Bool {\n    if left.count != right.count {\n        return false\n    }\n    for (l, r) in zip(left, right) {\n        if l != r {\n            return false\n        }\n    }\n    return true\n}\n            \nassert(find_Element(arr: [1, 2, 3, 4, 5], ranges: [[0, 2], [0, 3]], rotations: 2, index: 1) == 3)\nassert(find_Element(arr: [1, 2, 3, 4], ranges: [[0, 1], [0, 2]], rotations: 1, index: 2) == 3)\nassert(find_Element(arr: [1, 2, 3, 4, 5, 6], ranges: [[0, 1], [0, 2]], rotations: 1, index: 1) == 1)",
      "timestamp": 1665509863,
      "stdout": "",
      "stderr": "/tmp/tmp7vq21ehg.swift:6:15: error: cannot find 'rotate' in scope\n        arr = rotate(arr: arr, range: range)\n              ^~~~~~\n",
      "exit_code": 1,
      "status": "SyntaxError"
    },
    {
      "program": "\n/// Write a swiftthon function to find element at a given index after number of rotations.\nfunc find_Element(arr: [Int], ranges: [[Int]], rotations: Int, index: Int) -> Int {\n    var arr = arr\n    for range in ranges {\n        arr = rotate(arr: arr, from: range[0], to: range[1])\n    }\n    return arr[index]\n}\n\n\nfunc ==(left: [(Int, Int)], right: [(Int, Int)]) -> Bool {\n    if left.count != right.count {\n        return false\n    }\n    for (l, r) in zip(left, right) {\n        if l != r {\n            return false\n        }\n    }\n    return true\n}\n            \nassert(find_Element(arr: [1, 2, 3, 4, 5], ranges: [[0, 2], [0, 3]], rotations: 2, index: 1) == 3)\nassert(find_Element(arr: [1, 2, 3, 4], ranges: [[0, 1], [0, 2]], rotations: 1, index: 2) == 3)\nassert(find_Element(arr: [1, 2, 3, 4, 5, 6], ranges: [[0, 1], [0, 2]], rotations: 1, index: 1) == 1)",
      "timestamp": 1665509863,
      "stdout": "",
      "stderr": "/tmp/tmpcogpv0b3.swift:6:15: error: cannot find 'rotate' in scope\n        arr = rotate(arr: arr, from: range[0], to: range[1])\n              ^~~~~~\n",
      "exit_code": 1,
      "status": "SyntaxError"
    },
    {
      "program": "\n/// Write a swiftthon function to find element at a given index after number of rotations.\nfunc find_Element(arr: [Int], ranges: [[Int]], rotations: Int, index: Int) -> Int {\n    var new_arr = arr\n    for range in ranges {\n        new_arr = rotate(arr: new_arr, start: range[0], end: range[1])\n    }\n    return new_arr[index]\n}\n\n\nfunc ==(left: [(Int, Int)], right: [(Int, Int)]) -> Bool {\n    if left.count != right.count {\n        return false\n    }\n    for (l, r) in zip(left, right) {\n        if l != r {\n            return false\n        }\n    }\n    return true\n}\n            \nassert(find_Element(arr: [1, 2, 3, 4, 5], ranges: [[0, 2], [0, 3]], rotations: 2, index: 1) == 3)\nassert(find_Element(arr: [1, 2, 3, 4], ranges: [[0, 1], [0, 2]], rotations: 1, index: 2) == 3)\nassert(find_Element(arr: [1, 2, 3, 4, 5, 6], ranges: [[0, 1], [0, 2]], rotations: 1, index: 1) == 1)",
      "timestamp": 1666122824,
      "stdout": "",
      "stderr": "/tmp/tmplzq9_c9b.swift:6:19: error: cannot find 'rotate' in scope\n        new_arr = rotate(arr: new_arr, start: range[0], end: range[1])\n                  ^~~~~~\n",
      "exit_code": 1,
      "status": "SyntaxError"
    },
    {
      "program": "\n/// Write a swiftthon function to find element at a given index after number of rotations.\nfunc find_Element(arr: [Int], ranges: [[Int]], rotations: Int, index: Int) -> Int {\n    var arr = arr\n    for range in ranges {\n        arr = rotate(arr: arr, start: range[0], end: range[1])\n    }\n    return arr[index]\n}\n\n\nfunc ==(left: [(Int, Int)], right: [(Int, Int)]) -> Bool {\n    if left.count != right.count {\n        return false\n    }\n    for (l, r) in zip(left, right) {\n        if l != r {\n            return false\n        }\n    }\n    return true\n}\n            \nassert(find_Element(arr: [1, 2, 3, 4, 5], ranges: [[0, 2], [0, 3]], rotations: 2, index: 1) == 3)\nassert(find_Element(arr: [1, 2, 3, 4], ranges: [[0, 1], [0, 2]], rotations: 1, index: 2) == 3)\nassert(find_Element(arr: [1, 2, 3, 4, 5, 6], ranges: [[0, 1], [0, 2]], rotations: 1, index: 1) == 1)",
      "timestamp": 1666122824,
      "stdout": "",
      "stderr": "/tmp/tmpm1hwrj7o.swift:6:15: error: cannot find 'rotate' in scope\n        arr = rotate(arr: arr, start: range[0], end: range[1])\n              ^~~~~~\n",
      "exit_code": 1,
      "status": "SyntaxError"
    },
    {
      "program": "\n/// Write a swiftthon function to find element at a given index after number of rotations.\nfunc find_Element(arr: [Int], ranges: [[Int]], rotations: Int, index: Int) -> Int {\n    var arr = arr\n    for range in ranges {\n        arr = rotate(arr: arr, range: range)\n    }\n    return arr[index]\n}\n\n\nfunc ==(left: [(Int, Int)], right: [(Int, Int)]) -> Bool {\n    if left.count != right.count {\n        return false\n    }\n    for (l, r) in zip(left, right) {\n        if l != r {\n            return false\n        }\n    }\n    return true\n}\n            \nassert(find_Element(arr: [1, 2, 3, 4, 5], ranges: [[0, 2], [0, 3]], rotations: 2, index: 1) == 3)\nassert(find_Element(arr: [1, 2, 3, 4], ranges: [[0, 1], [0, 2]], rotations: 1, index: 2) == 3)\nassert(find_Element(arr: [1, 2, 3, 4, 5, 6], ranges: [[0, 1], [0, 2]], rotations: 1, index: 1) == 1)",
      "timestamp": 1665509863,
      "stdout": "",
      "stderr": "/tmp/tmp7vq21ehg.swift:6:15: error: cannot find 'rotate' in scope\n        arr = rotate(arr: arr, range: range)\n              ^~~~~~\n",
      "exit_code": 1,
      "status": "SyntaxError"
    },
    {
      "program": "\n/// Write a swiftthon function to find element at a given index after number of rotations.\nfunc find_Element(arr: [Int], ranges: [[Int]], rotations: Int, index: Int) -> Int {\n    var arr = arr\n    for range in ranges {\n        arr = rotate(arr: arr, from: range[0], to: range[1])\n    }\n    return arr[index]\n}\n\n\nfunc ==(left: [(Int, Int)], right: [(Int, Int)]) -> Bool {\n    if left.count != right.count {\n        return false\n    }\n    for (l, r) in zip(left, right) {\n        if l != r {\n            return false\n        }\n    }\n    return true\n}\n            \nassert(find_Element(arr: [1, 2, 3, 4, 5], ranges: [[0, 2], [0, 3]], rotations: 2, index: 1) == 3)\nassert(find_Element(arr: [1, 2, 3, 4], ranges: [[0, 1], [0, 2]], rotations: 1, index: 2) == 3)\nassert(find_Element(arr: [1, 2, 3, 4, 5, 6], ranges: [[0, 1], [0, 2]], rotations: 1, index: 1) == 1)",
      "timestamp": 1665509863,
      "stdout": "",
      "stderr": "/tmp/tmpcogpv0b3.swift:6:15: error: cannot find 'rotate' in scope\n        arr = rotate(arr: arr, from: range[0], to: range[1])\n              ^~~~~~\n",
      "exit_code": 1,
      "status": "SyntaxError"
    },
    {
      "program": "\n/// Write a swiftthon function to find element at a given index after number of rotations.\nfunc find_Element(arr: [Int], ranges: [[Int]], rotations: Int, index: Int) -> Int {\n    var arr = arr\n    for range in ranges {\n        arr = rotate(arr: arr, start: range[0], end: range[1])\n    }\n    return arr[index]\n}\n\n\nfunc ==(left: [(Int, Int)], right: [(Int, Int)]) -> Bool {\n    if left.count != right.count {\n        return false\n    }\n    for (l, r) in zip(left, right) {\n        if l != r {\n            return false\n        }\n    }\n    return true\n}\n            \nassert(find_Element(arr: [1, 2, 3, 4, 5], ranges: [[0, 2], [0, 3]], rotations: 2, index: 1) == 3)\nassert(find_Element(arr: [1, 2, 3, 4], ranges: [[0, 1], [0, 2]], rotations: 1, index: 2) == 3)\nassert(find_Element(arr: [1, 2, 3, 4, 5, 6], ranges: [[0, 1], [0, 2]], rotations: 1, index: 1) == 1)",
      "timestamp": 1666122824,
      "stdout": "",
      "stderr": "/tmp/tmpm1hwrj7o.swift:6:15: error: cannot find 'rotate' in scope\n        arr = rotate(arr: arr, start: range[0], end: range[1])\n              ^~~~~~\n",
      "exit_code": 1,
      "status": "SyntaxError"
    },
    {
      "program": "\n/// Write a swiftthon function to find element at a given index after number of rotations.\nfunc find_Element(arr: [Int], ranges: [[Int]], rotations: Int, index: Int) -> Int {\n    var arr = arr\n    for range in ranges {\n        arr = rotate(arr: arr, range: range)\n    }\n    return arr[index]\n}\n\n\nfunc ==(left: [(Int, Int)], right: [(Int, Int)]) -> Bool {\n    if left.count != right.count {\n        return false\n    }\n    for (l, r) in zip(left, right) {\n        if l != r {\n            return false\n        }\n    }\n    return true\n}\n            \nassert(find_Element(arr: [1, 2, 3, 4, 5], ranges: [[0, 2], [0, 3]], rotations: 2, index: 1) == 3)\nassert(find_Element(arr: [1, 2, 3, 4], ranges: [[0, 1], [0, 2]], rotations: 1, index: 2) == 3)\nassert(find_Element(arr: [1, 2, 3, 4, 5, 6], ranges: [[0, 1], [0, 2]], rotations: 1, index: 1) == 1)",
      "timestamp": 1665509863,
      "stdout": "",
      "stderr": "/tmp/tmp7vq21ehg.swift:6:15: error: cannot find 'rotate' in scope\n        arr = rotate(arr: arr, range: range)\n              ^~~~~~\n",
      "exit_code": 1,
      "status": "SyntaxError"
    },
    {
      "program": "\n/// Write a swiftthon function to find element at a given index after number of rotations.\nfunc find_Element(arr: [Int], ranges: [[Int]], rotations: Int, index: Int) -> Int {\n    var arr = arr\n    for range in ranges {\n        arr = rotate(arr: arr, from: range[0], to: range[1])\n    }\n    return arr[index]\n}\n\n\nfunc ==(left: [(Int, Int)], right: [(Int, Int)]) -> Bool {\n    if left.count != right.count {\n        return false\n    }\n    for (l, r) in zip(left, right) {\n        if l != r {\n            return false\n        }\n    }\n    return true\n}\n            \nassert(find_Element(arr: [1, 2, 3, 4, 5], ranges: [[0, 2], [0, 3]], rotations: 2, index: 1) == 3)\nassert(find_Element(arr: [1, 2, 3, 4], ranges: [[0, 1], [0, 2]], rotations: 1, index: 2) == 3)\nassert(find_Element(arr: [1, 2, 3, 4, 5, 6], ranges: [[0, 1], [0, 2]], rotations: 1, index: 1) == 1)",
      "timestamp": 1665509863,
      "stdout": "",
      "stderr": "/tmp/tmpcogpv0b3.swift:6:15: error: cannot find 'rotate' in scope\n        arr = rotate(arr: arr, from: range[0], to: range[1])\n              ^~~~~~\n",
      "exit_code": 1,
      "status": "SyntaxError"
    },
    {
      "program": "\n/// Write a swiftthon function to find element at a given index after number of rotations.\nfunc find_Element(arr: [Int], ranges: [[Int]], rotations: Int, index: Int) -> Int {\n    var arr = arr\n    for range in ranges {\n        arr = rotate(arr: arr, start: range[0], end: range[1])\n    }\n    return arr[index]\n}\n\n\nfunc ==(left: [(Int, Int)], right: [(Int, Int)]) -> Bool {\n    if left.count != right.count {\n        return false\n    }\n    for (l, r) in zip(left, right) {\n        if l != r {\n            return false\n        }\n    }\n    return true\n}\n            \nassert(find_Element(arr: [1, 2, 3, 4, 5], ranges: [[0, 2], [0, 3]], rotations: 2, index: 1) == 3)\nassert(find_Element(arr: [1, 2, 3, 4], ranges: [[0, 1], [0, 2]], rotations: 1, index: 2) == 3)\nassert(find_Element(arr: [1, 2, 3, 4, 5, 6], ranges: [[0, 1], [0, 2]], rotations: 1, index: 1) == 1)",
      "timestamp": 1666122824,
      "stdout": "",
      "stderr": "/tmp/tmpm1hwrj7o.swift:6:15: error: cannot find 'rotate' in scope\n        arr = rotate(arr: arr, start: range[0], end: range[1])\n              ^~~~~~\n",
      "exit_code": 1,
      "status": "SyntaxError"
    },
    {
      "program": "\n/// Write a swiftthon function to find element at a given index after number of rotations.\nfunc find_Element(arr: [Int], ranges: [[Int]], rotations: Int, index: Int) -> Int {\n    var arr = arr\n    for range in ranges {\n        arr = reverse(arr: arr, range: range)\n    }\n    return arr[index]\n}\n\n\nfunc ==(left: [(Int, Int)], right: [(Int, Int)]) -> Bool {\n    if left.count != right.count {\n        return false\n    }\n    for (l, r) in zip(left, right) {\n        if l != r {\n            return false\n        }\n    }\n    return true\n}\n            \nassert(find_Element(arr: [1, 2, 3, 4, 5], ranges: [[0, 2], [0, 3]], rotations: 2, index: 1) == 3)\nassert(find_Element(arr: [1, 2, 3, 4], ranges: [[0, 1], [0, 2]], rotations: 1, index: 2) == 3)\nassert(find_Element(arr: [1, 2, 3, 4, 5, 6], ranges: [[0, 1], [0, 2]], rotations: 1, index: 1) == 1)",
      "timestamp": 1665509863,
      "stdout": "",
      "stderr": "/tmp/tmpx6a85idl.swift:6:15: error: cannot find 'reverse' in scope\n        arr = reverse(arr: arr, range: range)\n              ^~~~~~~\n",
      "exit_code": 1,
      "status": "SyntaxError"
    },
    {
      "program": "\n/// Write a swiftthon function to find element at a given index after number of rotations.\nfunc find_Element(arr: [Int], ranges: [[Int]], rotations: Int, index: Int) -> Int {\n    var arr = arr\n    for range in ranges {\n        arr = rotate(arr: arr, range: range, rotations: rotations)\n    }\n    return arr[index]\n}\n\n\nfunc ==(left: [(Int, Int)], right: [(Int, Int)]) -> Bool {\n    if left.count != right.count {\n        return false\n    }\n    for (l, r) in zip(left, right) {\n        if l != r {\n            return false\n        }\n    }\n    return true\n}\n            \nassert(find_Element(arr: [1, 2, 3, 4, 5], ranges: [[0, 2], [0, 3]], rotations: 2, index: 1) == 3)\nassert(find_Element(arr: [1, 2, 3, 4], ranges: [[0, 1], [0, 2]], rotations: 1, index: 2) == 3)\nassert(find_Element(arr: [1, 2, 3, 4, 5, 6], ranges: [[0, 1], [0, 2]], rotations: 1, index: 1) == 1)",
      "timestamp": 1665509863,
      "stdout": "",
      "stderr": "/tmp/tmp7ko4fjwh.swift:6:15: error: cannot find 'rotate' in scope\n        arr = rotate(arr: arr, range: range, rotations: rotations)\n              ^~~~~~\n",
      "exit_code": 1,
      "status": "SyntaxError"
    },
    {
      "program": "\n/// Write a swiftthon function to find element at a given index after number of rotations.\nfunc find_Element(arr: [Int], ranges: [[Int]], rotations: Int, index: Int) -> Int {\n    var arr = arr\n    for range in ranges {\n        arr = rotate(arr: arr, range: range, rotations: rotations)\n    }\n    return arr[index]\n}\n\n\nfunc ==(left: [(Int, Int)], right: [(Int, Int)]) -> Bool {\n    if left.count != right.count {\n        return false\n    }\n    for (l, r) in zip(left, right) {\n        if l != r {\n            return false\n        }\n    }\n    return true\n}\n            \nassert(find_Element(arr: [1, 2, 3, 4, 5], ranges: [[0, 2], [0, 3]], rotations: 2, index: 1) == 3)\nassert(find_Element(arr: [1, 2, 3, 4], ranges: [[0, 1], [0, 2]], rotations: 1, index: 2) == 3)\nassert(find_Element(arr: [1, 2, 3, 4, 5, 6], ranges: [[0, 1], [0, 2]], rotations: 1, index: 1) == 1)",
      "timestamp": 1665509863,
      "stdout": "",
      "stderr": "/tmp/tmp7ko4fjwh.swift:6:15: error: cannot find 'rotate' in scope\n        arr = rotate(arr: arr, range: range, rotations: rotations)\n              ^~~~~~\n",
      "exit_code": 1,
      "status": "SyntaxError"
    },
    {
      "program": "\n/// Write a swiftthon function to find element at a given index after number of rotations.\nfunc find_Element(arr: [Int], ranges: [[Int]], rotations: Int, index: Int) -> Int {\n    var arr = arr\n    for range in ranges {\n        arr = rotate(arr: arr, range: range, rotations: rotations)\n    }\n    return arr[index]\n}\n\n\nfunc ==(left: [(Int, Int)], right: [(Int, Int)]) -> Bool {\n    if left.count != right.count {\n        return false\n    }\n    for (l, r) in zip(left, right) {\n        if l != r {\n            return false\n        }\n    }\n    return true\n}\n            \nassert(find_Element(arr: [1, 2, 3, 4, 5], ranges: [[0, 2], [0, 3]], rotations: 2, index: 1) == 3)\nassert(find_Element(arr: [1, 2, 3, 4], ranges: [[0, 1], [0, 2]], rotations: 1, index: 2) == 3)\nassert(find_Element(arr: [1, 2, 3, 4, 5, 6], ranges: [[0, 1], [0, 2]], rotations: 1, index: 1) == 1)",
      "timestamp": 1665509863,
      "stdout": "",
      "stderr": "/tmp/tmp7ko4fjwh.swift:6:15: error: cannot find 'rotate' in scope\n        arr = rotate(arr: arr, range: range, rotations: rotations)\n              ^~~~~~\n",
      "exit_code": 1,
      "status": "SyntaxError"
    },
    {
      "program": "\n/// Write a swiftthon function to find element at a given index after number of rotations.\nfunc find_Element(arr: [Int], ranges: [[Int]], rotations: Int, index: Int) -> Int {\n    var result = 0\n    for range in ranges {\n        if range[0] <= index && index <= range[1] {\n            result = arr[(index + rotations) % arr.count]\n        }\n    }\n    return result\n}\n\n\nfunc ==(left: [(Int, Int)], right: [(Int, Int)]) -> Bool {\n    if left.count != right.count {\n        return false\n    }\n    for (l, r) in zip(left, right) {\n        if l != r {\n            return false\n        }\n    }\n    return true\n}\n            \nassert(find_Element(arr: [1, 2, 3, 4, 5], ranges: [[0, 2], [0, 3]], rotations: 2, index: 1) == 3)\nassert(find_Element(arr: [1, 2, 3, 4], ranges: [[0, 1], [0, 2]], rotations: 1, index: 2) == 3)\nassert(find_Element(arr: [1, 2, 3, 4, 5, 6], ranges: [[0, 1], [0, 2]], rotations: 1, index: 1) == 1)",
      "timestamp": 1666122825,
      "stdout": "",
      "stderr": "tmpg9zxw0sf/tmpg9zxw0sf.swift:26: Assertion failed\nCurrent stack trace:\n0    libswiftCore.so                    0x00002abb01f4ac80 _swift_stdlib_reportFatalErrorInFile + 112\n1    libswiftCore.so                    0x00002abb01c41b6c <unavailable> + 1436524\n2    libswiftCore.so                    0x00002abb01c41988 <unavailable> + 1436040\n3    libswiftCore.so                    0x00002abb01c407b0 _assertionFailure(_:_:file:line:flags:) + 699\n4    tmpg9zxw0sf                        0x00005591ba56e67c <unavailable> + 5756\n5    libc.so.6                          0x00002abb02136460 __libc_start_main + 245\n6    tmpg9zxw0sf                        0x00005591ba56e219 <unavailable> + 4633\n",
      "exit_code": -4,
      "status": "Exception"
    },
    {
      "program": "\n/// Write a swiftthon function to find element at a given index after number of rotations.\nfunc find_Element(arr: [Int], ranges: [[Int]], rotations: Int, index: Int) -> Int {\n    var result = 0\n    for i in 0..<ranges.count {\n        let range = ranges[i]\n        let start = range[0]\n        let end = range[1]\n        let subArr = arr[start...end]\n        let newArr = rotate(arr: subArr, rotations: rotations)\n        result = newArr[index]\n    }\n    return result\n}\n\n\nfunc ==(left: [(Int, Int)], right: [(Int, Int)]) -> Bool {\n    if left.count != right.count {\n        return false\n    }\n    for (l, r) in zip(left, right) {\n        if l != r {\n            return false\n        }\n    }\n    return true\n}\n            \nassert(find_Element(arr: [1, 2, 3, 4, 5], ranges: [[0, 2], [0, 3]], rotations: 2, index: 1) == 3)\nassert(find_Element(arr: [1, 2, 3, 4], ranges: [[0, 1], [0, 2]], rotations: 1, index: 2) == 3)\nassert(find_Element(arr: [1, 2, 3, 4, 5, 6], ranges: [[0, 1], [0, 2]], rotations: 1, index: 1) == 1)",
      "timestamp": 1666122824,
      "stdout": "",
      "stderr": "/tmp/tmpevw3uf9k.swift:10:22: error: cannot find 'rotate' in scope\n        let newArr = rotate(arr: subArr, rotations: rotations)\n                     ^~~~~~\n",
      "exit_code": 1,
      "status": "SyntaxError"
    },
    {
      "program": "\n/// Write a swiftthon function to find element at a given index after number of rotations.\nfunc find_Element(arr: [Int], ranges: [[Int]], rotations: Int, index: Int) -> Int {\n    var result = 0\n    for range in ranges {\n        let start = range[0]\n        let end = range[1]\n        let diff = end - start\n        let newIndex = (index + diff) % arr.count\n        result = arr[newIndex]\n    }\n    return result\n}\n\n\nfunc ==(left: [(Int, Int)], right: [(Int, Int)]) -> Bool {\n    if left.count != right.count {\n        return false\n    }\n    for (l, r) in zip(left, right) {\n        if l != r {\n            return false\n        }\n    }\n    return true\n}\n            \nassert(find_Element(arr: [1, 2, 3, 4, 5], ranges: [[0, 2], [0, 3]], rotations: 2, index: 1) == 3)\nassert(find_Element(arr: [1, 2, 3, 4], ranges: [[0, 1], [0, 2]], rotations: 1, index: 2) == 3)\nassert(find_Element(arr: [1, 2, 3, 4, 5, 6], ranges: [[0, 1], [0, 2]], rotations: 1, index: 1) == 1)",
      "timestamp": 1666122825,
      "stdout": "",
      "stderr": "tmpnavxdz7m/tmpnavxdz7m.swift:28: Assertion failed\nCurrent stack trace:\n0    libswiftCore.so                    0x00002b967bcbdc80 _swift_stdlib_reportFatalErrorInFile + 112\n1    libswiftCore.so                    0x00002b967b9b4b6c <unavailable> + 1436524\n2    libswiftCore.so                    0x00002b967b9b4988 <unavailable> + 1436040\n3    libswiftCore.so                    0x00002b967b9b37b0 _assertionFailure(_:_:file:line:flags:) + 699\n4    tmpnavxdz7m                        0x00005635695e267c <unavailable> + 5756\n5    libc.so.6                          0x00002b967bea9460 __libc_start_main + 245\n6    tmpnavxdz7m                        0x00005635695e2219 <unavailable> + 4633\n",
      "exit_code": -4,
      "status": "Exception"
    },
    {
      "program": "\n/// Write a swiftthon function to find element at a given index after number of rotations.\nfunc find_Element(arr: [Int], ranges: [[Int]], rotations: Int, index: Int) -> Int {\n    var arr = arr\n    for range in ranges {\n        arr = rotate_Array(arr: arr, range: range)\n    }\n    return arr[index]\n}\n\n\nfunc ==(left: [(Int, Int)], right: [(Int, Int)]) -> Bool {\n    if left.count != right.count {\n        return false\n    }\n    for (l, r) in zip(left, right) {\n        if l != r {\n            return false\n        }\n    }\n    return true\n}\n            \nassert(find_Element(arr: [1, 2, 3, 4, 5], ranges: [[0, 2], [0, 3]], rotations: 2, index: 1) == 3)\nassert(find_Element(arr: [1, 2, 3, 4], ranges: [[0, 1], [0, 2]], rotations: 1, index: 2) == 3)\nassert(find_Element(arr: [1, 2, 3, 4, 5, 6], ranges: [[0, 1], [0, 2]], rotations: 1, index: 1) == 1)",
      "timestamp": 1666122824,
      "stdout": "",
      "stderr": "/tmp/tmpw3a5y9be.swift:6:15: error: cannot find 'rotate_Array' in scope\n        arr = rotate_Array(arr: arr, range: range)\n              ^~~~~~~~~~~~\n",
      "exit_code": 1,
      "status": "SyntaxError"
    },
    {
      "program": "\n/// Write a swiftthon function to find element at a given index after number of rotations.\nfunc find_Element(arr: [Int], ranges: [[Int]], rotations: Int, index: Int) -> Int {\n    var arr = arr\n    for range in ranges {\n        arr = rotate(arr: arr, from: range[0], to: range[1])\n    }\n    return arr[index]\n}\n\n\nfunc ==(left: [(Int, Int)], right: [(Int, Int)]) -> Bool {\n    if left.count != right.count {\n        return false\n    }\n    for (l, r) in zip(left, right) {\n        if l != r {\n            return false\n        }\n    }\n    return true\n}\n            \nassert(find_Element(arr: [1, 2, 3, 4, 5], ranges: [[0, 2], [0, 3]], rotations: 2, index: 1) == 3)\nassert(find_Element(arr: [1, 2, 3, 4], ranges: [[0, 1], [0, 2]], rotations: 1, index: 2) == 3)\nassert(find_Element(arr: [1, 2, 3, 4, 5, 6], ranges: [[0, 1], [0, 2]], rotations: 1, index: 1) == 1)",
      "timestamp": 1665509863,
      "stdout": "",
      "stderr": "/tmp/tmpcogpv0b3.swift:6:15: error: cannot find 'rotate' in scope\n        arr = rotate(arr: arr, from: range[0], to: range[1])\n              ^~~~~~\n",
      "exit_code": 1,
      "status": "SyntaxError"
    },
    {
      "program": "\n/// Write a swiftthon function to find element at a given index after number of rotations.\nfunc find_Element(arr: [Int], ranges: [[Int]], rotations: Int, index: Int) -> Int {\n    var result = arr\n    for range in ranges {\n        result = rotate(arr: result, from: range[0], to: range[1])\n    }\n    return result[index]\n}\n\n\nfunc ==(left: [(Int, Int)], right: [(Int, Int)]) -> Bool {\n    if left.count != right.count {\n        return false\n    }\n    for (l, r) in zip(left, right) {\n        if l != r {\n            return false\n        }\n    }\n    return true\n}\n            \nassert(find_Element(arr: [1, 2, 3, 4, 5], ranges: [[0, 2], [0, 3]], rotations: 2, index: 1) == 3)\nassert(find_Element(arr: [1, 2, 3, 4], ranges: [[0, 1], [0, 2]], rotations: 1, index: 2) == 3)\nassert(find_Element(arr: [1, 2, 3, 4, 5, 6], ranges: [[0, 1], [0, 2]], rotations: 1, index: 1) == 1)",
      "timestamp": 1666122824,
      "stdout": "",
      "stderr": "/tmp/tmp1jcf3w1n.swift:6:18: error: cannot find 'rotate' in scope\n        result = rotate(arr: result, from: range[0], to: range[1])\n                 ^~~~~~\n",
      "exit_code": 1,
      "status": "SyntaxError"
    },
    {
      "program": "\n/// Write a swiftthon function to find element at a given index after number of rotations.\nfunc find_Element(arr: [Int], ranges: [[Int]], rotations: Int, index: Int) -> Int {\n    var arr = arr\n    var ranges = ranges\n    var rotations = rotations\n    var index = index\n    var i = 0\n    while i < rotations {\n        let range = ranges[i]\n        arr = rotate(arr: arr, range: range)\n        i += 1\n    }\n    return arr[index]\n}\n\n\nfunc ==(left: [(Int, Int)], right: [(Int, Int)]) -> Bool {\n    if left.count != right.count {\n        return false\n    }\n    for (l, r) in zip(left, right) {\n        if l != r {\n            return false\n        }\n    }\n    return true\n}\n            \nassert(find_Element(arr: [1, 2, 3, 4, 5], ranges: [[0, 2], [0, 3]], rotations: 2, index: 1) == 3)\nassert(find_Element(arr: [1, 2, 3, 4], ranges: [[0, 1], [0, 2]], rotations: 1, index: 2) == 3)\nassert(find_Element(arr: [1, 2, 3, 4, 5, 6], ranges: [[0, 1], [0, 2]], rotations: 1, index: 1) == 1)",
      "timestamp": 1666122824,
      "stdout": "",
      "stderr": "/tmp/tmprz5yl8ku.swift:11:15: error: cannot find 'rotate' in scope\n        arr = rotate(arr: arr, range: range)\n              ^~~~~~\n",
      "exit_code": 1,
      "status": "SyntaxError"
    },
    {
      "program": "\n/// Write a swiftthon function to find element at a given index after number of rotations.\nfunc find_Element(arr: [Int], ranges: [[Int]], rotations: Int, index: Int) -> Int {\n    var arr = arr\n    for range in ranges {\n        arr = reverse(arr: arr, range: range)\n    }\n    return arr[index]\n}\n\n\nfunc ==(left: [(Int, Int)], right: [(Int, Int)]) -> Bool {\n    if left.count != right.count {\n        return false\n    }\n    for (l, r) in zip(left, right) {\n        if l != r {\n            return false\n        }\n    }\n    return true\n}\n            \nassert(find_Element(arr: [1, 2, 3, 4, 5], ranges: [[0, 2], [0, 3]], rotations: 2, index: 1) == 3)\nassert(find_Element(arr: [1, 2, 3, 4], ranges: [[0, 1], [0, 2]], rotations: 1, index: 2) == 3)\nassert(find_Element(arr: [1, 2, 3, 4, 5, 6], ranges: [[0, 1], [0, 2]], rotations: 1, index: 1) == 1)",
      "timestamp": 1665509863,
      "stdout": "",
      "stderr": "/tmp/tmpx6a85idl.swift:6:15: error: cannot find 'reverse' in scope\n        arr = reverse(arr: arr, range: range)\n              ^~~~~~~\n",
      "exit_code": 1,
      "status": "SyntaxError"
    },
    {
      "program": "\n/// Write a swiftthon function to find element at a given index after number of rotations.\nfunc find_Element(arr: [Int], ranges: [[Int]], rotations: Int, index: Int) -> Int {\n    var arr = arr\n    for range in ranges {\n        arr = rotate(arr: arr, range: range)\n    }\n    return arr[index]\n}\n\n\nfunc ==(left: [(Int, Int)], right: [(Int, Int)]) -> Bool {\n    if left.count != right.count {\n        return false\n    }\n    for (l, r) in zip(left, right) {\n        if l != r {\n            return false\n        }\n    }\n    return true\n}\n            \nassert(find_Element(arr: [1, 2, 3, 4, 5], ranges: [[0, 2], [0, 3]], rotations: 2, index: 1) == 3)\nassert(find_Element(arr: [1, 2, 3, 4], ranges: [[0, 1], [0, 2]], rotations: 1, index: 2) == 3)\nassert(find_Element(arr: [1, 2, 3, 4, 5, 6], ranges: [[0, 1], [0, 2]], rotations: 1, index: 1) == 1)",
      "timestamp": 1665509863,
      "stdout": "",
      "stderr": "/tmp/tmp7vq21ehg.swift:6:15: error: cannot find 'rotate' in scope\n        arr = rotate(arr: arr, range: range)\n              ^~~~~~\n",
      "exit_code": 1,
      "status": "SyntaxError"
    },
    {
      "program": "\n/// Write a swiftthon function to find element at a given index after number of rotations.\nfunc find_Element(arr: [Int], ranges: [[Int]], rotations: Int, index: Int) -> Int {\n    var arr = arr\n    for range in ranges {\n        arr = reverse(arr: arr, range: range)\n    }\n    return arr[index]\n}\n\n\nfunc ==(left: [(Int, Int)], right: [(Int, Int)]) -> Bool {\n    if left.count != right.count {\n        return false\n    }\n    for (l, r) in zip(left, right) {\n        if l != r {\n            return false\n        }\n    }\n    return true\n}\n            \nassert(find_Element(arr: [1, 2, 3, 4, 5], ranges: [[0, 2], [0, 3]], rotations: 2, index: 1) == 3)\nassert(find_Element(arr: [1, 2, 3, 4], ranges: [[0, 1], [0, 2]], rotations: 1, index: 2) == 3)\nassert(find_Element(arr: [1, 2, 3, 4, 5, 6], ranges: [[0, 1], [0, 2]], rotations: 1, index: 1) == 1)",
      "timestamp": 1665509863,
      "stdout": "",
      "stderr": "/tmp/tmpx6a85idl.swift:6:15: error: cannot find 'reverse' in scope\n        arr = reverse(arr: arr, range: range)\n              ^~~~~~~\n",
      "exit_code": 1,
      "status": "SyntaxError"
    },
    {
      "program": "\n/// Write a swiftthon function to find element at a given index after number of rotations.\nfunc find_Element(arr: [Int], ranges: [[Int]], rotations: Int, index: Int) -> Int {\n    var arr = arr\n    for range in ranges {\n        arr = rotate(arr: arr, range: range)\n    }\n    return arr[index]\n}\n\n\nfunc ==(left: [(Int, Int)], right: [(Int, Int)]) -> Bool {\n    if left.count != right.count {\n        return false\n    }\n    for (l, r) in zip(left, right) {\n        if l != r {\n            return false\n        }\n    }\n    return true\n}\n            \nassert(find_Element(arr: [1, 2, 3, 4, 5], ranges: [[0, 2], [0, 3]], rotations: 2, index: 1) == 3)\nassert(find_Element(arr: [1, 2, 3, 4], ranges: [[0, 1], [0, 2]], rotations: 1, index: 2) == 3)\nassert(find_Element(arr: [1, 2, 3, 4, 5, 6], ranges: [[0, 1], [0, 2]], rotations: 1, index: 1) == 1)",
      "timestamp": 1665509863,
      "stdout": "",
      "stderr": "/tmp/tmp7vq21ehg.swift:6:15: error: cannot find 'rotate' in scope\n        arr = rotate(arr: arr, range: range)\n              ^~~~~~\n",
      "exit_code": 1,
      "status": "SyntaxError"
    },
    {
      "program": "\n/// Write a swiftthon function to find element at a given index after number of rotations.\nfunc find_Element(arr: [Int], ranges: [[Int]], rotations: Int, index: Int) -> Int {\n    var arr = arr\n    for range in ranges {\n        arr = rotate(arr: arr, range: range, rotations: rotations)\n    }\n    return arr[index]\n}\n\n\nfunc ==(left: [(Int, Int)], right: [(Int, Int)]) -> Bool {\n    if left.count != right.count {\n        return false\n    }\n    for (l, r) in zip(left, right) {\n        if l != r {\n            return false\n        }\n    }\n    return true\n}\n            \nassert(find_Element(arr: [1, 2, 3, 4, 5], ranges: [[0, 2], [0, 3]], rotations: 2, index: 1) == 3)\nassert(find_Element(arr: [1, 2, 3, 4], ranges: [[0, 1], [0, 2]], rotations: 1, index: 2) == 3)\nassert(find_Element(arr: [1, 2, 3, 4, 5, 6], ranges: [[0, 1], [0, 2]], rotations: 1, index: 1) == 1)",
      "timestamp": 1665509863,
      "stdout": "",
      "stderr": "/tmp/tmp7ko4fjwh.swift:6:15: error: cannot find 'rotate' in scope\n        arr = rotate(arr: arr, range: range, rotations: rotations)\n              ^~~~~~\n",
      "exit_code": 1,
      "status": "SyntaxError"
    },
    {
      "program": "\n/// Write a swiftthon function to find element at a given index after number of rotations.\nfunc find_Element(arr: [Int], ranges: [[Int]], rotations: Int, index: Int) -> Int {\n    var arr = arr\n    for range in ranges {\n        arr = reverse(arr: arr, range: range)\n    }\n    return arr[index]\n}\n\n\nfunc ==(left: [(Int, Int)], right: [(Int, Int)]) -> Bool {\n    if left.count != right.count {\n        return false\n    }\n    for (l, r) in zip(left, right) {\n        if l != r {\n            return false\n        }\n    }\n    return true\n}\n            \nassert(find_Element(arr: [1, 2, 3, 4, 5], ranges: [[0, 2], [0, 3]], rotations: 2, index: 1) == 3)\nassert(find_Element(arr: [1, 2, 3, 4], ranges: [[0, 1], [0, 2]], rotations: 1, index: 2) == 3)\nassert(find_Element(arr: [1, 2, 3, 4, 5, 6], ranges: [[0, 1], [0, 2]], rotations: 1, index: 1) == 1)",
      "timestamp": 1665509863,
      "stdout": "",
      "stderr": "/tmp/tmpx6a85idl.swift:6:15: error: cannot find 'reverse' in scope\n        arr = reverse(arr: arr, range: range)\n              ^~~~~~~\n",
      "exit_code": 1,
      "status": "SyntaxError"
    },
    {
      "program": "\n/// Write a swiftthon function to find element at a given index after number of rotations.\nfunc find_Element(arr: [Int], ranges: [[Int]], rotations: Int, index: Int) -> Int {\n    var arr = arr\n    for range in ranges {\n        arr = rotate(arr: arr, range: range, rotations: rotations)\n    }\n    return arr[index]\n}\n\n\nfunc ==(left: [(Int, Int)], right: [(Int, Int)]) -> Bool {\n    if left.count != right.count {\n        return false\n    }\n    for (l, r) in zip(left, right) {\n        if l != r {\n            return false\n        }\n    }\n    return true\n}\n            \nassert(find_Element(arr: [1, 2, 3, 4, 5], ranges: [[0, 2], [0, 3]], rotations: 2, index: 1) == 3)\nassert(find_Element(arr: [1, 2, 3, 4], ranges: [[0, 1], [0, 2]], rotations: 1, index: 2) == 3)\nassert(find_Element(arr: [1, 2, 3, 4, 5, 6], ranges: [[0, 1], [0, 2]], rotations: 1, index: 1) == 1)",
      "timestamp": 1665509863,
      "stdout": "",
      "stderr": "/tmp/tmp7ko4fjwh.swift:6:15: error: cannot find 'rotate' in scope\n        arr = rotate(arr: arr, range: range, rotations: rotations)\n              ^~~~~~\n",
      "exit_code": 1,
      "status": "SyntaxError"
    },
    {
      "program": "\n/// Write a swiftthon function to find element at a given index after number of rotations.\nfunc find_Element(arr: [Int], ranges: [[Int]], rotations: Int, index: Int) -> Int {\n    var arr = arr\n    for range in ranges {\n        arr.reverse(from: range[0], to: range[1])\n    }\n    arr.rotate(by: rotations)\n    return arr[index]\n}\n\n\nfunc ==(left: [(Int, Int)], right: [(Int, Int)]) -> Bool {\n    if left.count != right.count {\n        return false\n    }\n    for (l, r) in zip(left, right) {\n        if l != r {\n            return false\n        }\n    }\n    return true\n}\n            \nassert(find_Element(arr: [1, 2, 3, 4, 5], ranges: [[0, 2], [0, 3]], rotations: 2, index: 1) == 3)\nassert(find_Element(arr: [1, 2, 3, 4], ranges: [[0, 1], [0, 2]], rotations: 1, index: 2) == 3)\nassert(find_Element(arr: [1, 2, 3, 4, 5, 6], ranges: [[0, 1], [0, 2]], rotations: 1, index: 1) == 1)",
      "timestamp": 1666122824,
      "stdout": "",
      "stderr": "/tmp/tmpcj4k9kze.swift:6:20: error: argument passed to call that takes no arguments\n        arr.reverse(from: range[0], to: range[1])\n                   ^~~~~~~~~~~~~~~~~~~~~~~~~~~~~~\n                   \n/tmp/tmpcj4k9kze.swift:8:9: error: value of type '[Int]' has no member 'rotate'\n    arr.rotate(by: rotations)\n    ~~~ ^~~~~~\n",
      "exit_code": 1,
      "status": "SyntaxError"
    },
    {
      "program": "\n/// Write a swiftthon function to find element at a given index after number of rotations.\nfunc find_Element(arr: [Int], ranges: [[Int]], rotations: Int, index: Int) -> Int {\n    var new_arr = arr\n    for range in ranges {\n        new_arr = reverse(arr: new_arr, start: range[0], end: range[1])\n    }\n    return new_arr[(index + rotations) % arr.count]\n}\n\n\nfunc ==(left: [(Int, Int)], right: [(Int, Int)]) -> Bool {\n    if left.count != right.count {\n        return false\n    }\n    for (l, r) in zip(left, right) {\n        if l != r {\n            return false\n        }\n    }\n    return true\n}\n            \nassert(find_Element(arr: [1, 2, 3, 4, 5], ranges: [[0, 2], [0, 3]], rotations: 2, index: 1) == 3)\nassert(find_Element(arr: [1, 2, 3, 4], ranges: [[0, 1], [0, 2]], rotations: 1, index: 2) == 3)\nassert(find_Element(arr: [1, 2, 3, 4, 5, 6], ranges: [[0, 1], [0, 2]], rotations: 1, index: 1) == 1)",
      "timestamp": 1666122824,
      "stdout": "",
      "stderr": "/tmp/tmp9s1i2ude.swift:6:19: error: cannot find 'reverse' in scope\n        new_arr = reverse(arr: new_arr, start: range[0], end: range[1])\n                  ^~~~~~~\n",
      "exit_code": 1,
      "status": "SyntaxError"
    },
    {
      "program": "\n/// Write a swiftthon function to find element at a given index after number of rotations.\nfunc find_Element(arr: [Int], ranges: [[Int]], rotations: Int, index: Int) -> Int {\n    var arr = arr\n    for range in ranges {\n        arr = reverse(arr: arr, range: range)\n    }\n    return arr[index]\n}\n\n\nfunc ==(left: [(Int, Int)], right: [(Int, Int)]) -> Bool {\n    if left.count != right.count {\n        return false\n    }\n    for (l, r) in zip(left, right) {\n        if l != r {\n            return false\n        }\n    }\n    return true\n}\n            \nassert(find_Element(arr: [1, 2, 3, 4, 5], ranges: [[0, 2], [0, 3]], rotations: 2, index: 1) == 3)\nassert(find_Element(arr: [1, 2, 3, 4], ranges: [[0, 1], [0, 2]], rotations: 1, index: 2) == 3)\nassert(find_Element(arr: [1, 2, 3, 4, 5, 6], ranges: [[0, 1], [0, 2]], rotations: 1, index: 1) == 1)",
      "timestamp": 1665509863,
      "stdout": "",
      "stderr": "/tmp/tmpx6a85idl.swift:6:15: error: cannot find 'reverse' in scope\n        arr = reverse(arr: arr, range: range)\n              ^~~~~~~\n",
      "exit_code": 1,
      "status": "SyntaxError"
    },
    {
      "program": "\n/// Write a swiftthon function to find element at a given index after number of rotations.\nfunc find_Element(arr: [Int], ranges: [[Int]], rotations: Int, index: Int) -> Int {\n    var arr = arr\n    for range in ranges {\n        arr = rotate(arr: arr, range: range)\n    }\n    return arr[index]\n}\n\n\nfunc ==(left: [(Int, Int)], right: [(Int, Int)]) -> Bool {\n    if left.count != right.count {\n        return false\n    }\n    for (l, r) in zip(left, right) {\n        if l != r {\n            return false\n        }\n    }\n    return true\n}\n            \nassert(find_Element(arr: [1, 2, 3, 4, 5], ranges: [[0, 2], [0, 3]], rotations: 2, index: 1) == 3)\nassert(find_Element(arr: [1, 2, 3, 4], ranges: [[0, 1], [0, 2]], rotations: 1, index: 2) == 3)\nassert(find_Element(arr: [1, 2, 3, 4, 5, 6], ranges: [[0, 1], [0, 2]], rotations: 1, index: 1) == 1)",
      "timestamp": 1665509863,
      "stdout": "",
      "stderr": "/tmp/tmp7vq21ehg.swift:6:15: error: cannot find 'rotate' in scope\n        arr = rotate(arr: arr, range: range)\n              ^~~~~~\n",
      "exit_code": 1,
      "status": "SyntaxError"
    },
    {
      "program": "\n/// Write a swiftthon function to find element at a given index after number of rotations.\nfunc find_Element(arr: [Int], ranges: [[Int]], rotations: Int, index: Int) -> Int {\n    var arr = arr\n    for range in ranges {\n        arr = rotate(arr: arr, start: range[0], end: range[1])\n    }\n    return arr[index]\n}\n\n\nfunc ==(left: [(Int, Int)], right: [(Int, Int)]) -> Bool {\n    if left.count != right.count {\n        return false\n    }\n    for (l, r) in zip(left, right) {\n        if l != r {\n            return false\n        }\n    }\n    return true\n}\n            \nassert(find_Element(arr: [1, 2, 3, 4, 5], ranges: [[0, 2], [0, 3]], rotations: 2, index: 1) == 3)\nassert(find_Element(arr: [1, 2, 3, 4], ranges: [[0, 1], [0, 2]], rotations: 1, index: 2) == 3)\nassert(find_Element(arr: [1, 2, 3, 4, 5, 6], ranges: [[0, 1], [0, 2]], rotations: 1, index: 1) == 1)",
      "timestamp": 1666122824,
      "stdout": "",
      "stderr": "/tmp/tmpm1hwrj7o.swift:6:15: error: cannot find 'rotate' in scope\n        arr = rotate(arr: arr, start: range[0], end: range[1])\n              ^~~~~~\n",
      "exit_code": 1,
      "status": "SyntaxError"
    },
    {
      "program": "\n/// Write a swiftthon function to find element at a given index after number of rotations.\nfunc find_Element(arr: [Int], ranges: [[Int]], rotations: Int, index: Int) -> Int {\n    var arr = arr\n    for range in ranges {\n        arr = rotate(arr: arr, from: range[0], to: range[1])\n    }\n    return arr[index]\n}\n\n\nfunc ==(left: [(Int, Int)], right: [(Int, Int)]) -> Bool {\n    if left.count != right.count {\n        return false\n    }\n    for (l, r) in zip(left, right) {\n        if l != r {\n            return false\n        }\n    }\n    return true\n}\n            \nassert(find_Element(arr: [1, 2, 3, 4, 5], ranges: [[0, 2], [0, 3]], rotations: 2, index: 1) == 3)\nassert(find_Element(arr: [1, 2, 3, 4], ranges: [[0, 1], [0, 2]], rotations: 1, index: 2) == 3)\nassert(find_Element(arr: [1, 2, 3, 4, 5, 6], ranges: [[0, 1], [0, 2]], rotations: 1, index: 1) == 1)",
      "timestamp": 1665509863,
      "stdout": "",
      "stderr": "/tmp/tmpcogpv0b3.swift:6:15: error: cannot find 'rotate' in scope\n        arr = rotate(arr: arr, from: range[0], to: range[1])\n              ^~~~~~\n",
      "exit_code": 1,
      "status": "SyntaxError"
    },
    {
      "program": "\n/// Write a swiftthon function to find element at a given index after number of rotations.\nfunc find_Element(arr: [Int], ranges: [[Int]], rotations: Int, index: Int) -> Int {\n    var arr = arr\n    for range in ranges {\n        arr = reverse(arr: arr, range: range)\n    }\n    return arr[index]\n}\n\n\nfunc ==(left: [(Int, Int)], right: [(Int, Int)]) -> Bool {\n    if left.count != right.count {\n        return false\n    }\n    for (l, r) in zip(left, right) {\n        if l != r {\n            return false\n        }\n    }\n    return true\n}\n            \nassert(find_Element(arr: [1, 2, 3, 4, 5], ranges: [[0, 2], [0, 3]], rotations: 2, index: 1) == 3)\nassert(find_Element(arr: [1, 2, 3, 4], ranges: [[0, 1], [0, 2]], rotations: 1, index: 2) == 3)\nassert(find_Element(arr: [1, 2, 3, 4, 5, 6], ranges: [[0, 1], [0, 2]], rotations: 1, index: 1) == 1)",
      "timestamp": 1665509863,
      "stdout": "",
      "stderr": "/tmp/tmpx6a85idl.swift:6:15: error: cannot find 'reverse' in scope\n        arr = reverse(arr: arr, range: range)\n              ^~~~~~~\n",
      "exit_code": 1,
      "status": "SyntaxError"
    },
    {
      "program": "\n/// Write a swiftthon function to find element at a given index after number of rotations.\nfunc find_Element(arr: [Int], ranges: [[Int]], rotations: Int, index: Int) -> Int {\n    var arr = arr\n    for i in 0..<rotations {\n        let range = ranges[i]\n        let start = range[0]\n        let end = range[1]\n        let temp = arr[start]\n        for j in start..<end {\n            arr[j] = arr[j+1]\n        }\n        arr[end] = temp\n    }\n    return arr[index]\n}\n\n\nfunc ==(left: [(Int, Int)], right: [(Int, Int)]) -> Bool {\n    if left.count != right.count {\n        return false\n    }\n    for (l, r) in zip(left, right) {\n        if l != r {\n            return false\n        }\n    }\n    return true\n}\n            \nassert(find_Element(arr: [1, 2, 3, 4, 5], ranges: [[0, 2], [0, 3]], rotations: 2, index: 1) == 3)\nassert(find_Element(arr: [1, 2, 3, 4], ranges: [[0, 1], [0, 2]], rotations: 1, index: 2) == 3)\nassert(find_Element(arr: [1, 2, 3, 4, 5, 6], ranges: [[0, 1], [0, 2]], rotations: 1, index: 1) == 1)",
      "timestamp": 1666122825,
      "stdout": "",
      "stderr": "tmpayu7gb33/tmpayu7gb33.swift:31: Assertion failed\nCurrent stack trace:\n0    libswiftCore.so                    0x00002ab6d36edc80 _swift_stdlib_reportFatalErrorInFile + 112\n1    libswiftCore.so                    0x00002ab6d33e4b6c <unavailable> + 1436524\n2    libswiftCore.so                    0x00002ab6d33e4988 <unavailable> + 1436040\n3    libswiftCore.so                    0x00002ab6d33e37b0 _assertionFailure(_:_:file:line:flags:) + 699\n4    tmpayu7gb33                        0x00005628a979f64c <unavailable> + 5708\n5    libc.so.6                          0x00002ab6d38d9460 __libc_start_main + 245\n6    tmpayu7gb33                        0x00005628a979f1e9 <unavailable> + 4585\n",
      "exit_code": -4,
      "status": "Exception"
    },
    {
      "program": "\n/// Write a swiftthon function to find element at a given index after number of rotations.\nfunc find_Element(arr: [Int], ranges: [[Int]], rotations: Int, index: Int) -> Int {\n    var result = 0\n    for range in ranges {\n        let start = range[0]\n        let end = range[1]\n        let length = end - start + 1\n        let rotation = rotations % length\n        let newIndex = (index + rotation) % length\n        result += arr[newIndex]\n    }\n    return result\n}\n\n\nfunc ==(left: [(Int, Int)], right: [(Int, Int)]) -> Bool {\n    if left.count != right.count {\n        return false\n    }\n    for (l, r) in zip(left, right) {\n        if l != r {\n            return false\n        }\n    }\n    return true\n}\n            \nassert(find_Element(arr: [1, 2, 3, 4, 5], ranges: [[0, 2], [0, 3]], rotations: 2, index: 1) == 3)\nassert(find_Element(arr: [1, 2, 3, 4], ranges: [[0, 1], [0, 2]], rotations: 1, index: 2) == 3)\nassert(find_Element(arr: [1, 2, 3, 4, 5, 6], ranges: [[0, 1], [0, 2]], rotations: 1, index: 1) == 1)",
      "timestamp": 1666122825,
      "stdout": "",
      "stderr": "tmpn8s91w2t/tmpn8s91w2t.swift:29: Assertion failed\nCurrent stack trace:\n0    libswiftCore.so                    0x00002adfae58ec80 _swift_stdlib_reportFatalErrorInFile + 112\n1    libswiftCore.so                    0x00002adfae285b6c <unavailable> + 1436524\n2    libswiftCore.so                    0x00002adfae285988 <unavailable> + 1436040\n3    libswiftCore.so                    0x00002adfae2847b0 _assertionFailure(_:_:file:line:flags:) + 699\n4    tmpn8s91w2t                        0x0000557631e4561c <unavailable> + 5660\n5    libc.so.6                          0x00002adfae77a460 __libc_start_main + 245\n6    tmpn8s91w2t                        0x0000557631e451b9 <unavailable> + 4537\n",
      "exit_code": -4,
      "status": "Exception"
    },
    {
      "program": "\n/// Write a swiftthon function to find element at a given index after number of rotations.\nfunc find_Element(arr: [Int], ranges: [[Int]], rotations: Int, index: Int) -> Int {\n    var arr = arr\n    for range in ranges {\n        arr = rotate(arr: arr, from: range[0], to: range[1])\n    }\n    return arr[index]\n}\n\n\nfunc ==(left: [(Int, Int)], right: [(Int, Int)]) -> Bool {\n    if left.count != right.count {\n        return false\n    }\n    for (l, r) in zip(left, right) {\n        if l != r {\n            return false\n        }\n    }\n    return true\n}\n            \nassert(find_Element(arr: [1, 2, 3, 4, 5], ranges: [[0, 2], [0, 3]], rotations: 2, index: 1) == 3)\nassert(find_Element(arr: [1, 2, 3, 4], ranges: [[0, 1], [0, 2]], rotations: 1, index: 2) == 3)\nassert(find_Element(arr: [1, 2, 3, 4, 5, 6], ranges: [[0, 1], [0, 2]], rotations: 1, index: 1) == 1)",
      "timestamp": 1665509863,
      "stdout": "",
      "stderr": "/tmp/tmpcogpv0b3.swift:6:15: error: cannot find 'rotate' in scope\n        arr = rotate(arr: arr, from: range[0], to: range[1])\n              ^~~~~~\n",
      "exit_code": 1,
      "status": "SyntaxError"
    },
    {
      "program": "\n/// Write a swiftthon function to find element at a given index after number of rotations.\nfunc find_Element(arr: [Int], ranges: [[Int]], rotations: Int, index: Int) -> Int {\n    var arr = arr\n    for range in ranges {\n        arr = rotate(arr: arr, range: range)\n    }\n    return arr[index]\n}\n\n\nfunc ==(left: [(Int, Int)], right: [(Int, Int)]) -> Bool {\n    if left.count != right.count {\n        return false\n    }\n    for (l, r) in zip(left, right) {\n        if l != r {\n            return false\n        }\n    }\n    return true\n}\n            \nassert(find_Element(arr: [1, 2, 3, 4, 5], ranges: [[0, 2], [0, 3]], rotations: 2, index: 1) == 3)\nassert(find_Element(arr: [1, 2, 3, 4], ranges: [[0, 1], [0, 2]], rotations: 1, index: 2) == 3)\nassert(find_Element(arr: [1, 2, 3, 4, 5, 6], ranges: [[0, 1], [0, 2]], rotations: 1, index: 1) == 1)",
      "timestamp": 1665509863,
      "stdout": "",
      "stderr": "/tmp/tmp7vq21ehg.swift:6:15: error: cannot find 'rotate' in scope\n        arr = rotate(arr: arr, range: range)\n              ^~~~~~\n",
      "exit_code": 1,
      "status": "SyntaxError"
    },
    {
      "program": "\n/// Write a swiftthon function to find element at a given index after number of rotations.\nfunc find_Element(arr: [Int], ranges: [[Int]], rotations: Int, index: Int) -> Int {\n    var arr = arr\n    for range in ranges {\n        arr = rotate(arr: arr, start: range[0], end: range[1])\n    }\n    return arr[index]\n}\n\n\nfunc ==(left: [(Int, Int)], right: [(Int, Int)]) -> Bool {\n    if left.count != right.count {\n        return false\n    }\n    for (l, r) in zip(left, right) {\n        if l != r {\n            return false\n        }\n    }\n    return true\n}\n            \nassert(find_Element(arr: [1, 2, 3, 4, 5], ranges: [[0, 2], [0, 3]], rotations: 2, index: 1) == 3)\nassert(find_Element(arr: [1, 2, 3, 4], ranges: [[0, 1], [0, 2]], rotations: 1, index: 2) == 3)\nassert(find_Element(arr: [1, 2, 3, 4, 5, 6], ranges: [[0, 1], [0, 2]], rotations: 1, index: 1) == 1)",
      "timestamp": 1666122824,
      "stdout": "",
      "stderr": "/tmp/tmpm1hwrj7o.swift:6:15: error: cannot find 'rotate' in scope\n        arr = rotate(arr: arr, start: range[0], end: range[1])\n              ^~~~~~\n",
      "exit_code": 1,
      "status": "SyntaxError"
    },
    {
      "program": "\n/// Write a swiftthon function to find element at a given index after number of rotations.\nfunc find_Element(arr: [Int], ranges: [[Int]], rotations: Int, index: Int) -> Int {\n    var arr = arr\n    for range in ranges {\n        arr = rotate(arr: arr, range: range, rotations: rotations)\n    }\n    return arr[index]\n}\n\n\nfunc ==(left: [(Int, Int)], right: [(Int, Int)]) -> Bool {\n    if left.count != right.count {\n        return false\n    }\n    for (l, r) in zip(left, right) {\n        if l != r {\n            return false\n        }\n    }\n    return true\n}\n            \nassert(find_Element(arr: [1, 2, 3, 4, 5], ranges: [[0, 2], [0, 3]], rotations: 2, index: 1) == 3)\nassert(find_Element(arr: [1, 2, 3, 4], ranges: [[0, 1], [0, 2]], rotations: 1, index: 2) == 3)\nassert(find_Element(arr: [1, 2, 3, 4, 5, 6], ranges: [[0, 1], [0, 2]], rotations: 1, index: 1) == 1)",
      "timestamp": 1665509863,
      "stdout": "",
      "stderr": "/tmp/tmp7ko4fjwh.swift:6:15: error: cannot find 'rotate' in scope\n        arr = rotate(arr: arr, range: range, rotations: rotations)\n              ^~~~~~\n",
      "exit_code": 1,
      "status": "SyntaxError"
    },
    {
      "program": "\n/// Write a swiftthon function to find element at a given index after number of rotations.\nfunc find_Element(arr: [Int], ranges: [[Int]], rotations: Int, index: Int) -> Int {\n    var arr = arr\n    for range in ranges {\n        arr = rotate(arr: arr, from: range[0], to: range[1])\n    }\n    return arr[index]\n}\n\n\nfunc ==(left: [(Int, Int)], right: [(Int, Int)]) -> Bool {\n    if left.count != right.count {\n        return false\n    }\n    for (l, r) in zip(left, right) {\n        if l != r {\n            return false\n        }\n    }\n    return true\n}\n            \nassert(find_Element(arr: [1, 2, 3, 4, 5], ranges: [[0, 2], [0, 3]], rotations: 2, index: 1) == 3)\nassert(find_Element(arr: [1, 2, 3, 4], ranges: [[0, 1], [0, 2]], rotations: 1, index: 2) == 3)\nassert(find_Element(arr: [1, 2, 3, 4, 5, 6], ranges: [[0, 1], [0, 2]], rotations: 1, index: 1) == 1)",
      "timestamp": 1665509863,
      "stdout": "",
      "stderr": "/tmp/tmpcogpv0b3.swift:6:15: error: cannot find 'rotate' in scope\n        arr = rotate(arr: arr, from: range[0], to: range[1])\n              ^~~~~~\n",
      "exit_code": 1,
      "status": "SyntaxError"
    },
    {
      "program": "\n/// Write a swiftthon function to find element at a given index after number of rotations.\nfunc find_Element(arr: [Int], ranges: [[Int]], rotations: Int, index: Int) -> Int {\n    var arr = arr\n    for range in ranges {\n        arr = rotate(arr: arr, range: range, rotations: rotations)\n    }\n    return arr[index]\n}\n\n\nfunc ==(left: [(Int, Int)], right: [(Int, Int)]) -> Bool {\n    if left.count != right.count {\n        return false\n    }\n    for (l, r) in zip(left, right) {\n        if l != r {\n            return false\n        }\n    }\n    return true\n}\n            \nassert(find_Element(arr: [1, 2, 3, 4, 5], ranges: [[0, 2], [0, 3]], rotations: 2, index: 1) == 3)\nassert(find_Element(arr: [1, 2, 3, 4], ranges: [[0, 1], [0, 2]], rotations: 1, index: 2) == 3)\nassert(find_Element(arr: [1, 2, 3, 4, 5, 6], ranges: [[0, 1], [0, 2]], rotations: 1, index: 1) == 1)",
      "timestamp": 1665509863,
      "stdout": "",
      "stderr": "/tmp/tmp7ko4fjwh.swift:6:15: error: cannot find 'rotate' in scope\n        arr = rotate(arr: arr, range: range, rotations: rotations)\n              ^~~~~~\n",
      "exit_code": 1,
      "status": "SyntaxError"
    },
    {
      "program": "\n/// Write a swiftthon function to find element at a given index after number of rotations.\nfunc find_Element(arr: [Int], ranges: [[Int]], rotations: Int, index: Int) -> Int {\n    var arr = arr\n    for range in ranges {\n        arr = reverse(arr: arr, start: range[0], end: range[1])\n    }\n    let index = (index + rotations) % arr.count\n    return arr[index]\n}\n\n\nfunc ==(left: [(Int, Int)], right: [(Int, Int)]) -> Bool {\n    if left.count != right.count {\n        return false\n    }\n    for (l, r) in zip(left, right) {\n        if l != r {\n            return false\n        }\n    }\n    return true\n}\n            \nassert(find_Element(arr: [1, 2, 3, 4, 5], ranges: [[0, 2], [0, 3]], rotations: 2, index: 1) == 3)\nassert(find_Element(arr: [1, 2, 3, 4], ranges: [[0, 1], [0, 2]], rotations: 1, index: 2) == 3)\nassert(find_Element(arr: [1, 2, 3, 4, 5, 6], ranges: [[0, 1], [0, 2]], rotations: 1, index: 1) == 1)",
      "timestamp": 1666122824,
      "stdout": "",
      "stderr": "/tmp/tmp4o6l798j.swift:6:15: error: cannot find 'reverse' in scope\n        arr = reverse(arr: arr, start: range[0], end: range[1])\n              ^~~~~~~\n",
      "exit_code": 1,
      "status": "SyntaxError"
    },
    {
      "program": "\n/// Write a swiftthon function to find element at a given index after number of rotations.\nfunc find_Element(arr: [Int], ranges: [[Int]], rotations: Int, index: Int) -> Int {\n    var arr = arr\n    for range in ranges {\n        arr = reverse(arr: arr, start: range[0], end: range[1])\n    }\n    return arr[(index + rotations) % arr.count]\n}\n\n\nfunc ==(left: [(Int, Int)], right: [(Int, Int)]) -> Bool {\n    if left.count != right.count {\n        return false\n    }\n    for (l, r) in zip(left, right) {\n        if l != r {\n            return false\n        }\n    }\n    return true\n}\n            \nassert(find_Element(arr: [1, 2, 3, 4, 5], ranges: [[0, 2], [0, 3]], rotations: 2, index: 1) == 3)\nassert(find_Element(arr: [1, 2, 3, 4], ranges: [[0, 1], [0, 2]], rotations: 1, index: 2) == 3)\nassert(find_Element(arr: [1, 2, 3, 4, 5, 6], ranges: [[0, 1], [0, 2]], rotations: 1, index: 1) == 1)",
      "timestamp": 1665509863,
      "stdout": "",
      "stderr": "/tmp/tmpsgeobm9j.swift:6:15: error: cannot find 'reverse' in scope\n        arr = reverse(arr: arr, start: range[0], end: range[1])\n              ^~~~~~~\n",
      "exit_code": 1,
      "status": "SyntaxError"
    },
    {
      "program": "\n/// Write a swiftthon function to find element at a given index after number of rotations.\nfunc find_Element(arr: [Int], ranges: [[Int]], rotations: Int, index: Int) -> Int {\n    var arr = arr\n    for range in ranges {\n        arr = reverse(arr: arr, start: range[0], end: range[1])\n    }\n    return arr[(index + rotations) % arr.count]\n}\n\n\nfunc ==(left: [(Int, Int)], right: [(Int, Int)]) -> Bool {\n    if left.count != right.count {\n        return false\n    }\n    for (l, r) in zip(left, right) {\n        if l != r {\n            return false\n        }\n    }\n    return true\n}\n            \nassert(find_Element(arr: [1, 2, 3, 4, 5], ranges: [[0, 2], [0, 3]], rotations: 2, index: 1) == 3)\nassert(find_Element(arr: [1, 2, 3, 4], ranges: [[0, 1], [0, 2]], rotations: 1, index: 2) == 3)\nassert(find_Element(arr: [1, 2, 3, 4, 5, 6], ranges: [[0, 1], [0, 2]], rotations: 1, index: 1) == 1)",
      "timestamp": 1665509863,
      "stdout": "",
      "stderr": "/tmp/tmpsgeobm9j.swift:6:15: error: cannot find 'reverse' in scope\n        arr = reverse(arr: arr, start: range[0], end: range[1])\n              ^~~~~~~\n",
      "exit_code": 1,
      "status": "SyntaxError"
    },
    {
      "program": "\n/// Write a swiftthon function to find element at a given index after number of rotations.\nfunc find_Element(arr: [Int], ranges: [[Int]], rotations: Int, index: Int) -> Int {\n    var arr = arr\n    for range in ranges {\n        arr = reverse(arr: arr, range: range)\n    }\n    return arr[index]\n}\n\n\nfunc ==(left: [(Int, Int)], right: [(Int, Int)]) -> Bool {\n    if left.count != right.count {\n        return false\n    }\n    for (l, r) in zip(left, right) {\n        if l != r {\n            return false\n        }\n    }\n    return true\n}\n            \nassert(find_Element(arr: [1, 2, 3, 4, 5], ranges: [[0, 2], [0, 3]], rotations: 2, index: 1) == 3)\nassert(find_Element(arr: [1, 2, 3, 4], ranges: [[0, 1], [0, 2]], rotations: 1, index: 2) == 3)\nassert(find_Element(arr: [1, 2, 3, 4, 5, 6], ranges: [[0, 1], [0, 2]], rotations: 1, index: 1) == 1)",
      "timestamp": 1665509863,
      "stdout": "",
      "stderr": "/tmp/tmpx6a85idl.swift:6:15: error: cannot find 'reverse' in scope\n        arr = reverse(arr: arr, range: range)\n              ^~~~~~~\n",
      "exit_code": 1,
      "status": "SyntaxError"
    },
    {
      "program": "\n/// Write a swiftthon function to find element at a given index after number of rotations.\nfunc find_Element(arr: [Int], ranges: [[Int]], rotations: Int, index: Int) -> Int {\n    var arr = arr\n    for range in ranges {\n        arr = rotate(arr: arr, from: range[0], to: range[1])\n    }\n    return arr[index]\n}\n\n\nfunc ==(left: [(Int, Int)], right: [(Int, Int)]) -> Bool {\n    if left.count != right.count {\n        return false\n    }\n    for (l, r) in zip(left, right) {\n        if l != r {\n            return false\n        }\n    }\n    return true\n}\n            \nassert(find_Element(arr: [1, 2, 3, 4, 5], ranges: [[0, 2], [0, 3]], rotations: 2, index: 1) == 3)\nassert(find_Element(arr: [1, 2, 3, 4], ranges: [[0, 1], [0, 2]], rotations: 1, index: 2) == 3)\nassert(find_Element(arr: [1, 2, 3, 4, 5, 6], ranges: [[0, 1], [0, 2]], rotations: 1, index: 1) == 1)",
      "timestamp": 1665509863,
      "stdout": "",
      "stderr": "/tmp/tmpcogpv0b3.swift:6:15: error: cannot find 'rotate' in scope\n        arr = rotate(arr: arr, from: range[0], to: range[1])\n              ^~~~~~\n",
      "exit_code": 1,
      "status": "SyntaxError"
    },
    {
      "program": "\n/// Write a swiftthon function to find element at a given index after number of rotations.\nfunc find_Element(arr: [Int], ranges: [[Int]], rotations: Int, index: Int) -> Int {\n    var arr = arr\n    for range in ranges {\n        arr = rotate(arr: arr, from: range[0], to: range[1])\n    }\n    return arr[index]\n}\n\n\nfunc ==(left: [(Int, Int)], right: [(Int, Int)]) -> Bool {\n    if left.count != right.count {\n        return false\n    }\n    for (l, r) in zip(left, right) {\n        if l != r {\n            return false\n        }\n    }\n    return true\n}\n            \nassert(find_Element(arr: [1, 2, 3, 4, 5], ranges: [[0, 2], [0, 3]], rotations: 2, index: 1) == 3)\nassert(find_Element(arr: [1, 2, 3, 4], ranges: [[0, 1], [0, 2]], rotations: 1, index: 2) == 3)\nassert(find_Element(arr: [1, 2, 3, 4, 5, 6], ranges: [[0, 1], [0, 2]], rotations: 1, index: 1) == 1)",
      "timestamp": 1665509863,
      "stdout": "",
      "stderr": "/tmp/tmpcogpv0b3.swift:6:15: error: cannot find 'rotate' in scope\n        arr = rotate(arr: arr, from: range[0], to: range[1])\n              ^~~~~~\n",
      "exit_code": 1,
      "status": "SyntaxError"
    },
    {
      "program": "\n/// Write a swiftthon function to find element at a given index after number of rotations.\nfunc find_Element(arr: [Int], ranges: [[Int]], rotations: Int, index: Int) -> Int {\n    var newArr = arr\n    for range in ranges {\n        newArr = reverse(arr: newArr, range: range)\n    }\n    let newIndex = (index + rotations) % arr.count\n    return newArr[newIndex]\n}\n\n\nfunc ==(left: [(Int, Int)], right: [(Int, Int)]) -> Bool {\n    if left.count != right.count {\n        return false\n    }\n    for (l, r) in zip(left, right) {\n        if l != r {\n            return false\n        }\n    }\n    return true\n}\n            \nassert(find_Element(arr: [1, 2, 3, 4, 5], ranges: [[0, 2], [0, 3]], rotations: 2, index: 1) == 3)\nassert(find_Element(arr: [1, 2, 3, 4], ranges: [[0, 1], [0, 2]], rotations: 1, index: 2) == 3)\nassert(find_Element(arr: [1, 2, 3, 4, 5, 6], ranges: [[0, 1], [0, 2]], rotations: 1, index: 1) == 1)",
      "timestamp": 1666122824,
      "stdout": "",
      "stderr": "/tmp/tmpvfwi1jq5.swift:6:18: error: cannot find 'reverse' in scope\n        newArr = reverse(arr: newArr, range: range)\n                 ^~~~~~~\n",
      "exit_code": 1,
      "status": "SyntaxError"
    },
    {
      "program": "\n/// Write a swiftthon function to find element at a given index after number of rotations.\nfunc find_Element(arr: [Int], ranges: [[Int]], rotations: Int, index: Int) -> Int {\n    var arr = arr\n    for range in ranges {\n        arr = reverse(arr: arr, range: range)\n    }\n    return arr[index]\n}\n\n\nfunc ==(left: [(Int, Int)], right: [(Int, Int)]) -> Bool {\n    if left.count != right.count {\n        return false\n    }\n    for (l, r) in zip(left, right) {\n        if l != r {\n            return false\n        }\n    }\n    return true\n}\n            \nassert(find_Element(arr: [1, 2, 3, 4, 5], ranges: [[0, 2], [0, 3]], rotations: 2, index: 1) == 3)\nassert(find_Element(arr: [1, 2, 3, 4], ranges: [[0, 1], [0, 2]], rotations: 1, index: 2) == 3)\nassert(find_Element(arr: [1, 2, 3, 4, 5, 6], ranges: [[0, 1], [0, 2]], rotations: 1, index: 1) == 1)",
      "timestamp": 1665509863,
      "stdout": "",
      "stderr": "/tmp/tmpx6a85idl.swift:6:15: error: cannot find 'reverse' in scope\n        arr = reverse(arr: arr, range: range)\n              ^~~~~~~\n",
      "exit_code": 1,
      "status": "SyntaxError"
    },
    {
      "program": "\n/// Write a swiftthon function to find element at a given index after number of rotations.\nfunc find_Element(arr: [Int], ranges: [[Int]], rotations: Int, index: Int) -> Int {\n    var arr = arr\n    for range in ranges {\n        arr = rotate(arr: arr, range: range)\n    }\n    return arr[index]\n}\n\n\nfunc ==(left: [(Int, Int)], right: [(Int, Int)]) -> Bool {\n    if left.count != right.count {\n        return false\n    }\n    for (l, r) in zip(left, right) {\n        if l != r {\n            return false\n        }\n    }\n    return true\n}\n            \nassert(find_Element(arr: [1, 2, 3, 4, 5], ranges: [[0, 2], [0, 3]], rotations: 2, index: 1) == 3)\nassert(find_Element(arr: [1, 2, 3, 4], ranges: [[0, 1], [0, 2]], rotations: 1, index: 2) == 3)\nassert(find_Element(arr: [1, 2, 3, 4, 5, 6], ranges: [[0, 1], [0, 2]], rotations: 1, index: 1) == 1)",
      "timestamp": 1665509863,
      "stdout": "",
      "stderr": "/tmp/tmp7vq21ehg.swift:6:15: error: cannot find 'rotate' in scope\n        arr = rotate(arr: arr, range: range)\n              ^~~~~~\n",
      "exit_code": 1,
      "status": "SyntaxError"
    },
    {
      "program": "\n/// Write a swiftthon function to find element at a given index after number of rotations.\nfunc find_Element(arr: [Int], ranges: [[Int]], rotations: Int, index: Int) -> Int {\n    var arr = arr\n    for range in ranges {\n        arr = reverse(arr: arr, start: range[0], end: range[1])\n    }\n    return arr[(index + rotations) % arr.count]\n}\n\n\nfunc ==(left: [(Int, Int)], right: [(Int, Int)]) -> Bool {\n    if left.count != right.count {\n        return false\n    }\n    for (l, r) in zip(left, right) {\n        if l != r {\n            return false\n        }\n    }\n    return true\n}\n            \nassert(find_Element(arr: [1, 2, 3, 4, 5], ranges: [[0, 2], [0, 3]], rotations: 2, index: 1) == 3)\nassert(find_Element(arr: [1, 2, 3, 4], ranges: [[0, 1], [0, 2]], rotations: 1, index: 2) == 3)\nassert(find_Element(arr: [1, 2, 3, 4, 5, 6], ranges: [[0, 1], [0, 2]], rotations: 1, index: 1) == 1)",
      "timestamp": 1665509863,
      "stdout": "",
      "stderr": "/tmp/tmpsgeobm9j.swift:6:15: error: cannot find 'reverse' in scope\n        arr = reverse(arr: arr, start: range[0], end: range[1])\n              ^~~~~~~\n",
      "exit_code": 1,
      "status": "SyntaxError"
    },
    {
      "program": "\n/// Write a swiftthon function to find element at a given index after number of rotations.\nfunc find_Element(arr: [Int], ranges: [[Int]], rotations: Int, index: Int) -> Int {\n    var arr = arr\n    for range in ranges {\n        arr = reverse(arr: arr, start: range[0], end: range[1])\n    }\n    return arr[(index + rotations) % arr.count]\n}\n\n\nfunc ==(left: [(Int, Int)], right: [(Int, Int)]) -> Bool {\n    if left.count != right.count {\n        return false\n    }\n    for (l, r) in zip(left, right) {\n        if l != r {\n            return false\n        }\n    }\n    return true\n}\n            \nassert(find_Element(arr: [1, 2, 3, 4, 5], ranges: [[0, 2], [0, 3]], rotations: 2, index: 1) == 3)\nassert(find_Element(arr: [1, 2, 3, 4], ranges: [[0, 1], [0, 2]], rotations: 1, index: 2) == 3)\nassert(find_Element(arr: [1, 2, 3, 4, 5, 6], ranges: [[0, 1], [0, 2]], rotations: 1, index: 1) == 1)",
      "timestamp": 1665509863,
      "stdout": "",
      "stderr": "/tmp/tmpsgeobm9j.swift:6:15: error: cannot find 'reverse' in scope\n        arr = reverse(arr: arr, start: range[0], end: range[1])\n              ^~~~~~~\n",
      "exit_code": 1,
      "status": "SyntaxError"
    },
    {
      "program": "\n/// Write a swiftthon function to find element at a given index after number of rotations.\nfunc find_Element(arr: [Int], ranges: [[Int]], rotations: Int, index: Int) -> Int {\n    var arr = arr\n    for range in ranges {\n        arr = reverse(arr: arr, start: range[0], end: range[1])\n    }\n    return arr[index]\n}\n\n\nfunc ==(left: [(Int, Int)], right: [(Int, Int)]) -> Bool {\n    if left.count != right.count {\n        return false\n    }\n    for (l, r) in zip(left, right) {\n        if l != r {\n            return false\n        }\n    }\n    return true\n}\n            \nassert(find_Element(arr: [1, 2, 3, 4, 5], ranges: [[0, 2], [0, 3]], rotations: 2, index: 1) == 3)\nassert(find_Element(arr: [1, 2, 3, 4], ranges: [[0, 1], [0, 2]], rotations: 1, index: 2) == 3)\nassert(find_Element(arr: [1, 2, 3, 4, 5, 6], ranges: [[0, 1], [0, 2]], rotations: 1, index: 1) == 1)",
      "timestamp": 1666122824,
      "stdout": "",
      "stderr": "/tmp/tmpop97veq9.swift:6:15: error: cannot find 'reverse' in scope\n        arr = reverse(arr: arr, start: range[0], end: range[1])\n              ^~~~~~~\n",
      "exit_code": 1,
      "status": "SyntaxError"
    },
    {
      "program": "\n/// Write a swiftthon function to find element at a given index after number of rotations.\nfunc find_Element(arr: [Int], ranges: [[Int]], rotations: Int, index: Int) -> Int {\n    var arr = arr\n    for range in ranges {\n        arr = rotate(arr: arr, range: range)\n    }\n    return arr[index]\n}\n\n\nfunc ==(left: [(Int, Int)], right: [(Int, Int)]) -> Bool {\n    if left.count != right.count {\n        return false\n    }\n    for (l, r) in zip(left, right) {\n        if l != r {\n            return false\n        }\n    }\n    return true\n}\n            \nassert(find_Element(arr: [1, 2, 3, 4, 5], ranges: [[0, 2], [0, 3]], rotations: 2, index: 1) == 3)\nassert(find_Element(arr: [1, 2, 3, 4], ranges: [[0, 1], [0, 2]], rotations: 1, index: 2) == 3)\nassert(find_Element(arr: [1, 2, 3, 4, 5, 6], ranges: [[0, 1], [0, 2]], rotations: 1, index: 1) == 1)",
      "timestamp": 1665509863,
      "stdout": "",
      "stderr": "/tmp/tmp7vq21ehg.swift:6:15: error: cannot find 'rotate' in scope\n        arr = rotate(arr: arr, range: range)\n              ^~~~~~\n",
      "exit_code": 1,
      "status": "SyntaxError"
    },
    {
      "program": "\n/// Write a swiftthon function to find element at a given index after number of rotations.\nfunc find_Element(arr: [Int], ranges: [[Int]], rotations: Int, index: Int) -> Int {\n    var arr = arr\n    for range in ranges {\n        arr = arr.reversed()\n        arr = arr[range[0]...range[1]]\n    }\n    return arr[index]\n}\n\n\nfunc ==(left: [(Int, Int)], right: [(Int, Int)]) -> Bool {\n    if left.count != right.count {\n        return false\n    }\n    for (l, r) in zip(left, right) {\n        if l != r {\n            return false\n        }\n    }\n    return true\n}\n            \nassert(find_Element(arr: [1, 2, 3, 4, 5], ranges: [[0, 2], [0, 3]], rotations: 2, index: 1) == 3)\nassert(find_Element(arr: [1, 2, 3, 4], ranges: [[0, 1], [0, 2]], rotations: 1, index: 2) == 3)\nassert(find_Element(arr: [1, 2, 3, 4, 5, 6], ranges: [[0, 1], [0, 2]], rotations: 1, index: 1) == 1)",
      "timestamp": 1666122824,
      "stdout": "",
      "stderr": "/tmp/tmp3lki7u0w.swift:7:18: error: cannot assign value of type 'ArraySlice<Int>' to type '[Int]'\n        arr = arr[range[0]...range[1]]\n              ~~~^~~~~~~~~~~~~~~~~~~~~\n",
      "exit_code": 1,
      "status": "SyntaxError"
    },
    {
      "program": "\n/// Write a swiftthon function to find element at a given index after number of rotations.\nfunc find_Element(arr: [Int], ranges: [[Int]], rotations: Int, index: Int) -> Int {\n    var arr = arr\n    for range in ranges {\n        arr = rotate(arr: arr, from: range[0], to: range[1])\n    }\n    return arr[index]\n}\n\n\nfunc ==(left: [(Int, Int)], right: [(Int, Int)]) -> Bool {\n    if left.count != right.count {\n        return false\n    }\n    for (l, r) in zip(left, right) {\n        if l != r {\n            return false\n        }\n    }\n    return true\n}\n            \nassert(find_Element(arr: [1, 2, 3, 4, 5], ranges: [[0, 2], [0, 3]], rotations: 2, index: 1) == 3)\nassert(find_Element(arr: [1, 2, 3, 4], ranges: [[0, 1], [0, 2]], rotations: 1, index: 2) == 3)\nassert(find_Element(arr: [1, 2, 3, 4, 5, 6], ranges: [[0, 1], [0, 2]], rotations: 1, index: 1) == 1)",
      "timestamp": 1665509863,
      "stdout": "",
      "stderr": "/tmp/tmpcogpv0b3.swift:6:15: error: cannot find 'rotate' in scope\n        arr = rotate(arr: arr, from: range[0], to: range[1])\n              ^~~~~~\n",
      "exit_code": 1,
      "status": "SyntaxError"
    },
    {
      "program": "\n/// Write a swiftthon function to find element at a given index after number of rotations.\nfunc find_Element(arr: [Int], ranges: [[Int]], rotations: Int, index: Int) -> Int {\n    var result = 0\n    var newIndex = index\n    for i in 0..<ranges.count {\n        let range = ranges[i]\n        if newIndex >= range[0] && newIndex <= range[1] {\n            newIndex = newIndex - range[0]\n            let newArr = Array(arr[range[0]...range[1]])\n            let newRotations = rotations % newArr.count\n            newIndex = (newIndex + newRotations) % newArr.count\n            result = newArr[newIndex]\n            break\n        } else {\n            newIndex = newIndex - range[1] - 1\n        }\n    }\n    return result\n}\n\n\nfunc ==(left: [(Int, Int)], right: [(Int, Int)]) -> Bool {\n    if left.count != right.count {\n        return false\n    }\n    for (l, r) in zip(left, right) {\n        if l != r {\n            return false\n        }\n    }\n    return true\n}\n            \nassert(find_Element(arr: [1, 2, 3, 4, 5], ranges: [[0, 2], [0, 3]], rotations: 2, index: 1) == 3)\nassert(find_Element(arr: [1, 2, 3, 4], ranges: [[0, 1], [0, 2]], rotations: 1, index: 2) == 3)\nassert(find_Element(arr: [1, 2, 3, 4, 5, 6], ranges: [[0, 1], [0, 2]], rotations: 1, index: 1) == 1)",
      "timestamp": 1666122825,
      "stdout": "",
      "stderr": "tmpu0bwrnua/tmpu0bwrnua.swift:35: Assertion failed\nCurrent stack trace:\n0    libswiftCore.so                    0x00002b9800b6ac80 _swift_stdlib_reportFatalErrorInFile + 112\n1    libswiftCore.so                    0x00002b9800861b6c <unavailable> + 1436524\n2    libswiftCore.so                    0x00002b9800861988 <unavailable> + 1436040\n3    libswiftCore.so                    0x00002b98008607b0 _assertionFailure(_:_:file:line:flags:) + 699\n4    tmpu0bwrnua                        0x00005643331a884c <unavailable> + 6220\n5    libc.so.6                          0x00002b9800d56460 __libc_start_main + 245\n6    tmpu0bwrnua                        0x00005643331a83e9 <unavailable> + 5097\n",
      "exit_code": -4,
      "status": "Exception"
    },
    {
      "program": "\n/// Write a swiftthon function to find element at a given index after number of rotations.\nfunc find_Element(arr: [Int], ranges: [[Int]], rotations: Int, index: Int) -> Int {\n    var arr = arr\n    for range in ranges {\n        arr = reverse(arr, range[0], range[1])\n    }\n    return arr[(index + rotations) % arr.count]\n}\n\n\nfunc ==(left: [(Int, Int)], right: [(Int, Int)]) -> Bool {\n    if left.count != right.count {\n        return false\n    }\n    for (l, r) in zip(left, right) {\n        if l != r {\n            return false\n        }\n    }\n    return true\n}\n            \nassert(find_Element(arr: [1, 2, 3, 4, 5], ranges: [[0, 2], [0, 3]], rotations: 2, index: 1) == 3)\nassert(find_Element(arr: [1, 2, 3, 4], ranges: [[0, 1], [0, 2]], rotations: 1, index: 2) == 3)\nassert(find_Element(arr: [1, 2, 3, 4, 5, 6], ranges: [[0, 1], [0, 2]], rotations: 1, index: 1) == 1)",
      "timestamp": 1666122824,
      "stdout": "",
      "stderr": "/tmp/tmpyolm8qbp.swift:6:15: error: cannot find 'reverse' in scope\n        arr = reverse(arr, range[0], range[1])\n              ^~~~~~~\n",
      "exit_code": 1,
      "status": "SyntaxError"
    },
    {
      "program": "\n/// Write a swiftthon function to find element at a given index after number of rotations.\nfunc find_Element(arr: [Int], ranges: [[Int]], rotations: Int, index: Int) -> Int {\n    var arr = arr\n    for range in ranges {\n        arr = rotate(arr: arr, range: range)\n    }\n    return arr[index]\n}\n\n\nfunc ==(left: [(Int, Int)], right: [(Int, Int)]) -> Bool {\n    if left.count != right.count {\n        return false\n    }\n    for (l, r) in zip(left, right) {\n        if l != r {\n            return false\n        }\n    }\n    return true\n}\n            \nassert(find_Element(arr: [1, 2, 3, 4, 5], ranges: [[0, 2], [0, 3]], rotations: 2, index: 1) == 3)\nassert(find_Element(arr: [1, 2, 3, 4], ranges: [[0, 1], [0, 2]], rotations: 1, index: 2) == 3)\nassert(find_Element(arr: [1, 2, 3, 4, 5, 6], ranges: [[0, 1], [0, 2]], rotations: 1, index: 1) == 1)",
      "timestamp": 1665509863,
      "stdout": "",
      "stderr": "/tmp/tmp7vq21ehg.swift:6:15: error: cannot find 'rotate' in scope\n        arr = rotate(arr: arr, range: range)\n              ^~~~~~\n",
      "exit_code": 1,
      "status": "SyntaxError"
    },
    {
      "program": "\n/// Write a swiftthon function to find element at a given index after number of rotations.\nfunc find_Element(arr: [Int], ranges: [[Int]], rotations: Int, index: Int) -> Int {\n    var arr = arr\n    for range in ranges {\n        arr = reverse(arr: arr, start: range[0], end: range[1])\n    }\n    return arr[(index + rotations) % arr.count]\n}\n\n\nfunc ==(left: [(Int, Int)], right: [(Int, Int)]) -> Bool {\n    if left.count != right.count {\n        return false\n    }\n    for (l, r) in zip(left, right) {\n        if l != r {\n            return false\n        }\n    }\n    return true\n}\n            \nassert(find_Element(arr: [1, 2, 3, 4, 5], ranges: [[0, 2], [0, 3]], rotations: 2, index: 1) == 3)\nassert(find_Element(arr: [1, 2, 3, 4], ranges: [[0, 1], [0, 2]], rotations: 1, index: 2) == 3)\nassert(find_Element(arr: [1, 2, 3, 4, 5, 6], ranges: [[0, 1], [0, 2]], rotations: 1, index: 1) == 1)",
      "timestamp": 1665509863,
      "stdout": "",
      "stderr": "/tmp/tmpsgeobm9j.swift:6:15: error: cannot find 'reverse' in scope\n        arr = reverse(arr: arr, start: range[0], end: range[1])\n              ^~~~~~~\n",
      "exit_code": 1,
      "status": "SyntaxError"
    },
    {
      "program": "\n/// Write a swiftthon function to find element at a given index after number of rotations.\nfunc find_Element(arr: [Int], ranges: [[Int]], rotations: Int, index: Int) -> Int {\n    var arr = arr\n    for range in ranges {\n        arr = reverse(arr: arr, range: range)\n    }\n    return arr[index]\n}\n\n\nfunc ==(left: [(Int, Int)], right: [(Int, Int)]) -> Bool {\n    if left.count != right.count {\n        return false\n    }\n    for (l, r) in zip(left, right) {\n        if l != r {\n            return false\n        }\n    }\n    return true\n}\n            \nassert(find_Element(arr: [1, 2, 3, 4, 5], ranges: [[0, 2], [0, 3]], rotations: 2, index: 1) == 3)\nassert(find_Element(arr: [1, 2, 3, 4], ranges: [[0, 1], [0, 2]], rotations: 1, index: 2) == 3)\nassert(find_Element(arr: [1, 2, 3, 4, 5, 6], ranges: [[0, 1], [0, 2]], rotations: 1, index: 1) == 1)",
      "timestamp": 1665509863,
      "stdout": "",
      "stderr": "/tmp/tmpx6a85idl.swift:6:15: error: cannot find 'reverse' in scope\n        arr = reverse(arr: arr, range: range)\n              ^~~~~~~\n",
      "exit_code": 1,
      "status": "SyntaxError"
    },
    {
      "program": "\n/// Write a swiftthon function to find element at a given index after number of rotations.\nfunc find_Element(arr: [Int], ranges: [[Int]], rotations: Int, index: Int) -> Int {\n    var arr = arr\n    for range in ranges {\n        arr = rotate(arr: arr, range: range, rotations: rotations)\n    }\n    return arr[index]\n}\n\n\nfunc ==(left: [(Int, Int)], right: [(Int, Int)]) -> Bool {\n    if left.count != right.count {\n        return false\n    }\n    for (l, r) in zip(left, right) {\n        if l != r {\n            return false\n        }\n    }\n    return true\n}\n            \nassert(find_Element(arr: [1, 2, 3, 4, 5], ranges: [[0, 2], [0, 3]], rotations: 2, index: 1) == 3)\nassert(find_Element(arr: [1, 2, 3, 4], ranges: [[0, 1], [0, 2]], rotations: 1, index: 2) == 3)\nassert(find_Element(arr: [1, 2, 3, 4, 5, 6], ranges: [[0, 1], [0, 2]], rotations: 1, index: 1) == 1)",
      "timestamp": 1665509863,
      "stdout": "",
      "stderr": "/tmp/tmp7ko4fjwh.swift:6:15: error: cannot find 'rotate' in scope\n        arr = rotate(arr: arr, range: range, rotations: rotations)\n              ^~~~~~\n",
      "exit_code": 1,
      "status": "SyntaxError"
    },
    {
      "program": "\n/// Write a swiftthon function to find element at a given index after number of rotations.\nfunc find_Element(arr: [Int], ranges: [[Int]], rotations: Int, index: Int) -> Int {\n    var arr = arr\n    for range in ranges {\n        arr = reverse(arr: arr, range: range)\n    }\n    return arr[index]\n}\n\n\nfunc ==(left: [(Int, Int)], right: [(Int, Int)]) -> Bool {\n    if left.count != right.count {\n        return false\n    }\n    for (l, r) in zip(left, right) {\n        if l != r {\n            return false\n        }\n    }\n    return true\n}\n            \nassert(find_Element(arr: [1, 2, 3, 4, 5], ranges: [[0, 2], [0, 3]], rotations: 2, index: 1) == 3)\nassert(find_Element(arr: [1, 2, 3, 4], ranges: [[0, 1], [0, 2]], rotations: 1, index: 2) == 3)\nassert(find_Element(arr: [1, 2, 3, 4, 5, 6], ranges: [[0, 1], [0, 2]], rotations: 1, index: 1) == 1)",
      "timestamp": 1665509863,
      "stdout": "",
      "stderr": "/tmp/tmpx6a85idl.swift:6:15: error: cannot find 'reverse' in scope\n        arr = reverse(arr: arr, range: range)\n              ^~~~~~~\n",
      "exit_code": 1,
      "status": "SyntaxError"
    },
    {
      "program": "\n/// Write a swiftthon function to find element at a given index after number of rotations.\nfunc find_Element(arr: [Int], ranges: [[Int]], rotations: Int, index: Int) -> Int {\n    var arr = arr\n    for range in ranges {\n        arr = rotate(arr: arr, range: range, rotations: rotations)\n    }\n    return arr[index]\n}\n\n\nfunc ==(left: [(Int, Int)], right: [(Int, Int)]) -> Bool {\n    if left.count != right.count {\n        return false\n    }\n    for (l, r) in zip(left, right) {\n        if l != r {\n            return false\n        }\n    }\n    return true\n}\n            \nassert(find_Element(arr: [1, 2, 3, 4, 5], ranges: [[0, 2], [0, 3]], rotations: 2, index: 1) == 3)\nassert(find_Element(arr: [1, 2, 3, 4], ranges: [[0, 1], [0, 2]], rotations: 1, index: 2) == 3)\nassert(find_Element(arr: [1, 2, 3, 4, 5, 6], ranges: [[0, 1], [0, 2]], rotations: 1, index: 1) == 1)",
      "timestamp": 1665509863,
      "stdout": "",
      "stderr": "/tmp/tmp7ko4fjwh.swift:6:15: error: cannot find 'rotate' in scope\n        arr = rotate(arr: arr, range: range, rotations: rotations)\n              ^~~~~~\n",
      "exit_code": 1,
      "status": "SyntaxError"
    },
    {
      "program": "\n/// Write a swiftthon function to find element at a given index after number of rotations.\nfunc find_Element(arr: [Int], ranges: [[Int]], rotations: Int, index: Int) -> Int {\n    var arr = arr\n    for range in ranges {\n        arr = rotate(arr: arr, start: range[0], end: range[1])\n    }\n    return arr[index]\n}\n\n\nfunc ==(left: [(Int, Int)], right: [(Int, Int)]) -> Bool {\n    if left.count != right.count {\n        return false\n    }\n    for (l, r) in zip(left, right) {\n        if l != r {\n            return false\n        }\n    }\n    return true\n}\n            \nassert(find_Element(arr: [1, 2, 3, 4, 5], ranges: [[0, 2], [0, 3]], rotations: 2, index: 1) == 3)\nassert(find_Element(arr: [1, 2, 3, 4], ranges: [[0, 1], [0, 2]], rotations: 1, index: 2) == 3)\nassert(find_Element(arr: [1, 2, 3, 4, 5, 6], ranges: [[0, 1], [0, 2]], rotations: 1, index: 1) == 1)",
      "timestamp": 1666122824,
      "stdout": "",
      "stderr": "/tmp/tmpm1hwrj7o.swift:6:15: error: cannot find 'rotate' in scope\n        arr = rotate(arr: arr, start: range[0], end: range[1])\n              ^~~~~~\n",
      "exit_code": 1,
      "status": "SyntaxError"
    },
    {
      "program": "\n/// Write a swiftthon function to find element at a given index after number of rotations.\nfunc find_Element(arr: [Int], ranges: [[Int]], rotations: Int, index: Int) -> Int {\n    var arr = arr\n    for range in ranges {\n        arr = rotate_Array(arr: arr, range: range, rotations: rotations)\n    }\n    return arr[index]\n}\n\n\nfunc ==(left: [(Int, Int)], right: [(Int, Int)]) -> Bool {\n    if left.count != right.count {\n        return false\n    }\n    for (l, r) in zip(left, right) {\n        if l != r {\n            return false\n        }\n    }\n    return true\n}\n            \nassert(find_Element(arr: [1, 2, 3, 4, 5], ranges: [[0, 2], [0, 3]], rotations: 2, index: 1) == 3)\nassert(find_Element(arr: [1, 2, 3, 4], ranges: [[0, 1], [0, 2]], rotations: 1, index: 2) == 3)\nassert(find_Element(arr: [1, 2, 3, 4, 5, 6], ranges: [[0, 1], [0, 2]], rotations: 1, index: 1) == 1)",
      "timestamp": 1666122824,
      "stdout": "",
      "stderr": "/tmp/tmp00k_e6a4.swift:6:15: error: cannot find 'rotate_Array' in scope\n        arr = rotate_Array(arr: arr, range: range, rotations: rotations)\n              ^~~~~~~~~~~~\n",
      "exit_code": 1,
      "status": "SyntaxError"
    },
    {
      "program": "\n/// Write a swiftthon function to find element at a given index after number of rotations.\nfunc find_Element(arr: [Int], ranges: [[Int]], rotations: Int, index: Int) -> Int {\n    var result = 0\n    for i in 0..<ranges.count {\n        let range = ranges[i]\n        let start = range[0]\n        let end = range[1]\n        if index >= start && index <= end {\n            result = arr[(index - start + rotations) % arr.count]\n            break\n        }\n    }\n    return result\n}\n\n\nfunc ==(left: [(Int, Int)], right: [(Int, Int)]) -> Bool {\n    if left.count != right.count {\n        return false\n    }\n    for (l, r) in zip(left, right) {\n        if l != r {\n            return false\n        }\n    }\n    return true\n}\n            \nassert(find_Element(arr: [1, 2, 3, 4, 5], ranges: [[0, 2], [0, 3]], rotations: 2, index: 1) == 3)\nassert(find_Element(arr: [1, 2, 3, 4], ranges: [[0, 1], [0, 2]], rotations: 1, index: 2) == 3)\nassert(find_Element(arr: [1, 2, 3, 4, 5, 6], ranges: [[0, 1], [0, 2]], rotations: 1, index: 1) == 1)",
      "timestamp": 1666122825,
      "stdout": "",
      "stderr": "tmp222a36t4/tmp222a36t4.swift:30: Assertion failed\nCurrent stack trace:\n0    libswiftCore.so                    0x00002ad1f4cb7c80 _swift_stdlib_reportFatalErrorInFile + 112\n1    libswiftCore.so                    0x00002ad1f49aeb6c <unavailable> + 1436524\n2    libswiftCore.so                    0x00002ad1f49ae988 <unavailable> + 1436040\n3    libswiftCore.so                    0x00002ad1f49ad7b0 _assertionFailure(_:_:file:line:flags:) + 699\n4    tmp222a36t4                        0x00005625060d664c <unavailable> + 5708\n5    libc.so.6                          0x00002ad1f4ea3460 __libc_start_main + 245\n6    tmp222a36t4                        0x00005625060d61e9 <unavailable> + 4585\n",
      "exit_code": -4,
      "status": "Exception"
    },
    {
      "program": "\n/// Write a swiftthon function to find element at a given index after number of rotations.\nfunc find_Element(arr: [Int], ranges: [[Int]], rotations: Int, index: Int) -> Int {\n    var arr = arr\n    for range in ranges {\n        arr = rotate(arr: arr, start: range[0], end: range[1])\n    }\n    return arr[index]\n}\n\n\nfunc ==(left: [(Int, Int)], right: [(Int, Int)]) -> Bool {\n    if left.count != right.count {\n        return false\n    }\n    for (l, r) in zip(left, right) {\n        if l != r {\n            return false\n        }\n    }\n    return true\n}\n            \nassert(find_Element(arr: [1, 2, 3, 4, 5], ranges: [[0, 2], [0, 3]], rotations: 2, index: 1) == 3)\nassert(find_Element(arr: [1, 2, 3, 4], ranges: [[0, 1], [0, 2]], rotations: 1, index: 2) == 3)\nassert(find_Element(arr: [1, 2, 3, 4, 5, 6], ranges: [[0, 1], [0, 2]], rotations: 1, index: 1) == 1)",
      "timestamp": 1666122824,
      "stdout": "",
      "stderr": "/tmp/tmpm1hwrj7o.swift:6:15: error: cannot find 'rotate' in scope\n        arr = rotate(arr: arr, start: range[0], end: range[1])\n              ^~~~~~\n",
      "exit_code": 1,
      "status": "SyntaxError"
    },
    {
      "program": "\n/// Write a swiftthon function to find element at a given index after number of rotations.\nfunc find_Element(arr: [Int], ranges: [[Int]], rotations: Int, index: Int) -> Int {\n    var arr = arr\n    for range in ranges {\n        arr = rotate(arr: arr, range: range)\n    }\n    return arr[index]\n}\n\n\nfunc ==(left: [(Int, Int)], right: [(Int, Int)]) -> Bool {\n    if left.count != right.count {\n        return false\n    }\n    for (l, r) in zip(left, right) {\n        if l != r {\n            return false\n        }\n    }\n    return true\n}\n            \nassert(find_Element(arr: [1, 2, 3, 4, 5], ranges: [[0, 2], [0, 3]], rotations: 2, index: 1) == 3)\nassert(find_Element(arr: [1, 2, 3, 4], ranges: [[0, 1], [0, 2]], rotations: 1, index: 2) == 3)\nassert(find_Element(arr: [1, 2, 3, 4, 5, 6], ranges: [[0, 1], [0, 2]], rotations: 1, index: 1) == 1)",
      "timestamp": 1665509863,
      "stdout": "",
      "stderr": "/tmp/tmp7vq21ehg.swift:6:15: error: cannot find 'rotate' in scope\n        arr = rotate(arr: arr, range: range)\n              ^~~~~~\n",
      "exit_code": 1,
      "status": "SyntaxError"
    },
    {
      "program": "\n/// Write a swiftthon function to find element at a given index after number of rotations.\nfunc find_Element(arr: [Int], ranges: [[Int]], rotations: Int, index: Int) -> Int {\n    var arr = arr\n    for range in ranges {\n        arr = rotate(arr: arr, from: range[0], to: range[1])\n    }\n    return arr[index]\n}\n\n\nfunc ==(left: [(Int, Int)], right: [(Int, Int)]) -> Bool {\n    if left.count != right.count {\n        return false\n    }\n    for (l, r) in zip(left, right) {\n        if l != r {\n            return false\n        }\n    }\n    return true\n}\n            \nassert(find_Element(arr: [1, 2, 3, 4, 5], ranges: [[0, 2], [0, 3]], rotations: 2, index: 1) == 3)\nassert(find_Element(arr: [1, 2, 3, 4], ranges: [[0, 1], [0, 2]], rotations: 1, index: 2) == 3)\nassert(find_Element(arr: [1, 2, 3, 4, 5, 6], ranges: [[0, 1], [0, 2]], rotations: 1, index: 1) == 1)",
      "timestamp": 1665509863,
      "stdout": "",
      "stderr": "/tmp/tmpcogpv0b3.swift:6:15: error: cannot find 'rotate' in scope\n        arr = rotate(arr: arr, from: range[0], to: range[1])\n              ^~~~~~\n",
      "exit_code": 1,
      "status": "SyntaxError"
    },
    {
      "program": "\n/// Write a swiftthon function to find element at a given index after number of rotations.\nfunc find_Element(arr: [Int], ranges: [[Int]], rotations: Int, index: Int) -> Int {\n    var arr = arr\n    for range in ranges {\n        arr = rotate(arr: arr, range: range, rotations: rotations)\n    }\n    return arr[index]\n}\n\n\nfunc ==(left: [(Int, Int)], right: [(Int, Int)]) -> Bool {\n    if left.count != right.count {\n        return false\n    }\n    for (l, r) in zip(left, right) {\n        if l != r {\n            return false\n        }\n    }\n    return true\n}\n            \nassert(find_Element(arr: [1, 2, 3, 4, 5], ranges: [[0, 2], [0, 3]], rotations: 2, index: 1) == 3)\nassert(find_Element(arr: [1, 2, 3, 4], ranges: [[0, 1], [0, 2]], rotations: 1, index: 2) == 3)\nassert(find_Element(arr: [1, 2, 3, 4, 5, 6], ranges: [[0, 1], [0, 2]], rotations: 1, index: 1) == 1)",
      "timestamp": 1665509863,
      "stdout": "",
      "stderr": "/tmp/tmp7ko4fjwh.swift:6:15: error: cannot find 'rotate' in scope\n        arr = rotate(arr: arr, range: range, rotations: rotations)\n              ^~~~~~\n",
      "exit_code": 1,
      "status": "SyntaxError"
    },
    {
      "program": "\n/// Write a swiftthon function to find element at a given index after number of rotations.\nfunc find_Element(arr: [Int], ranges: [[Int]], rotations: Int, index: Int) -> Int {\n    var arr = arr\n    for range in ranges {\n        arr = reverse(arr: arr, range: range)\n    }\n    return arr[index]\n}\n\n\nfunc ==(left: [(Int, Int)], right: [(Int, Int)]) -> Bool {\n    if left.count != right.count {\n        return false\n    }\n    for (l, r) in zip(left, right) {\n        if l != r {\n            return false\n        }\n    }\n    return true\n}\n            \nassert(find_Element(arr: [1, 2, 3, 4, 5], ranges: [[0, 2], [0, 3]], rotations: 2, index: 1) == 3)\nassert(find_Element(arr: [1, 2, 3, 4], ranges: [[0, 1], [0, 2]], rotations: 1, index: 2) == 3)\nassert(find_Element(arr: [1, 2, 3, 4, 5, 6], ranges: [[0, 1], [0, 2]], rotations: 1, index: 1) == 1)",
      "timestamp": 1665509863,
      "stdout": "",
      "stderr": "/tmp/tmpx6a85idl.swift:6:15: error: cannot find 'reverse' in scope\n        arr = reverse(arr: arr, range: range)\n              ^~~~~~~\n",
      "exit_code": 1,
      "status": "SyntaxError"
    },
    {
      "program": "\n/// Write a swiftthon function to find element at a given index after number of rotations.\nfunc find_Element(arr: [Int], ranges: [[Int]], rotations: Int, index: Int) -> Int {\n    var arr = arr\n    for range in ranges {\n        arr = reverse(arr: arr, range: range)\n    }\n    return arr[index]\n}\n\n\nfunc ==(left: [(Int, Int)], right: [(Int, Int)]) -> Bool {\n    if left.count != right.count {\n        return false\n    }\n    for (l, r) in zip(left, right) {\n        if l != r {\n            return false\n        }\n    }\n    return true\n}\n            \nassert(find_Element(arr: [1, 2, 3, 4, 5], ranges: [[0, 2], [0, 3]], rotations: 2, index: 1) == 3)\nassert(find_Element(arr: [1, 2, 3, 4], ranges: [[0, 1], [0, 2]], rotations: 1, index: 2) == 3)\nassert(find_Element(arr: [1, 2, 3, 4, 5, 6], ranges: [[0, 1], [0, 2]], rotations: 1, index: 1) == 1)",
      "timestamp": 1665509863,
      "stdout": "",
      "stderr": "/tmp/tmpx6a85idl.swift:6:15: error: cannot find 'reverse' in scope\n        arr = reverse(arr: arr, range: range)\n              ^~~~~~~\n",
      "exit_code": 1,
      "status": "SyntaxError"
    },
    {
      "program": "\n/// Write a swiftthon function to find element at a given index after number of rotations.\nfunc find_Element(arr: [Int], ranges: [[Int]], rotations: Int, index: Int) -> Int {\n    var arr = arr\n    for range in ranges {\n        arr = rotate(arr: arr, from: range[0], to: range[1])\n    }\n    return arr[index]\n}\n\n\nfunc ==(left: [(Int, Int)], right: [(Int, Int)]) -> Bool {\n    if left.count != right.count {\n        return false\n    }\n    for (l, r) in zip(left, right) {\n        if l != r {\n            return false\n        }\n    }\n    return true\n}\n            \nassert(find_Element(arr: [1, 2, 3, 4, 5], ranges: [[0, 2], [0, 3]], rotations: 2, index: 1) == 3)\nassert(find_Element(arr: [1, 2, 3, 4], ranges: [[0, 1], [0, 2]], rotations: 1, index: 2) == 3)\nassert(find_Element(arr: [1, 2, 3, 4, 5, 6], ranges: [[0, 1], [0, 2]], rotations: 1, index: 1) == 1)",
      "timestamp": 1665509863,
      "stdout": "",
      "stderr": "/tmp/tmpcogpv0b3.swift:6:15: error: cannot find 'rotate' in scope\n        arr = rotate(arr: arr, from: range[0], to: range[1])\n              ^~~~~~\n",
      "exit_code": 1,
      "status": "SyntaxError"
    },
    {
      "program": "\n/// Write a swiftthon function to find element at a given index after number of rotations.\nfunc find_Element(arr: [Int], ranges: [[Int]], rotations: Int, index: Int) -> Int {\n    var arr = arr\n    for range in ranges {\n        let start = range[0]\n        let end = range[1]\n        let temp = arr[start]\n        arr[start] = arr[end]\n        arr[end] = temp\n    }\n    \n    return arr[index]\n}\n\n\nfunc ==(left: [(Int, Int)], right: [(Int, Int)]) -> Bool {\n    if left.count != right.count {\n        return false\n    }\n    for (l, r) in zip(left, right) {\n        if l != r {\n            return false\n        }\n    }\n    return true\n}\n            \nassert(find_Element(arr: [1, 2, 3, 4, 5], ranges: [[0, 2], [0, 3]], rotations: 2, index: 1) == 3)\nassert(find_Element(arr: [1, 2, 3, 4], ranges: [[0, 1], [0, 2]], rotations: 1, index: 2) == 3)\nassert(find_Element(arr: [1, 2, 3, 4, 5, 6], ranges: [[0, 1], [0, 2]], rotations: 1, index: 1) == 1)",
      "timestamp": 1666122825,
      "stdout": "",
      "stderr": "tmpvzphd_v8/tmpvzphd_v8.swift:29: Assertion failed\nCurrent stack trace:\n0    libswiftCore.so                    0x00002aad93665c80 _swift_stdlib_reportFatalErrorInFile + 112\n1    libswiftCore.so                    0x00002aad9335cb6c <unavailable> + 1436524\n2    libswiftCore.so                    0x00002aad9335c988 <unavailable> + 1436040\n3    libswiftCore.so                    0x00002aad9335b7b0 _assertionFailure(_:_:file:line:flags:) + 699\n4    tmpvzphd_v8                        0x00005649183065dc <unavailable> + 5596\n5    libc.so.6                          0x00002aad93851460 __libc_start_main + 245\n6    tmpvzphd_v8                        0x0000564918306179 <unavailable> + 4473\n",
      "exit_code": -4,
      "status": "Exception"
    },
    {
      "program": "\n/// Write a swiftthon function to find element at a given index after number of rotations.\nfunc find_Element(arr: [Int], ranges: [[Int]], rotations: Int, index: Int) -> Int {\n    var arr = arr\n    for range in ranges {\n        arr = rotate(arr: arr, range: range)\n    }\n    return arr[index]\n}\n\n\nfunc ==(left: [(Int, Int)], right: [(Int, Int)]) -> Bool {\n    if left.count != right.count {\n        return false\n    }\n    for (l, r) in zip(left, right) {\n        if l != r {\n            return false\n        }\n    }\n    return true\n}\n            \nassert(find_Element(arr: [1, 2, 3, 4, 5], ranges: [[0, 2], [0, 3]], rotations: 2, index: 1) == 3)\nassert(find_Element(arr: [1, 2, 3, 4], ranges: [[0, 1], [0, 2]], rotations: 1, index: 2) == 3)\nassert(find_Element(arr: [1, 2, 3, 4, 5, 6], ranges: [[0, 1], [0, 2]], rotations: 1, index: 1) == 1)",
      "timestamp": 1665509863,
      "stdout": "",
      "stderr": "/tmp/tmp7vq21ehg.swift:6:15: error: cannot find 'rotate' in scope\n        arr = rotate(arr: arr, range: range)\n              ^~~~~~\n",
      "exit_code": 1,
      "status": "SyntaxError"
    },
    {
      "program": "\n/// Write a swiftthon function to find element at a given index after number of rotations.\nfunc find_Element(arr: [Int], ranges: [[Int]], rotations: Int, index: Int) -> Int {\n    var arr = arr\n    for range in ranges {\n        arr = reverse(arr: arr, range: range)\n    }\n    return arr[index]\n}\n\n\nfunc ==(left: [(Int, Int)], right: [(Int, Int)]) -> Bool {\n    if left.count != right.count {\n        return false\n    }\n    for (l, r) in zip(left, right) {\n        if l != r {\n            return false\n        }\n    }\n    return true\n}\n            \nassert(find_Element(arr: [1, 2, 3, 4, 5], ranges: [[0, 2], [0, 3]], rotations: 2, index: 1) == 3)\nassert(find_Element(arr: [1, 2, 3, 4], ranges: [[0, 1], [0, 2]], rotations: 1, index: 2) == 3)\nassert(find_Element(arr: [1, 2, 3, 4, 5, 6], ranges: [[0, 1], [0, 2]], rotations: 1, index: 1) == 1)",
      "timestamp": 1665509863,
      "stdout": "",
      "stderr": "/tmp/tmpx6a85idl.swift:6:15: error: cannot find 'reverse' in scope\n        arr = reverse(arr: arr, range: range)\n              ^~~~~~~\n",
      "exit_code": 1,
      "status": "SyntaxError"
    },
    {
      "program": "\n/// Write a swiftthon function to find element at a given index after number of rotations.\nfunc find_Element(arr: [Int], ranges: [[Int]], rotations: Int, index: Int) -> Int {\n    var arr = arr\n    for range in ranges {\n        arr = reverse(arr: arr, start: range[0], end: range[1])\n    }\n    return arr[(index + rotations) % arr.count]\n}\n\n\nfunc ==(left: [(Int, Int)], right: [(Int, Int)]) -> Bool {\n    if left.count != right.count {\n        return false\n    }\n    for (l, r) in zip(left, right) {\n        if l != r {\n            return false\n        }\n    }\n    return true\n}\n            \nassert(find_Element(arr: [1, 2, 3, 4, 5], ranges: [[0, 2], [0, 3]], rotations: 2, index: 1) == 3)\nassert(find_Element(arr: [1, 2, 3, 4], ranges: [[0, 1], [0, 2]], rotations: 1, index: 2) == 3)\nassert(find_Element(arr: [1, 2, 3, 4, 5, 6], ranges: [[0, 1], [0, 2]], rotations: 1, index: 1) == 1)",
      "timestamp": 1665509863,
      "stdout": "",
      "stderr": "/tmp/tmpsgeobm9j.swift:6:15: error: cannot find 'reverse' in scope\n        arr = reverse(arr: arr, start: range[0], end: range[1])\n              ^~~~~~~\n",
      "exit_code": 1,
      "status": "SyntaxError"
    },
    {
      "program": "\n/// Write a swiftthon function to find element at a given index after number of rotations.\nfunc find_Element(arr: [Int], ranges: [[Int]], rotations: Int, index: Int) -> Int {\n    var new_arr = arr\n    for range in ranges {\n        new_arr = rotate_array(arr: new_arr, start: range[0], end: range[1])\n    }\n    return new_arr[index]\n}\n\n\nfunc ==(left: [(Int, Int)], right: [(Int, Int)]) -> Bool {\n    if left.count != right.count {\n        return false\n    }\n    for (l, r) in zip(left, right) {\n        if l != r {\n            return false\n        }\n    }\n    return true\n}\n            \nassert(find_Element(arr: [1, 2, 3, 4, 5], ranges: [[0, 2], [0, 3]], rotations: 2, index: 1) == 3)\nassert(find_Element(arr: [1, 2, 3, 4], ranges: [[0, 1], [0, 2]], rotations: 1, index: 2) == 3)\nassert(find_Element(arr: [1, 2, 3, 4, 5, 6], ranges: [[0, 1], [0, 2]], rotations: 1, index: 1) == 1)",
      "timestamp": 1666122824,
      "stdout": "",
      "stderr": "/tmp/tmpoes06gr7.swift:6:19: error: cannot find 'rotate_array' in scope\n        new_arr = rotate_array(arr: new_arr, start: range[0], end: range[1])\n                  ^~~~~~~~~~~~\n",
      "exit_code": 1,
      "status": "SyntaxError"
    },
    {
      "program": "\n/// Write a swiftthon function to find element at a given index after number of rotations.\nfunc find_Element(arr: [Int], ranges: [[Int]], rotations: Int, index: Int) -> Int {\n    var arr = arr\n    for range in ranges {\n        arr = rotate_Array(arr: arr, range: range, rotations: rotations)\n    }\n    return arr[index]\n}\n\n\nfunc ==(left: [(Int, Int)], right: [(Int, Int)]) -> Bool {\n    if left.count != right.count {\n        return false\n    }\n    for (l, r) in zip(left, right) {\n        if l != r {\n            return false\n        }\n    }\n    return true\n}\n            \nassert(find_Element(arr: [1, 2, 3, 4, 5], ranges: [[0, 2], [0, 3]], rotations: 2, index: 1) == 3)\nassert(find_Element(arr: [1, 2, 3, 4], ranges: [[0, 1], [0, 2]], rotations: 1, index: 2) == 3)\nassert(find_Element(arr: [1, 2, 3, 4, 5, 6], ranges: [[0, 1], [0, 2]], rotations: 1, index: 1) == 1)",
      "timestamp": 1666122824,
      "stdout": "",
      "stderr": "/tmp/tmp00k_e6a4.swift:6:15: error: cannot find 'rotate_Array' in scope\n        arr = rotate_Array(arr: arr, range: range, rotations: rotations)\n              ^~~~~~~~~~~~\n",
      "exit_code": 1,
      "status": "SyntaxError"
    },
    {
      "program": "\n/// Write a swiftthon function to find element at a given index after number of rotations.\nfunc find_Element(arr: [Int], ranges: [[Int]], rotations: Int, index: Int) -> Int {\n    var arr = arr\n    for range in ranges {\n        arr = reverse(arr: arr, range: range)\n    }\n    return arr[index]\n}\n\n\nfunc ==(left: [(Int, Int)], right: [(Int, Int)]) -> Bool {\n    if left.count != right.count {\n        return false\n    }\n    for (l, r) in zip(left, right) {\n        if l != r {\n            return false\n        }\n    }\n    return true\n}\n            \nassert(find_Element(arr: [1, 2, 3, 4, 5], ranges: [[0, 2], [0, 3]], rotations: 2, index: 1) == 3)\nassert(find_Element(arr: [1, 2, 3, 4], ranges: [[0, 1], [0, 2]], rotations: 1, index: 2) == 3)\nassert(find_Element(arr: [1, 2, 3, 4, 5, 6], ranges: [[0, 1], [0, 2]], rotations: 1, index: 1) == 1)",
      "timestamp": 1665509863,
      "stdout": "",
      "stderr": "/tmp/tmpx6a85idl.swift:6:15: error: cannot find 'reverse' in scope\n        arr = reverse(arr: arr, range: range)\n              ^~~~~~~\n",
      "exit_code": 1,
      "status": "SyntaxError"
    },
    {
      "program": "\n/// Write a swiftthon function to find element at a given index after number of rotations.\nfunc find_Element(arr: [Int], ranges: [[Int]], rotations: Int, index: Int) -> Int {\n    var arr = arr\n    for range in ranges {\n        arr = reverse(arr: arr, range: range)\n    }\n    return arr[index]\n}\n\n\nfunc ==(left: [(Int, Int)], right: [(Int, Int)]) -> Bool {\n    if left.count != right.count {\n        return false\n    }\n    for (l, r) in zip(left, right) {\n        if l != r {\n            return false\n        }\n    }\n    return true\n}\n            \nassert(find_Element(arr: [1, 2, 3, 4, 5], ranges: [[0, 2], [0, 3]], rotations: 2, index: 1) == 3)\nassert(find_Element(arr: [1, 2, 3, 4], ranges: [[0, 1], [0, 2]], rotations: 1, index: 2) == 3)\nassert(find_Element(arr: [1, 2, 3, 4, 5, 6], ranges: [[0, 1], [0, 2]], rotations: 1, index: 1) == 1)",
      "timestamp": 1665509863,
      "stdout": "",
      "stderr": "/tmp/tmpx6a85idl.swift:6:15: error: cannot find 'reverse' in scope\n        arr = reverse(arr: arr, range: range)\n              ^~~~~~~\n",
      "exit_code": 1,
      "status": "SyntaxError"
    },
    {
      "program": "\n/// Write a swiftthon function to find element at a given index after number of rotations.\nfunc find_Element(arr: [Int], ranges: [[Int]], rotations: Int, index: Int) -> Int {\n    var arr = arr\n    for range in ranges {\n        arr = rotate(arr: arr, from: range[0], to: range[1])\n    }\n    return arr[index]\n}\n\n\nfunc ==(left: [(Int, Int)], right: [(Int, Int)]) -> Bool {\n    if left.count != right.count {\n        return false\n    }\n    for (l, r) in zip(left, right) {\n        if l != r {\n            return false\n        }\n    }\n    return true\n}\n            \nassert(find_Element(arr: [1, 2, 3, 4, 5], ranges: [[0, 2], [0, 3]], rotations: 2, index: 1) == 3)\nassert(find_Element(arr: [1, 2, 3, 4], ranges: [[0, 1], [0, 2]], rotations: 1, index: 2) == 3)\nassert(find_Element(arr: [1, 2, 3, 4, 5, 6], ranges: [[0, 1], [0, 2]], rotations: 1, index: 1) == 1)",
      "timestamp": 1665509863,
      "stdout": "",
      "stderr": "/tmp/tmpcogpv0b3.swift:6:15: error: cannot find 'rotate' in scope\n        arr = rotate(arr: arr, from: range[0], to: range[1])\n              ^~~~~~\n",
      "exit_code": 1,
      "status": "SyntaxError"
    },
    {
      "program": "\n/// Write a swiftthon function to find element at a given index after number of rotations.\nfunc find_Element(arr: [Int], ranges: [[Int]], rotations: Int, index: Int) -> Int {\n    var arr = arr\n    for range in ranges {\n        arr = rotate(arr: arr, range: range, rotations: rotations)\n    }\n    return arr[index]\n}\n\n\nfunc ==(left: [(Int, Int)], right: [(Int, Int)]) -> Bool {\n    if left.count != right.count {\n        return false\n    }\n    for (l, r) in zip(left, right) {\n        if l != r {\n            return false\n        }\n    }\n    return true\n}\n            \nassert(find_Element(arr: [1, 2, 3, 4, 5], ranges: [[0, 2], [0, 3]], rotations: 2, index: 1) == 3)\nassert(find_Element(arr: [1, 2, 3, 4], ranges: [[0, 1], [0, 2]], rotations: 1, index: 2) == 3)\nassert(find_Element(arr: [1, 2, 3, 4, 5, 6], ranges: [[0, 1], [0, 2]], rotations: 1, index: 1) == 1)",
      "timestamp": 1665509863,
      "stdout": "",
      "stderr": "/tmp/tmp7ko4fjwh.swift:6:15: error: cannot find 'rotate' in scope\n        arr = rotate(arr: arr, range: range, rotations: rotations)\n              ^~~~~~\n",
      "exit_code": 1,
      "status": "SyntaxError"
    },
    {
      "program": "\n/// Write a swiftthon function to find element at a given index after number of rotations.\nfunc find_Element(arr: [Int], ranges: [[Int]], rotations: Int, index: Int) -> Int {\n    var temp = arr\n    for i in 0..<ranges.count {\n        temp = rotate_array(arr: temp, ranges: ranges[i], rotations: rotations)\n    }\n    return temp[index]\n}\n\n\nfunc ==(left: [(Int, Int)], right: [(Int, Int)]) -> Bool {\n    if left.count != right.count {\n        return false\n    }\n    for (l, r) in zip(left, right) {\n        if l != r {\n            return false\n        }\n    }\n    return true\n}\n            \nassert(find_Element(arr: [1, 2, 3, 4, 5], ranges: [[0, 2], [0, 3]], rotations: 2, index: 1) == 3)\nassert(find_Element(arr: [1, 2, 3, 4], ranges: [[0, 1], [0, 2]], rotations: 1, index: 2) == 3)\nassert(find_Element(arr: [1, 2, 3, 4, 5, 6], ranges: [[0, 1], [0, 2]], rotations: 1, index: 1) == 1)",
      "timestamp": 1666122824,
      "stdout": "",
      "stderr": "/tmp/tmpjfwpe3m5.swift:6:16: error: cannot find 'rotate_array' in scope\n        temp = rotate_array(arr: temp, ranges: ranges[i], rotations: rotations)\n               ^~~~~~~~~~~~\n",
      "exit_code": 1,
      "status": "SyntaxError"
    },
    {
      "program": "\n/// Write a swiftthon function to find element at a given index after number of rotations.\nfunc find_Element(arr: [Int], ranges: [[Int]], rotations: Int, index: Int) -> Int {\n    var arr = arr\n    for range in ranges {\n        arr = rotate(arr: arr, range: range)\n    }\n    return arr[index]\n}\n\n\nfunc ==(left: [(Int, Int)], right: [(Int, Int)]) -> Bool {\n    if left.count != right.count {\n        return false\n    }\n    for (l, r) in zip(left, right) {\n        if l != r {\n            return false\n        }\n    }\n    return true\n}\n            \nassert(find_Element(arr: [1, 2, 3, 4, 5], ranges: [[0, 2], [0, 3]], rotations: 2, index: 1) == 3)\nassert(find_Element(arr: [1, 2, 3, 4], ranges: [[0, 1], [0, 2]], rotations: 1, index: 2) == 3)\nassert(find_Element(arr: [1, 2, 3, 4, 5, 6], ranges: [[0, 1], [0, 2]], rotations: 1, index: 1) == 1)",
      "timestamp": 1665509863,
      "stdout": "",
      "stderr": "/tmp/tmp7vq21ehg.swift:6:15: error: cannot find 'rotate' in scope\n        arr = rotate(arr: arr, range: range)\n              ^~~~~~\n",
      "exit_code": 1,
      "status": "SyntaxError"
    },
    {
      "program": "\n/// Write a swiftthon function to find element at a given index after number of rotations.\nfunc find_Element(arr: [Int], ranges: [[Int]], rotations: Int, index: Int) -> Int {\n    var arr = arr\n    for range in ranges {\n        arr = reverse(arr: arr, range: range)\n    }\n    return arr[index]\n}\n\n\nfunc ==(left: [(Int, Int)], right: [(Int, Int)]) -> Bool {\n    if left.count != right.count {\n        return false\n    }\n    for (l, r) in zip(left, right) {\n        if l != r {\n            return false\n        }\n    }\n    return true\n}\n            \nassert(find_Element(arr: [1, 2, 3, 4, 5], ranges: [[0, 2], [0, 3]], rotations: 2, index: 1) == 3)\nassert(find_Element(arr: [1, 2, 3, 4], ranges: [[0, 1], [0, 2]], rotations: 1, index: 2) == 3)\nassert(find_Element(arr: [1, 2, 3, 4, 5, 6], ranges: [[0, 1], [0, 2]], rotations: 1, index: 1) == 1)",
      "timestamp": 1665509863,
      "stdout": "",
      "stderr": "/tmp/tmpx6a85idl.swift:6:15: error: cannot find 'reverse' in scope\n        arr = reverse(arr: arr, range: range)\n              ^~~~~~~\n",
      "exit_code": 1,
      "status": "SyntaxError"
    },
    {
      "program": "\n/// Write a swiftthon function to find element at a given index after number of rotations.\nfunc find_Element(arr: [Int], ranges: [[Int]], rotations: Int, index: Int) -> Int {\n    var arr = arr\n    for range in ranges {\n        arr = rotate(arr: arr, range: range, rotations: rotations)\n    }\n    return arr[index]\n}\n\n\nfunc ==(left: [(Int, Int)], right: [(Int, Int)]) -> Bool {\n    if left.count != right.count {\n        return false\n    }\n    for (l, r) in zip(left, right) {\n        if l != r {\n            return false\n        }\n    }\n    return true\n}\n            \nassert(find_Element(arr: [1, 2, 3, 4, 5], ranges: [[0, 2], [0, 3]], rotations: 2, index: 1) == 3)\nassert(find_Element(arr: [1, 2, 3, 4], ranges: [[0, 1], [0, 2]], rotations: 1, index: 2) == 3)\nassert(find_Element(arr: [1, 2, 3, 4, 5, 6], ranges: [[0, 1], [0, 2]], rotations: 1, index: 1) == 1)",
      "timestamp": 1665509863,
      "stdout": "",
      "stderr": "/tmp/tmp7ko4fjwh.swift:6:15: error: cannot find 'rotate' in scope\n        arr = rotate(arr: arr, range: range, rotations: rotations)\n              ^~~~~~\n",
      "exit_code": 1,
      "status": "SyntaxError"
    },
    {
      "program": "\n/// Write a swiftthon function to find element at a given index after number of rotations.\nfunc find_Element(arr: [Int], ranges: [[Int]], rotations: Int, index: Int) -> Int {\n    var arr = arr\n    for range in ranges {\n        arr = rotate(arr: arr, range: range, rotations: rotations)\n    }\n    return arr[index]\n}\n\n\nfunc ==(left: [(Int, Int)], right: [(Int, Int)]) -> Bool {\n    if left.count != right.count {\n        return false\n    }\n    for (l, r) in zip(left, right) {\n        if l != r {\n            return false\n        }\n    }\n    return true\n}\n            \nassert(find_Element(arr: [1, 2, 3, 4, 5], ranges: [[0, 2], [0, 3]], rotations: 2, index: 1) == 3)\nassert(find_Element(arr: [1, 2, 3, 4], ranges: [[0, 1], [0, 2]], rotations: 1, index: 2) == 3)\nassert(find_Element(arr: [1, 2, 3, 4, 5, 6], ranges: [[0, 1], [0, 2]], rotations: 1, index: 1) == 1)",
      "timestamp": 1665509863,
      "stdout": "",
      "stderr": "/tmp/tmp7ko4fjwh.swift:6:15: error: cannot find 'rotate' in scope\n        arr = rotate(arr: arr, range: range, rotations: rotations)\n              ^~~~~~\n",
      "exit_code": 1,
      "status": "SyntaxError"
    },
    {
      "program": "\n/// Write a swiftthon function to find element at a given index after number of rotations.\nfunc find_Element(arr: [Int], ranges: [[Int]], rotations: Int, index: Int) -> Int {\n    var arr = arr\n    for range in ranges {\n        arr = reverse(arr: arr, range: range)\n    }\n    return arr[index]\n}\n\n\nfunc ==(left: [(Int, Int)], right: [(Int, Int)]) -> Bool {\n    if left.count != right.count {\n        return false\n    }\n    for (l, r) in zip(left, right) {\n        if l != r {\n            return false\n        }\n    }\n    return true\n}\n            \nassert(find_Element(arr: [1, 2, 3, 4, 5], ranges: [[0, 2], [0, 3]], rotations: 2, index: 1) == 3)\nassert(find_Element(arr: [1, 2, 3, 4], ranges: [[0, 1], [0, 2]], rotations: 1, index: 2) == 3)\nassert(find_Element(arr: [1, 2, 3, 4, 5, 6], ranges: [[0, 1], [0, 2]], rotations: 1, index: 1) == 1)",
      "timestamp": 1665509863,
      "stdout": "",
      "stderr": "/tmp/tmpx6a85idl.swift:6:15: error: cannot find 'reverse' in scope\n        arr = reverse(arr: arr, range: range)\n              ^~~~~~~\n",
      "exit_code": 1,
      "status": "SyntaxError"
    },
    {
      "program": "\n/// Write a swiftthon function to find element at a given index after number of rotations.\nfunc find_Element(arr: [Int], ranges: [[Int]], rotations: Int, index: Int) -> Int {\n    var arr = arr\n    for range in ranges {\n        arr = rotate(arr: arr, range: range, rotations: rotations)\n    }\n    return arr[index]\n}\n\n\nfunc ==(left: [(Int, Int)], right: [(Int, Int)]) -> Bool {\n    if left.count != right.count {\n        return false\n    }\n    for (l, r) in zip(left, right) {\n        if l != r {\n            return false\n        }\n    }\n    return true\n}\n            \nassert(find_Element(arr: [1, 2, 3, 4, 5], ranges: [[0, 2], [0, 3]], rotations: 2, index: 1) == 3)\nassert(find_Element(arr: [1, 2, 3, 4], ranges: [[0, 1], [0, 2]], rotations: 1, index: 2) == 3)\nassert(find_Element(arr: [1, 2, 3, 4, 5, 6], ranges: [[0, 1], [0, 2]], rotations: 1, index: 1) == 1)",
      "timestamp": 1665509863,
      "stdout": "",
      "stderr": "/tmp/tmp7ko4fjwh.swift:6:15: error: cannot find 'rotate' in scope\n        arr = rotate(arr: arr, range: range, rotations: rotations)\n              ^~~~~~\n",
      "exit_code": 1,
      "status": "SyntaxError"
    },
    {
      "program": "\n/// Write a swiftthon function to find element at a given index after number of rotations.\nfunc find_Element(arr: [Int], ranges: [[Int]], rotations: Int, index: Int) -> Int {\n    var arr = arr\n    for range in ranges {\n        arr = reverse(arr: arr, range: range)\n    }\n    return arr[index]\n}\n\n\nfunc ==(left: [(Int, Int)], right: [(Int, Int)]) -> Bool {\n    if left.count != right.count {\n        return false\n    }\n    for (l, r) in zip(left, right) {\n        if l != r {\n            return false\n        }\n    }\n    return true\n}\n            \nassert(find_Element(arr: [1, 2, 3, 4, 5], ranges: [[0, 2], [0, 3]], rotations: 2, index: 1) == 3)\nassert(find_Element(arr: [1, 2, 3, 4], ranges: [[0, 1], [0, 2]], rotations: 1, index: 2) == 3)\nassert(find_Element(arr: [1, 2, 3, 4, 5, 6], ranges: [[0, 1], [0, 2]], rotations: 1, index: 1) == 1)",
      "timestamp": 1665509863,
      "stdout": "",
      "stderr": "/tmp/tmpx6a85idl.swift:6:15: error: cannot find 'reverse' in scope\n        arr = reverse(arr: arr, range: range)\n              ^~~~~~~\n",
      "exit_code": 1,
      "status": "SyntaxError"
    },
    {
      "program": "\n/// Write a swiftthon function to find element at a given index after number of rotations.\nfunc find_Element(arr: [Int], ranges: [[Int]], rotations: Int, index: Int) -> Int {\n    var arr = arr\n    for range in ranges {\n        arr = reverse(arr: arr, range: range)\n    }\n    return arr[index]\n}\n\n\nfunc ==(left: [(Int, Int)], right: [(Int, Int)]) -> Bool {\n    if left.count != right.count {\n        return false\n    }\n    for (l, r) in zip(left, right) {\n        if l != r {\n            return false\n        }\n    }\n    return true\n}\n            \nassert(find_Element(arr: [1, 2, 3, 4, 5], ranges: [[0, 2], [0, 3]], rotations: 2, index: 1) == 3)\nassert(find_Element(arr: [1, 2, 3, 4], ranges: [[0, 1], [0, 2]], rotations: 1, index: 2) == 3)\nassert(find_Element(arr: [1, 2, 3, 4, 5, 6], ranges: [[0, 1], [0, 2]], rotations: 1, index: 1) == 1)",
      "timestamp": 1665509863,
      "stdout": "",
      "stderr": "/tmp/tmpx6a85idl.swift:6:15: error: cannot find 'reverse' in scope\n        arr = reverse(arr: arr, range: range)\n              ^~~~~~~\n",
      "exit_code": 1,
      "status": "SyntaxError"
    },
    {
      "program": "\n/// Write a swiftthon function to find element at a given index after number of rotations.\nfunc find_Element(arr: [Int], ranges: [[Int]], rotations: Int, index: Int) -> Int {\n    var arr = arr\n    for range in ranges {\n        arr = rotate(arr: arr, from: range[0], to: range[1])\n    }\n    return arr[index]\n}\n\n\nfunc ==(left: [(Int, Int)], right: [(Int, Int)]) -> Bool {\n    if left.count != right.count {\n        return false\n    }\n    for (l, r) in zip(left, right) {\n        if l != r {\n            return false\n        }\n    }\n    return true\n}\n            \nassert(find_Element(arr: [1, 2, 3, 4, 5], ranges: [[0, 2], [0, 3]], rotations: 2, index: 1) == 3)\nassert(find_Element(arr: [1, 2, 3, 4], ranges: [[0, 1], [0, 2]], rotations: 1, index: 2) == 3)\nassert(find_Element(arr: [1, 2, 3, 4, 5, 6], ranges: [[0, 1], [0, 2]], rotations: 1, index: 1) == 1)",
      "timestamp": 1665509863,
      "stdout": "",
      "stderr": "/tmp/tmpcogpv0b3.swift:6:15: error: cannot find 'rotate' in scope\n        arr = rotate(arr: arr, from: range[0], to: range[1])\n              ^~~~~~\n",
      "exit_code": 1,
      "status": "SyntaxError"
    },
    {
      "program": "\n/// Write a swiftthon function to find element at a given index after number of rotations.\nfunc find_Element(arr: [Int], ranges: [[Int]], rotations: Int, index: Int) -> Int {\n    var arr = arr\n    for range in ranges {\n        arr = rotate(arr: arr, from: range[0], to: range[1])\n    }\n    return arr[index]\n}\n\n\nfunc ==(left: [(Int, Int)], right: [(Int, Int)]) -> Bool {\n    if left.count != right.count {\n        return false\n    }\n    for (l, r) in zip(left, right) {\n        if l != r {\n            return false\n        }\n    }\n    return true\n}\n            \nassert(find_Element(arr: [1, 2, 3, 4, 5], ranges: [[0, 2], [0, 3]], rotations: 2, index: 1) == 3)\nassert(find_Element(arr: [1, 2, 3, 4], ranges: [[0, 1], [0, 2]], rotations: 1, index: 2) == 3)\nassert(find_Element(arr: [1, 2, 3, 4, 5, 6], ranges: [[0, 1], [0, 2]], rotations: 1, index: 1) == 1)",
      "timestamp": 1665509863,
      "stdout": "",
      "stderr": "/tmp/tmpcogpv0b3.swift:6:15: error: cannot find 'rotate' in scope\n        arr = rotate(arr: arr, from: range[0], to: range[1])\n              ^~~~~~\n",
      "exit_code": 1,
      "status": "SyntaxError"
    },
    {
      "program": "\n/// Write a swiftthon function to find element at a given index after number of rotations.\nfunc find_Element(arr: [Int], ranges: [[Int]], rotations: Int, index: Int) -> Int {\n    var arr = arr\n    for range in ranges {\n        arr = rotate(arr: arr, range: range)\n    }\n    return arr[index]\n}\n\n\nfunc ==(left: [(Int, Int)], right: [(Int, Int)]) -> Bool {\n    if left.count != right.count {\n        return false\n    }\n    for (l, r) in zip(left, right) {\n        if l != r {\n            return false\n        }\n    }\n    return true\n}\n            \nassert(find_Element(arr: [1, 2, 3, 4, 5], ranges: [[0, 2], [0, 3]], rotations: 2, index: 1) == 3)\nassert(find_Element(arr: [1, 2, 3, 4], ranges: [[0, 1], [0, 2]], rotations: 1, index: 2) == 3)\nassert(find_Element(arr: [1, 2, 3, 4, 5, 6], ranges: [[0, 1], [0, 2]], rotations: 1, index: 1) == 1)",
      "timestamp": 1665509863,
      "stdout": "",
      "stderr": "/tmp/tmp7vq21ehg.swift:6:15: error: cannot find 'rotate' in scope\n        arr = rotate(arr: arr, range: range)\n              ^~~~~~\n",
      "exit_code": 1,
      "status": "SyntaxError"
    },
    {
      "program": "\n/// Write a swiftthon function to find element at a given index after number of rotations.\nfunc find_Element(arr: [Int], ranges: [[Int]], rotations: Int, index: Int) -> Int {\n    var arr = arr\n    for range in ranges {\n        arr = reverse(arr: arr, range: range)\n    }\n    return arr[index]\n}\n\n\nfunc ==(left: [(Int, Int)], right: [(Int, Int)]) -> Bool {\n    if left.count != right.count {\n        return false\n    }\n    for (l, r) in zip(left, right) {\n        if l != r {\n            return false\n        }\n    }\n    return true\n}\n            \nassert(find_Element(arr: [1, 2, 3, 4, 5], ranges: [[0, 2], [0, 3]], rotations: 2, index: 1) == 3)\nassert(find_Element(arr: [1, 2, 3, 4], ranges: [[0, 1], [0, 2]], rotations: 1, index: 2) == 3)\nassert(find_Element(arr: [1, 2, 3, 4, 5, 6], ranges: [[0, 1], [0, 2]], rotations: 1, index: 1) == 1)",
      "timestamp": 1665509863,
      "stdout": "",
      "stderr": "/tmp/tmpx6a85idl.swift:6:15: error: cannot find 'reverse' in scope\n        arr = reverse(arr: arr, range: range)\n              ^~~~~~~\n",
      "exit_code": 1,
      "status": "SyntaxError"
    },
    {
      "program": "\n/// Write a swiftthon function to find element at a given index after number of rotations.\nfunc find_Element(arr: [Int], ranges: [[Int]], rotations: Int, index: Int) -> Int {\n    var arr = arr\n    for range in ranges {\n        arr = rotate(arr: arr, from: range[0], to: range[1])\n    }\n    return arr[index]\n}\n\n\nfunc ==(left: [(Int, Int)], right: [(Int, Int)]) -> Bool {\n    if left.count != right.count {\n        return false\n    }\n    for (l, r) in zip(left, right) {\n        if l != r {\n            return false\n        }\n    }\n    return true\n}\n            \nassert(find_Element(arr: [1, 2, 3, 4, 5], ranges: [[0, 2], [0, 3]], rotations: 2, index: 1) == 3)\nassert(find_Element(arr: [1, 2, 3, 4], ranges: [[0, 1], [0, 2]], rotations: 1, index: 2) == 3)\nassert(find_Element(arr: [1, 2, 3, 4, 5, 6], ranges: [[0, 1], [0, 2]], rotations: 1, index: 1) == 1)",
      "timestamp": 1665509863,
      "stdout": "",
      "stderr": "/tmp/tmpcogpv0b3.swift:6:15: error: cannot find 'rotate' in scope\n        arr = rotate(arr: arr, from: range[0], to: range[1])\n              ^~~~~~\n",
      "exit_code": 1,
      "status": "SyntaxError"
    },
    {
      "program": "\n/// Write a swiftthon function to find element at a given index after number of rotations.\nfunc find_Element(arr: [Int], ranges: [[Int]], rotations: Int, index: Int) -> Int {\n    var arr = arr\n    for range in ranges {\n        arr = rotate(arr: arr, range: range)\n    }\n    return arr[index]\n}\n\n\nfunc ==(left: [(Int, Int)], right: [(Int, Int)]) -> Bool {\n    if left.count != right.count {\n        return false\n    }\n    for (l, r) in zip(left, right) {\n        if l != r {\n            return false\n        }\n    }\n    return true\n}\n            \nassert(find_Element(arr: [1, 2, 3, 4, 5], ranges: [[0, 2], [0, 3]], rotations: 2, index: 1) == 3)\nassert(find_Element(arr: [1, 2, 3, 4], ranges: [[0, 1], [0, 2]], rotations: 1, index: 2) == 3)\nassert(find_Element(arr: [1, 2, 3, 4, 5, 6], ranges: [[0, 1], [0, 2]], rotations: 1, index: 1) == 1)",
      "timestamp": 1665509863,
      "stdout": "",
      "stderr": "/tmp/tmp7vq21ehg.swift:6:15: error: cannot find 'rotate' in scope\n        arr = rotate(arr: arr, range: range)\n              ^~~~~~\n",
      "exit_code": 1,
      "status": "SyntaxError"
    },
    {
      "program": "\n/// Write a swiftthon function to find element at a given index after number of rotations.\nfunc find_Element(arr: [Int], ranges: [[Int]], rotations: Int, index: Int) -> Int {\n    var arr = arr\n    for range in ranges {\n        arr = reverse(arr: arr, range: range)\n    }\n    return arr[index]\n}\n\n\nfunc ==(left: [(Int, Int)], right: [(Int, Int)]) -> Bool {\n    if left.count != right.count {\n        return false\n    }\n    for (l, r) in zip(left, right) {\n        if l != r {\n            return false\n        }\n    }\n    return true\n}\n            \nassert(find_Element(arr: [1, 2, 3, 4, 5], ranges: [[0, 2], [0, 3]], rotations: 2, index: 1) == 3)\nassert(find_Element(arr: [1, 2, 3, 4], ranges: [[0, 1], [0, 2]], rotations: 1, index: 2) == 3)\nassert(find_Element(arr: [1, 2, 3, 4, 5, 6], ranges: [[0, 1], [0, 2]], rotations: 1, index: 1) == 1)",
      "timestamp": 1665509863,
      "stdout": "",
      "stderr": "/tmp/tmpx6a85idl.swift:6:15: error: cannot find 'reverse' in scope\n        arr = reverse(arr: arr, range: range)\n              ^~~~~~~\n",
      "exit_code": 1,
      "status": "SyntaxError"
    },
    {
      "program": "\n/// Write a swiftthon function to find element at a given index after number of rotations.\nfunc find_Element(arr: [Int], ranges: [[Int]], rotations: Int, index: Int) -> Int {\n    var arr = arr\n    for range in ranges {\n        arr = reverse(arr: arr, range: range)\n    }\n    return arr[index]\n}\n\n\nfunc ==(left: [(Int, Int)], right: [(Int, Int)]) -> Bool {\n    if left.count != right.count {\n        return false\n    }\n    for (l, r) in zip(left, right) {\n        if l != r {\n            return false\n        }\n    }\n    return true\n}\n            \nassert(find_Element(arr: [1, 2, 3, 4, 5], ranges: [[0, 2], [0, 3]], rotations: 2, index: 1) == 3)\nassert(find_Element(arr: [1, 2, 3, 4], ranges: [[0, 1], [0, 2]], rotations: 1, index: 2) == 3)\nassert(find_Element(arr: [1, 2, 3, 4, 5, 6], ranges: [[0, 1], [0, 2]], rotations: 1, index: 1) == 1)",
      "timestamp": 1665509863,
      "stdout": "",
      "stderr": "/tmp/tmpx6a85idl.swift:6:15: error: cannot find 'reverse' in scope\n        arr = reverse(arr: arr, range: range)\n              ^~~~~~~\n",
      "exit_code": 1,
      "status": "SyntaxError"
    },
    {
      "program": "\n/// Write a swiftthon function to find element at a given index after number of rotations.\nfunc find_Element(arr: [Int], ranges: [[Int]], rotations: Int, index: Int) -> Int {\n    var arr = arr\n    for range in ranges {\n        arr = rotate(arr: arr, range: range, rotations: rotations)\n    }\n    return arr[index]\n}\n\n\nfunc ==(left: [(Int, Int)], right: [(Int, Int)]) -> Bool {\n    if left.count != right.count {\n        return false\n    }\n    for (l, r) in zip(left, right) {\n        if l != r {\n            return false\n        }\n    }\n    return true\n}\n            \nassert(find_Element(arr: [1, 2, 3, 4, 5], ranges: [[0, 2], [0, 3]], rotations: 2, index: 1) == 3)\nassert(find_Element(arr: [1, 2, 3, 4], ranges: [[0, 1], [0, 2]], rotations: 1, index: 2) == 3)\nassert(find_Element(arr: [1, 2, 3, 4, 5, 6], ranges: [[0, 1], [0, 2]], rotations: 1, index: 1) == 1)",
      "timestamp": 1665509863,
      "stdout": "",
      "stderr": "/tmp/tmp7ko4fjwh.swift:6:15: error: cannot find 'rotate' in scope\n        arr = rotate(arr: arr, range: range, rotations: rotations)\n              ^~~~~~\n",
      "exit_code": 1,
      "status": "SyntaxError"
    },
    {
      "program": "\n/// Write a swiftthon function to find element at a given index after number of rotations.\nfunc find_Element(arr: [Int], ranges: [[Int]], rotations: Int, index: Int) -> Int {\n    var arr = arr\n    for range in ranges {\n        arr = rotate(arr: arr, from: range[0], to: range[1])\n    }\n    return arr[index]\n}\n\n\nfunc ==(left: [(Int, Int)], right: [(Int, Int)]) -> Bool {\n    if left.count != right.count {\n        return false\n    }\n    for (l, r) in zip(left, right) {\n        if l != r {\n            return false\n        }\n    }\n    return true\n}\n            \nassert(find_Element(arr: [1, 2, 3, 4, 5], ranges: [[0, 2], [0, 3]], rotations: 2, index: 1) == 3)\nassert(find_Element(arr: [1, 2, 3, 4], ranges: [[0, 1], [0, 2]], rotations: 1, index: 2) == 3)\nassert(find_Element(arr: [1, 2, 3, 4, 5, 6], ranges: [[0, 1], [0, 2]], rotations: 1, index: 1) == 1)",
      "timestamp": 1665509863,
      "stdout": "",
      "stderr": "/tmp/tmpcogpv0b3.swift:6:15: error: cannot find 'rotate' in scope\n        arr = rotate(arr: arr, from: range[0], to: range[1])\n              ^~~~~~\n",
      "exit_code": 1,
      "status": "SyntaxError"
    },
    {
      "program": "\n/// Write a swiftthon function to find element at a given index after number of rotations.\nfunc find_Element(arr: [Int], ranges: [[Int]], rotations: Int, index: Int) -> Int {\n    var arr = arr\n    for range in ranges {\n        arr = rotate(arr: arr, from: range[0], to: range[1])\n    }\n    return arr[index]\n}\n\n\nfunc ==(left: [(Int, Int)], right: [(Int, Int)]) -> Bool {\n    if left.count != right.count {\n        return false\n    }\n    for (l, r) in zip(left, right) {\n        if l != r {\n            return false\n        }\n    }\n    return true\n}\n            \nassert(find_Element(arr: [1, 2, 3, 4, 5], ranges: [[0, 2], [0, 3]], rotations: 2, index: 1) == 3)\nassert(find_Element(arr: [1, 2, 3, 4], ranges: [[0, 1], [0, 2]], rotations: 1, index: 2) == 3)\nassert(find_Element(arr: [1, 2, 3, 4, 5, 6], ranges: [[0, 1], [0, 2]], rotations: 1, index: 1) == 1)",
      "timestamp": 1665509863,
      "stdout": "",
      "stderr": "/tmp/tmpcogpv0b3.swift:6:15: error: cannot find 'rotate' in scope\n        arr = rotate(arr: arr, from: range[0], to: range[1])\n              ^~~~~~\n",
      "exit_code": 1,
      "status": "SyntaxError"
    },
    {
      "program": "\n/// Write a swiftthon function to find element at a given index after number of rotations.\nfunc find_Element(arr: [Int], ranges: [[Int]], rotations: Int, index: Int) -> Int {\n    var arr = arr\n    for range in ranges {\n        arr = rotate(arr: arr, range: range, rotations: rotations)\n    }\n    return arr[index]\n}\n\n\nfunc ==(left: [(Int, Int)], right: [(Int, Int)]) -> Bool {\n    if left.count != right.count {\n        return false\n    }\n    for (l, r) in zip(left, right) {\n        if l != r {\n            return false\n        }\n    }\n    return true\n}\n            \nassert(find_Element(arr: [1, 2, 3, 4, 5], ranges: [[0, 2], [0, 3]], rotations: 2, index: 1) == 3)\nassert(find_Element(arr: [1, 2, 3, 4], ranges: [[0, 1], [0, 2]], rotations: 1, index: 2) == 3)\nassert(find_Element(arr: [1, 2, 3, 4, 5, 6], ranges: [[0, 1], [0, 2]], rotations: 1, index: 1) == 1)",
      "timestamp": 1665509863,
      "stdout": "",
      "stderr": "/tmp/tmp7ko4fjwh.swift:6:15: error: cannot find 'rotate' in scope\n        arr = rotate(arr: arr, range: range, rotations: rotations)\n              ^~~~~~\n",
      "exit_code": 1,
      "status": "SyntaxError"
    },
    {
      "program": "\n/// Write a swiftthon function to find element at a given index after number of rotations.\nfunc find_Element(arr: [Int], ranges: [[Int]], rotations: Int, index: Int) -> Int {\n    var arr = arr\n    for range in ranges {\n        arr = reverse(arr: arr, range: range)\n    }\n    return arr[index]\n}\n\n\nfunc ==(left: [(Int, Int)], right: [(Int, Int)]) -> Bool {\n    if left.count != right.count {\n        return false\n    }\n    for (l, r) in zip(left, right) {\n        if l != r {\n            return false\n        }\n    }\n    return true\n}\n            \nassert(find_Element(arr: [1, 2, 3, 4, 5], ranges: [[0, 2], [0, 3]], rotations: 2, index: 1) == 3)\nassert(find_Element(arr: [1, 2, 3, 4], ranges: [[0, 1], [0, 2]], rotations: 1, index: 2) == 3)\nassert(find_Element(arr: [1, 2, 3, 4, 5, 6], ranges: [[0, 1], [0, 2]], rotations: 1, index: 1) == 1)",
      "timestamp": 1665509863,
      "stdout": "",
      "stderr": "/tmp/tmpx6a85idl.swift:6:15: error: cannot find 'reverse' in scope\n        arr = reverse(arr: arr, range: range)\n              ^~~~~~~\n",
      "exit_code": 1,
      "status": "SyntaxError"
    },
    {
      "program": "\n/// Write a swiftthon function to find element at a given index after number of rotations.\nfunc find_Element(arr: [Int], ranges: [[Int]], rotations: Int, index: Int) -> Int {\n    var arr = arr\n    for range in ranges {\n        arr = reverse(arr: arr, range: range)\n    }\n    return arr[index]\n}\n\n\nfunc ==(left: [(Int, Int)], right: [(Int, Int)]) -> Bool {\n    if left.count != right.count {\n        return false\n    }\n    for (l, r) in zip(left, right) {\n        if l != r {\n            return false\n        }\n    }\n    return true\n}\n            \nassert(find_Element(arr: [1, 2, 3, 4, 5], ranges: [[0, 2], [0, 3]], rotations: 2, index: 1) == 3)\nassert(find_Element(arr: [1, 2, 3, 4], ranges: [[0, 1], [0, 2]], rotations: 1, index: 2) == 3)\nassert(find_Element(arr: [1, 2, 3, 4, 5, 6], ranges: [[0, 1], [0, 2]], rotations: 1, index: 1) == 1)",
      "timestamp": 1665509863,
      "stdout": "",
      "stderr": "/tmp/tmpx6a85idl.swift:6:15: error: cannot find 'reverse' in scope\n        arr = reverse(arr: arr, range: range)\n              ^~~~~~~\n",
      "exit_code": 1,
      "status": "SyntaxError"
    },
    {
      "program": "\n/// Write a swiftthon function to find element at a given index after number of rotations.\nfunc find_Element(arr: [Int], ranges: [[Int]], rotations: Int, index: Int) -> Int {\n    \n    var arr = arr\n    \n    for range in ranges {\n        arr = reverse(arr: arr, start: range[0], end: range[1])\n    }\n    \n    arr = rotate(arr: arr, rotations: rotations)\n    \n    return arr[index]\n}\n\n\nfunc ==(left: [(Int, Int)], right: [(Int, Int)]) -> Bool {\n    if left.count != right.count {\n        return false\n    }\n    for (l, r) in zip(left, right) {\n        if l != r {\n            return false\n        }\n    }\n    return true\n}\n            \nassert(find_Element(arr: [1, 2, 3, 4, 5], ranges: [[0, 2], [0, 3]], rotations: 2, index: 1) == 3)\nassert(find_Element(arr: [1, 2, 3, 4], ranges: [[0, 1], [0, 2]], rotations: 1, index: 2) == 3)\nassert(find_Element(arr: [1, 2, 3, 4, 5, 6], ranges: [[0, 1], [0, 2]], rotations: 1, index: 1) == 1)",
      "timestamp": 1666122824,
      "stdout": "",
      "stderr": "/tmp/tmpwjwqzxzl.swift:8:15: error: cannot find 'reverse' in scope\n        arr = reverse(arr: arr, start: range[0], end: range[1])\n              ^~~~~~~\n/tmp/tmpwjwqzxzl.swift:11:11: error: cannot find 'rotate' in scope\n    arr = rotate(arr: arr, rotations: rotations)\n          ^~~~~~\n",
      "exit_code": 1,
      "status": "SyntaxError"
    },
    {
      "program": "\n/// Write a swiftthon function to find element at a given index after number of rotations.\nfunc find_Element(arr: [Int], ranges: [[Int]], rotations: Int, index: Int) -> Int {\n    var arr = arr\n    for range in ranges {\n        arr = rotate(arr: arr, range: range)\n    }\n    return arr[index]\n}\n\n\nfunc ==(left: [(Int, Int)], right: [(Int, Int)]) -> Bool {\n    if left.count != right.count {\n        return false\n    }\n    for (l, r) in zip(left, right) {\n        if l != r {\n            return false\n        }\n    }\n    return true\n}\n            \nassert(find_Element(arr: [1, 2, 3, 4, 5], ranges: [[0, 2], [0, 3]], rotations: 2, index: 1) == 3)\nassert(find_Element(arr: [1, 2, 3, 4], ranges: [[0, 1], [0, 2]], rotations: 1, index: 2) == 3)\nassert(find_Element(arr: [1, 2, 3, 4, 5, 6], ranges: [[0, 1], [0, 2]], rotations: 1, index: 1) == 1)",
      "timestamp": 1665509863,
      "stdout": "",
      "stderr": "/tmp/tmp7vq21ehg.swift:6:15: error: cannot find 'rotate' in scope\n        arr = rotate(arr: arr, range: range)\n              ^~~~~~\n",
      "exit_code": 1,
      "status": "SyntaxError"
    },
    {
      "program": "\n/// Write a swiftthon function to find element at a given index after number of rotations.\nfunc find_Element(arr: [Int], ranges: [[Int]], rotations: Int, index: Int) -> Int {\n    var arr = arr\n    for range in ranges {\n        arr = rotate(arr: arr, range: range)\n    }\n    return arr[index]\n}\n\n\nfunc ==(left: [(Int, Int)], right: [(Int, Int)]) -> Bool {\n    if left.count != right.count {\n        return false\n    }\n    for (l, r) in zip(left, right) {\n        if l != r {\n            return false\n        }\n    }\n    return true\n}\n            \nassert(find_Element(arr: [1, 2, 3, 4, 5], ranges: [[0, 2], [0, 3]], rotations: 2, index: 1) == 3)\nassert(find_Element(arr: [1, 2, 3, 4], ranges: [[0, 1], [0, 2]], rotations: 1, index: 2) == 3)\nassert(find_Element(arr: [1, 2, 3, 4, 5, 6], ranges: [[0, 1], [0, 2]], rotations: 1, index: 1) == 1)",
      "timestamp": 1665509863,
      "stdout": "",
      "stderr": "/tmp/tmp7vq21ehg.swift:6:15: error: cannot find 'rotate' in scope\n        arr = rotate(arr: arr, range: range)\n              ^~~~~~\n",
      "exit_code": 1,
      "status": "SyntaxError"
    },
    {
      "program": "\n/// Write a swiftthon function to find element at a given index after number of rotations.\nfunc find_Element(arr: [Int], ranges: [[Int]], rotations: Int, index: Int) -> Int {\n    var arr = arr\n    for range in ranges {\n        arr = rotate_Array(arr: arr, range: range, rotations: rotations)\n    }\n    return arr[index]\n}\n\n\nfunc ==(left: [(Int, Int)], right: [(Int, Int)]) -> Bool {\n    if left.count != right.count {\n        return false\n    }\n    for (l, r) in zip(left, right) {\n        if l != r {\n            return false\n        }\n    }\n    return true\n}\n            \nassert(find_Element(arr: [1, 2, 3, 4, 5], ranges: [[0, 2], [0, 3]], rotations: 2, index: 1) == 3)\nassert(find_Element(arr: [1, 2, 3, 4], ranges: [[0, 1], [0, 2]], rotations: 1, index: 2) == 3)\nassert(find_Element(arr: [1, 2, 3, 4, 5, 6], ranges: [[0, 1], [0, 2]], rotations: 1, index: 1) == 1)",
      "timestamp": 1666122824,
      "stdout": "",
      "stderr": "/tmp/tmp00k_e6a4.swift:6:15: error: cannot find 'rotate_Array' in scope\n        arr = rotate_Array(arr: arr, range: range, rotations: rotations)\n              ^~~~~~~~~~~~\n",
      "exit_code": 1,
      "status": "SyntaxError"
    },
    {
      "program": "\n/// Write a swiftthon function to find element at a given index after number of rotations.\nfunc find_Element(arr: [Int], ranges: [[Int]], rotations: Int, index: Int) -> Int {\n    var arr = arr\n    for range in ranges {\n        arr = reverse_Array(arr: arr, start: range[0], end: range[1])\n    }\n    return arr[(index + rotations) % arr.count]\n}\n\n\nfunc ==(left: [(Int, Int)], right: [(Int, Int)]) -> Bool {\n    if left.count != right.count {\n        return false\n    }\n    for (l, r) in zip(left, right) {\n        if l != r {\n            return false\n        }\n    }\n    return true\n}\n            \nassert(find_Element(arr: [1, 2, 3, 4, 5], ranges: [[0, 2], [0, 3]], rotations: 2, index: 1) == 3)\nassert(find_Element(arr: [1, 2, 3, 4], ranges: [[0, 1], [0, 2]], rotations: 1, index: 2) == 3)\nassert(find_Element(arr: [1, 2, 3, 4, 5, 6], ranges: [[0, 1], [0, 2]], rotations: 1, index: 1) == 1)",
      "timestamp": 1666122824,
      "stdout": "",
      "stderr": "/tmp/tmpuveolvgt.swift:6:15: error: cannot find 'reverse_Array' in scope\n        arr = reverse_Array(arr: arr, start: range[0], end: range[1])\n              ^~~~~~~~~~~~~\n",
      "exit_code": 1,
      "status": "SyntaxError"
    },
    {
      "program": "\n/// Write a swiftthon function to find element at a given index after number of rotations.\nfunc find_Element(arr: [Int], ranges: [[Int]], rotations: Int, index: Int) -> Int {\n    var result = 0\n    for i in 0..<ranges.count {\n        let range = ranges[i]\n        let start = range[0]\n        let end = range[1]\n        let subArray = arr[start...end]\n        let subArrayCount = subArray.count\n        let index = index - start\n        let newIndex = (index + rotations) % subArrayCount\n        result = subArray[newIndex]\n    }\n    return result\n}\n\n\nfunc ==(left: [(Int, Int)], right: [(Int, Int)]) -> Bool {\n    if left.count != right.count {\n        return false\n    }\n    for (l, r) in zip(left, right) {\n        if l != r {\n            return false\n        }\n    }\n    return true\n}\n            \nassert(find_Element(arr: [1, 2, 3, 4, 5], ranges: [[0, 2], [0, 3]], rotations: 2, index: 1) == 3)\nassert(find_Element(arr: [1, 2, 3, 4], ranges: [[0, 1], [0, 2]], rotations: 1, index: 2) == 3)\nassert(find_Element(arr: [1, 2, 3, 4, 5, 6], ranges: [[0, 1], [0, 2]], rotations: 1, index: 1) == 1)",
      "timestamp": 1666122825,
      "stdout": "",
      "stderr": "tmp8v_zjw5n/tmp8v_zjw5n.swift:31: Assertion failed\nCurrent stack trace:\n0    libswiftCore.so                    0x00002ac4b7313c80 _swift_stdlib_reportFatalErrorInFile + 112\n1    libswiftCore.so                    0x00002ac4b700ab6c <unavailable> + 1436524\n2    libswiftCore.so                    0x00002ac4b700a988 <unavailable> + 1436040\n3    libswiftCore.so                    0x00002ac4b70097b0 _assertionFailure(_:_:file:line:flags:) + 699\n4    tmp8v_zjw5n                        0x0000561a7ea037ac <unavailable> + 6060\n5    libc.so.6                          0x00002ac4b74ff460 __libc_start_main + 245\n6    tmp8v_zjw5n                        0x0000561a7ea03349 <unavailable> + 4937\n",
      "exit_code": -4,
      "status": "Exception"
    },
    {
      "program": "\n/// Write a swiftthon function to find element at a given index after number of rotations.\nfunc find_Element(arr: [Int], ranges: [[Int]], rotations: Int, index: Int) -> Int {\n    var arr = arr\n    for range in ranges {\n        arr = rotate(arr: arr, from: range[0], to: range[1])\n    }\n    return arr[index]\n}\n\n\nfunc ==(left: [(Int, Int)], right: [(Int, Int)]) -> Bool {\n    if left.count != right.count {\n        return false\n    }\n    for (l, r) in zip(left, right) {\n        if l != r {\n            return false\n        }\n    }\n    return true\n}\n            \nassert(find_Element(arr: [1, 2, 3, 4, 5], ranges: [[0, 2], [0, 3]], rotations: 2, index: 1) == 3)\nassert(find_Element(arr: [1, 2, 3, 4], ranges: [[0, 1], [0, 2]], rotations: 1, index: 2) == 3)\nassert(find_Element(arr: [1, 2, 3, 4, 5, 6], ranges: [[0, 1], [0, 2]], rotations: 1, index: 1) == 1)",
      "timestamp": 1665509863,
      "stdout": "",
      "stderr": "/tmp/tmpcogpv0b3.swift:6:15: error: cannot find 'rotate' in scope\n        arr = rotate(arr: arr, from: range[0], to: range[1])\n              ^~~~~~\n",
      "exit_code": 1,
      "status": "SyntaxError"
    },
    {
      "program": "\n/// Write a swiftthon function to find element at a given index after number of rotations.\nfunc find_Element(arr: [Int], ranges: [[Int]], rotations: Int, index: Int) -> Int {\n    var arr = arr\n    for range in ranges {\n        arr = rotate(arr: arr, range: range)\n    }\n    return arr[index]\n}\n\n\nfunc ==(left: [(Int, Int)], right: [(Int, Int)]) -> Bool {\n    if left.count != right.count {\n        return false\n    }\n    for (l, r) in zip(left, right) {\n        if l != r {\n            return false\n        }\n    }\n    return true\n}\n            \nassert(find_Element(arr: [1, 2, 3, 4, 5], ranges: [[0, 2], [0, 3]], rotations: 2, index: 1) == 3)\nassert(find_Element(arr: [1, 2, 3, 4], ranges: [[0, 1], [0, 2]], rotations: 1, index: 2) == 3)\nassert(find_Element(arr: [1, 2, 3, 4, 5, 6], ranges: [[0, 1], [0, 2]], rotations: 1, index: 1) == 1)",
      "timestamp": 1665509863,
      "stdout": "",
      "stderr": "/tmp/tmp7vq21ehg.swift:6:15: error: cannot find 'rotate' in scope\n        arr = rotate(arr: arr, range: range)\n              ^~~~~~\n",
      "exit_code": 1,
      "status": "SyntaxError"
    },
    {
      "program": "\n/// Write a swiftthon function to find element at a given index after number of rotations.\nfunc find_Element(arr: [Int], ranges: [[Int]], rotations: Int, index: Int) -> Int {\n    var arr = arr\n    for range in ranges {\n        arr = reverse(arr: arr, from: range[0], to: range[1])\n    }\n    return arr[(index + rotations) % arr.count]\n}\n\n\nfunc ==(left: [(Int, Int)], right: [(Int, Int)]) -> Bool {\n    if left.count != right.count {\n        return false\n    }\n    for (l, r) in zip(left, right) {\n        if l != r {\n            return false\n        }\n    }\n    return true\n}\n            \nassert(find_Element(arr: [1, 2, 3, 4, 5], ranges: [[0, 2], [0, 3]], rotations: 2, index: 1) == 3)\nassert(find_Element(arr: [1, 2, 3, 4], ranges: [[0, 1], [0, 2]], rotations: 1, index: 2) == 3)\nassert(find_Element(arr: [1, 2, 3, 4, 5, 6], ranges: [[0, 1], [0, 2]], rotations: 1, index: 1) == 1)",
      "timestamp": 1666122824,
      "stdout": "",
      "stderr": "/tmp/tmp0a3swfp0.swift:6:15: error: cannot find 'reverse' in scope\n        arr = reverse(arr: arr, from: range[0], to: range[1])\n              ^~~~~~~\n",
      "exit_code": 1,
      "status": "SyntaxError"
    },
    {
      "program": "\n/// Write a swiftthon function to find element at a given index after number of rotations.\nfunc find_Element(arr: [Int], ranges: [[Int]], rotations: Int, index: Int) -> Int {\n    var arr = arr\n    for range in ranges {\n        arr = reverse(arr: arr, range: range)\n    }\n    return arr[index]\n}\n\n\nfunc ==(left: [(Int, Int)], right: [(Int, Int)]) -> Bool {\n    if left.count != right.count {\n        return false\n    }\n    for (l, r) in zip(left, right) {\n        if l != r {\n            return false\n        }\n    }\n    return true\n}\n            \nassert(find_Element(arr: [1, 2, 3, 4, 5], ranges: [[0, 2], [0, 3]], rotations: 2, index: 1) == 3)\nassert(find_Element(arr: [1, 2, 3, 4], ranges: [[0, 1], [0, 2]], rotations: 1, index: 2) == 3)\nassert(find_Element(arr: [1, 2, 3, 4, 5, 6], ranges: [[0, 1], [0, 2]], rotations: 1, index: 1) == 1)",
      "timestamp": 1665509863,
      "stdout": "",
      "stderr": "/tmp/tmpx6a85idl.swift:6:15: error: cannot find 'reverse' in scope\n        arr = reverse(arr: arr, range: range)\n              ^~~~~~~\n",
      "exit_code": 1,
      "status": "SyntaxError"
    },
    {
      "program": "\n/// Write a swiftthon function to find element at a given index after number of rotations.\nfunc find_Element(arr: [Int], ranges: [[Int]], rotations: Int, index: Int) -> Int {\n    var arr = arr\n    for range in ranges {\n        arr = rotate(arr: arr, range: range)\n    }\n    return arr[index]\n}\n\n\nfunc ==(left: [(Int, Int)], right: [(Int, Int)]) -> Bool {\n    if left.count != right.count {\n        return false\n    }\n    for (l, r) in zip(left, right) {\n        if l != r {\n            return false\n        }\n    }\n    return true\n}\n            \nassert(find_Element(arr: [1, 2, 3, 4, 5], ranges: [[0, 2], [0, 3]], rotations: 2, index: 1) == 3)\nassert(find_Element(arr: [1, 2, 3, 4], ranges: [[0, 1], [0, 2]], rotations: 1, index: 2) == 3)\nassert(find_Element(arr: [1, 2, 3, 4, 5, 6], ranges: [[0, 1], [0, 2]], rotations: 1, index: 1) == 1)",
      "timestamp": 1665509863,
      "stdout": "",
      "stderr": "/tmp/tmp7vq21ehg.swift:6:15: error: cannot find 'rotate' in scope\n        arr = rotate(arr: arr, range: range)\n              ^~~~~~\n",
      "exit_code": 1,
      "status": "SyntaxError"
    },
    {
      "program": "\n/// Write a swiftthon function to find element at a given index after number of rotations.\nfunc find_Element(arr: [Int], ranges: [[Int]], rotations: Int, index: Int) -> Int {\n    var arr = arr\n    for range in ranges {\n        arr = rotate(arr: arr, start: range[0], end: range[1])\n    }\n    return arr[index]\n}\n\n\nfunc ==(left: [(Int, Int)], right: [(Int, Int)]) -> Bool {\n    if left.count != right.count {\n        return false\n    }\n    for (l, r) in zip(left, right) {\n        if l != r {\n            return false\n        }\n    }\n    return true\n}\n            \nassert(find_Element(arr: [1, 2, 3, 4, 5], ranges: [[0, 2], [0, 3]], rotations: 2, index: 1) == 3)\nassert(find_Element(arr: [1, 2, 3, 4], ranges: [[0, 1], [0, 2]], rotations: 1, index: 2) == 3)\nassert(find_Element(arr: [1, 2, 3, 4, 5, 6], ranges: [[0, 1], [0, 2]], rotations: 1, index: 1) == 1)",
      "timestamp": 1666122824,
      "stdout": "",
      "stderr": "/tmp/tmpm1hwrj7o.swift:6:15: error: cannot find 'rotate' in scope\n        arr = rotate(arr: arr, start: range[0], end: range[1])\n              ^~~~~~\n",
      "exit_code": 1,
      "status": "SyntaxError"
    },
    {
      "program": "\n/// Write a swiftthon function to find element at a given index after number of rotations.\nfunc find_Element(arr: [Int], ranges: [[Int]], rotations: Int, index: Int) -> Int {\n    var result = 0\n    for i in 0..<ranges.count {\n        let range = ranges[i]\n        let start = range[0]\n        let end = range[1]\n        let arr1 = Array(arr[start...end])\n        let arr2 = Array(arr[end+1..<arr.count])\n        let arr3 = Array(arr[0...start-1])\n        let newArr = arr2 + arr1 + arr3\n        result = newArr[index]\n    }\n    return result\n}\n\n\nfunc ==(left: [(Int, Int)], right: [(Int, Int)]) -> Bool {\n    if left.count != right.count {\n        return false\n    }\n    for (l, r) in zip(left, right) {\n        if l != r {\n            return false\n        }\n    }\n    return true\n}\n            \nassert(find_Element(arr: [1, 2, 3, 4, 5], ranges: [[0, 2], [0, 3]], rotations: 2, index: 1) == 3)\nassert(find_Element(arr: [1, 2, 3, 4], ranges: [[0, 1], [0, 2]], rotations: 1, index: 2) == 3)\nassert(find_Element(arr: [1, 2, 3, 4, 5, 6], ranges: [[0, 1], [0, 2]], rotations: 1, index: 1) == 1)",
      "timestamp": 1666122825,
      "stdout": "",
      "stderr": "Swift/ClosedRange.swift:347: Fatal error: Range requires lowerBound <= upperBound\nCurrent stack trace:\n0    libswiftCore.so                    0x00002ba2969edc80 _swift_stdlib_reportFatalErrorInFile + 112\n1    libswiftCore.so                    0x00002ba2966e4561 <unavailable> + 1434977\n2    libswiftCore.so                    0x00002ba2966e4286 <unavailable> + 1434246\n3    libswiftCore.so                    0x00002ba2966e413c <unavailable> + 1433916\n4    libswiftCore.so                    0x00002ba2966e3bb0 _assertionFailure(_:_:file:line:flags:) + 251\n5    tmp3byx0aom                        0x0000556a4e63340b <unavailable> + 9227\n6    tmp3byx0aom                        0x0000556a4e632875 <unavailable> + 6261\n7    libc.so.6                          0x00002ba296bd9460 __libc_start_main + 245\n8    tmp3byx0aom                        0x0000556a4e632499 <unavailable> + 5273\n",
      "exit_code": -4,
      "status": "Exception"
    },
    {
      "program": "\n/// Write a swiftthon function to find element at a given index after number of rotations.\nfunc find_Element(arr: [Int], ranges: [[Int]], rotations: Int, index: Int) -> Int {\n    var arr = arr\n    for range in ranges {\n        arr = rotate(arr: arr, range: range)\n    }\n    return arr[index]\n}\n\n\nfunc ==(left: [(Int, Int)], right: [(Int, Int)]) -> Bool {\n    if left.count != right.count {\n        return false\n    }\n    for (l, r) in zip(left, right) {\n        if l != r {\n            return false\n        }\n    }\n    return true\n}\n            \nassert(find_Element(arr: [1, 2, 3, 4, 5], ranges: [[0, 2], [0, 3]], rotations: 2, index: 1) == 3)\nassert(find_Element(arr: [1, 2, 3, 4], ranges: [[0, 1], [0, 2]], rotations: 1, index: 2) == 3)\nassert(find_Element(arr: [1, 2, 3, 4, 5, 6], ranges: [[0, 1], [0, 2]], rotations: 1, index: 1) == 1)",
      "timestamp": 1665509863,
      "stdout": "",
      "stderr": "/tmp/tmp7vq21ehg.swift:6:15: error: cannot find 'rotate' in scope\n        arr = rotate(arr: arr, range: range)\n              ^~~~~~\n",
      "exit_code": 1,
      "status": "SyntaxError"
    },
    {
      "program": "\n/// Write a swiftthon function to find element at a given index after number of rotations.\nfunc find_Element(arr: [Int], ranges: [[Int]], rotations: Int, index: Int) -> Int {\n    var arr = arr\n    for range in ranges {\n        arr = rotate(arr: arr, from: range[0], to: range[1])\n    }\n    return arr[index]\n}\n\n\nfunc ==(left: [(Int, Int)], right: [(Int, Int)]) -> Bool {\n    if left.count != right.count {\n        return false\n    }\n    for (l, r) in zip(left, right) {\n        if l != r {\n            return false\n        }\n    }\n    return true\n}\n            \nassert(find_Element(arr: [1, 2, 3, 4, 5], ranges: [[0, 2], [0, 3]], rotations: 2, index: 1) == 3)\nassert(find_Element(arr: [1, 2, 3, 4], ranges: [[0, 1], [0, 2]], rotations: 1, index: 2) == 3)\nassert(find_Element(arr: [1, 2, 3, 4, 5, 6], ranges: [[0, 1], [0, 2]], rotations: 1, index: 1) == 1)",
      "timestamp": 1665509863,
      "stdout": "",
      "stderr": "/tmp/tmpcogpv0b3.swift:6:15: error: cannot find 'rotate' in scope\n        arr = rotate(arr: arr, from: range[0], to: range[1])\n              ^~~~~~\n",
      "exit_code": 1,
      "status": "SyntaxError"
    },
    {
      "program": "\n/// Write a swiftthon function to find element at a given index after number of rotations.\nfunc find_Element(arr: [Int], ranges: [[Int]], rotations: Int, index: Int) -> Int {\n    var arr = arr\n    for range in ranges {\n        arr = rotate(arr: arr, range: range, rotations: rotations)\n    }\n    return arr[index]\n}\n\n\nfunc ==(left: [(Int, Int)], right: [(Int, Int)]) -> Bool {\n    if left.count != right.count {\n        return false\n    }\n    for (l, r) in zip(left, right) {\n        if l != r {\n            return false\n        }\n    }\n    return true\n}\n            \nassert(find_Element(arr: [1, 2, 3, 4, 5], ranges: [[0, 2], [0, 3]], rotations: 2, index: 1) == 3)\nassert(find_Element(arr: [1, 2, 3, 4], ranges: [[0, 1], [0, 2]], rotations: 1, index: 2) == 3)\nassert(find_Element(arr: [1, 2, 3, 4, 5, 6], ranges: [[0, 1], [0, 2]], rotations: 1, index: 1) == 1)",
      "timestamp": 1665509863,
      "stdout": "",
      "stderr": "/tmp/tmp7ko4fjwh.swift:6:15: error: cannot find 'rotate' in scope\n        arr = rotate(arr: arr, range: range, rotations: rotations)\n              ^~~~~~\n",
      "exit_code": 1,
      "status": "SyntaxError"
    },
    {
      "program": "\n/// Write a swiftthon function to find element at a given index after number of rotations.\nfunc find_Element(arr: [Int], ranges: [[Int]], rotations: Int, index: Int) -> Int {\n    var arr = arr\n    for range in ranges {\n        arr = rotate(arr: arr, from: range[0], to: range[1])\n    }\n    return arr[index]\n}\n\n\nfunc ==(left: [(Int, Int)], right: [(Int, Int)]) -> Bool {\n    if left.count != right.count {\n        return false\n    }\n    for (l, r) in zip(left, right) {\n        if l != r {\n            return false\n        }\n    }\n    return true\n}\n            \nassert(find_Element(arr: [1, 2, 3, 4, 5], ranges: [[0, 2], [0, 3]], rotations: 2, index: 1) == 3)\nassert(find_Element(arr: [1, 2, 3, 4], ranges: [[0, 1], [0, 2]], rotations: 1, index: 2) == 3)\nassert(find_Element(arr: [1, 2, 3, 4, 5, 6], ranges: [[0, 1], [0, 2]], rotations: 1, index: 1) == 1)",
      "timestamp": 1665509863,
      "stdout": "",
      "stderr": "/tmp/tmpcogpv0b3.swift:6:15: error: cannot find 'rotate' in scope\n        arr = rotate(arr: arr, from: range[0], to: range[1])\n              ^~~~~~\n",
      "exit_code": 1,
      "status": "SyntaxError"
    },
    {
      "program": "\n/// Write a swiftthon function to find element at a given index after number of rotations.\nfunc find_Element(arr: [Int], ranges: [[Int]], rotations: Int, index: Int) -> Int {\n    var newArr = arr\n    for range in ranges {\n        newArr = newArr.rotate(from: range[0], to: range[1])\n    }\n    return newArr.rotate(from: 0, to: rotations)[index]\n}\n\n\nfunc ==(left: [(Int, Int)], right: [(Int, Int)]) -> Bool {\n    if left.count != right.count {\n        return false\n    }\n    for (l, r) in zip(left, right) {\n        if l != r {\n            return false\n        }\n    }\n    return true\n}\n            \nassert(find_Element(arr: [1, 2, 3, 4, 5], ranges: [[0, 2], [0, 3]], rotations: 2, index: 1) == 3)\nassert(find_Element(arr: [1, 2, 3, 4], ranges: [[0, 1], [0, 2]], rotations: 1, index: 2) == 3)\nassert(find_Element(arr: [1, 2, 3, 4, 5, 6], ranges: [[0, 1], [0, 2]], rotations: 1, index: 1) == 1)",
      "timestamp": 1666122824,
      "stdout": "",
      "stderr": "/tmp/tmpocum0o6_.swift:6:25: error: value of type '[Int]' has no member 'rotate'\n        newArr = newArr.rotate(from: range[0], to: range[1])\n                 ~~~~~~ ^~~~~~\n/tmp/tmpocum0o6_.swift:8:19: error: value of type '[Int]' has no member 'rotate'\n    return newArr.rotate(from: 0, to: rotations)[index]\n           ~~~~~~ ^~~~~~\n",
      "exit_code": 1,
      "status": "SyntaxError"
    },
    {
      "program": "\n/// Write a swiftthon function to find element at a given index after number of rotations.\nfunc find_Element(arr: [Int], ranges: [[Int]], rotations: Int, index: Int) -> Int {\n    var arr = arr\n    for range in ranges {\n        arr = reverse(arr: arr, range: range)\n    }\n    return arr[index]\n}\n\n\nfunc ==(left: [(Int, Int)], right: [(Int, Int)]) -> Bool {\n    if left.count != right.count {\n        return false\n    }\n    for (l, r) in zip(left, right) {\n        if l != r {\n            return false\n        }\n    }\n    return true\n}\n            \nassert(find_Element(arr: [1, 2, 3, 4, 5], ranges: [[0, 2], [0, 3]], rotations: 2, index: 1) == 3)\nassert(find_Element(arr: [1, 2, 3, 4], ranges: [[0, 1], [0, 2]], rotations: 1, index: 2) == 3)\nassert(find_Element(arr: [1, 2, 3, 4, 5, 6], ranges: [[0, 1], [0, 2]], rotations: 1, index: 1) == 1)",
      "timestamp": 1665509863,
      "stdout": "",
      "stderr": "/tmp/tmpx6a85idl.swift:6:15: error: cannot find 'reverse' in scope\n        arr = reverse(arr: arr, range: range)\n              ^~~~~~~\n",
      "exit_code": 1,
      "status": "SyntaxError"
    },
    {
      "program": "\n/// Write a swiftthon function to find element at a given index after number of rotations.\nfunc find_Element(arr: [Int], ranges: [[Int]], rotations: Int, index: Int) -> Int {\n    var arr = arr\n    for range in ranges {\n        arr = rotate(arr: arr, range: range)\n    }\n    return arr[index]\n}\n\n\nfunc ==(left: [(Int, Int)], right: [(Int, Int)]) -> Bool {\n    if left.count != right.count {\n        return false\n    }\n    for (l, r) in zip(left, right) {\n        if l != r {\n            return false\n        }\n    }\n    return true\n}\n            \nassert(find_Element(arr: [1, 2, 3, 4, 5], ranges: [[0, 2], [0, 3]], rotations: 2, index: 1) == 3)\nassert(find_Element(arr: [1, 2, 3, 4], ranges: [[0, 1], [0, 2]], rotations: 1, index: 2) == 3)\nassert(find_Element(arr: [1, 2, 3, 4, 5, 6], ranges: [[0, 1], [0, 2]], rotations: 1, index: 1) == 1)",
      "timestamp": 1665509863,
      "stdout": "",
      "stderr": "/tmp/tmp7vq21ehg.swift:6:15: error: cannot find 'rotate' in scope\n        arr = rotate(arr: arr, range: range)\n              ^~~~~~\n",
      "exit_code": 1,
      "status": "SyntaxError"
    },
    {
      "program": "\n/// Write a swiftthon function to find element at a given index after number of rotations.\nfunc find_Element(arr: [Int], ranges: [[Int]], rotations: Int, index: Int) -> Int {\n    var arr = arr\n    for range in ranges {\n        arr = rotate(arr: arr, from: range[0], to: range[1])\n    }\n    return arr[index]\n}\n\n\nfunc ==(left: [(Int, Int)], right: [(Int, Int)]) -> Bool {\n    if left.count != right.count {\n        return false\n    }\n    for (l, r) in zip(left, right) {\n        if l != r {\n            return false\n        }\n    }\n    return true\n}\n            \nassert(find_Element(arr: [1, 2, 3, 4, 5], ranges: [[0, 2], [0, 3]], rotations: 2, index: 1) == 3)\nassert(find_Element(arr: [1, 2, 3, 4], ranges: [[0, 1], [0, 2]], rotations: 1, index: 2) == 3)\nassert(find_Element(arr: [1, 2, 3, 4, 5, 6], ranges: [[0, 1], [0, 2]], rotations: 1, index: 1) == 1)",
      "timestamp": 1665509863,
      "stdout": "",
      "stderr": "/tmp/tmpcogpv0b3.swift:6:15: error: cannot find 'rotate' in scope\n        arr = rotate(arr: arr, from: range[0], to: range[1])\n              ^~~~~~\n",
      "exit_code": 1,
      "status": "SyntaxError"
    },
    {
      "program": "\n/// Write a swiftthon function to find element at a given index after number of rotations.\nfunc find_Element(arr: [Int], ranges: [[Int]], rotations: Int, index: Int) -> Int {\n    var arr = arr\n    for range in ranges {\n        arr = rotate(arr: arr, from: range[0], to: range[1])\n    }\n    return arr[index]\n}\n\n\nfunc ==(left: [(Int, Int)], right: [(Int, Int)]) -> Bool {\n    if left.count != right.count {\n        return false\n    }\n    for (l, r) in zip(left, right) {\n        if l != r {\n            return false\n        }\n    }\n    return true\n}\n            \nassert(find_Element(arr: [1, 2, 3, 4, 5], ranges: [[0, 2], [0, 3]], rotations: 2, index: 1) == 3)\nassert(find_Element(arr: [1, 2, 3, 4], ranges: [[0, 1], [0, 2]], rotations: 1, index: 2) == 3)\nassert(find_Element(arr: [1, 2, 3, 4, 5, 6], ranges: [[0, 1], [0, 2]], rotations: 1, index: 1) == 1)",
      "timestamp": 1665509863,
      "stdout": "",
      "stderr": "/tmp/tmpcogpv0b3.swift:6:15: error: cannot find 'rotate' in scope\n        arr = rotate(arr: arr, from: range[0], to: range[1])\n              ^~~~~~\n",
      "exit_code": 1,
      "status": "SyntaxError"
    },
    {
      "program": "\n/// Write a swiftthon function to find element at a given index after number of rotations.\nfunc find_Element(arr: [Int], ranges: [[Int]], rotations: Int, index: Int) -> Int {\n    var arr = arr\n    for range in ranges {\n        arr = rotate(arr: arr, range: range)\n    }\n    return arr[index]\n}\n\n\nfunc ==(left: [(Int, Int)], right: [(Int, Int)]) -> Bool {\n    if left.count != right.count {\n        return false\n    }\n    for (l, r) in zip(left, right) {\n        if l != r {\n            return false\n        }\n    }\n    return true\n}\n            \nassert(find_Element(arr: [1, 2, 3, 4, 5], ranges: [[0, 2], [0, 3]], rotations: 2, index: 1) == 3)\nassert(find_Element(arr: [1, 2, 3, 4], ranges: [[0, 1], [0, 2]], rotations: 1, index: 2) == 3)\nassert(find_Element(arr: [1, 2, 3, 4, 5, 6], ranges: [[0, 1], [0, 2]], rotations: 1, index: 1) == 1)",
      "timestamp": 1665509863,
      "stdout": "",
      "stderr": "/tmp/tmp7vq21ehg.swift:6:15: error: cannot find 'rotate' in scope\n        arr = rotate(arr: arr, range: range)\n              ^~~~~~\n",
      "exit_code": 1,
      "status": "SyntaxError"
    },
    {
      "program": "\n/// Write a swiftthon function to find element at a given index after number of rotations.\nfunc find_Element(arr: [Int], ranges: [[Int]], rotations: Int, index: Int) -> Int {\n    var arr = arr\n    for range in ranges {\n        arr = rotate(arr: arr, range: range, rotations: rotations)\n    }\n    return arr[index]\n}\n\n\nfunc ==(left: [(Int, Int)], right: [(Int, Int)]) -> Bool {\n    if left.count != right.count {\n        return false\n    }\n    for (l, r) in zip(left, right) {\n        if l != r {\n            return false\n        }\n    }\n    return true\n}\n            \nassert(find_Element(arr: [1, 2, 3, 4, 5], ranges: [[0, 2], [0, 3]], rotations: 2, index: 1) == 3)\nassert(find_Element(arr: [1, 2, 3, 4], ranges: [[0, 1], [0, 2]], rotations: 1, index: 2) == 3)\nassert(find_Element(arr: [1, 2, 3, 4, 5, 6], ranges: [[0, 1], [0, 2]], rotations: 1, index: 1) == 1)",
      "timestamp": 1665509863,
      "stdout": "",
      "stderr": "/tmp/tmp7ko4fjwh.swift:6:15: error: cannot find 'rotate' in scope\n        arr = rotate(arr: arr, range: range, rotations: rotations)\n              ^~~~~~\n",
      "exit_code": 1,
      "status": "SyntaxError"
    },
    {
      "program": "\n/// Write a swiftthon function to find element at a given index after number of rotations.\nfunc find_Element(arr: [Int], ranges: [[Int]], rotations: Int, index: Int) -> Int {\n    var arr = arr\n    for range in ranges {\n        arr = rotate(arr: arr, start: range[0], end: range[1])\n    }\n    return arr[index]\n}\n\n\nfunc ==(left: [(Int, Int)], right: [(Int, Int)]) -> Bool {\n    if left.count != right.count {\n        return false\n    }\n    for (l, r) in zip(left, right) {\n        if l != r {\n            return false\n        }\n    }\n    return true\n}\n            \nassert(find_Element(arr: [1, 2, 3, 4, 5], ranges: [[0, 2], [0, 3]], rotations: 2, index: 1) == 3)\nassert(find_Element(arr: [1, 2, 3, 4], ranges: [[0, 1], [0, 2]], rotations: 1, index: 2) == 3)\nassert(find_Element(arr: [1, 2, 3, 4, 5, 6], ranges: [[0, 1], [0, 2]], rotations: 1, index: 1) == 1)",
      "timestamp": 1666122824,
      "stdout": "",
      "stderr": "/tmp/tmpm1hwrj7o.swift:6:15: error: cannot find 'rotate' in scope\n        arr = rotate(arr: arr, start: range[0], end: range[1])\n              ^~~~~~\n",
      "exit_code": 1,
      "status": "SyntaxError"
    },
    {
      "program": "\n/// Write a swiftthon function to find element at a given index after number of rotations.\nfunc find_Element(arr: [Int], ranges: [[Int]], rotations: Int, index: Int) -> Int {\n    var arr = arr\n    for range in ranges {\n        arr = reverse(arr: arr, range: range)\n    }\n    return arr[index]\n}\n\n\nfunc ==(left: [(Int, Int)], right: [(Int, Int)]) -> Bool {\n    if left.count != right.count {\n        return false\n    }\n    for (l, r) in zip(left, right) {\n        if l != r {\n            return false\n        }\n    }\n    return true\n}\n            \nassert(find_Element(arr: [1, 2, 3, 4, 5], ranges: [[0, 2], [0, 3]], rotations: 2, index: 1) == 3)\nassert(find_Element(arr: [1, 2, 3, 4], ranges: [[0, 1], [0, 2]], rotations: 1, index: 2) == 3)\nassert(find_Element(arr: [1, 2, 3, 4, 5, 6], ranges: [[0, 1], [0, 2]], rotations: 1, index: 1) == 1)",
      "timestamp": 1665509863,
      "stdout": "",
      "stderr": "/tmp/tmpx6a85idl.swift:6:15: error: cannot find 'reverse' in scope\n        arr = reverse(arr: arr, range: range)\n              ^~~~~~~\n",
      "exit_code": 1,
      "status": "SyntaxError"
    },
    {
      "program": "\n/// Write a swiftthon function to find element at a given index after number of rotations.\nfunc find_Element(arr: [Int], ranges: [[Int]], rotations: Int, index: Int) -> Int {\n    var arr = arr\n    for range in ranges {\n        arr = rotate(arr: arr, start: range[0], end: range[1])\n    }\n    return arr[index]\n}\n\n\nfunc ==(left: [(Int, Int)], right: [(Int, Int)]) -> Bool {\n    if left.count != right.count {\n        return false\n    }\n    for (l, r) in zip(left, right) {\n        if l != r {\n            return false\n        }\n    }\n    return true\n}\n            \nassert(find_Element(arr: [1, 2, 3, 4, 5], ranges: [[0, 2], [0, 3]], rotations: 2, index: 1) == 3)\nassert(find_Element(arr: [1, 2, 3, 4], ranges: [[0, 1], [0, 2]], rotations: 1, index: 2) == 3)\nassert(find_Element(arr: [1, 2, 3, 4, 5, 6], ranges: [[0, 1], [0, 2]], rotations: 1, index: 1) == 1)",
      "timestamp": 1666122824,
      "stdout": "",
      "stderr": "/tmp/tmpm1hwrj7o.swift:6:15: error: cannot find 'rotate' in scope\n        arr = rotate(arr: arr, start: range[0], end: range[1])\n              ^~~~~~\n",
      "exit_code": 1,
      "status": "SyntaxError"
    },
    {
      "program": "\n/// Write a swiftthon function to find element at a given index after number of rotations.\nfunc find_Element(arr: [Int], ranges: [[Int]], rotations: Int, index: Int) -> Int {\n    var arr = arr\n    for range in ranges {\n        arr = rotate(arr: arr, range: range)\n    }\n    return arr[index]\n}\n\n\nfunc ==(left: [(Int, Int)], right: [(Int, Int)]) -> Bool {\n    if left.count != right.count {\n        return false\n    }\n    for (l, r) in zip(left, right) {\n        if l != r {\n            return false\n        }\n    }\n    return true\n}\n            \nassert(find_Element(arr: [1, 2, 3, 4, 5], ranges: [[0, 2], [0, 3]], rotations: 2, index: 1) == 3)\nassert(find_Element(arr: [1, 2, 3, 4], ranges: [[0, 1], [0, 2]], rotations: 1, index: 2) == 3)\nassert(find_Element(arr: [1, 2, 3, 4, 5, 6], ranges: [[0, 1], [0, 2]], rotations: 1, index: 1) == 1)",
      "timestamp": 1665509863,
      "stdout": "",
      "stderr": "/tmp/tmp7vq21ehg.swift:6:15: error: cannot find 'rotate' in scope\n        arr = rotate(arr: arr, range: range)\n              ^~~~~~\n",
      "exit_code": 1,
      "status": "SyntaxError"
    },
    {
      "program": "\n/// Write a swiftthon function to find element at a given index after number of rotations.\nfunc find_Element(arr: [Int], ranges: [[Int]], rotations: Int, index: Int) -> Int {\n    var arr = arr\n    for range in ranges {\n        arr = reverse(arr: arr, range: range)\n    }\n    return arr[index]\n}\n\n\nfunc ==(left: [(Int, Int)], right: [(Int, Int)]) -> Bool {\n    if left.count != right.count {\n        return false\n    }\n    for (l, r) in zip(left, right) {\n        if l != r {\n            return false\n        }\n    }\n    return true\n}\n            \nassert(find_Element(arr: [1, 2, 3, 4, 5], ranges: [[0, 2], [0, 3]], rotations: 2, index: 1) == 3)\nassert(find_Element(arr: [1, 2, 3, 4], ranges: [[0, 1], [0, 2]], rotations: 1, index: 2) == 3)\nassert(find_Element(arr: [1, 2, 3, 4, 5, 6], ranges: [[0, 1], [0, 2]], rotations: 1, index: 1) == 1)",
      "timestamp": 1665509863,
      "stdout": "",
      "stderr": "/tmp/tmpx6a85idl.swift:6:15: error: cannot find 'reverse' in scope\n        arr = reverse(arr: arr, range: range)\n              ^~~~~~~\n",
      "exit_code": 1,
      "status": "SyntaxError"
    },
    {
      "program": "\n/// Write a swiftthon function to find element at a given index after number of rotations.\nfunc find_Element(arr: [Int], ranges: [[Int]], rotations: Int, index: Int) -> Int {\n    var arr = arr\n    for range in ranges {\n        arr = rotate(arr: arr, from: range[0], to: range[1])\n    }\n    return arr[index]\n}\n\n\nfunc ==(left: [(Int, Int)], right: [(Int, Int)]) -> Bool {\n    if left.count != right.count {\n        return false\n    }\n    for (l, r) in zip(left, right) {\n        if l != r {\n            return false\n        }\n    }\n    return true\n}\n            \nassert(find_Element(arr: [1, 2, 3, 4, 5], ranges: [[0, 2], [0, 3]], rotations: 2, index: 1) == 3)\nassert(find_Element(arr: [1, 2, 3, 4], ranges: [[0, 1], [0, 2]], rotations: 1, index: 2) == 3)\nassert(find_Element(arr: [1, 2, 3, 4, 5, 6], ranges: [[0, 1], [0, 2]], rotations: 1, index: 1) == 1)",
      "timestamp": 1665509863,
      "stdout": "",
      "stderr": "/tmp/tmpcogpv0b3.swift:6:15: error: cannot find 'rotate' in scope\n        arr = rotate(arr: arr, from: range[0], to: range[1])\n              ^~~~~~\n",
      "exit_code": 1,
      "status": "SyntaxError"
    },
    {
      "program": "\n/// Write a swiftthon function to find element at a given index after number of rotations.\nfunc find_Element(arr: [Int], ranges: [[Int]], rotations: Int, index: Int) -> Int {\n    var arr = arr\n    for range in ranges {\n        arr = reverse(arr: arr, range: range)\n    }\n    return arr[index]\n}\n\n\nfunc ==(left: [(Int, Int)], right: [(Int, Int)]) -> Bool {\n    if left.count != right.count {\n        return false\n    }\n    for (l, r) in zip(left, right) {\n        if l != r {\n            return false\n        }\n    }\n    return true\n}\n            \nassert(find_Element(arr: [1, 2, 3, 4, 5], ranges: [[0, 2], [0, 3]], rotations: 2, index: 1) == 3)\nassert(find_Element(arr: [1, 2, 3, 4], ranges: [[0, 1], [0, 2]], rotations: 1, index: 2) == 3)\nassert(find_Element(arr: [1, 2, 3, 4, 5, 6], ranges: [[0, 1], [0, 2]], rotations: 1, index: 1) == 1)",
      "timestamp": 1665509863,
      "stdout": "",
      "stderr": "/tmp/tmpx6a85idl.swift:6:15: error: cannot find 'reverse' in scope\n        arr = reverse(arr: arr, range: range)\n              ^~~~~~~\n",
      "exit_code": 1,
      "status": "SyntaxError"
    },
    {
      "program": "\n/// Write a swiftthon function to find element at a given index after number of rotations.\nfunc find_Element(arr: [Int], ranges: [[Int]], rotations: Int, index: Int) -> Int {\n    var arr = arr\n    for range in ranges {\n        arr = rotate(arr: arr, range: range)\n    }\n    return arr[index]\n}\n\n\nfunc ==(left: [(Int, Int)], right: [(Int, Int)]) -> Bool {\n    if left.count != right.count {\n        return false\n    }\n    for (l, r) in zip(left, right) {\n        if l != r {\n            return false\n        }\n    }\n    return true\n}\n            \nassert(find_Element(arr: [1, 2, 3, 4, 5], ranges: [[0, 2], [0, 3]], rotations: 2, index: 1) == 3)\nassert(find_Element(arr: [1, 2, 3, 4], ranges: [[0, 1], [0, 2]], rotations: 1, index: 2) == 3)\nassert(find_Element(arr: [1, 2, 3, 4, 5, 6], ranges: [[0, 1], [0, 2]], rotations: 1, index: 1) == 1)",
      "timestamp": 1665509863,
      "stdout": "",
      "stderr": "/tmp/tmp7vq21ehg.swift:6:15: error: cannot find 'rotate' in scope\n        arr = rotate(arr: arr, range: range)\n              ^~~~~~\n",
      "exit_code": 1,
      "status": "SyntaxError"
    },
    {
      "program": "\n/// Write a swiftthon function to find element at a given index after number of rotations.\nfunc find_Element(arr: [Int], ranges: [[Int]], rotations: Int, index: Int) -> Int {\n    var arr = arr\n    var ranges = ranges\n    var rotations = rotations\n    var index = index\n    for _ in 0..<rotations {\n        let range = ranges.removeFirst()\n        let subArray = arr[range[0]...range[1]]\n        arr.replaceSubrange(range[0]...range[1], with: subArray.reversed())\n    }\n    return arr[index]\n}\n\n\nfunc ==(left: [(Int, Int)], right: [(Int, Int)]) -> Bool {\n    if left.count != right.count {\n        return false\n    }\n    for (l, r) in zip(left, right) {\n        if l != r {\n            return false\n        }\n    }\n    return true\n}\n            \nassert(find_Element(arr: [1, 2, 3, 4, 5], ranges: [[0, 2], [0, 3]], rotations: 2, index: 1) == 3)\nassert(find_Element(arr: [1, 2, 3, 4], ranges: [[0, 1], [0, 2]], rotations: 1, index: 2) == 3)\nassert(find_Element(arr: [1, 2, 3, 4, 5, 6], ranges: [[0, 1], [0, 2]], rotations: 1, index: 1) == 1)",
      "timestamp": 1666122825,
      "stdout": "",
      "stderr": "tmpg9cw7ff5/tmpg9cw7ff5.swift:29: Assertion failed\nCurrent stack trace:\n0    libswiftCore.so                    0x00002b3bb36b7c80 _swift_stdlib_reportFatalErrorInFile + 112\n1    libswiftCore.so                    0x00002b3bb33aeb6c <unavailable> + 1436524\n2    libswiftCore.so                    0x00002b3bb33ae988 <unavailable> + 1436040\n3    libswiftCore.so                    0x00002b3bb33ad7b0 _assertionFailure(_:_:file:line:flags:) + 699\n4    tmpg9cw7ff5                        0x000055d91d6d098c <unavailable> + 6540\n5    libc.so.6                          0x00002b3bb38a3460 __libc_start_main + 245\n6    tmpg9cw7ff5                        0x000055d91d6d0529 <unavailable> + 5417\n",
      "exit_code": -4,
      "status": "Exception"
    },
    {
      "program": "\n/// Write a swiftthon function to find element at a given index after number of rotations.\nfunc find_Element(arr: [Int], ranges: [[Int]], rotations: Int, index: Int) -> Int {\n    var new_arr = arr\n    for range in ranges {\n        new_arr = rotate_Array(arr: new_arr, start: range[0], end: range[1])\n    }\n    return new_arr[index]\n}\n\n\nfunc ==(left: [(Int, Int)], right: [(Int, Int)]) -> Bool {\n    if left.count != right.count {\n        return false\n    }\n    for (l, r) in zip(left, right) {\n        if l != r {\n            return false\n        }\n    }\n    return true\n}\n            \nassert(find_Element(arr: [1, 2, 3, 4, 5], ranges: [[0, 2], [0, 3]], rotations: 2, index: 1) == 3)\nassert(find_Element(arr: [1, 2, 3, 4], ranges: [[0, 1], [0, 2]], rotations: 1, index: 2) == 3)\nassert(find_Element(arr: [1, 2, 3, 4, 5, 6], ranges: [[0, 1], [0, 2]], rotations: 1, index: 1) == 1)",
      "timestamp": 1666122824,
      "stdout": "",
      "stderr": "/tmp/tmpqjwul5n9.swift:6:19: error: cannot find 'rotate_Array' in scope\n        new_arr = rotate_Array(arr: new_arr, start: range[0], end: range[1])\n                  ^~~~~~~~~~~~\n",
      "exit_code": 1,
      "status": "SyntaxError"
    },
    {
      "program": "\n/// Write a swiftthon function to find element at a given index after number of rotations.\nfunc find_Element(arr: [Int], ranges: [[Int]], rotations: Int, index: Int) -> Int {\n    var arr = arr\n    for range in ranges {\n        arr = rotate(arr: arr, from: range[0], to: range[1])\n    }\n    return arr[index]\n}\n\n\nfunc ==(left: [(Int, Int)], right: [(Int, Int)]) -> Bool {\n    if left.count != right.count {\n        return false\n    }\n    for (l, r) in zip(left, right) {\n        if l != r {\n            return false\n        }\n    }\n    return true\n}\n            \nassert(find_Element(arr: [1, 2, 3, 4, 5], ranges: [[0, 2], [0, 3]], rotations: 2, index: 1) == 3)\nassert(find_Element(arr: [1, 2, 3, 4], ranges: [[0, 1], [0, 2]], rotations: 1, index: 2) == 3)\nassert(find_Element(arr: [1, 2, 3, 4, 5, 6], ranges: [[0, 1], [0, 2]], rotations: 1, index: 1) == 1)",
      "timestamp": 1665509863,
      "stdout": "",
      "stderr": "/tmp/tmpcogpv0b3.swift:6:15: error: cannot find 'rotate' in scope\n        arr = rotate(arr: arr, from: range[0], to: range[1])\n              ^~~~~~\n",
      "exit_code": 1,
      "status": "SyntaxError"
    },
    {
      "program": "\n/// Write a swiftthon function to find element at a given index after number of rotations.\nfunc find_Element(arr: [Int], ranges: [[Int]], rotations: Int, index: Int) -> Int {\n    var arr = arr\n    for range in ranges {\n        arr = rotate(arr: arr, from: range[0], to: range[1])\n    }\n    return arr[index]\n}\n\n\nfunc ==(left: [(Int, Int)], right: [(Int, Int)]) -> Bool {\n    if left.count != right.count {\n        return false\n    }\n    for (l, r) in zip(left, right) {\n        if l != r {\n            return false\n        }\n    }\n    return true\n}\n            \nassert(find_Element(arr: [1, 2, 3, 4, 5], ranges: [[0, 2], [0, 3]], rotations: 2, index: 1) == 3)\nassert(find_Element(arr: [1, 2, 3, 4], ranges: [[0, 1], [0, 2]], rotations: 1, index: 2) == 3)\nassert(find_Element(arr: [1, 2, 3, 4, 5, 6], ranges: [[0, 1], [0, 2]], rotations: 1, index: 1) == 1)",
      "timestamp": 1665509863,
      "stdout": "",
      "stderr": "/tmp/tmpcogpv0b3.swift:6:15: error: cannot find 'rotate' in scope\n        arr = rotate(arr: arr, from: range[0], to: range[1])\n              ^~~~~~\n",
      "exit_code": 1,
      "status": "SyntaxError"
    },
    {
      "program": "\n/// Write a swiftthon function to find element at a given index after number of rotations.\nfunc find_Element(arr: [Int], ranges: [[Int]], rotations: Int, index: Int) -> Int {\n    var arr = arr\n    for range in ranges {\n        arr = rotate(arr: arr, range: range)\n    }\n    return arr[index]\n}\n\n\nfunc ==(left: [(Int, Int)], right: [(Int, Int)]) -> Bool {\n    if left.count != right.count {\n        return false\n    }\n    for (l, r) in zip(left, right) {\n        if l != r {\n            return false\n        }\n    }\n    return true\n}\n            \nassert(find_Element(arr: [1, 2, 3, 4, 5], ranges: [[0, 2], [0, 3]], rotations: 2, index: 1) == 3)\nassert(find_Element(arr: [1, 2, 3, 4], ranges: [[0, 1], [0, 2]], rotations: 1, index: 2) == 3)\nassert(find_Element(arr: [1, 2, 3, 4, 5, 6], ranges: [[0, 1], [0, 2]], rotations: 1, index: 1) == 1)",
      "timestamp": 1665509863,
      "stdout": "",
      "stderr": "/tmp/tmp7vq21ehg.swift:6:15: error: cannot find 'rotate' in scope\n        arr = rotate(arr: arr, range: range)\n              ^~~~~~\n",
      "exit_code": 1,
      "status": "SyntaxError"
    },
    {
      "program": "\n/// Write a swiftthon function to find element at a given index after number of rotations.\nfunc find_Element(arr: [Int], ranges: [[Int]], rotations: Int, index: Int) -> Int {\n    var arr = arr\n    for range in ranges {\n        arr = rotate(arr: arr, from: range[0], to: range[1])\n    }\n    return arr[index]\n}\n\n\nfunc ==(left: [(Int, Int)], right: [(Int, Int)]) -> Bool {\n    if left.count != right.count {\n        return false\n    }\n    for (l, r) in zip(left, right) {\n        if l != r {\n            return false\n        }\n    }\n    return true\n}\n            \nassert(find_Element(arr: [1, 2, 3, 4, 5], ranges: [[0, 2], [0, 3]], rotations: 2, index: 1) == 3)\nassert(find_Element(arr: [1, 2, 3, 4], ranges: [[0, 1], [0, 2]], rotations: 1, index: 2) == 3)\nassert(find_Element(arr: [1, 2, 3, 4, 5, 6], ranges: [[0, 1], [0, 2]], rotations: 1, index: 1) == 1)",
      "timestamp": 1665509863,
      "stdout": "",
      "stderr": "/tmp/tmpcogpv0b3.swift:6:15: error: cannot find 'rotate' in scope\n        arr = rotate(arr: arr, from: range[0], to: range[1])\n              ^~~~~~\n",
      "exit_code": 1,
      "status": "SyntaxError"
    }
  ]
}