{
  "name": "mbpp_304_find_Element",
  "language": "swift",
  "prompt": "\n/// Write a python function to find element at a given index after number of rotations.\nfunc find_Element(arr: [Int], ranges: [[Int]], rotations: Int, index: Int) -> Int {\n",
  "doctests": "keep",
  "original": "/home/arjun/repos/MultiPL-E/datasets/../datasets/mbpp-typed/mbpp_304_find_Element.py",
  "prompt_terminology": "verbatim",
  "tests": "}\n\n\nfunc ==(left: [(Int, Int)], right: [(Int, Int)]) -> Bool {\n    if left.count != right.count {\n        return false\n    }\n    for (l, r) in zip(left, right) {\n        if l != r {\n            return false\n        }\n    }\n    return true\n}\n            \nassert(find_Element(arr: [1, 2, 3, 4, 5], ranges: [[0, 2], [0, 3]], rotations: 2, index: 1) == 3)\nassert(find_Element(arr: [1, 2, 3, 4], ranges: [[0, 1], [0, 2]], rotations: 1, index: 2) == 3)\nassert(find_Element(arr: [1, 2, 3, 4, 5, 6], ranges: [[0, 1], [0, 2]], rotations: 1, index: 1) == 1)",
  "stop_tokens": [
    "\n}"
  ],
  "results": [
    {
      "program": "\n/// Write a python function to find element at a given index after number of rotations.\nfunc find_Element(arr: [Int], ranges: [[Int]], rotations: Int, index: Int) -> Int {\n    var arr = arr\n    for range in ranges {\n        arr = rotate(arr: arr, range: range)\n    }\n    return arr[index]\n}\n\n\nfunc ==(left: [(Int, Int)], right: [(Int, Int)]) -> Bool {\n    if left.count != right.count {\n        return false\n    }\n    for (l, r) in zip(left, right) {\n        if l != r {\n            return false\n        }\n    }\n    return true\n}\n            \nassert(find_Element(arr: [1, 2, 3, 4, 5], ranges: [[0, 2], [0, 3]], rotations: 2, index: 1) == 3)\nassert(find_Element(arr: [1, 2, 3, 4], ranges: [[0, 1], [0, 2]], rotations: 1, index: 2) == 3)\nassert(find_Element(arr: [1, 2, 3, 4, 5, 6], ranges: [[0, 1], [0, 2]], rotations: 1, index: 1) == 1)",
      "timestamp": 1665509863,
      "stdout": "",
      "stderr": "/tmp/tmpwq51m1eh.swift:6:15: error: cannot find 'rotate' in scope\n        arr = rotate(arr: arr, range: range)\n              ^~~~~~\n",
      "exit_code": 1,
      "status": "SyntaxError"
    },
    {
      "program": "\n/// Write a python function to find element at a given index after number of rotations.\nfunc find_Element(arr: [Int], ranges: [[Int]], rotations: Int, index: Int) -> Int {\n    var arr = arr\n    for range in ranges {\n        arr = rotate(arr: arr, range: range)\n    }\n    return arr[index]\n}\n\n\nfunc ==(left: [(Int, Int)], right: [(Int, Int)]) -> Bool {\n    if left.count != right.count {\n        return false\n    }\n    for (l, r) in zip(left, right) {\n        if l != r {\n            return false\n        }\n    }\n    return true\n}\n            \nassert(find_Element(arr: [1, 2, 3, 4, 5], ranges: [[0, 2], [0, 3]], rotations: 2, index: 1) == 3)\nassert(find_Element(arr: [1, 2, 3, 4], ranges: [[0, 1], [0, 2]], rotations: 1, index: 2) == 3)\nassert(find_Element(arr: [1, 2, 3, 4, 5, 6], ranges: [[0, 1], [0, 2]], rotations: 1, index: 1) == 1)",
      "timestamp": 1665509863,
      "stdout": "",
      "stderr": "/tmp/tmpwq51m1eh.swift:6:15: error: cannot find 'rotate' in scope\n        arr = rotate(arr: arr, range: range)\n              ^~~~~~\n",
      "exit_code": 1,
      "status": "SyntaxError"
    },
    {
      "program": "\n/// Write a python function to find element at a given index after number of rotations.\nfunc find_Element(arr: [Int], ranges: [[Int]], rotations: Int, index: Int) -> Int {\n    var arr = arr\n    for range in ranges {\n        arr = rotate(arr: arr, from: range[0], to: range[1])\n    }\n    return arr[index]\n}\n\n\nfunc ==(left: [(Int, Int)], right: [(Int, Int)]) -> Bool {\n    if left.count != right.count {\n        return false\n    }\n    for (l, r) in zip(left, right) {\n        if l != r {\n            return false\n        }\n    }\n    return true\n}\n            \nassert(find_Element(arr: [1, 2, 3, 4, 5], ranges: [[0, 2], [0, 3]], rotations: 2, index: 1) == 3)\nassert(find_Element(arr: [1, 2, 3, 4], ranges: [[0, 1], [0, 2]], rotations: 1, index: 2) == 3)\nassert(find_Element(arr: [1, 2, 3, 4, 5, 6], ranges: [[0, 1], [0, 2]], rotations: 1, index: 1) == 1)",
      "timestamp": 1665509863,
      "stdout": "",
      "stderr": "/tmp/tmpmr5wc2o0.swift:6:15: error: cannot find 'rotate' in scope\n        arr = rotate(arr: arr, from: range[0], to: range[1])\n              ^~~~~~\n",
      "exit_code": 1,
      "status": "SyntaxError"
    },
    {
      "program": "\n/// Write a python function to find element at a given index after number of rotations.\nfunc find_Element(arr: [Int], ranges: [[Int]], rotations: Int, index: Int) -> Int {\n    var arr = arr\n    for range in ranges {\n        arr = rotate(arr: arr, from: range[0], to: range[1])\n    }\n    return arr[index]\n}\n\n\nfunc ==(left: [(Int, Int)], right: [(Int, Int)]) -> Bool {\n    if left.count != right.count {\n        return false\n    }\n    for (l, r) in zip(left, right) {\n        if l != r {\n            return false\n        }\n    }\n    return true\n}\n            \nassert(find_Element(arr: [1, 2, 3, 4, 5], ranges: [[0, 2], [0, 3]], rotations: 2, index: 1) == 3)\nassert(find_Element(arr: [1, 2, 3, 4], ranges: [[0, 1], [0, 2]], rotations: 1, index: 2) == 3)\nassert(find_Element(arr: [1, 2, 3, 4, 5, 6], ranges: [[0, 1], [0, 2]], rotations: 1, index: 1) == 1)",
      "timestamp": 1665509863,
      "stdout": "",
      "stderr": "/tmp/tmpmr5wc2o0.swift:6:15: error: cannot find 'rotate' in scope\n        arr = rotate(arr: arr, from: range[0], to: range[1])\n              ^~~~~~\n",
      "exit_code": 1,
      "status": "SyntaxError"
    },
    {
      "program": "\n/// Write a python function to find element at a given index after number of rotations.\nfunc find_Element(arr: [Int], ranges: [[Int]], rotations: Int, index: Int) -> Int {\n    var arr = arr\n    var ranges = ranges\n    var rotations = rotations\n    var index = index\n    \n    while rotations > 0 {\n        let range = ranges.removeFirst()\n        arr = rotate_Array(arr: arr, range: range)\n        rotations -= 1\n    }\n    \n    return arr[index]\n}\n\n\nfunc ==(left: [(Int, Int)], right: [(Int, Int)]) -> Bool {\n    if left.count != right.count {\n        return false\n    }\n    for (l, r) in zip(left, right) {\n        if l != r {\n            return false\n        }\n    }\n    return true\n}\n            \nassert(find_Element(arr: [1, 2, 3, 4, 5], ranges: [[0, 2], [0, 3]], rotations: 2, index: 1) == 3)\nassert(find_Element(arr: [1, 2, 3, 4], ranges: [[0, 1], [0, 2]], rotations: 1, index: 2) == 3)\nassert(find_Element(arr: [1, 2, 3, 4, 5, 6], ranges: [[0, 1], [0, 2]], rotations: 1, index: 1) == 1)",
      "timestamp": 1665509863,
      "stdout": "",
      "stderr": "/tmp/tmp30tltc9d.swift:11:15: error: cannot find 'rotate_Array' in scope\n        arr = rotate_Array(arr: arr, range: range)\n              ^~~~~~~~~~~~\n",
      "exit_code": 1,
      "status": "SyntaxError"
    },
    {
      "program": "\n/// Write a python function to find element at a given index after number of rotations.\nfunc find_Element(arr: [Int], ranges: [[Int]], rotations: Int, index: Int) -> Int {\n    var arr = arr\n    for range in ranges {\n        arr = rotate_Array(arr: arr, start: range[0], end: range[1])\n    }\n    return arr[index]\n}\n\n\nfunc ==(left: [(Int, Int)], right: [(Int, Int)]) -> Bool {\n    if left.count != right.count {\n        return false\n    }\n    for (l, r) in zip(left, right) {\n        if l != r {\n            return false\n        }\n    }\n    return true\n}\n            \nassert(find_Element(arr: [1, 2, 3, 4, 5], ranges: [[0, 2], [0, 3]], rotations: 2, index: 1) == 3)\nassert(find_Element(arr: [1, 2, 3, 4], ranges: [[0, 1], [0, 2]], rotations: 1, index: 2) == 3)\nassert(find_Element(arr: [1, 2, 3, 4, 5, 6], ranges: [[0, 1], [0, 2]], rotations: 1, index: 1) == 1)",
      "timestamp": 1665509863,
      "stdout": "",
      "stderr": "/tmp/tmp9a7sx_xi.swift:6:15: error: cannot find 'rotate_Array' in scope\n        arr = rotate_Array(arr: arr, start: range[0], end: range[1])\n              ^~~~~~~~~~~~\n",
      "exit_code": 1,
      "status": "SyntaxError"
    },
    {
      "program": "\n/// Write a python function to find element at a given index after number of rotations.\nfunc find_Element(arr: [Int], ranges: [[Int]], rotations: Int, index: Int) -> Int {\n    var arr = arr\n    for range in ranges {\n        arr = rotate(arr: arr, range: range)\n    }\n    return arr[index]\n}\n\n\nfunc ==(left: [(Int, Int)], right: [(Int, Int)]) -> Bool {\n    if left.count != right.count {\n        return false\n    }\n    for (l, r) in zip(left, right) {\n        if l != r {\n            return false\n        }\n    }\n    return true\n}\n            \nassert(find_Element(arr: [1, 2, 3, 4, 5], ranges: [[0, 2], [0, 3]], rotations: 2, index: 1) == 3)\nassert(find_Element(arr: [1, 2, 3, 4], ranges: [[0, 1], [0, 2]], rotations: 1, index: 2) == 3)\nassert(find_Element(arr: [1, 2, 3, 4, 5, 6], ranges: [[0, 1], [0, 2]], rotations: 1, index: 1) == 1)",
      "timestamp": 1665509863,
      "stdout": "",
      "stderr": "/tmp/tmpwq51m1eh.swift:6:15: error: cannot find 'rotate' in scope\n        arr = rotate(arr: arr, range: range)\n              ^~~~~~\n",
      "exit_code": 1,
      "status": "SyntaxError"
    },
    {
      "program": "\n/// Write a python function to find element at a given index after number of rotations.\nfunc find_Element(arr: [Int], ranges: [[Int]], rotations: Int, index: Int) -> Int {\n    var arr = arr\n    for range in ranges {\n        arr = rotate(arr: arr, range: range)\n    }\n    return arr[index]\n}\n\n\nfunc ==(left: [(Int, Int)], right: [(Int, Int)]) -> Bool {\n    if left.count != right.count {\n        return false\n    }\n    for (l, r) in zip(left, right) {\n        if l != r {\n            return false\n        }\n    }\n    return true\n}\n            \nassert(find_Element(arr: [1, 2, 3, 4, 5], ranges: [[0, 2], [0, 3]], rotations: 2, index: 1) == 3)\nassert(find_Element(arr: [1, 2, 3, 4], ranges: [[0, 1], [0, 2]], rotations: 1, index: 2) == 3)\nassert(find_Element(arr: [1, 2, 3, 4, 5, 6], ranges: [[0, 1], [0, 2]], rotations: 1, index: 1) == 1)",
      "timestamp": 1665509863,
      "stdout": "",
      "stderr": "/tmp/tmpwq51m1eh.swift:6:15: error: cannot find 'rotate' in scope\n        arr = rotate(arr: arr, range: range)\n              ^~~~~~\n",
      "exit_code": 1,
      "status": "SyntaxError"
    },
    {
      "program": "\n/// Write a python function to find element at a given index after number of rotations.\nfunc find_Element(arr: [Int], ranges: [[Int]], rotations: Int, index: Int) -> Int {\n    var arr = arr\n    for range in ranges {\n        arr = rotate(arr: arr, range: range)\n    }\n    return arr[index]\n}\n\n\nfunc ==(left: [(Int, Int)], right: [(Int, Int)]) -> Bool {\n    if left.count != right.count {\n        return false\n    }\n    for (l, r) in zip(left, right) {\n        if l != r {\n            return false\n        }\n    }\n    return true\n}\n            \nassert(find_Element(arr: [1, 2, 3, 4, 5], ranges: [[0, 2], [0, 3]], rotations: 2, index: 1) == 3)\nassert(find_Element(arr: [1, 2, 3, 4], ranges: [[0, 1], [0, 2]], rotations: 1, index: 2) == 3)\nassert(find_Element(arr: [1, 2, 3, 4, 5, 6], ranges: [[0, 1], [0, 2]], rotations: 1, index: 1) == 1)",
      "timestamp": 1665509863,
      "stdout": "",
      "stderr": "/tmp/tmpwq51m1eh.swift:6:15: error: cannot find 'rotate' in scope\n        arr = rotate(arr: arr, range: range)\n              ^~~~~~\n",
      "exit_code": 1,
      "status": "SyntaxError"
    },
    {
      "program": "\n/// Write a python function to find element at a given index after number of rotations.\nfunc find_Element(arr: [Int], ranges: [[Int]], rotations: Int, index: Int) -> Int {\n    var arr = arr\n    var ranges = ranges\n    var rotations = rotations\n    while rotations > 0 {\n        let range = ranges.removeFirst()\n        arr = rotate(arr: arr, range: range)\n        rotations -= 1\n    }\n    return arr[index]\n}\n\n\nfunc ==(left: [(Int, Int)], right: [(Int, Int)]) -> Bool {\n    if left.count != right.count {\n        return false\n    }\n    for (l, r) in zip(left, right) {\n        if l != r {\n            return false\n        }\n    }\n    return true\n}\n            \nassert(find_Element(arr: [1, 2, 3, 4, 5], ranges: [[0, 2], [0, 3]], rotations: 2, index: 1) == 3)\nassert(find_Element(arr: [1, 2, 3, 4], ranges: [[0, 1], [0, 2]], rotations: 1, index: 2) == 3)\nassert(find_Element(arr: [1, 2, 3, 4, 5, 6], ranges: [[0, 1], [0, 2]], rotations: 1, index: 1) == 1)",
      "timestamp": 1665509863,
      "stdout": "",
      "stderr": "/tmp/tmpfz4t7in5.swift:9:15: error: cannot find 'rotate' in scope\n        arr = rotate(arr: arr, range: range)\n              ^~~~~~\n",
      "exit_code": 1,
      "status": "SyntaxError"
    },
    {
      "program": "\n/// Write a python function to find element at a given index after number of rotations.\nfunc find_Element(arr: [Int], ranges: [[Int]], rotations: Int, index: Int) -> Int {\n    var arr = arr\n    for range in ranges {\n        arr = rotate(arr: arr, range: range)\n    }\n    return arr[index]\n}\n\n\nfunc ==(left: [(Int, Int)], right: [(Int, Int)]) -> Bool {\n    if left.count != right.count {\n        return false\n    }\n    for (l, r) in zip(left, right) {\n        if l != r {\n            return false\n        }\n    }\n    return true\n}\n            \nassert(find_Element(arr: [1, 2, 3, 4, 5], ranges: [[0, 2], [0, 3]], rotations: 2, index: 1) == 3)\nassert(find_Element(arr: [1, 2, 3, 4], ranges: [[0, 1], [0, 2]], rotations: 1, index: 2) == 3)\nassert(find_Element(arr: [1, 2, 3, 4, 5, 6], ranges: [[0, 1], [0, 2]], rotations: 1, index: 1) == 1)",
      "timestamp": 1665509863,
      "stdout": "",
      "stderr": "/tmp/tmpwq51m1eh.swift:6:15: error: cannot find 'rotate' in scope\n        arr = rotate(arr: arr, range: range)\n              ^~~~~~\n",
      "exit_code": 1,
      "status": "SyntaxError"
    },
    {
      "program": "\n/// Write a python function to find element at a given index after number of rotations.\nfunc find_Element(arr: [Int], ranges: [[Int]], rotations: Int, index: Int) -> Int {\n    var arr = arr\n    for range in ranges {\n        arr = rotate(arr: arr, start: range[0], end: range[1])\n    }\n    return arr[index]\n}\n\n\nfunc ==(left: [(Int, Int)], right: [(Int, Int)]) -> Bool {\n    if left.count != right.count {\n        return false\n    }\n    for (l, r) in zip(left, right) {\n        if l != r {\n            return false\n        }\n    }\n    return true\n}\n            \nassert(find_Element(arr: [1, 2, 3, 4, 5], ranges: [[0, 2], [0, 3]], rotations: 2, index: 1) == 3)\nassert(find_Element(arr: [1, 2, 3, 4], ranges: [[0, 1], [0, 2]], rotations: 1, index: 2) == 3)\nassert(find_Element(arr: [1, 2, 3, 4, 5, 6], ranges: [[0, 1], [0, 2]], rotations: 1, index: 1) == 1)",
      "timestamp": 1665509863,
      "stdout": "",
      "stderr": "/tmp/tmpd7ydap_k.swift:6:15: error: cannot find 'rotate' in scope\n        arr = rotate(arr: arr, start: range[0], end: range[1])\n              ^~~~~~\n",
      "exit_code": 1,
      "status": "SyntaxError"
    },
    {
      "program": "\n/// Write a python function to find element at a given index after number of rotations.\nfunc find_Element(arr: [Int], ranges: [[Int]], rotations: Int, index: Int) -> Int {\n    var arr = arr\n    for range in ranges {\n        arr = rotate(arr: arr, start: range[0], end: range[1])\n    }\n    return arr[index]\n}\n\n\nfunc ==(left: [(Int, Int)], right: [(Int, Int)]) -> Bool {\n    if left.count != right.count {\n        return false\n    }\n    for (l, r) in zip(left, right) {\n        if l != r {\n            return false\n        }\n    }\n    return true\n}\n            \nassert(find_Element(arr: [1, 2, 3, 4, 5], ranges: [[0, 2], [0, 3]], rotations: 2, index: 1) == 3)\nassert(find_Element(arr: [1, 2, 3, 4], ranges: [[0, 1], [0, 2]], rotations: 1, index: 2) == 3)\nassert(find_Element(arr: [1, 2, 3, 4, 5, 6], ranges: [[0, 1], [0, 2]], rotations: 1, index: 1) == 1)",
      "timestamp": 1665509863,
      "stdout": "",
      "stderr": "/tmp/tmpd7ydap_k.swift:6:15: error: cannot find 'rotate' in scope\n        arr = rotate(arr: arr, start: range[0], end: range[1])\n              ^~~~~~\n",
      "exit_code": 1,
      "status": "SyntaxError"
    },
    {
      "program": "\n/// Write a python function to find element at a given index after number of rotations.\nfunc find_Element(arr: [Int], ranges: [[Int]], rotations: Int, index: Int) -> Int {\n    var arr = arr\n    for range in ranges {\n        arr = rotate_Array(arr: arr, start: range[0], end: range[1])\n    }\n    return arr[index]\n}\n\n\nfunc ==(left: [(Int, Int)], right: [(Int, Int)]) -> Bool {\n    if left.count != right.count {\n        return false\n    }\n    for (l, r) in zip(left, right) {\n        if l != r {\n            return false\n        }\n    }\n    return true\n}\n            \nassert(find_Element(arr: [1, 2, 3, 4, 5], ranges: [[0, 2], [0, 3]], rotations: 2, index: 1) == 3)\nassert(find_Element(arr: [1, 2, 3, 4], ranges: [[0, 1], [0, 2]], rotations: 1, index: 2) == 3)\nassert(find_Element(arr: [1, 2, 3, 4, 5, 6], ranges: [[0, 1], [0, 2]], rotations: 1, index: 1) == 1)",
      "timestamp": 1665509863,
      "stdout": "",
      "stderr": "/tmp/tmp9a7sx_xi.swift:6:15: error: cannot find 'rotate_Array' in scope\n        arr = rotate_Array(arr: arr, start: range[0], end: range[1])\n              ^~~~~~~~~~~~\n",
      "exit_code": 1,
      "status": "SyntaxError"
    },
    {
      "program": "\n/// Write a python function to find element at a given index after number of rotations.\nfunc find_Element(arr: [Int], ranges: [[Int]], rotations: Int, index: Int) -> Int {\n    var arr = arr\n    for range in ranges {\n        arr = rotate(arr: arr, start: range[0], end: range[1])\n    }\n    return arr[index]\n}\n\n\nfunc ==(left: [(Int, Int)], right: [(Int, Int)]) -> Bool {\n    if left.count != right.count {\n        return false\n    }\n    for (l, r) in zip(left, right) {\n        if l != r {\n            return false\n        }\n    }\n    return true\n}\n            \nassert(find_Element(arr: [1, 2, 3, 4, 5], ranges: [[0, 2], [0, 3]], rotations: 2, index: 1) == 3)\nassert(find_Element(arr: [1, 2, 3, 4], ranges: [[0, 1], [0, 2]], rotations: 1, index: 2) == 3)\nassert(find_Element(arr: [1, 2, 3, 4, 5, 6], ranges: [[0, 1], [0, 2]], rotations: 1, index: 1) == 1)",
      "timestamp": 1665509863,
      "stdout": "",
      "stderr": "/tmp/tmpd7ydap_k.swift:6:15: error: cannot find 'rotate' in scope\n        arr = rotate(arr: arr, start: range[0], end: range[1])\n              ^~~~~~\n",
      "exit_code": 1,
      "status": "SyntaxError"
    },
    {
      "program": "\n/// Write a python function to find element at a given index after number of rotations.\nfunc find_Element(arr: [Int], ranges: [[Int]], rotations: Int, index: Int) -> Int {\n    var arr = arr\n    for range in ranges {\n        arr = rotate(arr: arr, range: range)\n    }\n    return arr[index]\n}\n\n\nfunc ==(left: [(Int, Int)], right: [(Int, Int)]) -> Bool {\n    if left.count != right.count {\n        return false\n    }\n    for (l, r) in zip(left, right) {\n        if l != r {\n            return false\n        }\n    }\n    return true\n}\n            \nassert(find_Element(arr: [1, 2, 3, 4, 5], ranges: [[0, 2], [0, 3]], rotations: 2, index: 1) == 3)\nassert(find_Element(arr: [1, 2, 3, 4], ranges: [[0, 1], [0, 2]], rotations: 1, index: 2) == 3)\nassert(find_Element(arr: [1, 2, 3, 4, 5, 6], ranges: [[0, 1], [0, 2]], rotations: 1, index: 1) == 1)",
      "timestamp": 1665509863,
      "stdout": "",
      "stderr": "/tmp/tmpwq51m1eh.swift:6:15: error: cannot find 'rotate' in scope\n        arr = rotate(arr: arr, range: range)\n              ^~~~~~\n",
      "exit_code": 1,
      "status": "SyntaxError"
    },
    {
      "program": "\n/// Write a python function to find element at a given index after number of rotations.\nfunc find_Element(arr: [Int], ranges: [[Int]], rotations: Int, index: Int) -> Int {\n    var arr = arr\n    for range in ranges {\n        arr = rotate(arr: arr, range: range)\n    }\n    return arr[index]\n}\n\n\nfunc ==(left: [(Int, Int)], right: [(Int, Int)]) -> Bool {\n    if left.count != right.count {\n        return false\n    }\n    for (l, r) in zip(left, right) {\n        if l != r {\n            return false\n        }\n    }\n    return true\n}\n            \nassert(find_Element(arr: [1, 2, 3, 4, 5], ranges: [[0, 2], [0, 3]], rotations: 2, index: 1) == 3)\nassert(find_Element(arr: [1, 2, 3, 4], ranges: [[0, 1], [0, 2]], rotations: 1, index: 2) == 3)\nassert(find_Element(arr: [1, 2, 3, 4, 5, 6], ranges: [[0, 1], [0, 2]], rotations: 1, index: 1) == 1)",
      "timestamp": 1665509863,
      "stdout": "",
      "stderr": "/tmp/tmpwq51m1eh.swift:6:15: error: cannot find 'rotate' in scope\n        arr = rotate(arr: arr, range: range)\n              ^~~~~~\n",
      "exit_code": 1,
      "status": "SyntaxError"
    },
    {
      "program": "\n/// Write a python function to find element at a given index after number of rotations.\nfunc find_Element(arr: [Int], ranges: [[Int]], rotations: Int, index: Int) -> Int {\n    var arr = arr\n    for range in ranges {\n        arr = rotate_Array(arr: arr, range: range)\n    }\n    return arr[index]\n}\n\n\nfunc ==(left: [(Int, Int)], right: [(Int, Int)]) -> Bool {\n    if left.count != right.count {\n        return false\n    }\n    for (l, r) in zip(left, right) {\n        if l != r {\n            return false\n        }\n    }\n    return true\n}\n            \nassert(find_Element(arr: [1, 2, 3, 4, 5], ranges: [[0, 2], [0, 3]], rotations: 2, index: 1) == 3)\nassert(find_Element(arr: [1, 2, 3, 4], ranges: [[0, 1], [0, 2]], rotations: 1, index: 2) == 3)\nassert(find_Element(arr: [1, 2, 3, 4, 5, 6], ranges: [[0, 1], [0, 2]], rotations: 1, index: 1) == 1)",
      "timestamp": 1665509863,
      "stdout": "",
      "stderr": "/tmp/tmp4fnwuv6n.swift:6:15: error: cannot find 'rotate_Array' in scope\n        arr = rotate_Array(arr: arr, range: range)\n              ^~~~~~~~~~~~\n",
      "exit_code": 1,
      "status": "SyntaxError"
    },
    {
      "program": "\n/// Write a python function to find element at a given index after number of rotations.\nfunc find_Element(arr: [Int], ranges: [[Int]], rotations: Int, index: Int) -> Int {\n    var arr = arr\n    for range in ranges {\n        arr = rotate(arr: arr, range: range)\n    }\n    return arr[index]\n}\n\n\nfunc ==(left: [(Int, Int)], right: [(Int, Int)]) -> Bool {\n    if left.count != right.count {\n        return false\n    }\n    for (l, r) in zip(left, right) {\n        if l != r {\n            return false\n        }\n    }\n    return true\n}\n            \nassert(find_Element(arr: [1, 2, 3, 4, 5], ranges: [[0, 2], [0, 3]], rotations: 2, index: 1) == 3)\nassert(find_Element(arr: [1, 2, 3, 4], ranges: [[0, 1], [0, 2]], rotations: 1, index: 2) == 3)\nassert(find_Element(arr: [1, 2, 3, 4, 5, 6], ranges: [[0, 1], [0, 2]], rotations: 1, index: 1) == 1)",
      "timestamp": 1665509863,
      "stdout": "",
      "stderr": "/tmp/tmpwq51m1eh.swift:6:15: error: cannot find 'rotate' in scope\n        arr = rotate(arr: arr, range: range)\n              ^~~~~~\n",
      "exit_code": 1,
      "status": "SyntaxError"
    },
    {
      "program": "\n/// Write a python function to find element at a given index after number of rotations.\nfunc find_Element(arr: [Int], ranges: [[Int]], rotations: Int, index: Int) -> Int {\n    var arr = arr\n    for range in ranges {\n        arr = rotate(arr: arr, range: range)\n    }\n    return arr[index]\n}\n\n\nfunc ==(left: [(Int, Int)], right: [(Int, Int)]) -> Bool {\n    if left.count != right.count {\n        return false\n    }\n    for (l, r) in zip(left, right) {\n        if l != r {\n            return false\n        }\n    }\n    return true\n}\n            \nassert(find_Element(arr: [1, 2, 3, 4, 5], ranges: [[0, 2], [0, 3]], rotations: 2, index: 1) == 3)\nassert(find_Element(arr: [1, 2, 3, 4], ranges: [[0, 1], [0, 2]], rotations: 1, index: 2) == 3)\nassert(find_Element(arr: [1, 2, 3, 4, 5, 6], ranges: [[0, 1], [0, 2]], rotations: 1, index: 1) == 1)",
      "timestamp": 1665509863,
      "stdout": "",
      "stderr": "/tmp/tmpwq51m1eh.swift:6:15: error: cannot find 'rotate' in scope\n        arr = rotate(arr: arr, range: range)\n              ^~~~~~\n",
      "exit_code": 1,
      "status": "SyntaxError"
    },
    {
      "program": "\n/// Write a python function to find element at a given index after number of rotations.\nfunc find_Element(arr: [Int], ranges: [[Int]], rotations: Int, index: Int) -> Int {\n    var arr = arr\n    for range in ranges {\n        arr = rotate(arr: arr, range: range)\n    }\n    return arr[index]\n}\n\n\nfunc ==(left: [(Int, Int)], right: [(Int, Int)]) -> Bool {\n    if left.count != right.count {\n        return false\n    }\n    for (l, r) in zip(left, right) {\n        if l != r {\n            return false\n        }\n    }\n    return true\n}\n            \nassert(find_Element(arr: [1, 2, 3, 4, 5], ranges: [[0, 2], [0, 3]], rotations: 2, index: 1) == 3)\nassert(find_Element(arr: [1, 2, 3, 4], ranges: [[0, 1], [0, 2]], rotations: 1, index: 2) == 3)\nassert(find_Element(arr: [1, 2, 3, 4, 5, 6], ranges: [[0, 1], [0, 2]], rotations: 1, index: 1) == 1)",
      "timestamp": 1665509863,
      "stdout": "",
      "stderr": "/tmp/tmpwq51m1eh.swift:6:15: error: cannot find 'rotate' in scope\n        arr = rotate(arr: arr, range: range)\n              ^~~~~~\n",
      "exit_code": 1,
      "status": "SyntaxError"
    },
    {
      "program": "\n/// Write a python function to find element at a given index after number of rotations.\nfunc find_Element(arr: [Int], ranges: [[Int]], rotations: Int, index: Int) -> Int {\n    var arr = arr\n    for range in ranges {\n        arr = rotate(arr: arr, range: range)\n    }\n    return arr[index]\n}\n\n\nfunc ==(left: [(Int, Int)], right: [(Int, Int)]) -> Bool {\n    if left.count != right.count {\n        return false\n    }\n    for (l, r) in zip(left, right) {\n        if l != r {\n            return false\n        }\n    }\n    return true\n}\n            \nassert(find_Element(arr: [1, 2, 3, 4, 5], ranges: [[0, 2], [0, 3]], rotations: 2, index: 1) == 3)\nassert(find_Element(arr: [1, 2, 3, 4], ranges: [[0, 1], [0, 2]], rotations: 1, index: 2) == 3)\nassert(find_Element(arr: [1, 2, 3, 4, 5, 6], ranges: [[0, 1], [0, 2]], rotations: 1, index: 1) == 1)",
      "timestamp": 1665509863,
      "stdout": "",
      "stderr": "/tmp/tmpwq51m1eh.swift:6:15: error: cannot find 'rotate' in scope\n        arr = rotate(arr: arr, range: range)\n              ^~~~~~\n",
      "exit_code": 1,
      "status": "SyntaxError"
    },
    {
      "program": "\n/// Write a python function to find element at a given index after number of rotations.\nfunc find_Element(arr: [Int], ranges: [[Int]], rotations: Int, index: Int) -> Int {\n    var arr = arr\n    for range in ranges {\n        arr = rotate(arr: arr, range: range)\n    }\n    return arr[index]\n}\n\n\nfunc ==(left: [(Int, Int)], right: [(Int, Int)]) -> Bool {\n    if left.count != right.count {\n        return false\n    }\n    for (l, r) in zip(left, right) {\n        if l != r {\n            return false\n        }\n    }\n    return true\n}\n            \nassert(find_Element(arr: [1, 2, 3, 4, 5], ranges: [[0, 2], [0, 3]], rotations: 2, index: 1) == 3)\nassert(find_Element(arr: [1, 2, 3, 4], ranges: [[0, 1], [0, 2]], rotations: 1, index: 2) == 3)\nassert(find_Element(arr: [1, 2, 3, 4, 5, 6], ranges: [[0, 1], [0, 2]], rotations: 1, index: 1) == 1)",
      "timestamp": 1665509863,
      "stdout": "",
      "stderr": "/tmp/tmpwq51m1eh.swift:6:15: error: cannot find 'rotate' in scope\n        arr = rotate(arr: arr, range: range)\n              ^~~~~~\n",
      "exit_code": 1,
      "status": "SyntaxError"
    },
    {
      "program": "\n/// Write a python function to find element at a given index after number of rotations.\nfunc find_Element(arr: [Int], ranges: [[Int]], rotations: Int, index: Int) -> Int {\n    var arr = arr\n    for range in ranges {\n        arr = rotate(arr: arr, range: range)\n    }\n    return arr[index]\n}\n\n\nfunc ==(left: [(Int, Int)], right: [(Int, Int)]) -> Bool {\n    if left.count != right.count {\n        return false\n    }\n    for (l, r) in zip(left, right) {\n        if l != r {\n            return false\n        }\n    }\n    return true\n}\n            \nassert(find_Element(arr: [1, 2, 3, 4, 5], ranges: [[0, 2], [0, 3]], rotations: 2, index: 1) == 3)\nassert(find_Element(arr: [1, 2, 3, 4], ranges: [[0, 1], [0, 2]], rotations: 1, index: 2) == 3)\nassert(find_Element(arr: [1, 2, 3, 4, 5, 6], ranges: [[0, 1], [0, 2]], rotations: 1, index: 1) == 1)",
      "timestamp": 1665509863,
      "stdout": "",
      "stderr": "/tmp/tmpwq51m1eh.swift:6:15: error: cannot find 'rotate' in scope\n        arr = rotate(arr: arr, range: range)\n              ^~~~~~\n",
      "exit_code": 1,
      "status": "SyntaxError"
    },
    {
      "program": "\n/// Write a python function to find element at a given index after number of rotations.\nfunc find_Element(arr: [Int], ranges: [[Int]], rotations: Int, index: Int) -> Int {\n    var arr = arr\n    for range in ranges {\n        arr = rotate(arr: arr, range: range)\n    }\n    return arr[index]\n}\n\n\nfunc ==(left: [(Int, Int)], right: [(Int, Int)]) -> Bool {\n    if left.count != right.count {\n        return false\n    }\n    for (l, r) in zip(left, right) {\n        if l != r {\n            return false\n        }\n    }\n    return true\n}\n            \nassert(find_Element(arr: [1, 2, 3, 4, 5], ranges: [[0, 2], [0, 3]], rotations: 2, index: 1) == 3)\nassert(find_Element(arr: [1, 2, 3, 4], ranges: [[0, 1], [0, 2]], rotations: 1, index: 2) == 3)\nassert(find_Element(arr: [1, 2, 3, 4, 5, 6], ranges: [[0, 1], [0, 2]], rotations: 1, index: 1) == 1)",
      "timestamp": 1665509863,
      "stdout": "",
      "stderr": "/tmp/tmpwq51m1eh.swift:6:15: error: cannot find 'rotate' in scope\n        arr = rotate(arr: arr, range: range)\n              ^~~~~~\n",
      "exit_code": 1,
      "status": "SyntaxError"
    },
    {
      "program": "\n/// Write a python function to find element at a given index after number of rotations.\nfunc find_Element(arr: [Int], ranges: [[Int]], rotations: Int, index: Int) -> Int {\n    var arr = arr\n    for range in ranges {\n        arr = rotate(arr: arr, start: range[0], end: range[1])\n    }\n    return arr[index]\n}\n\n\nfunc ==(left: [(Int, Int)], right: [(Int, Int)]) -> Bool {\n    if left.count != right.count {\n        return false\n    }\n    for (l, r) in zip(left, right) {\n        if l != r {\n            return false\n        }\n    }\n    return true\n}\n            \nassert(find_Element(arr: [1, 2, 3, 4, 5], ranges: [[0, 2], [0, 3]], rotations: 2, index: 1) == 3)\nassert(find_Element(arr: [1, 2, 3, 4], ranges: [[0, 1], [0, 2]], rotations: 1, index: 2) == 3)\nassert(find_Element(arr: [1, 2, 3, 4, 5, 6], ranges: [[0, 1], [0, 2]], rotations: 1, index: 1) == 1)",
      "timestamp": 1665509863,
      "stdout": "",
      "stderr": "/tmp/tmpd7ydap_k.swift:6:15: error: cannot find 'rotate' in scope\n        arr = rotate(arr: arr, start: range[0], end: range[1])\n              ^~~~~~\n",
      "exit_code": 1,
      "status": "SyntaxError"
    },
    {
      "program": "\n/// Write a python function to find element at a given index after number of rotations.\nfunc find_Element(arr: [Int], ranges: [[Int]], rotations: Int, index: Int) -> Int {\n    var arr = arr\n    for range in ranges {\n        arr = rotate(arr: arr, range: range)\n    }\n    return arr[index]\n}\n\n\nfunc ==(left: [(Int, Int)], right: [(Int, Int)]) -> Bool {\n    if left.count != right.count {\n        return false\n    }\n    for (l, r) in zip(left, right) {\n        if l != r {\n            return false\n        }\n    }\n    return true\n}\n            \nassert(find_Element(arr: [1, 2, 3, 4, 5], ranges: [[0, 2], [0, 3]], rotations: 2, index: 1) == 3)\nassert(find_Element(arr: [1, 2, 3, 4], ranges: [[0, 1], [0, 2]], rotations: 1, index: 2) == 3)\nassert(find_Element(arr: [1, 2, 3, 4, 5, 6], ranges: [[0, 1], [0, 2]], rotations: 1, index: 1) == 1)",
      "timestamp": 1665509863,
      "stdout": "",
      "stderr": "/tmp/tmpwq51m1eh.swift:6:15: error: cannot find 'rotate' in scope\n        arr = rotate(arr: arr, range: range)\n              ^~~~~~\n",
      "exit_code": 1,
      "status": "SyntaxError"
    },
    {
      "program": "\n/// Write a python function to find element at a given index after number of rotations.\nfunc find_Element(arr: [Int], ranges: [[Int]], rotations: Int, index: Int) -> Int {\n    var arr = arr\n    for range in ranges {\n        arr = rotate_Array(arr: arr, start: range[0], end: range[1])\n    }\n    return arr[index]\n}\n\n\nfunc ==(left: [(Int, Int)], right: [(Int, Int)]) -> Bool {\n    if left.count != right.count {\n        return false\n    }\n    for (l, r) in zip(left, right) {\n        if l != r {\n            return false\n        }\n    }\n    return true\n}\n            \nassert(find_Element(arr: [1, 2, 3, 4, 5], ranges: [[0, 2], [0, 3]], rotations: 2, index: 1) == 3)\nassert(find_Element(arr: [1, 2, 3, 4], ranges: [[0, 1], [0, 2]], rotations: 1, index: 2) == 3)\nassert(find_Element(arr: [1, 2, 3, 4, 5, 6], ranges: [[0, 1], [0, 2]], rotations: 1, index: 1) == 1)",
      "timestamp": 1665509863,
      "stdout": "",
      "stderr": "/tmp/tmp9a7sx_xi.swift:6:15: error: cannot find 'rotate_Array' in scope\n        arr = rotate_Array(arr: arr, start: range[0], end: range[1])\n              ^~~~~~~~~~~~\n",
      "exit_code": 1,
      "status": "SyntaxError"
    },
    {
      "program": "\n/// Write a python function to find element at a given index after number of rotations.\nfunc find_Element(arr: [Int], ranges: [[Int]], rotations: Int, index: Int) -> Int {\n    var arr = arr\n    for range in ranges {\n        arr = rotate(arr: arr, from: range[0], to: range[1])\n    }\n    return arr[index]\n}\n\n\nfunc ==(left: [(Int, Int)], right: [(Int, Int)]) -> Bool {\n    if left.count != right.count {\n        return false\n    }\n    for (l, r) in zip(left, right) {\n        if l != r {\n            return false\n        }\n    }\n    return true\n}\n            \nassert(find_Element(arr: [1, 2, 3, 4, 5], ranges: [[0, 2], [0, 3]], rotations: 2, index: 1) == 3)\nassert(find_Element(arr: [1, 2, 3, 4], ranges: [[0, 1], [0, 2]], rotations: 1, index: 2) == 3)\nassert(find_Element(arr: [1, 2, 3, 4, 5, 6], ranges: [[0, 1], [0, 2]], rotations: 1, index: 1) == 1)",
      "timestamp": 1665509863,
      "stdout": "",
      "stderr": "/tmp/tmpmr5wc2o0.swift:6:15: error: cannot find 'rotate' in scope\n        arr = rotate(arr: arr, from: range[0], to: range[1])\n              ^~~~~~\n",
      "exit_code": 1,
      "status": "SyntaxError"
    },
    {
      "program": "\n/// Write a python function to find element at a given index after number of rotations.\nfunc find_Element(arr: [Int], ranges: [[Int]], rotations: Int, index: Int) -> Int {\n    var arr = arr\n    for range in ranges {\n        arr = rotate(arr: arr, range: range)\n    }\n    return arr[index]\n}\n\n\nfunc ==(left: [(Int, Int)], right: [(Int, Int)]) -> Bool {\n    if left.count != right.count {\n        return false\n    }\n    for (l, r) in zip(left, right) {\n        if l != r {\n            return false\n        }\n    }\n    return true\n}\n            \nassert(find_Element(arr: [1, 2, 3, 4, 5], ranges: [[0, 2], [0, 3]], rotations: 2, index: 1) == 3)\nassert(find_Element(arr: [1, 2, 3, 4], ranges: [[0, 1], [0, 2]], rotations: 1, index: 2) == 3)\nassert(find_Element(arr: [1, 2, 3, 4, 5, 6], ranges: [[0, 1], [0, 2]], rotations: 1, index: 1) == 1)",
      "timestamp": 1665509863,
      "stdout": "",
      "stderr": "/tmp/tmpwq51m1eh.swift:6:15: error: cannot find 'rotate' in scope\n        arr = rotate(arr: arr, range: range)\n              ^~~~~~\n",
      "exit_code": 1,
      "status": "SyntaxError"
    },
    {
      "program": "\n/// Write a python function to find element at a given index after number of rotations.\nfunc find_Element(arr: [Int], ranges: [[Int]], rotations: Int, index: Int) -> Int {\n    var arr = arr\n    for range in ranges {\n        arr = rotate(arr: arr, range: range)\n    }\n    return arr[index]\n}\n\n\nfunc ==(left: [(Int, Int)], right: [(Int, Int)]) -> Bool {\n    if left.count != right.count {\n        return false\n    }\n    for (l, r) in zip(left, right) {\n        if l != r {\n            return false\n        }\n    }\n    return true\n}\n            \nassert(find_Element(arr: [1, 2, 3, 4, 5], ranges: [[0, 2], [0, 3]], rotations: 2, index: 1) == 3)\nassert(find_Element(arr: [1, 2, 3, 4], ranges: [[0, 1], [0, 2]], rotations: 1, index: 2) == 3)\nassert(find_Element(arr: [1, 2, 3, 4, 5, 6], ranges: [[0, 1], [0, 2]], rotations: 1, index: 1) == 1)",
      "timestamp": 1665509863,
      "stdout": "",
      "stderr": "/tmp/tmpwq51m1eh.swift:6:15: error: cannot find 'rotate' in scope\n        arr = rotate(arr: arr, range: range)\n              ^~~~~~\n",
      "exit_code": 1,
      "status": "SyntaxError"
    },
    {
      "program": "\n/// Write a python function to find element at a given index after number of rotations.\nfunc find_Element(arr: [Int], ranges: [[Int]], rotations: Int, index: Int) -> Int {\n    var arr = arr\n    for range in ranges {\n        arr = rotate(arr: arr, range: range)\n    }\n    return arr[index]\n}\n\n\nfunc ==(left: [(Int, Int)], right: [(Int, Int)]) -> Bool {\n    if left.count != right.count {\n        return false\n    }\n    for (l, r) in zip(left, right) {\n        if l != r {\n            return false\n        }\n    }\n    return true\n}\n            \nassert(find_Element(arr: [1, 2, 3, 4, 5], ranges: [[0, 2], [0, 3]], rotations: 2, index: 1) == 3)\nassert(find_Element(arr: [1, 2, 3, 4], ranges: [[0, 1], [0, 2]], rotations: 1, index: 2) == 3)\nassert(find_Element(arr: [1, 2, 3, 4, 5, 6], ranges: [[0, 1], [0, 2]], rotations: 1, index: 1) == 1)",
      "timestamp": 1665509863,
      "stdout": "",
      "stderr": "/tmp/tmpwq51m1eh.swift:6:15: error: cannot find 'rotate' in scope\n        arr = rotate(arr: arr, range: range)\n              ^~~~~~\n",
      "exit_code": 1,
      "status": "SyntaxError"
    },
    {
      "program": "\n/// Write a python function to find element at a given index after number of rotations.\nfunc find_Element(arr: [Int], ranges: [[Int]], rotations: Int, index: Int) -> Int {\n    var arr = arr\n    for range in ranges {\n        arr = rotate(arr: arr, range: range)\n    }\n    return arr[index]\n}\n\n\nfunc ==(left: [(Int, Int)], right: [(Int, Int)]) -> Bool {\n    if left.count != right.count {\n        return false\n    }\n    for (l, r) in zip(left, right) {\n        if l != r {\n            return false\n        }\n    }\n    return true\n}\n            \nassert(find_Element(arr: [1, 2, 3, 4, 5], ranges: [[0, 2], [0, 3]], rotations: 2, index: 1) == 3)\nassert(find_Element(arr: [1, 2, 3, 4], ranges: [[0, 1], [0, 2]], rotations: 1, index: 2) == 3)\nassert(find_Element(arr: [1, 2, 3, 4, 5, 6], ranges: [[0, 1], [0, 2]], rotations: 1, index: 1) == 1)",
      "timestamp": 1665509863,
      "stdout": "",
      "stderr": "/tmp/tmpwq51m1eh.swift:6:15: error: cannot find 'rotate' in scope\n        arr = rotate(arr: arr, range: range)\n              ^~~~~~\n",
      "exit_code": 1,
      "status": "SyntaxError"
    },
    {
      "program": "\n/// Write a python function to find element at a given index after number of rotations.\nfunc find_Element(arr: [Int], ranges: [[Int]], rotations: Int, index: Int) -> Int {\n    var arr = arr\n    for range in ranges {\n        arr = rotate(arr: arr, range: range)\n    }\n    return arr[index]\n}\n\n\nfunc ==(left: [(Int, Int)], right: [(Int, Int)]) -> Bool {\n    if left.count != right.count {\n        return false\n    }\n    for (l, r) in zip(left, right) {\n        if l != r {\n            return false\n        }\n    }\n    return true\n}\n            \nassert(find_Element(arr: [1, 2, 3, 4, 5], ranges: [[0, 2], [0, 3]], rotations: 2, index: 1) == 3)\nassert(find_Element(arr: [1, 2, 3, 4], ranges: [[0, 1], [0, 2]], rotations: 1, index: 2) == 3)\nassert(find_Element(arr: [1, 2, 3, 4, 5, 6], ranges: [[0, 1], [0, 2]], rotations: 1, index: 1) == 1)",
      "timestamp": 1665509863,
      "stdout": "",
      "stderr": "/tmp/tmpwq51m1eh.swift:6:15: error: cannot find 'rotate' in scope\n        arr = rotate(arr: arr, range: range)\n              ^~~~~~\n",
      "exit_code": 1,
      "status": "SyntaxError"
    },
    {
      "program": "\n/// Write a python function to find element at a given index after number of rotations.\nfunc find_Element(arr: [Int], ranges: [[Int]], rotations: Int, index: Int) -> Int {\n    var arr = arr\n    for range in ranges {\n        arr = rotate(arr: arr, range: range)\n    }\n    return arr[index]\n}\n\n\nfunc ==(left: [(Int, Int)], right: [(Int, Int)]) -> Bool {\n    if left.count != right.count {\n        return false\n    }\n    for (l, r) in zip(left, right) {\n        if l != r {\n            return false\n        }\n    }\n    return true\n}\n            \nassert(find_Element(arr: [1, 2, 3, 4, 5], ranges: [[0, 2], [0, 3]], rotations: 2, index: 1) == 3)\nassert(find_Element(arr: [1, 2, 3, 4], ranges: [[0, 1], [0, 2]], rotations: 1, index: 2) == 3)\nassert(find_Element(arr: [1, 2, 3, 4, 5, 6], ranges: [[0, 1], [0, 2]], rotations: 1, index: 1) == 1)",
      "timestamp": 1665509863,
      "stdout": "",
      "stderr": "/tmp/tmpwq51m1eh.swift:6:15: error: cannot find 'rotate' in scope\n        arr = rotate(arr: arr, range: range)\n              ^~~~~~\n",
      "exit_code": 1,
      "status": "SyntaxError"
    },
    {
      "program": "\n/// Write a python function to find element at a given index after number of rotations.\nfunc find_Element(arr: [Int], ranges: [[Int]], rotations: Int, index: Int) -> Int {\n    var arr = arr\n    for range in ranges {\n        arr = rotate(arr: arr, range: range)\n    }\n    return arr[index]\n}\n\n\nfunc ==(left: [(Int, Int)], right: [(Int, Int)]) -> Bool {\n    if left.count != right.count {\n        return false\n    }\n    for (l, r) in zip(left, right) {\n        if l != r {\n            return false\n        }\n    }\n    return true\n}\n            \nassert(find_Element(arr: [1, 2, 3, 4, 5], ranges: [[0, 2], [0, 3]], rotations: 2, index: 1) == 3)\nassert(find_Element(arr: [1, 2, 3, 4], ranges: [[0, 1], [0, 2]], rotations: 1, index: 2) == 3)\nassert(find_Element(arr: [1, 2, 3, 4, 5, 6], ranges: [[0, 1], [0, 2]], rotations: 1, index: 1) == 1)",
      "timestamp": 1665509863,
      "stdout": "",
      "stderr": "/tmp/tmpwq51m1eh.swift:6:15: error: cannot find 'rotate' in scope\n        arr = rotate(arr: arr, range: range)\n              ^~~~~~\n",
      "exit_code": 1,
      "status": "SyntaxError"
    },
    {
      "program": "\n/// Write a python function to find element at a given index after number of rotations.\nfunc find_Element(arr: [Int], ranges: [[Int]], rotations: Int, index: Int) -> Int {\n    var arr = arr\n    for range in ranges {\n        arr = rotate(arr: arr, range: range)\n    }\n    return arr[index]\n}\n\n\nfunc ==(left: [(Int, Int)], right: [(Int, Int)]) -> Bool {\n    if left.count != right.count {\n        return false\n    }\n    for (l, r) in zip(left, right) {\n        if l != r {\n            return false\n        }\n    }\n    return true\n}\n            \nassert(find_Element(arr: [1, 2, 3, 4, 5], ranges: [[0, 2], [0, 3]], rotations: 2, index: 1) == 3)\nassert(find_Element(arr: [1, 2, 3, 4], ranges: [[0, 1], [0, 2]], rotations: 1, index: 2) == 3)\nassert(find_Element(arr: [1, 2, 3, 4, 5, 6], ranges: [[0, 1], [0, 2]], rotations: 1, index: 1) == 1)",
      "timestamp": 1665509863,
      "stdout": "",
      "stderr": "/tmp/tmpwq51m1eh.swift:6:15: error: cannot find 'rotate' in scope\n        arr = rotate(arr: arr, range: range)\n              ^~~~~~\n",
      "exit_code": 1,
      "status": "SyntaxError"
    },
    {
      "program": "\n/// Write a python function to find element at a given index after number of rotations.\nfunc find_Element(arr: [Int], ranges: [[Int]], rotations: Int, index: Int) -> Int {\n    var arr = arr\n    for range in ranges {\n        arr = rotate(arr: arr, range: range)\n    }\n    return arr[index]\n}\n\n\nfunc ==(left: [(Int, Int)], right: [(Int, Int)]) -> Bool {\n    if left.count != right.count {\n        return false\n    }\n    for (l, r) in zip(left, right) {\n        if l != r {\n            return false\n        }\n    }\n    return true\n}\n            \nassert(find_Element(arr: [1, 2, 3, 4, 5], ranges: [[0, 2], [0, 3]], rotations: 2, index: 1) == 3)\nassert(find_Element(arr: [1, 2, 3, 4], ranges: [[0, 1], [0, 2]], rotations: 1, index: 2) == 3)\nassert(find_Element(arr: [1, 2, 3, 4, 5, 6], ranges: [[0, 1], [0, 2]], rotations: 1, index: 1) == 1)",
      "timestamp": 1665509863,
      "stdout": "",
      "stderr": "/tmp/tmpwq51m1eh.swift:6:15: error: cannot find 'rotate' in scope\n        arr = rotate(arr: arr, range: range)\n              ^~~~~~\n",
      "exit_code": 1,
      "status": "SyntaxError"
    },
    {
      "program": "\n/// Write a python function to find element at a given index after number of rotations.\nfunc find_Element(arr: [Int], ranges: [[Int]], rotations: Int, index: Int) -> Int {\n    var arr = arr\n    for range in ranges {\n        arr = rotate(arr: arr, range: range)\n    }\n    return arr[index]\n}\n\n\nfunc ==(left: [(Int, Int)], right: [(Int, Int)]) -> Bool {\n    if left.count != right.count {\n        return false\n    }\n    for (l, r) in zip(left, right) {\n        if l != r {\n            return false\n        }\n    }\n    return true\n}\n            \nassert(find_Element(arr: [1, 2, 3, 4, 5], ranges: [[0, 2], [0, 3]], rotations: 2, index: 1) == 3)\nassert(find_Element(arr: [1, 2, 3, 4], ranges: [[0, 1], [0, 2]], rotations: 1, index: 2) == 3)\nassert(find_Element(arr: [1, 2, 3, 4, 5, 6], ranges: [[0, 1], [0, 2]], rotations: 1, index: 1) == 1)",
      "timestamp": 1665509863,
      "stdout": "",
      "stderr": "/tmp/tmpwq51m1eh.swift:6:15: error: cannot find 'rotate' in scope\n        arr = rotate(arr: arr, range: range)\n              ^~~~~~\n",
      "exit_code": 1,
      "status": "SyntaxError"
    },
    {
      "program": "\n/// Write a python function to find element at a given index after number of rotations.\nfunc find_Element(arr: [Int], ranges: [[Int]], rotations: Int, index: Int) -> Int {\n    let new_index = (index + rotations) % arr.count\n    let new_range = ranges[new_index]\n    let new_arr = Array(arr[new_range[0]...new_range[1]])\n    return new_arr[index]\n}\n\n\nfunc ==(left: [(Int, Int)], right: [(Int, Int)]) -> Bool {\n    if left.count != right.count {\n        return false\n    }\n    for (l, r) in zip(left, right) {\n        if l != r {\n            return false\n        }\n    }\n    return true\n}\n            \nassert(find_Element(arr: [1, 2, 3, 4, 5], ranges: [[0, 2], [0, 3]], rotations: 2, index: 1) == 3)\nassert(find_Element(arr: [1, 2, 3, 4], ranges: [[0, 1], [0, 2]], rotations: 1, index: 2) == 3)\nassert(find_Element(arr: [1, 2, 3, 4, 5, 6], ranges: [[0, 1], [0, 2]], rotations: 1, index: 1) == 1)",
      "timestamp": 1666122826,
      "stdout": "",
      "stderr": "Swift/ContiguousArrayBuffer.swift:600: Fatal error: Index out of range\nCurrent stack trace:\n0    libswiftCore.so                    0x00002af88b5d1c80 _swift_stdlib_reportFatalErrorInFile + 112\n1    libswiftCore.so                    0x00002af88b2c8561 <unavailable> + 1434977\n2    libswiftCore.so                    0x00002af88b2c8286 <unavailable> + 1434246\n3    libswiftCore.so                    0x00002af88b2c813c <unavailable> + 1433916\n4    libswiftCore.so                    0x00002af88b2c7bb0 _assertionFailure(_:_:file:line:flags:) + 251\n5    libswiftCore.so                    0x00002af88b2b148a <unavailable> + 1340554\n6    tmp3vu28plq                        0x00005620ab7c5c89 <unavailable> + 7305\n7    tmp3vu28plq                        0x00005620ab7c56c5 <unavailable> + 5829\n8    libc.so.6                          0x00002af88b7bd460 __libc_start_main + 245\n9    tmp3vu28plq                        0x00005620ab7c52e9 <unavailable> + 4841\n",
      "exit_code": -4,
      "status": "Exception"
    },
    {
      "program": "\n/// Write a python function to find element at a given index after number of rotations.\nfunc find_Element(arr: [Int], ranges: [[Int]], rotations: Int, index: Int) -> Int {\n    var arr = arr\n    for range in ranges {\n        arr = rotate(arr: arr, range: range)\n    }\n    return arr[index]\n}\n\n\nfunc ==(left: [(Int, Int)], right: [(Int, Int)]) -> Bool {\n    if left.count != right.count {\n        return false\n    }\n    for (l, r) in zip(left, right) {\n        if l != r {\n            return false\n        }\n    }\n    return true\n}\n            \nassert(find_Element(arr: [1, 2, 3, 4, 5], ranges: [[0, 2], [0, 3]], rotations: 2, index: 1) == 3)\nassert(find_Element(arr: [1, 2, 3, 4], ranges: [[0, 1], [0, 2]], rotations: 1, index: 2) == 3)\nassert(find_Element(arr: [1, 2, 3, 4, 5, 6], ranges: [[0, 1], [0, 2]], rotations: 1, index: 1) == 1)",
      "timestamp": 1665509863,
      "stdout": "",
      "stderr": "/tmp/tmpwq51m1eh.swift:6:15: error: cannot find 'rotate' in scope\n        arr = rotate(arr: arr, range: range)\n              ^~~~~~\n",
      "exit_code": 1,
      "status": "SyntaxError"
    },
    {
      "program": "\n/// Write a python function to find element at a given index after number of rotations.\nfunc find_Element(arr: [Int], ranges: [[Int]], rotations: Int, index: Int) -> Int {\n    var arr = arr\n    for range in ranges {\n        arr = rotate(arr: arr, range: range)\n    }\n    return arr[index]\n}\n\n\nfunc ==(left: [(Int, Int)], right: [(Int, Int)]) -> Bool {\n    if left.count != right.count {\n        return false\n    }\n    for (l, r) in zip(left, right) {\n        if l != r {\n            return false\n        }\n    }\n    return true\n}\n            \nassert(find_Element(arr: [1, 2, 3, 4, 5], ranges: [[0, 2], [0, 3]], rotations: 2, index: 1) == 3)\nassert(find_Element(arr: [1, 2, 3, 4], ranges: [[0, 1], [0, 2]], rotations: 1, index: 2) == 3)\nassert(find_Element(arr: [1, 2, 3, 4, 5, 6], ranges: [[0, 1], [0, 2]], rotations: 1, index: 1) == 1)",
      "timestamp": 1665509863,
      "stdout": "",
      "stderr": "/tmp/tmpwq51m1eh.swift:6:15: error: cannot find 'rotate' in scope\n        arr = rotate(arr: arr, range: range)\n              ^~~~~~\n",
      "exit_code": 1,
      "status": "SyntaxError"
    },
    {
      "program": "\n/// Write a python function to find element at a given index after number of rotations.\nfunc find_Element(arr: [Int], ranges: [[Int]], rotations: Int, index: Int) -> Int {\n    var arr = arr\n    for range in ranges {\n        arr = rotate(arr: arr, range: range)\n    }\n    return arr[index]\n}\n\n\nfunc ==(left: [(Int, Int)], right: [(Int, Int)]) -> Bool {\n    if left.count != right.count {\n        return false\n    }\n    for (l, r) in zip(left, right) {\n        if l != r {\n            return false\n        }\n    }\n    return true\n}\n            \nassert(find_Element(arr: [1, 2, 3, 4, 5], ranges: [[0, 2], [0, 3]], rotations: 2, index: 1) == 3)\nassert(find_Element(arr: [1, 2, 3, 4], ranges: [[0, 1], [0, 2]], rotations: 1, index: 2) == 3)\nassert(find_Element(arr: [1, 2, 3, 4, 5, 6], ranges: [[0, 1], [0, 2]], rotations: 1, index: 1) == 1)",
      "timestamp": 1665509863,
      "stdout": "",
      "stderr": "/tmp/tmpwq51m1eh.swift:6:15: error: cannot find 'rotate' in scope\n        arr = rotate(arr: arr, range: range)\n              ^~~~~~\n",
      "exit_code": 1,
      "status": "SyntaxError"
    },
    {
      "program": "\n/// Write a python function to find element at a given index after number of rotations.\nfunc find_Element(arr: [Int], ranges: [[Int]], rotations: Int, index: Int) -> Int {\n    var arr = arr\n    for range in ranges {\n        arr = rotate(arr: arr, from: range[0], to: range[1])\n    }\n    return arr[index]\n}\n\n\nfunc ==(left: [(Int, Int)], right: [(Int, Int)]) -> Bool {\n    if left.count != right.count {\n        return false\n    }\n    for (l, r) in zip(left, right) {\n        if l != r {\n            return false\n        }\n    }\n    return true\n}\n            \nassert(find_Element(arr: [1, 2, 3, 4, 5], ranges: [[0, 2], [0, 3]], rotations: 2, index: 1) == 3)\nassert(find_Element(arr: [1, 2, 3, 4], ranges: [[0, 1], [0, 2]], rotations: 1, index: 2) == 3)\nassert(find_Element(arr: [1, 2, 3, 4, 5, 6], ranges: [[0, 1], [0, 2]], rotations: 1, index: 1) == 1)",
      "timestamp": 1665509863,
      "stdout": "",
      "stderr": "/tmp/tmpmr5wc2o0.swift:6:15: error: cannot find 'rotate' in scope\n        arr = rotate(arr: arr, from: range[0], to: range[1])\n              ^~~~~~\n",
      "exit_code": 1,
      "status": "SyntaxError"
    },
    {
      "program": "\n/// Write a python function to find element at a given index after number of rotations.\nfunc find_Element(arr: [Int], ranges: [[Int]], rotations: Int, index: Int) -> Int {\n    var arr = arr\n    for range in ranges {\n        arr = rotate(arr: arr, range: range)\n    }\n    return arr[index]\n}\n\n\nfunc ==(left: [(Int, Int)], right: [(Int, Int)]) -> Bool {\n    if left.count != right.count {\n        return false\n    }\n    for (l, r) in zip(left, right) {\n        if l != r {\n            return false\n        }\n    }\n    return true\n}\n            \nassert(find_Element(arr: [1, 2, 3, 4, 5], ranges: [[0, 2], [0, 3]], rotations: 2, index: 1) == 3)\nassert(find_Element(arr: [1, 2, 3, 4], ranges: [[0, 1], [0, 2]], rotations: 1, index: 2) == 3)\nassert(find_Element(arr: [1, 2, 3, 4, 5, 6], ranges: [[0, 1], [0, 2]], rotations: 1, index: 1) == 1)",
      "timestamp": 1665509863,
      "stdout": "",
      "stderr": "/tmp/tmpwq51m1eh.swift:6:15: error: cannot find 'rotate' in scope\n        arr = rotate(arr: arr, range: range)\n              ^~~~~~\n",
      "exit_code": 1,
      "status": "SyntaxError"
    },
    {
      "program": "\n/// Write a python function to find element at a given index after number of rotations.\nfunc find_Element(arr: [Int], ranges: [[Int]], rotations: Int, index: Int) -> Int {\n    var arr = arr\n    var ranges = ranges\n    var rotations = rotations\n    var index = index\n    \n    while rotations > 0 {\n        let range = ranges.removeFirst()\n        arr = rotate(arr: arr, range: range)\n        rotations -= 1\n    }\n    \n    return arr[index]\n}\n\n\nfunc ==(left: [(Int, Int)], right: [(Int, Int)]) -> Bool {\n    if left.count != right.count {\n        return false\n    }\n    for (l, r) in zip(left, right) {\n        if l != r {\n            return false\n        }\n    }\n    return true\n}\n            \nassert(find_Element(arr: [1, 2, 3, 4, 5], ranges: [[0, 2], [0, 3]], rotations: 2, index: 1) == 3)\nassert(find_Element(arr: [1, 2, 3, 4], ranges: [[0, 1], [0, 2]], rotations: 1, index: 2) == 3)\nassert(find_Element(arr: [1, 2, 3, 4, 5, 6], ranges: [[0, 1], [0, 2]], rotations: 1, index: 1) == 1)",
      "timestamp": 1666122826,
      "stdout": "",
      "stderr": "/tmp/tmprplgwaly.swift:11:15: error: cannot find 'rotate' in scope\n        arr = rotate(arr: arr, range: range)\n              ^~~~~~\n",
      "exit_code": 1,
      "status": "SyntaxError"
    },
    {
      "program": "\n/// Write a python function to find element at a given index after number of rotations.\nfunc find_Element(arr: [Int], ranges: [[Int]], rotations: Int, index: Int) -> Int {\n    var arr = arr\n    for range in ranges {\n        arr = rotate_Array(arr: arr, range: range)\n    }\n    return arr[index]\n}\n\n\nfunc ==(left: [(Int, Int)], right: [(Int, Int)]) -> Bool {\n    if left.count != right.count {\n        return false\n    }\n    for (l, r) in zip(left, right) {\n        if l != r {\n            return false\n        }\n    }\n    return true\n}\n            \nassert(find_Element(arr: [1, 2, 3, 4, 5], ranges: [[0, 2], [0, 3]], rotations: 2, index: 1) == 3)\nassert(find_Element(arr: [1, 2, 3, 4], ranges: [[0, 1], [0, 2]], rotations: 1, index: 2) == 3)\nassert(find_Element(arr: [1, 2, 3, 4, 5, 6], ranges: [[0, 1], [0, 2]], rotations: 1, index: 1) == 1)",
      "timestamp": 1665509863,
      "stdout": "",
      "stderr": "/tmp/tmp4fnwuv6n.swift:6:15: error: cannot find 'rotate_Array' in scope\n        arr = rotate_Array(arr: arr, range: range)\n              ^~~~~~~~~~~~\n",
      "exit_code": 1,
      "status": "SyntaxError"
    },
    {
      "program": "\n/// Write a python function to find element at a given index after number of rotations.\nfunc find_Element(arr: [Int], ranges: [[Int]], rotations: Int, index: Int) -> Int {\n    var arr = arr\n    var ranges = ranges\n    var rotations = rotations\n    var index = index\n    var temp = 0\n    var temp2 = 0\n    var temp3 = 0\n    var temp4 = 0\n    \n    for _ in 0..<rotations {\n        for i in 0..<ranges.count {\n            temp = ranges[i][0]\n            temp2 = ranges[i][1]\n            temp3 = arr[temp]\n            temp4 = arr[temp2]\n            arr[temp] = temp4\n            arr[temp2] = temp3\n        }\n    }\n    return arr[index]\n}\n\n\nfunc ==(left: [(Int, Int)], right: [(Int, Int)]) -> Bool {\n    if left.count != right.count {\n        return false\n    }\n    for (l, r) in zip(left, right) {\n        if l != r {\n            return false\n        }\n    }\n    return true\n}\n            \nassert(find_Element(arr: [1, 2, 3, 4, 5], ranges: [[0, 2], [0, 3]], rotations: 2, index: 1) == 3)\nassert(find_Element(arr: [1, 2, 3, 4], ranges: [[0, 1], [0, 2]], rotations: 1, index: 2) == 3)\nassert(find_Element(arr: [1, 2, 3, 4, 5, 6], ranges: [[0, 1], [0, 2]], rotations: 1, index: 1) == 1)",
      "timestamp": 1666122826,
      "stdout": "",
      "stderr": "tmphblody8g/tmphblody8g.swift:39: Assertion failed\nCurrent stack trace:\n0    libswiftCore.so                    0x00002ab0fe8fdc80 _swift_stdlib_reportFatalErrorInFile + 112\n1    libswiftCore.so                    0x00002ab0fe5f4b6c <unavailable> + 1436524\n2    libswiftCore.so                    0x00002ab0fe5f4988 <unavailable> + 1436040\n3    libswiftCore.so                    0x00002ab0fe5f37b0 _assertionFailure(_:_:file:line:flags:) + 699\n4    tmphblody8g                        0x000055d4346e664c <unavailable> + 5708\n5    libc.so.6                          0x00002ab0feae9460 __libc_start_main + 245\n6    tmphblody8g                        0x000055d4346e61e9 <unavailable> + 4585\n",
      "exit_code": -4,
      "status": "Exception"
    },
    {
      "program": "\n/// Write a python function to find element at a given index after number of rotations.\nfunc find_Element(arr: [Int], ranges: [[Int]], rotations: Int, index: Int) -> Int {\n    var arr = arr\n    for range in ranges {\n        arr = rotate(arr: arr, range: range)\n    }\n    return arr[index]\n}\n\n\nfunc ==(left: [(Int, Int)], right: [(Int, Int)]) -> Bool {\n    if left.count != right.count {\n        return false\n    }\n    for (l, r) in zip(left, right) {\n        if l != r {\n            return false\n        }\n    }\n    return true\n}\n            \nassert(find_Element(arr: [1, 2, 3, 4, 5], ranges: [[0, 2], [0, 3]], rotations: 2, index: 1) == 3)\nassert(find_Element(arr: [1, 2, 3, 4], ranges: [[0, 1], [0, 2]], rotations: 1, index: 2) == 3)\nassert(find_Element(arr: [1, 2, 3, 4, 5, 6], ranges: [[0, 1], [0, 2]], rotations: 1, index: 1) == 1)",
      "timestamp": 1665509863,
      "stdout": "",
      "stderr": "/tmp/tmpwq51m1eh.swift:6:15: error: cannot find 'rotate' in scope\n        arr = rotate(arr: arr, range: range)\n              ^~~~~~\n",
      "exit_code": 1,
      "status": "SyntaxError"
    },
    {
      "program": "\n/// Write a python function to find element at a given index after number of rotations.\nfunc find_Element(arr: [Int], ranges: [[Int]], rotations: Int, index: Int) -> Int {\n    var arr = arr\n    for range in ranges {\n        arr = rotate(arr: arr, range: range)\n    }\n    return arr[index]\n}\n\n\nfunc ==(left: [(Int, Int)], right: [(Int, Int)]) -> Bool {\n    if left.count != right.count {\n        return false\n    }\n    for (l, r) in zip(left, right) {\n        if l != r {\n            return false\n        }\n    }\n    return true\n}\n            \nassert(find_Element(arr: [1, 2, 3, 4, 5], ranges: [[0, 2], [0, 3]], rotations: 2, index: 1) == 3)\nassert(find_Element(arr: [1, 2, 3, 4], ranges: [[0, 1], [0, 2]], rotations: 1, index: 2) == 3)\nassert(find_Element(arr: [1, 2, 3, 4, 5, 6], ranges: [[0, 1], [0, 2]], rotations: 1, index: 1) == 1)",
      "timestamp": 1665509863,
      "stdout": "",
      "stderr": "/tmp/tmpwq51m1eh.swift:6:15: error: cannot find 'rotate' in scope\n        arr = rotate(arr: arr, range: range)\n              ^~~~~~\n",
      "exit_code": 1,
      "status": "SyntaxError"
    },
    {
      "program": "\n/// Write a python function to find element at a given index after number of rotations.\nfunc find_Element(arr: [Int], ranges: [[Int]], rotations: Int, index: Int) -> Int {\n    var arr = arr\n    for range in ranges {\n        arr = rotate(arr: arr, range: range)\n    }\n    return arr[index]\n}\n\n\nfunc ==(left: [(Int, Int)], right: [(Int, Int)]) -> Bool {\n    if left.count != right.count {\n        return false\n    }\n    for (l, r) in zip(left, right) {\n        if l != r {\n            return false\n        }\n    }\n    return true\n}\n            \nassert(find_Element(arr: [1, 2, 3, 4, 5], ranges: [[0, 2], [0, 3]], rotations: 2, index: 1) == 3)\nassert(find_Element(arr: [1, 2, 3, 4], ranges: [[0, 1], [0, 2]], rotations: 1, index: 2) == 3)\nassert(find_Element(arr: [1, 2, 3, 4, 5, 6], ranges: [[0, 1], [0, 2]], rotations: 1, index: 1) == 1)",
      "timestamp": 1665509863,
      "stdout": "",
      "stderr": "/tmp/tmpwq51m1eh.swift:6:15: error: cannot find 'rotate' in scope\n        arr = rotate(arr: arr, range: range)\n              ^~~~~~\n",
      "exit_code": 1,
      "status": "SyntaxError"
    },
    {
      "program": "\n/// Write a python function to find element at a given index after number of rotations.\nfunc find_Element(arr: [Int], ranges: [[Int]], rotations: Int, index: Int) -> Int {\n    var arr = arr\n    for range in ranges {\n        arr = rotate(arr: arr, range: range)\n    }\n    return arr[index]\n}\n\n\nfunc ==(left: [(Int, Int)], right: [(Int, Int)]) -> Bool {\n    if left.count != right.count {\n        return false\n    }\n    for (l, r) in zip(left, right) {\n        if l != r {\n            return false\n        }\n    }\n    return true\n}\n            \nassert(find_Element(arr: [1, 2, 3, 4, 5], ranges: [[0, 2], [0, 3]], rotations: 2, index: 1) == 3)\nassert(find_Element(arr: [1, 2, 3, 4], ranges: [[0, 1], [0, 2]], rotations: 1, index: 2) == 3)\nassert(find_Element(arr: [1, 2, 3, 4, 5, 6], ranges: [[0, 1], [0, 2]], rotations: 1, index: 1) == 1)",
      "timestamp": 1665509863,
      "stdout": "",
      "stderr": "/tmp/tmpwq51m1eh.swift:6:15: error: cannot find 'rotate' in scope\n        arr = rotate(arr: arr, range: range)\n              ^~~~~~\n",
      "exit_code": 1,
      "status": "SyntaxError"
    },
    {
      "program": "\n/// Write a python function to find element at a given index after number of rotations.\nfunc find_Element(arr: [Int], ranges: [[Int]], rotations: Int, index: Int) -> Int {\n    var arr = arr\n    for range in ranges {\n        arr = rotate(arr: arr, from: range[0], to: range[1])\n    }\n    return arr[index]\n}\n\n\nfunc ==(left: [(Int, Int)], right: [(Int, Int)]) -> Bool {\n    if left.count != right.count {\n        return false\n    }\n    for (l, r) in zip(left, right) {\n        if l != r {\n            return false\n        }\n    }\n    return true\n}\n            \nassert(find_Element(arr: [1, 2, 3, 4, 5], ranges: [[0, 2], [0, 3]], rotations: 2, index: 1) == 3)\nassert(find_Element(arr: [1, 2, 3, 4], ranges: [[0, 1], [0, 2]], rotations: 1, index: 2) == 3)\nassert(find_Element(arr: [1, 2, 3, 4, 5, 6], ranges: [[0, 1], [0, 2]], rotations: 1, index: 1) == 1)",
      "timestamp": 1665509863,
      "stdout": "",
      "stderr": "/tmp/tmpmr5wc2o0.swift:6:15: error: cannot find 'rotate' in scope\n        arr = rotate(arr: arr, from: range[0], to: range[1])\n              ^~~~~~\n",
      "exit_code": 1,
      "status": "SyntaxError"
    },
    {
      "program": "\n/// Write a python function to find element at a given index after number of rotations.\nfunc find_Element(arr: [Int], ranges: [[Int]], rotations: Int, index: Int) -> Int {\n    var arr = arr\n    for range in ranges {\n        arr = rotate(arr: arr, range: range)\n    }\n    return arr[index]\n}\n\n\nfunc ==(left: [(Int, Int)], right: [(Int, Int)]) -> Bool {\n    if left.count != right.count {\n        return false\n    }\n    for (l, r) in zip(left, right) {\n        if l != r {\n            return false\n        }\n    }\n    return true\n}\n            \nassert(find_Element(arr: [1, 2, 3, 4, 5], ranges: [[0, 2], [0, 3]], rotations: 2, index: 1) == 3)\nassert(find_Element(arr: [1, 2, 3, 4], ranges: [[0, 1], [0, 2]], rotations: 1, index: 2) == 3)\nassert(find_Element(arr: [1, 2, 3, 4, 5, 6], ranges: [[0, 1], [0, 2]], rotations: 1, index: 1) == 1)",
      "timestamp": 1665509863,
      "stdout": "",
      "stderr": "/tmp/tmpwq51m1eh.swift:6:15: error: cannot find 'rotate' in scope\n        arr = rotate(arr: arr, range: range)\n              ^~~~~~\n",
      "exit_code": 1,
      "status": "SyntaxError"
    },
    {
      "program": "\n/// Write a python function to find element at a given index after number of rotations.\nfunc find_Element(arr: [Int], ranges: [[Int]], rotations: Int, index: Int) -> Int {\n    var arr = arr\n    for range in ranges {\n        arr = rotate(arr: arr, start: range[0], end: range[1])\n    }\n    return arr[index]\n}\n\n\nfunc ==(left: [(Int, Int)], right: [(Int, Int)]) -> Bool {\n    if left.count != right.count {\n        return false\n    }\n    for (l, r) in zip(left, right) {\n        if l != r {\n            return false\n        }\n    }\n    return true\n}\n            \nassert(find_Element(arr: [1, 2, 3, 4, 5], ranges: [[0, 2], [0, 3]], rotations: 2, index: 1) == 3)\nassert(find_Element(arr: [1, 2, 3, 4], ranges: [[0, 1], [0, 2]], rotations: 1, index: 2) == 3)\nassert(find_Element(arr: [1, 2, 3, 4, 5, 6], ranges: [[0, 1], [0, 2]], rotations: 1, index: 1) == 1)",
      "timestamp": 1665509863,
      "stdout": "",
      "stderr": "/tmp/tmpd7ydap_k.swift:6:15: error: cannot find 'rotate' in scope\n        arr = rotate(arr: arr, start: range[0], end: range[1])\n              ^~~~~~\n",
      "exit_code": 1,
      "status": "SyntaxError"
    },
    {
      "program": "\n/// Write a python function to find element at a given index after number of rotations.\nfunc find_Element(arr: [Int], ranges: [[Int]], rotations: Int, index: Int) -> Int {\n    var arr = arr\n    for range in ranges {\n        arr = rotate(arr: arr, range: range)\n    }\n    return arr[index]\n}\n\n\nfunc ==(left: [(Int, Int)], right: [(Int, Int)]) -> Bool {\n    if left.count != right.count {\n        return false\n    }\n    for (l, r) in zip(left, right) {\n        if l != r {\n            return false\n        }\n    }\n    return true\n}\n            \nassert(find_Element(arr: [1, 2, 3, 4, 5], ranges: [[0, 2], [0, 3]], rotations: 2, index: 1) == 3)\nassert(find_Element(arr: [1, 2, 3, 4], ranges: [[0, 1], [0, 2]], rotations: 1, index: 2) == 3)\nassert(find_Element(arr: [1, 2, 3, 4, 5, 6], ranges: [[0, 1], [0, 2]], rotations: 1, index: 1) == 1)",
      "timestamp": 1665509863,
      "stdout": "",
      "stderr": "/tmp/tmpwq51m1eh.swift:6:15: error: cannot find 'rotate' in scope\n        arr = rotate(arr: arr, range: range)\n              ^~~~~~\n",
      "exit_code": 1,
      "status": "SyntaxError"
    },
    {
      "program": "\n/// Write a python function to find element at a given index after number of rotations.\nfunc find_Element(arr: [Int], ranges: [[Int]], rotations: Int, index: Int) -> Int {\n    var arr = arr\n    for range in ranges {\n        arr = rotate(arr: arr, range: range)\n    }\n    return arr[index]\n}\n\n\nfunc ==(left: [(Int, Int)], right: [(Int, Int)]) -> Bool {\n    if left.count != right.count {\n        return false\n    }\n    for (l, r) in zip(left, right) {\n        if l != r {\n            return false\n        }\n    }\n    return true\n}\n            \nassert(find_Element(arr: [1, 2, 3, 4, 5], ranges: [[0, 2], [0, 3]], rotations: 2, index: 1) == 3)\nassert(find_Element(arr: [1, 2, 3, 4], ranges: [[0, 1], [0, 2]], rotations: 1, index: 2) == 3)\nassert(find_Element(arr: [1, 2, 3, 4, 5, 6], ranges: [[0, 1], [0, 2]], rotations: 1, index: 1) == 1)",
      "timestamp": 1665509863,
      "stdout": "",
      "stderr": "/tmp/tmpwq51m1eh.swift:6:15: error: cannot find 'rotate' in scope\n        arr = rotate(arr: arr, range: range)\n              ^~~~~~\n",
      "exit_code": 1,
      "status": "SyntaxError"
    },
    {
      "program": "\n/// Write a python function to find element at a given index after number of rotations.\nfunc find_Element(arr: [Int], ranges: [[Int]], rotations: Int, index: Int) -> Int {\n    var arr = arr\n    for range in ranges {\n        arr = rotate(arr: arr, range: range)\n    }\n    return arr[index]\n}\n\n\nfunc ==(left: [(Int, Int)], right: [(Int, Int)]) -> Bool {\n    if left.count != right.count {\n        return false\n    }\n    for (l, r) in zip(left, right) {\n        if l != r {\n            return false\n        }\n    }\n    return true\n}\n            \nassert(find_Element(arr: [1, 2, 3, 4, 5], ranges: [[0, 2], [0, 3]], rotations: 2, index: 1) == 3)\nassert(find_Element(arr: [1, 2, 3, 4], ranges: [[0, 1], [0, 2]], rotations: 1, index: 2) == 3)\nassert(find_Element(arr: [1, 2, 3, 4, 5, 6], ranges: [[0, 1], [0, 2]], rotations: 1, index: 1) == 1)",
      "timestamp": 1665509863,
      "stdout": "",
      "stderr": "/tmp/tmpwq51m1eh.swift:6:15: error: cannot find 'rotate' in scope\n        arr = rotate(arr: arr, range: range)\n              ^~~~~~\n",
      "exit_code": 1,
      "status": "SyntaxError"
    },
    {
      "program": "\n/// Write a python function to find element at a given index after number of rotations.\nfunc find_Element(arr: [Int], ranges: [[Int]], rotations: Int, index: Int) -> Int {\n    var arr = arr\n    for range in ranges {\n        arr = rotate(arr: arr, range: range)\n    }\n    return arr[index]\n}\n\n\nfunc ==(left: [(Int, Int)], right: [(Int, Int)]) -> Bool {\n    if left.count != right.count {\n        return false\n    }\n    for (l, r) in zip(left, right) {\n        if l != r {\n            return false\n        }\n    }\n    return true\n}\n            \nassert(find_Element(arr: [1, 2, 3, 4, 5], ranges: [[0, 2], [0, 3]], rotations: 2, index: 1) == 3)\nassert(find_Element(arr: [1, 2, 3, 4], ranges: [[0, 1], [0, 2]], rotations: 1, index: 2) == 3)\nassert(find_Element(arr: [1, 2, 3, 4, 5, 6], ranges: [[0, 1], [0, 2]], rotations: 1, index: 1) == 1)",
      "timestamp": 1665509863,
      "stdout": "",
      "stderr": "/tmp/tmpwq51m1eh.swift:6:15: error: cannot find 'rotate' in scope\n        arr = rotate(arr: arr, range: range)\n              ^~~~~~\n",
      "exit_code": 1,
      "status": "SyntaxError"
    },
    {
      "program": "\n/// Write a python function to find element at a given index after number of rotations.\nfunc find_Element(arr: [Int], ranges: [[Int]], rotations: Int, index: Int) -> Int {\n    var arr = arr\n    for range in ranges {\n        arr = rotate(arr: arr, range: range)\n    }\n    return arr[index]\n}\n\n\nfunc ==(left: [(Int, Int)], right: [(Int, Int)]) -> Bool {\n    if left.count != right.count {\n        return false\n    }\n    for (l, r) in zip(left, right) {\n        if l != r {\n            return false\n        }\n    }\n    return true\n}\n            \nassert(find_Element(arr: [1, 2, 3, 4, 5], ranges: [[0, 2], [0, 3]], rotations: 2, index: 1) == 3)\nassert(find_Element(arr: [1, 2, 3, 4], ranges: [[0, 1], [0, 2]], rotations: 1, index: 2) == 3)\nassert(find_Element(arr: [1, 2, 3, 4, 5, 6], ranges: [[0, 1], [0, 2]], rotations: 1, index: 1) == 1)",
      "timestamp": 1665509863,
      "stdout": "",
      "stderr": "/tmp/tmpwq51m1eh.swift:6:15: error: cannot find 'rotate' in scope\n        arr = rotate(arr: arr, range: range)\n              ^~~~~~\n",
      "exit_code": 1,
      "status": "SyntaxError"
    },
    {
      "program": "\n/// Write a python function to find element at a given index after number of rotations.\nfunc find_Element(arr: [Int], ranges: [[Int]], rotations: Int, index: Int) -> Int {\n    var arr = arr\n    for range in ranges {\n        arr = rotate(arr: arr, range: range)\n    }\n    return arr[index]\n}\n\n\nfunc ==(left: [(Int, Int)], right: [(Int, Int)]) -> Bool {\n    if left.count != right.count {\n        return false\n    }\n    for (l, r) in zip(left, right) {\n        if l != r {\n            return false\n        }\n    }\n    return true\n}\n            \nassert(find_Element(arr: [1, 2, 3, 4, 5], ranges: [[0, 2], [0, 3]], rotations: 2, index: 1) == 3)\nassert(find_Element(arr: [1, 2, 3, 4], ranges: [[0, 1], [0, 2]], rotations: 1, index: 2) == 3)\nassert(find_Element(arr: [1, 2, 3, 4, 5, 6], ranges: [[0, 1], [0, 2]], rotations: 1, index: 1) == 1)",
      "timestamp": 1665509863,
      "stdout": "",
      "stderr": "/tmp/tmpwq51m1eh.swift:6:15: error: cannot find 'rotate' in scope\n        arr = rotate(arr: arr, range: range)\n              ^~~~~~\n",
      "exit_code": 1,
      "status": "SyntaxError"
    },
    {
      "program": "\n/// Write a python function to find element at a given index after number of rotations.\nfunc find_Element(arr: [Int], ranges: [[Int]], rotations: Int, index: Int) -> Int {\n    var arr = arr\n    for range in ranges {\n        arr = rotate(arr: arr, range: range)\n    }\n    return arr[index]\n}\n\n\nfunc ==(left: [(Int, Int)], right: [(Int, Int)]) -> Bool {\n    if left.count != right.count {\n        return false\n    }\n    for (l, r) in zip(left, right) {\n        if l != r {\n            return false\n        }\n    }\n    return true\n}\n            \nassert(find_Element(arr: [1, 2, 3, 4, 5], ranges: [[0, 2], [0, 3]], rotations: 2, index: 1) == 3)\nassert(find_Element(arr: [1, 2, 3, 4], ranges: [[0, 1], [0, 2]], rotations: 1, index: 2) == 3)\nassert(find_Element(arr: [1, 2, 3, 4, 5, 6], ranges: [[0, 1], [0, 2]], rotations: 1, index: 1) == 1)",
      "timestamp": 1665509863,
      "stdout": "",
      "stderr": "/tmp/tmpwq51m1eh.swift:6:15: error: cannot find 'rotate' in scope\n        arr = rotate(arr: arr, range: range)\n              ^~~~~~\n",
      "exit_code": 1,
      "status": "SyntaxError"
    },
    {
      "program": "\n/// Write a python function to find element at a given index after number of rotations.\nfunc find_Element(arr: [Int], ranges: [[Int]], rotations: Int, index: Int) -> Int {\n    var arr = arr\n    for range in ranges {\n        arr = rotate(arr: arr, range: range)\n    }\n    return arr[index]\n}\n\n\nfunc ==(left: [(Int, Int)], right: [(Int, Int)]) -> Bool {\n    if left.count != right.count {\n        return false\n    }\n    for (l, r) in zip(left, right) {\n        if l != r {\n            return false\n        }\n    }\n    return true\n}\n            \nassert(find_Element(arr: [1, 2, 3, 4, 5], ranges: [[0, 2], [0, 3]], rotations: 2, index: 1) == 3)\nassert(find_Element(arr: [1, 2, 3, 4], ranges: [[0, 1], [0, 2]], rotations: 1, index: 2) == 3)\nassert(find_Element(arr: [1, 2, 3, 4, 5, 6], ranges: [[0, 1], [0, 2]], rotations: 1, index: 1) == 1)",
      "timestamp": 1665509863,
      "stdout": "",
      "stderr": "/tmp/tmpwq51m1eh.swift:6:15: error: cannot find 'rotate' in scope\n        arr = rotate(arr: arr, range: range)\n              ^~~~~~\n",
      "exit_code": 1,
      "status": "SyntaxError"
    },
    {
      "program": "\n/// Write a python function to find element at a given index after number of rotations.\nfunc find_Element(arr: [Int], ranges: [[Int]], rotations: Int, index: Int) -> Int {\n    var arr = arr\n    for range in ranges {\n        arr = rotate(arr: arr, range: range)\n    }\n    return arr[index]\n}\n\n\nfunc ==(left: [(Int, Int)], right: [(Int, Int)]) -> Bool {\n    if left.count != right.count {\n        return false\n    }\n    for (l, r) in zip(left, right) {\n        if l != r {\n            return false\n        }\n    }\n    return true\n}\n            \nassert(find_Element(arr: [1, 2, 3, 4, 5], ranges: [[0, 2], [0, 3]], rotations: 2, index: 1) == 3)\nassert(find_Element(arr: [1, 2, 3, 4], ranges: [[0, 1], [0, 2]], rotations: 1, index: 2) == 3)\nassert(find_Element(arr: [1, 2, 3, 4, 5, 6], ranges: [[0, 1], [0, 2]], rotations: 1, index: 1) == 1)",
      "timestamp": 1665509863,
      "stdout": "",
      "stderr": "/tmp/tmpwq51m1eh.swift:6:15: error: cannot find 'rotate' in scope\n        arr = rotate(arr: arr, range: range)\n              ^~~~~~\n",
      "exit_code": 1,
      "status": "SyntaxError"
    },
    {
      "program": "\n/// Write a python function to find element at a given index after number of rotations.\nfunc find_Element(arr: [Int], ranges: [[Int]], rotations: Int, index: Int) -> Int {\n    var arr = arr\n    for range in ranges {\n        arr = rotate(arr: arr, range: range)\n    }\n    return arr[index]\n}\n\n\nfunc ==(left: [(Int, Int)], right: [(Int, Int)]) -> Bool {\n    if left.count != right.count {\n        return false\n    }\n    for (l, r) in zip(left, right) {\n        if l != r {\n            return false\n        }\n    }\n    return true\n}\n            \nassert(find_Element(arr: [1, 2, 3, 4, 5], ranges: [[0, 2], [0, 3]], rotations: 2, index: 1) == 3)\nassert(find_Element(arr: [1, 2, 3, 4], ranges: [[0, 1], [0, 2]], rotations: 1, index: 2) == 3)\nassert(find_Element(arr: [1, 2, 3, 4, 5, 6], ranges: [[0, 1], [0, 2]], rotations: 1, index: 1) == 1)",
      "timestamp": 1665509863,
      "stdout": "",
      "stderr": "/tmp/tmpwq51m1eh.swift:6:15: error: cannot find 'rotate' in scope\n        arr = rotate(arr: arr, range: range)\n              ^~~~~~\n",
      "exit_code": 1,
      "status": "SyntaxError"
    },
    {
      "program": "\n/// Write a python function to find element at a given index after number of rotations.\nfunc find_Element(arr: [Int], ranges: [[Int]], rotations: Int, index: Int) -> Int {\n    var arr = arr\n    for range in ranges {\n        arr = rotate(arr: arr, range: range)\n    }\n    return arr[index]\n}\n\n\nfunc ==(left: [(Int, Int)], right: [(Int, Int)]) -> Bool {\n    if left.count != right.count {\n        return false\n    }\n    for (l, r) in zip(left, right) {\n        if l != r {\n            return false\n        }\n    }\n    return true\n}\n            \nassert(find_Element(arr: [1, 2, 3, 4, 5], ranges: [[0, 2], [0, 3]], rotations: 2, index: 1) == 3)\nassert(find_Element(arr: [1, 2, 3, 4], ranges: [[0, 1], [0, 2]], rotations: 1, index: 2) == 3)\nassert(find_Element(arr: [1, 2, 3, 4, 5, 6], ranges: [[0, 1], [0, 2]], rotations: 1, index: 1) == 1)",
      "timestamp": 1665509863,
      "stdout": "",
      "stderr": "/tmp/tmpwq51m1eh.swift:6:15: error: cannot find 'rotate' in scope\n        arr = rotate(arr: arr, range: range)\n              ^~~~~~\n",
      "exit_code": 1,
      "status": "SyntaxError"
    },
    {
      "program": "\n/// Write a python function to find element at a given index after number of rotations.\nfunc find_Element(arr: [Int], ranges: [[Int]], rotations: Int, index: Int) -> Int {\n    var arr = arr\n    for range in ranges {\n        arr = rotate(arr: arr, range: range)\n    }\n    return arr[index]\n}\n\n\nfunc ==(left: [(Int, Int)], right: [(Int, Int)]) -> Bool {\n    if left.count != right.count {\n        return false\n    }\n    for (l, r) in zip(left, right) {\n        if l != r {\n            return false\n        }\n    }\n    return true\n}\n            \nassert(find_Element(arr: [1, 2, 3, 4, 5], ranges: [[0, 2], [0, 3]], rotations: 2, index: 1) == 3)\nassert(find_Element(arr: [1, 2, 3, 4], ranges: [[0, 1], [0, 2]], rotations: 1, index: 2) == 3)\nassert(find_Element(arr: [1, 2, 3, 4, 5, 6], ranges: [[0, 1], [0, 2]], rotations: 1, index: 1) == 1)",
      "timestamp": 1665509863,
      "stdout": "",
      "stderr": "/tmp/tmpwq51m1eh.swift:6:15: error: cannot find 'rotate' in scope\n        arr = rotate(arr: arr, range: range)\n              ^~~~~~\n",
      "exit_code": 1,
      "status": "SyntaxError"
    },
    {
      "program": "\n/// Write a python function to find element at a given index after number of rotations.\nfunc find_Element(arr: [Int], ranges: [[Int]], rotations: Int, index: Int) -> Int {\n    var arr = arr\n    for range in ranges {\n        arr = rotate(arr: arr, start: range[0], end: range[1])\n    }\n    return arr[index]\n}\n\n\nfunc ==(left: [(Int, Int)], right: [(Int, Int)]) -> Bool {\n    if left.count != right.count {\n        return false\n    }\n    for (l, r) in zip(left, right) {\n        if l != r {\n            return false\n        }\n    }\n    return true\n}\n            \nassert(find_Element(arr: [1, 2, 3, 4, 5], ranges: [[0, 2], [0, 3]], rotations: 2, index: 1) == 3)\nassert(find_Element(arr: [1, 2, 3, 4], ranges: [[0, 1], [0, 2]], rotations: 1, index: 2) == 3)\nassert(find_Element(arr: [1, 2, 3, 4, 5, 6], ranges: [[0, 1], [0, 2]], rotations: 1, index: 1) == 1)",
      "timestamp": 1665509863,
      "stdout": "",
      "stderr": "/tmp/tmpd7ydap_k.swift:6:15: error: cannot find 'rotate' in scope\n        arr = rotate(arr: arr, start: range[0], end: range[1])\n              ^~~~~~\n",
      "exit_code": 1,
      "status": "SyntaxError"
    },
    {
      "program": "\n/// Write a python function to find element at a given index after number of rotations.\nfunc find_Element(arr: [Int], ranges: [[Int]], rotations: Int, index: Int) -> Int {\n    var arr = arr\n    for range in ranges {\n        arr = rotate(arr: arr, range: range)\n    }\n    return arr[index]\n}\n\n\nfunc ==(left: [(Int, Int)], right: [(Int, Int)]) -> Bool {\n    if left.count != right.count {\n        return false\n    }\n    for (l, r) in zip(left, right) {\n        if l != r {\n            return false\n        }\n    }\n    return true\n}\n            \nassert(find_Element(arr: [1, 2, 3, 4, 5], ranges: [[0, 2], [0, 3]], rotations: 2, index: 1) == 3)\nassert(find_Element(arr: [1, 2, 3, 4], ranges: [[0, 1], [0, 2]], rotations: 1, index: 2) == 3)\nassert(find_Element(arr: [1, 2, 3, 4, 5, 6], ranges: [[0, 1], [0, 2]], rotations: 1, index: 1) == 1)",
      "timestamp": 1665509863,
      "stdout": "",
      "stderr": "/tmp/tmpwq51m1eh.swift:6:15: error: cannot find 'rotate' in scope\n        arr = rotate(arr: arr, range: range)\n              ^~~~~~\n",
      "exit_code": 1,
      "status": "SyntaxError"
    },
    {
      "program": "\n/// Write a python function to find element at a given index after number of rotations.\nfunc find_Element(arr: [Int], ranges: [[Int]], rotations: Int, index: Int) -> Int {\n    let n = arr.count\n    let r = rotations % n\n    let i = (index + r) % n\n    return arr[i]\n}\n\n\nfunc ==(left: [(Int, Int)], right: [(Int, Int)]) -> Bool {\n    if left.count != right.count {\n        return false\n    }\n    for (l, r) in zip(left, right) {\n        if l != r {\n            return false\n        }\n    }\n    return true\n}\n            \nassert(find_Element(arr: [1, 2, 3, 4, 5], ranges: [[0, 2], [0, 3]], rotations: 2, index: 1) == 3)\nassert(find_Element(arr: [1, 2, 3, 4], ranges: [[0, 1], [0, 2]], rotations: 1, index: 2) == 3)\nassert(find_Element(arr: [1, 2, 3, 4, 5, 6], ranges: [[0, 1], [0, 2]], rotations: 1, index: 1) == 1)",
      "timestamp": 1666122826,
      "stdout": "",
      "stderr": "tmphnp0xw7q/tmphnp0xw7q.swift:23: Assertion failed\nCurrent stack trace:\n0    libswiftCore.so                    0x00002ba981749c80 _swift_stdlib_reportFatalErrorInFile + 112\n1    libswiftCore.so                    0x00002ba981440b6c <unavailable> + 1436524\n2    libswiftCore.so                    0x00002ba981440988 <unavailable> + 1436040\n3    libswiftCore.so                    0x00002ba98143f7b0 _assertionFailure(_:_:file:line:flags:) + 699\n4    tmphnp0xw7q                        0x0000561a7d0a951c <unavailable> + 5404\n5    libc.so.6                          0x00002ba981935460 __libc_start_main + 245\n6    tmphnp0xw7q                        0x0000561a7d0a90b9 <unavailable> + 4281\n",
      "exit_code": -4,
      "status": "Exception"
    },
    {
      "program": "\n/// Write a python function to find element at a given index after number of rotations.\nfunc find_Element(arr: [Int], ranges: [[Int]], rotations: Int, index: Int) -> Int {\n    var arr = arr\n    for range in ranges {\n        arr = rotate(arr: arr, from: range[0], to: range[1])\n    }\n    return arr[index]\n}\n\n\nfunc ==(left: [(Int, Int)], right: [(Int, Int)]) -> Bool {\n    if left.count != right.count {\n        return false\n    }\n    for (l, r) in zip(left, right) {\n        if l != r {\n            return false\n        }\n    }\n    return true\n}\n            \nassert(find_Element(arr: [1, 2, 3, 4, 5], ranges: [[0, 2], [0, 3]], rotations: 2, index: 1) == 3)\nassert(find_Element(arr: [1, 2, 3, 4], ranges: [[0, 1], [0, 2]], rotations: 1, index: 2) == 3)\nassert(find_Element(arr: [1, 2, 3, 4, 5, 6], ranges: [[0, 1], [0, 2]], rotations: 1, index: 1) == 1)",
      "timestamp": 1665509863,
      "stdout": "",
      "stderr": "/tmp/tmpmr5wc2o0.swift:6:15: error: cannot find 'rotate' in scope\n        arr = rotate(arr: arr, from: range[0], to: range[1])\n              ^~~~~~\n",
      "exit_code": 1,
      "status": "SyntaxError"
    },
    {
      "program": "\n/// Write a python function to find element at a given index after number of rotations.\nfunc find_Element(arr: [Int], ranges: [[Int]], rotations: Int, index: Int) -> Int {\n    var arr = arr\n    for range in ranges {\n        arr = rotate(arr: arr, range: range)\n    }\n    return arr[index]\n}\n\n\nfunc ==(left: [(Int, Int)], right: [(Int, Int)]) -> Bool {\n    if left.count != right.count {\n        return false\n    }\n    for (l, r) in zip(left, right) {\n        if l != r {\n            return false\n        }\n    }\n    return true\n}\n            \nassert(find_Element(arr: [1, 2, 3, 4, 5], ranges: [[0, 2], [0, 3]], rotations: 2, index: 1) == 3)\nassert(find_Element(arr: [1, 2, 3, 4], ranges: [[0, 1], [0, 2]], rotations: 1, index: 2) == 3)\nassert(find_Element(arr: [1, 2, 3, 4, 5, 6], ranges: [[0, 1], [0, 2]], rotations: 1, index: 1) == 1)",
      "timestamp": 1665509863,
      "stdout": "",
      "stderr": "/tmp/tmpwq51m1eh.swift:6:15: error: cannot find 'rotate' in scope\n        arr = rotate(arr: arr, range: range)\n              ^~~~~~\n",
      "exit_code": 1,
      "status": "SyntaxError"
    },
    {
      "program": "\n/// Write a python function to find element at a given index after number of rotations.\nfunc find_Element(arr: [Int], ranges: [[Int]], rotations: Int, index: Int) -> Int {\n    var arr = arr\n    for range in ranges {\n        arr = rotate(arr: arr, start: range[0], end: range[1])\n    }\n    return arr[index]\n}\n\n\nfunc ==(left: [(Int, Int)], right: [(Int, Int)]) -> Bool {\n    if left.count != right.count {\n        return false\n    }\n    for (l, r) in zip(left, right) {\n        if l != r {\n            return false\n        }\n    }\n    return true\n}\n            \nassert(find_Element(arr: [1, 2, 3, 4, 5], ranges: [[0, 2], [0, 3]], rotations: 2, index: 1) == 3)\nassert(find_Element(arr: [1, 2, 3, 4], ranges: [[0, 1], [0, 2]], rotations: 1, index: 2) == 3)\nassert(find_Element(arr: [1, 2, 3, 4, 5, 6], ranges: [[0, 1], [0, 2]], rotations: 1, index: 1) == 1)",
      "timestamp": 1665509863,
      "stdout": "",
      "stderr": "/tmp/tmpd7ydap_k.swift:6:15: error: cannot find 'rotate' in scope\n        arr = rotate(arr: arr, start: range[0], end: range[1])\n              ^~~~~~\n",
      "exit_code": 1,
      "status": "SyntaxError"
    },
    {
      "program": "\n/// Write a python function to find element at a given index after number of rotations.\nfunc find_Element(arr: [Int], ranges: [[Int]], rotations: Int, index: Int) -> Int {\n    var arr = arr\n    for range in ranges {\n        arr = rotate(arr: arr, range: range)\n    }\n    return arr[index]\n}\n\n\nfunc ==(left: [(Int, Int)], right: [(Int, Int)]) -> Bool {\n    if left.count != right.count {\n        return false\n    }\n    for (l, r) in zip(left, right) {\n        if l != r {\n            return false\n        }\n    }\n    return true\n}\n            \nassert(find_Element(arr: [1, 2, 3, 4, 5], ranges: [[0, 2], [0, 3]], rotations: 2, index: 1) == 3)\nassert(find_Element(arr: [1, 2, 3, 4], ranges: [[0, 1], [0, 2]], rotations: 1, index: 2) == 3)\nassert(find_Element(arr: [1, 2, 3, 4, 5, 6], ranges: [[0, 1], [0, 2]], rotations: 1, index: 1) == 1)",
      "timestamp": 1665509863,
      "stdout": "",
      "stderr": "/tmp/tmpwq51m1eh.swift:6:15: error: cannot find 'rotate' in scope\n        arr = rotate(arr: arr, range: range)\n              ^~~~~~\n",
      "exit_code": 1,
      "status": "SyntaxError"
    },
    {
      "program": "\n/// Write a python function to find element at a given index after number of rotations.\nfunc find_Element(arr: [Int], ranges: [[Int]], rotations: Int, index: Int) -> Int {\n    var arr = arr\n    for range in ranges {\n        arr = rotate(arr: arr, range: range)\n    }\n    return arr[index]\n}\n\n\nfunc ==(left: [(Int, Int)], right: [(Int, Int)]) -> Bool {\n    if left.count != right.count {\n        return false\n    }\n    for (l, r) in zip(left, right) {\n        if l != r {\n            return false\n        }\n    }\n    return true\n}\n            \nassert(find_Element(arr: [1, 2, 3, 4, 5], ranges: [[0, 2], [0, 3]], rotations: 2, index: 1) == 3)\nassert(find_Element(arr: [1, 2, 3, 4], ranges: [[0, 1], [0, 2]], rotations: 1, index: 2) == 3)\nassert(find_Element(arr: [1, 2, 3, 4, 5, 6], ranges: [[0, 1], [0, 2]], rotations: 1, index: 1) == 1)",
      "timestamp": 1665509863,
      "stdout": "",
      "stderr": "/tmp/tmpwq51m1eh.swift:6:15: error: cannot find 'rotate' in scope\n        arr = rotate(arr: arr, range: range)\n              ^~~~~~\n",
      "exit_code": 1,
      "status": "SyntaxError"
    },
    {
      "program": "\n/// Write a python function to find element at a given index after number of rotations.\nfunc find_Element(arr: [Int], ranges: [[Int]], rotations: Int, index: Int) -> Int {\n    var arr = arr\n    for range in ranges {\n        arr = rotate(arr: arr, range: range)\n    }\n    return arr[index]\n}\n\n\nfunc ==(left: [(Int, Int)], right: [(Int, Int)]) -> Bool {\n    if left.count != right.count {\n        return false\n    }\n    for (l, r) in zip(left, right) {\n        if l != r {\n            return false\n        }\n    }\n    return true\n}\n            \nassert(find_Element(arr: [1, 2, 3, 4, 5], ranges: [[0, 2], [0, 3]], rotations: 2, index: 1) == 3)\nassert(find_Element(arr: [1, 2, 3, 4], ranges: [[0, 1], [0, 2]], rotations: 1, index: 2) == 3)\nassert(find_Element(arr: [1, 2, 3, 4, 5, 6], ranges: [[0, 1], [0, 2]], rotations: 1, index: 1) == 1)",
      "timestamp": 1665509863,
      "stdout": "",
      "stderr": "/tmp/tmpwq51m1eh.swift:6:15: error: cannot find 'rotate' in scope\n        arr = rotate(arr: arr, range: range)\n              ^~~~~~\n",
      "exit_code": 1,
      "status": "SyntaxError"
    },
    {
      "program": "\n/// Write a python function to find element at a given index after number of rotations.\nfunc find_Element(arr: [Int], ranges: [[Int]], rotations: Int, index: Int) -> Int {\n    var arr = arr\n    for range in ranges {\n        arr = rotate(arr: arr, start: range[0], end: range[1])\n    }\n    return arr[index]\n}\n\n\nfunc ==(left: [(Int, Int)], right: [(Int, Int)]) -> Bool {\n    if left.count != right.count {\n        return false\n    }\n    for (l, r) in zip(left, right) {\n        if l != r {\n            return false\n        }\n    }\n    return true\n}\n            \nassert(find_Element(arr: [1, 2, 3, 4, 5], ranges: [[0, 2], [0, 3]], rotations: 2, index: 1) == 3)\nassert(find_Element(arr: [1, 2, 3, 4], ranges: [[0, 1], [0, 2]], rotations: 1, index: 2) == 3)\nassert(find_Element(arr: [1, 2, 3, 4, 5, 6], ranges: [[0, 1], [0, 2]], rotations: 1, index: 1) == 1)",
      "timestamp": 1665509863,
      "stdout": "",
      "stderr": "/tmp/tmpd7ydap_k.swift:6:15: error: cannot find 'rotate' in scope\n        arr = rotate(arr: arr, start: range[0], end: range[1])\n              ^~~~~~\n",
      "exit_code": 1,
      "status": "SyntaxError"
    },
    {
      "program": "\n/// Write a python function to find element at a given index after number of rotations.\nfunc find_Element(arr: [Int], ranges: [[Int]], rotations: Int, index: Int) -> Int {\n    var arr = arr\n    for range in ranges {\n        arr = rotate(arr: arr, range: range)\n    }\n    return arr[index]\n}\n\n\nfunc ==(left: [(Int, Int)], right: [(Int, Int)]) -> Bool {\n    if left.count != right.count {\n        return false\n    }\n    for (l, r) in zip(left, right) {\n        if l != r {\n            return false\n        }\n    }\n    return true\n}\n            \nassert(find_Element(arr: [1, 2, 3, 4, 5], ranges: [[0, 2], [0, 3]], rotations: 2, index: 1) == 3)\nassert(find_Element(arr: [1, 2, 3, 4], ranges: [[0, 1], [0, 2]], rotations: 1, index: 2) == 3)\nassert(find_Element(arr: [1, 2, 3, 4, 5, 6], ranges: [[0, 1], [0, 2]], rotations: 1, index: 1) == 1)",
      "timestamp": 1665509863,
      "stdout": "",
      "stderr": "/tmp/tmpwq51m1eh.swift:6:15: error: cannot find 'rotate' in scope\n        arr = rotate(arr: arr, range: range)\n              ^~~~~~\n",
      "exit_code": 1,
      "status": "SyntaxError"
    },
    {
      "program": "\n/// Write a python function to find element at a given index after number of rotations.\nfunc find_Element(arr: [Int], ranges: [[Int]], rotations: Int, index: Int) -> Int {\n    var arr = arr\n    for range in ranges {\n        arr = rotate_Array(arr: arr, range: range)\n    }\n    return arr[index]\n}\n\n\nfunc ==(left: [(Int, Int)], right: [(Int, Int)]) -> Bool {\n    if left.count != right.count {\n        return false\n    }\n    for (l, r) in zip(left, right) {\n        if l != r {\n            return false\n        }\n    }\n    return true\n}\n            \nassert(find_Element(arr: [1, 2, 3, 4, 5], ranges: [[0, 2], [0, 3]], rotations: 2, index: 1) == 3)\nassert(find_Element(arr: [1, 2, 3, 4], ranges: [[0, 1], [0, 2]], rotations: 1, index: 2) == 3)\nassert(find_Element(arr: [1, 2, 3, 4, 5, 6], ranges: [[0, 1], [0, 2]], rotations: 1, index: 1) == 1)",
      "timestamp": 1665509863,
      "stdout": "",
      "stderr": "/tmp/tmp4fnwuv6n.swift:6:15: error: cannot find 'rotate_Array' in scope\n        arr = rotate_Array(arr: arr, range: range)\n              ^~~~~~~~~~~~\n",
      "exit_code": 1,
      "status": "SyntaxError"
    },
    {
      "program": "\n/// Write a python function to find element at a given index after number of rotations.\nfunc find_Element(arr: [Int], ranges: [[Int]], rotations: Int, index: Int) -> Int {\n    var arr = arr\n    for range in ranges {\n        arr = rotate(arr: arr, range: range)\n    }\n    return arr[index]\n}\n\n\nfunc ==(left: [(Int, Int)], right: [(Int, Int)]) -> Bool {\n    if left.count != right.count {\n        return false\n    }\n    for (l, r) in zip(left, right) {\n        if l != r {\n            return false\n        }\n    }\n    return true\n}\n            \nassert(find_Element(arr: [1, 2, 3, 4, 5], ranges: [[0, 2], [0, 3]], rotations: 2, index: 1) == 3)\nassert(find_Element(arr: [1, 2, 3, 4], ranges: [[0, 1], [0, 2]], rotations: 1, index: 2) == 3)\nassert(find_Element(arr: [1, 2, 3, 4, 5, 6], ranges: [[0, 1], [0, 2]], rotations: 1, index: 1) == 1)",
      "timestamp": 1665509863,
      "stdout": "",
      "stderr": "/tmp/tmpwq51m1eh.swift:6:15: error: cannot find 'rotate' in scope\n        arr = rotate(arr: arr, range: range)\n              ^~~~~~\n",
      "exit_code": 1,
      "status": "SyntaxError"
    },
    {
      "program": "\n/// Write a python function to find element at a given index after number of rotations.\nfunc find_Element(arr: [Int], ranges: [[Int]], rotations: Int, index: Int) -> Int {\n    var arr = arr\n    for range in ranges {\n        arr = rotate(arr: arr, range: range)\n    }\n    return arr[index]\n}\n\n\nfunc ==(left: [(Int, Int)], right: [(Int, Int)]) -> Bool {\n    if left.count != right.count {\n        return false\n    }\n    for (l, r) in zip(left, right) {\n        if l != r {\n            return false\n        }\n    }\n    return true\n}\n            \nassert(find_Element(arr: [1, 2, 3, 4, 5], ranges: [[0, 2], [0, 3]], rotations: 2, index: 1) == 3)\nassert(find_Element(arr: [1, 2, 3, 4], ranges: [[0, 1], [0, 2]], rotations: 1, index: 2) == 3)\nassert(find_Element(arr: [1, 2, 3, 4, 5, 6], ranges: [[0, 1], [0, 2]], rotations: 1, index: 1) == 1)",
      "timestamp": 1665509863,
      "stdout": "",
      "stderr": "/tmp/tmpwq51m1eh.swift:6:15: error: cannot find 'rotate' in scope\n        arr = rotate(arr: arr, range: range)\n              ^~~~~~\n",
      "exit_code": 1,
      "status": "SyntaxError"
    },
    {
      "program": "\n/// Write a python function to find element at a given index after number of rotations.\nfunc find_Element(arr: [Int], ranges: [[Int]], rotations: Int, index: Int) -> Int {\n    var arr = arr\n    var ranges = ranges\n    var rotations = rotations\n    var index = index\n    \n    while rotations > 0 {\n        var temp = arr[ranges[0][0]]\n        for i in ranges[0][0]..<ranges[0][1] {\n            arr[i] = arr[i+1]\n        }\n        arr[ranges[0][1]] = temp\n        rotations -= 1\n    }\n    return arr[index]\n}\n\n\nfunc ==(left: [(Int, Int)], right: [(Int, Int)]) -> Bool {\n    if left.count != right.count {\n        return false\n    }\n    for (l, r) in zip(left, right) {\n        if l != r {\n            return false\n        }\n    }\n    return true\n}\n            \nassert(find_Element(arr: [1, 2, 3, 4, 5], ranges: [[0, 2], [0, 3]], rotations: 2, index: 1) == 3)\nassert(find_Element(arr: [1, 2, 3, 4], ranges: [[0, 1], [0, 2]], rotations: 1, index: 2) == 3)\nassert(find_Element(arr: [1, 2, 3, 4, 5, 6], ranges: [[0, 1], [0, 2]], rotations: 1, index: 1) == 1)",
      "timestamp": 1666122826,
      "stdout": "",
      "stderr": "tmpxofsgz8o/tmpxofsgz8o.swift:33: Assertion failed\nCurrent stack trace:\n0    libswiftCore.so                    0x00002b7976d72c80 _swift_stdlib_reportFatalErrorInFile + 112\n1    libswiftCore.so                    0x00002b7976a69b6c <unavailable> + 1436524\n2    libswiftCore.so                    0x00002b7976a69988 <unavailable> + 1436040\n3    libswiftCore.so                    0x00002b7976a687b0 _assertionFailure(_:_:file:line:flags:) + 699\n4    tmpxofsgz8o                        0x000056033c8d664c <unavailable> + 5708\n5    libc.so.6                          0x00002b7976f5e460 __libc_start_main + 245\n6    tmpxofsgz8o                        0x000056033c8d61e9 <unavailable> + 4585\n",
      "exit_code": -4,
      "status": "Exception"
    },
    {
      "program": "\n/// Write a python function to find element at a given index after number of rotations.\nfunc find_Element(arr: [Int], ranges: [[Int]], rotations: Int, index: Int) -> Int {\n    var arr = arr\n    for range in ranges {\n        arr = rotate_Array(arr: arr, range: range)\n    }\n    return arr[index]\n}\n\n\nfunc ==(left: [(Int, Int)], right: [(Int, Int)]) -> Bool {\n    if left.count != right.count {\n        return false\n    }\n    for (l, r) in zip(left, right) {\n        if l != r {\n            return false\n        }\n    }\n    return true\n}\n            \nassert(find_Element(arr: [1, 2, 3, 4, 5], ranges: [[0, 2], [0, 3]], rotations: 2, index: 1) == 3)\nassert(find_Element(arr: [1, 2, 3, 4], ranges: [[0, 1], [0, 2]], rotations: 1, index: 2) == 3)\nassert(find_Element(arr: [1, 2, 3, 4, 5, 6], ranges: [[0, 1], [0, 2]], rotations: 1, index: 1) == 1)",
      "timestamp": 1665509863,
      "stdout": "",
      "stderr": "/tmp/tmp4fnwuv6n.swift:6:15: error: cannot find 'rotate_Array' in scope\n        arr = rotate_Array(arr: arr, range: range)\n              ^~~~~~~~~~~~\n",
      "exit_code": 1,
      "status": "SyntaxError"
    },
    {
      "program": "\n/// Write a python function to find element at a given index after number of rotations.\nfunc find_Element(arr: [Int], ranges: [[Int]], rotations: Int, index: Int) -> Int {\n    var arr = arr\n    for range in ranges {\n        arr = rotate(arr: arr, range: range)\n    }\n    return arr[index]\n}\n\n\nfunc ==(left: [(Int, Int)], right: [(Int, Int)]) -> Bool {\n    if left.count != right.count {\n        return false\n    }\n    for (l, r) in zip(left, right) {\n        if l != r {\n            return false\n        }\n    }\n    return true\n}\n            \nassert(find_Element(arr: [1, 2, 3, 4, 5], ranges: [[0, 2], [0, 3]], rotations: 2, index: 1) == 3)\nassert(find_Element(arr: [1, 2, 3, 4], ranges: [[0, 1], [0, 2]], rotations: 1, index: 2) == 3)\nassert(find_Element(arr: [1, 2, 3, 4, 5, 6], ranges: [[0, 1], [0, 2]], rotations: 1, index: 1) == 1)",
      "timestamp": 1665509863,
      "stdout": "",
      "stderr": "/tmp/tmpwq51m1eh.swift:6:15: error: cannot find 'rotate' in scope\n        arr = rotate(arr: arr, range: range)\n              ^~~~~~\n",
      "exit_code": 1,
      "status": "SyntaxError"
    },
    {
      "program": "\n/// Write a python function to find element at a given index after number of rotations.\nfunc find_Element(arr: [Int], ranges: [[Int]], rotations: Int, index: Int) -> Int {\n    var arr = arr\n    for range in ranges {\n        arr = rotate(arr: arr, range: range)\n    }\n    return arr[index]\n}\n\n\nfunc ==(left: [(Int, Int)], right: [(Int, Int)]) -> Bool {\n    if left.count != right.count {\n        return false\n    }\n    for (l, r) in zip(left, right) {\n        if l != r {\n            return false\n        }\n    }\n    return true\n}\n            \nassert(find_Element(arr: [1, 2, 3, 4, 5], ranges: [[0, 2], [0, 3]], rotations: 2, index: 1) == 3)\nassert(find_Element(arr: [1, 2, 3, 4], ranges: [[0, 1], [0, 2]], rotations: 1, index: 2) == 3)\nassert(find_Element(arr: [1, 2, 3, 4, 5, 6], ranges: [[0, 1], [0, 2]], rotations: 1, index: 1) == 1)",
      "timestamp": 1665509863,
      "stdout": "",
      "stderr": "/tmp/tmpwq51m1eh.swift:6:15: error: cannot find 'rotate' in scope\n        arr = rotate(arr: arr, range: range)\n              ^~~~~~\n",
      "exit_code": 1,
      "status": "SyntaxError"
    },
    {
      "program": "\n/// Write a python function to find element at a given index after number of rotations.\nfunc find_Element(arr: [Int], ranges: [[Int]], rotations: Int, index: Int) -> Int {\n    let n = arr.count\n    let k = rotations % n\n    let m = index % n\n    let i = (m + n - k) % n\n    return arr[i]\n}\n\n\nfunc ==(left: [(Int, Int)], right: [(Int, Int)]) -> Bool {\n    if left.count != right.count {\n        return false\n    }\n    for (l, r) in zip(left, right) {\n        if l != r {\n            return false\n        }\n    }\n    return true\n}\n            \nassert(find_Element(arr: [1, 2, 3, 4, 5], ranges: [[0, 2], [0, 3]], rotations: 2, index: 1) == 3)\nassert(find_Element(arr: [1, 2, 3, 4], ranges: [[0, 1], [0, 2]], rotations: 1, index: 2) == 3)\nassert(find_Element(arr: [1, 2, 3, 4, 5, 6], ranges: [[0, 1], [0, 2]], rotations: 1, index: 1) == 1)",
      "timestamp": 1666122826,
      "stdout": "",
      "stderr": "tmpx3anj1y3/tmpx3anj1y3.swift:24: Assertion failed\nCurrent stack trace:\n0    libswiftCore.so                    0x00002af7d50aec80 _swift_stdlib_reportFatalErrorInFile + 112\n1    libswiftCore.so                    0x00002af7d4da5b6c <unavailable> + 1436524\n2    libswiftCore.so                    0x00002af7d4da5988 <unavailable> + 1436040\n3    libswiftCore.so                    0x00002af7d4da47b0 _assertionFailure(_:_:file:line:flags:) + 699\n4    tmpx3anj1y3                        0x0000560161b4d51c <unavailable> + 5404\n5    libc.so.6                          0x00002af7d529a460 __libc_start_main + 245\n6    tmpx3anj1y3                        0x0000560161b4d0b9 <unavailable> + 4281\n",
      "exit_code": -4,
      "status": "Exception"
    },
    {
      "program": "\n/// Write a python function to find element at a given index after number of rotations.\nfunc find_Element(arr: [Int], ranges: [[Int]], rotations: Int, index: Int) -> Int {\n    var arr = arr\n    var ranges = ranges\n    var rotations = rotations\n    var index = index\n    \n    for _ in 0..<rotations {\n        let range = ranges.removeFirst()\n        let subArray = arr[range[0]...range[1]]\n        arr.replaceSubrange(range[0]...range[1], with: subArray.reversed())\n    }\n    \n    return arr[index]\n}\n\n\nfunc ==(left: [(Int, Int)], right: [(Int, Int)]) -> Bool {\n    if left.count != right.count {\n        return false\n    }\n    for (l, r) in zip(left, right) {\n        if l != r {\n            return false\n        }\n    }\n    return true\n}\n            \nassert(find_Element(arr: [1, 2, 3, 4, 5], ranges: [[0, 2], [0, 3]], rotations: 2, index: 1) == 3)\nassert(find_Element(arr: [1, 2, 3, 4], ranges: [[0, 1], [0, 2]], rotations: 1, index: 2) == 3)\nassert(find_Element(arr: [1, 2, 3, 4, 5, 6], ranges: [[0, 1], [0, 2]], rotations: 1, index: 1) == 1)",
      "timestamp": 1666122826,
      "stdout": "",
      "stderr": "tmp_1t18t85/tmp_1t18t85.swift:31: Assertion failed\nCurrent stack trace:\n0    libswiftCore.so                    0x00002b9f5504ec80 _swift_stdlib_reportFatalErrorInFile + 112\n1    libswiftCore.so                    0x00002b9f54d45b6c <unavailable> + 1436524\n2    libswiftCore.so                    0x00002b9f54d45988 <unavailable> + 1436040\n3    libswiftCore.so                    0x00002b9f54d447b0 _assertionFailure(_:_:file:line:flags:) + 699\n4    tmp_1t18t85                        0x000055b1e009998c <unavailable> + 6540\n5    libc.so.6                          0x00002b9f5523a460 __libc_start_main + 245\n6    tmp_1t18t85                        0x000055b1e0099529 <unavailable> + 5417\n",
      "exit_code": -4,
      "status": "Exception"
    },
    {
      "program": "\n/// Write a python function to find element at a given index after number of rotations.\nfunc find_Element(arr: [Int], ranges: [[Int]], rotations: Int, index: Int) -> Int {\n    var arr = arr\n    for range in ranges {\n        arr = rotate(arr: arr, range: range)\n    }\n    return arr[index]\n}\n\n\nfunc ==(left: [(Int, Int)], right: [(Int, Int)]) -> Bool {\n    if left.count != right.count {\n        return false\n    }\n    for (l, r) in zip(left, right) {\n        if l != r {\n            return false\n        }\n    }\n    return true\n}\n            \nassert(find_Element(arr: [1, 2, 3, 4, 5], ranges: [[0, 2], [0, 3]], rotations: 2, index: 1) == 3)\nassert(find_Element(arr: [1, 2, 3, 4], ranges: [[0, 1], [0, 2]], rotations: 1, index: 2) == 3)\nassert(find_Element(arr: [1, 2, 3, 4, 5, 6], ranges: [[0, 1], [0, 2]], rotations: 1, index: 1) == 1)",
      "timestamp": 1665509863,
      "stdout": "",
      "stderr": "/tmp/tmpwq51m1eh.swift:6:15: error: cannot find 'rotate' in scope\n        arr = rotate(arr: arr, range: range)\n              ^~~~~~\n",
      "exit_code": 1,
      "status": "SyntaxError"
    },
    {
      "program": "\n/// Write a python function to find element at a given index after number of rotations.\nfunc find_Element(arr: [Int], ranges: [[Int]], rotations: Int, index: Int) -> Int {\n    var arr = arr\n    for range in ranges {\n        arr = rotate(arr: arr, range: range)\n    }\n    return arr[index]\n}\n\n\nfunc ==(left: [(Int, Int)], right: [(Int, Int)]) -> Bool {\n    if left.count != right.count {\n        return false\n    }\n    for (l, r) in zip(left, right) {\n        if l != r {\n            return false\n        }\n    }\n    return true\n}\n            \nassert(find_Element(arr: [1, 2, 3, 4, 5], ranges: [[0, 2], [0, 3]], rotations: 2, index: 1) == 3)\nassert(find_Element(arr: [1, 2, 3, 4], ranges: [[0, 1], [0, 2]], rotations: 1, index: 2) == 3)\nassert(find_Element(arr: [1, 2, 3, 4, 5, 6], ranges: [[0, 1], [0, 2]], rotations: 1, index: 1) == 1)",
      "timestamp": 1665509863,
      "stdout": "",
      "stderr": "/tmp/tmpwq51m1eh.swift:6:15: error: cannot find 'rotate' in scope\n        arr = rotate(arr: arr, range: range)\n              ^~~~~~\n",
      "exit_code": 1,
      "status": "SyntaxError"
    },
    {
      "program": "\n/// Write a python function to find element at a given index after number of rotations.\nfunc find_Element(arr: [Int], ranges: [[Int]], rotations: Int, index: Int) -> Int {\n    var arr = arr\n    for range in ranges {\n        arr = rotate(arr: arr, range: range)\n    }\n    return arr[index]\n}\n\n\nfunc ==(left: [(Int, Int)], right: [(Int, Int)]) -> Bool {\n    if left.count != right.count {\n        return false\n    }\n    for (l, r) in zip(left, right) {\n        if l != r {\n            return false\n        }\n    }\n    return true\n}\n            \nassert(find_Element(arr: [1, 2, 3, 4, 5], ranges: [[0, 2], [0, 3]], rotations: 2, index: 1) == 3)\nassert(find_Element(arr: [1, 2, 3, 4], ranges: [[0, 1], [0, 2]], rotations: 1, index: 2) == 3)\nassert(find_Element(arr: [1, 2, 3, 4, 5, 6], ranges: [[0, 1], [0, 2]], rotations: 1, index: 1) == 1)",
      "timestamp": 1665509863,
      "stdout": "",
      "stderr": "/tmp/tmpwq51m1eh.swift:6:15: error: cannot find 'rotate' in scope\n        arr = rotate(arr: arr, range: range)\n              ^~~~~~\n",
      "exit_code": 1,
      "status": "SyntaxError"
    },
    {
      "program": "\n/// Write a python function to find element at a given index after number of rotations.\nfunc find_Element(arr: [Int], ranges: [[Int]], rotations: Int, index: Int) -> Int {\n    var arr = arr\n    for range in ranges {\n        arr = rotate(arr: arr, range: range)\n    }\n    return arr[index]\n}\n\n\nfunc ==(left: [(Int, Int)], right: [(Int, Int)]) -> Bool {\n    if left.count != right.count {\n        return false\n    }\n    for (l, r) in zip(left, right) {\n        if l != r {\n            return false\n        }\n    }\n    return true\n}\n            \nassert(find_Element(arr: [1, 2, 3, 4, 5], ranges: [[0, 2], [0, 3]], rotations: 2, index: 1) == 3)\nassert(find_Element(arr: [1, 2, 3, 4], ranges: [[0, 1], [0, 2]], rotations: 1, index: 2) == 3)\nassert(find_Element(arr: [1, 2, 3, 4, 5, 6], ranges: [[0, 1], [0, 2]], rotations: 1, index: 1) == 1)",
      "timestamp": 1665509863,
      "stdout": "",
      "stderr": "/tmp/tmpwq51m1eh.swift:6:15: error: cannot find 'rotate' in scope\n        arr = rotate(arr: arr, range: range)\n              ^~~~~~\n",
      "exit_code": 1,
      "status": "SyntaxError"
    },
    {
      "program": "\n/// Write a python function to find element at a given index after number of rotations.\nfunc find_Element(arr: [Int], ranges: [[Int]], rotations: Int, index: Int) -> Int {\n    var arr = arr\n    for range in ranges {\n        arr = rotate_Array(arr: arr, range: range)\n    }\n    return arr[index]\n}\n\n\nfunc ==(left: [(Int, Int)], right: [(Int, Int)]) -> Bool {\n    if left.count != right.count {\n        return false\n    }\n    for (l, r) in zip(left, right) {\n        if l != r {\n            return false\n        }\n    }\n    return true\n}\n            \nassert(find_Element(arr: [1, 2, 3, 4, 5], ranges: [[0, 2], [0, 3]], rotations: 2, index: 1) == 3)\nassert(find_Element(arr: [1, 2, 3, 4], ranges: [[0, 1], [0, 2]], rotations: 1, index: 2) == 3)\nassert(find_Element(arr: [1, 2, 3, 4, 5, 6], ranges: [[0, 1], [0, 2]], rotations: 1, index: 1) == 1)",
      "timestamp": 1665509863,
      "stdout": "",
      "stderr": "/tmp/tmp4fnwuv6n.swift:6:15: error: cannot find 'rotate_Array' in scope\n        arr = rotate_Array(arr: arr, range: range)\n              ^~~~~~~~~~~~\n",
      "exit_code": 1,
      "status": "SyntaxError"
    },
    {
      "program": "\n/// Write a python function to find element at a given index after number of rotations.\nfunc find_Element(arr: [Int], ranges: [[Int]], rotations: Int, index: Int) -> Int {\n    var arr = arr\n    for range in ranges {\n        arr = rotate(arr: arr, range: range)\n    }\n    return arr[index]\n}\n\n\nfunc ==(left: [(Int, Int)], right: [(Int, Int)]) -> Bool {\n    if left.count != right.count {\n        return false\n    }\n    for (l, r) in zip(left, right) {\n        if l != r {\n            return false\n        }\n    }\n    return true\n}\n            \nassert(find_Element(arr: [1, 2, 3, 4, 5], ranges: [[0, 2], [0, 3]], rotations: 2, index: 1) == 3)\nassert(find_Element(arr: [1, 2, 3, 4], ranges: [[0, 1], [0, 2]], rotations: 1, index: 2) == 3)\nassert(find_Element(arr: [1, 2, 3, 4, 5, 6], ranges: [[0, 1], [0, 2]], rotations: 1, index: 1) == 1)",
      "timestamp": 1665509863,
      "stdout": "",
      "stderr": "/tmp/tmpwq51m1eh.swift:6:15: error: cannot find 'rotate' in scope\n        arr = rotate(arr: arr, range: range)\n              ^~~~~~\n",
      "exit_code": 1,
      "status": "SyntaxError"
    },
    {
      "program": "\n/// Write a python function to find element at a given index after number of rotations.\nfunc find_Element(arr: [Int], ranges: [[Int]], rotations: Int, index: Int) -> Int {\n    var arr = arr\n    for range in ranges {\n        arr = rotate(arr: arr, range: range)\n    }\n    return arr[index]\n}\n\n\nfunc ==(left: [(Int, Int)], right: [(Int, Int)]) -> Bool {\n    if left.count != right.count {\n        return false\n    }\n    for (l, r) in zip(left, right) {\n        if l != r {\n            return false\n        }\n    }\n    return true\n}\n            \nassert(find_Element(arr: [1, 2, 3, 4, 5], ranges: [[0, 2], [0, 3]], rotations: 2, index: 1) == 3)\nassert(find_Element(arr: [1, 2, 3, 4], ranges: [[0, 1], [0, 2]], rotations: 1, index: 2) == 3)\nassert(find_Element(arr: [1, 2, 3, 4, 5, 6], ranges: [[0, 1], [0, 2]], rotations: 1, index: 1) == 1)",
      "timestamp": 1665509863,
      "stdout": "",
      "stderr": "/tmp/tmpwq51m1eh.swift:6:15: error: cannot find 'rotate' in scope\n        arr = rotate(arr: arr, range: range)\n              ^~~~~~\n",
      "exit_code": 1,
      "status": "SyntaxError"
    },
    {
      "program": "\n/// Write a python function to find element at a given index after number of rotations.\nfunc find_Element(arr: [Int], ranges: [[Int]], rotations: Int, index: Int) -> Int {\n    var arr = arr\n    for range in ranges {\n        arr = rotate(arr: arr, from: range[0], to: range[1])\n    }\n    return arr[index]\n}\n\n\nfunc ==(left: [(Int, Int)], right: [(Int, Int)]) -> Bool {\n    if left.count != right.count {\n        return false\n    }\n    for (l, r) in zip(left, right) {\n        if l != r {\n            return false\n        }\n    }\n    return true\n}\n            \nassert(find_Element(arr: [1, 2, 3, 4, 5], ranges: [[0, 2], [0, 3]], rotations: 2, index: 1) == 3)\nassert(find_Element(arr: [1, 2, 3, 4], ranges: [[0, 1], [0, 2]], rotations: 1, index: 2) == 3)\nassert(find_Element(arr: [1, 2, 3, 4, 5, 6], ranges: [[0, 1], [0, 2]], rotations: 1, index: 1) == 1)",
      "timestamp": 1665509863,
      "stdout": "",
      "stderr": "/tmp/tmpmr5wc2o0.swift:6:15: error: cannot find 'rotate' in scope\n        arr = rotate(arr: arr, from: range[0], to: range[1])\n              ^~~~~~\n",
      "exit_code": 1,
      "status": "SyntaxError"
    },
    {
      "program": "\n/// Write a python function to find element at a given index after number of rotations.\nfunc find_Element(arr: [Int], ranges: [[Int]], rotations: Int, index: Int) -> Int {\n    var arr = arr\n    for range in ranges {\n        arr = rotate(arr: arr, start: range[0], end: range[1])\n    }\n    return arr[index]\n}\n\n\nfunc ==(left: [(Int, Int)], right: [(Int, Int)]) -> Bool {\n    if left.count != right.count {\n        return false\n    }\n    for (l, r) in zip(left, right) {\n        if l != r {\n            return false\n        }\n    }\n    return true\n}\n            \nassert(find_Element(arr: [1, 2, 3, 4, 5], ranges: [[0, 2], [0, 3]], rotations: 2, index: 1) == 3)\nassert(find_Element(arr: [1, 2, 3, 4], ranges: [[0, 1], [0, 2]], rotations: 1, index: 2) == 3)\nassert(find_Element(arr: [1, 2, 3, 4, 5, 6], ranges: [[0, 1], [0, 2]], rotations: 1, index: 1) == 1)",
      "timestamp": 1665509863,
      "stdout": "",
      "stderr": "/tmp/tmpd7ydap_k.swift:6:15: error: cannot find 'rotate' in scope\n        arr = rotate(arr: arr, start: range[0], end: range[1])\n              ^~~~~~\n",
      "exit_code": 1,
      "status": "SyntaxError"
    },
    {
      "program": "\n/// Write a python function to find element at a given index after number of rotations.\nfunc find_Element(arr: [Int], ranges: [[Int]], rotations: Int, index: Int) -> Int {\n    var arr = arr\n    for range in ranges {\n        arr = rotate(arr: arr, range: range)\n    }\n    return arr[index]\n}\n\n\nfunc ==(left: [(Int, Int)], right: [(Int, Int)]) -> Bool {\n    if left.count != right.count {\n        return false\n    }\n    for (l, r) in zip(left, right) {\n        if l != r {\n            return false\n        }\n    }\n    return true\n}\n            \nassert(find_Element(arr: [1, 2, 3, 4, 5], ranges: [[0, 2], [0, 3]], rotations: 2, index: 1) == 3)\nassert(find_Element(arr: [1, 2, 3, 4], ranges: [[0, 1], [0, 2]], rotations: 1, index: 2) == 3)\nassert(find_Element(arr: [1, 2, 3, 4, 5, 6], ranges: [[0, 1], [0, 2]], rotations: 1, index: 1) == 1)",
      "timestamp": 1665509863,
      "stdout": "",
      "stderr": "/tmp/tmpwq51m1eh.swift:6:15: error: cannot find 'rotate' in scope\n        arr = rotate(arr: arr, range: range)\n              ^~~~~~\n",
      "exit_code": 1,
      "status": "SyntaxError"
    },
    {
      "program": "\n/// Write a python function to find element at a given index after number of rotations.\nfunc find_Element(arr: [Int], ranges: [[Int]], rotations: Int, index: Int) -> Int {\n    var arr = arr\n    for range in ranges {\n        arr = rotate(arr: arr, range: range)\n    }\n    return arr[index]\n}\n\n\nfunc ==(left: [(Int, Int)], right: [(Int, Int)]) -> Bool {\n    if left.count != right.count {\n        return false\n    }\n    for (l, r) in zip(left, right) {\n        if l != r {\n            return false\n        }\n    }\n    return true\n}\n            \nassert(find_Element(arr: [1, 2, 3, 4, 5], ranges: [[0, 2], [0, 3]], rotations: 2, index: 1) == 3)\nassert(find_Element(arr: [1, 2, 3, 4], ranges: [[0, 1], [0, 2]], rotations: 1, index: 2) == 3)\nassert(find_Element(arr: [1, 2, 3, 4, 5, 6], ranges: [[0, 1], [0, 2]], rotations: 1, index: 1) == 1)",
      "timestamp": 1665509863,
      "stdout": "",
      "stderr": "/tmp/tmpwq51m1eh.swift:6:15: error: cannot find 'rotate' in scope\n        arr = rotate(arr: arr, range: range)\n              ^~~~~~\n",
      "exit_code": 1,
      "status": "SyntaxError"
    },
    {
      "program": "\n/// Write a python function to find element at a given index after number of rotations.\nfunc find_Element(arr: [Int], ranges: [[Int]], rotations: Int, index: Int) -> Int {\n    var arr = arr\n    for range in ranges {\n        arr = rotate(arr: arr, range: range)\n    }\n    return arr[index]\n}\n\n\nfunc ==(left: [(Int, Int)], right: [(Int, Int)]) -> Bool {\n    if left.count != right.count {\n        return false\n    }\n    for (l, r) in zip(left, right) {\n        if l != r {\n            return false\n        }\n    }\n    return true\n}\n            \nassert(find_Element(arr: [1, 2, 3, 4, 5], ranges: [[0, 2], [0, 3]], rotations: 2, index: 1) == 3)\nassert(find_Element(arr: [1, 2, 3, 4], ranges: [[0, 1], [0, 2]], rotations: 1, index: 2) == 3)\nassert(find_Element(arr: [1, 2, 3, 4, 5, 6], ranges: [[0, 1], [0, 2]], rotations: 1, index: 1) == 1)",
      "timestamp": 1665509863,
      "stdout": "",
      "stderr": "/tmp/tmpwq51m1eh.swift:6:15: error: cannot find 'rotate' in scope\n        arr = rotate(arr: arr, range: range)\n              ^~~~~~\n",
      "exit_code": 1,
      "status": "SyntaxError"
    },
    {
      "program": "\n/// Write a python function to find element at a given index after number of rotations.\nfunc find_Element(arr: [Int], ranges: [[Int]], rotations: Int, index: Int) -> Int {\n    var arr = arr\n    for range in ranges {\n        arr = rotate(arr: arr, range: range)\n    }\n    \n    return arr[index]\n}\n\n\nfunc ==(left: [(Int, Int)], right: [(Int, Int)]) -> Bool {\n    if left.count != right.count {\n        return false\n    }\n    for (l, r) in zip(left, right) {\n        if l != r {\n            return false\n        }\n    }\n    return true\n}\n            \nassert(find_Element(arr: [1, 2, 3, 4, 5], ranges: [[0, 2], [0, 3]], rotations: 2, index: 1) == 3)\nassert(find_Element(arr: [1, 2, 3, 4], ranges: [[0, 1], [0, 2]], rotations: 1, index: 2) == 3)\nassert(find_Element(arr: [1, 2, 3, 4, 5, 6], ranges: [[0, 1], [0, 2]], rotations: 1, index: 1) == 1)",
      "timestamp": 1666122826,
      "stdout": "",
      "stderr": "/tmp/tmpijncka_9.swift:6:15: error: cannot find 'rotate' in scope\n        arr = rotate(arr: arr, range: range)\n              ^~~~~~\n",
      "exit_code": 1,
      "status": "SyntaxError"
    },
    {
      "program": "\n/// Write a python function to find element at a given index after number of rotations.\nfunc find_Element(arr: [Int], ranges: [[Int]], rotations: Int, index: Int) -> Int {\n    var arr = arr\n    for range in ranges {\n        arr = rotate(arr: arr, range: range)\n    }\n    return arr[index]\n}\n\n\nfunc ==(left: [(Int, Int)], right: [(Int, Int)]) -> Bool {\n    if left.count != right.count {\n        return false\n    }\n    for (l, r) in zip(left, right) {\n        if l != r {\n            return false\n        }\n    }\n    return true\n}\n            \nassert(find_Element(arr: [1, 2, 3, 4, 5], ranges: [[0, 2], [0, 3]], rotations: 2, index: 1) == 3)\nassert(find_Element(arr: [1, 2, 3, 4], ranges: [[0, 1], [0, 2]], rotations: 1, index: 2) == 3)\nassert(find_Element(arr: [1, 2, 3, 4, 5, 6], ranges: [[0, 1], [0, 2]], rotations: 1, index: 1) == 1)",
      "timestamp": 1665509863,
      "stdout": "",
      "stderr": "/tmp/tmpwq51m1eh.swift:6:15: error: cannot find 'rotate' in scope\n        arr = rotate(arr: arr, range: range)\n              ^~~~~~\n",
      "exit_code": 1,
      "status": "SyntaxError"
    },
    {
      "program": "\n/// Write a python function to find element at a given index after number of rotations.\nfunc find_Element(arr: [Int], ranges: [[Int]], rotations: Int, index: Int) -> Int {\n    var arr = arr\n    for range in ranges {\n        arr = rotate(arr: arr, range: range)\n    }\n    return arr[index]\n}\n\n\nfunc ==(left: [(Int, Int)], right: [(Int, Int)]) -> Bool {\n    if left.count != right.count {\n        return false\n    }\n    for (l, r) in zip(left, right) {\n        if l != r {\n            return false\n        }\n    }\n    return true\n}\n            \nassert(find_Element(arr: [1, 2, 3, 4, 5], ranges: [[0, 2], [0, 3]], rotations: 2, index: 1) == 3)\nassert(find_Element(arr: [1, 2, 3, 4], ranges: [[0, 1], [0, 2]], rotations: 1, index: 2) == 3)\nassert(find_Element(arr: [1, 2, 3, 4, 5, 6], ranges: [[0, 1], [0, 2]], rotations: 1, index: 1) == 1)",
      "timestamp": 1665509863,
      "stdout": "",
      "stderr": "/tmp/tmpwq51m1eh.swift:6:15: error: cannot find 'rotate' in scope\n        arr = rotate(arr: arr, range: range)\n              ^~~~~~\n",
      "exit_code": 1,
      "status": "SyntaxError"
    },
    {
      "program": "\n/// Write a python function to find element at a given index after number of rotations.\nfunc find_Element(arr: [Int], ranges: [[Int]], rotations: Int, index: Int) -> Int {\n    var arr = arr\n    for range in ranges {\n        arr = rotate(arr: arr, range: range)\n    }\n    return arr[index]\n}\n\n\nfunc ==(left: [(Int, Int)], right: [(Int, Int)]) -> Bool {\n    if left.count != right.count {\n        return false\n    }\n    for (l, r) in zip(left, right) {\n        if l != r {\n            return false\n        }\n    }\n    return true\n}\n            \nassert(find_Element(arr: [1, 2, 3, 4, 5], ranges: [[0, 2], [0, 3]], rotations: 2, index: 1) == 3)\nassert(find_Element(arr: [1, 2, 3, 4], ranges: [[0, 1], [0, 2]], rotations: 1, index: 2) == 3)\nassert(find_Element(arr: [1, 2, 3, 4, 5, 6], ranges: [[0, 1], [0, 2]], rotations: 1, index: 1) == 1)",
      "timestamp": 1665509863,
      "stdout": "",
      "stderr": "/tmp/tmpwq51m1eh.swift:6:15: error: cannot find 'rotate' in scope\n        arr = rotate(arr: arr, range: range)\n              ^~~~~~\n",
      "exit_code": 1,
      "status": "SyntaxError"
    },
    {
      "program": "\n/// Write a python function to find element at a given index after number of rotations.\nfunc find_Element(arr: [Int], ranges: [[Int]], rotations: Int, index: Int) -> Int {\n    var arr = arr\n    var ranges = ranges\n    var rotations = rotations\n    var index = index\n    while rotations > 0 {\n        let range = ranges.removeFirst()\n        let start = range[0]\n        let end = range[1]\n        let subArr = arr[start...end]\n        let reversedSubArr = subArr.reversed()\n        arr.replaceSubrange(start...end, with: reversedSubArr)\n        rotations -= 1\n    }\n    return arr[index]\n}\n\n\nfunc ==(left: [(Int, Int)], right: [(Int, Int)]) -> Bool {\n    if left.count != right.count {\n        return false\n    }\n    for (l, r) in zip(left, right) {\n        if l != r {\n            return false\n        }\n    }\n    return true\n}\n            \nassert(find_Element(arr: [1, 2, 3, 4, 5], ranges: [[0, 2], [0, 3]], rotations: 2, index: 1) == 3)\nassert(find_Element(arr: [1, 2, 3, 4], ranges: [[0, 1], [0, 2]], rotations: 1, index: 2) == 3)\nassert(find_Element(arr: [1, 2, 3, 4, 5, 6], ranges: [[0, 1], [0, 2]], rotations: 1, index: 1) == 1)",
      "timestamp": 1666122826,
      "stdout": "",
      "stderr": "tmpvh1bcg4d/tmpvh1bcg4d.swift:33: Assertion failed\nCurrent stack trace:\n0    libswiftCore.so                    0x00002ba845b27c80 _swift_stdlib_reportFatalErrorInFile + 112\n1    libswiftCore.so                    0x00002ba84581eb6c <unavailable> + 1436524\n2    libswiftCore.so                    0x00002ba84581e988 <unavailable> + 1436040\n3    libswiftCore.so                    0x00002ba84581d7b0 _assertionFailure(_:_:file:line:flags:) + 699\n4    tmpvh1bcg4d                        0x0000557dde13c89c <unavailable> + 6300\n5    libc.so.6                          0x00002ba845d13460 __libc_start_main + 245\n6    tmpvh1bcg4d                        0x0000557dde13c439 <unavailable> + 5177\n",
      "exit_code": -4,
      "status": "Exception"
    },
    {
      "program": "\n/// Write a python function to find element at a given index after number of rotations.\nfunc find_Element(arr: [Int], ranges: [[Int]], rotations: Int, index: Int) -> Int {\n    var arr = arr\n    for range in ranges {\n        arr = rotate(arr: arr, range: range)\n    }\n    return arr[index]\n}\n\n\nfunc ==(left: [(Int, Int)], right: [(Int, Int)]) -> Bool {\n    if left.count != right.count {\n        return false\n    }\n    for (l, r) in zip(left, right) {\n        if l != r {\n            return false\n        }\n    }\n    return true\n}\n            \nassert(find_Element(arr: [1, 2, 3, 4, 5], ranges: [[0, 2], [0, 3]], rotations: 2, index: 1) == 3)\nassert(find_Element(arr: [1, 2, 3, 4], ranges: [[0, 1], [0, 2]], rotations: 1, index: 2) == 3)\nassert(find_Element(arr: [1, 2, 3, 4, 5, 6], ranges: [[0, 1], [0, 2]], rotations: 1, index: 1) == 1)",
      "timestamp": 1665509863,
      "stdout": "",
      "stderr": "/tmp/tmpwq51m1eh.swift:6:15: error: cannot find 'rotate' in scope\n        arr = rotate(arr: arr, range: range)\n              ^~~~~~\n",
      "exit_code": 1,
      "status": "SyntaxError"
    },
    {
      "program": "\n/// Write a python function to find element at a given index after number of rotations.\nfunc find_Element(arr: [Int], ranges: [[Int]], rotations: Int, index: Int) -> Int {\n    var arr = arr\n    for range in ranges {\n        arr = rotate(arr: arr, range: range)\n    }\n    return arr[index]\n}\n\n\nfunc ==(left: [(Int, Int)], right: [(Int, Int)]) -> Bool {\n    if left.count != right.count {\n        return false\n    }\n    for (l, r) in zip(left, right) {\n        if l != r {\n            return false\n        }\n    }\n    return true\n}\n            \nassert(find_Element(arr: [1, 2, 3, 4, 5], ranges: [[0, 2], [0, 3]], rotations: 2, index: 1) == 3)\nassert(find_Element(arr: [1, 2, 3, 4], ranges: [[0, 1], [0, 2]], rotations: 1, index: 2) == 3)\nassert(find_Element(arr: [1, 2, 3, 4, 5, 6], ranges: [[0, 1], [0, 2]], rotations: 1, index: 1) == 1)",
      "timestamp": 1665509863,
      "stdout": "",
      "stderr": "/tmp/tmpwq51m1eh.swift:6:15: error: cannot find 'rotate' in scope\n        arr = rotate(arr: arr, range: range)\n              ^~~~~~\n",
      "exit_code": 1,
      "status": "SyntaxError"
    },
    {
      "program": "\n/// Write a python function to find element at a given index after number of rotations.\nfunc find_Element(arr: [Int], ranges: [[Int]], rotations: Int, index: Int) -> Int {\n    var arr = arr\n    for range in ranges {\n        arr = rotate(arr: arr, range: range)\n    }\n    return arr[index]\n}\n\n\nfunc ==(left: [(Int, Int)], right: [(Int, Int)]) -> Bool {\n    if left.count != right.count {\n        return false\n    }\n    for (l, r) in zip(left, right) {\n        if l != r {\n            return false\n        }\n    }\n    return true\n}\n            \nassert(find_Element(arr: [1, 2, 3, 4, 5], ranges: [[0, 2], [0, 3]], rotations: 2, index: 1) == 3)\nassert(find_Element(arr: [1, 2, 3, 4], ranges: [[0, 1], [0, 2]], rotations: 1, index: 2) == 3)\nassert(find_Element(arr: [1, 2, 3, 4, 5, 6], ranges: [[0, 1], [0, 2]], rotations: 1, index: 1) == 1)",
      "timestamp": 1665509863,
      "stdout": "",
      "stderr": "/tmp/tmpwq51m1eh.swift:6:15: error: cannot find 'rotate' in scope\n        arr = rotate(arr: arr, range: range)\n              ^~~~~~\n",
      "exit_code": 1,
      "status": "SyntaxError"
    },
    {
      "program": "\n/// Write a python function to find element at a given index after number of rotations.\nfunc find_Element(arr: [Int], ranges: [[Int]], rotations: Int, index: Int) -> Int {\n    var arr = arr\n    for range in ranges {\n        arr = rotate(arr: arr, range: range)\n    }\n    return arr[index]\n}\n\n\nfunc ==(left: [(Int, Int)], right: [(Int, Int)]) -> Bool {\n    if left.count != right.count {\n        return false\n    }\n    for (l, r) in zip(left, right) {\n        if l != r {\n            return false\n        }\n    }\n    return true\n}\n            \nassert(find_Element(arr: [1, 2, 3, 4, 5], ranges: [[0, 2], [0, 3]], rotations: 2, index: 1) == 3)\nassert(find_Element(arr: [1, 2, 3, 4], ranges: [[0, 1], [0, 2]], rotations: 1, index: 2) == 3)\nassert(find_Element(arr: [1, 2, 3, 4, 5, 6], ranges: [[0, 1], [0, 2]], rotations: 1, index: 1) == 1)",
      "timestamp": 1665509863,
      "stdout": "",
      "stderr": "/tmp/tmpwq51m1eh.swift:6:15: error: cannot find 'rotate' in scope\n        arr = rotate(arr: arr, range: range)\n              ^~~~~~\n",
      "exit_code": 1,
      "status": "SyntaxError"
    },
    {
      "program": "\n/// Write a python function to find element at a given index after number of rotations.\nfunc find_Element(arr: [Int], ranges: [[Int]], rotations: Int, index: Int) -> Int {\n    var arr = arr\n    for range in ranges {\n        arr = rotate(arr: arr, range: range)\n    }\n    return arr[index]\n}\n\n\nfunc ==(left: [(Int, Int)], right: [(Int, Int)]) -> Bool {\n    if left.count != right.count {\n        return false\n    }\n    for (l, r) in zip(left, right) {\n        if l != r {\n            return false\n        }\n    }\n    return true\n}\n            \nassert(find_Element(arr: [1, 2, 3, 4, 5], ranges: [[0, 2], [0, 3]], rotations: 2, index: 1) == 3)\nassert(find_Element(arr: [1, 2, 3, 4], ranges: [[0, 1], [0, 2]], rotations: 1, index: 2) == 3)\nassert(find_Element(arr: [1, 2, 3, 4, 5, 6], ranges: [[0, 1], [0, 2]], rotations: 1, index: 1) == 1)",
      "timestamp": 1665509863,
      "stdout": "",
      "stderr": "/tmp/tmpwq51m1eh.swift:6:15: error: cannot find 'rotate' in scope\n        arr = rotate(arr: arr, range: range)\n              ^~~~~~\n",
      "exit_code": 1,
      "status": "SyntaxError"
    },
    {
      "program": "\n/// Write a python function to find element at a given index after number of rotations.\nfunc find_Element(arr: [Int], ranges: [[Int]], rotations: Int, index: Int) -> Int {\n    var arr = arr\n    for range in ranges {\n        arr = rotate(arr: arr, range: range)\n    }\n    return arr[index]\n}\n\n\nfunc ==(left: [(Int, Int)], right: [(Int, Int)]) -> Bool {\n    if left.count != right.count {\n        return false\n    }\n    for (l, r) in zip(left, right) {\n        if l != r {\n            return false\n        }\n    }\n    return true\n}\n            \nassert(find_Element(arr: [1, 2, 3, 4, 5], ranges: [[0, 2], [0, 3]], rotations: 2, index: 1) == 3)\nassert(find_Element(arr: [1, 2, 3, 4], ranges: [[0, 1], [0, 2]], rotations: 1, index: 2) == 3)\nassert(find_Element(arr: [1, 2, 3, 4, 5, 6], ranges: [[0, 1], [0, 2]], rotations: 1, index: 1) == 1)",
      "timestamp": 1665509863,
      "stdout": "",
      "stderr": "/tmp/tmpwq51m1eh.swift:6:15: error: cannot find 'rotate' in scope\n        arr = rotate(arr: arr, range: range)\n              ^~~~~~\n",
      "exit_code": 1,
      "status": "SyntaxError"
    },
    {
      "program": "\n/// Write a python function to find element at a given index after number of rotations.\nfunc find_Element(arr: [Int], ranges: [[Int]], rotations: Int, index: Int) -> Int {\n    var arr = arr\n    for range in ranges {\n        arr = rotate(arr: arr, range: range)\n    }\n    return arr[index]\n}\n\n\nfunc ==(left: [(Int, Int)], right: [(Int, Int)]) -> Bool {\n    if left.count != right.count {\n        return false\n    }\n    for (l, r) in zip(left, right) {\n        if l != r {\n            return false\n        }\n    }\n    return true\n}\n            \nassert(find_Element(arr: [1, 2, 3, 4, 5], ranges: [[0, 2], [0, 3]], rotations: 2, index: 1) == 3)\nassert(find_Element(arr: [1, 2, 3, 4], ranges: [[0, 1], [0, 2]], rotations: 1, index: 2) == 3)\nassert(find_Element(arr: [1, 2, 3, 4, 5, 6], ranges: [[0, 1], [0, 2]], rotations: 1, index: 1) == 1)",
      "timestamp": 1665509863,
      "stdout": "",
      "stderr": "/tmp/tmpwq51m1eh.swift:6:15: error: cannot find 'rotate' in scope\n        arr = rotate(arr: arr, range: range)\n              ^~~~~~\n",
      "exit_code": 1,
      "status": "SyntaxError"
    },
    {
      "program": "\n/// Write a python function to find element at a given index after number of rotations.\nfunc find_Element(arr: [Int], ranges: [[Int]], rotations: Int, index: Int) -> Int {\n    var arr = arr\n    for range in ranges {\n        arr = rotate(arr: arr, range: range)\n    }\n    return arr[index]\n}\n\n\nfunc ==(left: [(Int, Int)], right: [(Int, Int)]) -> Bool {\n    if left.count != right.count {\n        return false\n    }\n    for (l, r) in zip(left, right) {\n        if l != r {\n            return false\n        }\n    }\n    return true\n}\n            \nassert(find_Element(arr: [1, 2, 3, 4, 5], ranges: [[0, 2], [0, 3]], rotations: 2, index: 1) == 3)\nassert(find_Element(arr: [1, 2, 3, 4], ranges: [[0, 1], [0, 2]], rotations: 1, index: 2) == 3)\nassert(find_Element(arr: [1, 2, 3, 4, 5, 6], ranges: [[0, 1], [0, 2]], rotations: 1, index: 1) == 1)",
      "timestamp": 1665509863,
      "stdout": "",
      "stderr": "/tmp/tmpwq51m1eh.swift:6:15: error: cannot find 'rotate' in scope\n        arr = rotate(arr: arr, range: range)\n              ^~~~~~\n",
      "exit_code": 1,
      "status": "SyntaxError"
    },
    {
      "program": "\n/// Write a python function to find element at a given index after number of rotations.\nfunc find_Element(arr: [Int], ranges: [[Int]], rotations: Int, index: Int) -> Int {\n    var arr = arr\n    for range in ranges {\n        arr = rotate(arr: arr, left: range[0], right: range[1])\n    }\n    return arr[index]\n}\n\n\nfunc ==(left: [(Int, Int)], right: [(Int, Int)]) -> Bool {\n    if left.count != right.count {\n        return false\n    }\n    for (l, r) in zip(left, right) {\n        if l != r {\n            return false\n        }\n    }\n    return true\n}\n            \nassert(find_Element(arr: [1, 2, 3, 4, 5], ranges: [[0, 2], [0, 3]], rotations: 2, index: 1) == 3)\nassert(find_Element(arr: [1, 2, 3, 4], ranges: [[0, 1], [0, 2]], rotations: 1, index: 2) == 3)\nassert(find_Element(arr: [1, 2, 3, 4, 5, 6], ranges: [[0, 1], [0, 2]], rotations: 1, index: 1) == 1)",
      "timestamp": 1666122826,
      "stdout": "",
      "stderr": "/tmp/tmp1roupppc.swift:6:15: error: cannot find 'rotate' in scope\n        arr = rotate(arr: arr, left: range[0], right: range[1])\n              ^~~~~~\n",
      "exit_code": 1,
      "status": "SyntaxError"
    },
    {
      "program": "\n/// Write a python function to find element at a given index after number of rotations.\nfunc find_Element(arr: [Int], ranges: [[Int]], rotations: Int, index: Int) -> Int {\n    var arr = arr\n    for range in ranges {\n        arr = rotate(arr: arr, range: range)\n    }\n    return arr[index]\n}\n\n\nfunc ==(left: [(Int, Int)], right: [(Int, Int)]) -> Bool {\n    if left.count != right.count {\n        return false\n    }\n    for (l, r) in zip(left, right) {\n        if l != r {\n            return false\n        }\n    }\n    return true\n}\n            \nassert(find_Element(arr: [1, 2, 3, 4, 5], ranges: [[0, 2], [0, 3]], rotations: 2, index: 1) == 3)\nassert(find_Element(arr: [1, 2, 3, 4], ranges: [[0, 1], [0, 2]], rotations: 1, index: 2) == 3)\nassert(find_Element(arr: [1, 2, 3, 4, 5, 6], ranges: [[0, 1], [0, 2]], rotations: 1, index: 1) == 1)",
      "timestamp": 1665509863,
      "stdout": "",
      "stderr": "/tmp/tmpwq51m1eh.swift:6:15: error: cannot find 'rotate' in scope\n        arr = rotate(arr: arr, range: range)\n              ^~~~~~\n",
      "exit_code": 1,
      "status": "SyntaxError"
    },
    {
      "program": "\n/// Write a python function to find element at a given index after number of rotations.\nfunc find_Element(arr: [Int], ranges: [[Int]], rotations: Int, index: Int) -> Int {\n    var arr = arr\n    for range in ranges {\n        arr = rotate_Array(arr: arr, start: range[0], end: range[1])\n    }\n    return arr[index]\n}\n\n\nfunc ==(left: [(Int, Int)], right: [(Int, Int)]) -> Bool {\n    if left.count != right.count {\n        return false\n    }\n    for (l, r) in zip(left, right) {\n        if l != r {\n            return false\n        }\n    }\n    return true\n}\n            \nassert(find_Element(arr: [1, 2, 3, 4, 5], ranges: [[0, 2], [0, 3]], rotations: 2, index: 1) == 3)\nassert(find_Element(arr: [1, 2, 3, 4], ranges: [[0, 1], [0, 2]], rotations: 1, index: 2) == 3)\nassert(find_Element(arr: [1, 2, 3, 4, 5, 6], ranges: [[0, 1], [0, 2]], rotations: 1, index: 1) == 1)",
      "timestamp": 1665509863,
      "stdout": "",
      "stderr": "/tmp/tmp9a7sx_xi.swift:6:15: error: cannot find 'rotate_Array' in scope\n        arr = rotate_Array(arr: arr, start: range[0], end: range[1])\n              ^~~~~~~~~~~~\n",
      "exit_code": 1,
      "status": "SyntaxError"
    },
    {
      "program": "\n/// Write a python function to find element at a given index after number of rotations.\nfunc find_Element(arr: [Int], ranges: [[Int]], rotations: Int, index: Int) -> Int {\n    var arr = arr\n    for range in ranges {\n        arr = rotate(arr: arr, range: range)\n    }\n    return arr[index]\n}\n\n\nfunc ==(left: [(Int, Int)], right: [(Int, Int)]) -> Bool {\n    if left.count != right.count {\n        return false\n    }\n    for (l, r) in zip(left, right) {\n        if l != r {\n            return false\n        }\n    }\n    return true\n}\n            \nassert(find_Element(arr: [1, 2, 3, 4, 5], ranges: [[0, 2], [0, 3]], rotations: 2, index: 1) == 3)\nassert(find_Element(arr: [1, 2, 3, 4], ranges: [[0, 1], [0, 2]], rotations: 1, index: 2) == 3)\nassert(find_Element(arr: [1, 2, 3, 4, 5, 6], ranges: [[0, 1], [0, 2]], rotations: 1, index: 1) == 1)",
      "timestamp": 1665509863,
      "stdout": "",
      "stderr": "/tmp/tmpwq51m1eh.swift:6:15: error: cannot find 'rotate' in scope\n        arr = rotate(arr: arr, range: range)\n              ^~~~~~\n",
      "exit_code": 1,
      "status": "SyntaxError"
    },
    {
      "program": "\n/// Write a python function to find element at a given index after number of rotations.\nfunc find_Element(arr: [Int], ranges: [[Int]], rotations: Int, index: Int) -> Int {\n    var arr = arr\n    for range in ranges {\n        arr = rotate_array(arr: arr, range: range)\n    }\n    return arr[index]\n}\n\n\nfunc ==(left: [(Int, Int)], right: [(Int, Int)]) -> Bool {\n    if left.count != right.count {\n        return false\n    }\n    for (l, r) in zip(left, right) {\n        if l != r {\n            return false\n        }\n    }\n    return true\n}\n            \nassert(find_Element(arr: [1, 2, 3, 4, 5], ranges: [[0, 2], [0, 3]], rotations: 2, index: 1) == 3)\nassert(find_Element(arr: [1, 2, 3, 4], ranges: [[0, 1], [0, 2]], rotations: 1, index: 2) == 3)\nassert(find_Element(arr: [1, 2, 3, 4, 5, 6], ranges: [[0, 1], [0, 2]], rotations: 1, index: 1) == 1)",
      "timestamp": 1666122826,
      "stdout": "",
      "stderr": "/tmp/tmpamai4xi3.swift:6:15: error: cannot find 'rotate_array' in scope\n        arr = rotate_array(arr: arr, range: range)\n              ^~~~~~~~~~~~\n",
      "exit_code": 1,
      "status": "SyntaxError"
    },
    {
      "program": "\n/// Write a python function to find element at a given index after number of rotations.\nfunc find_Element(arr: [Int], ranges: [[Int]], rotations: Int, index: Int) -> Int {\n    var arr = arr\n    for range in ranges {\n        arr = rotate(arr: arr, range: range)\n    }\n    return arr[index]\n}\n\n\nfunc ==(left: [(Int, Int)], right: [(Int, Int)]) -> Bool {\n    if left.count != right.count {\n        return false\n    }\n    for (l, r) in zip(left, right) {\n        if l != r {\n            return false\n        }\n    }\n    return true\n}\n            \nassert(find_Element(arr: [1, 2, 3, 4, 5], ranges: [[0, 2], [0, 3]], rotations: 2, index: 1) == 3)\nassert(find_Element(arr: [1, 2, 3, 4], ranges: [[0, 1], [0, 2]], rotations: 1, index: 2) == 3)\nassert(find_Element(arr: [1, 2, 3, 4, 5, 6], ranges: [[0, 1], [0, 2]], rotations: 1, index: 1) == 1)",
      "timestamp": 1665509863,
      "stdout": "",
      "stderr": "/tmp/tmpwq51m1eh.swift:6:15: error: cannot find 'rotate' in scope\n        arr = rotate(arr: arr, range: range)\n              ^~~~~~\n",
      "exit_code": 1,
      "status": "SyntaxError"
    },
    {
      "program": "\n/// Write a python function to find element at a given index after number of rotations.\nfunc find_Element(arr: [Int], ranges: [[Int]], rotations: Int, index: Int) -> Int {\n    var arr = arr\n    for range in ranges {\n        arr = rotate_Array(arr: arr, start: range[0], end: range[1])\n    }\n    return arr[index]\n}\n\n\nfunc ==(left: [(Int, Int)], right: [(Int, Int)]) -> Bool {\n    if left.count != right.count {\n        return false\n    }\n    for (l, r) in zip(left, right) {\n        if l != r {\n            return false\n        }\n    }\n    return true\n}\n            \nassert(find_Element(arr: [1, 2, 3, 4, 5], ranges: [[0, 2], [0, 3]], rotations: 2, index: 1) == 3)\nassert(find_Element(arr: [1, 2, 3, 4], ranges: [[0, 1], [0, 2]], rotations: 1, index: 2) == 3)\nassert(find_Element(arr: [1, 2, 3, 4, 5, 6], ranges: [[0, 1], [0, 2]], rotations: 1, index: 1) == 1)",
      "timestamp": 1665509863,
      "stdout": "",
      "stderr": "/tmp/tmp9a7sx_xi.swift:6:15: error: cannot find 'rotate_Array' in scope\n        arr = rotate_Array(arr: arr, start: range[0], end: range[1])\n              ^~~~~~~~~~~~\n",
      "exit_code": 1,
      "status": "SyntaxError"
    },
    {
      "program": "\n/// Write a python function to find element at a given index after number of rotations.\nfunc find_Element(arr: [Int], ranges: [[Int]], rotations: Int, index: Int) -> Int {\n    var arr = arr\n    for range in ranges {\n        arr = rotate(arr: arr, range: range)\n    }\n    return arr[index]\n}\n\n\nfunc ==(left: [(Int, Int)], right: [(Int, Int)]) -> Bool {\n    if left.count != right.count {\n        return false\n    }\n    for (l, r) in zip(left, right) {\n        if l != r {\n            return false\n        }\n    }\n    return true\n}\n            \nassert(find_Element(arr: [1, 2, 3, 4, 5], ranges: [[0, 2], [0, 3]], rotations: 2, index: 1) == 3)\nassert(find_Element(arr: [1, 2, 3, 4], ranges: [[0, 1], [0, 2]], rotations: 1, index: 2) == 3)\nassert(find_Element(arr: [1, 2, 3, 4, 5, 6], ranges: [[0, 1], [0, 2]], rotations: 1, index: 1) == 1)",
      "timestamp": 1665509863,
      "stdout": "",
      "stderr": "/tmp/tmpwq51m1eh.swift:6:15: error: cannot find 'rotate' in scope\n        arr = rotate(arr: arr, range: range)\n              ^~~~~~\n",
      "exit_code": 1,
      "status": "SyntaxError"
    },
    {
      "program": "\n/// Write a python function to find element at a given index after number of rotations.\nfunc find_Element(arr: [Int], ranges: [[Int]], rotations: Int, index: Int) -> Int {\n    var result = arr\n    for range in ranges {\n        result = rotate(arr: result, start: range[0], end: range[1])\n    }\n    return result[index]\n}\n\n\nfunc ==(left: [(Int, Int)], right: [(Int, Int)]) -> Bool {\n    if left.count != right.count {\n        return false\n    }\n    for (l, r) in zip(left, right) {\n        if l != r {\n            return false\n        }\n    }\n    return true\n}\n            \nassert(find_Element(arr: [1, 2, 3, 4, 5], ranges: [[0, 2], [0, 3]], rotations: 2, index: 1) == 3)\nassert(find_Element(arr: [1, 2, 3, 4], ranges: [[0, 1], [0, 2]], rotations: 1, index: 2) == 3)\nassert(find_Element(arr: [1, 2, 3, 4, 5, 6], ranges: [[0, 1], [0, 2]], rotations: 1, index: 1) == 1)",
      "timestamp": 1666122826,
      "stdout": "",
      "stderr": "/tmp/tmphbcy0c_b.swift:6:18: error: cannot find 'rotate' in scope\n        result = rotate(arr: result, start: range[0], end: range[1])\n                 ^~~~~~\n",
      "exit_code": 1,
      "status": "SyntaxError"
    },
    {
      "program": "\n/// Write a python function to find element at a given index after number of rotations.\nfunc find_Element(arr: [Int], ranges: [[Int]], rotations: Int, index: Int) -> Int {\n    var arr = arr\n    for range in ranges {\n        arr = rotate(arr: arr, range: range)\n    }\n    return arr[index]\n}\n\n\nfunc ==(left: [(Int, Int)], right: [(Int, Int)]) -> Bool {\n    if left.count != right.count {\n        return false\n    }\n    for (l, r) in zip(left, right) {\n        if l != r {\n            return false\n        }\n    }\n    return true\n}\n            \nassert(find_Element(arr: [1, 2, 3, 4, 5], ranges: [[0, 2], [0, 3]], rotations: 2, index: 1) == 3)\nassert(find_Element(arr: [1, 2, 3, 4], ranges: [[0, 1], [0, 2]], rotations: 1, index: 2) == 3)\nassert(find_Element(arr: [1, 2, 3, 4, 5, 6], ranges: [[0, 1], [0, 2]], rotations: 1, index: 1) == 1)",
      "timestamp": 1665509863,
      "stdout": "",
      "stderr": "/tmp/tmpwq51m1eh.swift:6:15: error: cannot find 'rotate' in scope\n        arr = rotate(arr: arr, range: range)\n              ^~~~~~\n",
      "exit_code": 1,
      "status": "SyntaxError"
    },
    {
      "program": "\n/// Write a python function to find element at a given index after number of rotations.\nfunc find_Element(arr: [Int], ranges: [[Int]], rotations: Int, index: Int) -> Int {\n    var arr = arr\n    for range in ranges {\n        arr = rotate(arr: arr, range: range)\n    }\n    return arr[index]\n}\n\n\nfunc ==(left: [(Int, Int)], right: [(Int, Int)]) -> Bool {\n    if left.count != right.count {\n        return false\n    }\n    for (l, r) in zip(left, right) {\n        if l != r {\n            return false\n        }\n    }\n    return true\n}\n            \nassert(find_Element(arr: [1, 2, 3, 4, 5], ranges: [[0, 2], [0, 3]], rotations: 2, index: 1) == 3)\nassert(find_Element(arr: [1, 2, 3, 4], ranges: [[0, 1], [0, 2]], rotations: 1, index: 2) == 3)\nassert(find_Element(arr: [1, 2, 3, 4, 5, 6], ranges: [[0, 1], [0, 2]], rotations: 1, index: 1) == 1)",
      "timestamp": 1665509863,
      "stdout": "",
      "stderr": "/tmp/tmpwq51m1eh.swift:6:15: error: cannot find 'rotate' in scope\n        arr = rotate(arr: arr, range: range)\n              ^~~~~~\n",
      "exit_code": 1,
      "status": "SyntaxError"
    },
    {
      "program": "\n/// Write a python function to find element at a given index after number of rotations.\nfunc find_Element(arr: [Int], ranges: [[Int]], rotations: Int, index: Int) -> Int {\n    var arr = arr\n    for range in ranges {\n        arr = rotate(arr: arr, range: range)\n    }\n    return arr[index]\n}\n\n\nfunc ==(left: [(Int, Int)], right: [(Int, Int)]) -> Bool {\n    if left.count != right.count {\n        return false\n    }\n    for (l, r) in zip(left, right) {\n        if l != r {\n            return false\n        }\n    }\n    return true\n}\n            \nassert(find_Element(arr: [1, 2, 3, 4, 5], ranges: [[0, 2], [0, 3]], rotations: 2, index: 1) == 3)\nassert(find_Element(arr: [1, 2, 3, 4], ranges: [[0, 1], [0, 2]], rotations: 1, index: 2) == 3)\nassert(find_Element(arr: [1, 2, 3, 4, 5, 6], ranges: [[0, 1], [0, 2]], rotations: 1, index: 1) == 1)",
      "timestamp": 1665509863,
      "stdout": "",
      "stderr": "/tmp/tmpwq51m1eh.swift:6:15: error: cannot find 'rotate' in scope\n        arr = rotate(arr: arr, range: range)\n              ^~~~~~\n",
      "exit_code": 1,
      "status": "SyntaxError"
    },
    {
      "program": "\n/// Write a python function to find element at a given index after number of rotations.\nfunc find_Element(arr: [Int], ranges: [[Int]], rotations: Int, index: Int) -> Int {\n    var arr = arr\n    for range in ranges {\n        arr = rotate(arr: arr, range: range)\n    }\n    return arr[index]\n}\n\n\nfunc ==(left: [(Int, Int)], right: [(Int, Int)]) -> Bool {\n    if left.count != right.count {\n        return false\n    }\n    for (l, r) in zip(left, right) {\n        if l != r {\n            return false\n        }\n    }\n    return true\n}\n            \nassert(find_Element(arr: [1, 2, 3, 4, 5], ranges: [[0, 2], [0, 3]], rotations: 2, index: 1) == 3)\nassert(find_Element(arr: [1, 2, 3, 4], ranges: [[0, 1], [0, 2]], rotations: 1, index: 2) == 3)\nassert(find_Element(arr: [1, 2, 3, 4, 5, 6], ranges: [[0, 1], [0, 2]], rotations: 1, index: 1) == 1)",
      "timestamp": 1665509863,
      "stdout": "",
      "stderr": "/tmp/tmpwq51m1eh.swift:6:15: error: cannot find 'rotate' in scope\n        arr = rotate(arr: arr, range: range)\n              ^~~~~~\n",
      "exit_code": 1,
      "status": "SyntaxError"
    },
    {
      "program": "\n/// Write a python function to find element at a given index after number of rotations.\nfunc find_Element(arr: [Int], ranges: [[Int]], rotations: Int, index: Int) -> Int {\n    var arr = arr\n    for range in ranges {\n        arr = rotate(arr: arr, range: range)\n    }\n    return arr[index]\n}\n\n\nfunc ==(left: [(Int, Int)], right: [(Int, Int)]) -> Bool {\n    if left.count != right.count {\n        return false\n    }\n    for (l, r) in zip(left, right) {\n        if l != r {\n            return false\n        }\n    }\n    return true\n}\n            \nassert(find_Element(arr: [1, 2, 3, 4, 5], ranges: [[0, 2], [0, 3]], rotations: 2, index: 1) == 3)\nassert(find_Element(arr: [1, 2, 3, 4], ranges: [[0, 1], [0, 2]], rotations: 1, index: 2) == 3)\nassert(find_Element(arr: [1, 2, 3, 4, 5, 6], ranges: [[0, 1], [0, 2]], rotations: 1, index: 1) == 1)",
      "timestamp": 1665509863,
      "stdout": "",
      "stderr": "/tmp/tmpwq51m1eh.swift:6:15: error: cannot find 'rotate' in scope\n        arr = rotate(arr: arr, range: range)\n              ^~~~~~\n",
      "exit_code": 1,
      "status": "SyntaxError"
    },
    {
      "program": "\n/// Write a python function to find element at a given index after number of rotations.\nfunc find_Element(arr: [Int], ranges: [[Int]], rotations: Int, index: Int) -> Int {\n    var arr = arr\n    for range in ranges {\n        arr = rotate(arr: arr, range: range)\n    }\n    return arr[index]\n}\n\n\nfunc ==(left: [(Int, Int)], right: [(Int, Int)]) -> Bool {\n    if left.count != right.count {\n        return false\n    }\n    for (l, r) in zip(left, right) {\n        if l != r {\n            return false\n        }\n    }\n    return true\n}\n            \nassert(find_Element(arr: [1, 2, 3, 4, 5], ranges: [[0, 2], [0, 3]], rotations: 2, index: 1) == 3)\nassert(find_Element(arr: [1, 2, 3, 4], ranges: [[0, 1], [0, 2]], rotations: 1, index: 2) == 3)\nassert(find_Element(arr: [1, 2, 3, 4, 5, 6], ranges: [[0, 1], [0, 2]], rotations: 1, index: 1) == 1)",
      "timestamp": 1665509863,
      "stdout": "",
      "stderr": "/tmp/tmpwq51m1eh.swift:6:15: error: cannot find 'rotate' in scope\n        arr = rotate(arr: arr, range: range)\n              ^~~~~~\n",
      "exit_code": 1,
      "status": "SyntaxError"
    },
    {
      "program": "\n/// Write a python function to find element at a given index after number of rotations.\nfunc find_Element(arr: [Int], ranges: [[Int]], rotations: Int, index: Int) -> Int {\n    var arr = arr\n    for range in ranges {\n        arr = rotate(arr: arr, range: range)\n    }\n    return arr[index]\n}\n\n\nfunc ==(left: [(Int, Int)], right: [(Int, Int)]) -> Bool {\n    if left.count != right.count {\n        return false\n    }\n    for (l, r) in zip(left, right) {\n        if l != r {\n            return false\n        }\n    }\n    return true\n}\n            \nassert(find_Element(arr: [1, 2, 3, 4, 5], ranges: [[0, 2], [0, 3]], rotations: 2, index: 1) == 3)\nassert(find_Element(arr: [1, 2, 3, 4], ranges: [[0, 1], [0, 2]], rotations: 1, index: 2) == 3)\nassert(find_Element(arr: [1, 2, 3, 4, 5, 6], ranges: [[0, 1], [0, 2]], rotations: 1, index: 1) == 1)",
      "timestamp": 1665509863,
      "stdout": "",
      "stderr": "/tmp/tmpwq51m1eh.swift:6:15: error: cannot find 'rotate' in scope\n        arr = rotate(arr: arr, range: range)\n              ^~~~~~\n",
      "exit_code": 1,
      "status": "SyntaxError"
    },
    {
      "program": "\n/// Write a python function to find element at a given index after number of rotations.\nfunc find_Element(arr: [Int], ranges: [[Int]], rotations: Int, index: Int) -> Int {\n    var arr = arr\n    for range in ranges {\n        arr = rotate(arr: arr, range: range)\n    }\n    return arr[index]\n}\n\n\nfunc ==(left: [(Int, Int)], right: [(Int, Int)]) -> Bool {\n    if left.count != right.count {\n        return false\n    }\n    for (l, r) in zip(left, right) {\n        if l != r {\n            return false\n        }\n    }\n    return true\n}\n            \nassert(find_Element(arr: [1, 2, 3, 4, 5], ranges: [[0, 2], [0, 3]], rotations: 2, index: 1) == 3)\nassert(find_Element(arr: [1, 2, 3, 4], ranges: [[0, 1], [0, 2]], rotations: 1, index: 2) == 3)\nassert(find_Element(arr: [1, 2, 3, 4, 5, 6], ranges: [[0, 1], [0, 2]], rotations: 1, index: 1) == 1)",
      "timestamp": 1665509863,
      "stdout": "",
      "stderr": "/tmp/tmpwq51m1eh.swift:6:15: error: cannot find 'rotate' in scope\n        arr = rotate(arr: arr, range: range)\n              ^~~~~~\n",
      "exit_code": 1,
      "status": "SyntaxError"
    },
    {
      "program": "\n/// Write a python function to find element at a given index after number of rotations.\nfunc find_Element(arr: [Int], ranges: [[Int]], rotations: Int, index: Int) -> Int {\n    var arr = arr\n    for range in ranges {\n        arr = rotate(arr: arr, from: range[0], to: range[1])\n    }\n    return arr[index]\n}\n\n\nfunc ==(left: [(Int, Int)], right: [(Int, Int)]) -> Bool {\n    if left.count != right.count {\n        return false\n    }\n    for (l, r) in zip(left, right) {\n        if l != r {\n            return false\n        }\n    }\n    return true\n}\n            \nassert(find_Element(arr: [1, 2, 3, 4, 5], ranges: [[0, 2], [0, 3]], rotations: 2, index: 1) == 3)\nassert(find_Element(arr: [1, 2, 3, 4], ranges: [[0, 1], [0, 2]], rotations: 1, index: 2) == 3)\nassert(find_Element(arr: [1, 2, 3, 4, 5, 6], ranges: [[0, 1], [0, 2]], rotations: 1, index: 1) == 1)",
      "timestamp": 1665509863,
      "stdout": "",
      "stderr": "/tmp/tmpmr5wc2o0.swift:6:15: error: cannot find 'rotate' in scope\n        arr = rotate(arr: arr, from: range[0], to: range[1])\n              ^~~~~~\n",
      "exit_code": 1,
      "status": "SyntaxError"
    },
    {
      "program": "\n/// Write a python function to find element at a given index after number of rotations.\nfunc find_Element(arr: [Int], ranges: [[Int]], rotations: Int, index: Int) -> Int {\n    var arr = arr\n    for range in ranges {\n        arr = rotate(arr: arr, start: range[0], end: range[1])\n    }\n    return arr[index]\n}\n\n\nfunc ==(left: [(Int, Int)], right: [(Int, Int)]) -> Bool {\n    if left.count != right.count {\n        return false\n    }\n    for (l, r) in zip(left, right) {\n        if l != r {\n            return false\n        }\n    }\n    return true\n}\n            \nassert(find_Element(arr: [1, 2, 3, 4, 5], ranges: [[0, 2], [0, 3]], rotations: 2, index: 1) == 3)\nassert(find_Element(arr: [1, 2, 3, 4], ranges: [[0, 1], [0, 2]], rotations: 1, index: 2) == 3)\nassert(find_Element(arr: [1, 2, 3, 4, 5, 6], ranges: [[0, 1], [0, 2]], rotations: 1, index: 1) == 1)",
      "timestamp": 1665509863,
      "stdout": "",
      "stderr": "/tmp/tmpd7ydap_k.swift:6:15: error: cannot find 'rotate' in scope\n        arr = rotate(arr: arr, start: range[0], end: range[1])\n              ^~~~~~\n",
      "exit_code": 1,
      "status": "SyntaxError"
    },
    {
      "program": "\n/// Write a python function to find element at a given index after number of rotations.\nfunc find_Element(arr: [Int], ranges: [[Int]], rotations: Int, index: Int) -> Int {\n    var arr = arr\n    for range in ranges {\n        arr = rotate(arr: arr, range: range)\n    }\n    return arr[index]\n}\n\n\nfunc ==(left: [(Int, Int)], right: [(Int, Int)]) -> Bool {\n    if left.count != right.count {\n        return false\n    }\n    for (l, r) in zip(left, right) {\n        if l != r {\n            return false\n        }\n    }\n    return true\n}\n            \nassert(find_Element(arr: [1, 2, 3, 4, 5], ranges: [[0, 2], [0, 3]], rotations: 2, index: 1) == 3)\nassert(find_Element(arr: [1, 2, 3, 4], ranges: [[0, 1], [0, 2]], rotations: 1, index: 2) == 3)\nassert(find_Element(arr: [1, 2, 3, 4, 5, 6], ranges: [[0, 1], [0, 2]], rotations: 1, index: 1) == 1)",
      "timestamp": 1665509863,
      "stdout": "",
      "stderr": "/tmp/tmpwq51m1eh.swift:6:15: error: cannot find 'rotate' in scope\n        arr = rotate(arr: arr, range: range)\n              ^~~~~~\n",
      "exit_code": 1,
      "status": "SyntaxError"
    },
    {
      "program": "\n/// Write a python function to find element at a given index after number of rotations.\nfunc find_Element(arr: [Int], ranges: [[Int]], rotations: Int, index: Int) -> Int {\n    var arr = arr\n    for range in ranges {\n        arr = rotate(arr: arr, range: range)\n    }\n    return arr[index]\n}\n\n\nfunc ==(left: [(Int, Int)], right: [(Int, Int)]) -> Bool {\n    if left.count != right.count {\n        return false\n    }\n    for (l, r) in zip(left, right) {\n        if l != r {\n            return false\n        }\n    }\n    return true\n}\n            \nassert(find_Element(arr: [1, 2, 3, 4, 5], ranges: [[0, 2], [0, 3]], rotations: 2, index: 1) == 3)\nassert(find_Element(arr: [1, 2, 3, 4], ranges: [[0, 1], [0, 2]], rotations: 1, index: 2) == 3)\nassert(find_Element(arr: [1, 2, 3, 4, 5, 6], ranges: [[0, 1], [0, 2]], rotations: 1, index: 1) == 1)",
      "timestamp": 1665509863,
      "stdout": "",
      "stderr": "/tmp/tmpwq51m1eh.swift:6:15: error: cannot find 'rotate' in scope\n        arr = rotate(arr: arr, range: range)\n              ^~~~~~\n",
      "exit_code": 1,
      "status": "SyntaxError"
    },
    {
      "program": "\n/// Write a python function to find element at a given index after number of rotations.\nfunc find_Element(arr: [Int], ranges: [[Int]], rotations: Int, index: Int) -> Int {\n    var arr = arr\n    for range in ranges {\n        arr = rotate(arr: arr, range: range)\n    }\n    return arr[index]\n}\n\n\nfunc ==(left: [(Int, Int)], right: [(Int, Int)]) -> Bool {\n    if left.count != right.count {\n        return false\n    }\n    for (l, r) in zip(left, right) {\n        if l != r {\n            return false\n        }\n    }\n    return true\n}\n            \nassert(find_Element(arr: [1, 2, 3, 4, 5], ranges: [[0, 2], [0, 3]], rotations: 2, index: 1) == 3)\nassert(find_Element(arr: [1, 2, 3, 4], ranges: [[0, 1], [0, 2]], rotations: 1, index: 2) == 3)\nassert(find_Element(arr: [1, 2, 3, 4, 5, 6], ranges: [[0, 1], [0, 2]], rotations: 1, index: 1) == 1)",
      "timestamp": 1665509863,
      "stdout": "",
      "stderr": "/tmp/tmpwq51m1eh.swift:6:15: error: cannot find 'rotate' in scope\n        arr = rotate(arr: arr, range: range)\n              ^~~~~~\n",
      "exit_code": 1,
      "status": "SyntaxError"
    },
    {
      "program": "\n/// Write a python function to find element at a given index after number of rotations.\nfunc find_Element(arr: [Int], ranges: [[Int]], rotations: Int, index: Int) -> Int {\n    var arr = arr\n    for range in ranges {\n        arr = rotate(arr: arr, start: range[0], end: range[1])\n    }\n    return arr[index]\n}\n\n\nfunc ==(left: [(Int, Int)], right: [(Int, Int)]) -> Bool {\n    if left.count != right.count {\n        return false\n    }\n    for (l, r) in zip(left, right) {\n        if l != r {\n            return false\n        }\n    }\n    return true\n}\n            \nassert(find_Element(arr: [1, 2, 3, 4, 5], ranges: [[0, 2], [0, 3]], rotations: 2, index: 1) == 3)\nassert(find_Element(arr: [1, 2, 3, 4], ranges: [[0, 1], [0, 2]], rotations: 1, index: 2) == 3)\nassert(find_Element(arr: [1, 2, 3, 4, 5, 6], ranges: [[0, 1], [0, 2]], rotations: 1, index: 1) == 1)",
      "timestamp": 1665509863,
      "stdout": "",
      "stderr": "/tmp/tmpd7ydap_k.swift:6:15: error: cannot find 'rotate' in scope\n        arr = rotate(arr: arr, start: range[0], end: range[1])\n              ^~~~~~\n",
      "exit_code": 1,
      "status": "SyntaxError"
    },
    {
      "program": "\n/// Write a python function to find element at a given index after number of rotations.\nfunc find_Element(arr: [Int], ranges: [[Int]], rotations: Int, index: Int) -> Int {\n    var arr = arr\n    for range in ranges {\n        arr = rotate_Array(arr: arr, start: range[0], end: range[1])\n    }\n    return arr[index]\n}\n\n\nfunc ==(left: [(Int, Int)], right: [(Int, Int)]) -> Bool {\n    if left.count != right.count {\n        return false\n    }\n    for (l, r) in zip(left, right) {\n        if l != r {\n            return false\n        }\n    }\n    return true\n}\n            \nassert(find_Element(arr: [1, 2, 3, 4, 5], ranges: [[0, 2], [0, 3]], rotations: 2, index: 1) == 3)\nassert(find_Element(arr: [1, 2, 3, 4], ranges: [[0, 1], [0, 2]], rotations: 1, index: 2) == 3)\nassert(find_Element(arr: [1, 2, 3, 4, 5, 6], ranges: [[0, 1], [0, 2]], rotations: 1, index: 1) == 1)",
      "timestamp": 1665509863,
      "stdout": "",
      "stderr": "/tmp/tmp9a7sx_xi.swift:6:15: error: cannot find 'rotate_Array' in scope\n        arr = rotate_Array(arr: arr, start: range[0], end: range[1])\n              ^~~~~~~~~~~~\n",
      "exit_code": 1,
      "status": "SyntaxError"
    },
    {
      "program": "\n/// Write a python function to find element at a given index after number of rotations.\nfunc find_Element(arr: [Int], ranges: [[Int]], rotations: Int, index: Int) -> Int {\n    var arr = arr\n    for range in ranges {\n        arr = rotate(arr: arr, range: range)\n    }\n    return arr[index]\n}\n\n\nfunc ==(left: [(Int, Int)], right: [(Int, Int)]) -> Bool {\n    if left.count != right.count {\n        return false\n    }\n    for (l, r) in zip(left, right) {\n        if l != r {\n            return false\n        }\n    }\n    return true\n}\n            \nassert(find_Element(arr: [1, 2, 3, 4, 5], ranges: [[0, 2], [0, 3]], rotations: 2, index: 1) == 3)\nassert(find_Element(arr: [1, 2, 3, 4], ranges: [[0, 1], [0, 2]], rotations: 1, index: 2) == 3)\nassert(find_Element(arr: [1, 2, 3, 4, 5, 6], ranges: [[0, 1], [0, 2]], rotations: 1, index: 1) == 1)",
      "timestamp": 1665509863,
      "stdout": "",
      "stderr": "/tmp/tmpwq51m1eh.swift:6:15: error: cannot find 'rotate' in scope\n        arr = rotate(arr: arr, range: range)\n              ^~~~~~\n",
      "exit_code": 1,
      "status": "SyntaxError"
    },
    {
      "program": "\n/// Write a python function to find element at a given index after number of rotations.\nfunc find_Element(arr: [Int], ranges: [[Int]], rotations: Int, index: Int) -> Int {\n    var new_arr = arr\n    for range in ranges {\n        new_arr = rotate(arr: new_arr, start: range[0], end: range[1])\n    }\n    return new_arr[index]\n}\n\n\nfunc ==(left: [(Int, Int)], right: [(Int, Int)]) -> Bool {\n    if left.count != right.count {\n        return false\n    }\n    for (l, r) in zip(left, right) {\n        if l != r {\n            return false\n        }\n    }\n    return true\n}\n            \nassert(find_Element(arr: [1, 2, 3, 4, 5], ranges: [[0, 2], [0, 3]], rotations: 2, index: 1) == 3)\nassert(find_Element(arr: [1, 2, 3, 4], ranges: [[0, 1], [0, 2]], rotations: 1, index: 2) == 3)\nassert(find_Element(arr: [1, 2, 3, 4, 5, 6], ranges: [[0, 1], [0, 2]], rotations: 1, index: 1) == 1)",
      "timestamp": 1666122826,
      "stdout": "",
      "stderr": "/tmp/tmp85vf8dpx.swift:6:19: error: cannot find 'rotate' in scope\n        new_arr = rotate(arr: new_arr, start: range[0], end: range[1])\n                  ^~~~~~\n",
      "exit_code": 1,
      "status": "SyntaxError"
    },
    {
      "program": "\n/// Write a python function to find element at a given index after number of rotations.\nfunc find_Element(arr: [Int], ranges: [[Int]], rotations: Int, index: Int) -> Int {\n    var arr = arr\n    for range in ranges {\n        arr = rotate(arr: arr, range: range)\n    }\n    return arr[index]\n}\n\n\nfunc ==(left: [(Int, Int)], right: [(Int, Int)]) -> Bool {\n    if left.count != right.count {\n        return false\n    }\n    for (l, r) in zip(left, right) {\n        if l != r {\n            return false\n        }\n    }\n    return true\n}\n            \nassert(find_Element(arr: [1, 2, 3, 4, 5], ranges: [[0, 2], [0, 3]], rotations: 2, index: 1) == 3)\nassert(find_Element(arr: [1, 2, 3, 4], ranges: [[0, 1], [0, 2]], rotations: 1, index: 2) == 3)\nassert(find_Element(arr: [1, 2, 3, 4, 5, 6], ranges: [[0, 1], [0, 2]], rotations: 1, index: 1) == 1)",
      "timestamp": 1665509863,
      "stdout": "",
      "stderr": "/tmp/tmpwq51m1eh.swift:6:15: error: cannot find 'rotate' in scope\n        arr = rotate(arr: arr, range: range)\n              ^~~~~~\n",
      "exit_code": 1,
      "status": "SyntaxError"
    },
    {
      "program": "\n/// Write a python function to find element at a given index after number of rotations.\nfunc find_Element(arr: [Int], ranges: [[Int]], rotations: Int, index: Int) -> Int {\n    var arr = arr\n    for range in ranges {\n        arr = rotate(arr: arr, range: range)\n    }\n    return arr[index]\n}\n\n\nfunc ==(left: [(Int, Int)], right: [(Int, Int)]) -> Bool {\n    if left.count != right.count {\n        return false\n    }\n    for (l, r) in zip(left, right) {\n        if l != r {\n            return false\n        }\n    }\n    return true\n}\n            \nassert(find_Element(arr: [1, 2, 3, 4, 5], ranges: [[0, 2], [0, 3]], rotations: 2, index: 1) == 3)\nassert(find_Element(arr: [1, 2, 3, 4], ranges: [[0, 1], [0, 2]], rotations: 1, index: 2) == 3)\nassert(find_Element(arr: [1, 2, 3, 4, 5, 6], ranges: [[0, 1], [0, 2]], rotations: 1, index: 1) == 1)",
      "timestamp": 1665509863,
      "stdout": "",
      "stderr": "/tmp/tmpwq51m1eh.swift:6:15: error: cannot find 'rotate' in scope\n        arr = rotate(arr: arr, range: range)\n              ^~~~~~\n",
      "exit_code": 1,
      "status": "SyntaxError"
    },
    {
      "program": "\n/// Write a python function to find element at a given index after number of rotations.\nfunc find_Element(arr: [Int], ranges: [[Int]], rotations: Int, index: Int) -> Int {\n    var arr = arr\n    for range in ranges {\n        arr = rotate(arr: arr, range: range)\n    }\n    return arr[index]\n}\n\n\nfunc ==(left: [(Int, Int)], right: [(Int, Int)]) -> Bool {\n    if left.count != right.count {\n        return false\n    }\n    for (l, r) in zip(left, right) {\n        if l != r {\n            return false\n        }\n    }\n    return true\n}\n            \nassert(find_Element(arr: [1, 2, 3, 4, 5], ranges: [[0, 2], [0, 3]], rotations: 2, index: 1) == 3)\nassert(find_Element(arr: [1, 2, 3, 4], ranges: [[0, 1], [0, 2]], rotations: 1, index: 2) == 3)\nassert(find_Element(arr: [1, 2, 3, 4, 5, 6], ranges: [[0, 1], [0, 2]], rotations: 1, index: 1) == 1)",
      "timestamp": 1665509863,
      "stdout": "",
      "stderr": "/tmp/tmpwq51m1eh.swift:6:15: error: cannot find 'rotate' in scope\n        arr = rotate(arr: arr, range: range)\n              ^~~~~~\n",
      "exit_code": 1,
      "status": "SyntaxError"
    },
    {
      "program": "\n/// Write a python function to find element at a given index after number of rotations.\nfunc find_Element(arr: [Int], ranges: [[Int]], rotations: Int, index: Int) -> Int {\n    var arr = arr\n    for range in ranges {\n        arr = rotate(arr: arr, from: range[0], to: range[1])\n    }\n    return arr[index]\n}\n\n\nfunc ==(left: [(Int, Int)], right: [(Int, Int)]) -> Bool {\n    if left.count != right.count {\n        return false\n    }\n    for (l, r) in zip(left, right) {\n        if l != r {\n            return false\n        }\n    }\n    return true\n}\n            \nassert(find_Element(arr: [1, 2, 3, 4, 5], ranges: [[0, 2], [0, 3]], rotations: 2, index: 1) == 3)\nassert(find_Element(arr: [1, 2, 3, 4], ranges: [[0, 1], [0, 2]], rotations: 1, index: 2) == 3)\nassert(find_Element(arr: [1, 2, 3, 4, 5, 6], ranges: [[0, 1], [0, 2]], rotations: 1, index: 1) == 1)",
      "timestamp": 1665509863,
      "stdout": "",
      "stderr": "/tmp/tmpmr5wc2o0.swift:6:15: error: cannot find 'rotate' in scope\n        arr = rotate(arr: arr, from: range[0], to: range[1])\n              ^~~~~~\n",
      "exit_code": 1,
      "status": "SyntaxError"
    },
    {
      "program": "\n/// Write a python function to find element at a given index after number of rotations.\nfunc find_Element(arr: [Int], ranges: [[Int]], rotations: Int, index: Int) -> Int {\n    var arr = arr\n    for i in 0..<ranges.count {\n        let range = ranges[i]\n        arr = rotate(arr: arr, range: range)\n    }\n    return arr[index]\n}\n\n\nfunc ==(left: [(Int, Int)], right: [(Int, Int)]) -> Bool {\n    if left.count != right.count {\n        return false\n    }\n    for (l, r) in zip(left, right) {\n        if l != r {\n            return false\n        }\n    }\n    return true\n}\n            \nassert(find_Element(arr: [1, 2, 3, 4, 5], ranges: [[0, 2], [0, 3]], rotations: 2, index: 1) == 3)\nassert(find_Element(arr: [1, 2, 3, 4], ranges: [[0, 1], [0, 2]], rotations: 1, index: 2) == 3)\nassert(find_Element(arr: [1, 2, 3, 4, 5, 6], ranges: [[0, 1], [0, 2]], rotations: 1, index: 1) == 1)",
      "timestamp": 1666122826,
      "stdout": "",
      "stderr": "/tmp/tmp7p91jcbd.swift:7:15: error: cannot find 'rotate' in scope\n        arr = rotate(arr: arr, range: range)\n              ^~~~~~\n",
      "exit_code": 1,
      "status": "SyntaxError"
    },
    {
      "program": "\n/// Write a python function to find element at a given index after number of rotations.\nfunc find_Element(arr: [Int], ranges: [[Int]], rotations: Int, index: Int) -> Int {\n    var arr = arr\n    for range in ranges {\n        arr = rotate(arr: arr, range: range)\n    }\n    return arr[index]\n}\n\n\nfunc ==(left: [(Int, Int)], right: [(Int, Int)]) -> Bool {\n    if left.count != right.count {\n        return false\n    }\n    for (l, r) in zip(left, right) {\n        if l != r {\n            return false\n        }\n    }\n    return true\n}\n            \nassert(find_Element(arr: [1, 2, 3, 4, 5], ranges: [[0, 2], [0, 3]], rotations: 2, index: 1) == 3)\nassert(find_Element(arr: [1, 2, 3, 4], ranges: [[0, 1], [0, 2]], rotations: 1, index: 2) == 3)\nassert(find_Element(arr: [1, 2, 3, 4, 5, 6], ranges: [[0, 1], [0, 2]], rotations: 1, index: 1) == 1)",
      "timestamp": 1665509863,
      "stdout": "",
      "stderr": "/tmp/tmpwq51m1eh.swift:6:15: error: cannot find 'rotate' in scope\n        arr = rotate(arr: arr, range: range)\n              ^~~~~~\n",
      "exit_code": 1,
      "status": "SyntaxError"
    },
    {
      "program": "\n/// Write a python function to find element at a given index after number of rotations.\nfunc find_Element(arr: [Int], ranges: [[Int]], rotations: Int, index: Int) -> Int {\n    var arr = arr\n    for range in ranges {\n        arr = rotate(arr: arr, range: range)\n    }\n    return arr[index]\n}\n\n\nfunc ==(left: [(Int, Int)], right: [(Int, Int)]) -> Bool {\n    if left.count != right.count {\n        return false\n    }\n    for (l, r) in zip(left, right) {\n        if l != r {\n            return false\n        }\n    }\n    return true\n}\n            \nassert(find_Element(arr: [1, 2, 3, 4, 5], ranges: [[0, 2], [0, 3]], rotations: 2, index: 1) == 3)\nassert(find_Element(arr: [1, 2, 3, 4], ranges: [[0, 1], [0, 2]], rotations: 1, index: 2) == 3)\nassert(find_Element(arr: [1, 2, 3, 4, 5, 6], ranges: [[0, 1], [0, 2]], rotations: 1, index: 1) == 1)",
      "timestamp": 1665509863,
      "stdout": "",
      "stderr": "/tmp/tmpwq51m1eh.swift:6:15: error: cannot find 'rotate' in scope\n        arr = rotate(arr: arr, range: range)\n              ^~~~~~\n",
      "exit_code": 1,
      "status": "SyntaxError"
    },
    {
      "program": "\n/// Write a python function to find element at a given index after number of rotations.\nfunc find_Element(arr: [Int], ranges: [[Int]], rotations: Int, index: Int) -> Int {\n    var arr = arr\n    for range in ranges {\n        arr = rotate(arr: arr, range: range)\n    }\n    return arr[index]\n}\n\n\nfunc ==(left: [(Int, Int)], right: [(Int, Int)]) -> Bool {\n    if left.count != right.count {\n        return false\n    }\n    for (l, r) in zip(left, right) {\n        if l != r {\n            return false\n        }\n    }\n    return true\n}\n            \nassert(find_Element(arr: [1, 2, 3, 4, 5], ranges: [[0, 2], [0, 3]], rotations: 2, index: 1) == 3)\nassert(find_Element(arr: [1, 2, 3, 4], ranges: [[0, 1], [0, 2]], rotations: 1, index: 2) == 3)\nassert(find_Element(arr: [1, 2, 3, 4, 5, 6], ranges: [[0, 1], [0, 2]], rotations: 1, index: 1) == 1)",
      "timestamp": 1665509863,
      "stdout": "",
      "stderr": "/tmp/tmpwq51m1eh.swift:6:15: error: cannot find 'rotate' in scope\n        arr = rotate(arr: arr, range: range)\n              ^~~~~~\n",
      "exit_code": 1,
      "status": "SyntaxError"
    },
    {
      "program": "\n/// Write a python function to find element at a given index after number of rotations.\nfunc find_Element(arr: [Int], ranges: [[Int]], rotations: Int, index: Int) -> Int {\n    var arr = arr\n    for range in ranges {\n        arr = rotate(arr: arr, start: range[0], end: range[1])\n    }\n    return arr[index]\n}\n\n\nfunc ==(left: [(Int, Int)], right: [(Int, Int)]) -> Bool {\n    if left.count != right.count {\n        return false\n    }\n    for (l, r) in zip(left, right) {\n        if l != r {\n            return false\n        }\n    }\n    return true\n}\n            \nassert(find_Element(arr: [1, 2, 3, 4, 5], ranges: [[0, 2], [0, 3]], rotations: 2, index: 1) == 3)\nassert(find_Element(arr: [1, 2, 3, 4], ranges: [[0, 1], [0, 2]], rotations: 1, index: 2) == 3)\nassert(find_Element(arr: [1, 2, 3, 4, 5, 6], ranges: [[0, 1], [0, 2]], rotations: 1, index: 1) == 1)",
      "timestamp": 1665509863,
      "stdout": "",
      "stderr": "/tmp/tmpd7ydap_k.swift:6:15: error: cannot find 'rotate' in scope\n        arr = rotate(arr: arr, start: range[0], end: range[1])\n              ^~~~~~\n",
      "exit_code": 1,
      "status": "SyntaxError"
    },
    {
      "program": "\n/// Write a python function to find element at a given index after number of rotations.\nfunc find_Element(arr: [Int], ranges: [[Int]], rotations: Int, index: Int) -> Int {\n    var arr = arr\n    for range in ranges {\n        arr = rotate_Array(arr: arr, range: range)\n    }\n    return arr[index]\n}\n\n\nfunc ==(left: [(Int, Int)], right: [(Int, Int)]) -> Bool {\n    if left.count != right.count {\n        return false\n    }\n    for (l, r) in zip(left, right) {\n        if l != r {\n            return false\n        }\n    }\n    return true\n}\n            \nassert(find_Element(arr: [1, 2, 3, 4, 5], ranges: [[0, 2], [0, 3]], rotations: 2, index: 1) == 3)\nassert(find_Element(arr: [1, 2, 3, 4], ranges: [[0, 1], [0, 2]], rotations: 1, index: 2) == 3)\nassert(find_Element(arr: [1, 2, 3, 4, 5, 6], ranges: [[0, 1], [0, 2]], rotations: 1, index: 1) == 1)",
      "timestamp": 1665509863,
      "stdout": "",
      "stderr": "/tmp/tmp4fnwuv6n.swift:6:15: error: cannot find 'rotate_Array' in scope\n        arr = rotate_Array(arr: arr, range: range)\n              ^~~~~~~~~~~~\n",
      "exit_code": 1,
      "status": "SyntaxError"
    },
    {
      "program": "\n/// Write a python function to find element at a given index after number of rotations.\nfunc find_Element(arr: [Int], ranges: [[Int]], rotations: Int, index: Int) -> Int {\n    var arr = arr\n    for range in ranges {\n        arr = rotate(arr: arr, range: range)\n    }\n    return arr[index]\n}\n\n\nfunc ==(left: [(Int, Int)], right: [(Int, Int)]) -> Bool {\n    if left.count != right.count {\n        return false\n    }\n    for (l, r) in zip(left, right) {\n        if l != r {\n            return false\n        }\n    }\n    return true\n}\n            \nassert(find_Element(arr: [1, 2, 3, 4, 5], ranges: [[0, 2], [0, 3]], rotations: 2, index: 1) == 3)\nassert(find_Element(arr: [1, 2, 3, 4], ranges: [[0, 1], [0, 2]], rotations: 1, index: 2) == 3)\nassert(find_Element(arr: [1, 2, 3, 4, 5, 6], ranges: [[0, 1], [0, 2]], rotations: 1, index: 1) == 1)",
      "timestamp": 1665509863,
      "stdout": "",
      "stderr": "/tmp/tmpwq51m1eh.swift:6:15: error: cannot find 'rotate' in scope\n        arr = rotate(arr: arr, range: range)\n              ^~~~~~\n",
      "exit_code": 1,
      "status": "SyntaxError"
    },
    {
      "program": "\n/// Write a python function to find element at a given index after number of rotations.\nfunc find_Element(arr: [Int], ranges: [[Int]], rotations: Int, index: Int) -> Int {\n    var arr = arr\n    for range in ranges {\n        arr = rotate(arr: arr, range: range)\n    }\n    return arr[index]\n}\n\n\nfunc ==(left: [(Int, Int)], right: [(Int, Int)]) -> Bool {\n    if left.count != right.count {\n        return false\n    }\n    for (l, r) in zip(left, right) {\n        if l != r {\n            return false\n        }\n    }\n    return true\n}\n            \nassert(find_Element(arr: [1, 2, 3, 4, 5], ranges: [[0, 2], [0, 3]], rotations: 2, index: 1) == 3)\nassert(find_Element(arr: [1, 2, 3, 4], ranges: [[0, 1], [0, 2]], rotations: 1, index: 2) == 3)\nassert(find_Element(arr: [1, 2, 3, 4, 5, 6], ranges: [[0, 1], [0, 2]], rotations: 1, index: 1) == 1)",
      "timestamp": 1665509863,
      "stdout": "",
      "stderr": "/tmp/tmpwq51m1eh.swift:6:15: error: cannot find 'rotate' in scope\n        arr = rotate(arr: arr, range: range)\n              ^~~~~~\n",
      "exit_code": 1,
      "status": "SyntaxError"
    },
    {
      "program": "\n/// Write a python function to find element at a given index after number of rotations.\nfunc find_Element(arr: [Int], ranges: [[Int]], rotations: Int, index: Int) -> Int {\n    var arr = arr\n    for range in ranges {\n        arr = rotate(arr: arr, range: range)\n    }\n    return arr[index]\n}\n\n\nfunc ==(left: [(Int, Int)], right: [(Int, Int)]) -> Bool {\n    if left.count != right.count {\n        return false\n    }\n    for (l, r) in zip(left, right) {\n        if l != r {\n            return false\n        }\n    }\n    return true\n}\n            \nassert(find_Element(arr: [1, 2, 3, 4, 5], ranges: [[0, 2], [0, 3]], rotations: 2, index: 1) == 3)\nassert(find_Element(arr: [1, 2, 3, 4], ranges: [[0, 1], [0, 2]], rotations: 1, index: 2) == 3)\nassert(find_Element(arr: [1, 2, 3, 4, 5, 6], ranges: [[0, 1], [0, 2]], rotations: 1, index: 1) == 1)",
      "timestamp": 1665509863,
      "stdout": "",
      "stderr": "/tmp/tmpwq51m1eh.swift:6:15: error: cannot find 'rotate' in scope\n        arr = rotate(arr: arr, range: range)\n              ^~~~~~\n",
      "exit_code": 1,
      "status": "SyntaxError"
    },
    {
      "program": "\n/// Write a python function to find element at a given index after number of rotations.\nfunc find_Element(arr: [Int], ranges: [[Int]], rotations: Int, index: Int) -> Int {\n    var arr = arr\n    for range in ranges {\n        arr = rotate(arr: arr, range: range)\n    }\n    return arr[index]\n}\n\n\nfunc ==(left: [(Int, Int)], right: [(Int, Int)]) -> Bool {\n    if left.count != right.count {\n        return false\n    }\n    for (l, r) in zip(left, right) {\n        if l != r {\n            return false\n        }\n    }\n    return true\n}\n            \nassert(find_Element(arr: [1, 2, 3, 4, 5], ranges: [[0, 2], [0, 3]], rotations: 2, index: 1) == 3)\nassert(find_Element(arr: [1, 2, 3, 4], ranges: [[0, 1], [0, 2]], rotations: 1, index: 2) == 3)\nassert(find_Element(arr: [1, 2, 3, 4, 5, 6], ranges: [[0, 1], [0, 2]], rotations: 1, index: 1) == 1)",
      "timestamp": 1665509863,
      "stdout": "",
      "stderr": "/tmp/tmpwq51m1eh.swift:6:15: error: cannot find 'rotate' in scope\n        arr = rotate(arr: arr, range: range)\n              ^~~~~~\n",
      "exit_code": 1,
      "status": "SyntaxError"
    },
    {
      "program": "\n/// Write a python function to find element at a given index after number of rotations.\nfunc find_Element(arr: [Int], ranges: [[Int]], rotations: Int, index: Int) -> Int {\n    var arr = arr\n    for range in ranges {\n        arr = rotate(arr: arr, range: range)\n    }\n    return arr[index]\n}\n\n\nfunc ==(left: [(Int, Int)], right: [(Int, Int)]) -> Bool {\n    if left.count != right.count {\n        return false\n    }\n    for (l, r) in zip(left, right) {\n        if l != r {\n            return false\n        }\n    }\n    return true\n}\n            \nassert(find_Element(arr: [1, 2, 3, 4, 5], ranges: [[0, 2], [0, 3]], rotations: 2, index: 1) == 3)\nassert(find_Element(arr: [1, 2, 3, 4], ranges: [[0, 1], [0, 2]], rotations: 1, index: 2) == 3)\nassert(find_Element(arr: [1, 2, 3, 4, 5, 6], ranges: [[0, 1], [0, 2]], rotations: 1, index: 1) == 1)",
      "timestamp": 1665509863,
      "stdout": "",
      "stderr": "/tmp/tmpwq51m1eh.swift:6:15: error: cannot find 'rotate' in scope\n        arr = rotate(arr: arr, range: range)\n              ^~~~~~\n",
      "exit_code": 1,
      "status": "SyntaxError"
    },
    {
      "program": "\n/// Write a python function to find element at a given index after number of rotations.\nfunc find_Element(arr: [Int], ranges: [[Int]], rotations: Int, index: Int) -> Int {\n    var arr = arr\n    for range in ranges {\n        arr = rotate_Array(arr: arr, range: range)\n    }\n    return arr[index]\n}\n\n\nfunc ==(left: [(Int, Int)], right: [(Int, Int)]) -> Bool {\n    if left.count != right.count {\n        return false\n    }\n    for (l, r) in zip(left, right) {\n        if l != r {\n            return false\n        }\n    }\n    return true\n}\n            \nassert(find_Element(arr: [1, 2, 3, 4, 5], ranges: [[0, 2], [0, 3]], rotations: 2, index: 1) == 3)\nassert(find_Element(arr: [1, 2, 3, 4], ranges: [[0, 1], [0, 2]], rotations: 1, index: 2) == 3)\nassert(find_Element(arr: [1, 2, 3, 4, 5, 6], ranges: [[0, 1], [0, 2]], rotations: 1, index: 1) == 1)",
      "timestamp": 1665509863,
      "stdout": "",
      "stderr": "/tmp/tmp4fnwuv6n.swift:6:15: error: cannot find 'rotate_Array' in scope\n        arr = rotate_Array(arr: arr, range: range)\n              ^~~~~~~~~~~~\n",
      "exit_code": 1,
      "status": "SyntaxError"
    },
    {
      "program": "\n/// Write a python function to find element at a given index after number of rotations.\nfunc find_Element(arr: [Int], ranges: [[Int]], rotations: Int, index: Int) -> Int {\n    var arr = arr\n    for range in ranges {\n        arr = rotate(arr: arr, range: range)\n    }\n    return arr[index]\n}\n\n\nfunc ==(left: [(Int, Int)], right: [(Int, Int)]) -> Bool {\n    if left.count != right.count {\n        return false\n    }\n    for (l, r) in zip(left, right) {\n        if l != r {\n            return false\n        }\n    }\n    return true\n}\n            \nassert(find_Element(arr: [1, 2, 3, 4, 5], ranges: [[0, 2], [0, 3]], rotations: 2, index: 1) == 3)\nassert(find_Element(arr: [1, 2, 3, 4], ranges: [[0, 1], [0, 2]], rotations: 1, index: 2) == 3)\nassert(find_Element(arr: [1, 2, 3, 4, 5, 6], ranges: [[0, 1], [0, 2]], rotations: 1, index: 1) == 1)",
      "timestamp": 1665509863,
      "stdout": "",
      "stderr": "/tmp/tmpwq51m1eh.swift:6:15: error: cannot find 'rotate' in scope\n        arr = rotate(arr: arr, range: range)\n              ^~~~~~\n",
      "exit_code": 1,
      "status": "SyntaxError"
    },
    {
      "program": "\n/// Write a python function to find element at a given index after number of rotations.\nfunc find_Element(arr: [Int], ranges: [[Int]], rotations: Int, index: Int) -> Int {\n    var arr = arr\n    for range in ranges {\n        arr = rotate_Array(arr: arr, range: range)\n    }\n    return arr[index]\n}\n\n\nfunc ==(left: [(Int, Int)], right: [(Int, Int)]) -> Bool {\n    if left.count != right.count {\n        return false\n    }\n    for (l, r) in zip(left, right) {\n        if l != r {\n            return false\n        }\n    }\n    return true\n}\n            \nassert(find_Element(arr: [1, 2, 3, 4, 5], ranges: [[0, 2], [0, 3]], rotations: 2, index: 1) == 3)\nassert(find_Element(arr: [1, 2, 3, 4], ranges: [[0, 1], [0, 2]], rotations: 1, index: 2) == 3)\nassert(find_Element(arr: [1, 2, 3, 4, 5, 6], ranges: [[0, 1], [0, 2]], rotations: 1, index: 1) == 1)",
      "timestamp": 1665509863,
      "stdout": "",
      "stderr": "/tmp/tmp4fnwuv6n.swift:6:15: error: cannot find 'rotate_Array' in scope\n        arr = rotate_Array(arr: arr, range: range)\n              ^~~~~~~~~~~~\n",
      "exit_code": 1,
      "status": "SyntaxError"
    },
    {
      "program": "\n/// Write a python function to find element at a given index after number of rotations.\nfunc find_Element(arr: [Int], ranges: [[Int]], rotations: Int, index: Int) -> Int {\n    var arr = arr\n    var ranges = ranges\n    var rotations = rotations\n    var index = index\n    for _ in 0..<rotations {\n        let range = ranges.removeFirst()\n        let subArray = arr[range[0]...range[1]]\n        arr.replaceSubrange(range[0]...range[1], with: subArray.reversed())\n    }\n    return arr[index]\n}\n\n\nfunc ==(left: [(Int, Int)], right: [(Int, Int)]) -> Bool {\n    if left.count != right.count {\n        return false\n    }\n    for (l, r) in zip(left, right) {\n        if l != r {\n            return false\n        }\n    }\n    return true\n}\n            \nassert(find_Element(arr: [1, 2, 3, 4, 5], ranges: [[0, 2], [0, 3]], rotations: 2, index: 1) == 3)\nassert(find_Element(arr: [1, 2, 3, 4], ranges: [[0, 1], [0, 2]], rotations: 1, index: 2) == 3)\nassert(find_Element(arr: [1, 2, 3, 4, 5, 6], ranges: [[0, 1], [0, 2]], rotations: 1, index: 1) == 1)",
      "timestamp": 1666122826,
      "stdout": "",
      "stderr": "tmpq478iwv4/tmpq478iwv4.swift:29: Assertion failed\nCurrent stack trace:\n0    libswiftCore.so                    0x00002ba30e9c3c80 _swift_stdlib_reportFatalErrorInFile + 112\n1    libswiftCore.so                    0x00002ba30e6bab6c <unavailable> + 1436524\n2    libswiftCore.so                    0x00002ba30e6ba988 <unavailable> + 1436040\n3    libswiftCore.so                    0x00002ba30e6b97b0 _assertionFailure(_:_:file:line:flags:) + 699\n4    tmpq478iwv4                        0x00005578738f798c <unavailable> + 6540\n5    libc.so.6                          0x00002ba30ebaf460 __libc_start_main + 245\n6    tmpq478iwv4                        0x00005578738f7529 <unavailable> + 5417\n",
      "exit_code": -4,
      "status": "Exception"
    },
    {
      "program": "\n/// Write a python function to find element at a given index after number of rotations.\nfunc find_Element(arr: [Int], ranges: [[Int]], rotations: Int, index: Int) -> Int {\n    var arr = arr\n    for range in ranges {\n        arr = rotate(arr: arr, range: range)\n    }\n    return arr[index]\n}\n\n\nfunc ==(left: [(Int, Int)], right: [(Int, Int)]) -> Bool {\n    if left.count != right.count {\n        return false\n    }\n    for (l, r) in zip(left, right) {\n        if l != r {\n            return false\n        }\n    }\n    return true\n}\n            \nassert(find_Element(arr: [1, 2, 3, 4, 5], ranges: [[0, 2], [0, 3]], rotations: 2, index: 1) == 3)\nassert(find_Element(arr: [1, 2, 3, 4], ranges: [[0, 1], [0, 2]], rotations: 1, index: 2) == 3)\nassert(find_Element(arr: [1, 2, 3, 4, 5, 6], ranges: [[0, 1], [0, 2]], rotations: 1, index: 1) == 1)",
      "timestamp": 1665509863,
      "stdout": "",
      "stderr": "/tmp/tmpwq51m1eh.swift:6:15: error: cannot find 'rotate' in scope\n        arr = rotate(arr: arr, range: range)\n              ^~~~~~\n",
      "exit_code": 1,
      "status": "SyntaxError"
    },
    {
      "program": "\n/// Write a python function to find element at a given index after number of rotations.\nfunc find_Element(arr: [Int], ranges: [[Int]], rotations: Int, index: Int) -> Int {\n    var arr = arr\n    for range in ranges {\n        arr = rotate(arr: arr, range: range)\n    }\n    return arr[index]\n}\n\n\nfunc ==(left: [(Int, Int)], right: [(Int, Int)]) -> Bool {\n    if left.count != right.count {\n        return false\n    }\n    for (l, r) in zip(left, right) {\n        if l != r {\n            return false\n        }\n    }\n    return true\n}\n            \nassert(find_Element(arr: [1, 2, 3, 4, 5], ranges: [[0, 2], [0, 3]], rotations: 2, index: 1) == 3)\nassert(find_Element(arr: [1, 2, 3, 4], ranges: [[0, 1], [0, 2]], rotations: 1, index: 2) == 3)\nassert(find_Element(arr: [1, 2, 3, 4, 5, 6], ranges: [[0, 1], [0, 2]], rotations: 1, index: 1) == 1)",
      "timestamp": 1665509863,
      "stdout": "",
      "stderr": "/tmp/tmpwq51m1eh.swift:6:15: error: cannot find 'rotate' in scope\n        arr = rotate(arr: arr, range: range)\n              ^~~~~~\n",
      "exit_code": 1,
      "status": "SyntaxError"
    },
    {
      "program": "\n/// Write a python function to find element at a given index after number of rotations.\nfunc find_Element(arr: [Int], ranges: [[Int]], rotations: Int, index: Int) -> Int {\n    var arr = arr\n    for range in ranges {\n        arr = rotate_Array(arr: arr, start: range[0], end: range[1])\n    }\n    return arr[index]\n}\n\n\nfunc ==(left: [(Int, Int)], right: [(Int, Int)]) -> Bool {\n    if left.count != right.count {\n        return false\n    }\n    for (l, r) in zip(left, right) {\n        if l != r {\n            return false\n        }\n    }\n    return true\n}\n            \nassert(find_Element(arr: [1, 2, 3, 4, 5], ranges: [[0, 2], [0, 3]], rotations: 2, index: 1) == 3)\nassert(find_Element(arr: [1, 2, 3, 4], ranges: [[0, 1], [0, 2]], rotations: 1, index: 2) == 3)\nassert(find_Element(arr: [1, 2, 3, 4, 5, 6], ranges: [[0, 1], [0, 2]], rotations: 1, index: 1) == 1)",
      "timestamp": 1665509863,
      "stdout": "",
      "stderr": "/tmp/tmp9a7sx_xi.swift:6:15: error: cannot find 'rotate_Array' in scope\n        arr = rotate_Array(arr: arr, start: range[0], end: range[1])\n              ^~~~~~~~~~~~\n",
      "exit_code": 1,
      "status": "SyntaxError"
    },
    {
      "program": "\n/// Write a python function to find element at a given index after number of rotations.\nfunc find_Element(arr: [Int], ranges: [[Int]], rotations: Int, index: Int) -> Int {\n    var arr = arr\n    for range in ranges {\n        arr = rotate(arr: arr, from: range[0], to: range[1])\n    }\n    return arr[index]\n}\n\n\nfunc ==(left: [(Int, Int)], right: [(Int, Int)]) -> Bool {\n    if left.count != right.count {\n        return false\n    }\n    for (l, r) in zip(left, right) {\n        if l != r {\n            return false\n        }\n    }\n    return true\n}\n            \nassert(find_Element(arr: [1, 2, 3, 4, 5], ranges: [[0, 2], [0, 3]], rotations: 2, index: 1) == 3)\nassert(find_Element(arr: [1, 2, 3, 4], ranges: [[0, 1], [0, 2]], rotations: 1, index: 2) == 3)\nassert(find_Element(arr: [1, 2, 3, 4, 5, 6], ranges: [[0, 1], [0, 2]], rotations: 1, index: 1) == 1)",
      "timestamp": 1665509863,
      "stdout": "",
      "stderr": "/tmp/tmpmr5wc2o0.swift:6:15: error: cannot find 'rotate' in scope\n        arr = rotate(arr: arr, from: range[0], to: range[1])\n              ^~~~~~\n",
      "exit_code": 1,
      "status": "SyntaxError"
    },
    {
      "program": "\n/// Write a python function to find element at a given index after number of rotations.\nfunc find_Element(arr: [Int], ranges: [[Int]], rotations: Int, index: Int) -> Int {\n    var arr = arr\n    for range in ranges {\n        arr = rotate(arr: arr, range: range)\n    }\n    return arr[index]\n}\n\n\nfunc ==(left: [(Int, Int)], right: [(Int, Int)]) -> Bool {\n    if left.count != right.count {\n        return false\n    }\n    for (l, r) in zip(left, right) {\n        if l != r {\n            return false\n        }\n    }\n    return true\n}\n            \nassert(find_Element(arr: [1, 2, 3, 4, 5], ranges: [[0, 2], [0, 3]], rotations: 2, index: 1) == 3)\nassert(find_Element(arr: [1, 2, 3, 4], ranges: [[0, 1], [0, 2]], rotations: 1, index: 2) == 3)\nassert(find_Element(arr: [1, 2, 3, 4, 5, 6], ranges: [[0, 1], [0, 2]], rotations: 1, index: 1) == 1)",
      "timestamp": 1665509863,
      "stdout": "",
      "stderr": "/tmp/tmpwq51m1eh.swift:6:15: error: cannot find 'rotate' in scope\n        arr = rotate(arr: arr, range: range)\n              ^~~~~~\n",
      "exit_code": 1,
      "status": "SyntaxError"
    },
    {
      "program": "\n/// Write a python function to find element at a given index after number of rotations.\nfunc find_Element(arr: [Int], ranges: [[Int]], rotations: Int, index: Int) -> Int {\n    var arr = arr\n    var ranges = ranges\n    var rotations = rotations\n    var index = index\n    \n    while rotations > 0 {\n        var temp = arr[0]\n        for i in 0..<arr.count {\n            if i == arr.count - 1 {\n                arr[i] = temp\n            } else {\n                arr[i] = arr[i + 1]\n            }\n        }\n        rotations -= 1\n    }\n    \n    for i in 0..<ranges.count {\n        let range = ranges[i]\n        let temp = arr[range[0]]\n        arr[range[0]] = arr[range[1]]\n        arr[range[1]] = temp\n    }\n    \n    return arr[index]\n}\n\n\nfunc ==(left: [(Int, Int)], right: [(Int, Int)]) -> Bool {\n    if left.count != right.count {\n        return false\n    }\n    for (l, r) in zip(left, right) {\n        if l != r {\n            return false\n        }\n    }\n    return true\n}\n            \nassert(find_Element(arr: [1, 2, 3, 4, 5], ranges: [[0, 2], [0, 3]], rotations: 2, index: 1) == 3)\nassert(find_Element(arr: [1, 2, 3, 4], ranges: [[0, 1], [0, 2]], rotations: 1, index: 2) == 3)\nassert(find_Element(arr: [1, 2, 3, 4, 5, 6], ranges: [[0, 1], [0, 2]], rotations: 1, index: 1) == 1)",
      "timestamp": 1666122826,
      "stdout": "",
      "stderr": "tmpko6kjql8/tmpko6kjql8.swift:44: Assertion failed\nCurrent stack trace:\n0    libswiftCore.so                    0x00002af97759ac80 _swift_stdlib_reportFatalErrorInFile + 112\n1    libswiftCore.so                    0x00002af977291b6c <unavailable> + 1436524\n2    libswiftCore.so                    0x00002af977291988 <unavailable> + 1436040\n3    libswiftCore.so                    0x00002af9772907b0 _assertionFailure(_:_:file:line:flags:) + 699\n4    tmpko6kjql8                        0x00005615aa38f6ac <unavailable> + 5804\n5    libc.so.6                          0x00002af977786460 __libc_start_main + 245\n6    tmpko6kjql8                        0x00005615aa38f249 <unavailable> + 4681\n",
      "exit_code": -4,
      "status": "Exception"
    },
    {
      "program": "\n/// Write a python function to find element at a given index after number of rotations.\nfunc find_Element(arr: [Int], ranges: [[Int]], rotations: Int, index: Int) -> Int {\n    var arr = arr\n    for range in ranges {\n        arr = rotate(arr: arr, start: range[0], end: range[1])\n    }\n    return arr[index]\n}\n\n\nfunc ==(left: [(Int, Int)], right: [(Int, Int)]) -> Bool {\n    if left.count != right.count {\n        return false\n    }\n    for (l, r) in zip(left, right) {\n        if l != r {\n            return false\n        }\n    }\n    return true\n}\n            \nassert(find_Element(arr: [1, 2, 3, 4, 5], ranges: [[0, 2], [0, 3]], rotations: 2, index: 1) == 3)\nassert(find_Element(arr: [1, 2, 3, 4], ranges: [[0, 1], [0, 2]], rotations: 1, index: 2) == 3)\nassert(find_Element(arr: [1, 2, 3, 4, 5, 6], ranges: [[0, 1], [0, 2]], rotations: 1, index: 1) == 1)",
      "timestamp": 1665509863,
      "stdout": "",
      "stderr": "/tmp/tmpd7ydap_k.swift:6:15: error: cannot find 'rotate' in scope\n        arr = rotate(arr: arr, start: range[0], end: range[1])\n              ^~~~~~\n",
      "exit_code": 1,
      "status": "SyntaxError"
    },
    {
      "program": "\n/// Write a python function to find element at a given index after number of rotations.\nfunc find_Element(arr: [Int], ranges: [[Int]], rotations: Int, index: Int) -> Int {\n    var arr = arr\n    for range in ranges {\n        arr = rotate_Array(arr: arr, range: range)\n    }\n    return arr[index]\n}\n\n\nfunc ==(left: [(Int, Int)], right: [(Int, Int)]) -> Bool {\n    if left.count != right.count {\n        return false\n    }\n    for (l, r) in zip(left, right) {\n        if l != r {\n            return false\n        }\n    }\n    return true\n}\n            \nassert(find_Element(arr: [1, 2, 3, 4, 5], ranges: [[0, 2], [0, 3]], rotations: 2, index: 1) == 3)\nassert(find_Element(arr: [1, 2, 3, 4], ranges: [[0, 1], [0, 2]], rotations: 1, index: 2) == 3)\nassert(find_Element(arr: [1, 2, 3, 4, 5, 6], ranges: [[0, 1], [0, 2]], rotations: 1, index: 1) == 1)",
      "timestamp": 1665509863,
      "stdout": "",
      "stderr": "/tmp/tmp4fnwuv6n.swift:6:15: error: cannot find 'rotate_Array' in scope\n        arr = rotate_Array(arr: arr, range: range)\n              ^~~~~~~~~~~~\n",
      "exit_code": 1,
      "status": "SyntaxError"
    },
    {
      "program": "\n/// Write a python function to find element at a given index after number of rotations.\nfunc find_Element(arr: [Int], ranges: [[Int]], rotations: Int, index: Int) -> Int {\n    var new_arr = arr\n    for range in ranges {\n        new_arr = rotate(arr: new_arr, start: range[0], end: range[1])\n    }\n    return new_arr[index]\n}\n\n\nfunc ==(left: [(Int, Int)], right: [(Int, Int)]) -> Bool {\n    if left.count != right.count {\n        return false\n    }\n    for (l, r) in zip(left, right) {\n        if l != r {\n            return false\n        }\n    }\n    return true\n}\n            \nassert(find_Element(arr: [1, 2, 3, 4, 5], ranges: [[0, 2], [0, 3]], rotations: 2, index: 1) == 3)\nassert(find_Element(arr: [1, 2, 3, 4], ranges: [[0, 1], [0, 2]], rotations: 1, index: 2) == 3)\nassert(find_Element(arr: [1, 2, 3, 4, 5, 6], ranges: [[0, 1], [0, 2]], rotations: 1, index: 1) == 1)",
      "timestamp": 1666122826,
      "stdout": "",
      "stderr": "/tmp/tmp85vf8dpx.swift:6:19: error: cannot find 'rotate' in scope\n        new_arr = rotate(arr: new_arr, start: range[0], end: range[1])\n                  ^~~~~~\n",
      "exit_code": 1,
      "status": "SyntaxError"
    },
    {
      "program": "\n/// Write a python function to find element at a given index after number of rotations.\nfunc find_Element(arr: [Int], ranges: [[Int]], rotations: Int, index: Int) -> Int {\n    var arr = arr\n    for range in ranges {\n        arr = rotate(arr: arr, start: range[0], end: range[1])\n    }\n    return arr[index]\n}\n\n\nfunc ==(left: [(Int, Int)], right: [(Int, Int)]) -> Bool {\n    if left.count != right.count {\n        return false\n    }\n    for (l, r) in zip(left, right) {\n        if l != r {\n            return false\n        }\n    }\n    return true\n}\n            \nassert(find_Element(arr: [1, 2, 3, 4, 5], ranges: [[0, 2], [0, 3]], rotations: 2, index: 1) == 3)\nassert(find_Element(arr: [1, 2, 3, 4], ranges: [[0, 1], [0, 2]], rotations: 1, index: 2) == 3)\nassert(find_Element(arr: [1, 2, 3, 4, 5, 6], ranges: [[0, 1], [0, 2]], rotations: 1, index: 1) == 1)",
      "timestamp": 1665509863,
      "stdout": "",
      "stderr": "/tmp/tmpd7ydap_k.swift:6:15: error: cannot find 'rotate' in scope\n        arr = rotate(arr: arr, start: range[0], end: range[1])\n              ^~~~~~\n",
      "exit_code": 1,
      "status": "SyntaxError"
    },
    {
      "program": "\n/// Write a python function to find element at a given index after number of rotations.\nfunc find_Element(arr: [Int], ranges: [[Int]], rotations: Int, index: Int) -> Int {\n    var arr = arr\n    for range in ranges {\n        arr = rotate(arr: arr, from: range[0], to: range[1])\n    }\n    return arr[index]\n}\n\n\nfunc ==(left: [(Int, Int)], right: [(Int, Int)]) -> Bool {\n    if left.count != right.count {\n        return false\n    }\n    for (l, r) in zip(left, right) {\n        if l != r {\n            return false\n        }\n    }\n    return true\n}\n            \nassert(find_Element(arr: [1, 2, 3, 4, 5], ranges: [[0, 2], [0, 3]], rotations: 2, index: 1) == 3)\nassert(find_Element(arr: [1, 2, 3, 4], ranges: [[0, 1], [0, 2]], rotations: 1, index: 2) == 3)\nassert(find_Element(arr: [1, 2, 3, 4, 5, 6], ranges: [[0, 1], [0, 2]], rotations: 1, index: 1) == 1)",
      "timestamp": 1665509863,
      "stdout": "",
      "stderr": "/tmp/tmpmr5wc2o0.swift:6:15: error: cannot find 'rotate' in scope\n        arr = rotate(arr: arr, from: range[0], to: range[1])\n              ^~~~~~\n",
      "exit_code": 1,
      "status": "SyntaxError"
    },
    {
      "program": "\n/// Write a python function to find element at a given index after number of rotations.\nfunc find_Element(arr: [Int], ranges: [[Int]], rotations: Int, index: Int) -> Int {\n    var arr = arr\n    for range in ranges {\n        arr = rotate(arr: arr, start: range[0], end: range[1])\n    }\n    return arr[index]\n}\n\n\nfunc ==(left: [(Int, Int)], right: [(Int, Int)]) -> Bool {\n    if left.count != right.count {\n        return false\n    }\n    for (l, r) in zip(left, right) {\n        if l != r {\n            return false\n        }\n    }\n    return true\n}\n            \nassert(find_Element(arr: [1, 2, 3, 4, 5], ranges: [[0, 2], [0, 3]], rotations: 2, index: 1) == 3)\nassert(find_Element(arr: [1, 2, 3, 4], ranges: [[0, 1], [0, 2]], rotations: 1, index: 2) == 3)\nassert(find_Element(arr: [1, 2, 3, 4, 5, 6], ranges: [[0, 1], [0, 2]], rotations: 1, index: 1) == 1)",
      "timestamp": 1665509863,
      "stdout": "",
      "stderr": "/tmp/tmpd7ydap_k.swift:6:15: error: cannot find 'rotate' in scope\n        arr = rotate(arr: arr, start: range[0], end: range[1])\n              ^~~~~~\n",
      "exit_code": 1,
      "status": "SyntaxError"
    },
    {
      "program": "\n/// Write a python function to find element at a given index after number of rotations.\nfunc find_Element(arr: [Int], ranges: [[Int]], rotations: Int, index: Int) -> Int {\n    var arr = arr\n    for range in ranges {\n        arr = rotate(arr: arr, range: range)\n    }\n    return arr[index]\n}\n\n\nfunc ==(left: [(Int, Int)], right: [(Int, Int)]) -> Bool {\n    if left.count != right.count {\n        return false\n    }\n    for (l, r) in zip(left, right) {\n        if l != r {\n            return false\n        }\n    }\n    return true\n}\n            \nassert(find_Element(arr: [1, 2, 3, 4, 5], ranges: [[0, 2], [0, 3]], rotations: 2, index: 1) == 3)\nassert(find_Element(arr: [1, 2, 3, 4], ranges: [[0, 1], [0, 2]], rotations: 1, index: 2) == 3)\nassert(find_Element(arr: [1, 2, 3, 4, 5, 6], ranges: [[0, 1], [0, 2]], rotations: 1, index: 1) == 1)",
      "timestamp": 1665509863,
      "stdout": "",
      "stderr": "/tmp/tmpwq51m1eh.swift:6:15: error: cannot find 'rotate' in scope\n        arr = rotate(arr: arr, range: range)\n              ^~~~~~\n",
      "exit_code": 1,
      "status": "SyntaxError"
    },
    {
      "program": "\n/// Write a python function to find element at a given index after number of rotations.\nfunc find_Element(arr: [Int], ranges: [[Int]], rotations: Int, index: Int) -> Int {\n    var arr = arr\n    for range in ranges {\n        arr = rotate(arr: arr, range: range)\n    }\n    return arr[index]\n}\n\n\nfunc ==(left: [(Int, Int)], right: [(Int, Int)]) -> Bool {\n    if left.count != right.count {\n        return false\n    }\n    for (l, r) in zip(left, right) {\n        if l != r {\n            return false\n        }\n    }\n    return true\n}\n            \nassert(find_Element(arr: [1, 2, 3, 4, 5], ranges: [[0, 2], [0, 3]], rotations: 2, index: 1) == 3)\nassert(find_Element(arr: [1, 2, 3, 4], ranges: [[0, 1], [0, 2]], rotations: 1, index: 2) == 3)\nassert(find_Element(arr: [1, 2, 3, 4, 5, 6], ranges: [[0, 1], [0, 2]], rotations: 1, index: 1) == 1)",
      "timestamp": 1665509863,
      "stdout": "",
      "stderr": "/tmp/tmpwq51m1eh.swift:6:15: error: cannot find 'rotate' in scope\n        arr = rotate(arr: arr, range: range)\n              ^~~~~~\n",
      "exit_code": 1,
      "status": "SyntaxError"
    },
    {
      "program": "\n/// Write a python function to find element at a given index after number of rotations.\nfunc find_Element(arr: [Int], ranges: [[Int]], rotations: Int, index: Int) -> Int {\n    var arr = arr\n    for range in ranges {\n        arr = rotate(arr: arr, from: range[0], to: range[1])\n    }\n    return arr[index]\n}\n\n\nfunc ==(left: [(Int, Int)], right: [(Int, Int)]) -> Bool {\n    if left.count != right.count {\n        return false\n    }\n    for (l, r) in zip(left, right) {\n        if l != r {\n            return false\n        }\n    }\n    return true\n}\n            \nassert(find_Element(arr: [1, 2, 3, 4, 5], ranges: [[0, 2], [0, 3]], rotations: 2, index: 1) == 3)\nassert(find_Element(arr: [1, 2, 3, 4], ranges: [[0, 1], [0, 2]], rotations: 1, index: 2) == 3)\nassert(find_Element(arr: [1, 2, 3, 4, 5, 6], ranges: [[0, 1], [0, 2]], rotations: 1, index: 1) == 1)",
      "timestamp": 1665509863,
      "stdout": "",
      "stderr": "/tmp/tmpmr5wc2o0.swift:6:15: error: cannot find 'rotate' in scope\n        arr = rotate(arr: arr, from: range[0], to: range[1])\n              ^~~~~~\n",
      "exit_code": 1,
      "status": "SyntaxError"
    },
    {
      "program": "\n/// Write a python function to find element at a given index after number of rotations.\nfunc find_Element(arr: [Int], ranges: [[Int]], rotations: Int, index: Int) -> Int {\n    var arr = arr\n    for range in ranges {\n        arr = rotate(arr: arr, range: range)\n    }\n    return arr[index]\n}\n\n\nfunc ==(left: [(Int, Int)], right: [(Int, Int)]) -> Bool {\n    if left.count != right.count {\n        return false\n    }\n    for (l, r) in zip(left, right) {\n        if l != r {\n            return false\n        }\n    }\n    return true\n}\n            \nassert(find_Element(arr: [1, 2, 3, 4, 5], ranges: [[0, 2], [0, 3]], rotations: 2, index: 1) == 3)\nassert(find_Element(arr: [1, 2, 3, 4], ranges: [[0, 1], [0, 2]], rotations: 1, index: 2) == 3)\nassert(find_Element(arr: [1, 2, 3, 4, 5, 6], ranges: [[0, 1], [0, 2]], rotations: 1, index: 1) == 1)",
      "timestamp": 1665509863,
      "stdout": "",
      "stderr": "/tmp/tmpwq51m1eh.swift:6:15: error: cannot find 'rotate' in scope\n        arr = rotate(arr: arr, range: range)\n              ^~~~~~\n",
      "exit_code": 1,
      "status": "SyntaxError"
    },
    {
      "program": "\n/// Write a python function to find element at a given index after number of rotations.\nfunc find_Element(arr: [Int], ranges: [[Int]], rotations: Int, index: Int) -> Int {\n    var arr = arr\n    for range in ranges {\n        arr = rotate(arr: arr, range: range)\n    }\n    return arr[index]\n}\n\n\nfunc ==(left: [(Int, Int)], right: [(Int, Int)]) -> Bool {\n    if left.count != right.count {\n        return false\n    }\n    for (l, r) in zip(left, right) {\n        if l != r {\n            return false\n        }\n    }\n    return true\n}\n            \nassert(find_Element(arr: [1, 2, 3, 4, 5], ranges: [[0, 2], [0, 3]], rotations: 2, index: 1) == 3)\nassert(find_Element(arr: [1, 2, 3, 4], ranges: [[0, 1], [0, 2]], rotations: 1, index: 2) == 3)\nassert(find_Element(arr: [1, 2, 3, 4, 5, 6], ranges: [[0, 1], [0, 2]], rotations: 1, index: 1) == 1)",
      "timestamp": 1665509863,
      "stdout": "",
      "stderr": "/tmp/tmpwq51m1eh.swift:6:15: error: cannot find 'rotate' in scope\n        arr = rotate(arr: arr, range: range)\n              ^~~~~~\n",
      "exit_code": 1,
      "status": "SyntaxError"
    },
    {
      "program": "\n/// Write a python function to find element at a given index after number of rotations.\nfunc find_Element(arr: [Int], ranges: [[Int]], rotations: Int, index: Int) -> Int {\n    var arr = arr\n    for range in ranges {\n        arr = rotate(arr: arr, from: range[0], to: range[1])\n    }\n    return arr[index]\n}\n\n\nfunc ==(left: [(Int, Int)], right: [(Int, Int)]) -> Bool {\n    if left.count != right.count {\n        return false\n    }\n    for (l, r) in zip(left, right) {\n        if l != r {\n            return false\n        }\n    }\n    return true\n}\n            \nassert(find_Element(arr: [1, 2, 3, 4, 5], ranges: [[0, 2], [0, 3]], rotations: 2, index: 1) == 3)\nassert(find_Element(arr: [1, 2, 3, 4], ranges: [[0, 1], [0, 2]], rotations: 1, index: 2) == 3)\nassert(find_Element(arr: [1, 2, 3, 4, 5, 6], ranges: [[0, 1], [0, 2]], rotations: 1, index: 1) == 1)",
      "timestamp": 1665509863,
      "stdout": "",
      "stderr": "/tmp/tmpmr5wc2o0.swift:6:15: error: cannot find 'rotate' in scope\n        arr = rotate(arr: arr, from: range[0], to: range[1])\n              ^~~~~~\n",
      "exit_code": 1,
      "status": "SyntaxError"
    },
    {
      "program": "\n/// Write a python function to find element at a given index after number of rotations.\nfunc find_Element(arr: [Int], ranges: [[Int]], rotations: Int, index: Int) -> Int {\n    var arr = arr\n    for range in ranges {\n        arr = rotate_Array(arr: arr, range: range)\n    }\n    return arr[index]\n}\n\n\nfunc ==(left: [(Int, Int)], right: [(Int, Int)]) -> Bool {\n    if left.count != right.count {\n        return false\n    }\n    for (l, r) in zip(left, right) {\n        if l != r {\n            return false\n        }\n    }\n    return true\n}\n            \nassert(find_Element(arr: [1, 2, 3, 4, 5], ranges: [[0, 2], [0, 3]], rotations: 2, index: 1) == 3)\nassert(find_Element(arr: [1, 2, 3, 4], ranges: [[0, 1], [0, 2]], rotations: 1, index: 2) == 3)\nassert(find_Element(arr: [1, 2, 3, 4, 5, 6], ranges: [[0, 1], [0, 2]], rotations: 1, index: 1) == 1)",
      "timestamp": 1665509863,
      "stdout": "",
      "stderr": "/tmp/tmp4fnwuv6n.swift:6:15: error: cannot find 'rotate_Array' in scope\n        arr = rotate_Array(arr: arr, range: range)\n              ^~~~~~~~~~~~\n",
      "exit_code": 1,
      "status": "SyntaxError"
    },
    {
      "program": "\n/// Write a python function to find element at a given index after number of rotations.\nfunc find_Element(arr: [Int], ranges: [[Int]], rotations: Int, index: Int) -> Int {\n    var arr = arr\n    for range in ranges {\n        arr = rotate(arr: arr, range: range)\n    }\n    return arr[index]\n}\n\n\nfunc ==(left: [(Int, Int)], right: [(Int, Int)]) -> Bool {\n    if left.count != right.count {\n        return false\n    }\n    for (l, r) in zip(left, right) {\n        if l != r {\n            return false\n        }\n    }\n    return true\n}\n            \nassert(find_Element(arr: [1, 2, 3, 4, 5], ranges: [[0, 2], [0, 3]], rotations: 2, index: 1) == 3)\nassert(find_Element(arr: [1, 2, 3, 4], ranges: [[0, 1], [0, 2]], rotations: 1, index: 2) == 3)\nassert(find_Element(arr: [1, 2, 3, 4, 5, 6], ranges: [[0, 1], [0, 2]], rotations: 1, index: 1) == 1)",
      "timestamp": 1665509863,
      "stdout": "",
      "stderr": "/tmp/tmpwq51m1eh.swift:6:15: error: cannot find 'rotate' in scope\n        arr = rotate(arr: arr, range: range)\n              ^~~~~~\n",
      "exit_code": 1,
      "status": "SyntaxError"
    },
    {
      "program": "\n/// Write a python function to find element at a given index after number of rotations.\nfunc find_Element(arr: [Int], ranges: [[Int]], rotations: Int, index: Int) -> Int {\n    var arr = arr\n    for range in ranges {\n        arr = rotate(arr: arr, range: range)\n    }\n    return arr[index]\n}\n\n\nfunc ==(left: [(Int, Int)], right: [(Int, Int)]) -> Bool {\n    if left.count != right.count {\n        return false\n    }\n    for (l, r) in zip(left, right) {\n        if l != r {\n            return false\n        }\n    }\n    return true\n}\n            \nassert(find_Element(arr: [1, 2, 3, 4, 5], ranges: [[0, 2], [0, 3]], rotations: 2, index: 1) == 3)\nassert(find_Element(arr: [1, 2, 3, 4], ranges: [[0, 1], [0, 2]], rotations: 1, index: 2) == 3)\nassert(find_Element(arr: [1, 2, 3, 4, 5, 6], ranges: [[0, 1], [0, 2]], rotations: 1, index: 1) == 1)",
      "timestamp": 1665509863,
      "stdout": "",
      "stderr": "/tmp/tmpwq51m1eh.swift:6:15: error: cannot find 'rotate' in scope\n        arr = rotate(arr: arr, range: range)\n              ^~~~~~\n",
      "exit_code": 1,
      "status": "SyntaxError"
    },
    {
      "program": "\n/// Write a python function to find element at a given index after number of rotations.\nfunc find_Element(arr: [Int], ranges: [[Int]], rotations: Int, index: Int) -> Int {\n    var arr = arr\n    for range in ranges {\n        arr = rotate(arr: arr, range: range)\n    }\n    return arr[index]\n}\n\n\nfunc ==(left: [(Int, Int)], right: [(Int, Int)]) -> Bool {\n    if left.count != right.count {\n        return false\n    }\n    for (l, r) in zip(left, right) {\n        if l != r {\n            return false\n        }\n    }\n    return true\n}\n            \nassert(find_Element(arr: [1, 2, 3, 4, 5], ranges: [[0, 2], [0, 3]], rotations: 2, index: 1) == 3)\nassert(find_Element(arr: [1, 2, 3, 4], ranges: [[0, 1], [0, 2]], rotations: 1, index: 2) == 3)\nassert(find_Element(arr: [1, 2, 3, 4, 5, 6], ranges: [[0, 1], [0, 2]], rotations: 1, index: 1) == 1)",
      "timestamp": 1665509863,
      "stdout": "",
      "stderr": "/tmp/tmpwq51m1eh.swift:6:15: error: cannot find 'rotate' in scope\n        arr = rotate(arr: arr, range: range)\n              ^~~~~~\n",
      "exit_code": 1,
      "status": "SyntaxError"
    },
    {
      "program": "\n/// Write a python function to find element at a given index after number of rotations.\nfunc find_Element(arr: [Int], ranges: [[Int]], rotations: Int, index: Int) -> Int {\n    var arr = arr\n    for range in ranges {\n        arr = rotate(arr: arr, start: range[0], end: range[1])\n    }\n    return arr[index]\n}\n\n\nfunc ==(left: [(Int, Int)], right: [(Int, Int)]) -> Bool {\n    if left.count != right.count {\n        return false\n    }\n    for (l, r) in zip(left, right) {\n        if l != r {\n            return false\n        }\n    }\n    return true\n}\n            \nassert(find_Element(arr: [1, 2, 3, 4, 5], ranges: [[0, 2], [0, 3]], rotations: 2, index: 1) == 3)\nassert(find_Element(arr: [1, 2, 3, 4], ranges: [[0, 1], [0, 2]], rotations: 1, index: 2) == 3)\nassert(find_Element(arr: [1, 2, 3, 4, 5, 6], ranges: [[0, 1], [0, 2]], rotations: 1, index: 1) == 1)",
      "timestamp": 1665509863,
      "stdout": "",
      "stderr": "/tmp/tmpd7ydap_k.swift:6:15: error: cannot find 'rotate' in scope\n        arr = rotate(arr: arr, start: range[0], end: range[1])\n              ^~~~~~\n",
      "exit_code": 1,
      "status": "SyntaxError"
    },
    {
      "program": "\n/// Write a python function to find element at a given index after number of rotations.\nfunc find_Element(arr: [Int], ranges: [[Int]], rotations: Int, index: Int) -> Int {\n    var arr = arr\n    for range in ranges {\n        arr = rotate(arr: arr, range: range)\n    }\n    return arr[index]\n}\n\n\nfunc ==(left: [(Int, Int)], right: [(Int, Int)]) -> Bool {\n    if left.count != right.count {\n        return false\n    }\n    for (l, r) in zip(left, right) {\n        if l != r {\n            return false\n        }\n    }\n    return true\n}\n            \nassert(find_Element(arr: [1, 2, 3, 4, 5], ranges: [[0, 2], [0, 3]], rotations: 2, index: 1) == 3)\nassert(find_Element(arr: [1, 2, 3, 4], ranges: [[0, 1], [0, 2]], rotations: 1, index: 2) == 3)\nassert(find_Element(arr: [1, 2, 3, 4, 5, 6], ranges: [[0, 1], [0, 2]], rotations: 1, index: 1) == 1)",
      "timestamp": 1665509863,
      "stdout": "",
      "stderr": "/tmp/tmpwq51m1eh.swift:6:15: error: cannot find 'rotate' in scope\n        arr = rotate(arr: arr, range: range)\n              ^~~~~~\n",
      "exit_code": 1,
      "status": "SyntaxError"
    },
    {
      "program": "\n/// Write a python function to find element at a given index after number of rotations.\nfunc find_Element(arr: [Int], ranges: [[Int]], rotations: Int, index: Int) -> Int {\n    var arr = arr\n    for range in ranges {\n        arr = rotate(arr: arr, range: range)\n    }\n    return arr[index]\n}\n\n\nfunc ==(left: [(Int, Int)], right: [(Int, Int)]) -> Bool {\n    if left.count != right.count {\n        return false\n    }\n    for (l, r) in zip(left, right) {\n        if l != r {\n            return false\n        }\n    }\n    return true\n}\n            \nassert(find_Element(arr: [1, 2, 3, 4, 5], ranges: [[0, 2], [0, 3]], rotations: 2, index: 1) == 3)\nassert(find_Element(arr: [1, 2, 3, 4], ranges: [[0, 1], [0, 2]], rotations: 1, index: 2) == 3)\nassert(find_Element(arr: [1, 2, 3, 4, 5, 6], ranges: [[0, 1], [0, 2]], rotations: 1, index: 1) == 1)",
      "timestamp": 1665509863,
      "stdout": "",
      "stderr": "/tmp/tmpwq51m1eh.swift:6:15: error: cannot find 'rotate' in scope\n        arr = rotate(arr: arr, range: range)\n              ^~~~~~\n",
      "exit_code": 1,
      "status": "SyntaxError"
    },
    {
      "program": "\n/// Write a python function to find element at a given index after number of rotations.\nfunc find_Element(arr: [Int], ranges: [[Int]], rotations: Int, index: Int) -> Int {\n    var arr = arr\n    for range in ranges {\n        arr = rotate(arr: arr, range: range)\n    }\n    return arr[index]\n}\n\n\nfunc ==(left: [(Int, Int)], right: [(Int, Int)]) -> Bool {\n    if left.count != right.count {\n        return false\n    }\n    for (l, r) in zip(left, right) {\n        if l != r {\n            return false\n        }\n    }\n    return true\n}\n            \nassert(find_Element(arr: [1, 2, 3, 4, 5], ranges: [[0, 2], [0, 3]], rotations: 2, index: 1) == 3)\nassert(find_Element(arr: [1, 2, 3, 4], ranges: [[0, 1], [0, 2]], rotations: 1, index: 2) == 3)\nassert(find_Element(arr: [1, 2, 3, 4, 5, 6], ranges: [[0, 1], [0, 2]], rotations: 1, index: 1) == 1)",
      "timestamp": 1665509863,
      "stdout": "",
      "stderr": "/tmp/tmpwq51m1eh.swift:6:15: error: cannot find 'rotate' in scope\n        arr = rotate(arr: arr, range: range)\n              ^~~~~~\n",
      "exit_code": 1,
      "status": "SyntaxError"
    },
    {
      "program": "\n/// Write a python function to find element at a given index after number of rotations.\nfunc find_Element(arr: [Int], ranges: [[Int]], rotations: Int, index: Int) -> Int {\n    var arr = arr\n    for range in ranges {\n        arr = rotate(arr: arr, start: range[0], end: range[1])\n    }\n    return arr[index]\n}\n\n\nfunc ==(left: [(Int, Int)], right: [(Int, Int)]) -> Bool {\n    if left.count != right.count {\n        return false\n    }\n    for (l, r) in zip(left, right) {\n        if l != r {\n            return false\n        }\n    }\n    return true\n}\n            \nassert(find_Element(arr: [1, 2, 3, 4, 5], ranges: [[0, 2], [0, 3]], rotations: 2, index: 1) == 3)\nassert(find_Element(arr: [1, 2, 3, 4], ranges: [[0, 1], [0, 2]], rotations: 1, index: 2) == 3)\nassert(find_Element(arr: [1, 2, 3, 4, 5, 6], ranges: [[0, 1], [0, 2]], rotations: 1, index: 1) == 1)",
      "timestamp": 1665509863,
      "stdout": "",
      "stderr": "/tmp/tmpd7ydap_k.swift:6:15: error: cannot find 'rotate' in scope\n        arr = rotate(arr: arr, start: range[0], end: range[1])\n              ^~~~~~\n",
      "exit_code": 1,
      "status": "SyntaxError"
    },
    {
      "program": "\n/// Write a python function to find element at a given index after number of rotations.\nfunc find_Element(arr: [Int], ranges: [[Int]], rotations: Int, index: Int) -> Int {\n    var arr = arr\n    for range in ranges {\n        arr = rotate(arr: arr, range: range)\n    }\n    return arr[index]\n}\n\n\nfunc ==(left: [(Int, Int)], right: [(Int, Int)]) -> Bool {\n    if left.count != right.count {\n        return false\n    }\n    for (l, r) in zip(left, right) {\n        if l != r {\n            return false\n        }\n    }\n    return true\n}\n            \nassert(find_Element(arr: [1, 2, 3, 4, 5], ranges: [[0, 2], [0, 3]], rotations: 2, index: 1) == 3)\nassert(find_Element(arr: [1, 2, 3, 4], ranges: [[0, 1], [0, 2]], rotations: 1, index: 2) == 3)\nassert(find_Element(arr: [1, 2, 3, 4, 5, 6], ranges: [[0, 1], [0, 2]], rotations: 1, index: 1) == 1)",
      "timestamp": 1665509863,
      "stdout": "",
      "stderr": "/tmp/tmpwq51m1eh.swift:6:15: error: cannot find 'rotate' in scope\n        arr = rotate(arr: arr, range: range)\n              ^~~~~~\n",
      "exit_code": 1,
      "status": "SyntaxError"
    },
    {
      "program": "\n/// Write a python function to find element at a given index after number of rotations.\nfunc find_Element(arr: [Int], ranges: [[Int]], rotations: Int, index: Int) -> Int {\n    var arr = arr\n    for range in ranges {\n        arr = rotate_array(arr: arr, range: range)\n    }\n    return arr[index]\n}\n\n\nfunc ==(left: [(Int, Int)], right: [(Int, Int)]) -> Bool {\n    if left.count != right.count {\n        return false\n    }\n    for (l, r) in zip(left, right) {\n        if l != r {\n            return false\n        }\n    }\n    return true\n}\n            \nassert(find_Element(arr: [1, 2, 3, 4, 5], ranges: [[0, 2], [0, 3]], rotations: 2, index: 1) == 3)\nassert(find_Element(arr: [1, 2, 3, 4], ranges: [[0, 1], [0, 2]], rotations: 1, index: 2) == 3)\nassert(find_Element(arr: [1, 2, 3, 4, 5, 6], ranges: [[0, 1], [0, 2]], rotations: 1, index: 1) == 1)",
      "timestamp": 1666122826,
      "stdout": "",
      "stderr": "/tmp/tmpamai4xi3.swift:6:15: error: cannot find 'rotate_array' in scope\n        arr = rotate_array(arr: arr, range: range)\n              ^~~~~~~~~~~~\n",
      "exit_code": 1,
      "status": "SyntaxError"
    },
    {
      "program": "\n/// Write a python function to find element at a given index after number of rotations.\nfunc find_Element(arr: [Int], ranges: [[Int]], rotations: Int, index: Int) -> Int {\n    var new_arr = arr\n    for range in ranges {\n        new_arr = rotate(arr: new_arr, start: range[0], end: range[1])\n    }\n    return new_arr[index]\n}\n\n\nfunc ==(left: [(Int, Int)], right: [(Int, Int)]) -> Bool {\n    if left.count != right.count {\n        return false\n    }\n    for (l, r) in zip(left, right) {\n        if l != r {\n            return false\n        }\n    }\n    return true\n}\n            \nassert(find_Element(arr: [1, 2, 3, 4, 5], ranges: [[0, 2], [0, 3]], rotations: 2, index: 1) == 3)\nassert(find_Element(arr: [1, 2, 3, 4], ranges: [[0, 1], [0, 2]], rotations: 1, index: 2) == 3)\nassert(find_Element(arr: [1, 2, 3, 4, 5, 6], ranges: [[0, 1], [0, 2]], rotations: 1, index: 1) == 1)",
      "timestamp": 1666122826,
      "stdout": "",
      "stderr": "/tmp/tmp85vf8dpx.swift:6:19: error: cannot find 'rotate' in scope\n        new_arr = rotate(arr: new_arr, start: range[0], end: range[1])\n                  ^~~~~~\n",
      "exit_code": 1,
      "status": "SyntaxError"
    },
    {
      "program": "\n/// Write a python function to find element at a given index after number of rotations.\nfunc find_Element(arr: [Int], ranges: [[Int]], rotations: Int, index: Int) -> Int {\n    var arr = arr\n    for range in ranges {\n        arr = rotate(arr: arr, range: range)\n    }\n    return arr[index]\n}\n\n\nfunc ==(left: [(Int, Int)], right: [(Int, Int)]) -> Bool {\n    if left.count != right.count {\n        return false\n    }\n    for (l, r) in zip(left, right) {\n        if l != r {\n            return false\n        }\n    }\n    return true\n}\n            \nassert(find_Element(arr: [1, 2, 3, 4, 5], ranges: [[0, 2], [0, 3]], rotations: 2, index: 1) == 3)\nassert(find_Element(arr: [1, 2, 3, 4], ranges: [[0, 1], [0, 2]], rotations: 1, index: 2) == 3)\nassert(find_Element(arr: [1, 2, 3, 4, 5, 6], ranges: [[0, 1], [0, 2]], rotations: 1, index: 1) == 1)",
      "timestamp": 1665509863,
      "stdout": "",
      "stderr": "/tmp/tmpwq51m1eh.swift:6:15: error: cannot find 'rotate' in scope\n        arr = rotate(arr: arr, range: range)\n              ^~~~~~\n",
      "exit_code": 1,
      "status": "SyntaxError"
    },
    {
      "program": "\n/// Write a python function to find element at a given index after number of rotations.\nfunc find_Element(arr: [Int], ranges: [[Int]], rotations: Int, index: Int) -> Int {\n    var arr = arr\n    for range in ranges {\n        arr = rotate(arr: arr, range: range)\n    }\n    return arr[index]\n}\n\n\nfunc ==(left: [(Int, Int)], right: [(Int, Int)]) -> Bool {\n    if left.count != right.count {\n        return false\n    }\n    for (l, r) in zip(left, right) {\n        if l != r {\n            return false\n        }\n    }\n    return true\n}\n            \nassert(find_Element(arr: [1, 2, 3, 4, 5], ranges: [[0, 2], [0, 3]], rotations: 2, index: 1) == 3)\nassert(find_Element(arr: [1, 2, 3, 4], ranges: [[0, 1], [0, 2]], rotations: 1, index: 2) == 3)\nassert(find_Element(arr: [1, 2, 3, 4, 5, 6], ranges: [[0, 1], [0, 2]], rotations: 1, index: 1) == 1)",
      "timestamp": 1665509863,
      "stdout": "",
      "stderr": "/tmp/tmpwq51m1eh.swift:6:15: error: cannot find 'rotate' in scope\n        arr = rotate(arr: arr, range: range)\n              ^~~~~~\n",
      "exit_code": 1,
      "status": "SyntaxError"
    },
    {
      "program": "\n/// Write a python function to find element at a given index after number of rotations.\nfunc find_Element(arr: [Int], ranges: [[Int]], rotations: Int, index: Int) -> Int {\n    var arr = arr\n    for range in ranges {\n        arr = rotate(arr: arr, range: range)\n    }\n    return arr[index]\n}\n\n\nfunc ==(left: [(Int, Int)], right: [(Int, Int)]) -> Bool {\n    if left.count != right.count {\n        return false\n    }\n    for (l, r) in zip(left, right) {\n        if l != r {\n            return false\n        }\n    }\n    return true\n}\n            \nassert(find_Element(arr: [1, 2, 3, 4, 5], ranges: [[0, 2], [0, 3]], rotations: 2, index: 1) == 3)\nassert(find_Element(arr: [1, 2, 3, 4], ranges: [[0, 1], [0, 2]], rotations: 1, index: 2) == 3)\nassert(find_Element(arr: [1, 2, 3, 4, 5, 6], ranges: [[0, 1], [0, 2]], rotations: 1, index: 1) == 1)",
      "timestamp": 1665509863,
      "stdout": "",
      "stderr": "/tmp/tmpwq51m1eh.swift:6:15: error: cannot find 'rotate' in scope\n        arr = rotate(arr: arr, range: range)\n              ^~~~~~\n",
      "exit_code": 1,
      "status": "SyntaxError"
    },
    {
      "program": "\n/// Write a python function to find element at a given index after number of rotations.\nfunc find_Element(arr: [Int], ranges: [[Int]], rotations: Int, index: Int) -> Int {\n    var arr = arr\n    for range in ranges {\n        arr = rotate(arr: arr, range: range)\n    }\n    return arr[index]\n}\n\n\nfunc ==(left: [(Int, Int)], right: [(Int, Int)]) -> Bool {\n    if left.count != right.count {\n        return false\n    }\n    for (l, r) in zip(left, right) {\n        if l != r {\n            return false\n        }\n    }\n    return true\n}\n            \nassert(find_Element(arr: [1, 2, 3, 4, 5], ranges: [[0, 2], [0, 3]], rotations: 2, index: 1) == 3)\nassert(find_Element(arr: [1, 2, 3, 4], ranges: [[0, 1], [0, 2]], rotations: 1, index: 2) == 3)\nassert(find_Element(arr: [1, 2, 3, 4, 5, 6], ranges: [[0, 1], [0, 2]], rotations: 1, index: 1) == 1)",
      "timestamp": 1665509863,
      "stdout": "",
      "stderr": "/tmp/tmpwq51m1eh.swift:6:15: error: cannot find 'rotate' in scope\n        arr = rotate(arr: arr, range: range)\n              ^~~~~~\n",
      "exit_code": 1,
      "status": "SyntaxError"
    },
    {
      "program": "\n/// Write a python function to find element at a given index after number of rotations.\nfunc find_Element(arr: [Int], ranges: [[Int]], rotations: Int, index: Int) -> Int {\n    var arr = arr\n    for range in ranges {\n        arr = rotate(arr: arr, range: range)\n    }\n    return arr[index]\n}\n\n\nfunc ==(left: [(Int, Int)], right: [(Int, Int)]) -> Bool {\n    if left.count != right.count {\n        return false\n    }\n    for (l, r) in zip(left, right) {\n        if l != r {\n            return false\n        }\n    }\n    return true\n}\n            \nassert(find_Element(arr: [1, 2, 3, 4, 5], ranges: [[0, 2], [0, 3]], rotations: 2, index: 1) == 3)\nassert(find_Element(arr: [1, 2, 3, 4], ranges: [[0, 1], [0, 2]], rotations: 1, index: 2) == 3)\nassert(find_Element(arr: [1, 2, 3, 4, 5, 6], ranges: [[0, 1], [0, 2]], rotations: 1, index: 1) == 1)",
      "timestamp": 1665509863,
      "stdout": "",
      "stderr": "/tmp/tmpwq51m1eh.swift:6:15: error: cannot find 'rotate' in scope\n        arr = rotate(arr: arr, range: range)\n              ^~~~~~\n",
      "exit_code": 1,
      "status": "SyntaxError"
    },
    {
      "program": "\n/// Write a python function to find element at a given index after number of rotations.\nfunc find_Element(arr: [Int], ranges: [[Int]], rotations: Int, index: Int) -> Int {\n    var arr = arr\n    for range in ranges {\n        arr = rotate(arr: arr, range: range)\n    }\n    return arr[index]\n}\n\n\nfunc ==(left: [(Int, Int)], right: [(Int, Int)]) -> Bool {\n    if left.count != right.count {\n        return false\n    }\n    for (l, r) in zip(left, right) {\n        if l != r {\n            return false\n        }\n    }\n    return true\n}\n            \nassert(find_Element(arr: [1, 2, 3, 4, 5], ranges: [[0, 2], [0, 3]], rotations: 2, index: 1) == 3)\nassert(find_Element(arr: [1, 2, 3, 4], ranges: [[0, 1], [0, 2]], rotations: 1, index: 2) == 3)\nassert(find_Element(arr: [1, 2, 3, 4, 5, 6], ranges: [[0, 1], [0, 2]], rotations: 1, index: 1) == 1)",
      "timestamp": 1665509863,
      "stdout": "",
      "stderr": "/tmp/tmpwq51m1eh.swift:6:15: error: cannot find 'rotate' in scope\n        arr = rotate(arr: arr, range: range)\n              ^~~~~~\n",
      "exit_code": 1,
      "status": "SyntaxError"
    },
    {
      "program": "\n/// Write a python function to find element at a given index after number of rotations.\nfunc find_Element(arr: [Int], ranges: [[Int]], rotations: Int, index: Int) -> Int {\n    var arr = arr\n    for range in ranges {\n        arr = rotate(arr: arr, from: range[0], to: range[1])\n    }\n    return arr[index]\n}\n\n\nfunc ==(left: [(Int, Int)], right: [(Int, Int)]) -> Bool {\n    if left.count != right.count {\n        return false\n    }\n    for (l, r) in zip(left, right) {\n        if l != r {\n            return false\n        }\n    }\n    return true\n}\n            \nassert(find_Element(arr: [1, 2, 3, 4, 5], ranges: [[0, 2], [0, 3]], rotations: 2, index: 1) == 3)\nassert(find_Element(arr: [1, 2, 3, 4], ranges: [[0, 1], [0, 2]], rotations: 1, index: 2) == 3)\nassert(find_Element(arr: [1, 2, 3, 4, 5, 6], ranges: [[0, 1], [0, 2]], rotations: 1, index: 1) == 1)",
      "timestamp": 1665509863,
      "stdout": "",
      "stderr": "/tmp/tmpmr5wc2o0.swift:6:15: error: cannot find 'rotate' in scope\n        arr = rotate(arr: arr, from: range[0], to: range[1])\n              ^~~~~~\n",
      "exit_code": 1,
      "status": "SyntaxError"
    },
    {
      "program": "\n/// Write a python function to find element at a given index after number of rotations.\nfunc find_Element(arr: [Int], ranges: [[Int]], rotations: Int, index: Int) -> Int {\n    var arr = arr\n    for range in ranges {\n        arr = rotate(arr: arr, range: range)\n    }\n    return arr[index]\n}\n\n\nfunc ==(left: [(Int, Int)], right: [(Int, Int)]) -> Bool {\n    if left.count != right.count {\n        return false\n    }\n    for (l, r) in zip(left, right) {\n        if l != r {\n            return false\n        }\n    }\n    return true\n}\n            \nassert(find_Element(arr: [1, 2, 3, 4, 5], ranges: [[0, 2], [0, 3]], rotations: 2, index: 1) == 3)\nassert(find_Element(arr: [1, 2, 3, 4], ranges: [[0, 1], [0, 2]], rotations: 1, index: 2) == 3)\nassert(find_Element(arr: [1, 2, 3, 4, 5, 6], ranges: [[0, 1], [0, 2]], rotations: 1, index: 1) == 1)",
      "timestamp": 1665509863,
      "stdout": "",
      "stderr": "/tmp/tmpwq51m1eh.swift:6:15: error: cannot find 'rotate' in scope\n        arr = rotate(arr: arr, range: range)\n              ^~~~~~\n",
      "exit_code": 1,
      "status": "SyntaxError"
    },
    {
      "program": "\n/// Write a python function to find element at a given index after number of rotations.\nfunc find_Element(arr: [Int], ranges: [[Int]], rotations: Int, index: Int) -> Int {\n    var arr = arr\n    for range in ranges {\n        arr = rotate(arr: arr, range: range)\n    }\n    return arr[index]\n}\n\n\nfunc ==(left: [(Int, Int)], right: [(Int, Int)]) -> Bool {\n    if left.count != right.count {\n        return false\n    }\n    for (l, r) in zip(left, right) {\n        if l != r {\n            return false\n        }\n    }\n    return true\n}\n            \nassert(find_Element(arr: [1, 2, 3, 4, 5], ranges: [[0, 2], [0, 3]], rotations: 2, index: 1) == 3)\nassert(find_Element(arr: [1, 2, 3, 4], ranges: [[0, 1], [0, 2]], rotations: 1, index: 2) == 3)\nassert(find_Element(arr: [1, 2, 3, 4, 5, 6], ranges: [[0, 1], [0, 2]], rotations: 1, index: 1) == 1)",
      "timestamp": 1665509863,
      "stdout": "",
      "stderr": "/tmp/tmpwq51m1eh.swift:6:15: error: cannot find 'rotate' in scope\n        arr = rotate(arr: arr, range: range)\n              ^~~~~~\n",
      "exit_code": 1,
      "status": "SyntaxError"
    },
    {
      "program": "\n/// Write a python function to find element at a given index after number of rotations.\nfunc find_Element(arr: [Int], ranges: [[Int]], rotations: Int, index: Int) -> Int {\n    var arr = arr\n    for range in ranges {\n        arr = rotate(arr: arr, range: range)\n    }\n    return arr[index]\n}\n\n\nfunc ==(left: [(Int, Int)], right: [(Int, Int)]) -> Bool {\n    if left.count != right.count {\n        return false\n    }\n    for (l, r) in zip(left, right) {\n        if l != r {\n            return false\n        }\n    }\n    return true\n}\n            \nassert(find_Element(arr: [1, 2, 3, 4, 5], ranges: [[0, 2], [0, 3]], rotations: 2, index: 1) == 3)\nassert(find_Element(arr: [1, 2, 3, 4], ranges: [[0, 1], [0, 2]], rotations: 1, index: 2) == 3)\nassert(find_Element(arr: [1, 2, 3, 4, 5, 6], ranges: [[0, 1], [0, 2]], rotations: 1, index: 1) == 1)",
      "timestamp": 1665509863,
      "stdout": "",
      "stderr": "/tmp/tmpwq51m1eh.swift:6:15: error: cannot find 'rotate' in scope\n        arr = rotate(arr: arr, range: range)\n              ^~~~~~\n",
      "exit_code": 1,
      "status": "SyntaxError"
    },
    {
      "program": "\n/// Write a python function to find element at a given index after number of rotations.\nfunc find_Element(arr: [Int], ranges: [[Int]], rotations: Int, index: Int) -> Int {\n    var arr = arr\n    for range in ranges {\n        arr = rotate(arr: arr, range: range)\n    }\n    return arr[index]\n}\n\n\nfunc ==(left: [(Int, Int)], right: [(Int, Int)]) -> Bool {\n    if left.count != right.count {\n        return false\n    }\n    for (l, r) in zip(left, right) {\n        if l != r {\n            return false\n        }\n    }\n    return true\n}\n            \nassert(find_Element(arr: [1, 2, 3, 4, 5], ranges: [[0, 2], [0, 3]], rotations: 2, index: 1) == 3)\nassert(find_Element(arr: [1, 2, 3, 4], ranges: [[0, 1], [0, 2]], rotations: 1, index: 2) == 3)\nassert(find_Element(arr: [1, 2, 3, 4, 5, 6], ranges: [[0, 1], [0, 2]], rotations: 1, index: 1) == 1)",
      "timestamp": 1665509863,
      "stdout": "",
      "stderr": "/tmp/tmpwq51m1eh.swift:6:15: error: cannot find 'rotate' in scope\n        arr = rotate(arr: arr, range: range)\n              ^~~~~~\n",
      "exit_code": 1,
      "status": "SyntaxError"
    },
    {
      "program": "\n/// Write a python function to find element at a given index after number of rotations.\nfunc find_Element(arr: [Int], ranges: [[Int]], rotations: Int, index: Int) -> Int {\n    var arr = arr\n    for range in ranges {\n        arr = rotate(arr: arr, start: range[0], end: range[1])\n    }\n    return arr[index]\n}\n\n\nfunc ==(left: [(Int, Int)], right: [(Int, Int)]) -> Bool {\n    if left.count != right.count {\n        return false\n    }\n    for (l, r) in zip(left, right) {\n        if l != r {\n            return false\n        }\n    }\n    return true\n}\n            \nassert(find_Element(arr: [1, 2, 3, 4, 5], ranges: [[0, 2], [0, 3]], rotations: 2, index: 1) == 3)\nassert(find_Element(arr: [1, 2, 3, 4], ranges: [[0, 1], [0, 2]], rotations: 1, index: 2) == 3)\nassert(find_Element(arr: [1, 2, 3, 4, 5, 6], ranges: [[0, 1], [0, 2]], rotations: 1, index: 1) == 1)",
      "timestamp": 1665509863,
      "stdout": "",
      "stderr": "/tmp/tmpd7ydap_k.swift:6:15: error: cannot find 'rotate' in scope\n        arr = rotate(arr: arr, start: range[0], end: range[1])\n              ^~~~~~\n",
      "exit_code": 1,
      "status": "SyntaxError"
    },
    {
      "program": "\n/// Write a python function to find element at a given index after number of rotations.\nfunc find_Element(arr: [Int], ranges: [[Int]], rotations: Int, index: Int) -> Int {\n    var arr = arr\n    for range in ranges {\n        arr = rotate(arr: arr, start: range[0], end: range[1])\n    }\n    return arr[index]\n}\n\n\nfunc ==(left: [(Int, Int)], right: [(Int, Int)]) -> Bool {\n    if left.count != right.count {\n        return false\n    }\n    for (l, r) in zip(left, right) {\n        if l != r {\n            return false\n        }\n    }\n    return true\n}\n            \nassert(find_Element(arr: [1, 2, 3, 4, 5], ranges: [[0, 2], [0, 3]], rotations: 2, index: 1) == 3)\nassert(find_Element(arr: [1, 2, 3, 4], ranges: [[0, 1], [0, 2]], rotations: 1, index: 2) == 3)\nassert(find_Element(arr: [1, 2, 3, 4, 5, 6], ranges: [[0, 1], [0, 2]], rotations: 1, index: 1) == 1)",
      "timestamp": 1665509863,
      "stdout": "",
      "stderr": "/tmp/tmpd7ydap_k.swift:6:15: error: cannot find 'rotate' in scope\n        arr = rotate(arr: arr, start: range[0], end: range[1])\n              ^~~~~~\n",
      "exit_code": 1,
      "status": "SyntaxError"
    }
  ]
}