{
  "name": "mbpp_592_sum_Of_product",
  "language": "swift",
  "prompt": "\n/// Write a python function to find the sum of the product of consecutive binomial co-efficients.\nfunc sum_Of_product(n: Int) -> Int {\n",
  "doctests": "keep",
  "original": "/home/arjun/repos/MultiPL-E/datasets/../datasets/mbpp-typed/mbpp_592_sum_Of_product.py",
  "prompt_terminology": "verbatim",
  "tests": "}\n\n\nfunc ==(left: [(Int, Int)], right: [(Int, Int)]) -> Bool {\n    if left.count != right.count {\n        return false\n    }\n    for (l, r) in zip(left, right) {\n        if l != r {\n            return false\n        }\n    }\n    return true\n}\n            \nassert(sum_Of_product(n: 3) == 15)\nassert(sum_Of_product(n: 4) == 56)\nassert(sum_Of_product(n: 1) == 1)",
  "stop_tokens": [
    "\n}"
  ],
  "results": [
    {
      "program": "\n/// Write a python function to find the sum of the product of consecutive binomial co-efficients.\nfunc sum_Of_product(n: Int) -> Int {\n    var sum = 0\n    for i in 1...n {\n        sum += product(n: i)\n    }\n    return sum\n}\n\n\nfunc ==(left: [(Int, Int)], right: [(Int, Int)]) -> Bool {\n    if left.count != right.count {\n        return false\n    }\n    for (l, r) in zip(left, right) {\n        if l != r {\n            return false\n        }\n    }\n    return true\n}\n            \nassert(sum_Of_product(n: 3) == 15)\nassert(sum_Of_product(n: 4) == 56)\nassert(sum_Of_product(n: 1) == 1)",
      "timestamp": 1665510309,
      "stdout": "",
      "stderr": "/tmp/tmpy8q3jyeb.swift:6:16: error: cannot find 'product' in scope\n        sum += product(n: i)\n               ^~~~~~~\n",
      "exit_code": 1,
      "status": "SyntaxError"
    },
    {
      "program": "\n/// Write a python function to find the sum of the product of consecutive binomial co-efficients.\nfunc sum_Of_product(n: Int) -> Int {\n    var sum = 0\n    for i in 0...n {\n        for j in 0...n {\n            sum += binomial_Coefficient(n: i, k: j) * binomial_Coefficient(n: i, k: j)\n        }\n    }\n    return sum\n}\n\n\nfunc ==(left: [(Int, Int)], right: [(Int, Int)]) -> Bool {\n    if left.count != right.count {\n        return false\n    }\n    for (l, r) in zip(left, right) {\n        if l != r {\n            return false\n        }\n    }\n    return true\n}\n            \nassert(sum_Of_product(n: 3) == 15)\nassert(sum_Of_product(n: 4) == 56)\nassert(sum_Of_product(n: 1) == 1)",
      "timestamp": 1665510309,
      "stdout": "",
      "stderr": "/tmp/tmptsqtiw7h.swift:7:20: error: cannot find 'binomial_Coefficient' in scope\n            sum += binomial_Coefficient(n: i, k: j) * binomial_Coefficient(n: i, k: j)\n                   ^~~~~~~~~~~~~~~~~~~~\n/tmp/tmptsqtiw7h.swift:7:55: error: cannot find 'binomial_Coefficient' in scope\n            sum += binomial_Coefficient(n: i, k: j) * binomial_Coefficient(n: i, k: j)\n                                                      ^~~~~~~~~~~~~~~~~~~~\n",
      "exit_code": 1,
      "status": "SyntaxError"
    },
    {
      "program": "\n/// Write a python function to find the sum of the product of consecutive binomial co-efficients.\nfunc sum_Of_product(n: Int) -> Int {\n    var sum = 0\n    for i in 1...n {\n        sum += product_of_binomial_coefficients(n: n, k: i)\n    }\n    return sum\n}\n\n\nfunc ==(left: [(Int, Int)], right: [(Int, Int)]) -> Bool {\n    if left.count != right.count {\n        return false\n    }\n    for (l, r) in zip(left, right) {\n        if l != r {\n            return false\n        }\n    }\n    return true\n}\n            \nassert(sum_Of_product(n: 3) == 15)\nassert(sum_Of_product(n: 4) == 56)\nassert(sum_Of_product(n: 1) == 1)",
      "timestamp": 1665510309,
      "stdout": "",
      "stderr": "/tmp/tmpg90w0lrh.swift:6:16: error: cannot find 'product_of_binomial_coefficients' in scope\n        sum += product_of_binomial_coefficients(n: n, k: i)\n               ^~~~~~~~~~~~~~~~~~~~~~~~~~~~~~~~\n",
      "exit_code": 1,
      "status": "SyntaxError"
    },
    {
      "program": "\n/// Write a python function to find the sum of the product of consecutive binomial co-efficients.\nfunc sum_Of_product(n: Int) -> Int {\n    var sum = 0\n    for i in 1...n {\n        sum += product_of_binomial_coefficients(n: n, k: i)\n    }\n    return sum\n}\n\n\nfunc ==(left: [(Int, Int)], right: [(Int, Int)]) -> Bool {\n    if left.count != right.count {\n        return false\n    }\n    for (l, r) in zip(left, right) {\n        if l != r {\n            return false\n        }\n    }\n    return true\n}\n            \nassert(sum_Of_product(n: 3) == 15)\nassert(sum_Of_product(n: 4) == 56)\nassert(sum_Of_product(n: 1) == 1)",
      "timestamp": 1665510309,
      "stdout": "",
      "stderr": "/tmp/tmpg90w0lrh.swift:6:16: error: cannot find 'product_of_binomial_coefficients' in scope\n        sum += product_of_binomial_coefficients(n: n, k: i)\n               ^~~~~~~~~~~~~~~~~~~~~~~~~~~~~~~~\n",
      "exit_code": 1,
      "status": "SyntaxError"
    },
    {
      "program": "\n/// Write a python function to find the sum of the product of consecutive binomial co-efficients.\nfunc sum_Of_product(n: Int) -> Int {\n    var sum = 0\n    for i in 1...n {\n        sum += product_of_binomial_coefficients(n: n, k: i)\n    }\n    return sum\n}\n\n\nfunc ==(left: [(Int, Int)], right: [(Int, Int)]) -> Bool {\n    if left.count != right.count {\n        return false\n    }\n    for (l, r) in zip(left, right) {\n        if l != r {\n            return false\n        }\n    }\n    return true\n}\n            \nassert(sum_Of_product(n: 3) == 15)\nassert(sum_Of_product(n: 4) == 56)\nassert(sum_Of_product(n: 1) == 1)",
      "timestamp": 1665510309,
      "stdout": "",
      "stderr": "/tmp/tmpg90w0lrh.swift:6:16: error: cannot find 'product_of_binomial_coefficients' in scope\n        sum += product_of_binomial_coefficients(n: n, k: i)\n               ^~~~~~~~~~~~~~~~~~~~~~~~~~~~~~~~\n",
      "exit_code": 1,
      "status": "SyntaxError"
    },
    {
      "program": "\n/// Write a python function to find the sum of the product of consecutive binomial co-efficients.\nfunc sum_Of_product(n: Int) -> Int {\n    var sum = 0\n    for i in 1...n {\n        for j in 1...i {\n            sum += binomialCoefficient(n: i, k: j) * binomialCoefficient(n: i, k: j + 1)\n        }\n    }\n    return sum\n}\n\n\nfunc ==(left: [(Int, Int)], right: [(Int, Int)]) -> Bool {\n    if left.count != right.count {\n        return false\n    }\n    for (l, r) in zip(left, right) {\n        if l != r {\n            return false\n        }\n    }\n    return true\n}\n            \nassert(sum_Of_product(n: 3) == 15)\nassert(sum_Of_product(n: 4) == 56)\nassert(sum_Of_product(n: 1) == 1)",
      "timestamp": 1665510309,
      "stdout": "",
      "stderr": "/tmp/tmp261g48ii.swift:7:20: error: cannot find 'binomialCoefficient' in scope\n            sum += binomialCoefficient(n: i, k: j) * binomialCoefficient(n: i, k: j + 1)\n                   ^~~~~~~~~~~~~~~~~~~\n/tmp/tmp261g48ii.swift:7:54: error: cannot find 'binomialCoefficient' in scope\n            sum += binomialCoefficient(n: i, k: j) * binomialCoefficient(n: i, k: j + 1)\n                                                     ^~~~~~~~~~~~~~~~~~~\n",
      "exit_code": 1,
      "status": "SyntaxError"
    },
    {
      "program": "\n/// Write a python function to find the sum of the product of consecutive binomial co-efficients.\nfunc sum_Of_product(n: Int) -> Int {\n    var sum = 0\n    for i in 1...n {\n        for j in 1...i {\n            sum += binomial_coefficient(n: i, k: j) * binomial_coefficient(n: i, k: j)\n        }\n    }\n    return sum\n}\n\n\nfunc ==(left: [(Int, Int)], right: [(Int, Int)]) -> Bool {\n    if left.count != right.count {\n        return false\n    }\n    for (l, r) in zip(left, right) {\n        if l != r {\n            return false\n        }\n    }\n    return true\n}\n            \nassert(sum_Of_product(n: 3) == 15)\nassert(sum_Of_product(n: 4) == 56)\nassert(sum_Of_product(n: 1) == 1)",
      "timestamp": 1665510309,
      "stdout": "",
      "stderr": "/tmp/tmpe61i2kfr.swift:7:20: error: cannot find 'binomial_coefficient' in scope\n            sum += binomial_coefficient(n: i, k: j) * binomial_coefficient(n: i, k: j)\n                   ^~~~~~~~~~~~~~~~~~~~\n/tmp/tmpe61i2kfr.swift:7:55: error: cannot find 'binomial_coefficient' in scope\n            sum += binomial_coefficient(n: i, k: j) * binomial_coefficient(n: i, k: j)\n                                                      ^~~~~~~~~~~~~~~~~~~~\n",
      "exit_code": 1,
      "status": "SyntaxError"
    },
    {
      "program": "\n/// Write a python function to find the sum of the product of consecutive binomial co-efficients.\nfunc sum_Of_product(n: Int) -> Int {\n    var sum = 0\n    for i in 1...n {\n        sum += product(n: i)\n    }\n    return sum\n}\n\n\nfunc ==(left: [(Int, Int)], right: [(Int, Int)]) -> Bool {\n    if left.count != right.count {\n        return false\n    }\n    for (l, r) in zip(left, right) {\n        if l != r {\n            return false\n        }\n    }\n    return true\n}\n            \nassert(sum_Of_product(n: 3) == 15)\nassert(sum_Of_product(n: 4) == 56)\nassert(sum_Of_product(n: 1) == 1)",
      "timestamp": 1665510309,
      "stdout": "",
      "stderr": "/tmp/tmpy8q3jyeb.swift:6:16: error: cannot find 'product' in scope\n        sum += product(n: i)\n               ^~~~~~~\n",
      "exit_code": 1,
      "status": "SyntaxError"
    },
    {
      "program": "\n/// Write a python function to find the sum of the product of consecutive binomial co-efficients.\nfunc sum_Of_product(n: Int) -> Int {\n    var sum = 0\n    for i in 0...n {\n        for j in 0...i {\n            sum += binomialCoefficient(n: i, k: j) * binomialCoefficient(n: i, k: j)\n        }\n    }\n    return sum\n}\n\n\nfunc ==(left: [(Int, Int)], right: [(Int, Int)]) -> Bool {\n    if left.count != right.count {\n        return false\n    }\n    for (l, r) in zip(left, right) {\n        if l != r {\n            return false\n        }\n    }\n    return true\n}\n            \nassert(sum_Of_product(n: 3) == 15)\nassert(sum_Of_product(n: 4) == 56)\nassert(sum_Of_product(n: 1) == 1)",
      "timestamp": 1665510309,
      "stdout": "",
      "stderr": "/tmp/tmp_qh14rvd.swift:7:20: error: cannot find 'binomialCoefficient' in scope\n            sum += binomialCoefficient(n: i, k: j) * binomialCoefficient(n: i, k: j)\n                   ^~~~~~~~~~~~~~~~~~~\n/tmp/tmp_qh14rvd.swift:7:54: error: cannot find 'binomialCoefficient' in scope\n            sum += binomialCoefficient(n: i, k: j) * binomialCoefficient(n: i, k: j)\n                                                     ^~~~~~~~~~~~~~~~~~~\n",
      "exit_code": 1,
      "status": "SyntaxError"
    },
    {
      "program": "\n/// Write a python function to find the sum of the product of consecutive binomial co-efficients.\nfunc sum_Of_product(n: Int) -> Int {\n    var sum = 0\n    for i in 1...n {\n        sum += product(n: i)\n    }\n    return sum\n}\n\n\nfunc ==(left: [(Int, Int)], right: [(Int, Int)]) -> Bool {\n    if left.count != right.count {\n        return false\n    }\n    for (l, r) in zip(left, right) {\n        if l != r {\n            return false\n        }\n    }\n    return true\n}\n            \nassert(sum_Of_product(n: 3) == 15)\nassert(sum_Of_product(n: 4) == 56)\nassert(sum_Of_product(n: 1) == 1)",
      "timestamp": 1665510309,
      "stdout": "",
      "stderr": "/tmp/tmpy8q3jyeb.swift:6:16: error: cannot find 'product' in scope\n        sum += product(n: i)\n               ^~~~~~~\n",
      "exit_code": 1,
      "status": "SyntaxError"
    },
    {
      "program": "\n/// Write a python function to find the sum of the product of consecutive binomial co-efficients.\nfunc sum_Of_product(n: Int) -> Int {\n    var sum = 0\n    for i in 1...n {\n        for j in 1...i {\n            sum += binomial_coefficient(n: i, k: j) * binomial_coefficient(n: i, k: j)\n        }\n    }\n    return sum\n}\n\n\nfunc ==(left: [(Int, Int)], right: [(Int, Int)]) -> Bool {\n    if left.count != right.count {\n        return false\n    }\n    for (l, r) in zip(left, right) {\n        if l != r {\n            return false\n        }\n    }\n    return true\n}\n            \nassert(sum_Of_product(n: 3) == 15)\nassert(sum_Of_product(n: 4) == 56)\nassert(sum_Of_product(n: 1) == 1)",
      "timestamp": 1665510309,
      "stdout": "",
      "stderr": "/tmp/tmpe61i2kfr.swift:7:20: error: cannot find 'binomial_coefficient' in scope\n            sum += binomial_coefficient(n: i, k: j) * binomial_coefficient(n: i, k: j)\n                   ^~~~~~~~~~~~~~~~~~~~\n/tmp/tmpe61i2kfr.swift:7:55: error: cannot find 'binomial_coefficient' in scope\n            sum += binomial_coefficient(n: i, k: j) * binomial_coefficient(n: i, k: j)\n                                                      ^~~~~~~~~~~~~~~~~~~~\n",
      "exit_code": 1,
      "status": "SyntaxError"
    },
    {
      "program": "\n/// Write a python function to find the sum of the product of consecutive binomial co-efficients.\nfunc sum_Of_product(n: Int) -> Int {\n    var sum = 0\n    for i in 1...n {\n        for j in 1...i {\n            sum += binomialCoefficient(n: i, k: j) * binomialCoefficient(n: i, k: j)\n        }\n    }\n    return sum\n}\n\n\nfunc ==(left: [(Int, Int)], right: [(Int, Int)]) -> Bool {\n    if left.count != right.count {\n        return false\n    }\n    for (l, r) in zip(left, right) {\n        if l != r {\n            return false\n        }\n    }\n    return true\n}\n            \nassert(sum_Of_product(n: 3) == 15)\nassert(sum_Of_product(n: 4) == 56)\nassert(sum_Of_product(n: 1) == 1)",
      "timestamp": 1665510309,
      "stdout": "",
      "stderr": "/tmp/tmp246gmb52.swift:7:20: error: cannot find 'binomialCoefficient' in scope\n            sum += binomialCoefficient(n: i, k: j) * binomialCoefficient(n: i, k: j)\n                   ^~~~~~~~~~~~~~~~~~~\n/tmp/tmp246gmb52.swift:7:54: error: cannot find 'binomialCoefficient' in scope\n            sum += binomialCoefficient(n: i, k: j) * binomialCoefficient(n: i, k: j)\n                                                     ^~~~~~~~~~~~~~~~~~~\n",
      "exit_code": 1,
      "status": "SyntaxError"
    },
    {
      "program": "\n/// Write a python function to find the sum of the product of consecutive binomial co-efficients.\nfunc sum_Of_product(n: Int) -> Int {\n    var sum = 0\n    for i in 0...n {\n        for j in 0...n {\n            sum += binomialCoefficient(n: n, k: i) * binomialCoefficient(n: n, k: j)\n        }\n    }\n    return sum\n}\n\n\nfunc ==(left: [(Int, Int)], right: [(Int, Int)]) -> Bool {\n    if left.count != right.count {\n        return false\n    }\n    for (l, r) in zip(left, right) {\n        if l != r {\n            return false\n        }\n    }\n    return true\n}\n            \nassert(sum_Of_product(n: 3) == 15)\nassert(sum_Of_product(n: 4) == 56)\nassert(sum_Of_product(n: 1) == 1)",
      "timestamp": 1665510309,
      "stdout": "",
      "stderr": "/tmp/tmp229ftgd6.swift:7:20: error: cannot find 'binomialCoefficient' in scope\n            sum += binomialCoefficient(n: n, k: i) * binomialCoefficient(n: n, k: j)\n                   ^~~~~~~~~~~~~~~~~~~\n/tmp/tmp229ftgd6.swift:7:54: error: cannot find 'binomialCoefficient' in scope\n            sum += binomialCoefficient(n: n, k: i) * binomialCoefficient(n: n, k: j)\n                                                     ^~~~~~~~~~~~~~~~~~~\n",
      "exit_code": 1,
      "status": "SyntaxError"
    },
    {
      "program": "\n/// Write a python function to find the sum of the product of consecutive binomial co-efficients.\nfunc sum_Of_product(n: Int) -> Int {\n    var sum = 0\n    for i in 1...n {\n        sum += product(n: i)\n    }\n    return sum\n}\n\n\nfunc ==(left: [(Int, Int)], right: [(Int, Int)]) -> Bool {\n    if left.count != right.count {\n        return false\n    }\n    for (l, r) in zip(left, right) {\n        if l != r {\n            return false\n        }\n    }\n    return true\n}\n            \nassert(sum_Of_product(n: 3) == 15)\nassert(sum_Of_product(n: 4) == 56)\nassert(sum_Of_product(n: 1) == 1)",
      "timestamp": 1665510309,
      "stdout": "",
      "stderr": "/tmp/tmpy8q3jyeb.swift:6:16: error: cannot find 'product' in scope\n        sum += product(n: i)\n               ^~~~~~~\n",
      "exit_code": 1,
      "status": "SyntaxError"
    },
    {
      "program": "\n/// Write a python function to find the sum of the product of consecutive binomial co-efficients.\nfunc sum_Of_product(n: Int) -> Int {\n    var sum = 0\n    for i in 1...n {\n        sum += product(n: i)\n    }\n    return sum\n}\n\n\nfunc ==(left: [(Int, Int)], right: [(Int, Int)]) -> Bool {\n    if left.count != right.count {\n        return false\n    }\n    for (l, r) in zip(left, right) {\n        if l != r {\n            return false\n        }\n    }\n    return true\n}\n            \nassert(sum_Of_product(n: 3) == 15)\nassert(sum_Of_product(n: 4) == 56)\nassert(sum_Of_product(n: 1) == 1)",
      "timestamp": 1665510309,
      "stdout": "",
      "stderr": "/tmp/tmpy8q3jyeb.swift:6:16: error: cannot find 'product' in scope\n        sum += product(n: i)\n               ^~~~~~~\n",
      "exit_code": 1,
      "status": "SyntaxError"
    },
    {
      "program": "\n/// Write a python function to find the sum of the product of consecutive binomial co-efficients.\nfunc sum_Of_product(n: Int) -> Int {\n    var sum = 0\n    for i in 0...n {\n        sum += product_of_binomial_coefficients(n: n, k: i)\n    }\n    return sum\n}\n\n\nfunc ==(left: [(Int, Int)], right: [(Int, Int)]) -> Bool {\n    if left.count != right.count {\n        return false\n    }\n    for (l, r) in zip(left, right) {\n        if l != r {\n            return false\n        }\n    }\n    return true\n}\n            \nassert(sum_Of_product(n: 3) == 15)\nassert(sum_Of_product(n: 4) == 56)\nassert(sum_Of_product(n: 1) == 1)",
      "timestamp": 1665510309,
      "stdout": "",
      "stderr": "/tmp/tmpryb5yp8f.swift:6:16: error: cannot find 'product_of_binomial_coefficients' in scope\n        sum += product_of_binomial_coefficients(n: n, k: i)\n               ^~~~~~~~~~~~~~~~~~~~~~~~~~~~~~~~\n",
      "exit_code": 1,
      "status": "SyntaxError"
    },
    {
      "program": "\n/// Write a python function to find the sum of the product of consecutive binomial co-efficients.\nfunc sum_Of_product(n: Int) -> Int {\n    var sum = 0\n    for i in 1...n {\n        sum += product(n: i)\n    }\n    return sum\n}\n\n\nfunc ==(left: [(Int, Int)], right: [(Int, Int)]) -> Bool {\n    if left.count != right.count {\n        return false\n    }\n    for (l, r) in zip(left, right) {\n        if l != r {\n            return false\n        }\n    }\n    return true\n}\n            \nassert(sum_Of_product(n: 3) == 15)\nassert(sum_Of_product(n: 4) == 56)\nassert(sum_Of_product(n: 1) == 1)",
      "timestamp": 1665510309,
      "stdout": "",
      "stderr": "/tmp/tmpy8q3jyeb.swift:6:16: error: cannot find 'product' in scope\n        sum += product(n: i)\n               ^~~~~~~\n",
      "exit_code": 1,
      "status": "SyntaxError"
    },
    {
      "program": "\n/// Write a python function to find the sum of the product of consecutive binomial co-efficients.\nfunc sum_Of_product(n: Int) -> Int {\n    var sum = 0\n    for i in 1...n {\n        for j in 1...i {\n            sum += binomialCoefficient(n: i, k: j) * binomialCoefficient(n: i, k: j)\n        }\n    }\n    return sum\n}\n\n\nfunc ==(left: [(Int, Int)], right: [(Int, Int)]) -> Bool {\n    if left.count != right.count {\n        return false\n    }\n    for (l, r) in zip(left, right) {\n        if l != r {\n            return false\n        }\n    }\n    return true\n}\n            \nassert(sum_Of_product(n: 3) == 15)\nassert(sum_Of_product(n: 4) == 56)\nassert(sum_Of_product(n: 1) == 1)",
      "timestamp": 1665510309,
      "stdout": "",
      "stderr": "/tmp/tmp246gmb52.swift:7:20: error: cannot find 'binomialCoefficient' in scope\n            sum += binomialCoefficient(n: i, k: j) * binomialCoefficient(n: i, k: j)\n                   ^~~~~~~~~~~~~~~~~~~\n/tmp/tmp246gmb52.swift:7:54: error: cannot find 'binomialCoefficient' in scope\n            sum += binomialCoefficient(n: i, k: j) * binomialCoefficient(n: i, k: j)\n                                                     ^~~~~~~~~~~~~~~~~~~\n",
      "exit_code": 1,
      "status": "SyntaxError"
    },
    {
      "program": "\n/// Write a python function to find the sum of the product of consecutive binomial co-efficients.\nfunc sum_Of_product(n: Int) -> Int {\n    var sum = 0\n    for i in 1...n {\n        sum += product_of_binomial_coefficients(n: n, k: i)\n    }\n    return sum\n}\n\n\nfunc ==(left: [(Int, Int)], right: [(Int, Int)]) -> Bool {\n    if left.count != right.count {\n        return false\n    }\n    for (l, r) in zip(left, right) {\n        if l != r {\n            return false\n        }\n    }\n    return true\n}\n            \nassert(sum_Of_product(n: 3) == 15)\nassert(sum_Of_product(n: 4) == 56)\nassert(sum_Of_product(n: 1) == 1)",
      "timestamp": 1665510309,
      "stdout": "",
      "stderr": "/tmp/tmpg90w0lrh.swift:6:16: error: cannot find 'product_of_binomial_coefficients' in scope\n        sum += product_of_binomial_coefficients(n: n, k: i)\n               ^~~~~~~~~~~~~~~~~~~~~~~~~~~~~~~~\n",
      "exit_code": 1,
      "status": "SyntaxError"
    },
    {
      "program": "\n/// Write a python function to find the sum of the product of consecutive binomial co-efficients.\nfunc sum_Of_product(n: Int) -> Int {\n    var sum = 0\n    for i in 1...n {\n        sum += product(n: i)\n    }\n    return sum\n}\n\n\nfunc ==(left: [(Int, Int)], right: [(Int, Int)]) -> Bool {\n    if left.count != right.count {\n        return false\n    }\n    for (l, r) in zip(left, right) {\n        if l != r {\n            return false\n        }\n    }\n    return true\n}\n            \nassert(sum_Of_product(n: 3) == 15)\nassert(sum_Of_product(n: 4) == 56)\nassert(sum_Of_product(n: 1) == 1)",
      "timestamp": 1665510309,
      "stdout": "",
      "stderr": "/tmp/tmpy8q3jyeb.swift:6:16: error: cannot find 'product' in scope\n        sum += product(n: i)\n               ^~~~~~~\n",
      "exit_code": 1,
      "status": "SyntaxError"
    },
    {
      "program": "\n/// Write a python function to find the sum of the product of consecutive binomial co-efficients.\nfunc sum_Of_product(n: Int) -> Int {\n    var sum = 0\n    for i in 1...n {\n        sum += product(n: i)\n    }\n    return sum\n}\n\n\nfunc ==(left: [(Int, Int)], right: [(Int, Int)]) -> Bool {\n    if left.count != right.count {\n        return false\n    }\n    for (l, r) in zip(left, right) {\n        if l != r {\n            return false\n        }\n    }\n    return true\n}\n            \nassert(sum_Of_product(n: 3) == 15)\nassert(sum_Of_product(n: 4) == 56)\nassert(sum_Of_product(n: 1) == 1)",
      "timestamp": 1665510309,
      "stdout": "",
      "stderr": "/tmp/tmpy8q3jyeb.swift:6:16: error: cannot find 'product' in scope\n        sum += product(n: i)\n               ^~~~~~~\n",
      "exit_code": 1,
      "status": "SyntaxError"
    },
    {
      "program": "\n/// Write a python function to find the sum of the product of consecutive binomial co-efficients.\nfunc sum_Of_product(n: Int) -> Int {\n    var sum = 0\n    for i in 1...n {\n        for j in 1...i {\n            sum += binomialCoefficient(n: i, k: j) * binomialCoefficient(n: i, k: j)\n        }\n    }\n    return sum\n}\n\n\nfunc ==(left: [(Int, Int)], right: [(Int, Int)]) -> Bool {\n    if left.count != right.count {\n        return false\n    }\n    for (l, r) in zip(left, right) {\n        if l != r {\n            return false\n        }\n    }\n    return true\n}\n            \nassert(sum_Of_product(n: 3) == 15)\nassert(sum_Of_product(n: 4) == 56)\nassert(sum_Of_product(n: 1) == 1)",
      "timestamp": 1665510309,
      "stdout": "",
      "stderr": "/tmp/tmp246gmb52.swift:7:20: error: cannot find 'binomialCoefficient' in scope\n            sum += binomialCoefficient(n: i, k: j) * binomialCoefficient(n: i, k: j)\n                   ^~~~~~~~~~~~~~~~~~~\n/tmp/tmp246gmb52.swift:7:54: error: cannot find 'binomialCoefficient' in scope\n            sum += binomialCoefficient(n: i, k: j) * binomialCoefficient(n: i, k: j)\n                                                     ^~~~~~~~~~~~~~~~~~~\n",
      "exit_code": 1,
      "status": "SyntaxError"
    },
    {
      "program": "\n/// Write a python function to find the sum of the product of consecutive binomial co-efficients.\nfunc sum_Of_product(n: Int) -> Int {\n    var sum = 0\n    for i in 1...n {\n        sum += product(n: i)\n    }\n    return sum\n}\n\n\nfunc ==(left: [(Int, Int)], right: [(Int, Int)]) -> Bool {\n    if left.count != right.count {\n        return false\n    }\n    for (l, r) in zip(left, right) {\n        if l != r {\n            return false\n        }\n    }\n    return true\n}\n            \nassert(sum_Of_product(n: 3) == 15)\nassert(sum_Of_product(n: 4) == 56)\nassert(sum_Of_product(n: 1) == 1)",
      "timestamp": 1665510309,
      "stdout": "",
      "stderr": "/tmp/tmpy8q3jyeb.swift:6:16: error: cannot find 'product' in scope\n        sum += product(n: i)\n               ^~~~~~~\n",
      "exit_code": 1,
      "status": "SyntaxError"
    },
    {
      "program": "\n/// Write a python function to find the sum of the product of consecutive binomial co-efficients.\nfunc sum_Of_product(n: Int) -> Int {\n    var sum = 0\n    for i in 1...n {\n        for j in 1...i {\n            sum += binomial_coefficient(n: i, k: j) * binomial_coefficient(n: i, k: j)\n        }\n    }\n    return sum\n}\n\n\nfunc ==(left: [(Int, Int)], right: [(Int, Int)]) -> Bool {\n    if left.count != right.count {\n        return false\n    }\n    for (l, r) in zip(left, right) {\n        if l != r {\n            return false\n        }\n    }\n    return true\n}\n            \nassert(sum_Of_product(n: 3) == 15)\nassert(sum_Of_product(n: 4) == 56)\nassert(sum_Of_product(n: 1) == 1)",
      "timestamp": 1665510309,
      "stdout": "",
      "stderr": "/tmp/tmpe61i2kfr.swift:7:20: error: cannot find 'binomial_coefficient' in scope\n            sum += binomial_coefficient(n: i, k: j) * binomial_coefficient(n: i, k: j)\n                   ^~~~~~~~~~~~~~~~~~~~\n/tmp/tmpe61i2kfr.swift:7:55: error: cannot find 'binomial_coefficient' in scope\n            sum += binomial_coefficient(n: i, k: j) * binomial_coefficient(n: i, k: j)\n                                                      ^~~~~~~~~~~~~~~~~~~~\n",
      "exit_code": 1,
      "status": "SyntaxError"
    },
    {
      "program": "\n/// Write a python function to find the sum of the product of consecutive binomial co-efficients.\nfunc sum_Of_product(n: Int) -> Int {\n    var sum = 0\n    for i in 1...n {\n        for j in 1...i {\n            sum += binomial_coefficient(n: i, k: j) * binomial_coefficient(n: i, k: j)\n        }\n    }\n    return sum\n}\n\n\nfunc ==(left: [(Int, Int)], right: [(Int, Int)]) -> Bool {\n    if left.count != right.count {\n        return false\n    }\n    for (l, r) in zip(left, right) {\n        if l != r {\n            return false\n        }\n    }\n    return true\n}\n            \nassert(sum_Of_product(n: 3) == 15)\nassert(sum_Of_product(n: 4) == 56)\nassert(sum_Of_product(n: 1) == 1)",
      "timestamp": 1665510309,
      "stdout": "",
      "stderr": "/tmp/tmpe61i2kfr.swift:7:20: error: cannot find 'binomial_coefficient' in scope\n            sum += binomial_coefficient(n: i, k: j) * binomial_coefficient(n: i, k: j)\n                   ^~~~~~~~~~~~~~~~~~~~\n/tmp/tmpe61i2kfr.swift:7:55: error: cannot find 'binomial_coefficient' in scope\n            sum += binomial_coefficient(n: i, k: j) * binomial_coefficient(n: i, k: j)\n                                                      ^~~~~~~~~~~~~~~~~~~~\n",
      "exit_code": 1,
      "status": "SyntaxError"
    },
    {
      "program": "\n/// Write a python function to find the sum of the product of consecutive binomial co-efficients.\nfunc sum_Of_product(n: Int) -> Int {\n    var sum = 0\n    for i in 1...n {\n        for j in 1...i {\n            sum += binomial_coefficient(n: i, k: j) * binomial_coefficient(n: i, k: j)\n        }\n    }\n    return sum\n}\n\n\nfunc ==(left: [(Int, Int)], right: [(Int, Int)]) -> Bool {\n    if left.count != right.count {\n        return false\n    }\n    for (l, r) in zip(left, right) {\n        if l != r {\n            return false\n        }\n    }\n    return true\n}\n            \nassert(sum_Of_product(n: 3) == 15)\nassert(sum_Of_product(n: 4) == 56)\nassert(sum_Of_product(n: 1) == 1)",
      "timestamp": 1665510309,
      "stdout": "",
      "stderr": "/tmp/tmpe61i2kfr.swift:7:20: error: cannot find 'binomial_coefficient' in scope\n            sum += binomial_coefficient(n: i, k: j) * binomial_coefficient(n: i, k: j)\n                   ^~~~~~~~~~~~~~~~~~~~\n/tmp/tmpe61i2kfr.swift:7:55: error: cannot find 'binomial_coefficient' in scope\n            sum += binomial_coefficient(n: i, k: j) * binomial_coefficient(n: i, k: j)\n                                                      ^~~~~~~~~~~~~~~~~~~~\n",
      "exit_code": 1,
      "status": "SyntaxError"
    },
    {
      "program": "\n/// Write a python function to find the sum of the product of consecutive binomial co-efficients.\nfunc sum_Of_product(n: Int) -> Int {\n    var sum = 0\n    for i in 1...n {\n        sum += product_of_binomial_coefficient(n: n, k: i)\n    }\n    return sum\n}\n\n\nfunc ==(left: [(Int, Int)], right: [(Int, Int)]) -> Bool {\n    if left.count != right.count {\n        return false\n    }\n    for (l, r) in zip(left, right) {\n        if l != r {\n            return false\n        }\n    }\n    return true\n}\n            \nassert(sum_Of_product(n: 3) == 15)\nassert(sum_Of_product(n: 4) == 56)\nassert(sum_Of_product(n: 1) == 1)",
      "timestamp": 1666123441,
      "stdout": "",
      "stderr": "/tmp/tmpxjthet53.swift:6:16: error: cannot find 'product_of_binomial_coefficient' in scope\n        sum += product_of_binomial_coefficient(n: n, k: i)\n               ^~~~~~~~~~~~~~~~~~~~~~~~~~~~~~~\n",
      "exit_code": 1,
      "status": "SyntaxError"
    },
    {
      "program": "\n/// Write a python function to find the sum of the product of consecutive binomial co-efficients.\nfunc sum_Of_product(n: Int) -> Int {\n    var sum = 0\n    for i in 1...n {\n        sum += product_of_binomial_coefficients(n: n, k: i)\n    }\n    return sum\n}\n\n\nfunc ==(left: [(Int, Int)], right: [(Int, Int)]) -> Bool {\n    if left.count != right.count {\n        return false\n    }\n    for (l, r) in zip(left, right) {\n        if l != r {\n            return false\n        }\n    }\n    return true\n}\n            \nassert(sum_Of_product(n: 3) == 15)\nassert(sum_Of_product(n: 4) == 56)\nassert(sum_Of_product(n: 1) == 1)",
      "timestamp": 1665510309,
      "stdout": "",
      "stderr": "/tmp/tmpg90w0lrh.swift:6:16: error: cannot find 'product_of_binomial_coefficients' in scope\n        sum += product_of_binomial_coefficients(n: n, k: i)\n               ^~~~~~~~~~~~~~~~~~~~~~~~~~~~~~~~\n",
      "exit_code": 1,
      "status": "SyntaxError"
    },
    {
      "program": "\n/// Write a python function to find the sum of the product of consecutive binomial co-efficients.\nfunc sum_Of_product(n: Int) -> Int {\n    var sum = 0\n    for i in 1...n {\n        sum += product(n: i)\n    }\n    return sum\n}\n\n\nfunc ==(left: [(Int, Int)], right: [(Int, Int)]) -> Bool {\n    if left.count != right.count {\n        return false\n    }\n    for (l, r) in zip(left, right) {\n        if l != r {\n            return false\n        }\n    }\n    return true\n}\n            \nassert(sum_Of_product(n: 3) == 15)\nassert(sum_Of_product(n: 4) == 56)\nassert(sum_Of_product(n: 1) == 1)",
      "timestamp": 1665510309,
      "stdout": "",
      "stderr": "/tmp/tmpy8q3jyeb.swift:6:16: error: cannot find 'product' in scope\n        sum += product(n: i)\n               ^~~~~~~\n",
      "exit_code": 1,
      "status": "SyntaxError"
    },
    {
      "program": "\n/// Write a python function to find the sum of the product of consecutive binomial co-efficients.\nfunc sum_Of_product(n: Int) -> Int {\n    var sum = 0\n    for i in 0...n {\n        for j in 0...i {\n            sum += binomialCoefficient(n: i, k: j) * binomialCoefficient(n: i, k: j)\n        }\n    }\n    return sum\n}\n\n\nfunc ==(left: [(Int, Int)], right: [(Int, Int)]) -> Bool {\n    if left.count != right.count {\n        return false\n    }\n    for (l, r) in zip(left, right) {\n        if l != r {\n            return false\n        }\n    }\n    return true\n}\n            \nassert(sum_Of_product(n: 3) == 15)\nassert(sum_Of_product(n: 4) == 56)\nassert(sum_Of_product(n: 1) == 1)",
      "timestamp": 1665510309,
      "stdout": "",
      "stderr": "/tmp/tmp_qh14rvd.swift:7:20: error: cannot find 'binomialCoefficient' in scope\n            sum += binomialCoefficient(n: i, k: j) * binomialCoefficient(n: i, k: j)\n                   ^~~~~~~~~~~~~~~~~~~\n/tmp/tmp_qh14rvd.swift:7:54: error: cannot find 'binomialCoefficient' in scope\n            sum += binomialCoefficient(n: i, k: j) * binomialCoefficient(n: i, k: j)\n                                                     ^~~~~~~~~~~~~~~~~~~\n",
      "exit_code": 1,
      "status": "SyntaxError"
    },
    {
      "program": "\n/// Write a python function to find the sum of the product of consecutive binomial co-efficients.\nfunc sum_Of_product(n: Int) -> Int {\n    var sum = 0\n    for i in 1...n {\n        for j in 1...i {\n            sum += binomial_coefficient(n: i, k: j) * binomial_coefficient(n: i, k: j)\n        }\n    }\n    return sum\n}\n\n\nfunc ==(left: [(Int, Int)], right: [(Int, Int)]) -> Bool {\n    if left.count != right.count {\n        return false\n    }\n    for (l, r) in zip(left, right) {\n        if l != r {\n            return false\n        }\n    }\n    return true\n}\n            \nassert(sum_Of_product(n: 3) == 15)\nassert(sum_Of_product(n: 4) == 56)\nassert(sum_Of_product(n: 1) == 1)",
      "timestamp": 1665510309,
      "stdout": "",
      "stderr": "/tmp/tmpe61i2kfr.swift:7:20: error: cannot find 'binomial_coefficient' in scope\n            sum += binomial_coefficient(n: i, k: j) * binomial_coefficient(n: i, k: j)\n                   ^~~~~~~~~~~~~~~~~~~~\n/tmp/tmpe61i2kfr.swift:7:55: error: cannot find 'binomial_coefficient' in scope\n            sum += binomial_coefficient(n: i, k: j) * binomial_coefficient(n: i, k: j)\n                                                      ^~~~~~~~~~~~~~~~~~~~\n",
      "exit_code": 1,
      "status": "SyntaxError"
    },
    {
      "program": "\n/// Write a python function to find the sum of the product of consecutive binomial co-efficients.\nfunc sum_Of_product(n: Int) -> Int {\n    var sum = 0\n    for i in 0...n {\n        sum += product(n: i)\n    }\n    return sum\n}\n\n\nfunc ==(left: [(Int, Int)], right: [(Int, Int)]) -> Bool {\n    if left.count != right.count {\n        return false\n    }\n    for (l, r) in zip(left, right) {\n        if l != r {\n            return false\n        }\n    }\n    return true\n}\n            \nassert(sum_Of_product(n: 3) == 15)\nassert(sum_Of_product(n: 4) == 56)\nassert(sum_Of_product(n: 1) == 1)",
      "timestamp": 1666123441,
      "stdout": "",
      "stderr": "/tmp/tmpcs3ngsvf.swift:6:16: error: cannot find 'product' in scope\n        sum += product(n: i)\n               ^~~~~~~\n",
      "exit_code": 1,
      "status": "SyntaxError"
    },
    {
      "program": "\n/// Write a python function to find the sum of the product of consecutive binomial co-efficients.\nfunc sum_Of_product(n: Int) -> Int {\n    var sum = 0\n    for i in 1...n {\n        sum += product_of_binomial_coefficients(n: n, k: i)\n    }\n    return sum\n}\n\n\nfunc ==(left: [(Int, Int)], right: [(Int, Int)]) -> Bool {\n    if left.count != right.count {\n        return false\n    }\n    for (l, r) in zip(left, right) {\n        if l != r {\n            return false\n        }\n    }\n    return true\n}\n            \nassert(sum_Of_product(n: 3) == 15)\nassert(sum_Of_product(n: 4) == 56)\nassert(sum_Of_product(n: 1) == 1)",
      "timestamp": 1665510309,
      "stdout": "",
      "stderr": "/tmp/tmpg90w0lrh.swift:6:16: error: cannot find 'product_of_binomial_coefficients' in scope\n        sum += product_of_binomial_coefficients(n: n, k: i)\n               ^~~~~~~~~~~~~~~~~~~~~~~~~~~~~~~~\n",
      "exit_code": 1,
      "status": "SyntaxError"
    },
    {
      "program": "\n/// Write a python function to find the sum of the product of consecutive binomial co-efficients.\nfunc sum_Of_product(n: Int) -> Int {\n    var sum = 0\n    for i in 1...n {\n        for j in 1...i {\n            sum += binomialCoefficient(n: i, k: j) * binomialCoefficient(n: i, k: j+1)\n        }\n    }\n    return sum\n}\n\n\nfunc ==(left: [(Int, Int)], right: [(Int, Int)]) -> Bool {\n    if left.count != right.count {\n        return false\n    }\n    for (l, r) in zip(left, right) {\n        if l != r {\n            return false\n        }\n    }\n    return true\n}\n            \nassert(sum_Of_product(n: 3) == 15)\nassert(sum_Of_product(n: 4) == 56)\nassert(sum_Of_product(n: 1) == 1)",
      "timestamp": 1666123441,
      "stdout": "",
      "stderr": "/tmp/tmps00ymqxw.swift:7:20: error: cannot find 'binomialCoefficient' in scope\n            sum += binomialCoefficient(n: i, k: j) * binomialCoefficient(n: i, k: j+1)\n                   ^~~~~~~~~~~~~~~~~~~\n/tmp/tmps00ymqxw.swift:7:54: error: cannot find 'binomialCoefficient' in scope\n            sum += binomialCoefficient(n: i, k: j) * binomialCoefficient(n: i, k: j+1)\n                                                     ^~~~~~~~~~~~~~~~~~~\n",
      "exit_code": 1,
      "status": "SyntaxError"
    },
    {
      "program": "\n/// Write a python function to find the sum of the product of consecutive binomial co-efficients.\nfunc sum_Of_product(n: Int) -> Int {\n    var sum = 0\n    for i in 1...n {\n        sum += product_of_binomial_coefficients(n: n, k: i)\n    }\n    return sum\n}\n\n\nfunc ==(left: [(Int, Int)], right: [(Int, Int)]) -> Bool {\n    if left.count != right.count {\n        return false\n    }\n    for (l, r) in zip(left, right) {\n        if l != r {\n            return false\n        }\n    }\n    return true\n}\n            \nassert(sum_Of_product(n: 3) == 15)\nassert(sum_Of_product(n: 4) == 56)\nassert(sum_Of_product(n: 1) == 1)",
      "timestamp": 1665510309,
      "stdout": "",
      "stderr": "/tmp/tmpg90w0lrh.swift:6:16: error: cannot find 'product_of_binomial_coefficients' in scope\n        sum += product_of_binomial_coefficients(n: n, k: i)\n               ^~~~~~~~~~~~~~~~~~~~~~~~~~~~~~~~\n",
      "exit_code": 1,
      "status": "SyntaxError"
    },
    {
      "program": "\n/// Write a python function to find the sum of the product of consecutive binomial co-efficients.\nfunc sum_Of_product(n: Int) -> Int {\n    var sum = 0\n    for i in 1...n {\n        sum += product(n: i)\n    }\n    return sum\n}\n\n\nfunc ==(left: [(Int, Int)], right: [(Int, Int)]) -> Bool {\n    if left.count != right.count {\n        return false\n    }\n    for (l, r) in zip(left, right) {\n        if l != r {\n            return false\n        }\n    }\n    return true\n}\n            \nassert(sum_Of_product(n: 3) == 15)\nassert(sum_Of_product(n: 4) == 56)\nassert(sum_Of_product(n: 1) == 1)",
      "timestamp": 1665510309,
      "stdout": "",
      "stderr": "/tmp/tmpy8q3jyeb.swift:6:16: error: cannot find 'product' in scope\n        sum += product(n: i)\n               ^~~~~~~\n",
      "exit_code": 1,
      "status": "SyntaxError"
    },
    {
      "program": "\n/// Write a python function to find the sum of the product of consecutive binomial co-efficients.\nfunc sum_Of_product(n: Int) -> Int {\n    var sum = 0\n    for i in 1...n {\n        sum += product_of_binomial_coefficients(n: n, k: i)\n    }\n    return sum\n}\n\n\nfunc ==(left: [(Int, Int)], right: [(Int, Int)]) -> Bool {\n    if left.count != right.count {\n        return false\n    }\n    for (l, r) in zip(left, right) {\n        if l != r {\n            return false\n        }\n    }\n    return true\n}\n            \nassert(sum_Of_product(n: 3) == 15)\nassert(sum_Of_product(n: 4) == 56)\nassert(sum_Of_product(n: 1) == 1)",
      "timestamp": 1665510309,
      "stdout": "",
      "stderr": "/tmp/tmpg90w0lrh.swift:6:16: error: cannot find 'product_of_binomial_coefficients' in scope\n        sum += product_of_binomial_coefficients(n: n, k: i)\n               ^~~~~~~~~~~~~~~~~~~~~~~~~~~~~~~~\n",
      "exit_code": 1,
      "status": "SyntaxError"
    },
    {
      "program": "\n/// Write a python function to find the sum of the product of consecutive binomial co-efficients.\nfunc sum_Of_product(n: Int) -> Int {\n    var sum = 0\n    for i in 1...n {\n        sum += product(n: i)\n    }\n    return sum\n}\n\n\nfunc ==(left: [(Int, Int)], right: [(Int, Int)]) -> Bool {\n    if left.count != right.count {\n        return false\n    }\n    for (l, r) in zip(left, right) {\n        if l != r {\n            return false\n        }\n    }\n    return true\n}\n            \nassert(sum_Of_product(n: 3) == 15)\nassert(sum_Of_product(n: 4) == 56)\nassert(sum_Of_product(n: 1) == 1)",
      "timestamp": 1665510309,
      "stdout": "",
      "stderr": "/tmp/tmpy8q3jyeb.swift:6:16: error: cannot find 'product' in scope\n        sum += product(n: i)\n               ^~~~~~~\n",
      "exit_code": 1,
      "status": "SyntaxError"
    },
    {
      "program": "\n/// Write a python function to find the sum of the product of consecutive binomial co-efficients.\nfunc sum_Of_product(n: Int) -> Int {\n    var sum = 0\n    for i in 0...n {\n        sum += product(n: i)\n    }\n    return sum\n}\n\n\nfunc ==(left: [(Int, Int)], right: [(Int, Int)]) -> Bool {\n    if left.count != right.count {\n        return false\n    }\n    for (l, r) in zip(left, right) {\n        if l != r {\n            return false\n        }\n    }\n    return true\n}\n            \nassert(sum_Of_product(n: 3) == 15)\nassert(sum_Of_product(n: 4) == 56)\nassert(sum_Of_product(n: 1) == 1)",
      "timestamp": 1666123441,
      "stdout": "",
      "stderr": "/tmp/tmpcs3ngsvf.swift:6:16: error: cannot find 'product' in scope\n        sum += product(n: i)\n               ^~~~~~~\n",
      "exit_code": 1,
      "status": "SyntaxError"
    },
    {
      "program": "\n/// Write a python function to find the sum of the product of consecutive binomial co-efficients.\nfunc sum_Of_product(n: Int) -> Int {\n    var sum = 0\n    for i in 1...n {\n        for j in 1...i {\n            sum += binomial_coefficient(n: i, k: j) * binomial_coefficient(n: i, k: j)\n        }\n    }\n    return sum\n}\n\n\nfunc ==(left: [(Int, Int)], right: [(Int, Int)]) -> Bool {\n    if left.count != right.count {\n        return false\n    }\n    for (l, r) in zip(left, right) {\n        if l != r {\n            return false\n        }\n    }\n    return true\n}\n            \nassert(sum_Of_product(n: 3) == 15)\nassert(sum_Of_product(n: 4) == 56)\nassert(sum_Of_product(n: 1) == 1)",
      "timestamp": 1665510309,
      "stdout": "",
      "stderr": "/tmp/tmpe61i2kfr.swift:7:20: error: cannot find 'binomial_coefficient' in scope\n            sum += binomial_coefficient(n: i, k: j) * binomial_coefficient(n: i, k: j)\n                   ^~~~~~~~~~~~~~~~~~~~\n/tmp/tmpe61i2kfr.swift:7:55: error: cannot find 'binomial_coefficient' in scope\n            sum += binomial_coefficient(n: i, k: j) * binomial_coefficient(n: i, k: j)\n                                                      ^~~~~~~~~~~~~~~~~~~~\n",
      "exit_code": 1,
      "status": "SyntaxError"
    },
    {
      "program": "\n/// Write a python function to find the sum of the product of consecutive binomial co-efficients.\nfunc sum_Of_product(n: Int) -> Int {\n    var sum = 0\n    for i in 0...n {\n        for j in 0...i {\n            sum += binomial_coefficient(n: i, k: j) * binomial_coefficient(n: i, k: j + 1)\n        }\n    }\n    return sum\n}\n\n\nfunc ==(left: [(Int, Int)], right: [(Int, Int)]) -> Bool {\n    if left.count != right.count {\n        return false\n    }\n    for (l, r) in zip(left, right) {\n        if l != r {\n            return false\n        }\n    }\n    return true\n}\n            \nassert(sum_Of_product(n: 3) == 15)\nassert(sum_Of_product(n: 4) == 56)\nassert(sum_Of_product(n: 1) == 1)",
      "timestamp": 1666123441,
      "stdout": "",
      "stderr": "/tmp/tmpd30_1qtm.swift:7:20: error: cannot find 'binomial_coefficient' in scope\n            sum += binomial_coefficient(n: i, k: j) * binomial_coefficient(n: i, k: j + 1)\n                   ^~~~~~~~~~~~~~~~~~~~\n/tmp/tmpd30_1qtm.swift:7:55: error: cannot find 'binomial_coefficient' in scope\n            sum += binomial_coefficient(n: i, k: j) * binomial_coefficient(n: i, k: j + 1)\n                                                      ^~~~~~~~~~~~~~~~~~~~\n",
      "exit_code": 1,
      "status": "SyntaxError"
    },
    {
      "program": "\n/// Write a python function to find the sum of the product of consecutive binomial co-efficients.\nfunc sum_Of_product(n: Int) -> Int {\n    var sum = 0\n    for i in 0...n {\n        sum += product(n: i)\n    }\n    return sum\n}\n\n\nfunc ==(left: [(Int, Int)], right: [(Int, Int)]) -> Bool {\n    if left.count != right.count {\n        return false\n    }\n    for (l, r) in zip(left, right) {\n        if l != r {\n            return false\n        }\n    }\n    return true\n}\n            \nassert(sum_Of_product(n: 3) == 15)\nassert(sum_Of_product(n: 4) == 56)\nassert(sum_Of_product(n: 1) == 1)",
      "timestamp": 1666123441,
      "stdout": "",
      "stderr": "/tmp/tmpcs3ngsvf.swift:6:16: error: cannot find 'product' in scope\n        sum += product(n: i)\n               ^~~~~~~\n",
      "exit_code": 1,
      "status": "SyntaxError"
    },
    {
      "program": "\n/// Write a python function to find the sum of the product of consecutive binomial co-efficients.\nfunc sum_Of_product(n: Int) -> Int {\n    var sum = 0\n    for i in 1...n {\n        sum += product_of_binomial_coefficients(n: n, k: i)\n    }\n    return sum\n}\n\n\nfunc ==(left: [(Int, Int)], right: [(Int, Int)]) -> Bool {\n    if left.count != right.count {\n        return false\n    }\n    for (l, r) in zip(left, right) {\n        if l != r {\n            return false\n        }\n    }\n    return true\n}\n            \nassert(sum_Of_product(n: 3) == 15)\nassert(sum_Of_product(n: 4) == 56)\nassert(sum_Of_product(n: 1) == 1)",
      "timestamp": 1665510309,
      "stdout": "",
      "stderr": "/tmp/tmpg90w0lrh.swift:6:16: error: cannot find 'product_of_binomial_coefficients' in scope\n        sum += product_of_binomial_coefficients(n: n, k: i)\n               ^~~~~~~~~~~~~~~~~~~~~~~~~~~~~~~~\n",
      "exit_code": 1,
      "status": "SyntaxError"
    },
    {
      "program": "\n/// Write a python function to find the sum of the product of consecutive binomial co-efficients.\nfunc sum_Of_product(n: Int) -> Int {\n    var sum = 0\n    for i in 1...n {\n        for j in 1...i {\n            sum += binomial_coefficient(n: i, k: j) * binomial_coefficient(n: i, k: j + 1)\n        }\n    }\n    return sum\n}\n\n\nfunc ==(left: [(Int, Int)], right: [(Int, Int)]) -> Bool {\n    if left.count != right.count {\n        return false\n    }\n    for (l, r) in zip(left, right) {\n        if l != r {\n            return false\n        }\n    }\n    return true\n}\n            \nassert(sum_Of_product(n: 3) == 15)\nassert(sum_Of_product(n: 4) == 56)\nassert(sum_Of_product(n: 1) == 1)",
      "timestamp": 1666123441,
      "stdout": "",
      "stderr": "/tmp/tmp5fgbbm92.swift:7:20: error: cannot find 'binomial_coefficient' in scope\n            sum += binomial_coefficient(n: i, k: j) * binomial_coefficient(n: i, k: j + 1)\n                   ^~~~~~~~~~~~~~~~~~~~\n/tmp/tmp5fgbbm92.swift:7:55: error: cannot find 'binomial_coefficient' in scope\n            sum += binomial_coefficient(n: i, k: j) * binomial_coefficient(n: i, k: j + 1)\n                                                      ^~~~~~~~~~~~~~~~~~~~\n",
      "exit_code": 1,
      "status": "SyntaxError"
    },
    {
      "program": "\n/// Write a python function to find the sum of the product of consecutive binomial co-efficients.\nfunc sum_Of_product(n: Int) -> Int {\n    var sum = 0\n    for i in 1...n {\n        for j in 1...i {\n            sum += binomial_coefficient(n: i, k: j) * binomial_coefficient(n: i, k: j)\n        }\n    }\n    return sum\n}\n\n\nfunc ==(left: [(Int, Int)], right: [(Int, Int)]) -> Bool {\n    if left.count != right.count {\n        return false\n    }\n    for (l, r) in zip(left, right) {\n        if l != r {\n            return false\n        }\n    }\n    return true\n}\n            \nassert(sum_Of_product(n: 3) == 15)\nassert(sum_Of_product(n: 4) == 56)\nassert(sum_Of_product(n: 1) == 1)",
      "timestamp": 1665510309,
      "stdout": "",
      "stderr": "/tmp/tmpe61i2kfr.swift:7:20: error: cannot find 'binomial_coefficient' in scope\n            sum += binomial_coefficient(n: i, k: j) * binomial_coefficient(n: i, k: j)\n                   ^~~~~~~~~~~~~~~~~~~~\n/tmp/tmpe61i2kfr.swift:7:55: error: cannot find 'binomial_coefficient' in scope\n            sum += binomial_coefficient(n: i, k: j) * binomial_coefficient(n: i, k: j)\n                                                      ^~~~~~~~~~~~~~~~~~~~\n",
      "exit_code": 1,
      "status": "SyntaxError"
    },
    {
      "program": "\n/// Write a python function to find the sum of the product of consecutive binomial co-efficients.\nfunc sum_Of_product(n: Int) -> Int {\n    var sum = 0\n    for i in 1...n {\n        for j in 1...i {\n            sum += binomialCoefficient(n: i, k: j) * binomialCoefficient(n: i, k: j + 1)\n        }\n    }\n    return sum\n}\n\n\nfunc ==(left: [(Int, Int)], right: [(Int, Int)]) -> Bool {\n    if left.count != right.count {\n        return false\n    }\n    for (l, r) in zip(left, right) {\n        if l != r {\n            return false\n        }\n    }\n    return true\n}\n            \nassert(sum_Of_product(n: 3) == 15)\nassert(sum_Of_product(n: 4) == 56)\nassert(sum_Of_product(n: 1) == 1)",
      "timestamp": 1665510309,
      "stdout": "",
      "stderr": "/tmp/tmp261g48ii.swift:7:20: error: cannot find 'binomialCoefficient' in scope\n            sum += binomialCoefficient(n: i, k: j) * binomialCoefficient(n: i, k: j + 1)\n                   ^~~~~~~~~~~~~~~~~~~\n/tmp/tmp261g48ii.swift:7:54: error: cannot find 'binomialCoefficient' in scope\n            sum += binomialCoefficient(n: i, k: j) * binomialCoefficient(n: i, k: j + 1)\n                                                     ^~~~~~~~~~~~~~~~~~~\n",
      "exit_code": 1,
      "status": "SyntaxError"
    },
    {
      "program": "\n/// Write a python function to find the sum of the product of consecutive binomial co-efficients.\nfunc sum_Of_product(n: Int) -> Int {\n    var sum = 0\n    for i in 1...n {\n        for j in 1...i {\n            sum += binomialCoefficient(n: i, k: j) * binomialCoefficient(n: i, k: j)\n        }\n    }\n    return sum\n}\n\n\nfunc ==(left: [(Int, Int)], right: [(Int, Int)]) -> Bool {\n    if left.count != right.count {\n        return false\n    }\n    for (l, r) in zip(left, right) {\n        if l != r {\n            return false\n        }\n    }\n    return true\n}\n            \nassert(sum_Of_product(n: 3) == 15)\nassert(sum_Of_product(n: 4) == 56)\nassert(sum_Of_product(n: 1) == 1)",
      "timestamp": 1665510309,
      "stdout": "",
      "stderr": "/tmp/tmp246gmb52.swift:7:20: error: cannot find 'binomialCoefficient' in scope\n            sum += binomialCoefficient(n: i, k: j) * binomialCoefficient(n: i, k: j)\n                   ^~~~~~~~~~~~~~~~~~~\n/tmp/tmp246gmb52.swift:7:54: error: cannot find 'binomialCoefficient' in scope\n            sum += binomialCoefficient(n: i, k: j) * binomialCoefficient(n: i, k: j)\n                                                     ^~~~~~~~~~~~~~~~~~~\n",
      "exit_code": 1,
      "status": "SyntaxError"
    },
    {
      "program": "\n/// Write a python function to find the sum of the product of consecutive binomial co-efficients.\nfunc sum_Of_product(n: Int) -> Int {\n    var sum = 0\n    for i in 0...n {\n        var product = 1\n        for j in 0...i {\n            product *= binomial_coefficient(n: i, k: j)\n        }\n        sum += product\n    }\n    return sum\n}\n\n\nfunc ==(left: [(Int, Int)], right: [(Int, Int)]) -> Bool {\n    if left.count != right.count {\n        return false\n    }\n    for (l, r) in zip(left, right) {\n        if l != r {\n            return false\n        }\n    }\n    return true\n}\n            \nassert(sum_Of_product(n: 3) == 15)\nassert(sum_Of_product(n: 4) == 56)\nassert(sum_Of_product(n: 1) == 1)",
      "timestamp": 1666123441,
      "stdout": "",
      "stderr": "/tmp/tmpzijmksqt.swift:8:24: error: cannot find 'binomial_coefficient' in scope\n            product *= binomial_coefficient(n: i, k: j)\n                       ^~~~~~~~~~~~~~~~~~~~\n",
      "exit_code": 1,
      "status": "SyntaxError"
    },
    {
      "program": "\n/// Write a python function to find the sum of the product of consecutive binomial co-efficients.\nfunc sum_Of_product(n: Int) -> Int {\n    var sum = 0\n    for i in 0...n {\n        for j in 0...i {\n            sum += (binomialCoefficient(n: i, k: j) * binomialCoefficient(n: i, k: j))\n        }\n    }\n    return sum\n}\n\n\nfunc ==(left: [(Int, Int)], right: [(Int, Int)]) -> Bool {\n    if left.count != right.count {\n        return false\n    }\n    for (l, r) in zip(left, right) {\n        if l != r {\n            return false\n        }\n    }\n    return true\n}\n            \nassert(sum_Of_product(n: 3) == 15)\nassert(sum_Of_product(n: 4) == 56)\nassert(sum_Of_product(n: 1) == 1)",
      "timestamp": 1666123441,
      "stdout": "",
      "stderr": "/tmp/tmpaks2jyh6.swift:7:21: error: cannot find 'binomialCoefficient' in scope\n            sum += (binomialCoefficient(n: i, k: j) * binomialCoefficient(n: i, k: j))\n                    ^~~~~~~~~~~~~~~~~~~\n/tmp/tmpaks2jyh6.swift:7:55: error: cannot find 'binomialCoefficient' in scope\n            sum += (binomialCoefficient(n: i, k: j) * binomialCoefficient(n: i, k: j))\n                                                      ^~~~~~~~~~~~~~~~~~~\n",
      "exit_code": 1,
      "status": "SyntaxError"
    },
    {
      "program": "\n/// Write a python function to find the sum of the product of consecutive binomial co-efficients.\nfunc sum_Of_product(n: Int) -> Int {\n    var sum = 0\n    for i in 1...n {\n        for j in 1...i {\n            sum += binomial_coefficient(n: i, k: j) * binomial_coefficient(n: i, k: j)\n        }\n    }\n    return sum\n}\n\n\nfunc ==(left: [(Int, Int)], right: [(Int, Int)]) -> Bool {\n    if left.count != right.count {\n        return false\n    }\n    for (l, r) in zip(left, right) {\n        if l != r {\n            return false\n        }\n    }\n    return true\n}\n            \nassert(sum_Of_product(n: 3) == 15)\nassert(sum_Of_product(n: 4) == 56)\nassert(sum_Of_product(n: 1) == 1)",
      "timestamp": 1665510309,
      "stdout": "",
      "stderr": "/tmp/tmpe61i2kfr.swift:7:20: error: cannot find 'binomial_coefficient' in scope\n            sum += binomial_coefficient(n: i, k: j) * binomial_coefficient(n: i, k: j)\n                   ^~~~~~~~~~~~~~~~~~~~\n/tmp/tmpe61i2kfr.swift:7:55: error: cannot find 'binomial_coefficient' in scope\n            sum += binomial_coefficient(n: i, k: j) * binomial_coefficient(n: i, k: j)\n                                                      ^~~~~~~~~~~~~~~~~~~~\n",
      "exit_code": 1,
      "status": "SyntaxError"
    },
    {
      "program": "\n/// Write a python function to find the sum of the product of consecutive binomial co-efficients.\nfunc sum_Of_product(n: Int) -> Int {\n    var sum = 0\n    for i in 1...n {\n        for j in 1...i {\n            sum += binomial_coefficient(n: i, k: j) * binomial_coefficient(n: i, k: j)\n        }\n    }\n    return sum\n}\n\n\nfunc ==(left: [(Int, Int)], right: [(Int, Int)]) -> Bool {\n    if left.count != right.count {\n        return false\n    }\n    for (l, r) in zip(left, right) {\n        if l != r {\n            return false\n        }\n    }\n    return true\n}\n            \nassert(sum_Of_product(n: 3) == 15)\nassert(sum_Of_product(n: 4) == 56)\nassert(sum_Of_product(n: 1) == 1)",
      "timestamp": 1665510309,
      "stdout": "",
      "stderr": "/tmp/tmpe61i2kfr.swift:7:20: error: cannot find 'binomial_coefficient' in scope\n            sum += binomial_coefficient(n: i, k: j) * binomial_coefficient(n: i, k: j)\n                   ^~~~~~~~~~~~~~~~~~~~\n/tmp/tmpe61i2kfr.swift:7:55: error: cannot find 'binomial_coefficient' in scope\n            sum += binomial_coefficient(n: i, k: j) * binomial_coefficient(n: i, k: j)\n                                                      ^~~~~~~~~~~~~~~~~~~~\n",
      "exit_code": 1,
      "status": "SyntaxError"
    },
    {
      "program": "\n/// Write a python function to find the sum of the product of consecutive binomial co-efficients.\nfunc sum_Of_product(n: Int) -> Int {\n    var sum = 0\n    for i in 1...n {\n        sum += product(n: i)\n    }\n    return sum\n}\n\n\nfunc ==(left: [(Int, Int)], right: [(Int, Int)]) -> Bool {\n    if left.count != right.count {\n        return false\n    }\n    for (l, r) in zip(left, right) {\n        if l != r {\n            return false\n        }\n    }\n    return true\n}\n            \nassert(sum_Of_product(n: 3) == 15)\nassert(sum_Of_product(n: 4) == 56)\nassert(sum_Of_product(n: 1) == 1)",
      "timestamp": 1665510309,
      "stdout": "",
      "stderr": "/tmp/tmpy8q3jyeb.swift:6:16: error: cannot find 'product' in scope\n        sum += product(n: i)\n               ^~~~~~~\n",
      "exit_code": 1,
      "status": "SyntaxError"
    },
    {
      "program": "\n/// Write a python function to find the sum of the product of consecutive binomial co-efficients.\nfunc sum_Of_product(n: Int) -> Int {\n    var sum = 0\n    for i in 1...n {\n        for j in 1...i {\n            sum += binomial_coefficient(n: i, k: j) * binomial_coefficient(n: i, k: j)\n        }\n    }\n    return sum\n}\n\n\nfunc ==(left: [(Int, Int)], right: [(Int, Int)]) -> Bool {\n    if left.count != right.count {\n        return false\n    }\n    for (l, r) in zip(left, right) {\n        if l != r {\n            return false\n        }\n    }\n    return true\n}\n            \nassert(sum_Of_product(n: 3) == 15)\nassert(sum_Of_product(n: 4) == 56)\nassert(sum_Of_product(n: 1) == 1)",
      "timestamp": 1665510309,
      "stdout": "",
      "stderr": "/tmp/tmpe61i2kfr.swift:7:20: error: cannot find 'binomial_coefficient' in scope\n            sum += binomial_coefficient(n: i, k: j) * binomial_coefficient(n: i, k: j)\n                   ^~~~~~~~~~~~~~~~~~~~\n/tmp/tmpe61i2kfr.swift:7:55: error: cannot find 'binomial_coefficient' in scope\n            sum += binomial_coefficient(n: i, k: j) * binomial_coefficient(n: i, k: j)\n                                                      ^~~~~~~~~~~~~~~~~~~~\n",
      "exit_code": 1,
      "status": "SyntaxError"
    },
    {
      "program": "\n/// Write a python function to find the sum of the product of consecutive binomial co-efficients.\nfunc sum_Of_product(n: Int) -> Int {\n    var sum = 0\n    for i in 1...n {\n        sum += product(n: i)\n    }\n    return sum\n}\n\n\nfunc ==(left: [(Int, Int)], right: [(Int, Int)]) -> Bool {\n    if left.count != right.count {\n        return false\n    }\n    for (l, r) in zip(left, right) {\n        if l != r {\n            return false\n        }\n    }\n    return true\n}\n            \nassert(sum_Of_product(n: 3) == 15)\nassert(sum_Of_product(n: 4) == 56)\nassert(sum_Of_product(n: 1) == 1)",
      "timestamp": 1665510309,
      "stdout": "",
      "stderr": "/tmp/tmpy8q3jyeb.swift:6:16: error: cannot find 'product' in scope\n        sum += product(n: i)\n               ^~~~~~~\n",
      "exit_code": 1,
      "status": "SyntaxError"
    },
    {
      "program": "\n/// Write a python function to find the sum of the product of consecutive binomial co-efficients.\nfunc sum_Of_product(n: Int) -> Int {\n    var sum = 0\n    for i in 0...n {\n        for j in 0...i {\n            sum += binomial_coefficient(n: i, k: j) * binomial_coefficient(n: n - i, k: n - j)\n        }\n    }\n    return sum\n}\n\n\nfunc ==(left: [(Int, Int)], right: [(Int, Int)]) -> Bool {\n    if left.count != right.count {\n        return false\n    }\n    for (l, r) in zip(left, right) {\n        if l != r {\n            return false\n        }\n    }\n    return true\n}\n            \nassert(sum_Of_product(n: 3) == 15)\nassert(sum_Of_product(n: 4) == 56)\nassert(sum_Of_product(n: 1) == 1)",
      "timestamp": 1666123441,
      "stdout": "",
      "stderr": "/tmp/tmp2cez7_0l.swift:7:20: error: cannot find 'binomial_coefficient' in scope\n            sum += binomial_coefficient(n: i, k: j) * binomial_coefficient(n: n - i, k: n - j)\n                   ^~~~~~~~~~~~~~~~~~~~\n/tmp/tmp2cez7_0l.swift:7:55: error: cannot find 'binomial_coefficient' in scope\n            sum += binomial_coefficient(n: i, k: j) * binomial_coefficient(n: n - i, k: n - j)\n                                                      ^~~~~~~~~~~~~~~~~~~~\n",
      "exit_code": 1,
      "status": "SyntaxError"
    },
    {
      "program": "\n/// Write a python function to find the sum of the product of consecutive binomial co-efficients.\nfunc sum_Of_product(n: Int) -> Int {\n    var sum = 0\n    for i in 0...n {\n        sum += product_of_binomial_coefficients(n: n, k: i)\n    }\n    return sum\n}\n\n\nfunc ==(left: [(Int, Int)], right: [(Int, Int)]) -> Bool {\n    if left.count != right.count {\n        return false\n    }\n    for (l, r) in zip(left, right) {\n        if l != r {\n            return false\n        }\n    }\n    return true\n}\n            \nassert(sum_Of_product(n: 3) == 15)\nassert(sum_Of_product(n: 4) == 56)\nassert(sum_Of_product(n: 1) == 1)",
      "timestamp": 1665510309,
      "stdout": "",
      "stderr": "/tmp/tmpryb5yp8f.swift:6:16: error: cannot find 'product_of_binomial_coefficients' in scope\n        sum += product_of_binomial_coefficients(n: n, k: i)\n               ^~~~~~~~~~~~~~~~~~~~~~~~~~~~~~~~\n",
      "exit_code": 1,
      "status": "SyntaxError"
    },
    {
      "program": "\n/// Write a python function to find the sum of the product of consecutive binomial co-efficients.\nfunc sum_Of_product(n: Int) -> Int {\n    var sum = 0\n    for i in 1...n {\n        sum += product(n: i)\n    }\n    return sum\n}\n\n\nfunc ==(left: [(Int, Int)], right: [(Int, Int)]) -> Bool {\n    if left.count != right.count {\n        return false\n    }\n    for (l, r) in zip(left, right) {\n        if l != r {\n            return false\n        }\n    }\n    return true\n}\n            \nassert(sum_Of_product(n: 3) == 15)\nassert(sum_Of_product(n: 4) == 56)\nassert(sum_Of_product(n: 1) == 1)",
      "timestamp": 1665510309,
      "stdout": "",
      "stderr": "/tmp/tmpy8q3jyeb.swift:6:16: error: cannot find 'product' in scope\n        sum += product(n: i)\n               ^~~~~~~\n",
      "exit_code": 1,
      "status": "SyntaxError"
    },
    {
      "program": "\n/// Write a python function to find the sum of the product of consecutive binomial co-efficients.\nfunc sum_Of_product(n: Int) -> Int {\n    var sum = 0\n    for i in 1...n {\n        for j in 1...i {\n            sum += binomialCoefficient(n: i, k: j) * binomialCoefficient(n: i, k: j)\n        }\n    }\n    return sum\n}\n\n\nfunc ==(left: [(Int, Int)], right: [(Int, Int)]) -> Bool {\n    if left.count != right.count {\n        return false\n    }\n    for (l, r) in zip(left, right) {\n        if l != r {\n            return false\n        }\n    }\n    return true\n}\n            \nassert(sum_Of_product(n: 3) == 15)\nassert(sum_Of_product(n: 4) == 56)\nassert(sum_Of_product(n: 1) == 1)",
      "timestamp": 1665510309,
      "stdout": "",
      "stderr": "/tmp/tmp246gmb52.swift:7:20: error: cannot find 'binomialCoefficient' in scope\n            sum += binomialCoefficient(n: i, k: j) * binomialCoefficient(n: i, k: j)\n                   ^~~~~~~~~~~~~~~~~~~\n/tmp/tmp246gmb52.swift:7:54: error: cannot find 'binomialCoefficient' in scope\n            sum += binomialCoefficient(n: i, k: j) * binomialCoefficient(n: i, k: j)\n                                                     ^~~~~~~~~~~~~~~~~~~\n",
      "exit_code": 1,
      "status": "SyntaxError"
    },
    {
      "program": "\n/// Write a python function to find the sum of the product of consecutive binomial co-efficients.\nfunc sum_Of_product(n: Int) -> Int {\n    var sum = 0\n    for i in 0...n {\n        for j in 0...i {\n            sum += binomial_coefficient(n: i, k: j) * binomial_coefficient(n: i, k: j)\n        }\n    }\n    return sum\n}\n\n\nfunc ==(left: [(Int, Int)], right: [(Int, Int)]) -> Bool {\n    if left.count != right.count {\n        return false\n    }\n    for (l, r) in zip(left, right) {\n        if l != r {\n            return false\n        }\n    }\n    return true\n}\n            \nassert(sum_Of_product(n: 3) == 15)\nassert(sum_Of_product(n: 4) == 56)\nassert(sum_Of_product(n: 1) == 1)",
      "timestamp": 1666123441,
      "stdout": "",
      "stderr": "/tmp/tmpn7fsi97h.swift:7:20: error: cannot find 'binomial_coefficient' in scope\n            sum += binomial_coefficient(n: i, k: j) * binomial_coefficient(n: i, k: j)\n                   ^~~~~~~~~~~~~~~~~~~~\n/tmp/tmpn7fsi97h.swift:7:55: error: cannot find 'binomial_coefficient' in scope\n            sum += binomial_coefficient(n: i, k: j) * binomial_coefficient(n: i, k: j)\n                                                      ^~~~~~~~~~~~~~~~~~~~\n",
      "exit_code": 1,
      "status": "SyntaxError"
    },
    {
      "program": "\n/// Write a python function to find the sum of the product of consecutive binomial co-efficients.\nfunc sum_Of_product(n: Int) -> Int {\n    var sum = 0\n    for i in 0...n {\n        for j in 0...i {\n            sum += binomialCoefficient(n: i, k: j) * binomialCoefficient(n: i, k: j + 1)\n        }\n    }\n    return sum\n}\n\n\nfunc ==(left: [(Int, Int)], right: [(Int, Int)]) -> Bool {\n    if left.count != right.count {\n        return false\n    }\n    for (l, r) in zip(left, right) {\n        if l != r {\n            return false\n        }\n    }\n    return true\n}\n            \nassert(sum_Of_product(n: 3) == 15)\nassert(sum_Of_product(n: 4) == 56)\nassert(sum_Of_product(n: 1) == 1)",
      "timestamp": 1666123441,
      "stdout": "",
      "stderr": "/tmp/tmpbhljknmx.swift:7:20: error: cannot find 'binomialCoefficient' in scope\n            sum += binomialCoefficient(n: i, k: j) * binomialCoefficient(n: i, k: j + 1)\n                   ^~~~~~~~~~~~~~~~~~~\n/tmp/tmpbhljknmx.swift:7:54: error: cannot find 'binomialCoefficient' in scope\n            sum += binomialCoefficient(n: i, k: j) * binomialCoefficient(n: i, k: j + 1)\n                                                     ^~~~~~~~~~~~~~~~~~~\n",
      "exit_code": 1,
      "status": "SyntaxError"
    },
    {
      "program": "\n/// Write a python function to find the sum of the product of consecutive binomial co-efficients.\nfunc sum_Of_product(n: Int) -> Int {\n    var sum = 0\n    for i in 0...n {\n        for j in 0...n {\n            sum += binomial_coefficient(n: n, k: i) * binomial_coefficient(n: n, k: j)\n        }\n    }\n    return sum\n}\n\n\nfunc ==(left: [(Int, Int)], right: [(Int, Int)]) -> Bool {\n    if left.count != right.count {\n        return false\n    }\n    for (l, r) in zip(left, right) {\n        if l != r {\n            return false\n        }\n    }\n    return true\n}\n            \nassert(sum_Of_product(n: 3) == 15)\nassert(sum_Of_product(n: 4) == 56)\nassert(sum_Of_product(n: 1) == 1)",
      "timestamp": 1666123441,
      "stdout": "",
      "stderr": "/tmp/tmpkm6x36r6.swift:7:20: error: cannot find 'binomial_coefficient' in scope\n            sum += binomial_coefficient(n: n, k: i) * binomial_coefficient(n: n, k: j)\n                   ^~~~~~~~~~~~~~~~~~~~\n/tmp/tmpkm6x36r6.swift:7:55: error: cannot find 'binomial_coefficient' in scope\n            sum += binomial_coefficient(n: n, k: i) * binomial_coefficient(n: n, k: j)\n                                                      ^~~~~~~~~~~~~~~~~~~~\n",
      "exit_code": 1,
      "status": "SyntaxError"
    },
    {
      "program": "\n/// Write a python function to find the sum of the product of consecutive binomial co-efficients.\nfunc sum_Of_product(n: Int) -> Int {\n    var sum = 0\n    for i in 1...n {\n        sum += product_of_binomial_coefficients(n: n, k: i)\n    }\n    return sum\n}\n\n\nfunc ==(left: [(Int, Int)], right: [(Int, Int)]) -> Bool {\n    if left.count != right.count {\n        return false\n    }\n    for (l, r) in zip(left, right) {\n        if l != r {\n            return false\n        }\n    }\n    return true\n}\n            \nassert(sum_Of_product(n: 3) == 15)\nassert(sum_Of_product(n: 4) == 56)\nassert(sum_Of_product(n: 1) == 1)",
      "timestamp": 1665510309,
      "stdout": "",
      "stderr": "/tmp/tmpg90w0lrh.swift:6:16: error: cannot find 'product_of_binomial_coefficients' in scope\n        sum += product_of_binomial_coefficients(n: n, k: i)\n               ^~~~~~~~~~~~~~~~~~~~~~~~~~~~~~~~\n",
      "exit_code": 1,
      "status": "SyntaxError"
    },
    {
      "program": "\n/// Write a python function to find the sum of the product of consecutive binomial co-efficients.\nfunc sum_Of_product(n: Int) -> Int {\n    var sum = 0\n    for i in 0...n {\n        for j in 0...i {\n            sum += binomialCoefficient(n: i, k: j) * binomialCoefficient(n: i, k: j)\n        }\n    }\n    return sum\n}\n\n\nfunc ==(left: [(Int, Int)], right: [(Int, Int)]) -> Bool {\n    if left.count != right.count {\n        return false\n    }\n    for (l, r) in zip(left, right) {\n        if l != r {\n            return false\n        }\n    }\n    return true\n}\n            \nassert(sum_Of_product(n: 3) == 15)\nassert(sum_Of_product(n: 4) == 56)\nassert(sum_Of_product(n: 1) == 1)",
      "timestamp": 1665510309,
      "stdout": "",
      "stderr": "/tmp/tmp_qh14rvd.swift:7:20: error: cannot find 'binomialCoefficient' in scope\n            sum += binomialCoefficient(n: i, k: j) * binomialCoefficient(n: i, k: j)\n                   ^~~~~~~~~~~~~~~~~~~\n/tmp/tmp_qh14rvd.swift:7:54: error: cannot find 'binomialCoefficient' in scope\n            sum += binomialCoefficient(n: i, k: j) * binomialCoefficient(n: i, k: j)\n                                                     ^~~~~~~~~~~~~~~~~~~\n",
      "exit_code": 1,
      "status": "SyntaxError"
    },
    {
      "program": "\n/// Write a python function to find the sum of the product of consecutive binomial co-efficients.\nfunc sum_Of_product(n: Int) -> Int {\n    var sum = 0\n    for i in 0...n {\n        for j in 0...n {\n            sum += binomial_coefficient(n: n, k: i) * binomial_coefficient(n: n, k: j)\n        }\n    }\n    return sum\n}\n\n\nfunc ==(left: [(Int, Int)], right: [(Int, Int)]) -> Bool {\n    if left.count != right.count {\n        return false\n    }\n    for (l, r) in zip(left, right) {\n        if l != r {\n            return false\n        }\n    }\n    return true\n}\n            \nassert(sum_Of_product(n: 3) == 15)\nassert(sum_Of_product(n: 4) == 56)\nassert(sum_Of_product(n: 1) == 1)",
      "timestamp": 1666123441,
      "stdout": "",
      "stderr": "/tmp/tmpkm6x36r6.swift:7:20: error: cannot find 'binomial_coefficient' in scope\n            sum += binomial_coefficient(n: n, k: i) * binomial_coefficient(n: n, k: j)\n                   ^~~~~~~~~~~~~~~~~~~~\n/tmp/tmpkm6x36r6.swift:7:55: error: cannot find 'binomial_coefficient' in scope\n            sum += binomial_coefficient(n: n, k: i) * binomial_coefficient(n: n, k: j)\n                                                      ^~~~~~~~~~~~~~~~~~~~\n",
      "exit_code": 1,
      "status": "SyntaxError"
    },
    {
      "program": "\n/// Write a python function to find the sum of the product of consecutive binomial co-efficients.\nfunc sum_Of_product(n: Int) -> Int {\n    var sum = 0\n    for i in 1...n {\n        for j in 1...i {\n            sum += binomialCoefficient(n: i, k: j) * binomialCoefficient(n: i, k: j + 1)\n        }\n    }\n    return sum\n}\n\n\nfunc ==(left: [(Int, Int)], right: [(Int, Int)]) -> Bool {\n    if left.count != right.count {\n        return false\n    }\n    for (l, r) in zip(left, right) {\n        if l != r {\n            return false\n        }\n    }\n    return true\n}\n            \nassert(sum_Of_product(n: 3) == 15)\nassert(sum_Of_product(n: 4) == 56)\nassert(sum_Of_product(n: 1) == 1)",
      "timestamp": 1665510309,
      "stdout": "",
      "stderr": "/tmp/tmp261g48ii.swift:7:20: error: cannot find 'binomialCoefficient' in scope\n            sum += binomialCoefficient(n: i, k: j) * binomialCoefficient(n: i, k: j + 1)\n                   ^~~~~~~~~~~~~~~~~~~\n/tmp/tmp261g48ii.swift:7:54: error: cannot find 'binomialCoefficient' in scope\n            sum += binomialCoefficient(n: i, k: j) * binomialCoefficient(n: i, k: j + 1)\n                                                     ^~~~~~~~~~~~~~~~~~~\n",
      "exit_code": 1,
      "status": "SyntaxError"
    },
    {
      "program": "\n/// Write a python function to find the sum of the product of consecutive binomial co-efficients.\nfunc sum_Of_product(n: Int) -> Int {\n    var sum = 0\n    for i in 1...n {\n        for j in 1...i {\n            sum += binomial_coefficient(n: i, k: j) * binomial_coefficient(n: i, k: j + 1)\n        }\n    }\n    return sum\n}\n\n\nfunc ==(left: [(Int, Int)], right: [(Int, Int)]) -> Bool {\n    if left.count != right.count {\n        return false\n    }\n    for (l, r) in zip(left, right) {\n        if l != r {\n            return false\n        }\n    }\n    return true\n}\n            \nassert(sum_Of_product(n: 3) == 15)\nassert(sum_Of_product(n: 4) == 56)\nassert(sum_Of_product(n: 1) == 1)",
      "timestamp": 1666123441,
      "stdout": "",
      "stderr": "/tmp/tmp5fgbbm92.swift:7:20: error: cannot find 'binomial_coefficient' in scope\n            sum += binomial_coefficient(n: i, k: j) * binomial_coefficient(n: i, k: j + 1)\n                   ^~~~~~~~~~~~~~~~~~~~\n/tmp/tmp5fgbbm92.swift:7:55: error: cannot find 'binomial_coefficient' in scope\n            sum += binomial_coefficient(n: i, k: j) * binomial_coefficient(n: i, k: j + 1)\n                                                      ^~~~~~~~~~~~~~~~~~~~\n",
      "exit_code": 1,
      "status": "SyntaxError"
    },
    {
      "program": "\n/// Write a python function to find the sum of the product of consecutive binomial co-efficients.\nfunc sum_Of_product(n: Int) -> Int {\n    var sum = 0\n    for i in 1...n {\n        sum += product(n: i)\n    }\n    return sum\n}\n\n\nfunc ==(left: [(Int, Int)], right: [(Int, Int)]) -> Bool {\n    if left.count != right.count {\n        return false\n    }\n    for (l, r) in zip(left, right) {\n        if l != r {\n            return false\n        }\n    }\n    return true\n}\n            \nassert(sum_Of_product(n: 3) == 15)\nassert(sum_Of_product(n: 4) == 56)\nassert(sum_Of_product(n: 1) == 1)",
      "timestamp": 1665510309,
      "stdout": "",
      "stderr": "/tmp/tmpy8q3jyeb.swift:6:16: error: cannot find 'product' in scope\n        sum += product(n: i)\n               ^~~~~~~\n",
      "exit_code": 1,
      "status": "SyntaxError"
    },
    {
      "program": "\n/// Write a python function to find the sum of the product of consecutive binomial co-efficients.\nfunc sum_Of_product(n: Int) -> Int {\n    var sum = 0\n    for i in 0...n {\n        for j in 0...i {\n            sum += binomialCoefficient(n: i, k: j) * binomialCoefficient(n: i, k: j+1)\n        }\n    }\n    return sum\n}\n\n\nfunc ==(left: [(Int, Int)], right: [(Int, Int)]) -> Bool {\n    if left.count != right.count {\n        return false\n    }\n    for (l, r) in zip(left, right) {\n        if l != r {\n            return false\n        }\n    }\n    return true\n}\n            \nassert(sum_Of_product(n: 3) == 15)\nassert(sum_Of_product(n: 4) == 56)\nassert(sum_Of_product(n: 1) == 1)",
      "timestamp": 1666123441,
      "stdout": "",
      "stderr": "/tmp/tmpq2ynar27.swift:7:20: error: cannot find 'binomialCoefficient' in scope\n            sum += binomialCoefficient(n: i, k: j) * binomialCoefficient(n: i, k: j+1)\n                   ^~~~~~~~~~~~~~~~~~~\n/tmp/tmpq2ynar27.swift:7:54: error: cannot find 'binomialCoefficient' in scope\n            sum += binomialCoefficient(n: i, k: j) * binomialCoefficient(n: i, k: j+1)\n                                                     ^~~~~~~~~~~~~~~~~~~\n",
      "exit_code": 1,
      "status": "SyntaxError"
    },
    {
      "program": "\n/// Write a python function to find the sum of the product of consecutive binomial co-efficients.\nfunc sum_Of_product(n: Int) -> Int {\n    var sum = 0\n    for i in 0...n {\n        for j in 0...i {\n            sum += binomialCoefficient(n: i, k: j) * binomialCoefficient(n: i, k: j)\n        }\n    }\n    return sum\n}\n\n\nfunc ==(left: [(Int, Int)], right: [(Int, Int)]) -> Bool {\n    if left.count != right.count {\n        return false\n    }\n    for (l, r) in zip(left, right) {\n        if l != r {\n            return false\n        }\n    }\n    return true\n}\n            \nassert(sum_Of_product(n: 3) == 15)\nassert(sum_Of_product(n: 4) == 56)\nassert(sum_Of_product(n: 1) == 1)",
      "timestamp": 1665510309,
      "stdout": "",
      "stderr": "/tmp/tmp_qh14rvd.swift:7:20: error: cannot find 'binomialCoefficient' in scope\n            sum += binomialCoefficient(n: i, k: j) * binomialCoefficient(n: i, k: j)\n                   ^~~~~~~~~~~~~~~~~~~\n/tmp/tmp_qh14rvd.swift:7:54: error: cannot find 'binomialCoefficient' in scope\n            sum += binomialCoefficient(n: i, k: j) * binomialCoefficient(n: i, k: j)\n                                                     ^~~~~~~~~~~~~~~~~~~\n",
      "exit_code": 1,
      "status": "SyntaxError"
    },
    {
      "program": "\n/// Write a python function to find the sum of the product of consecutive binomial co-efficients.\nfunc sum_Of_product(n: Int) -> Int {\n    var sum = 0\n    for i in 0...n {\n        for j in 0...n {\n            sum += binomial_coefficient(n: n, k: i) * binomial_coefficient(n: n, k: j)\n        }\n    }\n    return sum\n}\n\n\nfunc ==(left: [(Int, Int)], right: [(Int, Int)]) -> Bool {\n    if left.count != right.count {\n        return false\n    }\n    for (l, r) in zip(left, right) {\n        if l != r {\n            return false\n        }\n    }\n    return true\n}\n            \nassert(sum_Of_product(n: 3) == 15)\nassert(sum_Of_product(n: 4) == 56)\nassert(sum_Of_product(n: 1) == 1)",
      "timestamp": 1666123441,
      "stdout": "",
      "stderr": "/tmp/tmpkm6x36r6.swift:7:20: error: cannot find 'binomial_coefficient' in scope\n            sum += binomial_coefficient(n: n, k: i) * binomial_coefficient(n: n, k: j)\n                   ^~~~~~~~~~~~~~~~~~~~\n/tmp/tmpkm6x36r6.swift:7:55: error: cannot find 'binomial_coefficient' in scope\n            sum += binomial_coefficient(n: n, k: i) * binomial_coefficient(n: n, k: j)\n                                                      ^~~~~~~~~~~~~~~~~~~~\n",
      "exit_code": 1,
      "status": "SyntaxError"
    },
    {
      "program": "\n/// Write a python function to find the sum of the product of consecutive binomial co-efficients.\nfunc sum_Of_product(n: Int) -> Int {\n    var sum = 0\n    for i in 1...n {\n        sum += product(n: i)\n    }\n    return sum\n}\n\n\nfunc ==(left: [(Int, Int)], right: [(Int, Int)]) -> Bool {\n    if left.count != right.count {\n        return false\n    }\n    for (l, r) in zip(left, right) {\n        if l != r {\n            return false\n        }\n    }\n    return true\n}\n            \nassert(sum_Of_product(n: 3) == 15)\nassert(sum_Of_product(n: 4) == 56)\nassert(sum_Of_product(n: 1) == 1)",
      "timestamp": 1665510309,
      "stdout": "",
      "stderr": "/tmp/tmpy8q3jyeb.swift:6:16: error: cannot find 'product' in scope\n        sum += product(n: i)\n               ^~~~~~~\n",
      "exit_code": 1,
      "status": "SyntaxError"
    },
    {
      "program": "\n/// Write a python function to find the sum of the product of consecutive binomial co-efficients.\nfunc sum_Of_product(n: Int) -> Int {\n    var sum = 0\n    for i in 1...n {\n        sum += product(n: i)\n    }\n    return sum\n}\n\n\nfunc ==(left: [(Int, Int)], right: [(Int, Int)]) -> Bool {\n    if left.count != right.count {\n        return false\n    }\n    for (l, r) in zip(left, right) {\n        if l != r {\n            return false\n        }\n    }\n    return true\n}\n            \nassert(sum_Of_product(n: 3) == 15)\nassert(sum_Of_product(n: 4) == 56)\nassert(sum_Of_product(n: 1) == 1)",
      "timestamp": 1665510309,
      "stdout": "",
      "stderr": "/tmp/tmpy8q3jyeb.swift:6:16: error: cannot find 'product' in scope\n        sum += product(n: i)\n               ^~~~~~~\n",
      "exit_code": 1,
      "status": "SyntaxError"
    },
    {
      "program": "\n/// Write a python function to find the sum of the product of consecutive binomial co-efficients.\nfunc sum_Of_product(n: Int) -> Int {\n    var sum = 0\n    for i in 1...n {\n        sum += product(n: i)\n    }\n    return sum\n}\n\n\nfunc ==(left: [(Int, Int)], right: [(Int, Int)]) -> Bool {\n    if left.count != right.count {\n        return false\n    }\n    for (l, r) in zip(left, right) {\n        if l != r {\n            return false\n        }\n    }\n    return true\n}\n            \nassert(sum_Of_product(n: 3) == 15)\nassert(sum_Of_product(n: 4) == 56)\nassert(sum_Of_product(n: 1) == 1)",
      "timestamp": 1665510309,
      "stdout": "",
      "stderr": "/tmp/tmpy8q3jyeb.swift:6:16: error: cannot find 'product' in scope\n        sum += product(n: i)\n               ^~~~~~~\n",
      "exit_code": 1,
      "status": "SyntaxError"
    },
    {
      "program": "\n/// Write a python function to find the sum of the product of consecutive binomial co-efficients.\nfunc sum_Of_product(n: Int) -> Int {\n    var sum = 0\n    for i in 0...n {\n        for j in 0...i {\n            sum += binomialCoefficient(n: i, k: j) * binomialCoefficient(n: i, k: j)\n        }\n    }\n    return sum\n}\n\n\nfunc ==(left: [(Int, Int)], right: [(Int, Int)]) -> Bool {\n    if left.count != right.count {\n        return false\n    }\n    for (l, r) in zip(left, right) {\n        if l != r {\n            return false\n        }\n    }\n    return true\n}\n            \nassert(sum_Of_product(n: 3) == 15)\nassert(sum_Of_product(n: 4) == 56)\nassert(sum_Of_product(n: 1) == 1)",
      "timestamp": 1665510309,
      "stdout": "",
      "stderr": "/tmp/tmp_qh14rvd.swift:7:20: error: cannot find 'binomialCoefficient' in scope\n            sum += binomialCoefficient(n: i, k: j) * binomialCoefficient(n: i, k: j)\n                   ^~~~~~~~~~~~~~~~~~~\n/tmp/tmp_qh14rvd.swift:7:54: error: cannot find 'binomialCoefficient' in scope\n            sum += binomialCoefficient(n: i, k: j) * binomialCoefficient(n: i, k: j)\n                                                     ^~~~~~~~~~~~~~~~~~~\n",
      "exit_code": 1,
      "status": "SyntaxError"
    },
    {
      "program": "\n/// Write a python function to find the sum of the product of consecutive binomial co-efficients.\nfunc sum_Of_product(n: Int) -> Int {\n    var sum = 0\n    for i in 1...n {\n        for j in 1...i {\n            sum += binomial_coefficient(n: i, k: j) * binomial_coefficient(n: i, k: j)\n        }\n    }\n    return sum\n}\n\n\nfunc ==(left: [(Int, Int)], right: [(Int, Int)]) -> Bool {\n    if left.count != right.count {\n        return false\n    }\n    for (l, r) in zip(left, right) {\n        if l != r {\n            return false\n        }\n    }\n    return true\n}\n            \nassert(sum_Of_product(n: 3) == 15)\nassert(sum_Of_product(n: 4) == 56)\nassert(sum_Of_product(n: 1) == 1)",
      "timestamp": 1665510309,
      "stdout": "",
      "stderr": "/tmp/tmpe61i2kfr.swift:7:20: error: cannot find 'binomial_coefficient' in scope\n            sum += binomial_coefficient(n: i, k: j) * binomial_coefficient(n: i, k: j)\n                   ^~~~~~~~~~~~~~~~~~~~\n/tmp/tmpe61i2kfr.swift:7:55: error: cannot find 'binomial_coefficient' in scope\n            sum += binomial_coefficient(n: i, k: j) * binomial_coefficient(n: i, k: j)\n                                                      ^~~~~~~~~~~~~~~~~~~~\n",
      "exit_code": 1,
      "status": "SyntaxError"
    },
    {
      "program": "\n/// Write a python function to find the sum of the product of consecutive binomial co-efficients.\nfunc sum_Of_product(n: Int) -> Int {\n    var sum = 0\n    for i in 1...n {\n        sum += product(n: i)\n    }\n    return sum\n}\n\n\nfunc ==(left: [(Int, Int)], right: [(Int, Int)]) -> Bool {\n    if left.count != right.count {\n        return false\n    }\n    for (l, r) in zip(left, right) {\n        if l != r {\n            return false\n        }\n    }\n    return true\n}\n            \nassert(sum_Of_product(n: 3) == 15)\nassert(sum_Of_product(n: 4) == 56)\nassert(sum_Of_product(n: 1) == 1)",
      "timestamp": 1665510309,
      "stdout": "",
      "stderr": "/tmp/tmpy8q3jyeb.swift:6:16: error: cannot find 'product' in scope\n        sum += product(n: i)\n               ^~~~~~~\n",
      "exit_code": 1,
      "status": "SyntaxError"
    },
    {
      "program": "\n/// Write a python function to find the sum of the product of consecutive binomial co-efficients.\nfunc sum_Of_product(n: Int) -> Int {\n    var sum = 0\n    for i in 1...n {\n        sum += product(n: i)\n    }\n    return sum\n}\n\n\nfunc ==(left: [(Int, Int)], right: [(Int, Int)]) -> Bool {\n    if left.count != right.count {\n        return false\n    }\n    for (l, r) in zip(left, right) {\n        if l != r {\n            return false\n        }\n    }\n    return true\n}\n            \nassert(sum_Of_product(n: 3) == 15)\nassert(sum_Of_product(n: 4) == 56)\nassert(sum_Of_product(n: 1) == 1)",
      "timestamp": 1665510309,
      "stdout": "",
      "stderr": "/tmp/tmpy8q3jyeb.swift:6:16: error: cannot find 'product' in scope\n        sum += product(n: i)\n               ^~~~~~~\n",
      "exit_code": 1,
      "status": "SyntaxError"
    },
    {
      "program": "\n/// Write a python function to find the sum of the product of consecutive binomial co-efficients.\nfunc sum_Of_product(n: Int) -> Int {\n    var sum = 0\n    for i in 1...n {\n        for j in 1...i {\n            sum += binomialCoefficient(n: i, k: j) * binomialCoefficient(n: i, k: j)\n        }\n    }\n    return sum\n}\n\n\nfunc ==(left: [(Int, Int)], right: [(Int, Int)]) -> Bool {\n    if left.count != right.count {\n        return false\n    }\n    for (l, r) in zip(left, right) {\n        if l != r {\n            return false\n        }\n    }\n    return true\n}\n            \nassert(sum_Of_product(n: 3) == 15)\nassert(sum_Of_product(n: 4) == 56)\nassert(sum_Of_product(n: 1) == 1)",
      "timestamp": 1665510309,
      "stdout": "",
      "stderr": "/tmp/tmp246gmb52.swift:7:20: error: cannot find 'binomialCoefficient' in scope\n            sum += binomialCoefficient(n: i, k: j) * binomialCoefficient(n: i, k: j)\n                   ^~~~~~~~~~~~~~~~~~~\n/tmp/tmp246gmb52.swift:7:54: error: cannot find 'binomialCoefficient' in scope\n            sum += binomialCoefficient(n: i, k: j) * binomialCoefficient(n: i, k: j)\n                                                     ^~~~~~~~~~~~~~~~~~~\n",
      "exit_code": 1,
      "status": "SyntaxError"
    },
    {
      "program": "\n/// Write a python function to find the sum of the product of consecutive binomial co-efficients.\nfunc sum_Of_product(n: Int) -> Int {\n    var sum = 0\n    for i in 1...n {\n        sum += product(n: i)\n    }\n    return sum\n}\n\n\nfunc ==(left: [(Int, Int)], right: [(Int, Int)]) -> Bool {\n    if left.count != right.count {\n        return false\n    }\n    for (l, r) in zip(left, right) {\n        if l != r {\n            return false\n        }\n    }\n    return true\n}\n            \nassert(sum_Of_product(n: 3) == 15)\nassert(sum_Of_product(n: 4) == 56)\nassert(sum_Of_product(n: 1) == 1)",
      "timestamp": 1665510309,
      "stdout": "",
      "stderr": "/tmp/tmpy8q3jyeb.swift:6:16: error: cannot find 'product' in scope\n        sum += product(n: i)\n               ^~~~~~~\n",
      "exit_code": 1,
      "status": "SyntaxError"
    },
    {
      "program": "\n/// Write a python function to find the sum of the product of consecutive binomial co-efficients.\nfunc sum_Of_product(n: Int) -> Int {\n    var sum = 0\n    for i in 0..<n {\n        for j in 0..<n {\n            sum += binomialCoefficient(n: n, k: i) * binomialCoefficient(n: n, k: j)\n        }\n    }\n    return sum\n}\n\n\nfunc ==(left: [(Int, Int)], right: [(Int, Int)]) -> Bool {\n    if left.count != right.count {\n        return false\n    }\n    for (l, r) in zip(left, right) {\n        if l != r {\n            return false\n        }\n    }\n    return true\n}\n            \nassert(sum_Of_product(n: 3) == 15)\nassert(sum_Of_product(n: 4) == 56)\nassert(sum_Of_product(n: 1) == 1)",
      "timestamp": 1666123441,
      "stdout": "",
      "stderr": "/tmp/tmpucgaejaj.swift:7:20: error: cannot find 'binomialCoefficient' in scope\n            sum += binomialCoefficient(n: n, k: i) * binomialCoefficient(n: n, k: j)\n                   ^~~~~~~~~~~~~~~~~~~\n/tmp/tmpucgaejaj.swift:7:54: error: cannot find 'binomialCoefficient' in scope\n            sum += binomialCoefficient(n: n, k: i) * binomialCoefficient(n: n, k: j)\n                                                     ^~~~~~~~~~~~~~~~~~~\n",
      "exit_code": 1,
      "status": "SyntaxError"
    },
    {
      "program": "\n/// Write a python function to find the sum of the product of consecutive binomial co-efficients.\nfunc sum_Of_product(n: Int) -> Int {\n    var sum = 0\n    for i in 0...n {\n        for j in 0...i {\n            sum += binomial_coefficient(n: i, k: j) * binomial_coefficient(n: i, k: j)\n        }\n    }\n    return sum\n}\n\n\nfunc ==(left: [(Int, Int)], right: [(Int, Int)]) -> Bool {\n    if left.count != right.count {\n        return false\n    }\n    for (l, r) in zip(left, right) {\n        if l != r {\n            return false\n        }\n    }\n    return true\n}\n            \nassert(sum_Of_product(n: 3) == 15)\nassert(sum_Of_product(n: 4) == 56)\nassert(sum_Of_product(n: 1) == 1)",
      "timestamp": 1666123441,
      "stdout": "",
      "stderr": "/tmp/tmpn7fsi97h.swift:7:20: error: cannot find 'binomial_coefficient' in scope\n            sum += binomial_coefficient(n: i, k: j) * binomial_coefficient(n: i, k: j)\n                   ^~~~~~~~~~~~~~~~~~~~\n/tmp/tmpn7fsi97h.swift:7:55: error: cannot find 'binomial_coefficient' in scope\n            sum += binomial_coefficient(n: i, k: j) * binomial_coefficient(n: i, k: j)\n                                                      ^~~~~~~~~~~~~~~~~~~~\n",
      "exit_code": 1,
      "status": "SyntaxError"
    },
    {
      "program": "\n/// Write a python function to find the sum of the product of consecutive binomial co-efficients.\nfunc sum_Of_product(n: Int) -> Int {\n    var sum = 0\n    for i in 1...n {\n        sum += product_of_binomial_coefficients(n: n, k: i)\n    }\n    return sum\n}\n\n\nfunc ==(left: [(Int, Int)], right: [(Int, Int)]) -> Bool {\n    if left.count != right.count {\n        return false\n    }\n    for (l, r) in zip(left, right) {\n        if l != r {\n            return false\n        }\n    }\n    return true\n}\n            \nassert(sum_Of_product(n: 3) == 15)\nassert(sum_Of_product(n: 4) == 56)\nassert(sum_Of_product(n: 1) == 1)",
      "timestamp": 1665510309,
      "stdout": "",
      "stderr": "/tmp/tmpg90w0lrh.swift:6:16: error: cannot find 'product_of_binomial_coefficients' in scope\n        sum += product_of_binomial_coefficients(n: n, k: i)\n               ^~~~~~~~~~~~~~~~~~~~~~~~~~~~~~~~\n",
      "exit_code": 1,
      "status": "SyntaxError"
    },
    {
      "program": "\n/// Write a python function to find the sum of the product of consecutive binomial co-efficients.\nfunc sum_Of_product(n: Int) -> Int {\n    var sum = 0\n    for i in 0...n {\n        for j in 0...n {\n            sum += binomial_coefficient(n: n, k: i) * binomial_coefficient(n: n, k: j)\n        }\n    }\n    return sum\n}\n\n\nfunc ==(left: [(Int, Int)], right: [(Int, Int)]) -> Bool {\n    if left.count != right.count {\n        return false\n    }\n    for (l, r) in zip(left, right) {\n        if l != r {\n            return false\n        }\n    }\n    return true\n}\n            \nassert(sum_Of_product(n: 3) == 15)\nassert(sum_Of_product(n: 4) == 56)\nassert(sum_Of_product(n: 1) == 1)",
      "timestamp": 1666123441,
      "stdout": "",
      "stderr": "/tmp/tmpkm6x36r6.swift:7:20: error: cannot find 'binomial_coefficient' in scope\n            sum += binomial_coefficient(n: n, k: i) * binomial_coefficient(n: n, k: j)\n                   ^~~~~~~~~~~~~~~~~~~~\n/tmp/tmpkm6x36r6.swift:7:55: error: cannot find 'binomial_coefficient' in scope\n            sum += binomial_coefficient(n: n, k: i) * binomial_coefficient(n: n, k: j)\n                                                      ^~~~~~~~~~~~~~~~~~~~\n",
      "exit_code": 1,
      "status": "SyntaxError"
    },
    {
      "program": "\n/// Write a python function to find the sum of the product of consecutive binomial co-efficients.\nfunc sum_Of_product(n: Int) -> Int {\n    var sum = 0\n    for i in 0...n {\n        for j in 0...i {\n            sum += binomialCoefficient(n: i, k: j) * binomialCoefficient(n: i, k: j)\n        }\n    }\n    return sum\n}\n\n\nfunc ==(left: [(Int, Int)], right: [(Int, Int)]) -> Bool {\n    if left.count != right.count {\n        return false\n    }\n    for (l, r) in zip(left, right) {\n        if l != r {\n            return false\n        }\n    }\n    return true\n}\n            \nassert(sum_Of_product(n: 3) == 15)\nassert(sum_Of_product(n: 4) == 56)\nassert(sum_Of_product(n: 1) == 1)",
      "timestamp": 1665510309,
      "stdout": "",
      "stderr": "/tmp/tmp_qh14rvd.swift:7:20: error: cannot find 'binomialCoefficient' in scope\n            sum += binomialCoefficient(n: i, k: j) * binomialCoefficient(n: i, k: j)\n                   ^~~~~~~~~~~~~~~~~~~\n/tmp/tmp_qh14rvd.swift:7:54: error: cannot find 'binomialCoefficient' in scope\n            sum += binomialCoefficient(n: i, k: j) * binomialCoefficient(n: i, k: j)\n                                                     ^~~~~~~~~~~~~~~~~~~\n",
      "exit_code": 1,
      "status": "SyntaxError"
    },
    {
      "program": "\n/// Write a python function to find the sum of the product of consecutive binomial co-efficients.\nfunc sum_Of_product(n: Int) -> Int {\n    var sum = 0\n    for i in 1...n {\n        sum += product(n: i)\n    }\n    return sum\n}\n\n\nfunc ==(left: [(Int, Int)], right: [(Int, Int)]) -> Bool {\n    if left.count != right.count {\n        return false\n    }\n    for (l, r) in zip(left, right) {\n        if l != r {\n            return false\n        }\n    }\n    return true\n}\n            \nassert(sum_Of_product(n: 3) == 15)\nassert(sum_Of_product(n: 4) == 56)\nassert(sum_Of_product(n: 1) == 1)",
      "timestamp": 1665510309,
      "stdout": "",
      "stderr": "/tmp/tmpy8q3jyeb.swift:6:16: error: cannot find 'product' in scope\n        sum += product(n: i)\n               ^~~~~~~\n",
      "exit_code": 1,
      "status": "SyntaxError"
    },
    {
      "program": "\n/// Write a python function to find the sum of the product of consecutive binomial co-efficients.\nfunc sum_Of_product(n: Int) -> Int {\n    var sum = 0\n    for i in 1...n {\n        sum += product(n: i)\n    }\n    return sum\n}\n\n\nfunc ==(left: [(Int, Int)], right: [(Int, Int)]) -> Bool {\n    if left.count != right.count {\n        return false\n    }\n    for (l, r) in zip(left, right) {\n        if l != r {\n            return false\n        }\n    }\n    return true\n}\n            \nassert(sum_Of_product(n: 3) == 15)\nassert(sum_Of_product(n: 4) == 56)\nassert(sum_Of_product(n: 1) == 1)",
      "timestamp": 1665510309,
      "stdout": "",
      "stderr": "/tmp/tmpy8q3jyeb.swift:6:16: error: cannot find 'product' in scope\n        sum += product(n: i)\n               ^~~~~~~\n",
      "exit_code": 1,
      "status": "SyntaxError"
    },
    {
      "program": "\n/// Write a python function to find the sum of the product of consecutive binomial co-efficients.\nfunc sum_Of_product(n: Int) -> Int {\n    var sum = 0\n    for i in 1...n {\n        sum += product(n: i)\n    }\n    return sum\n}\n\n\nfunc ==(left: [(Int, Int)], right: [(Int, Int)]) -> Bool {\n    if left.count != right.count {\n        return false\n    }\n    for (l, r) in zip(left, right) {\n        if l != r {\n            return false\n        }\n    }\n    return true\n}\n            \nassert(sum_Of_product(n: 3) == 15)\nassert(sum_Of_product(n: 4) == 56)\nassert(sum_Of_product(n: 1) == 1)",
      "timestamp": 1665510309,
      "stdout": "",
      "stderr": "/tmp/tmpy8q3jyeb.swift:6:16: error: cannot find 'product' in scope\n        sum += product(n: i)\n               ^~~~~~~\n",
      "exit_code": 1,
      "status": "SyntaxError"
    },
    {
      "program": "\n/// Write a python function to find the sum of the product of consecutive binomial co-efficients.\nfunc sum_Of_product(n: Int) -> Int {\n    var sum = 0\n    for i in 1...n {\n        sum += product(n: i)\n    }\n    return sum\n}\n\n\nfunc ==(left: [(Int, Int)], right: [(Int, Int)]) -> Bool {\n    if left.count != right.count {\n        return false\n    }\n    for (l, r) in zip(left, right) {\n        if l != r {\n            return false\n        }\n    }\n    return true\n}\n            \nassert(sum_Of_product(n: 3) == 15)\nassert(sum_Of_product(n: 4) == 56)\nassert(sum_Of_product(n: 1) == 1)",
      "timestamp": 1665510309,
      "stdout": "",
      "stderr": "/tmp/tmpy8q3jyeb.swift:6:16: error: cannot find 'product' in scope\n        sum += product(n: i)\n               ^~~~~~~\n",
      "exit_code": 1,
      "status": "SyntaxError"
    },
    {
      "program": "\n/// Write a python function to find the sum of the product of consecutive binomial co-efficients.\nfunc sum_Of_product(n: Int) -> Int {\n    var sum = 0\n    for i in 1...n {\n        for j in 1...i {\n            sum += binomialCoefficient(n: i, k: j) * binomialCoefficient(n: i, k: j)\n        }\n    }\n    return sum\n}\n\n\nfunc ==(left: [(Int, Int)], right: [(Int, Int)]) -> Bool {\n    if left.count != right.count {\n        return false\n    }\n    for (l, r) in zip(left, right) {\n        if l != r {\n            return false\n        }\n    }\n    return true\n}\n            \nassert(sum_Of_product(n: 3) == 15)\nassert(sum_Of_product(n: 4) == 56)\nassert(sum_Of_product(n: 1) == 1)",
      "timestamp": 1665510309,
      "stdout": "",
      "stderr": "/tmp/tmp246gmb52.swift:7:20: error: cannot find 'binomialCoefficient' in scope\n            sum += binomialCoefficient(n: i, k: j) * binomialCoefficient(n: i, k: j)\n                   ^~~~~~~~~~~~~~~~~~~\n/tmp/tmp246gmb52.swift:7:54: error: cannot find 'binomialCoefficient' in scope\n            sum += binomialCoefficient(n: i, k: j) * binomialCoefficient(n: i, k: j)\n                                                     ^~~~~~~~~~~~~~~~~~~\n",
      "exit_code": 1,
      "status": "SyntaxError"
    },
    {
      "program": "\n/// Write a python function to find the sum of the product of consecutive binomial co-efficients.\nfunc sum_Of_product(n: Int) -> Int {\n    var sum = 0\n    for i in 1...n {\n        for j in 1...i {\n            sum += binomial_coefficient(n: i, k: j) * binomial_coefficient(n: i, k: j)\n        }\n    }\n    return sum\n}\n\n\nfunc ==(left: [(Int, Int)], right: [(Int, Int)]) -> Bool {\n    if left.count != right.count {\n        return false\n    }\n    for (l, r) in zip(left, right) {\n        if l != r {\n            return false\n        }\n    }\n    return true\n}\n            \nassert(sum_Of_product(n: 3) == 15)\nassert(sum_Of_product(n: 4) == 56)\nassert(sum_Of_product(n: 1) == 1)",
      "timestamp": 1665510309,
      "stdout": "",
      "stderr": "/tmp/tmpe61i2kfr.swift:7:20: error: cannot find 'binomial_coefficient' in scope\n            sum += binomial_coefficient(n: i, k: j) * binomial_coefficient(n: i, k: j)\n                   ^~~~~~~~~~~~~~~~~~~~\n/tmp/tmpe61i2kfr.swift:7:55: error: cannot find 'binomial_coefficient' in scope\n            sum += binomial_coefficient(n: i, k: j) * binomial_coefficient(n: i, k: j)\n                                                      ^~~~~~~~~~~~~~~~~~~~\n",
      "exit_code": 1,
      "status": "SyntaxError"
    },
    {
      "program": "\n/// Write a python function to find the sum of the product of consecutive binomial co-efficients.\nfunc sum_Of_product(n: Int) -> Int {\n    var sum = 0\n    for i in 1...n {\n        for j in 1...i {\n            sum += binomialCoefficient(n: i, k: j) * binomialCoefficient(n: i, k: j + 1)\n        }\n    }\n    return sum\n}\n\n\nfunc ==(left: [(Int, Int)], right: [(Int, Int)]) -> Bool {\n    if left.count != right.count {\n        return false\n    }\n    for (l, r) in zip(left, right) {\n        if l != r {\n            return false\n        }\n    }\n    return true\n}\n            \nassert(sum_Of_product(n: 3) == 15)\nassert(sum_Of_product(n: 4) == 56)\nassert(sum_Of_product(n: 1) == 1)",
      "timestamp": 1665510309,
      "stdout": "",
      "stderr": "/tmp/tmp261g48ii.swift:7:20: error: cannot find 'binomialCoefficient' in scope\n            sum += binomialCoefficient(n: i, k: j) * binomialCoefficient(n: i, k: j + 1)\n                   ^~~~~~~~~~~~~~~~~~~\n/tmp/tmp261g48ii.swift:7:54: error: cannot find 'binomialCoefficient' in scope\n            sum += binomialCoefficient(n: i, k: j) * binomialCoefficient(n: i, k: j + 1)\n                                                     ^~~~~~~~~~~~~~~~~~~\n",
      "exit_code": 1,
      "status": "SyntaxError"
    },
    {
      "program": "\n/// Write a python function to find the sum of the product of consecutive binomial co-efficients.\nfunc sum_Of_product(n: Int) -> Int {\n    var sum = 0\n    for i in 0...n {\n        sum += product(n: i)\n    }\n    return sum\n}\n\n\nfunc ==(left: [(Int, Int)], right: [(Int, Int)]) -> Bool {\n    if left.count != right.count {\n        return false\n    }\n    for (l, r) in zip(left, right) {\n        if l != r {\n            return false\n        }\n    }\n    return true\n}\n            \nassert(sum_Of_product(n: 3) == 15)\nassert(sum_Of_product(n: 4) == 56)\nassert(sum_Of_product(n: 1) == 1)",
      "timestamp": 1666123441,
      "stdout": "",
      "stderr": "/tmp/tmpcs3ngsvf.swift:6:16: error: cannot find 'product' in scope\n        sum += product(n: i)\n               ^~~~~~~\n",
      "exit_code": 1,
      "status": "SyntaxError"
    },
    {
      "program": "\n/// Write a python function to find the sum of the product of consecutive binomial co-efficients.\nfunc sum_Of_product(n: Int) -> Int {\n    var sum = 0\n    for i in 1...n {\n        for j in 1...i {\n            sum += binomial_coefficient(n: i, k: j) * binomial_coefficient(n: i, k: j)\n        }\n    }\n    return sum\n}\n\n\nfunc ==(left: [(Int, Int)], right: [(Int, Int)]) -> Bool {\n    if left.count != right.count {\n        return false\n    }\n    for (l, r) in zip(left, right) {\n        if l != r {\n            return false\n        }\n    }\n    return true\n}\n            \nassert(sum_Of_product(n: 3) == 15)\nassert(sum_Of_product(n: 4) == 56)\nassert(sum_Of_product(n: 1) == 1)",
      "timestamp": 1665510309,
      "stdout": "",
      "stderr": "/tmp/tmpe61i2kfr.swift:7:20: error: cannot find 'binomial_coefficient' in scope\n            sum += binomial_coefficient(n: i, k: j) * binomial_coefficient(n: i, k: j)\n                   ^~~~~~~~~~~~~~~~~~~~\n/tmp/tmpe61i2kfr.swift:7:55: error: cannot find 'binomial_coefficient' in scope\n            sum += binomial_coefficient(n: i, k: j) * binomial_coefficient(n: i, k: j)\n                                                      ^~~~~~~~~~~~~~~~~~~~\n",
      "exit_code": 1,
      "status": "SyntaxError"
    },
    {
      "program": "\n/// Write a python function to find the sum of the product of consecutive binomial co-efficients.\nfunc sum_Of_product(n: Int) -> Int {\n    var sum = 0\n    for i in 0...n {\n        for j in 0...i {\n            sum += binomialCoefficient(n: i, k: j) * binomialCoefficient(n: i, k: j)\n        }\n    }\n    return sum\n}\n\n\nfunc ==(left: [(Int, Int)], right: [(Int, Int)]) -> Bool {\n    if left.count != right.count {\n        return false\n    }\n    for (l, r) in zip(left, right) {\n        if l != r {\n            return false\n        }\n    }\n    return true\n}\n            \nassert(sum_Of_product(n: 3) == 15)\nassert(sum_Of_product(n: 4) == 56)\nassert(sum_Of_product(n: 1) == 1)",
      "timestamp": 1665510309,
      "stdout": "",
      "stderr": "/tmp/tmp_qh14rvd.swift:7:20: error: cannot find 'binomialCoefficient' in scope\n            sum += binomialCoefficient(n: i, k: j) * binomialCoefficient(n: i, k: j)\n                   ^~~~~~~~~~~~~~~~~~~\n/tmp/tmp_qh14rvd.swift:7:54: error: cannot find 'binomialCoefficient' in scope\n            sum += binomialCoefficient(n: i, k: j) * binomialCoefficient(n: i, k: j)\n                                                     ^~~~~~~~~~~~~~~~~~~\n",
      "exit_code": 1,
      "status": "SyntaxError"
    },
    {
      "program": "\n/// Write a python function to find the sum of the product of consecutive binomial co-efficients.\nfunc sum_Of_product(n: Int) -> Int {\n    var sum = 0\n    for i in 1...n {\n        sum += product_of_binomial_coefficients(n: n, k: i)\n    }\n    return sum\n}\n\n\nfunc ==(left: [(Int, Int)], right: [(Int, Int)]) -> Bool {\n    if left.count != right.count {\n        return false\n    }\n    for (l, r) in zip(left, right) {\n        if l != r {\n            return false\n        }\n    }\n    return true\n}\n            \nassert(sum_Of_product(n: 3) == 15)\nassert(sum_Of_product(n: 4) == 56)\nassert(sum_Of_product(n: 1) == 1)",
      "timestamp": 1665510309,
      "stdout": "",
      "stderr": "/tmp/tmpg90w0lrh.swift:6:16: error: cannot find 'product_of_binomial_coefficients' in scope\n        sum += product_of_binomial_coefficients(n: n, k: i)\n               ^~~~~~~~~~~~~~~~~~~~~~~~~~~~~~~~\n",
      "exit_code": 1,
      "status": "SyntaxError"
    },
    {
      "program": "\n/// Write a python function to find the sum of the product of consecutive binomial co-efficients.\nfunc sum_Of_product(n: Int) -> Int {\n    var sum = 0\n    for i in 1...n {\n        sum += product(n: i)\n    }\n    return sum\n}\n\n\nfunc ==(left: [(Int, Int)], right: [(Int, Int)]) -> Bool {\n    if left.count != right.count {\n        return false\n    }\n    for (l, r) in zip(left, right) {\n        if l != r {\n            return false\n        }\n    }\n    return true\n}\n            \nassert(sum_Of_product(n: 3) == 15)\nassert(sum_Of_product(n: 4) == 56)\nassert(sum_Of_product(n: 1) == 1)",
      "timestamp": 1665510309,
      "stdout": "",
      "stderr": "/tmp/tmpy8q3jyeb.swift:6:16: error: cannot find 'product' in scope\n        sum += product(n: i)\n               ^~~~~~~\n",
      "exit_code": 1,
      "status": "SyntaxError"
    },
    {
      "program": "\n/// Write a python function to find the sum of the product of consecutive binomial co-efficients.\nfunc sum_Of_product(n: Int) -> Int {\n    var sum = 0\n    for i in 0...n {\n        sum += product(n: i)\n    }\n    return sum\n}\n\n\nfunc ==(left: [(Int, Int)], right: [(Int, Int)]) -> Bool {\n    if left.count != right.count {\n        return false\n    }\n    for (l, r) in zip(left, right) {\n        if l != r {\n            return false\n        }\n    }\n    return true\n}\n            \nassert(sum_Of_product(n: 3) == 15)\nassert(sum_Of_product(n: 4) == 56)\nassert(sum_Of_product(n: 1) == 1)",
      "timestamp": 1666123441,
      "stdout": "",
      "stderr": "/tmp/tmpcs3ngsvf.swift:6:16: error: cannot find 'product' in scope\n        sum += product(n: i)\n               ^~~~~~~\n",
      "exit_code": 1,
      "status": "SyntaxError"
    },
    {
      "program": "\n/// Write a python function to find the sum of the product of consecutive binomial co-efficients.\nfunc sum_Of_product(n: Int) -> Int {\n    var sum = 0\n    for i in 1...n {\n        sum += product(n: i)\n    }\n    return sum\n}\n\n\nfunc ==(left: [(Int, Int)], right: [(Int, Int)]) -> Bool {\n    if left.count != right.count {\n        return false\n    }\n    for (l, r) in zip(left, right) {\n        if l != r {\n            return false\n        }\n    }\n    return true\n}\n            \nassert(sum_Of_product(n: 3) == 15)\nassert(sum_Of_product(n: 4) == 56)\nassert(sum_Of_product(n: 1) == 1)",
      "timestamp": 1665510309,
      "stdout": "",
      "stderr": "/tmp/tmpy8q3jyeb.swift:6:16: error: cannot find 'product' in scope\n        sum += product(n: i)\n               ^~~~~~~\n",
      "exit_code": 1,
      "status": "SyntaxError"
    },
    {
      "program": "\n/// Write a python function to find the sum of the product of consecutive binomial co-efficients.\nfunc sum_Of_product(n: Int) -> Int {\n    var sum = 0\n    for i in 1...n {\n        for j in 1...i {\n            sum += binomialCoefficient(n: i, k: j) * binomialCoefficient(n: i, k: j + 1)\n        }\n    }\n    return sum\n}\n\n\nfunc ==(left: [(Int, Int)], right: [(Int, Int)]) -> Bool {\n    if left.count != right.count {\n        return false\n    }\n    for (l, r) in zip(left, right) {\n        if l != r {\n            return false\n        }\n    }\n    return true\n}\n            \nassert(sum_Of_product(n: 3) == 15)\nassert(sum_Of_product(n: 4) == 56)\nassert(sum_Of_product(n: 1) == 1)",
      "timestamp": 1665510309,
      "stdout": "",
      "stderr": "/tmp/tmp261g48ii.swift:7:20: error: cannot find 'binomialCoefficient' in scope\n            sum += binomialCoefficient(n: i, k: j) * binomialCoefficient(n: i, k: j + 1)\n                   ^~~~~~~~~~~~~~~~~~~\n/tmp/tmp261g48ii.swift:7:54: error: cannot find 'binomialCoefficient' in scope\n            sum += binomialCoefficient(n: i, k: j) * binomialCoefficient(n: i, k: j + 1)\n                                                     ^~~~~~~~~~~~~~~~~~~\n",
      "exit_code": 1,
      "status": "SyntaxError"
    },
    {
      "program": "\n/// Write a python function to find the sum of the product of consecutive binomial co-efficients.\nfunc sum_Of_product(n: Int) -> Int {\n    var sum = 0\n    for i in 1...n {\n        for j in 1...n {\n            sum += binomialCoeff(n: i, k: j) * binomialCoeff(n: i, k: j)\n        }\n    }\n    return sum\n}\n\n\nfunc ==(left: [(Int, Int)], right: [(Int, Int)]) -> Bool {\n    if left.count != right.count {\n        return false\n    }\n    for (l, r) in zip(left, right) {\n        if l != r {\n            return false\n        }\n    }\n    return true\n}\n            \nassert(sum_Of_product(n: 3) == 15)\nassert(sum_Of_product(n: 4) == 56)\nassert(sum_Of_product(n: 1) == 1)",
      "timestamp": 1666123441,
      "stdout": "",
      "stderr": "/tmp/tmpeekj16re.swift:7:20: error: cannot find 'binomialCoeff' in scope\n            sum += binomialCoeff(n: i, k: j) * binomialCoeff(n: i, k: j)\n                   ^~~~~~~~~~~~~\n/tmp/tmpeekj16re.swift:7:48: error: cannot find 'binomialCoeff' in scope\n            sum += binomialCoeff(n: i, k: j) * binomialCoeff(n: i, k: j)\n                                               ^~~~~~~~~~~~~\n",
      "exit_code": 1,
      "status": "SyntaxError"
    },
    {
      "program": "\n/// Write a python function to find the sum of the product of consecutive binomial co-efficients.\nfunc sum_Of_product(n: Int) -> Int {\n    var sum = 0\n    for i in 1...n {\n        sum += (nCr(n: n, r: i) * nCr(n: n, r: i + 1))\n    }\n    return sum\n}\n\n\nfunc ==(left: [(Int, Int)], right: [(Int, Int)]) -> Bool {\n    if left.count != right.count {\n        return false\n    }\n    for (l, r) in zip(left, right) {\n        if l != r {\n            return false\n        }\n    }\n    return true\n}\n            \nassert(sum_Of_product(n: 3) == 15)\nassert(sum_Of_product(n: 4) == 56)\nassert(sum_Of_product(n: 1) == 1)",
      "timestamp": 1666123441,
      "stdout": "",
      "stderr": "/tmp/tmpuctqqz1q.swift:6:17: error: cannot find 'nCr' in scope\n        sum += (nCr(n: n, r: i) * nCr(n: n, r: i + 1))\n                ^~~\n/tmp/tmpuctqqz1q.swift:6:35: error: cannot find 'nCr' in scope\n        sum += (nCr(n: n, r: i) * nCr(n: n, r: i + 1))\n                                  ^~~\n",
      "exit_code": 1,
      "status": "SyntaxError"
    },
    {
      "program": "\n/// Write a python function to find the sum of the product of consecutive binomial co-efficients.\nfunc sum_Of_product(n: Int) -> Int {\n    var sum = 0\n    for i in 1...n {\n        for j in 1...i {\n            sum += binomialCoefficient(n: i, k: j) * binomialCoefficient(n: i, k: j)\n        }\n    }\n    return sum\n}\n\n\nfunc ==(left: [(Int, Int)], right: [(Int, Int)]) -> Bool {\n    if left.count != right.count {\n        return false\n    }\n    for (l, r) in zip(left, right) {\n        if l != r {\n            return false\n        }\n    }\n    return true\n}\n            \nassert(sum_Of_product(n: 3) == 15)\nassert(sum_Of_product(n: 4) == 56)\nassert(sum_Of_product(n: 1) == 1)",
      "timestamp": 1665510309,
      "stdout": "",
      "stderr": "/tmp/tmp246gmb52.swift:7:20: error: cannot find 'binomialCoefficient' in scope\n            sum += binomialCoefficient(n: i, k: j) * binomialCoefficient(n: i, k: j)\n                   ^~~~~~~~~~~~~~~~~~~\n/tmp/tmp246gmb52.swift:7:54: error: cannot find 'binomialCoefficient' in scope\n            sum += binomialCoefficient(n: i, k: j) * binomialCoefficient(n: i, k: j)\n                                                     ^~~~~~~~~~~~~~~~~~~\n",
      "exit_code": 1,
      "status": "SyntaxError"
    },
    {
      "program": "\n/// Write a python function to find the sum of the product of consecutive binomial co-efficients.\nfunc sum_Of_product(n: Int) -> Int {\n    var sum = 0\n    for i in 0...n {\n        sum += binomialCoefficient(n: n, k: i) * binomialCoefficient(n: n, k: i + 1)\n    }\n    return sum\n}\n\n\nfunc ==(left: [(Int, Int)], right: [(Int, Int)]) -> Bool {\n    if left.count != right.count {\n        return false\n    }\n    for (l, r) in zip(left, right) {\n        if l != r {\n            return false\n        }\n    }\n    return true\n}\n            \nassert(sum_Of_product(n: 3) == 15)\nassert(sum_Of_product(n: 4) == 56)\nassert(sum_Of_product(n: 1) == 1)",
      "timestamp": 1666123441,
      "stdout": "",
      "stderr": "/tmp/tmp6lc4fv7d.swift:6:16: error: cannot find 'binomialCoefficient' in scope\n        sum += binomialCoefficient(n: n, k: i) * binomialCoefficient(n: n, k: i + 1)\n               ^~~~~~~~~~~~~~~~~~~\n/tmp/tmp6lc4fv7d.swift:6:50: error: cannot find 'binomialCoefficient' in scope\n        sum += binomialCoefficient(n: n, k: i) * binomialCoefficient(n: n, k: i + 1)\n                                                 ^~~~~~~~~~~~~~~~~~~\n",
      "exit_code": 1,
      "status": "SyntaxError"
    },
    {
      "program": "\n/// Write a python function to find the sum of the product of consecutive binomial co-efficients.\nfunc sum_Of_product(n: Int) -> Int {\n    var sum = 0\n    for i in 0...n {\n        for j in 0...i {\n            sum += binomialCoefficient(n: i, k: j) * binomialCoefficient(n: i, k: j + 1)\n        }\n    }\n    return sum\n}\n\n\nfunc ==(left: [(Int, Int)], right: [(Int, Int)]) -> Bool {\n    if left.count != right.count {\n        return false\n    }\n    for (l, r) in zip(left, right) {\n        if l != r {\n            return false\n        }\n    }\n    return true\n}\n            \nassert(sum_Of_product(n: 3) == 15)\nassert(sum_Of_product(n: 4) == 56)\nassert(sum_Of_product(n: 1) == 1)",
      "timestamp": 1666123441,
      "stdout": "",
      "stderr": "/tmp/tmpbhljknmx.swift:7:20: error: cannot find 'binomialCoefficient' in scope\n            sum += binomialCoefficient(n: i, k: j) * binomialCoefficient(n: i, k: j + 1)\n                   ^~~~~~~~~~~~~~~~~~~\n/tmp/tmpbhljknmx.swift:7:54: error: cannot find 'binomialCoefficient' in scope\n            sum += binomialCoefficient(n: i, k: j) * binomialCoefficient(n: i, k: j + 1)\n                                                     ^~~~~~~~~~~~~~~~~~~\n",
      "exit_code": 1,
      "status": "SyntaxError"
    },
    {
      "program": "\n/// Write a python function to find the sum of the product of consecutive binomial co-efficients.\nfunc sum_Of_product(n: Int) -> Int {\n    var sum = 0\n    for i in 0...n {\n        sum += product(n: i)\n    }\n    return sum\n}\n\n\nfunc ==(left: [(Int, Int)], right: [(Int, Int)]) -> Bool {\n    if left.count != right.count {\n        return false\n    }\n    for (l, r) in zip(left, right) {\n        if l != r {\n            return false\n        }\n    }\n    return true\n}\n            \nassert(sum_Of_product(n: 3) == 15)\nassert(sum_Of_product(n: 4) == 56)\nassert(sum_Of_product(n: 1) == 1)",
      "timestamp": 1666123441,
      "stdout": "",
      "stderr": "/tmp/tmpcs3ngsvf.swift:6:16: error: cannot find 'product' in scope\n        sum += product(n: i)\n               ^~~~~~~\n",
      "exit_code": 1,
      "status": "SyntaxError"
    },
    {
      "program": "\n/// Write a python function to find the sum of the product of consecutive binomial co-efficients.\nfunc sum_Of_product(n: Int) -> Int {\n    var sum = 0\n    for i in 0...n {\n        for j in 0...i {\n            sum += binomial_coeff(n: i, k: j) * binomial_coeff(n: i, k: j)\n        }\n    }\n    return sum\n}\n\n\nfunc ==(left: [(Int, Int)], right: [(Int, Int)]) -> Bool {\n    if left.count != right.count {\n        return false\n    }\n    for (l, r) in zip(left, right) {\n        if l != r {\n            return false\n        }\n    }\n    return true\n}\n            \nassert(sum_Of_product(n: 3) == 15)\nassert(sum_Of_product(n: 4) == 56)\nassert(sum_Of_product(n: 1) == 1)",
      "timestamp": 1666123441,
      "stdout": "",
      "stderr": "/tmp/tmpashnsgq9.swift:7:20: error: cannot find 'binomial_coeff' in scope\n            sum += binomial_coeff(n: i, k: j) * binomial_coeff(n: i, k: j)\n                   ^~~~~~~~~~~~~~\n/tmp/tmpashnsgq9.swift:7:49: error: cannot find 'binomial_coeff' in scope\n            sum += binomial_coeff(n: i, k: j) * binomial_coeff(n: i, k: j)\n                                                ^~~~~~~~~~~~~~\n",
      "exit_code": 1,
      "status": "SyntaxError"
    },
    {
      "program": "\n/// Write a python function to find the sum of the product of consecutive binomial co-efficients.\nfunc sum_Of_product(n: Int) -> Int {\n    var sum = 0\n    for i in 1...n {\n        sum += product(n: i)\n    }\n    return sum\n}\n\n\nfunc ==(left: [(Int, Int)], right: [(Int, Int)]) -> Bool {\n    if left.count != right.count {\n        return false\n    }\n    for (l, r) in zip(left, right) {\n        if l != r {\n            return false\n        }\n    }\n    return true\n}\n            \nassert(sum_Of_product(n: 3) == 15)\nassert(sum_Of_product(n: 4) == 56)\nassert(sum_Of_product(n: 1) == 1)",
      "timestamp": 1665510309,
      "stdout": "",
      "stderr": "/tmp/tmpy8q3jyeb.swift:6:16: error: cannot find 'product' in scope\n        sum += product(n: i)\n               ^~~~~~~\n",
      "exit_code": 1,
      "status": "SyntaxError"
    },
    {
      "program": "\n/// Write a python function to find the sum of the product of consecutive binomial co-efficients.\nfunc sum_Of_product(n: Int) -> Int {\n    var sum = 0\n    for i in 1...n {\n        for j in 1...i {\n            sum += binomial_coefficient(n: i, k: j) * binomial_coefficient(n: i, k: j)\n        }\n    }\n    return sum\n}\n\n\nfunc ==(left: [(Int, Int)], right: [(Int, Int)]) -> Bool {\n    if left.count != right.count {\n        return false\n    }\n    for (l, r) in zip(left, right) {\n        if l != r {\n            return false\n        }\n    }\n    return true\n}\n            \nassert(sum_Of_product(n: 3) == 15)\nassert(sum_Of_product(n: 4) == 56)\nassert(sum_Of_product(n: 1) == 1)",
      "timestamp": 1665510309,
      "stdout": "",
      "stderr": "/tmp/tmpe61i2kfr.swift:7:20: error: cannot find 'binomial_coefficient' in scope\n            sum += binomial_coefficient(n: i, k: j) * binomial_coefficient(n: i, k: j)\n                   ^~~~~~~~~~~~~~~~~~~~\n/tmp/tmpe61i2kfr.swift:7:55: error: cannot find 'binomial_coefficient' in scope\n            sum += binomial_coefficient(n: i, k: j) * binomial_coefficient(n: i, k: j)\n                                                      ^~~~~~~~~~~~~~~~~~~~\n",
      "exit_code": 1,
      "status": "SyntaxError"
    },
    {
      "program": "\n/// Write a python function to find the sum of the product of consecutive binomial co-efficients.\nfunc sum_Of_product(n: Int) -> Int {\n    var sum = 0\n    for i in 0..<n {\n        sum += product(n: i)\n    }\n    return sum\n}\n\n\nfunc ==(left: [(Int, Int)], right: [(Int, Int)]) -> Bool {\n    if left.count != right.count {\n        return false\n    }\n    for (l, r) in zip(left, right) {\n        if l != r {\n            return false\n        }\n    }\n    return true\n}\n            \nassert(sum_Of_product(n: 3) == 15)\nassert(sum_Of_product(n: 4) == 56)\nassert(sum_Of_product(n: 1) == 1)",
      "timestamp": 1666123441,
      "stdout": "",
      "stderr": "/tmp/tmpw_8e7d_j.swift:6:16: error: cannot find 'product' in scope\n        sum += product(n: i)\n               ^~~~~~~\n",
      "exit_code": 1,
      "status": "SyntaxError"
    },
    {
      "program": "\n/// Write a python function to find the sum of the product of consecutive binomial co-efficients.\nfunc sum_Of_product(n: Int) -> Int {\n    var sum = 0\n    for i in 1...n {\n        for j in 1...i {\n            sum += binomial_coefficient(n: i, k: j) * binomial_coefficient(n: i, k: j)\n        }\n    }\n    return sum\n}\n\n\nfunc ==(left: [(Int, Int)], right: [(Int, Int)]) -> Bool {\n    if left.count != right.count {\n        return false\n    }\n    for (l, r) in zip(left, right) {\n        if l != r {\n            return false\n        }\n    }\n    return true\n}\n            \nassert(sum_Of_product(n: 3) == 15)\nassert(sum_Of_product(n: 4) == 56)\nassert(sum_Of_product(n: 1) == 1)",
      "timestamp": 1665510309,
      "stdout": "",
      "stderr": "/tmp/tmpe61i2kfr.swift:7:20: error: cannot find 'binomial_coefficient' in scope\n            sum += binomial_coefficient(n: i, k: j) * binomial_coefficient(n: i, k: j)\n                   ^~~~~~~~~~~~~~~~~~~~\n/tmp/tmpe61i2kfr.swift:7:55: error: cannot find 'binomial_coefficient' in scope\n            sum += binomial_coefficient(n: i, k: j) * binomial_coefficient(n: i, k: j)\n                                                      ^~~~~~~~~~~~~~~~~~~~\n",
      "exit_code": 1,
      "status": "SyntaxError"
    },
    {
      "program": "\n/// Write a python function to find the sum of the product of consecutive binomial co-efficients.\nfunc sum_Of_product(n: Int) -> Int {\n    var sum = 0\n    for i in 1...n {\n        for j in 1...i {\n            sum += binomialCoefficient(n: i, k: j) * binomialCoefficient(n: i, k: j)\n        }\n    }\n    return sum\n}\n\n\nfunc ==(left: [(Int, Int)], right: [(Int, Int)]) -> Bool {\n    if left.count != right.count {\n        return false\n    }\n    for (l, r) in zip(left, right) {\n        if l != r {\n            return false\n        }\n    }\n    return true\n}\n            \nassert(sum_Of_product(n: 3) == 15)\nassert(sum_Of_product(n: 4) == 56)\nassert(sum_Of_product(n: 1) == 1)",
      "timestamp": 1665510309,
      "stdout": "",
      "stderr": "/tmp/tmp246gmb52.swift:7:20: error: cannot find 'binomialCoefficient' in scope\n            sum += binomialCoefficient(n: i, k: j) * binomialCoefficient(n: i, k: j)\n                   ^~~~~~~~~~~~~~~~~~~\n/tmp/tmp246gmb52.swift:7:54: error: cannot find 'binomialCoefficient' in scope\n            sum += binomialCoefficient(n: i, k: j) * binomialCoefficient(n: i, k: j)\n                                                     ^~~~~~~~~~~~~~~~~~~\n",
      "exit_code": 1,
      "status": "SyntaxError"
    },
    {
      "program": "\n/// Write a python function to find the sum of the product of consecutive binomial co-efficients.\nfunc sum_Of_product(n: Int) -> Int {\n    var sum = 0\n    for i in 1...n {\n        sum += product(n: i)\n    }\n    return sum\n}\n\n\nfunc ==(left: [(Int, Int)], right: [(Int, Int)]) -> Bool {\n    if left.count != right.count {\n        return false\n    }\n    for (l, r) in zip(left, right) {\n        if l != r {\n            return false\n        }\n    }\n    return true\n}\n            \nassert(sum_Of_product(n: 3) == 15)\nassert(sum_Of_product(n: 4) == 56)\nassert(sum_Of_product(n: 1) == 1)",
      "timestamp": 1665510309,
      "stdout": "",
      "stderr": "/tmp/tmpy8q3jyeb.swift:6:16: error: cannot find 'product' in scope\n        sum += product(n: i)\n               ^~~~~~~\n",
      "exit_code": 1,
      "status": "SyntaxError"
    },
    {
      "program": "\n/// Write a python function to find the sum of the product of consecutive binomial co-efficients.\nfunc sum_Of_product(n: Int) -> Int {\n    var sum = 0\n    for i in 1...n {\n        sum += product(n: i)\n    }\n    return sum\n}\n\n\nfunc ==(left: [(Int, Int)], right: [(Int, Int)]) -> Bool {\n    if left.count != right.count {\n        return false\n    }\n    for (l, r) in zip(left, right) {\n        if l != r {\n            return false\n        }\n    }\n    return true\n}\n            \nassert(sum_Of_product(n: 3) == 15)\nassert(sum_Of_product(n: 4) == 56)\nassert(sum_Of_product(n: 1) == 1)",
      "timestamp": 1665510309,
      "stdout": "",
      "stderr": "/tmp/tmpy8q3jyeb.swift:6:16: error: cannot find 'product' in scope\n        sum += product(n: i)\n               ^~~~~~~\n",
      "exit_code": 1,
      "status": "SyntaxError"
    },
    {
      "program": "\n/// Write a python function to find the sum of the product of consecutive binomial co-efficients.\nfunc sum_Of_product(n: Int) -> Int {\n    var sum = 0\n    for i in 0...n {\n        for j in 0...i {\n            sum += binomialCoefficient(n: i, k: j) * binomialCoefficient(n: i, k: j)\n        }\n    }\n    return sum\n}\n\n\nfunc ==(left: [(Int, Int)], right: [(Int, Int)]) -> Bool {\n    if left.count != right.count {\n        return false\n    }\n    for (l, r) in zip(left, right) {\n        if l != r {\n            return false\n        }\n    }\n    return true\n}\n            \nassert(sum_Of_product(n: 3) == 15)\nassert(sum_Of_product(n: 4) == 56)\nassert(sum_Of_product(n: 1) == 1)",
      "timestamp": 1665510309,
      "stdout": "",
      "stderr": "/tmp/tmp_qh14rvd.swift:7:20: error: cannot find 'binomialCoefficient' in scope\n            sum += binomialCoefficient(n: i, k: j) * binomialCoefficient(n: i, k: j)\n                   ^~~~~~~~~~~~~~~~~~~\n/tmp/tmp_qh14rvd.swift:7:54: error: cannot find 'binomialCoefficient' in scope\n            sum += binomialCoefficient(n: i, k: j) * binomialCoefficient(n: i, k: j)\n                                                     ^~~~~~~~~~~~~~~~~~~\n",
      "exit_code": 1,
      "status": "SyntaxError"
    },
    {
      "program": "\n/// Write a python function to find the sum of the product of consecutive binomial co-efficients.\nfunc sum_Of_product(n: Int) -> Int {\n    var sum = 0\n    for i in 1...n {\n        for j in 1...i {\n            sum += binomialCoefficient(n: i, k: j) * binomialCoefficient(n: i, k: j)\n        }\n    }\n    return sum\n}\n\n\nfunc ==(left: [(Int, Int)], right: [(Int, Int)]) -> Bool {\n    if left.count != right.count {\n        return false\n    }\n    for (l, r) in zip(left, right) {\n        if l != r {\n            return false\n        }\n    }\n    return true\n}\n            \nassert(sum_Of_product(n: 3) == 15)\nassert(sum_Of_product(n: 4) == 56)\nassert(sum_Of_product(n: 1) == 1)",
      "timestamp": 1665510309,
      "stdout": "",
      "stderr": "/tmp/tmp246gmb52.swift:7:20: error: cannot find 'binomialCoefficient' in scope\n            sum += binomialCoefficient(n: i, k: j) * binomialCoefficient(n: i, k: j)\n                   ^~~~~~~~~~~~~~~~~~~\n/tmp/tmp246gmb52.swift:7:54: error: cannot find 'binomialCoefficient' in scope\n            sum += binomialCoefficient(n: i, k: j) * binomialCoefficient(n: i, k: j)\n                                                     ^~~~~~~~~~~~~~~~~~~\n",
      "exit_code": 1,
      "status": "SyntaxError"
    },
    {
      "program": "\n/// Write a python function to find the sum of the product of consecutive binomial co-efficients.\nfunc sum_Of_product(n: Int) -> Int {\n    var sum = 0\n    for i in 0...n {\n        for j in 0...i {\n            sum += binomial_coefficient(n: i, k: j) * binomial_coefficient(n: i, k: j)\n        }\n    }\n    return sum\n}\n\n\nfunc ==(left: [(Int, Int)], right: [(Int, Int)]) -> Bool {\n    if left.count != right.count {\n        return false\n    }\n    for (l, r) in zip(left, right) {\n        if l != r {\n            return false\n        }\n    }\n    return true\n}\n            \nassert(sum_Of_product(n: 3) == 15)\nassert(sum_Of_product(n: 4) == 56)\nassert(sum_Of_product(n: 1) == 1)",
      "timestamp": 1666123441,
      "stdout": "",
      "stderr": "/tmp/tmpn7fsi97h.swift:7:20: error: cannot find 'binomial_coefficient' in scope\n            sum += binomial_coefficient(n: i, k: j) * binomial_coefficient(n: i, k: j)\n                   ^~~~~~~~~~~~~~~~~~~~\n/tmp/tmpn7fsi97h.swift:7:55: error: cannot find 'binomial_coefficient' in scope\n            sum += binomial_coefficient(n: i, k: j) * binomial_coefficient(n: i, k: j)\n                                                      ^~~~~~~~~~~~~~~~~~~~\n",
      "exit_code": 1,
      "status": "SyntaxError"
    },
    {
      "program": "\n/// Write a python function to find the sum of the product of consecutive binomial co-efficients.\nfunc sum_Of_product(n: Int) -> Int {\n    var sum = 0\n    for i in 1...n {\n        for j in 1...i {\n            sum += binomialCoefficient(n: i, k: j) * binomialCoefficient(n: i, k: j + 1)\n        }\n    }\n    return sum\n}\n\n\nfunc ==(left: [(Int, Int)], right: [(Int, Int)]) -> Bool {\n    if left.count != right.count {\n        return false\n    }\n    for (l, r) in zip(left, right) {\n        if l != r {\n            return false\n        }\n    }\n    return true\n}\n            \nassert(sum_Of_product(n: 3) == 15)\nassert(sum_Of_product(n: 4) == 56)\nassert(sum_Of_product(n: 1) == 1)",
      "timestamp": 1665510309,
      "stdout": "",
      "stderr": "/tmp/tmp261g48ii.swift:7:20: error: cannot find 'binomialCoefficient' in scope\n            sum += binomialCoefficient(n: i, k: j) * binomialCoefficient(n: i, k: j + 1)\n                   ^~~~~~~~~~~~~~~~~~~\n/tmp/tmp261g48ii.swift:7:54: error: cannot find 'binomialCoefficient' in scope\n            sum += binomialCoefficient(n: i, k: j) * binomialCoefficient(n: i, k: j + 1)\n                                                     ^~~~~~~~~~~~~~~~~~~\n",
      "exit_code": 1,
      "status": "SyntaxError"
    },
    {
      "program": "\n/// Write a python function to find the sum of the product of consecutive binomial co-efficients.\nfunc sum_Of_product(n: Int) -> Int {\n    var sum = 0\n    for i in 1...n {\n        for j in 1...i {\n            sum += binomial_coefficient(n: i, k: j) * binomial_coefficient(n: i, k: j)\n        }\n    }\n    return sum\n}\n\n\nfunc ==(left: [(Int, Int)], right: [(Int, Int)]) -> Bool {\n    if left.count != right.count {\n        return false\n    }\n    for (l, r) in zip(left, right) {\n        if l != r {\n            return false\n        }\n    }\n    return true\n}\n            \nassert(sum_Of_product(n: 3) == 15)\nassert(sum_Of_product(n: 4) == 56)\nassert(sum_Of_product(n: 1) == 1)",
      "timestamp": 1665510309,
      "stdout": "",
      "stderr": "/tmp/tmpe61i2kfr.swift:7:20: error: cannot find 'binomial_coefficient' in scope\n            sum += binomial_coefficient(n: i, k: j) * binomial_coefficient(n: i, k: j)\n                   ^~~~~~~~~~~~~~~~~~~~\n/tmp/tmpe61i2kfr.swift:7:55: error: cannot find 'binomial_coefficient' in scope\n            sum += binomial_coefficient(n: i, k: j) * binomial_coefficient(n: i, k: j)\n                                                      ^~~~~~~~~~~~~~~~~~~~\n",
      "exit_code": 1,
      "status": "SyntaxError"
    },
    {
      "program": "\n/// Write a python function to find the sum of the product of consecutive binomial co-efficients.\nfunc sum_Of_product(n: Int) -> Int {\n    var sum = 0\n    for i in 1...n {\n        sum += product(n: i)\n    }\n    return sum\n}\n\n\nfunc ==(left: [(Int, Int)], right: [(Int, Int)]) -> Bool {\n    if left.count != right.count {\n        return false\n    }\n    for (l, r) in zip(left, right) {\n        if l != r {\n            return false\n        }\n    }\n    return true\n}\n            \nassert(sum_Of_product(n: 3) == 15)\nassert(sum_Of_product(n: 4) == 56)\nassert(sum_Of_product(n: 1) == 1)",
      "timestamp": 1665510309,
      "stdout": "",
      "stderr": "/tmp/tmpy8q3jyeb.swift:6:16: error: cannot find 'product' in scope\n        sum += product(n: i)\n               ^~~~~~~\n",
      "exit_code": 1,
      "status": "SyntaxError"
    },
    {
      "program": "\n/// Write a python function to find the sum of the product of consecutive binomial co-efficients.\nfunc sum_Of_product(n: Int) -> Int {\n    var sum = 0\n    for i in 1...n {\n        sum += product(n: i)\n    }\n    return sum\n}\n\n\nfunc ==(left: [(Int, Int)], right: [(Int, Int)]) -> Bool {\n    if left.count != right.count {\n        return false\n    }\n    for (l, r) in zip(left, right) {\n        if l != r {\n            return false\n        }\n    }\n    return true\n}\n            \nassert(sum_Of_product(n: 3) == 15)\nassert(sum_Of_product(n: 4) == 56)\nassert(sum_Of_product(n: 1) == 1)",
      "timestamp": 1665510309,
      "stdout": "",
      "stderr": "/tmp/tmpy8q3jyeb.swift:6:16: error: cannot find 'product' in scope\n        sum += product(n: i)\n               ^~~~~~~\n",
      "exit_code": 1,
      "status": "SyntaxError"
    },
    {
      "program": "\n/// Write a python function to find the sum of the product of consecutive binomial co-efficients.\nfunc sum_Of_product(n: Int) -> Int {\n    var sum = 0\n    for i in 1...n {\n        sum += product_of_binomial_coefficients(n: n, k: i)\n    }\n    return sum\n}\n\n\nfunc ==(left: [(Int, Int)], right: [(Int, Int)]) -> Bool {\n    if left.count != right.count {\n        return false\n    }\n    for (l, r) in zip(left, right) {\n        if l != r {\n            return false\n        }\n    }\n    return true\n}\n            \nassert(sum_Of_product(n: 3) == 15)\nassert(sum_Of_product(n: 4) == 56)\nassert(sum_Of_product(n: 1) == 1)",
      "timestamp": 1665510309,
      "stdout": "",
      "stderr": "/tmp/tmpg90w0lrh.swift:6:16: error: cannot find 'product_of_binomial_coefficients' in scope\n        sum += product_of_binomial_coefficients(n: n, k: i)\n               ^~~~~~~~~~~~~~~~~~~~~~~~~~~~~~~~\n",
      "exit_code": 1,
      "status": "SyntaxError"
    },
    {
      "program": "\n/// Write a python function to find the sum of the product of consecutive binomial co-efficients.\nfunc sum_Of_product(n: Int) -> Int {\n    var sum = 0\n    for i in 1...n {\n        for j in 1...i {\n            sum += binomialCoefficient(n: i, k: j) * binomialCoefficient(n: i, k: j)\n        }\n    }\n    return sum\n}\n\n\nfunc ==(left: [(Int, Int)], right: [(Int, Int)]) -> Bool {\n    if left.count != right.count {\n        return false\n    }\n    for (l, r) in zip(left, right) {\n        if l != r {\n            return false\n        }\n    }\n    return true\n}\n            \nassert(sum_Of_product(n: 3) == 15)\nassert(sum_Of_product(n: 4) == 56)\nassert(sum_Of_product(n: 1) == 1)",
      "timestamp": 1665510309,
      "stdout": "",
      "stderr": "/tmp/tmp246gmb52.swift:7:20: error: cannot find 'binomialCoefficient' in scope\n            sum += binomialCoefficient(n: i, k: j) * binomialCoefficient(n: i, k: j)\n                   ^~~~~~~~~~~~~~~~~~~\n/tmp/tmp246gmb52.swift:7:54: error: cannot find 'binomialCoefficient' in scope\n            sum += binomialCoefficient(n: i, k: j) * binomialCoefficient(n: i, k: j)\n                                                     ^~~~~~~~~~~~~~~~~~~\n",
      "exit_code": 1,
      "status": "SyntaxError"
    },
    {
      "program": "\n/// Write a python function to find the sum of the product of consecutive binomial co-efficients.\nfunc sum_Of_product(n: Int) -> Int {\n    var sum = 0\n    for i in 1...n {\n        sum += product(n: i)\n    }\n    return sum\n}\n\n\nfunc ==(left: [(Int, Int)], right: [(Int, Int)]) -> Bool {\n    if left.count != right.count {\n        return false\n    }\n    for (l, r) in zip(left, right) {\n        if l != r {\n            return false\n        }\n    }\n    return true\n}\n            \nassert(sum_Of_product(n: 3) == 15)\nassert(sum_Of_product(n: 4) == 56)\nassert(sum_Of_product(n: 1) == 1)",
      "timestamp": 1665510309,
      "stdout": "",
      "stderr": "/tmp/tmpy8q3jyeb.swift:6:16: error: cannot find 'product' in scope\n        sum += product(n: i)\n               ^~~~~~~\n",
      "exit_code": 1,
      "status": "SyntaxError"
    },
    {
      "program": "\n/// Write a python function to find the sum of the product of consecutive binomial co-efficients.\nfunc sum_Of_product(n: Int) -> Int {\n    var sum = 0\n    for i in 1...n {\n        sum += product(n: i)\n    }\n    return sum\n}\n\n\nfunc ==(left: [(Int, Int)], right: [(Int, Int)]) -> Bool {\n    if left.count != right.count {\n        return false\n    }\n    for (l, r) in zip(left, right) {\n        if l != r {\n            return false\n        }\n    }\n    return true\n}\n            \nassert(sum_Of_product(n: 3) == 15)\nassert(sum_Of_product(n: 4) == 56)\nassert(sum_Of_product(n: 1) == 1)",
      "timestamp": 1665510309,
      "stdout": "",
      "stderr": "/tmp/tmpy8q3jyeb.swift:6:16: error: cannot find 'product' in scope\n        sum += product(n: i)\n               ^~~~~~~\n",
      "exit_code": 1,
      "status": "SyntaxError"
    },
    {
      "program": "\n/// Write a python function to find the sum of the product of consecutive binomial co-efficients.\nfunc sum_Of_product(n: Int) -> Int {\n    var sum = 0\n    for i in 0...n {\n        for j in 0...i {\n            sum += binomialCoefficient(n: i, k: j) * binomialCoefficient(n: i, k: j)\n        }\n    }\n    return sum\n}\n\n\nfunc ==(left: [(Int, Int)], right: [(Int, Int)]) -> Bool {\n    if left.count != right.count {\n        return false\n    }\n    for (l, r) in zip(left, right) {\n        if l != r {\n            return false\n        }\n    }\n    return true\n}\n            \nassert(sum_Of_product(n: 3) == 15)\nassert(sum_Of_product(n: 4) == 56)\nassert(sum_Of_product(n: 1) == 1)",
      "timestamp": 1665510309,
      "stdout": "",
      "stderr": "/tmp/tmp_qh14rvd.swift:7:20: error: cannot find 'binomialCoefficient' in scope\n            sum += binomialCoefficient(n: i, k: j) * binomialCoefficient(n: i, k: j)\n                   ^~~~~~~~~~~~~~~~~~~\n/tmp/tmp_qh14rvd.swift:7:54: error: cannot find 'binomialCoefficient' in scope\n            sum += binomialCoefficient(n: i, k: j) * binomialCoefficient(n: i, k: j)\n                                                     ^~~~~~~~~~~~~~~~~~~\n",
      "exit_code": 1,
      "status": "SyntaxError"
    },
    {
      "program": "\n/// Write a python function to find the sum of the product of consecutive binomial co-efficients.\nfunc sum_Of_product(n: Int) -> Int {\n    var sum = 0\n    for i in 1...n {\n        for j in 1...i {\n            sum += binomialCoefficient(n: i, k: j) * binomialCoefficient(n: i, k: j)\n        }\n    }\n    return sum\n}\n\n\nfunc ==(left: [(Int, Int)], right: [(Int, Int)]) -> Bool {\n    if left.count != right.count {\n        return false\n    }\n    for (l, r) in zip(left, right) {\n        if l != r {\n            return false\n        }\n    }\n    return true\n}\n            \nassert(sum_Of_product(n: 3) == 15)\nassert(sum_Of_product(n: 4) == 56)\nassert(sum_Of_product(n: 1) == 1)",
      "timestamp": 1665510309,
      "stdout": "",
      "stderr": "/tmp/tmp246gmb52.swift:7:20: error: cannot find 'binomialCoefficient' in scope\n            sum += binomialCoefficient(n: i, k: j) * binomialCoefficient(n: i, k: j)\n                   ^~~~~~~~~~~~~~~~~~~\n/tmp/tmp246gmb52.swift:7:54: error: cannot find 'binomialCoefficient' in scope\n            sum += binomialCoefficient(n: i, k: j) * binomialCoefficient(n: i, k: j)\n                                                     ^~~~~~~~~~~~~~~~~~~\n",
      "exit_code": 1,
      "status": "SyntaxError"
    },
    {
      "program": "\n/// Write a python function to find the sum of the product of consecutive binomial co-efficients.\nfunc sum_Of_product(n: Int) -> Int {\n    var sum = 0\n    for i in 1...n {\n        for j in 1...i {\n            sum += binomial_coefficient(n: i, k: j) * binomial_coefficient(n: i, k: j)\n        }\n    }\n    return sum\n}\n\n\nfunc ==(left: [(Int, Int)], right: [(Int, Int)]) -> Bool {\n    if left.count != right.count {\n        return false\n    }\n    for (l, r) in zip(left, right) {\n        if l != r {\n            return false\n        }\n    }\n    return true\n}\n            \nassert(sum_Of_product(n: 3) == 15)\nassert(sum_Of_product(n: 4) == 56)\nassert(sum_Of_product(n: 1) == 1)",
      "timestamp": 1665510309,
      "stdout": "",
      "stderr": "/tmp/tmpe61i2kfr.swift:7:20: error: cannot find 'binomial_coefficient' in scope\n            sum += binomial_coefficient(n: i, k: j) * binomial_coefficient(n: i, k: j)\n                   ^~~~~~~~~~~~~~~~~~~~\n/tmp/tmpe61i2kfr.swift:7:55: error: cannot find 'binomial_coefficient' in scope\n            sum += binomial_coefficient(n: i, k: j) * binomial_coefficient(n: i, k: j)\n                                                      ^~~~~~~~~~~~~~~~~~~~\n",
      "exit_code": 1,
      "status": "SyntaxError"
    },
    {
      "program": "\n/// Write a python function to find the sum of the product of consecutive binomial co-efficients.\nfunc sum_Of_product(n: Int) -> Int {\n    var sum = 0\n    for i in 0...n {\n        sum += product(n: i)\n    }\n    return sum\n}\n\n\nfunc ==(left: [(Int, Int)], right: [(Int, Int)]) -> Bool {\n    if left.count != right.count {\n        return false\n    }\n    for (l, r) in zip(left, right) {\n        if l != r {\n            return false\n        }\n    }\n    return true\n}\n            \nassert(sum_Of_product(n: 3) == 15)\nassert(sum_Of_product(n: 4) == 56)\nassert(sum_Of_product(n: 1) == 1)",
      "timestamp": 1666123441,
      "stdout": "",
      "stderr": "/tmp/tmpcs3ngsvf.swift:6:16: error: cannot find 'product' in scope\n        sum += product(n: i)\n               ^~~~~~~\n",
      "exit_code": 1,
      "status": "SyntaxError"
    },
    {
      "program": "\n/// Write a python function to find the sum of the product of consecutive binomial co-efficients.\nfunc sum_Of_product(n: Int) -> Int {\n    var sum = 0\n    for i in 1...n {\n        sum += product(n: i)\n    }\n    return sum\n}\n\n\nfunc ==(left: [(Int, Int)], right: [(Int, Int)]) -> Bool {\n    if left.count != right.count {\n        return false\n    }\n    for (l, r) in zip(left, right) {\n        if l != r {\n            return false\n        }\n    }\n    return true\n}\n            \nassert(sum_Of_product(n: 3) == 15)\nassert(sum_Of_product(n: 4) == 56)\nassert(sum_Of_product(n: 1) == 1)",
      "timestamp": 1665510309,
      "stdout": "",
      "stderr": "/tmp/tmpy8q3jyeb.swift:6:16: error: cannot find 'product' in scope\n        sum += product(n: i)\n               ^~~~~~~\n",
      "exit_code": 1,
      "status": "SyntaxError"
    },
    {
      "program": "\n/// Write a python function to find the sum of the product of consecutive binomial co-efficients.\nfunc sum_Of_product(n: Int) -> Int {\n    var sum = 0\n    for i in 1...n {\n        sum += product_of_binomial_coefficients(n: n, k: i)\n    }\n    return sum\n}\n\n\nfunc ==(left: [(Int, Int)], right: [(Int, Int)]) -> Bool {\n    if left.count != right.count {\n        return false\n    }\n    for (l, r) in zip(left, right) {\n        if l != r {\n            return false\n        }\n    }\n    return true\n}\n            \nassert(sum_Of_product(n: 3) == 15)\nassert(sum_Of_product(n: 4) == 56)\nassert(sum_Of_product(n: 1) == 1)",
      "timestamp": 1665510309,
      "stdout": "",
      "stderr": "/tmp/tmpg90w0lrh.swift:6:16: error: cannot find 'product_of_binomial_coefficients' in scope\n        sum += product_of_binomial_coefficients(n: n, k: i)\n               ^~~~~~~~~~~~~~~~~~~~~~~~~~~~~~~~\n",
      "exit_code": 1,
      "status": "SyntaxError"
    },
    {
      "program": "\n/// Write a python function to find the sum of the product of consecutive binomial co-efficients.\nfunc sum_Of_product(n: Int) -> Int {\n    var sum = 0\n    for i in 1...n {\n        sum += product(n: i)\n    }\n    return sum\n}\n\n\nfunc ==(left: [(Int, Int)], right: [(Int, Int)]) -> Bool {\n    if left.count != right.count {\n        return false\n    }\n    for (l, r) in zip(left, right) {\n        if l != r {\n            return false\n        }\n    }\n    return true\n}\n            \nassert(sum_Of_product(n: 3) == 15)\nassert(sum_Of_product(n: 4) == 56)\nassert(sum_Of_product(n: 1) == 1)",
      "timestamp": 1665510309,
      "stdout": "",
      "stderr": "/tmp/tmpy8q3jyeb.swift:6:16: error: cannot find 'product' in scope\n        sum += product(n: i)\n               ^~~~~~~\n",
      "exit_code": 1,
      "status": "SyntaxError"
    },
    {
      "program": "\n/// Write a python function to find the sum of the product of consecutive binomial co-efficients.\nfunc sum_Of_product(n: Int) -> Int {\n    var sum = 0\n    for i in 1...n {\n        for j in 1...i {\n            sum += binomialCoefficient(n: i, k: j) * binomialCoefficient(n: i, k: j + 1)\n        }\n    }\n    return sum\n}\n\n\nfunc ==(left: [(Int, Int)], right: [(Int, Int)]) -> Bool {\n    if left.count != right.count {\n        return false\n    }\n    for (l, r) in zip(left, right) {\n        if l != r {\n            return false\n        }\n    }\n    return true\n}\n            \nassert(sum_Of_product(n: 3) == 15)\nassert(sum_Of_product(n: 4) == 56)\nassert(sum_Of_product(n: 1) == 1)",
      "timestamp": 1665510309,
      "stdout": "",
      "stderr": "/tmp/tmp261g48ii.swift:7:20: error: cannot find 'binomialCoefficient' in scope\n            sum += binomialCoefficient(n: i, k: j) * binomialCoefficient(n: i, k: j + 1)\n                   ^~~~~~~~~~~~~~~~~~~\n/tmp/tmp261g48ii.swift:7:54: error: cannot find 'binomialCoefficient' in scope\n            sum += binomialCoefficient(n: i, k: j) * binomialCoefficient(n: i, k: j + 1)\n                                                     ^~~~~~~~~~~~~~~~~~~\n",
      "exit_code": 1,
      "status": "SyntaxError"
    },
    {
      "program": "\n/// Write a python function to find the sum of the product of consecutive binomial co-efficients.\nfunc sum_Of_product(n: Int) -> Int {\n    var sum = 0\n    for i in 0...n {\n        for j in 0...n {\n            sum += binomialCoefficient(n: n, k: i) * binomialCoefficient(n: n, k: j)\n        }\n    }\n    return sum\n}\n\n\nfunc ==(left: [(Int, Int)], right: [(Int, Int)]) -> Bool {\n    if left.count != right.count {\n        return false\n    }\n    for (l, r) in zip(left, right) {\n        if l != r {\n            return false\n        }\n    }\n    return true\n}\n            \nassert(sum_Of_product(n: 3) == 15)\nassert(sum_Of_product(n: 4) == 56)\nassert(sum_Of_product(n: 1) == 1)",
      "timestamp": 1665510309,
      "stdout": "",
      "stderr": "/tmp/tmp229ftgd6.swift:7:20: error: cannot find 'binomialCoefficient' in scope\n            sum += binomialCoefficient(n: n, k: i) * binomialCoefficient(n: n, k: j)\n                   ^~~~~~~~~~~~~~~~~~~\n/tmp/tmp229ftgd6.swift:7:54: error: cannot find 'binomialCoefficient' in scope\n            sum += binomialCoefficient(n: n, k: i) * binomialCoefficient(n: n, k: j)\n                                                     ^~~~~~~~~~~~~~~~~~~\n",
      "exit_code": 1,
      "status": "SyntaxError"
    },
    {
      "program": "\n/// Write a python function to find the sum of the product of consecutive binomial co-efficients.\nfunc sum_Of_product(n: Int) -> Int {\n    var sum = 0\n    for i in 1...n {\n        sum += product(n: i)\n    }\n    return sum\n}\n\n\nfunc ==(left: [(Int, Int)], right: [(Int, Int)]) -> Bool {\n    if left.count != right.count {\n        return false\n    }\n    for (l, r) in zip(left, right) {\n        if l != r {\n            return false\n        }\n    }\n    return true\n}\n            \nassert(sum_Of_product(n: 3) == 15)\nassert(sum_Of_product(n: 4) == 56)\nassert(sum_Of_product(n: 1) == 1)",
      "timestamp": 1665510309,
      "stdout": "",
      "stderr": "/tmp/tmpy8q3jyeb.swift:6:16: error: cannot find 'product' in scope\n        sum += product(n: i)\n               ^~~~~~~\n",
      "exit_code": 1,
      "status": "SyntaxError"
    },
    {
      "program": "\n/// Write a python function to find the sum of the product of consecutive binomial co-efficients.\nfunc sum_Of_product(n: Int) -> Int {\n    var sum = 0\n    for i in 1...n {\n        for j in 1...i {\n            sum += binomialCoefficient(n: i, k: j) * binomialCoefficient(n: i, k: j)\n        }\n    }\n    return sum\n}\n\n\nfunc ==(left: [(Int, Int)], right: [(Int, Int)]) -> Bool {\n    if left.count != right.count {\n        return false\n    }\n    for (l, r) in zip(left, right) {\n        if l != r {\n            return false\n        }\n    }\n    return true\n}\n            \nassert(sum_Of_product(n: 3) == 15)\nassert(sum_Of_product(n: 4) == 56)\nassert(sum_Of_product(n: 1) == 1)",
      "timestamp": 1665510309,
      "stdout": "",
      "stderr": "/tmp/tmp246gmb52.swift:7:20: error: cannot find 'binomialCoefficient' in scope\n            sum += binomialCoefficient(n: i, k: j) * binomialCoefficient(n: i, k: j)\n                   ^~~~~~~~~~~~~~~~~~~\n/tmp/tmp246gmb52.swift:7:54: error: cannot find 'binomialCoefficient' in scope\n            sum += binomialCoefficient(n: i, k: j) * binomialCoefficient(n: i, k: j)\n                                                     ^~~~~~~~~~~~~~~~~~~\n",
      "exit_code": 1,
      "status": "SyntaxError"
    },
    {
      "program": "\n/// Write a python function to find the sum of the product of consecutive binomial co-efficients.\nfunc sum_Of_product(n: Int) -> Int {\n    var sum = 0\n    for i in 1...n {\n        sum += product(n: i)\n    }\n    return sum\n}\n\n\nfunc ==(left: [(Int, Int)], right: [(Int, Int)]) -> Bool {\n    if left.count != right.count {\n        return false\n    }\n    for (l, r) in zip(left, right) {\n        if l != r {\n            return false\n        }\n    }\n    return true\n}\n            \nassert(sum_Of_product(n: 3) == 15)\nassert(sum_Of_product(n: 4) == 56)\nassert(sum_Of_product(n: 1) == 1)",
      "timestamp": 1665510309,
      "stdout": "",
      "stderr": "/tmp/tmpy8q3jyeb.swift:6:16: error: cannot find 'product' in scope\n        sum += product(n: i)\n               ^~~~~~~\n",
      "exit_code": 1,
      "status": "SyntaxError"
    },
    {
      "program": "\n/// Write a python function to find the sum of the product of consecutive binomial co-efficients.\nfunc sum_Of_product(n: Int) -> Int {\n    var sum = 0\n    for i in 1...n {\n        sum += product(n: i)\n    }\n    return sum\n}\n\n\nfunc ==(left: [(Int, Int)], right: [(Int, Int)]) -> Bool {\n    if left.count != right.count {\n        return false\n    }\n    for (l, r) in zip(left, right) {\n        if l != r {\n            return false\n        }\n    }\n    return true\n}\n            \nassert(sum_Of_product(n: 3) == 15)\nassert(sum_Of_product(n: 4) == 56)\nassert(sum_Of_product(n: 1) == 1)",
      "timestamp": 1665510309,
      "stdout": "",
      "stderr": "/tmp/tmpy8q3jyeb.swift:6:16: error: cannot find 'product' in scope\n        sum += product(n: i)\n               ^~~~~~~\n",
      "exit_code": 1,
      "status": "SyntaxError"
    },
    {
      "program": "\n/// Write a python function to find the sum of the product of consecutive binomial co-efficients.\nfunc sum_Of_product(n: Int) -> Int {\n    var sum = 0\n    for i in 1...n {\n        for j in 1...i {\n            sum += binomialCoefficient(n: i, k: j) * binomialCoefficient(n: i, k: j)\n        }\n    }\n    return sum\n}\n\n\nfunc ==(left: [(Int, Int)], right: [(Int, Int)]) -> Bool {\n    if left.count != right.count {\n        return false\n    }\n    for (l, r) in zip(left, right) {\n        if l != r {\n            return false\n        }\n    }\n    return true\n}\n            \nassert(sum_Of_product(n: 3) == 15)\nassert(sum_Of_product(n: 4) == 56)\nassert(sum_Of_product(n: 1) == 1)",
      "timestamp": 1665510309,
      "stdout": "",
      "stderr": "/tmp/tmp246gmb52.swift:7:20: error: cannot find 'binomialCoefficient' in scope\n            sum += binomialCoefficient(n: i, k: j) * binomialCoefficient(n: i, k: j)\n                   ^~~~~~~~~~~~~~~~~~~\n/tmp/tmp246gmb52.swift:7:54: error: cannot find 'binomialCoefficient' in scope\n            sum += binomialCoefficient(n: i, k: j) * binomialCoefficient(n: i, k: j)\n                                                     ^~~~~~~~~~~~~~~~~~~\n",
      "exit_code": 1,
      "status": "SyntaxError"
    },
    {
      "program": "\n/// Write a python function to find the sum of the product of consecutive binomial co-efficients.\nfunc sum_Of_product(n: Int) -> Int {\n    var sum = 0\n    for i in 0...n {\n        sum += product(n: i)\n    }\n    return sum\n}\n\n\nfunc ==(left: [(Int, Int)], right: [(Int, Int)]) -> Bool {\n    if left.count != right.count {\n        return false\n    }\n    for (l, r) in zip(left, right) {\n        if l != r {\n            return false\n        }\n    }\n    return true\n}\n            \nassert(sum_Of_product(n: 3) == 15)\nassert(sum_Of_product(n: 4) == 56)\nassert(sum_Of_product(n: 1) == 1)",
      "timestamp": 1666123441,
      "stdout": "",
      "stderr": "/tmp/tmpcs3ngsvf.swift:6:16: error: cannot find 'product' in scope\n        sum += product(n: i)\n               ^~~~~~~\n",
      "exit_code": 1,
      "status": "SyntaxError"
    },
    {
      "program": "\n/// Write a python function to find the sum of the product of consecutive binomial co-efficients.\nfunc sum_Of_product(n: Int) -> Int {\n    var sum = 0\n    for i in 1...n {\n        sum += product(n: i)\n    }\n    return sum\n}\n\n\nfunc ==(left: [(Int, Int)], right: [(Int, Int)]) -> Bool {\n    if left.count != right.count {\n        return false\n    }\n    for (l, r) in zip(left, right) {\n        if l != r {\n            return false\n        }\n    }\n    return true\n}\n            \nassert(sum_Of_product(n: 3) == 15)\nassert(sum_Of_product(n: 4) == 56)\nassert(sum_Of_product(n: 1) == 1)",
      "timestamp": 1665510309,
      "stdout": "",
      "stderr": "/tmp/tmpy8q3jyeb.swift:6:16: error: cannot find 'product' in scope\n        sum += product(n: i)\n               ^~~~~~~\n",
      "exit_code": 1,
      "status": "SyntaxError"
    },
    {
      "program": "\n/// Write a python function to find the sum of the product of consecutive binomial co-efficients.\nfunc sum_Of_product(n: Int) -> Int {\n    var sum = 0\n    for i in 1...n {\n        sum += product(n: i)\n    }\n    return sum\n}\n\n\nfunc ==(left: [(Int, Int)], right: [(Int, Int)]) -> Bool {\n    if left.count != right.count {\n        return false\n    }\n    for (l, r) in zip(left, right) {\n        if l != r {\n            return false\n        }\n    }\n    return true\n}\n            \nassert(sum_Of_product(n: 3) == 15)\nassert(sum_Of_product(n: 4) == 56)\nassert(sum_Of_product(n: 1) == 1)",
      "timestamp": 1665510309,
      "stdout": "",
      "stderr": "/tmp/tmpy8q3jyeb.swift:6:16: error: cannot find 'product' in scope\n        sum += product(n: i)\n               ^~~~~~~\n",
      "exit_code": 1,
      "status": "SyntaxError"
    },
    {
      "program": "\n/// Write a python function to find the sum of the product of consecutive binomial co-efficients.\nfunc sum_Of_product(n: Int) -> Int {\n    var sum = 0\n    for i in 1...n {\n        sum += product(n: i)\n    }\n    return sum\n}\n\n\nfunc ==(left: [(Int, Int)], right: [(Int, Int)]) -> Bool {\n    if left.count != right.count {\n        return false\n    }\n    for (l, r) in zip(left, right) {\n        if l != r {\n            return false\n        }\n    }\n    return true\n}\n            \nassert(sum_Of_product(n: 3) == 15)\nassert(sum_Of_product(n: 4) == 56)\nassert(sum_Of_product(n: 1) == 1)",
      "timestamp": 1665510309,
      "stdout": "",
      "stderr": "/tmp/tmpy8q3jyeb.swift:6:16: error: cannot find 'product' in scope\n        sum += product(n: i)\n               ^~~~~~~\n",
      "exit_code": 1,
      "status": "SyntaxError"
    },
    {
      "program": "\n/// Write a python function to find the sum of the product of consecutive binomial co-efficients.\nfunc sum_Of_product(n: Int) -> Int {\n    var sum = 0\n    for i in 0...n {\n        for j in 0...i {\n            sum += binomial_coefficient(n: i, k: j) * binomial_coefficient(n: i, k: j)\n        }\n    }\n    return sum\n}\n\n\nfunc ==(left: [(Int, Int)], right: [(Int, Int)]) -> Bool {\n    if left.count != right.count {\n        return false\n    }\n    for (l, r) in zip(left, right) {\n        if l != r {\n            return false\n        }\n    }\n    return true\n}\n            \nassert(sum_Of_product(n: 3) == 15)\nassert(sum_Of_product(n: 4) == 56)\nassert(sum_Of_product(n: 1) == 1)",
      "timestamp": 1666123441,
      "stdout": "",
      "stderr": "/tmp/tmpn7fsi97h.swift:7:20: error: cannot find 'binomial_coefficient' in scope\n            sum += binomial_coefficient(n: i, k: j) * binomial_coefficient(n: i, k: j)\n                   ^~~~~~~~~~~~~~~~~~~~\n/tmp/tmpn7fsi97h.swift:7:55: error: cannot find 'binomial_coefficient' in scope\n            sum += binomial_coefficient(n: i, k: j) * binomial_coefficient(n: i, k: j)\n                                                      ^~~~~~~~~~~~~~~~~~~~\n",
      "exit_code": 1,
      "status": "SyntaxError"
    },
    {
      "program": "\n/// Write a python function to find the sum of the product of consecutive binomial co-efficients.\nfunc sum_Of_product(n: Int) -> Int {\n    var sum = 0\n    for i in 1...n {\n        for j in 1...i {\n            sum += binomial_coefficient(n: i, k: j) * binomial_coefficient(n: i, k: j)\n        }\n    }\n    return sum\n}\n\n\nfunc ==(left: [(Int, Int)], right: [(Int, Int)]) -> Bool {\n    if left.count != right.count {\n        return false\n    }\n    for (l, r) in zip(left, right) {\n        if l != r {\n            return false\n        }\n    }\n    return true\n}\n            \nassert(sum_Of_product(n: 3) == 15)\nassert(sum_Of_product(n: 4) == 56)\nassert(sum_Of_product(n: 1) == 1)",
      "timestamp": 1665510309,
      "stdout": "",
      "stderr": "/tmp/tmpe61i2kfr.swift:7:20: error: cannot find 'binomial_coefficient' in scope\n            sum += binomial_coefficient(n: i, k: j) * binomial_coefficient(n: i, k: j)\n                   ^~~~~~~~~~~~~~~~~~~~\n/tmp/tmpe61i2kfr.swift:7:55: error: cannot find 'binomial_coefficient' in scope\n            sum += binomial_coefficient(n: i, k: j) * binomial_coefficient(n: i, k: j)\n                                                      ^~~~~~~~~~~~~~~~~~~~\n",
      "exit_code": 1,
      "status": "SyntaxError"
    },
    {
      "program": "\n/// Write a python function to find the sum of the product of consecutive binomial co-efficients.\nfunc sum_Of_product(n: Int) -> Int {\n    var sum = 0\n    for i in 0...n {\n        sum += product_of_binomial_coefficients(n: n, k: i)\n    }\n    return sum\n}\n\n\nfunc ==(left: [(Int, Int)], right: [(Int, Int)]) -> Bool {\n    if left.count != right.count {\n        return false\n    }\n    for (l, r) in zip(left, right) {\n        if l != r {\n            return false\n        }\n    }\n    return true\n}\n            \nassert(sum_Of_product(n: 3) == 15)\nassert(sum_Of_product(n: 4) == 56)\nassert(sum_Of_product(n: 1) == 1)",
      "timestamp": 1665510309,
      "stdout": "",
      "stderr": "/tmp/tmpryb5yp8f.swift:6:16: error: cannot find 'product_of_binomial_coefficients' in scope\n        sum += product_of_binomial_coefficients(n: n, k: i)\n               ^~~~~~~~~~~~~~~~~~~~~~~~~~~~~~~~\n",
      "exit_code": 1,
      "status": "SyntaxError"
    },
    {
      "program": "\n/// Write a python function to find the sum of the product of consecutive binomial co-efficients.\nfunc sum_Of_product(n: Int) -> Int {\n    var sum = 0\n    for i in 1...n {\n        sum += product(n: i)\n    }\n    return sum\n}\n\n\nfunc ==(left: [(Int, Int)], right: [(Int, Int)]) -> Bool {\n    if left.count != right.count {\n        return false\n    }\n    for (l, r) in zip(left, right) {\n        if l != r {\n            return false\n        }\n    }\n    return true\n}\n            \nassert(sum_Of_product(n: 3) == 15)\nassert(sum_Of_product(n: 4) == 56)\nassert(sum_Of_product(n: 1) == 1)",
      "timestamp": 1665510309,
      "stdout": "",
      "stderr": "/tmp/tmpy8q3jyeb.swift:6:16: error: cannot find 'product' in scope\n        sum += product(n: i)\n               ^~~~~~~\n",
      "exit_code": 1,
      "status": "SyntaxError"
    },
    {
      "program": "\n/// Write a python function to find the sum of the product of consecutive binomial co-efficients.\nfunc sum_Of_product(n: Int) -> Int {\n    var sum = 0\n    for i in 1...n {\n        sum += product(n: i)\n    }\n    return sum\n}\n\n\nfunc ==(left: [(Int, Int)], right: [(Int, Int)]) -> Bool {\n    if left.count != right.count {\n        return false\n    }\n    for (l, r) in zip(left, right) {\n        if l != r {\n            return false\n        }\n    }\n    return true\n}\n            \nassert(sum_Of_product(n: 3) == 15)\nassert(sum_Of_product(n: 4) == 56)\nassert(sum_Of_product(n: 1) == 1)",
      "timestamp": 1665510309,
      "stdout": "",
      "stderr": "/tmp/tmpy8q3jyeb.swift:6:16: error: cannot find 'product' in scope\n        sum += product(n: i)\n               ^~~~~~~\n",
      "exit_code": 1,
      "status": "SyntaxError"
    },
    {
      "program": "\n/// Write a python function to find the sum of the product of consecutive binomial co-efficients.\nfunc sum_Of_product(n: Int) -> Int {\n    var sum = 0\n    for i in 0...n {\n        for j in 0...i {\n            sum += binomial_coefficient(n: i, k: j) * binomial_coefficient(n: i, k: j + 1)\n        }\n    }\n    return sum\n}\n\n\nfunc ==(left: [(Int, Int)], right: [(Int, Int)]) -> Bool {\n    if left.count != right.count {\n        return false\n    }\n    for (l, r) in zip(left, right) {\n        if l != r {\n            return false\n        }\n    }\n    return true\n}\n            \nassert(sum_Of_product(n: 3) == 15)\nassert(sum_Of_product(n: 4) == 56)\nassert(sum_Of_product(n: 1) == 1)",
      "timestamp": 1666123441,
      "stdout": "",
      "stderr": "/tmp/tmpd30_1qtm.swift:7:20: error: cannot find 'binomial_coefficient' in scope\n            sum += binomial_coefficient(n: i, k: j) * binomial_coefficient(n: i, k: j + 1)\n                   ^~~~~~~~~~~~~~~~~~~~\n/tmp/tmpd30_1qtm.swift:7:55: error: cannot find 'binomial_coefficient' in scope\n            sum += binomial_coefficient(n: i, k: j) * binomial_coefficient(n: i, k: j + 1)\n                                                      ^~~~~~~~~~~~~~~~~~~~\n",
      "exit_code": 1,
      "status": "SyntaxError"
    },
    {
      "program": "\n/// Write a python function to find the sum of the product of consecutive binomial co-efficients.\nfunc sum_Of_product(n: Int) -> Int {\n    var sum = 0\n    for i in 1...n {\n        sum += product(n: i)\n    }\n    return sum\n}\n\n\nfunc ==(left: [(Int, Int)], right: [(Int, Int)]) -> Bool {\n    if left.count != right.count {\n        return false\n    }\n    for (l, r) in zip(left, right) {\n        if l != r {\n            return false\n        }\n    }\n    return true\n}\n            \nassert(sum_Of_product(n: 3) == 15)\nassert(sum_Of_product(n: 4) == 56)\nassert(sum_Of_product(n: 1) == 1)",
      "timestamp": 1665510309,
      "stdout": "",
      "stderr": "/tmp/tmpy8q3jyeb.swift:6:16: error: cannot find 'product' in scope\n        sum += product(n: i)\n               ^~~~~~~\n",
      "exit_code": 1,
      "status": "SyntaxError"
    },
    {
      "program": "\n/// Write a python function to find the sum of the product of consecutive binomial co-efficients.\nfunc sum_Of_product(n: Int) -> Int {\n    var sum = 0\n    for i in 1...n {\n        sum += product_of_binomial_coefficients(n: n, k: i)\n    }\n    return sum\n}\n\n\nfunc ==(left: [(Int, Int)], right: [(Int, Int)]) -> Bool {\n    if left.count != right.count {\n        return false\n    }\n    for (l, r) in zip(left, right) {\n        if l != r {\n            return false\n        }\n    }\n    return true\n}\n            \nassert(sum_Of_product(n: 3) == 15)\nassert(sum_Of_product(n: 4) == 56)\nassert(sum_Of_product(n: 1) == 1)",
      "timestamp": 1665510309,
      "stdout": "",
      "stderr": "/tmp/tmpg90w0lrh.swift:6:16: error: cannot find 'product_of_binomial_coefficients' in scope\n        sum += product_of_binomial_coefficients(n: n, k: i)\n               ^~~~~~~~~~~~~~~~~~~~~~~~~~~~~~~~\n",
      "exit_code": 1,
      "status": "SyntaxError"
    },
    {
      "program": "\n/// Write a python function to find the sum of the product of consecutive binomial co-efficients.\nfunc sum_Of_product(n: Int) -> Int {\n    var sum = 0\n    for i in 0...n {\n        for j in 0...n {\n            sum += binomialCoefficient(n: n, k: i) * binomialCoefficient(n: n, k: j)\n        }\n    }\n    return sum\n}\n\n\nfunc ==(left: [(Int, Int)], right: [(Int, Int)]) -> Bool {\n    if left.count != right.count {\n        return false\n    }\n    for (l, r) in zip(left, right) {\n        if l != r {\n            return false\n        }\n    }\n    return true\n}\n            \nassert(sum_Of_product(n: 3) == 15)\nassert(sum_Of_product(n: 4) == 56)\nassert(sum_Of_product(n: 1) == 1)",
      "timestamp": 1665510309,
      "stdout": "",
      "stderr": "/tmp/tmp229ftgd6.swift:7:20: error: cannot find 'binomialCoefficient' in scope\n            sum += binomialCoefficient(n: n, k: i) * binomialCoefficient(n: n, k: j)\n                   ^~~~~~~~~~~~~~~~~~~\n/tmp/tmp229ftgd6.swift:7:54: error: cannot find 'binomialCoefficient' in scope\n            sum += binomialCoefficient(n: n, k: i) * binomialCoefficient(n: n, k: j)\n                                                     ^~~~~~~~~~~~~~~~~~~\n",
      "exit_code": 1,
      "status": "SyntaxError"
    },
    {
      "program": "\n/// Write a python function to find the sum of the product of consecutive binomial co-efficients.\nfunc sum_Of_product(n: Int) -> Int {\n    var sum: Int = 0\n    for i in 1...n {\n        sum += product_of_binomial_coefficients(n: n, k: i)\n    }\n    return sum\n}\n\n\nfunc ==(left: [(Int, Int)], right: [(Int, Int)]) -> Bool {\n    if left.count != right.count {\n        return false\n    }\n    for (l, r) in zip(left, right) {\n        if l != r {\n            return false\n        }\n    }\n    return true\n}\n            \nassert(sum_Of_product(n: 3) == 15)\nassert(sum_Of_product(n: 4) == 56)\nassert(sum_Of_product(n: 1) == 1)",
      "timestamp": 1666123441,
      "stdout": "",
      "stderr": "/tmp/tmp2k9r3ksn.swift:6:16: error: cannot find 'product_of_binomial_coefficients' in scope\n        sum += product_of_binomial_coefficients(n: n, k: i)\n               ^~~~~~~~~~~~~~~~~~~~~~~~~~~~~~~~\n",
      "exit_code": 1,
      "status": "SyntaxError"
    },
    {
      "program": "\n/// Write a python function to find the sum of the product of consecutive binomial co-efficients.\nfunc sum_Of_product(n: Int) -> Int {\n    var sum = 0\n    for i in 0...n {\n        for j in 0...n {\n            sum += binomial_coefficient(n: n, k: i) * binomial_coefficient(n: n, k: j)\n        }\n    }\n    return sum\n}\n\n\nfunc ==(left: [(Int, Int)], right: [(Int, Int)]) -> Bool {\n    if left.count != right.count {\n        return false\n    }\n    for (l, r) in zip(left, right) {\n        if l != r {\n            return false\n        }\n    }\n    return true\n}\n            \nassert(sum_Of_product(n: 3) == 15)\nassert(sum_Of_product(n: 4) == 56)\nassert(sum_Of_product(n: 1) == 1)",
      "timestamp": 1666123441,
      "stdout": "",
      "stderr": "/tmp/tmpkm6x36r6.swift:7:20: error: cannot find 'binomial_coefficient' in scope\n            sum += binomial_coefficient(n: n, k: i) * binomial_coefficient(n: n, k: j)\n                   ^~~~~~~~~~~~~~~~~~~~\n/tmp/tmpkm6x36r6.swift:7:55: error: cannot find 'binomial_coefficient' in scope\n            sum += binomial_coefficient(n: n, k: i) * binomial_coefficient(n: n, k: j)\n                                                      ^~~~~~~~~~~~~~~~~~~~\n",
      "exit_code": 1,
      "status": "SyntaxError"
    },
    {
      "program": "\n/// Write a python function to find the sum of the product of consecutive binomial co-efficients.\nfunc sum_Of_product(n: Int) -> Int {\n    var sum = 0\n    for i in 0...n {\n        sum += product(n: i)\n    }\n    return sum\n}\n\n\nfunc ==(left: [(Int, Int)], right: [(Int, Int)]) -> Bool {\n    if left.count != right.count {\n        return false\n    }\n    for (l, r) in zip(left, right) {\n        if l != r {\n            return false\n        }\n    }\n    return true\n}\n            \nassert(sum_Of_product(n: 3) == 15)\nassert(sum_Of_product(n: 4) == 56)\nassert(sum_Of_product(n: 1) == 1)",
      "timestamp": 1666123441,
      "stdout": "",
      "stderr": "/tmp/tmpcs3ngsvf.swift:6:16: error: cannot find 'product' in scope\n        sum += product(n: i)\n               ^~~~~~~\n",
      "exit_code": 1,
      "status": "SyntaxError"
    },
    {
      "program": "\n/// Write a python function to find the sum of the product of consecutive binomial co-efficients.\nfunc sum_Of_product(n: Int) -> Int {\n    var sum = 0\n    for i in 0...n {\n        for j in 0...i {\n            sum += binomialCoefficient(n: i, k: j) * binomialCoefficient(n: i, k: j)\n        }\n    }\n    return sum\n}\n\n\nfunc ==(left: [(Int, Int)], right: [(Int, Int)]) -> Bool {\n    if left.count != right.count {\n        return false\n    }\n    for (l, r) in zip(left, right) {\n        if l != r {\n            return false\n        }\n    }\n    return true\n}\n            \nassert(sum_Of_product(n: 3) == 15)\nassert(sum_Of_product(n: 4) == 56)\nassert(sum_Of_product(n: 1) == 1)",
      "timestamp": 1665510309,
      "stdout": "",
      "stderr": "/tmp/tmp_qh14rvd.swift:7:20: error: cannot find 'binomialCoefficient' in scope\n            sum += binomialCoefficient(n: i, k: j) * binomialCoefficient(n: i, k: j)\n                   ^~~~~~~~~~~~~~~~~~~\n/tmp/tmp_qh14rvd.swift:7:54: error: cannot find 'binomialCoefficient' in scope\n            sum += binomialCoefficient(n: i, k: j) * binomialCoefficient(n: i, k: j)\n                                                     ^~~~~~~~~~~~~~~~~~~\n",
      "exit_code": 1,
      "status": "SyntaxError"
    },
    {
      "program": "\n/// Write a python function to find the sum of the product of consecutive binomial co-efficients.\nfunc sum_Of_product(n: Int) -> Int {\n    var sum = 0\n    for i in 1...n {\n        sum += product(n: i)\n    }\n    return sum\n}\n\n\nfunc ==(left: [(Int, Int)], right: [(Int, Int)]) -> Bool {\n    if left.count != right.count {\n        return false\n    }\n    for (l, r) in zip(left, right) {\n        if l != r {\n            return false\n        }\n    }\n    return true\n}\n            \nassert(sum_Of_product(n: 3) == 15)\nassert(sum_Of_product(n: 4) == 56)\nassert(sum_Of_product(n: 1) == 1)",
      "timestamp": 1665510309,
      "stdout": "",
      "stderr": "/tmp/tmpy8q3jyeb.swift:6:16: error: cannot find 'product' in scope\n        sum += product(n: i)\n               ^~~~~~~\n",
      "exit_code": 1,
      "status": "SyntaxError"
    },
    {
      "program": "\n/// Write a python function to find the sum of the product of consecutive binomial co-efficients.\nfunc sum_Of_product(n: Int) -> Int {\n    var sum = 0\n    for i in 1...n {\n        for j in 1...i {\n            sum += binomial_coefficient(n: i, k: j) * binomial_coefficient(n: i, k: j)\n        }\n    }\n    return sum\n}\n\n\nfunc ==(left: [(Int, Int)], right: [(Int, Int)]) -> Bool {\n    if left.count != right.count {\n        return false\n    }\n    for (l, r) in zip(left, right) {\n        if l != r {\n            return false\n        }\n    }\n    return true\n}\n            \nassert(sum_Of_product(n: 3) == 15)\nassert(sum_Of_product(n: 4) == 56)\nassert(sum_Of_product(n: 1) == 1)",
      "timestamp": 1665510309,
      "stdout": "",
      "stderr": "/tmp/tmpe61i2kfr.swift:7:20: error: cannot find 'binomial_coefficient' in scope\n            sum += binomial_coefficient(n: i, k: j) * binomial_coefficient(n: i, k: j)\n                   ^~~~~~~~~~~~~~~~~~~~\n/tmp/tmpe61i2kfr.swift:7:55: error: cannot find 'binomial_coefficient' in scope\n            sum += binomial_coefficient(n: i, k: j) * binomial_coefficient(n: i, k: j)\n                                                      ^~~~~~~~~~~~~~~~~~~~\n",
      "exit_code": 1,
      "status": "SyntaxError"
    },
    {
      "program": "\n/// Write a python function to find the sum of the product of consecutive binomial co-efficients.\nfunc sum_Of_product(n: Int) -> Int {\n    var sum = 0\n    for i in 1...n {\n        for j in 1...i {\n            sum += binomialCoefficient(n: i, k: j) * binomialCoefficient(n: i, k: j)\n        }\n    }\n    return sum\n}\n\n\nfunc ==(left: [(Int, Int)], right: [(Int, Int)]) -> Bool {\n    if left.count != right.count {\n        return false\n    }\n    for (l, r) in zip(left, right) {\n        if l != r {\n            return false\n        }\n    }\n    return true\n}\n            \nassert(sum_Of_product(n: 3) == 15)\nassert(sum_Of_product(n: 4) == 56)\nassert(sum_Of_product(n: 1) == 1)",
      "timestamp": 1665510309,
      "stdout": "",
      "stderr": "/tmp/tmp246gmb52.swift:7:20: error: cannot find 'binomialCoefficient' in scope\n            sum += binomialCoefficient(n: i, k: j) * binomialCoefficient(n: i, k: j)\n                   ^~~~~~~~~~~~~~~~~~~\n/tmp/tmp246gmb52.swift:7:54: error: cannot find 'binomialCoefficient' in scope\n            sum += binomialCoefficient(n: i, k: j) * binomialCoefficient(n: i, k: j)\n                                                     ^~~~~~~~~~~~~~~~~~~\n",
      "exit_code": 1,
      "status": "SyntaxError"
    },
    {
      "program": "\n/// Write a python function to find the sum of the product of consecutive binomial co-efficients.\nfunc sum_Of_product(n: Int) -> Int {\n    var sum = 0\n    for i in 1...n {\n        sum += product(n: i)\n    }\n    return sum\n}\n\n\nfunc ==(left: [(Int, Int)], right: [(Int, Int)]) -> Bool {\n    if left.count != right.count {\n        return false\n    }\n    for (l, r) in zip(left, right) {\n        if l != r {\n            return false\n        }\n    }\n    return true\n}\n            \nassert(sum_Of_product(n: 3) == 15)\nassert(sum_Of_product(n: 4) == 56)\nassert(sum_Of_product(n: 1) == 1)",
      "timestamp": 1665510309,
      "stdout": "",
      "stderr": "/tmp/tmpy8q3jyeb.swift:6:16: error: cannot find 'product' in scope\n        sum += product(n: i)\n               ^~~~~~~\n",
      "exit_code": 1,
      "status": "SyntaxError"
    },
    {
      "program": "\n/// Write a python function to find the sum of the product of consecutive binomial co-efficients.\nfunc sum_Of_product(n: Int) -> Int {\n    var sum = 0\n    for i in 1...n {\n        sum += product(n: i)\n    }\n    return sum\n}\n\n\nfunc ==(left: [(Int, Int)], right: [(Int, Int)]) -> Bool {\n    if left.count != right.count {\n        return false\n    }\n    for (l, r) in zip(left, right) {\n        if l != r {\n            return false\n        }\n    }\n    return true\n}\n            \nassert(sum_Of_product(n: 3) == 15)\nassert(sum_Of_product(n: 4) == 56)\nassert(sum_Of_product(n: 1) == 1)",
      "timestamp": 1665510309,
      "stdout": "",
      "stderr": "/tmp/tmpy8q3jyeb.swift:6:16: error: cannot find 'product' in scope\n        sum += product(n: i)\n               ^~~~~~~\n",
      "exit_code": 1,
      "status": "SyntaxError"
    },
    {
      "program": "\n/// Write a python function to find the sum of the product of consecutive binomial co-efficients.\nfunc sum_Of_product(n: Int) -> Int {\n    var sum = 0\n    for i in 1...n {\n        sum += product(n: i)\n    }\n    return sum\n}\n\n\nfunc ==(left: [(Int, Int)], right: [(Int, Int)]) -> Bool {\n    if left.count != right.count {\n        return false\n    }\n    for (l, r) in zip(left, right) {\n        if l != r {\n            return false\n        }\n    }\n    return true\n}\n            \nassert(sum_Of_product(n: 3) == 15)\nassert(sum_Of_product(n: 4) == 56)\nassert(sum_Of_product(n: 1) == 1)",
      "timestamp": 1665510309,
      "stdout": "",
      "stderr": "/tmp/tmpy8q3jyeb.swift:6:16: error: cannot find 'product' in scope\n        sum += product(n: i)\n               ^~~~~~~\n",
      "exit_code": 1,
      "status": "SyntaxError"
    },
    {
      "program": "\n/// Write a python function to find the sum of the product of consecutive binomial co-efficients.\nfunc sum_Of_product(n: Int) -> Int {\n    var sum = 0\n    for i in 1...n {\n        for j in 1...i {\n            sum += binomial_coefficient(n: i, k: j) * binomial_coefficient(n: i, k: j)\n        }\n    }\n    return sum\n}\n\n\nfunc ==(left: [(Int, Int)], right: [(Int, Int)]) -> Bool {\n    if left.count != right.count {\n        return false\n    }\n    for (l, r) in zip(left, right) {\n        if l != r {\n            return false\n        }\n    }\n    return true\n}\n            \nassert(sum_Of_product(n: 3) == 15)\nassert(sum_Of_product(n: 4) == 56)\nassert(sum_Of_product(n: 1) == 1)",
      "timestamp": 1665510309,
      "stdout": "",
      "stderr": "/tmp/tmpe61i2kfr.swift:7:20: error: cannot find 'binomial_coefficient' in scope\n            sum += binomial_coefficient(n: i, k: j) * binomial_coefficient(n: i, k: j)\n                   ^~~~~~~~~~~~~~~~~~~~\n/tmp/tmpe61i2kfr.swift:7:55: error: cannot find 'binomial_coefficient' in scope\n            sum += binomial_coefficient(n: i, k: j) * binomial_coefficient(n: i, k: j)\n                                                      ^~~~~~~~~~~~~~~~~~~~\n",
      "exit_code": 1,
      "status": "SyntaxError"
    },
    {
      "program": "\n/// Write a python function to find the sum of the product of consecutive binomial co-efficients.\nfunc sum_Of_product(n: Int) -> Int {\n    var sum = 0\n    for i in 0...n {\n        for j in 0...i {\n            sum += binomialCoefficient(n: i, k: j) * binomialCoefficient(n: i, k: j)\n        }\n    }\n    return sum\n}\n\n\nfunc ==(left: [(Int, Int)], right: [(Int, Int)]) -> Bool {\n    if left.count != right.count {\n        return false\n    }\n    for (l, r) in zip(left, right) {\n        if l != r {\n            return false\n        }\n    }\n    return true\n}\n            \nassert(sum_Of_product(n: 3) == 15)\nassert(sum_Of_product(n: 4) == 56)\nassert(sum_Of_product(n: 1) == 1)",
      "timestamp": 1665510309,
      "stdout": "",
      "stderr": "/tmp/tmp_qh14rvd.swift:7:20: error: cannot find 'binomialCoefficient' in scope\n            sum += binomialCoefficient(n: i, k: j) * binomialCoefficient(n: i, k: j)\n                   ^~~~~~~~~~~~~~~~~~~\n/tmp/tmp_qh14rvd.swift:7:54: error: cannot find 'binomialCoefficient' in scope\n            sum += binomialCoefficient(n: i, k: j) * binomialCoefficient(n: i, k: j)\n                                                     ^~~~~~~~~~~~~~~~~~~\n",
      "exit_code": 1,
      "status": "SyntaxError"
    },
    {
      "program": "\n/// Write a python function to find the sum of the product of consecutive binomial co-efficients.\nfunc sum_Of_product(n: Int) -> Int {\n    var sum = 0\n    for i in 1...n {\n        sum += product(n: i)\n    }\n    return sum\n}\n\n\nfunc ==(left: [(Int, Int)], right: [(Int, Int)]) -> Bool {\n    if left.count != right.count {\n        return false\n    }\n    for (l, r) in zip(left, right) {\n        if l != r {\n            return false\n        }\n    }\n    return true\n}\n            \nassert(sum_Of_product(n: 3) == 15)\nassert(sum_Of_product(n: 4) == 56)\nassert(sum_Of_product(n: 1) == 1)",
      "timestamp": 1665510309,
      "stdout": "",
      "stderr": "/tmp/tmpy8q3jyeb.swift:6:16: error: cannot find 'product' in scope\n        sum += product(n: i)\n               ^~~~~~~\n",
      "exit_code": 1,
      "status": "SyntaxError"
    },
    {
      "program": "\n/// Write a python function to find the sum of the product of consecutive binomial co-efficients.\nfunc sum_Of_product(n: Int) -> Int {\n    var sum = 0\n    for i in 0...n {\n        for j in 0...i {\n            sum += binomialCoefficient(n: i, k: j) * binomialCoefficient(n: i, k: j + 1)\n        }\n    }\n    return sum\n}\n\n\nfunc ==(left: [(Int, Int)], right: [(Int, Int)]) -> Bool {\n    if left.count != right.count {\n        return false\n    }\n    for (l, r) in zip(left, right) {\n        if l != r {\n            return false\n        }\n    }\n    return true\n}\n            \nassert(sum_Of_product(n: 3) == 15)\nassert(sum_Of_product(n: 4) == 56)\nassert(sum_Of_product(n: 1) == 1)",
      "timestamp": 1666123441,
      "stdout": "",
      "stderr": "/tmp/tmpbhljknmx.swift:7:20: error: cannot find 'binomialCoefficient' in scope\n            sum += binomialCoefficient(n: i, k: j) * binomialCoefficient(n: i, k: j + 1)\n                   ^~~~~~~~~~~~~~~~~~~\n/tmp/tmpbhljknmx.swift:7:54: error: cannot find 'binomialCoefficient' in scope\n            sum += binomialCoefficient(n: i, k: j) * binomialCoefficient(n: i, k: j + 1)\n                                                     ^~~~~~~~~~~~~~~~~~~\n",
      "exit_code": 1,
      "status": "SyntaxError"
    },
    {
      "program": "\n/// Write a python function to find the sum of the product of consecutive binomial co-efficients.\nfunc sum_Of_product(n: Int) -> Int {\n    var sum = 0\n    for i in 1...n {\n        for j in 1...i {\n            sum += binomial_coefficient(n: i, k: j) * binomial_coefficient(n: i, k: j)\n        }\n    }\n    return sum\n}\n\n\nfunc ==(left: [(Int, Int)], right: [(Int, Int)]) -> Bool {\n    if left.count != right.count {\n        return false\n    }\n    for (l, r) in zip(left, right) {\n        if l != r {\n            return false\n        }\n    }\n    return true\n}\n            \nassert(sum_Of_product(n: 3) == 15)\nassert(sum_Of_product(n: 4) == 56)\nassert(sum_Of_product(n: 1) == 1)",
      "timestamp": 1665510309,
      "stdout": "",
      "stderr": "/tmp/tmpe61i2kfr.swift:7:20: error: cannot find 'binomial_coefficient' in scope\n            sum += binomial_coefficient(n: i, k: j) * binomial_coefficient(n: i, k: j)\n                   ^~~~~~~~~~~~~~~~~~~~\n/tmp/tmpe61i2kfr.swift:7:55: error: cannot find 'binomial_coefficient' in scope\n            sum += binomial_coefficient(n: i, k: j) * binomial_coefficient(n: i, k: j)\n                                                      ^~~~~~~~~~~~~~~~~~~~\n",
      "exit_code": 1,
      "status": "SyntaxError"
    },
    {
      "program": "\n/// Write a python function to find the sum of the product of consecutive binomial co-efficients.\nfunc sum_Of_product(n: Int) -> Int {\n    var sum = 0\n    for i in 0...n {\n        for j in 0...n {\n            sum += binomialCoefficient(n: i, k: j) * binomialCoefficient(n: i, k: j)\n        }\n    }\n    return sum\n}\n\n\nfunc ==(left: [(Int, Int)], right: [(Int, Int)]) -> Bool {\n    if left.count != right.count {\n        return false\n    }\n    for (l, r) in zip(left, right) {\n        if l != r {\n            return false\n        }\n    }\n    return true\n}\n            \nassert(sum_Of_product(n: 3) == 15)\nassert(sum_Of_product(n: 4) == 56)\nassert(sum_Of_product(n: 1) == 1)",
      "timestamp": 1666123441,
      "stdout": "",
      "stderr": "/tmp/tmpzzeuza7u.swift:7:20: error: cannot find 'binomialCoefficient' in scope\n            sum += binomialCoefficient(n: i, k: j) * binomialCoefficient(n: i, k: j)\n                   ^~~~~~~~~~~~~~~~~~~\n/tmp/tmpzzeuza7u.swift:7:54: error: cannot find 'binomialCoefficient' in scope\n            sum += binomialCoefficient(n: i, k: j) * binomialCoefficient(n: i, k: j)\n                                                     ^~~~~~~~~~~~~~~~~~~\n",
      "exit_code": 1,
      "status": "SyntaxError"
    },
    {
      "program": "\n/// Write a python function to find the sum of the product of consecutive binomial co-efficients.\nfunc sum_Of_product(n: Int) -> Int {\n    var sum = 0\n    for i in 1...n {\n        sum += product(n: i)\n    }\n    return sum\n}\n\n\nfunc ==(left: [(Int, Int)], right: [(Int, Int)]) -> Bool {\n    if left.count != right.count {\n        return false\n    }\n    for (l, r) in zip(left, right) {\n        if l != r {\n            return false\n        }\n    }\n    return true\n}\n            \nassert(sum_Of_product(n: 3) == 15)\nassert(sum_Of_product(n: 4) == 56)\nassert(sum_Of_product(n: 1) == 1)",
      "timestamp": 1665510309,
      "stdout": "",
      "stderr": "/tmp/tmpy8q3jyeb.swift:6:16: error: cannot find 'product' in scope\n        sum += product(n: i)\n               ^~~~~~~\n",
      "exit_code": 1,
      "status": "SyntaxError"
    },
    {
      "program": "\n/// Write a python function to find the sum of the product of consecutive binomial co-efficients.\nfunc sum_Of_product(n: Int) -> Int {\n    var sum = 0\n    for i in 1...n {\n        sum += product(n: i)\n    }\n    return sum\n}\n\n\nfunc ==(left: [(Int, Int)], right: [(Int, Int)]) -> Bool {\n    if left.count != right.count {\n        return false\n    }\n    for (l, r) in zip(left, right) {\n        if l != r {\n            return false\n        }\n    }\n    return true\n}\n            \nassert(sum_Of_product(n: 3) == 15)\nassert(sum_Of_product(n: 4) == 56)\nassert(sum_Of_product(n: 1) == 1)",
      "timestamp": 1665510309,
      "stdout": "",
      "stderr": "/tmp/tmpy8q3jyeb.swift:6:16: error: cannot find 'product' in scope\n        sum += product(n: i)\n               ^~~~~~~\n",
      "exit_code": 1,
      "status": "SyntaxError"
    },
    {
      "program": "\n/// Write a python function to find the sum of the product of consecutive binomial co-efficients.\nfunc sum_Of_product(n: Int) -> Int {\n    var sum = 0\n    for i in 1...n {\n        for j in 1...i {\n            sum += binomialCoefficient(n: i, k: j) * binomialCoefficient(n: i, k: j)\n        }\n    }\n    return sum\n}\n\n\nfunc ==(left: [(Int, Int)], right: [(Int, Int)]) -> Bool {\n    if left.count != right.count {\n        return false\n    }\n    for (l, r) in zip(left, right) {\n        if l != r {\n            return false\n        }\n    }\n    return true\n}\n            \nassert(sum_Of_product(n: 3) == 15)\nassert(sum_Of_product(n: 4) == 56)\nassert(sum_Of_product(n: 1) == 1)",
      "timestamp": 1665510309,
      "stdout": "",
      "stderr": "/tmp/tmp246gmb52.swift:7:20: error: cannot find 'binomialCoefficient' in scope\n            sum += binomialCoefficient(n: i, k: j) * binomialCoefficient(n: i, k: j)\n                   ^~~~~~~~~~~~~~~~~~~\n/tmp/tmp246gmb52.swift:7:54: error: cannot find 'binomialCoefficient' in scope\n            sum += binomialCoefficient(n: i, k: j) * binomialCoefficient(n: i, k: j)\n                                                     ^~~~~~~~~~~~~~~~~~~\n",
      "exit_code": 1,
      "status": "SyntaxError"
    },
    {
      "program": "\n/// Write a python function to find the sum of the product of consecutive binomial co-efficients.\nfunc sum_Of_product(n: Int) -> Int {\n    var sum = 0\n    for i in 1...n {\n        for j in 1...i {\n            sum += binomial_coefficient(n: i, k: j) * binomial_coefficient(n: i, k: j)\n        }\n    }\n    return sum\n}\n\n\nfunc ==(left: [(Int, Int)], right: [(Int, Int)]) -> Bool {\n    if left.count != right.count {\n        return false\n    }\n    for (l, r) in zip(left, right) {\n        if l != r {\n            return false\n        }\n    }\n    return true\n}\n            \nassert(sum_Of_product(n: 3) == 15)\nassert(sum_Of_product(n: 4) == 56)\nassert(sum_Of_product(n: 1) == 1)",
      "timestamp": 1665510309,
      "stdout": "",
      "stderr": "/tmp/tmpe61i2kfr.swift:7:20: error: cannot find 'binomial_coefficient' in scope\n            sum += binomial_coefficient(n: i, k: j) * binomial_coefficient(n: i, k: j)\n                   ^~~~~~~~~~~~~~~~~~~~\n/tmp/tmpe61i2kfr.swift:7:55: error: cannot find 'binomial_coefficient' in scope\n            sum += binomial_coefficient(n: i, k: j) * binomial_coefficient(n: i, k: j)\n                                                      ^~~~~~~~~~~~~~~~~~~~\n",
      "exit_code": 1,
      "status": "SyntaxError"
    },
    {
      "program": "\n/// Write a python function to find the sum of the product of consecutive binomial co-efficients.\nfunc sum_Of_product(n: Int) -> Int {\n    var sum = 0\n    for i in 1...n {\n        for j in 1...i {\n            sum += binomial_coefficient(n: i, k: j) * binomial_coefficient(n: i, k: j)\n        }\n    }\n    return sum\n}\n\n\nfunc ==(left: [(Int, Int)], right: [(Int, Int)]) -> Bool {\n    if left.count != right.count {\n        return false\n    }\n    for (l, r) in zip(left, right) {\n        if l != r {\n            return false\n        }\n    }\n    return true\n}\n            \nassert(sum_Of_product(n: 3) == 15)\nassert(sum_Of_product(n: 4) == 56)\nassert(sum_Of_product(n: 1) == 1)",
      "timestamp": 1665510309,
      "stdout": "",
      "stderr": "/tmp/tmpe61i2kfr.swift:7:20: error: cannot find 'binomial_coefficient' in scope\n            sum += binomial_coefficient(n: i, k: j) * binomial_coefficient(n: i, k: j)\n                   ^~~~~~~~~~~~~~~~~~~~\n/tmp/tmpe61i2kfr.swift:7:55: error: cannot find 'binomial_coefficient' in scope\n            sum += binomial_coefficient(n: i, k: j) * binomial_coefficient(n: i, k: j)\n                                                      ^~~~~~~~~~~~~~~~~~~~\n",
      "exit_code": 1,
      "status": "SyntaxError"
    },
    {
      "program": "\n/// Write a python function to find the sum of the product of consecutive binomial co-efficients.\nfunc sum_Of_product(n: Int) -> Int {\n    var sum = 0\n    for i in 1...n {\n        sum += product(n: i)\n    }\n    return sum\n}\n\n\nfunc ==(left: [(Int, Int)], right: [(Int, Int)]) -> Bool {\n    if left.count != right.count {\n        return false\n    }\n    for (l, r) in zip(left, right) {\n        if l != r {\n            return false\n        }\n    }\n    return true\n}\n            \nassert(sum_Of_product(n: 3) == 15)\nassert(sum_Of_product(n: 4) == 56)\nassert(sum_Of_product(n: 1) == 1)",
      "timestamp": 1665510309,
      "stdout": "",
      "stderr": "/tmp/tmpy8q3jyeb.swift:6:16: error: cannot find 'product' in scope\n        sum += product(n: i)\n               ^~~~~~~\n",
      "exit_code": 1,
      "status": "SyntaxError"
    },
    {
      "program": "\n/// Write a python function to find the sum of the product of consecutive binomial co-efficients.\nfunc sum_Of_product(n: Int) -> Int {\n    var sum = 0\n    for i in 1...n {\n        for j in 1...i {\n            sum += binomialCoefficient(n: i, k: j) * binomialCoefficient(n: i, k: j + 1)\n        }\n    }\n    return sum\n}\n\n\nfunc ==(left: [(Int, Int)], right: [(Int, Int)]) -> Bool {\n    if left.count != right.count {\n        return false\n    }\n    for (l, r) in zip(left, right) {\n        if l != r {\n            return false\n        }\n    }\n    return true\n}\n            \nassert(sum_Of_product(n: 3) == 15)\nassert(sum_Of_product(n: 4) == 56)\nassert(sum_Of_product(n: 1) == 1)",
      "timestamp": 1665510309,
      "stdout": "",
      "stderr": "/tmp/tmp261g48ii.swift:7:20: error: cannot find 'binomialCoefficient' in scope\n            sum += binomialCoefficient(n: i, k: j) * binomialCoefficient(n: i, k: j + 1)\n                   ^~~~~~~~~~~~~~~~~~~\n/tmp/tmp261g48ii.swift:7:54: error: cannot find 'binomialCoefficient' in scope\n            sum += binomialCoefficient(n: i, k: j) * binomialCoefficient(n: i, k: j + 1)\n                                                     ^~~~~~~~~~~~~~~~~~~\n",
      "exit_code": 1,
      "status": "SyntaxError"
    },
    {
      "program": "\n/// Write a python function to find the sum of the product of consecutive binomial co-efficients.\nfunc sum_Of_product(n: Int) -> Int {\n    var sum = 0\n    for i in 1...n {\n        for j in 1...i {\n            sum += binomial_coefficient(n: i, k: j) * binomial_coefficient(n: i, k: j)\n        }\n    }\n    return sum\n}\n\n\nfunc ==(left: [(Int, Int)], right: [(Int, Int)]) -> Bool {\n    if left.count != right.count {\n        return false\n    }\n    for (l, r) in zip(left, right) {\n        if l != r {\n            return false\n        }\n    }\n    return true\n}\n            \nassert(sum_Of_product(n: 3) == 15)\nassert(sum_Of_product(n: 4) == 56)\nassert(sum_Of_product(n: 1) == 1)",
      "timestamp": 1665510309,
      "stdout": "",
      "stderr": "/tmp/tmpe61i2kfr.swift:7:20: error: cannot find 'binomial_coefficient' in scope\n            sum += binomial_coefficient(n: i, k: j) * binomial_coefficient(n: i, k: j)\n                   ^~~~~~~~~~~~~~~~~~~~\n/tmp/tmpe61i2kfr.swift:7:55: error: cannot find 'binomial_coefficient' in scope\n            sum += binomial_coefficient(n: i, k: j) * binomial_coefficient(n: i, k: j)\n                                                      ^~~~~~~~~~~~~~~~~~~~\n",
      "exit_code": 1,
      "status": "SyntaxError"
    },
    {
      "program": "\n/// Write a python function to find the sum of the product of consecutive binomial co-efficients.\nfunc sum_Of_product(n: Int) -> Int {\n    var sum = 0\n    for i in 0...n {\n        for j in 0...i {\n            sum += binomialCoefficient(n: i, k: j) * binomialCoefficient(n: i, k: j)\n        }\n    }\n    return sum\n}\n\n\nfunc ==(left: [(Int, Int)], right: [(Int, Int)]) -> Bool {\n    if left.count != right.count {\n        return false\n    }\n    for (l, r) in zip(left, right) {\n        if l != r {\n            return false\n        }\n    }\n    return true\n}\n            \nassert(sum_Of_product(n: 3) == 15)\nassert(sum_Of_product(n: 4) == 56)\nassert(sum_Of_product(n: 1) == 1)",
      "timestamp": 1665510309,
      "stdout": "",
      "stderr": "/tmp/tmp_qh14rvd.swift:7:20: error: cannot find 'binomialCoefficient' in scope\n            sum += binomialCoefficient(n: i, k: j) * binomialCoefficient(n: i, k: j)\n                   ^~~~~~~~~~~~~~~~~~~\n/tmp/tmp_qh14rvd.swift:7:54: error: cannot find 'binomialCoefficient' in scope\n            sum += binomialCoefficient(n: i, k: j) * binomialCoefficient(n: i, k: j)\n                                                     ^~~~~~~~~~~~~~~~~~~\n",
      "exit_code": 1,
      "status": "SyntaxError"
    },
    {
      "program": "\n/// Write a python function to find the sum of the product of consecutive binomial co-efficients.\nfunc sum_Of_product(n: Int) -> Int {\n    var sum = 0\n    for i in 1...n {\n        sum += product(n: i)\n    }\n    return sum\n}\n\n\nfunc ==(left: [(Int, Int)], right: [(Int, Int)]) -> Bool {\n    if left.count != right.count {\n        return false\n    }\n    for (l, r) in zip(left, right) {\n        if l != r {\n            return false\n        }\n    }\n    return true\n}\n            \nassert(sum_Of_product(n: 3) == 15)\nassert(sum_Of_product(n: 4) == 56)\nassert(sum_Of_product(n: 1) == 1)",
      "timestamp": 1665510309,
      "stdout": "",
      "stderr": "/tmp/tmpy8q3jyeb.swift:6:16: error: cannot find 'product' in scope\n        sum += product(n: i)\n               ^~~~~~~\n",
      "exit_code": 1,
      "status": "SyntaxError"
    },
    {
      "program": "\n/// Write a python function to find the sum of the product of consecutive binomial co-efficients.\nfunc sum_Of_product(n: Int) -> Int {\n    var sum = 0\n    for i in 1...n {\n        sum += product_of_binomial_coefficients(n: n, k: i)\n    }\n    return sum\n}\n\n\nfunc ==(left: [(Int, Int)], right: [(Int, Int)]) -> Bool {\n    if left.count != right.count {\n        return false\n    }\n    for (l, r) in zip(left, right) {\n        if l != r {\n            return false\n        }\n    }\n    return true\n}\n            \nassert(sum_Of_product(n: 3) == 15)\nassert(sum_Of_product(n: 4) == 56)\nassert(sum_Of_product(n: 1) == 1)",
      "timestamp": 1665510309,
      "stdout": "",
      "stderr": "/tmp/tmpg90w0lrh.swift:6:16: error: cannot find 'product_of_binomial_coefficients' in scope\n        sum += product_of_binomial_coefficients(n: n, k: i)\n               ^~~~~~~~~~~~~~~~~~~~~~~~~~~~~~~~\n",
      "exit_code": 1,
      "status": "SyntaxError"
    },
    {
      "program": "\n/// Write a python function to find the sum of the product of consecutive binomial co-efficients.\nfunc sum_Of_product(n: Int) -> Int {\n    var sum = 0\n    for i in 1...n {\n        sum += product(n: i)\n    }\n    return sum\n}\n\n\nfunc ==(left: [(Int, Int)], right: [(Int, Int)]) -> Bool {\n    if left.count != right.count {\n        return false\n    }\n    for (l, r) in zip(left, right) {\n        if l != r {\n            return false\n        }\n    }\n    return true\n}\n            \nassert(sum_Of_product(n: 3) == 15)\nassert(sum_Of_product(n: 4) == 56)\nassert(sum_Of_product(n: 1) == 1)",
      "timestamp": 1665510309,
      "stdout": "",
      "stderr": "/tmp/tmpy8q3jyeb.swift:6:16: error: cannot find 'product' in scope\n        sum += product(n: i)\n               ^~~~~~~\n",
      "exit_code": 1,
      "status": "SyntaxError"
    },
    {
      "program": "\n/// Write a python function to find the sum of the product of consecutive binomial co-efficients.\nfunc sum_Of_product(n: Int) -> Int {\n    var sum = 0\n    for i in 1...n {\n        sum += product(n: i)\n    }\n    return sum\n}\n\n\nfunc ==(left: [(Int, Int)], right: [(Int, Int)]) -> Bool {\n    if left.count != right.count {\n        return false\n    }\n    for (l, r) in zip(left, right) {\n        if l != r {\n            return false\n        }\n    }\n    return true\n}\n            \nassert(sum_Of_product(n: 3) == 15)\nassert(sum_Of_product(n: 4) == 56)\nassert(sum_Of_product(n: 1) == 1)",
      "timestamp": 1665510309,
      "stdout": "",
      "stderr": "/tmp/tmpy8q3jyeb.swift:6:16: error: cannot find 'product' in scope\n        sum += product(n: i)\n               ^~~~~~~\n",
      "exit_code": 1,
      "status": "SyntaxError"
    },
    {
      "program": "\n/// Write a python function to find the sum of the product of consecutive binomial co-efficients.\nfunc sum_Of_product(n: Int) -> Int {\n    var sum = 0\n    for i in 1...n {\n        sum += product(n: i)\n    }\n    return sum\n}\n\n\nfunc ==(left: [(Int, Int)], right: [(Int, Int)]) -> Bool {\n    if left.count != right.count {\n        return false\n    }\n    for (l, r) in zip(left, right) {\n        if l != r {\n            return false\n        }\n    }\n    return true\n}\n            \nassert(sum_Of_product(n: 3) == 15)\nassert(sum_Of_product(n: 4) == 56)\nassert(sum_Of_product(n: 1) == 1)",
      "timestamp": 1665510309,
      "stdout": "",
      "stderr": "/tmp/tmpy8q3jyeb.swift:6:16: error: cannot find 'product' in scope\n        sum += product(n: i)\n               ^~~~~~~\n",
      "exit_code": 1,
      "status": "SyntaxError"
    },
    {
      "program": "\n/// Write a python function to find the sum of the product of consecutive binomial co-efficients.\nfunc sum_Of_product(n: Int) -> Int {\n    var sum = 0\n    for i in 1...n {\n        sum += product(n: i)\n    }\n    return sum\n}\n\n\nfunc ==(left: [(Int, Int)], right: [(Int, Int)]) -> Bool {\n    if left.count != right.count {\n        return false\n    }\n    for (l, r) in zip(left, right) {\n        if l != r {\n            return false\n        }\n    }\n    return true\n}\n            \nassert(sum_Of_product(n: 3) == 15)\nassert(sum_Of_product(n: 4) == 56)\nassert(sum_Of_product(n: 1) == 1)",
      "timestamp": 1665510309,
      "stdout": "",
      "stderr": "/tmp/tmpy8q3jyeb.swift:6:16: error: cannot find 'product' in scope\n        sum += product(n: i)\n               ^~~~~~~\n",
      "exit_code": 1,
      "status": "SyntaxError"
    },
    {
      "program": "\n/// Write a python function to find the sum of the product of consecutive binomial co-efficients.\nfunc sum_Of_product(n: Int) -> Int {\n    var sum = 0\n    for i in 1...n {\n        sum += product_of_binomial_coefficients(n: n, k: i)\n    }\n    return sum\n}\n\n\nfunc ==(left: [(Int, Int)], right: [(Int, Int)]) -> Bool {\n    if left.count != right.count {\n        return false\n    }\n    for (l, r) in zip(left, right) {\n        if l != r {\n            return false\n        }\n    }\n    return true\n}\n            \nassert(sum_Of_product(n: 3) == 15)\nassert(sum_Of_product(n: 4) == 56)\nassert(sum_Of_product(n: 1) == 1)",
      "timestamp": 1665510309,
      "stdout": "",
      "stderr": "/tmp/tmpg90w0lrh.swift:6:16: error: cannot find 'product_of_binomial_coefficients' in scope\n        sum += product_of_binomial_coefficients(n: n, k: i)\n               ^~~~~~~~~~~~~~~~~~~~~~~~~~~~~~~~\n",
      "exit_code": 1,
      "status": "SyntaxError"
    },
    {
      "program": "\n/// Write a python function to find the sum of the product of consecutive binomial co-efficients.\nfunc sum_Of_product(n: Int) -> Int {\n    var sum = 0\n    for i in 1...n {\n        sum += product_of_binomial_coefficients(n: n, k: i)\n    }\n    return sum\n}\n\n\nfunc ==(left: [(Int, Int)], right: [(Int, Int)]) -> Bool {\n    if left.count != right.count {\n        return false\n    }\n    for (l, r) in zip(left, right) {\n        if l != r {\n            return false\n        }\n    }\n    return true\n}\n            \nassert(sum_Of_product(n: 3) == 15)\nassert(sum_Of_product(n: 4) == 56)\nassert(sum_Of_product(n: 1) == 1)",
      "timestamp": 1665510309,
      "stdout": "",
      "stderr": "/tmp/tmpg90w0lrh.swift:6:16: error: cannot find 'product_of_binomial_coefficients' in scope\n        sum += product_of_binomial_coefficients(n: n, k: i)\n               ^~~~~~~~~~~~~~~~~~~~~~~~~~~~~~~~\n",
      "exit_code": 1,
      "status": "SyntaxError"
    },
    {
      "program": "\n/// Write a python function to find the sum of the product of consecutive binomial co-efficients.\nfunc sum_Of_product(n: Int) -> Int {\n    var sum = 0\n    for i in 1...n {\n        sum += product(n: i)\n    }\n    return sum\n}\n\n\nfunc ==(left: [(Int, Int)], right: [(Int, Int)]) -> Bool {\n    if left.count != right.count {\n        return false\n    }\n    for (l, r) in zip(left, right) {\n        if l != r {\n            return false\n        }\n    }\n    return true\n}\n            \nassert(sum_Of_product(n: 3) == 15)\nassert(sum_Of_product(n: 4) == 56)\nassert(sum_Of_product(n: 1) == 1)",
      "timestamp": 1665510309,
      "stdout": "",
      "stderr": "/tmp/tmpy8q3jyeb.swift:6:16: error: cannot find 'product' in scope\n        sum += product(n: i)\n               ^~~~~~~\n",
      "exit_code": 1,
      "status": "SyntaxError"
    },
    {
      "program": "\n/// Write a python function to find the sum of the product of consecutive binomial co-efficients.\nfunc sum_Of_product(n: Int) -> Int {\n    var sum = 0\n    for i in 1...n {\n        for j in 1...i {\n            sum += binomial_coefficient(n: i, k: j) * binomial_coefficient(n: i, k: j)\n        }\n    }\n    return sum\n}\n\n\nfunc ==(left: [(Int, Int)], right: [(Int, Int)]) -> Bool {\n    if left.count != right.count {\n        return false\n    }\n    for (l, r) in zip(left, right) {\n        if l != r {\n            return false\n        }\n    }\n    return true\n}\n            \nassert(sum_Of_product(n: 3) == 15)\nassert(sum_Of_product(n: 4) == 56)\nassert(sum_Of_product(n: 1) == 1)",
      "timestamp": 1665510309,
      "stdout": "",
      "stderr": "/tmp/tmpe61i2kfr.swift:7:20: error: cannot find 'binomial_coefficient' in scope\n            sum += binomial_coefficient(n: i, k: j) * binomial_coefficient(n: i, k: j)\n                   ^~~~~~~~~~~~~~~~~~~~\n/tmp/tmpe61i2kfr.swift:7:55: error: cannot find 'binomial_coefficient' in scope\n            sum += binomial_coefficient(n: i, k: j) * binomial_coefficient(n: i, k: j)\n                                                      ^~~~~~~~~~~~~~~~~~~~\n",
      "exit_code": 1,
      "status": "SyntaxError"
    },
    {
      "program": "\n/// Write a python function to find the sum of the product of consecutive binomial co-efficients.\nfunc sum_Of_product(n: Int) -> Int {\n    var sum = 0\n    for i in 1...n {\n        sum += product_of_binomial_coefficients(n: n, k: i)\n    }\n    return sum\n}\n\n\nfunc ==(left: [(Int, Int)], right: [(Int, Int)]) -> Bool {\n    if left.count != right.count {\n        return false\n    }\n    for (l, r) in zip(left, right) {\n        if l != r {\n            return false\n        }\n    }\n    return true\n}\n            \nassert(sum_Of_product(n: 3) == 15)\nassert(sum_Of_product(n: 4) == 56)\nassert(sum_Of_product(n: 1) == 1)",
      "timestamp": 1665510309,
      "stdout": "",
      "stderr": "/tmp/tmpg90w0lrh.swift:6:16: error: cannot find 'product_of_binomial_coefficients' in scope\n        sum += product_of_binomial_coefficients(n: n, k: i)\n               ^~~~~~~~~~~~~~~~~~~~~~~~~~~~~~~~\n",
      "exit_code": 1,
      "status": "SyntaxError"
    },
    {
      "program": "\n/// Write a python function to find the sum of the product of consecutive binomial co-efficients.\nfunc sum_Of_product(n: Int) -> Int {\n    var sum = 0\n    for i in 0...n {\n        sum += product_of_binomial_coefficients(n: n, k: i)\n    }\n    return sum\n}\n\n\nfunc ==(left: [(Int, Int)], right: [(Int, Int)]) -> Bool {\n    if left.count != right.count {\n        return false\n    }\n    for (l, r) in zip(left, right) {\n        if l != r {\n            return false\n        }\n    }\n    return true\n}\n            \nassert(sum_Of_product(n: 3) == 15)\nassert(sum_Of_product(n: 4) == 56)\nassert(sum_Of_product(n: 1) == 1)",
      "timestamp": 1665510309,
      "stdout": "",
      "stderr": "/tmp/tmpryb5yp8f.swift:6:16: error: cannot find 'product_of_binomial_coefficients' in scope\n        sum += product_of_binomial_coefficients(n: n, k: i)\n               ^~~~~~~~~~~~~~~~~~~~~~~~~~~~~~~~\n",
      "exit_code": 1,
      "status": "SyntaxError"
    },
    {
      "program": "\n/// Write a python function to find the sum of the product of consecutive binomial co-efficients.\nfunc sum_Of_product(n: Int) -> Int {\n    var sum = 0\n    for i in 0...n {\n        for j in 0...n {\n            sum += binomialCoefficient(n: n, k: i) * binomialCoefficient(n: n, k: j)\n        }\n    }\n    return sum\n}\n\n\nfunc ==(left: [(Int, Int)], right: [(Int, Int)]) -> Bool {\n    if left.count != right.count {\n        return false\n    }\n    for (l, r) in zip(left, right) {\n        if l != r {\n            return false\n        }\n    }\n    return true\n}\n            \nassert(sum_Of_product(n: 3) == 15)\nassert(sum_Of_product(n: 4) == 56)\nassert(sum_Of_product(n: 1) == 1)",
      "timestamp": 1665510309,
      "stdout": "",
      "stderr": "/tmp/tmp229ftgd6.swift:7:20: error: cannot find 'binomialCoefficient' in scope\n            sum += binomialCoefficient(n: n, k: i) * binomialCoefficient(n: n, k: j)\n                   ^~~~~~~~~~~~~~~~~~~\n/tmp/tmp229ftgd6.swift:7:54: error: cannot find 'binomialCoefficient' in scope\n            sum += binomialCoefficient(n: n, k: i) * binomialCoefficient(n: n, k: j)\n                                                     ^~~~~~~~~~~~~~~~~~~\n",
      "exit_code": 1,
      "status": "SyntaxError"
    },
    {
      "program": "\n/// Write a python function to find the sum of the product of consecutive binomial co-efficients.\nfunc sum_Of_product(n: Int) -> Int {\n    var sum = 0\n    for i in 0...n {\n        for j in 0...n {\n            sum += binomial_coefficient(n: n, k: i) * binomial_coefficient(n: n, k: j)\n        }\n    }\n    return sum\n}\n\n\nfunc ==(left: [(Int, Int)], right: [(Int, Int)]) -> Bool {\n    if left.count != right.count {\n        return false\n    }\n    for (l, r) in zip(left, right) {\n        if l != r {\n            return false\n        }\n    }\n    return true\n}\n            \nassert(sum_Of_product(n: 3) == 15)\nassert(sum_Of_product(n: 4) == 56)\nassert(sum_Of_product(n: 1) == 1)",
      "timestamp": 1666123441,
      "stdout": "",
      "stderr": "/tmp/tmpkm6x36r6.swift:7:20: error: cannot find 'binomial_coefficient' in scope\n            sum += binomial_coefficient(n: n, k: i) * binomial_coefficient(n: n, k: j)\n                   ^~~~~~~~~~~~~~~~~~~~\n/tmp/tmpkm6x36r6.swift:7:55: error: cannot find 'binomial_coefficient' in scope\n            sum += binomial_coefficient(n: n, k: i) * binomial_coefficient(n: n, k: j)\n                                                      ^~~~~~~~~~~~~~~~~~~~\n",
      "exit_code": 1,
      "status": "SyntaxError"
    },
    {
      "program": "\n/// Write a python function to find the sum of the product of consecutive binomial co-efficients.\nfunc sum_Of_product(n: Int) -> Int {\n    var sum = 0\n    for i in 1...n {\n        sum += product(n: i)\n    }\n    return sum\n}\n\n\nfunc ==(left: [(Int, Int)], right: [(Int, Int)]) -> Bool {\n    if left.count != right.count {\n        return false\n    }\n    for (l, r) in zip(left, right) {\n        if l != r {\n            return false\n        }\n    }\n    return true\n}\n            \nassert(sum_Of_product(n: 3) == 15)\nassert(sum_Of_product(n: 4) == 56)\nassert(sum_Of_product(n: 1) == 1)",
      "timestamp": 1665510309,
      "stdout": "",
      "stderr": "/tmp/tmpy8q3jyeb.swift:6:16: error: cannot find 'product' in scope\n        sum += product(n: i)\n               ^~~~~~~\n",
      "exit_code": 1,
      "status": "SyntaxError"
    },
    {
      "program": "\n/// Write a python function to find the sum of the product of consecutive binomial co-efficients.\nfunc sum_Of_product(n: Int) -> Int {\n    var sum = 0\n    for i in 0...n {\n        for j in 0...i {\n            sum += binomialCoeff(n: i, k: j) * binomialCoeff(n: i, k: j)\n        }\n    }\n    return sum\n}\n\n\nfunc ==(left: [(Int, Int)], right: [(Int, Int)]) -> Bool {\n    if left.count != right.count {\n        return false\n    }\n    for (l, r) in zip(left, right) {\n        if l != r {\n            return false\n        }\n    }\n    return true\n}\n            \nassert(sum_Of_product(n: 3) == 15)\nassert(sum_Of_product(n: 4) == 56)\nassert(sum_Of_product(n: 1) == 1)",
      "timestamp": 1666123441,
      "stdout": "",
      "stderr": "/tmp/tmpg4dy6fd3.swift:7:20: error: cannot find 'binomialCoeff' in scope\n            sum += binomialCoeff(n: i, k: j) * binomialCoeff(n: i, k: j)\n                   ^~~~~~~~~~~~~\n/tmp/tmpg4dy6fd3.swift:7:48: error: cannot find 'binomialCoeff' in scope\n            sum += binomialCoeff(n: i, k: j) * binomialCoeff(n: i, k: j)\n                                               ^~~~~~~~~~~~~\n",
      "exit_code": 1,
      "status": "SyntaxError"
    },
    {
      "program": "\n/// Write a python function to find the sum of the product of consecutive binomial co-efficients.\nfunc sum_Of_product(n: Int) -> Int {\n    var sum = 0\n    for i in 0..<n {\n        for j in 0..<n {\n            sum += binomialCoefficient(n: n, k: i) * binomialCoefficient(n: n, k: j)\n        }\n    }\n    return sum\n}\n\n\nfunc ==(left: [(Int, Int)], right: [(Int, Int)]) -> Bool {\n    if left.count != right.count {\n        return false\n    }\n    for (l, r) in zip(left, right) {\n        if l != r {\n            return false\n        }\n    }\n    return true\n}\n            \nassert(sum_Of_product(n: 3) == 15)\nassert(sum_Of_product(n: 4) == 56)\nassert(sum_Of_product(n: 1) == 1)",
      "timestamp": 1666123441,
      "stdout": "",
      "stderr": "/tmp/tmpucgaejaj.swift:7:20: error: cannot find 'binomialCoefficient' in scope\n            sum += binomialCoefficient(n: n, k: i) * binomialCoefficient(n: n, k: j)\n                   ^~~~~~~~~~~~~~~~~~~\n/tmp/tmpucgaejaj.swift:7:54: error: cannot find 'binomialCoefficient' in scope\n            sum += binomialCoefficient(n: n, k: i) * binomialCoefficient(n: n, k: j)\n                                                     ^~~~~~~~~~~~~~~~~~~\n",
      "exit_code": 1,
      "status": "SyntaxError"
    },
    {
      "program": "\n/// Write a python function to find the sum of the product of consecutive binomial co-efficients.\nfunc sum_Of_product(n: Int) -> Int {\n    var sum = 0\n    for i in 1...n {\n        for j in 1...i {\n            sum += binomialCoefficient(n: i, k: j) * binomialCoefficient(n: i, k: j)\n        }\n    }\n    return sum\n}\n\n\nfunc ==(left: [(Int, Int)], right: [(Int, Int)]) -> Bool {\n    if left.count != right.count {\n        return false\n    }\n    for (l, r) in zip(left, right) {\n        if l != r {\n            return false\n        }\n    }\n    return true\n}\n            \nassert(sum_Of_product(n: 3) == 15)\nassert(sum_Of_product(n: 4) == 56)\nassert(sum_Of_product(n: 1) == 1)",
      "timestamp": 1665510309,
      "stdout": "",
      "stderr": "/tmp/tmp246gmb52.swift:7:20: error: cannot find 'binomialCoefficient' in scope\n            sum += binomialCoefficient(n: i, k: j) * binomialCoefficient(n: i, k: j)\n                   ^~~~~~~~~~~~~~~~~~~\n/tmp/tmp246gmb52.swift:7:54: error: cannot find 'binomialCoefficient' in scope\n            sum += binomialCoefficient(n: i, k: j) * binomialCoefficient(n: i, k: j)\n                                                     ^~~~~~~~~~~~~~~~~~~\n",
      "exit_code": 1,
      "status": "SyntaxError"
    },
    {
      "program": "\n/// Write a python function to find the sum of the product of consecutive binomial co-efficients.\nfunc sum_Of_product(n: Int) -> Int {\n    var sum = 0\n    for i in 1...n {\n        for j in 1...n {\n            sum += binomial_coefficient(n: i, k: j)\n        }\n    }\n    return sum\n}\n\n\nfunc ==(left: [(Int, Int)], right: [(Int, Int)]) -> Bool {\n    if left.count != right.count {\n        return false\n    }\n    for (l, r) in zip(left, right) {\n        if l != r {\n            return false\n        }\n    }\n    return true\n}\n            \nassert(sum_Of_product(n: 3) == 15)\nassert(sum_Of_product(n: 4) == 56)\nassert(sum_Of_product(n: 1) == 1)",
      "timestamp": 1666123441,
      "stdout": "",
      "stderr": "/tmp/tmpn2os_ghn.swift:7:20: error: cannot find 'binomial_coefficient' in scope\n            sum += binomial_coefficient(n: i, k: j)\n                   ^~~~~~~~~~~~~~~~~~~~\n",
      "exit_code": 1,
      "status": "SyntaxError"
    },
    {
      "program": "\n/// Write a python function to find the sum of the product of consecutive binomial co-efficients.\nfunc sum_Of_product(n: Int) -> Int {\n    var sum = 0\n    for i in 1...n {\n        sum += product_of_binomial_coefficients(n: n, k: i)\n    }\n    return sum\n}\n\n\nfunc ==(left: [(Int, Int)], right: [(Int, Int)]) -> Bool {\n    if left.count != right.count {\n        return false\n    }\n    for (l, r) in zip(left, right) {\n        if l != r {\n            return false\n        }\n    }\n    return true\n}\n            \nassert(sum_Of_product(n: 3) == 15)\nassert(sum_Of_product(n: 4) == 56)\nassert(sum_Of_product(n: 1) == 1)",
      "timestamp": 1665510309,
      "stdout": "",
      "stderr": "/tmp/tmpg90w0lrh.swift:6:16: error: cannot find 'product_of_binomial_coefficients' in scope\n        sum += product_of_binomial_coefficients(n: n, k: i)\n               ^~~~~~~~~~~~~~~~~~~~~~~~~~~~~~~~\n",
      "exit_code": 1,
      "status": "SyntaxError"
    },
    {
      "program": "\n/// Write a python function to find the sum of the product of consecutive binomial co-efficients.\nfunc sum_Of_product(n: Int) -> Int {\n    var sum = 0\n    for i in 0...n {\n        for j in 0...n {\n            sum += binomialCoefficient(n: n, k: i) * binomialCoefficient(n: n, k: j)\n        }\n    }\n    return sum\n}\n\n\nfunc ==(left: [(Int, Int)], right: [(Int, Int)]) -> Bool {\n    if left.count != right.count {\n        return false\n    }\n    for (l, r) in zip(left, right) {\n        if l != r {\n            return false\n        }\n    }\n    return true\n}\n            \nassert(sum_Of_product(n: 3) == 15)\nassert(sum_Of_product(n: 4) == 56)\nassert(sum_Of_product(n: 1) == 1)",
      "timestamp": 1665510309,
      "stdout": "",
      "stderr": "/tmp/tmp229ftgd6.swift:7:20: error: cannot find 'binomialCoefficient' in scope\n            sum += binomialCoefficient(n: n, k: i) * binomialCoefficient(n: n, k: j)\n                   ^~~~~~~~~~~~~~~~~~~\n/tmp/tmp229ftgd6.swift:7:54: error: cannot find 'binomialCoefficient' in scope\n            sum += binomialCoefficient(n: n, k: i) * binomialCoefficient(n: n, k: j)\n                                                     ^~~~~~~~~~~~~~~~~~~\n",
      "exit_code": 1,
      "status": "SyntaxError"
    },
    {
      "program": "\n/// Write a python function to find the sum of the product of consecutive binomial co-efficients.\nfunc sum_Of_product(n: Int) -> Int {\n    var sum = 0\n    for i in 1...n {\n        sum += product(n: i)\n    }\n    return sum\n}\n\n\nfunc ==(left: [(Int, Int)], right: [(Int, Int)]) -> Bool {\n    if left.count != right.count {\n        return false\n    }\n    for (l, r) in zip(left, right) {\n        if l != r {\n            return false\n        }\n    }\n    return true\n}\n            \nassert(sum_Of_product(n: 3) == 15)\nassert(sum_Of_product(n: 4) == 56)\nassert(sum_Of_product(n: 1) == 1)",
      "timestamp": 1665510309,
      "stdout": "",
      "stderr": "/tmp/tmpy8q3jyeb.swift:6:16: error: cannot find 'product' in scope\n        sum += product(n: i)\n               ^~~~~~~\n",
      "exit_code": 1,
      "status": "SyntaxError"
    },
    {
      "program": "\n/// Write a python function to find the sum of the product of consecutive binomial co-efficients.\nfunc sum_Of_product(n: Int) -> Int {\n    var sum = 0\n    for i in 1...n {\n        sum += product(n: i)\n    }\n    return sum\n}\n\n\nfunc ==(left: [(Int, Int)], right: [(Int, Int)]) -> Bool {\n    if left.count != right.count {\n        return false\n    }\n    for (l, r) in zip(left, right) {\n        if l != r {\n            return false\n        }\n    }\n    return true\n}\n            \nassert(sum_Of_product(n: 3) == 15)\nassert(sum_Of_product(n: 4) == 56)\nassert(sum_Of_product(n: 1) == 1)",
      "timestamp": 1665510309,
      "stdout": "",
      "stderr": "/tmp/tmpy8q3jyeb.swift:6:16: error: cannot find 'product' in scope\n        sum += product(n: i)\n               ^~~~~~~\n",
      "exit_code": 1,
      "status": "SyntaxError"
    },
    {
      "program": "\n/// Write a python function to find the sum of the product of consecutive binomial co-efficients.\nfunc sum_Of_product(n: Int) -> Int {\n    var sum = 0\n    for i in 1...n {\n        for j in 1...i {\n            sum += binomial_coefficient(n: i, k: j) * binomial_coefficient(n: i, k: j)\n        }\n    }\n    return sum\n}\n\n\nfunc ==(left: [(Int, Int)], right: [(Int, Int)]) -> Bool {\n    if left.count != right.count {\n        return false\n    }\n    for (l, r) in zip(left, right) {\n        if l != r {\n            return false\n        }\n    }\n    return true\n}\n            \nassert(sum_Of_product(n: 3) == 15)\nassert(sum_Of_product(n: 4) == 56)\nassert(sum_Of_product(n: 1) == 1)",
      "timestamp": 1665510309,
      "stdout": "",
      "stderr": "/tmp/tmpe61i2kfr.swift:7:20: error: cannot find 'binomial_coefficient' in scope\n            sum += binomial_coefficient(n: i, k: j) * binomial_coefficient(n: i, k: j)\n                   ^~~~~~~~~~~~~~~~~~~~\n/tmp/tmpe61i2kfr.swift:7:55: error: cannot find 'binomial_coefficient' in scope\n            sum += binomial_coefficient(n: i, k: j) * binomial_coefficient(n: i, k: j)\n                                                      ^~~~~~~~~~~~~~~~~~~~\n",
      "exit_code": 1,
      "status": "SyntaxError"
    }
  ]
}