{
  "name": "mbpp_448_cal_sum",
  "language": "ts",
  "prompt": "//Write a function to calculate the sum of perrin numbers.\nfunction cal_sum(n: number): number {\n",
  "doctests": "keep",
  "original": "/home/arjun/repos/MultiPL-E/datasets/../datasets/mbpp-typed/mbpp_448_cal_sum.py",
  "prompt_terminology": "verbatim",
  "tests": "declare var require: any;\nconst assert = require('node:assert');\n\n\nfunction test() {\n  let candidate = cal_sum;\n  assert.deepEqual(candidate(9),49);\n  assert.deepEqual(candidate(10),66);\n  assert.deepEqual(candidate(11),88);\n}\n\ntest();",
  "stop_tokens": [
    "\nfunction ",
    "\n/*",
    "\n//",
    "\nclass"
  ],
  "results": [
    {
      "program": "//Write a function to calculate the sum of perrin numbers.\nfunction cal_sum(n: number): number {\n    let sum = 0;\n    let arr = [3, 0, 2];\n    for (let i = 3; i <= n; i++) {\n        arr[i] = arr[i - 2] + arr[i - 3];\n        sum += arr[i];\n    }\n    return sum;\n}\n\ndeclare var require: any;\nconst assert = require('node:assert');\n\n\nfunction test() {\n  let candidate = cal_sum;\n  assert.deepEqual(candidate(9),49);\n  assert.deepEqual(candidate(10),66);\n  assert.deepEqual(candidate(11),88);\n}\n\ntest();",
      "timestamp": 1665510094,
      "stdout": "",
      "stderr": "node:assert:124\n  throw new AssertionError(obj);\n  ^\n\nAssertionError [ERR_ASSERTION]: Expected values to be loosely deep-equal:\n\n44\n\nshould loosely deep-equal\n\n49\n    at test (/tmp/tmpvsb1hhrc.js:14:12)\n    at Object.<anonymous> (/tmp/tmpvsb1hhrc.js:18:1)\n    at Module._compile (node:internal/modules/cjs/loader:1120:14)\n    at Module._extensions..js (node:internal/modules/cjs/loader:1174:10)\n    at Module.load (node:internal/modules/cjs/loader:998:32)\n    at Module._load (node:internal/modules/cjs/loader:839:12)\n    at Function.executeUserEntryPoint [as runMain] (node:internal/modules/run_main:81:12)\n    at node:internal/main/run_main_module:17:47 {\n  generatedMessage: true,\n  code: 'ERR_ASSERTION',\n  actual: 44,\n  expected: 49,\n  operator: 'deepEqual'\n}\n\nNode.js v18.7.0\n",
      "exit_code": 1,
      "status": "AssertionError"
    },
    {
      "program": "//Write a function to calculate the sum of perrin numbers.\nfunction cal_sum(n: number): number {\n    let sum = 0;\n    for (let i = 0; i < n; i++) {\n        sum += perrin(i);\n    }\n    return sum;\n}\n\ndeclare var require: any;\nconst assert = require('node:assert');\n\n\nfunction test() {\n  let candidate = cal_sum;\n  assert.deepEqual(candidate(9),49);\n  assert.deepEqual(candidate(10),66);\n  assert.deepEqual(candidate(11),88);\n}\n\ntest();",
      "timestamp": 1665510092,
      "stdout": "../../../../tmp/tmpqwpcvi0c.ts(5,16): error TS2304: Cannot find name 'perrin'.\n",
      "stderr": "",
      "exit_code": 2,
      "status": "SyntaxError"
    },
    {
      "program": "//Write a function to calculate the sum of perrin numbers.\nfunction cal_sum(n: number): number {\n    let sum = 0;\n    let perrin = [3, 0, 2];\n    for (let i = 0; i < n; i++) {\n        sum += perrin[2];\n        perrin[0] = perrin[1];\n        perrin[1] = perrin[2];\n        perrin[2] = perrin[0] + perrin[1];\n    }\n    return sum;\n}\n\ndeclare var require: any;\nconst assert = require('node:assert');\n\n\nfunction test() {\n  let candidate = cal_sum;\n  assert.deepEqual(candidate(9),49);\n  assert.deepEqual(candidate(10),66);\n  assert.deepEqual(candidate(11),88);\n}\n\ntest();",
      "timestamp": 1665510094,
      "stdout": "",
      "stderr": "node:assert:124\n  throw new AssertionError(obj);\n  ^\n\nAssertionError [ERR_ASSERTION]: Expected values to be loosely deep-equal:\n\n176\n\nshould loosely deep-equal\n\n49\n    at test (/tmp/tmpdw5k7e7g.js:16:12)\n    at Object.<anonymous> (/tmp/tmpdw5k7e7g.js:20:1)\n    at Module._compile (node:internal/modules/cjs/loader:1120:14)\n    at Module._extensions..js (node:internal/modules/cjs/loader:1174:10)\n    at Module.load (node:internal/modules/cjs/loader:998:32)\n    at Module._load (node:internal/modules/cjs/loader:839:12)\n    at Function.executeUserEntryPoint [as runMain] (node:internal/modules/run_main:81:12)\n    at node:internal/main/run_main_module:17:47 {\n  generatedMessage: true,\n  code: 'ERR_ASSERTION',\n  actual: 176,\n  expected: 49,\n  operator: 'deepEqual'\n}\n\nNode.js v18.7.0\n",
      "exit_code": 1,
      "status": "AssertionError"
    },
    {
      "program": "//Write a function to calculate the sum of perrin numbers.\nfunction cal_sum(n: number): number {\n    let sum = 0;\n    for (let i = 0; i <= n; i++) {\n        sum += perrin(i);\n    }\n    return sum;\n}\n\ndeclare var require: any;\nconst assert = require('node:assert');\n\n\nfunction test() {\n  let candidate = cal_sum;\n  assert.deepEqual(candidate(9),49);\n  assert.deepEqual(candidate(10),66);\n  assert.deepEqual(candidate(11),88);\n}\n\ntest();",
      "timestamp": 1665510092,
      "stdout": "../../../../tmp/tmpkjd1szgu.ts(5,16): error TS2304: Cannot find name 'perrin'.\n",
      "stderr": "",
      "exit_code": 2,
      "status": "SyntaxError"
    },
    {
      "program": "//Write a function to calculate the sum of perrin numbers.\nfunction cal_sum(n: number): number {\n    let sum = 0;\n    for (let i = 0; i < n; i++) {\n        sum += perrin(i);\n    }\n    return sum;\n}\n\ndeclare var require: any;\nconst assert = require('node:assert');\n\n\nfunction test() {\n  let candidate = cal_sum;\n  assert.deepEqual(candidate(9),49);\n  assert.deepEqual(candidate(10),66);\n  assert.deepEqual(candidate(11),88);\n}\n\ntest();",
      "timestamp": 1665510092,
      "stdout": "../../../../tmp/tmpqwpcvi0c.ts(5,16): error TS2304: Cannot find name 'perrin'.\n",
      "stderr": "",
      "exit_code": 2,
      "status": "SyntaxError"
    },
    {
      "program": "//Write a function to calculate the sum of perrin numbers.\nfunction cal_sum(n: number): number {\n    let sum = 0;\n    for (let i = 0; i < n; i++) {\n        sum += perrin(i);\n    }\n    return sum;\n}\n\ndeclare var require: any;\nconst assert = require('node:assert');\n\n\nfunction test() {\n  let candidate = cal_sum;\n  assert.deepEqual(candidate(9),49);\n  assert.deepEqual(candidate(10),66);\n  assert.deepEqual(candidate(11),88);\n}\n\ntest();",
      "timestamp": 1665510092,
      "stdout": "../../../../tmp/tmpqwpcvi0c.ts(5,16): error TS2304: Cannot find name 'perrin'.\n",
      "stderr": "",
      "exit_code": 2,
      "status": "SyntaxError"
    },
    {
      "program": "//Write a function to calculate the sum of perrin numbers.\nfunction cal_sum(n: number): number {\n    let sum = 0;\n    for (let i = 0; i < n; i++) {\n        sum += perrin(i);\n    }\n    return sum;\n}\n\ndeclare var require: any;\nconst assert = require('node:assert');\n\n\nfunction test() {\n  let candidate = cal_sum;\n  assert.deepEqual(candidate(9),49);\n  assert.deepEqual(candidate(10),66);\n  assert.deepEqual(candidate(11),88);\n}\n\ntest();",
      "timestamp": 1665510092,
      "stdout": "../../../../tmp/tmpqwpcvi0c.ts(5,16): error TS2304: Cannot find name 'perrin'.\n",
      "stderr": "",
      "exit_code": 2,
      "status": "SyntaxError"
    },
    {
      "program": "//Write a function to calculate the sum of perrin numbers.\nfunction cal_sum(n: number): number {\n    let sum = 0;\n    for (let i = 0; i <= n; i++) {\n        sum += perrin(i);\n    }\n    return sum;\n}\n\ndeclare var require: any;\nconst assert = require('node:assert');\n\n\nfunction test() {\n  let candidate = cal_sum;\n  assert.deepEqual(candidate(9),49);\n  assert.deepEqual(candidate(10),66);\n  assert.deepEqual(candidate(11),88);\n}\n\ntest();",
      "timestamp": 1665510092,
      "stdout": "../../../../tmp/tmpkjd1szgu.ts(5,16): error TS2304: Cannot find name 'perrin'.\n",
      "stderr": "",
      "exit_code": 2,
      "status": "SyntaxError"
    },
    {
      "program": "//Write a function to calculate the sum of perrin numbers.\nfunction cal_sum(n: number): number {\n    let sum = 0;\n    for (let i = 0; i <= n; i++) {\n        sum += perrin(i);\n    }\n    return sum;\n}\n\ndeclare var require: any;\nconst assert = require('node:assert');\n\n\nfunction test() {\n  let candidate = cal_sum;\n  assert.deepEqual(candidate(9),49);\n  assert.deepEqual(candidate(10),66);\n  assert.deepEqual(candidate(11),88);\n}\n\ntest();",
      "timestamp": 1665510092,
      "stdout": "../../../../tmp/tmpkjd1szgu.ts(5,16): error TS2304: Cannot find name 'perrin'.\n",
      "stderr": "",
      "exit_code": 2,
      "status": "SyntaxError"
    },
    {
      "program": "//Write a function to calculate the sum of perrin numbers.\nfunction cal_sum(n: number): number {\n    let sum = 0;\n    for (let i = 0; i < n; i++) {\n        sum += perrin(i);\n    }\n    return sum;\n}\n\ndeclare var require: any;\nconst assert = require('node:assert');\n\n\nfunction test() {\n  let candidate = cal_sum;\n  assert.deepEqual(candidate(9),49);\n  assert.deepEqual(candidate(10),66);\n  assert.deepEqual(candidate(11),88);\n}\n\ntest();",
      "timestamp": 1665510092,
      "stdout": "../../../../tmp/tmpqwpcvi0c.ts(5,16): error TS2304: Cannot find name 'perrin'.\n",
      "stderr": "",
      "exit_code": 2,
      "status": "SyntaxError"
    },
    {
      "program": "//Write a function to calculate the sum of perrin numbers.\nfunction cal_sum(n: number): number {\n    let sum = 0;\n    for (let i = 0; i < n; i++) {\n        sum += perrin(i);\n    }\n    return sum;\n}\n\ndeclare var require: any;\nconst assert = require('node:assert');\n\n\nfunction test() {\n  let candidate = cal_sum;\n  assert.deepEqual(candidate(9),49);\n  assert.deepEqual(candidate(10),66);\n  assert.deepEqual(candidate(11),88);\n}\n\ntest();",
      "timestamp": 1665510092,
      "stdout": "../../../../tmp/tmpqwpcvi0c.ts(5,16): error TS2304: Cannot find name 'perrin'.\n",
      "stderr": "",
      "exit_code": 2,
      "status": "SyntaxError"
    },
    {
      "program": "//Write a function to calculate the sum of perrin numbers.\nfunction cal_sum(n: number): number {\n    let sum = 0;\n    for (let i = 0; i <= n; i++) {\n        sum += perrin(i);\n    }\n    return sum;\n}\n\ndeclare var require: any;\nconst assert = require('node:assert');\n\n\nfunction test() {\n  let candidate = cal_sum;\n  assert.deepEqual(candidate(9),49);\n  assert.deepEqual(candidate(10),66);\n  assert.deepEqual(candidate(11),88);\n}\n\ntest();",
      "timestamp": 1665510092,
      "stdout": "../../../../tmp/tmpkjd1szgu.ts(5,16): error TS2304: Cannot find name 'perrin'.\n",
      "stderr": "",
      "exit_code": 2,
      "status": "SyntaxError"
    },
    {
      "program": "//Write a function to calculate the sum of perrin numbers.\nfunction cal_sum(n: number): number {\n  let sum = 0;\n  for (let i = 0; i <= n; i++) {\n    sum += perrin(i);\n  }\n  return sum;\n}\n\ndeclare var require: any;\nconst assert = require('node:assert');\n\n\nfunction test() {\n  let candidate = cal_sum;\n  assert.deepEqual(candidate(9),49);\n  assert.deepEqual(candidate(10),66);\n  assert.deepEqual(candidate(11),88);\n}\n\ntest();",
      "timestamp": 1665510093,
      "stdout": "../../../../tmp/tmpbgdwk82r.ts(5,12): error TS2304: Cannot find name 'perrin'.\n",
      "stderr": "",
      "exit_code": 2,
      "status": "SyntaxError"
    },
    {
      "program": "//Write a function to calculate the sum of perrin numbers.\nfunction cal_sum(n: number): number {\n    let sum = 0;\n    let perrin = [3, 0, 2];\n    for (let i = 0; i < n; i++) {\n        sum += perrin[2];\n        perrin[0] = perrin[1];\n        perrin[1] = perrin[2];\n        perrin[2] = perrin[0] + perrin[1];\n    }\n    return sum;\n}\n\ndeclare var require: any;\nconst assert = require('node:assert');\n\n\nfunction test() {\n  let candidate = cal_sum;\n  assert.deepEqual(candidate(9),49);\n  assert.deepEqual(candidate(10),66);\n  assert.deepEqual(candidate(11),88);\n}\n\ntest();",
      "timestamp": 1665510094,
      "stdout": "",
      "stderr": "node:assert:124\n  throw new AssertionError(obj);\n  ^\n\nAssertionError [ERR_ASSERTION]: Expected values to be loosely deep-equal:\n\n176\n\nshould loosely deep-equal\n\n49\n    at test (/tmp/tmpdw5k7e7g.js:16:12)\n    at Object.<anonymous> (/tmp/tmpdw5k7e7g.js:20:1)\n    at Module._compile (node:internal/modules/cjs/loader:1120:14)\n    at Module._extensions..js (node:internal/modules/cjs/loader:1174:10)\n    at Module.load (node:internal/modules/cjs/loader:998:32)\n    at Module._load (node:internal/modules/cjs/loader:839:12)\n    at Function.executeUserEntryPoint [as runMain] (node:internal/modules/run_main:81:12)\n    at node:internal/main/run_main_module:17:47 {\n  generatedMessage: true,\n  code: 'ERR_ASSERTION',\n  actual: 176,\n  expected: 49,\n  operator: 'deepEqual'\n}\n\nNode.js v18.7.0\n",
      "exit_code": 1,
      "status": "AssertionError"
    },
    {
      "program": "//Write a function to calculate the sum of perrin numbers.\nfunction cal_sum(n: number): number {\n    let sum = 0;\n    for (let i = 0; i < n; i++) {\n        sum += perrin(i);\n    }\n    return sum;\n}\n\ndeclare var require: any;\nconst assert = require('node:assert');\n\n\nfunction test() {\n  let candidate = cal_sum;\n  assert.deepEqual(candidate(9),49);\n  assert.deepEqual(candidate(10),66);\n  assert.deepEqual(candidate(11),88);\n}\n\ntest();",
      "timestamp": 1665510092,
      "stdout": "../../../../tmp/tmpqwpcvi0c.ts(5,16): error TS2304: Cannot find name 'perrin'.\n",
      "stderr": "",
      "exit_code": 2,
      "status": "SyntaxError"
    },
    {
      "program": "//Write a function to calculate the sum of perrin numbers.\nfunction cal_sum(n: number): number {\n    let sum: number = 0;\n    for (let i: number = 0; i < n; i++) {\n        sum += perrin(i);\n    }\n    return sum;\n}\n\ndeclare var require: any;\nconst assert = require('node:assert');\n\n\nfunction test() {\n  let candidate = cal_sum;\n  assert.deepEqual(candidate(9),49);\n  assert.deepEqual(candidate(10),66);\n  assert.deepEqual(candidate(11),88);\n}\n\ntest();",
      "timestamp": 1665510092,
      "stdout": "../../../../tmp/tmpdv1br3id.ts(5,16): error TS2304: Cannot find name 'perrin'.\n",
      "stderr": "",
      "exit_code": 2,
      "status": "SyntaxError"
    },
    {
      "program": "//Write a function to calculate the sum of perrin numbers.\nfunction cal_sum(n: number): number {\n    let sum = 0;\n    for (let i = 0; i < n; i++) {\n        sum += perrin(i);\n    }\n    return sum;\n}\n\ndeclare var require: any;\nconst assert = require('node:assert');\n\n\nfunction test() {\n  let candidate = cal_sum;\n  assert.deepEqual(candidate(9),49);\n  assert.deepEqual(candidate(10),66);\n  assert.deepEqual(candidate(11),88);\n}\n\ntest();",
      "timestamp": 1665510092,
      "stdout": "../../../../tmp/tmpqwpcvi0c.ts(5,16): error TS2304: Cannot find name 'perrin'.\n",
      "stderr": "",
      "exit_code": 2,
      "status": "SyntaxError"
    },
    {
      "program": "//Write a function to calculate the sum of perrin numbers.\nfunction cal_sum(n: number): number {\n    let sum: number = 0;\n    for (let i: number = 0; i < n; i++) {\n        sum += perrin(i);\n    }\n    return sum;\n}\n\ndeclare var require: any;\nconst assert = require('node:assert');\n\n\nfunction test() {\n  let candidate = cal_sum;\n  assert.deepEqual(candidate(9),49);\n  assert.deepEqual(candidate(10),66);\n  assert.deepEqual(candidate(11),88);\n}\n\ntest();",
      "timestamp": 1665510092,
      "stdout": "../../../../tmp/tmpdv1br3id.ts(5,16): error TS2304: Cannot find name 'perrin'.\n",
      "stderr": "",
      "exit_code": 2,
      "status": "SyntaxError"
    },
    {
      "program": "//Write a function to calculate the sum of perrin numbers.\nfunction cal_sum(n: number): number {\n    let sum: number = 0;\n    for (let i: number = 0; i <= n; i++) {\n        sum += perrin(i);\n    }\n    return sum;\n}\n\ndeclare var require: any;\nconst assert = require('node:assert');\n\n\nfunction test() {\n  let candidate = cal_sum;\n  assert.deepEqual(candidate(9),49);\n  assert.deepEqual(candidate(10),66);\n  assert.deepEqual(candidate(11),88);\n}\n\ntest();",
      "timestamp": 1665510092,
      "stdout": "../../../../tmp/tmpl0s8e99k.ts(5,16): error TS2304: Cannot find name 'perrin'.\n",
      "stderr": "",
      "exit_code": 2,
      "status": "SyntaxError"
    },
    {
      "program": "//Write a function to calculate the sum of perrin numbers.\nfunction cal_sum(n: number): number {\n  let sum = 0;\n  for (let i = 0; i < n; i++) {\n    sum += perrin(i);\n  }\n  return sum;\n}\n\ndeclare var require: any;\nconst assert = require('node:assert');\n\n\nfunction test() {\n  let candidate = cal_sum;\n  assert.deepEqual(candidate(9),49);\n  assert.deepEqual(candidate(10),66);\n  assert.deepEqual(candidate(11),88);\n}\n\ntest();",
      "timestamp": 1665510093,
      "stdout": "../../../../tmp/tmpvjhsxoeh.ts(5,12): error TS2304: Cannot find name 'perrin'.\n",
      "stderr": "",
      "exit_code": 2,
      "status": "SyntaxError"
    },
    {
      "program": "//Write a function to calculate the sum of perrin numbers.\nfunction cal_sum(n: number): number {\n    let sum = 0;\n    for (let i = 0; i <= n; i++) {\n        sum += perrin(i);\n    }\n    return sum;\n}\n\ndeclare var require: any;\nconst assert = require('node:assert');\n\n\nfunction test() {\n  let candidate = cal_sum;\n  assert.deepEqual(candidate(9),49);\n  assert.deepEqual(candidate(10),66);\n  assert.deepEqual(candidate(11),88);\n}\n\ntest();",
      "timestamp": 1665510092,
      "stdout": "../../../../tmp/tmpkjd1szgu.ts(5,16): error TS2304: Cannot find name 'perrin'.\n",
      "stderr": "",
      "exit_code": 2,
      "status": "SyntaxError"
    },
    {
      "program": "//Write a function to calculate the sum of perrin numbers.\nfunction cal_sum(n: number): number {\n    let sum: number = 0;\n    for (let i = 0; i <= n; i++) {\n        sum += perrin(i);\n    }\n    return sum;\n}\n\ndeclare var require: any;\nconst assert = require('node:assert');\n\n\nfunction test() {\n  let candidate = cal_sum;\n  assert.deepEqual(candidate(9),49);\n  assert.deepEqual(candidate(10),66);\n  assert.deepEqual(candidate(11),88);\n}\n\ntest();",
      "timestamp": 1665510092,
      "stdout": "../../../../tmp/tmpr2xz9z5y.ts(5,16): error TS2304: Cannot find name 'perrin'.\n",
      "stderr": "",
      "exit_code": 2,
      "status": "SyntaxError"
    },
    {
      "program": "//Write a function to calculate the sum of perrin numbers.\nfunction cal_sum(n: number): number {\n    let sum = 0;\n    for (let i = 0; i <= n; i++) {\n        sum += perrin(i);\n    }\n    return sum;\n}\n\ndeclare var require: any;\nconst assert = require('node:assert');\n\n\nfunction test() {\n  let candidate = cal_sum;\n  assert.deepEqual(candidate(9),49);\n  assert.deepEqual(candidate(10),66);\n  assert.deepEqual(candidate(11),88);\n}\n\ntest();",
      "timestamp": 1665510092,
      "stdout": "../../../../tmp/tmpkjd1szgu.ts(5,16): error TS2304: Cannot find name 'perrin'.\n",
      "stderr": "",
      "exit_code": 2,
      "status": "SyntaxError"
    },
    {
      "program": "//Write a function to calculate the sum of perrin numbers.\nfunction cal_sum(n: number): number {\n    let sum: number = 0;\n    let perrin_numbers: number[] = [];\n    perrin_numbers[0] = 3;\n    perrin_numbers[1] = 0;\n    perrin_numbers[2] = 2;\n    for (let i = 3; i <= n; i++) {\n        perrin_numbers[i] = perrin_numbers[i - 2] + perrin_numbers[i - 3];\n    }\n    for (let i = 0; i <= n; i++) {\n        sum += perrin_numbers[i];\n    }\n    return sum;\n}\n\ndeclare var require: any;\nconst assert = require('node:assert');\n\n\nfunction test() {\n  let candidate = cal_sum;\n  assert.deepEqual(candidate(9),49);\n  assert.deepEqual(candidate(10),66);\n  assert.deepEqual(candidate(11),88);\n}\n\ntest();",
      "timestamp": 1666123400,
      "stdout": "",
      "stderr": "",
      "exit_code": 0,
      "status": "OK"
    },
    {
      "program": "//Write a function to calculate the sum of perrin numbers.\nfunction cal_sum(n: number): number {\n    let sum = 0;\n    for (let i = 0; i <= n; i++) {\n        sum += perrin(i);\n    }\n    return sum;\n}\n\ndeclare var require: any;\nconst assert = require('node:assert');\n\n\nfunction test() {\n  let candidate = cal_sum;\n  assert.deepEqual(candidate(9),49);\n  assert.deepEqual(candidate(10),66);\n  assert.deepEqual(candidate(11),88);\n}\n\ntest();",
      "timestamp": 1665510092,
      "stdout": "../../../../tmp/tmpkjd1szgu.ts(5,16): error TS2304: Cannot find name 'perrin'.\n",
      "stderr": "",
      "exit_code": 2,
      "status": "SyntaxError"
    },
    {
      "program": "//Write a function to calculate the sum of perrin numbers.\nfunction cal_sum(n: number): number {\n    let sum = 0;\n    for (let i = 0; i <= n; i++) {\n        sum += perrin(i);\n    }\n    return sum;\n}\n\ndeclare var require: any;\nconst assert = require('node:assert');\n\n\nfunction test() {\n  let candidate = cal_sum;\n  assert.deepEqual(candidate(9),49);\n  assert.deepEqual(candidate(10),66);\n  assert.deepEqual(candidate(11),88);\n}\n\ntest();",
      "timestamp": 1665510092,
      "stdout": "../../../../tmp/tmpkjd1szgu.ts(5,16): error TS2304: Cannot find name 'perrin'.\n",
      "stderr": "",
      "exit_code": 2,
      "status": "SyntaxError"
    },
    {
      "program": "//Write a function to calculate the sum of perrin numbers.\nfunction cal_sum(n: number): number {\n    let sum = 0;\n    for (let i = 0; i <= n; i++) {\n        sum += perrin(i);\n    }\n    return sum;\n}\n\ndeclare var require: any;\nconst assert = require('node:assert');\n\n\nfunction test() {\n  let candidate = cal_sum;\n  assert.deepEqual(candidate(9),49);\n  assert.deepEqual(candidate(10),66);\n  assert.deepEqual(candidate(11),88);\n}\n\ntest();",
      "timestamp": 1665510092,
      "stdout": "../../../../tmp/tmpkjd1szgu.ts(5,16): error TS2304: Cannot find name 'perrin'.\n",
      "stderr": "",
      "exit_code": 2,
      "status": "SyntaxError"
    },
    {
      "program": "//Write a function to calculate the sum of perrin numbers.\nfunction cal_sum(n: number): number {\n    let sum: number = 0;\n    let perrin: number[] = [3, 0, 2];\n    for (let i: number = 0; i < n; i++) {\n        sum += perrin[2];\n        perrin[0] = perrin[1];\n        perrin[1] = perrin[2];\n        perrin[2] = perrin[0] + perrin[1];\n    }\n    return sum;\n}\n\ndeclare var require: any;\nconst assert = require('node:assert');\n\n\nfunction test() {\n  let candidate = cal_sum;\n  assert.deepEqual(candidate(9),49);\n  assert.deepEqual(candidate(10),66);\n  assert.deepEqual(candidate(11),88);\n}\n\ntest();",
      "timestamp": 1665510092,
      "stdout": "",
      "stderr": "node:assert:124\n  throw new AssertionError(obj);\n  ^\n\nAssertionError [ERR_ASSERTION]: Expected values to be loosely deep-equal:\n\n176\n\nshould loosely deep-equal\n\n49\n    at test (/tmp/tmpici54uwb.js:16:12)\n    at Object.<anonymous> (/tmp/tmpici54uwb.js:20:1)\n    at Module._compile (node:internal/modules/cjs/loader:1120:14)\n    at Module._extensions..js (node:internal/modules/cjs/loader:1174:10)\n    at Module.load (node:internal/modules/cjs/loader:998:32)\n    at Module._load (node:internal/modules/cjs/loader:839:12)\n    at Function.executeUserEntryPoint [as runMain] (node:internal/modules/run_main:81:12)\n    at node:internal/main/run_main_module:17:47 {\n  generatedMessage: true,\n  code: 'ERR_ASSERTION',\n  actual: 176,\n  expected: 49,\n  operator: 'deepEqual'\n}\n\nNode.js v18.7.0\n",
      "exit_code": 1,
      "status": "AssertionError"
    },
    {
      "program": "//Write a function to calculate the sum of perrin numbers.\nfunction cal_sum(n: number): number {\n    let sum = 0;\n    for (let i = 0; i <= n; i++) {\n        sum += perrin(i);\n    }\n    return sum;\n}\n\ndeclare var require: any;\nconst assert = require('node:assert');\n\n\nfunction test() {\n  let candidate = cal_sum;\n  assert.deepEqual(candidate(9),49);\n  assert.deepEqual(candidate(10),66);\n  assert.deepEqual(candidate(11),88);\n}\n\ntest();",
      "timestamp": 1665510092,
      "stdout": "../../../../tmp/tmpkjd1szgu.ts(5,16): error TS2304: Cannot find name 'perrin'.\n",
      "stderr": "",
      "exit_code": 2,
      "status": "SyntaxError"
    },
    {
      "program": "//Write a function to calculate the sum of perrin numbers.\nfunction cal_sum(n: number): number {\n    let sum = 0;\n    for (let i = 0; i < n; i++) {\n        sum += perrin(i);\n    }\n    return sum;\n}\n\ndeclare var require: any;\nconst assert = require('node:assert');\n\n\nfunction test() {\n  let candidate = cal_sum;\n  assert.deepEqual(candidate(9),49);\n  assert.deepEqual(candidate(10),66);\n  assert.deepEqual(candidate(11),88);\n}\n\ntest();",
      "timestamp": 1665510092,
      "stdout": "../../../../tmp/tmpqwpcvi0c.ts(5,16): error TS2304: Cannot find name 'perrin'.\n",
      "stderr": "",
      "exit_code": 2,
      "status": "SyntaxError"
    },
    {
      "program": "//Write a function to calculate the sum of perrin numbers.\nfunction cal_sum(n: number): number {\n    let sum = 0;\n    let perrin = [3, 0, 2];\n    for (let i = 3; i < n; i++) {\n        perrin[i] = perrin[i - 2] + perrin[i - 3];\n    }\n    for (let i = 0; i < n; i++) {\n        sum += perrin[i];\n    }\n    return sum;\n}\n\ndeclare var require: any;\nconst assert = require('node:assert');\n\n\nfunction test() {\n  let candidate = cal_sum;\n  assert.deepEqual(candidate(9),49);\n  assert.deepEqual(candidate(10),66);\n  assert.deepEqual(candidate(11),88);\n}\n\ntest();",
      "timestamp": 1665510092,
      "stdout": "",
      "stderr": "node:assert:124\n  throw new AssertionError(obj);\n  ^\n\nAssertionError [ERR_ASSERTION]: Expected values to be loosely deep-equal:\n\n37\n\nshould loosely deep-equal\n\n49\n    at test (/tmp/tmp71b5gxsh.js:16:12)\n    at Object.<anonymous> (/tmp/tmp71b5gxsh.js:20:1)\n    at Module._compile (node:internal/modules/cjs/loader:1120:14)\n    at Module._extensions..js (node:internal/modules/cjs/loader:1174:10)\n    at Module.load (node:internal/modules/cjs/loader:998:32)\n    at Module._load (node:internal/modules/cjs/loader:839:12)\n    at Function.executeUserEntryPoint [as runMain] (node:internal/modules/run_main:81:12)\n    at node:internal/main/run_main_module:17:47 {\n  generatedMessage: true,\n  code: 'ERR_ASSERTION',\n  actual: 37,\n  expected: 49,\n  operator: 'deepEqual'\n}\n\nNode.js v18.7.0\n",
      "exit_code": 1,
      "status": "AssertionError"
    },
    {
      "program": "//Write a function to calculate the sum of perrin numbers.\nfunction cal_sum(n: number): number {\n    if (n == 0) {\n        return 3;\n    }\n    if (n == 1) {\n        return 0;\n    }\n    if (n == 2) {\n        return 2;\n    }\n    return cal_sum(n - 2) + cal_sum(n - 3);\n}\n\ndeclare var require: any;\nconst assert = require('node:assert');\n\n\nfunction test() {\n  let candidate = cal_sum;\n  assert.deepEqual(candidate(9),49);\n  assert.deepEqual(candidate(10),66);\n  assert.deepEqual(candidate(11),88);\n}\n\ntest();",
      "timestamp": 1666123399,
      "stdout": "",
      "stderr": "node:assert:124\n  throw new AssertionError(obj);\n  ^\n\nAssertionError [ERR_ASSERTION]: Expected values to be loosely deep-equal:\n\n12\n\nshould loosely deep-equal\n\n49\n    at test (/tmp/tmpzhkhsm38.js:17:12)\n    at Object.<anonymous> (/tmp/tmpzhkhsm38.js:21:1)\n    at Module._compile (node:internal/modules/cjs/loader:1120:14)\n    at Module._extensions..js (node:internal/modules/cjs/loader:1174:10)\n    at Module.load (node:internal/modules/cjs/loader:998:32)\n    at Module._load (node:internal/modules/cjs/loader:839:12)\n    at Function.executeUserEntryPoint [as runMain] (node:internal/modules/run_main:81:12)\n    at node:internal/main/run_main_module:17:47 {\n  generatedMessage: true,\n  code: 'ERR_ASSERTION',\n  actual: 12,\n  expected: 49,\n  operator: 'deepEqual'\n}\n\nNode.js v18.7.0\n",
      "exit_code": 1,
      "status": "AssertionError"
    },
    {
      "program": "//Write a function to calculate the sum of perrin numbers.\nfunction cal_sum(n: number): number {\n    let sum: number = 0;\n    for (let i = 0; i <= n; i++) {\n        sum += perrin_num(i);\n    }\n    return sum;\n}\n\ndeclare var require: any;\nconst assert = require('node:assert');\n\n\nfunction test() {\n  let candidate = cal_sum;\n  assert.deepEqual(candidate(9),49);\n  assert.deepEqual(candidate(10),66);\n  assert.deepEqual(candidate(11),88);\n}\n\ntest();",
      "timestamp": 1666123399,
      "stdout": "../../../../tmp/tmp6epkob9s.ts(5,16): error TS2304: Cannot find name 'perrin_num'.\n",
      "stderr": "",
      "exit_code": 2,
      "status": "SyntaxError"
    },
    {
      "program": "//Write a function to calculate the sum of perrin numbers.\nfunction cal_sum(n: number): number {\n    let sum = 0;\n    for (let i = 0; i < n; i++) {\n        sum += perrin(i);\n    }\n    return sum;\n}\n\ndeclare var require: any;\nconst assert = require('node:assert');\n\n\nfunction test() {\n  let candidate = cal_sum;\n  assert.deepEqual(candidate(9),49);\n  assert.deepEqual(candidate(10),66);\n  assert.deepEqual(candidate(11),88);\n}\n\ntest();",
      "timestamp": 1665510092,
      "stdout": "../../../../tmp/tmpqwpcvi0c.ts(5,16): error TS2304: Cannot find name 'perrin'.\n",
      "stderr": "",
      "exit_code": 2,
      "status": "SyntaxError"
    },
    {
      "program": "//Write a function to calculate the sum of perrin numbers.\nfunction cal_sum(n: number): number {\n    let sum = 0;\n    for (let i = 0; i <= n; i++) {\n        sum += perrin(i);\n    }\n    return sum;\n}\n\ndeclare var require: any;\nconst assert = require('node:assert');\n\n\nfunction test() {\n  let candidate = cal_sum;\n  assert.deepEqual(candidate(9),49);\n  assert.deepEqual(candidate(10),66);\n  assert.deepEqual(candidate(11),88);\n}\n\ntest();",
      "timestamp": 1665510092,
      "stdout": "../../../../tmp/tmpkjd1szgu.ts(5,16): error TS2304: Cannot find name 'perrin'.\n",
      "stderr": "",
      "exit_code": 2,
      "status": "SyntaxError"
    },
    {
      "program": "//Write a function to calculate the sum of perrin numbers.\nfunction cal_sum(n: number): number {\n    let sum = 0;\n    for (let i = 1; i <= n; i++) {\n        sum += perrin(i);\n    }\n    return sum;\n}\n\ndeclare var require: any;\nconst assert = require('node:assert');\n\n\nfunction test() {\n  let candidate = cal_sum;\n  assert.deepEqual(candidate(9),49);\n  assert.deepEqual(candidate(10),66);\n  assert.deepEqual(candidate(11),88);\n}\n\ntest();",
      "timestamp": 1666123392,
      "stdout": "../../../../tmp/tmpbb89snw3.ts(5,16): error TS2304: Cannot find name 'perrin'.\n",
      "stderr": "",
      "exit_code": 2,
      "status": "SyntaxError"
    },
    {
      "program": "//Write a function to calculate the sum of perrin numbers.\nfunction cal_sum(n: number): number {\n    let sum = 0;\n    for (let i = 0; i <= n; i++) {\n        sum += perrin(i);\n    }\n    return sum;\n}\n\ndeclare var require: any;\nconst assert = require('node:assert');\n\n\nfunction test() {\n  let candidate = cal_sum;\n  assert.deepEqual(candidate(9),49);\n  assert.deepEqual(candidate(10),66);\n  assert.deepEqual(candidate(11),88);\n}\n\ntest();",
      "timestamp": 1665510092,
      "stdout": "../../../../tmp/tmpkjd1szgu.ts(5,16): error TS2304: Cannot find name 'perrin'.\n",
      "stderr": "",
      "exit_code": 2,
      "status": "SyntaxError"
    },
    {
      "program": "//Write a function to calculate the sum of perrin numbers.\nfunction cal_sum(n: number): number {\n    let sum = 0;\n    for (let i = 0; i <= n; i++) {\n        sum += perrin(i);\n    }\n    return sum;\n}\n\ndeclare var require: any;\nconst assert = require('node:assert');\n\n\nfunction test() {\n  let candidate = cal_sum;\n  assert.deepEqual(candidate(9),49);\n  assert.deepEqual(candidate(10),66);\n  assert.deepEqual(candidate(11),88);\n}\n\ntest();",
      "timestamp": 1665510092,
      "stdout": "../../../../tmp/tmpkjd1szgu.ts(5,16): error TS2304: Cannot find name 'perrin'.\n",
      "stderr": "",
      "exit_code": 2,
      "status": "SyntaxError"
    },
    {
      "program": "//Write a function to calculate the sum of perrin numbers.\nfunction cal_sum(n: number): number {\n    let sum = 0;\n    for (let i = 0; i <= n; i++) {\n        sum += perrin(i);\n    }\n    return sum;\n}\n\ndeclare var require: any;\nconst assert = require('node:assert');\n\n\nfunction test() {\n  let candidate = cal_sum;\n  assert.deepEqual(candidate(9),49);\n  assert.deepEqual(candidate(10),66);\n  assert.deepEqual(candidate(11),88);\n}\n\ntest();",
      "timestamp": 1665510092,
      "stdout": "../../../../tmp/tmpkjd1szgu.ts(5,16): error TS2304: Cannot find name 'perrin'.\n",
      "stderr": "",
      "exit_code": 2,
      "status": "SyntaxError"
    },
    {
      "program": "//Write a function to calculate the sum of perrin numbers.\nfunction cal_sum(n: number): number {\n    let sum = 0;\n    for (let i = 1; i <= n; i++) {\n        sum += perrin(i);\n    }\n    return sum;\n}\n\ndeclare var require: any;\nconst assert = require('node:assert');\n\n\nfunction test() {\n  let candidate = cal_sum;\n  assert.deepEqual(candidate(9),49);\n  assert.deepEqual(candidate(10),66);\n  assert.deepEqual(candidate(11),88);\n}\n\ntest();",
      "timestamp": 1666123392,
      "stdout": "../../../../tmp/tmpbb89snw3.ts(5,16): error TS2304: Cannot find name 'perrin'.\n",
      "stderr": "",
      "exit_code": 2,
      "status": "SyntaxError"
    },
    {
      "program": "//Write a function to calculate the sum of perrin numbers.\nfunction cal_sum(n: number): number {\n    let sum = 0;\n    for (let i = 0; i < n; i++) {\n        sum += perrin(i);\n    }\n    return sum;\n}\n\ndeclare var require: any;\nconst assert = require('node:assert');\n\n\nfunction test() {\n  let candidate = cal_sum;\n  assert.deepEqual(candidate(9),49);\n  assert.deepEqual(candidate(10),66);\n  assert.deepEqual(candidate(11),88);\n}\n\ntest();",
      "timestamp": 1665510092,
      "stdout": "../../../../tmp/tmpqwpcvi0c.ts(5,16): error TS2304: Cannot find name 'perrin'.\n",
      "stderr": "",
      "exit_code": 2,
      "status": "SyntaxError"
    },
    {
      "program": "//Write a function to calculate the sum of perrin numbers.\nfunction cal_sum(n: number): number {\n    let sum = 0;\n    for (let i = 0; i < n; i++) {\n        sum += perrin(i);\n    }\n    return sum;\n}\n\ndeclare var require: any;\nconst assert = require('node:assert');\n\n\nfunction test() {\n  let candidate = cal_sum;\n  assert.deepEqual(candidate(9),49);\n  assert.deepEqual(candidate(10),66);\n  assert.deepEqual(candidate(11),88);\n}\n\ntest();",
      "timestamp": 1665510092,
      "stdout": "../../../../tmp/tmpqwpcvi0c.ts(5,16): error TS2304: Cannot find name 'perrin'.\n",
      "stderr": "",
      "exit_code": 2,
      "status": "SyntaxError"
    },
    {
      "program": "//Write a function to calculate the sum of perrin numbers.\nfunction cal_sum(n: number): number {\n    let sum: number = 0;\n    for (let i = 0; i < n; i++) {\n        sum += perrin(i);\n    }\n    return sum;\n}\n\ndeclare var require: any;\nconst assert = require('node:assert');\n\n\nfunction test() {\n  let candidate = cal_sum;\n  assert.deepEqual(candidate(9),49);\n  assert.deepEqual(candidate(10),66);\n  assert.deepEqual(candidate(11),88);\n}\n\ntest();",
      "timestamp": 1665510092,
      "stdout": "../../../../tmp/tmpcauj1717.ts(5,16): error TS2304: Cannot find name 'perrin'.\n",
      "stderr": "",
      "exit_code": 2,
      "status": "SyntaxError"
    },
    {
      "program": "//Write a function to calculate the sum of perrin numbers.\nfunction cal_sum(n: number): number {\n  let sum = 0;\n  for (let i = 0; i <= n; i++) {\n    sum += perrin(i);\n  }\n  return sum;\n}\n\ndeclare var require: any;\nconst assert = require('node:assert');\n\n\nfunction test() {\n  let candidate = cal_sum;\n  assert.deepEqual(candidate(9),49);\n  assert.deepEqual(candidate(10),66);\n  assert.deepEqual(candidate(11),88);\n}\n\ntest();",
      "timestamp": 1665510093,
      "stdout": "../../../../tmp/tmpbgdwk82r.ts(5,12): error TS2304: Cannot find name 'perrin'.\n",
      "stderr": "",
      "exit_code": 2,
      "status": "SyntaxError"
    },
    {
      "program": "//Write a function to calculate the sum of perrin numbers.\nfunction cal_sum(n: number): number {\n    let sum: number = 0;\n    let perrin: number[] = [3, 0, 2];\n    for (let i: number = 0; i < n; i++) {\n        sum += perrin[2];\n        perrin[0] = perrin[1];\n        perrin[1] = perrin[2];\n        perrin[2] = perrin[0] + perrin[1];\n    }\n    return sum;\n}\n\ndeclare var require: any;\nconst assert = require('node:assert');\n\n\nfunction test() {\n  let candidate = cal_sum;\n  assert.deepEqual(candidate(9),49);\n  assert.deepEqual(candidate(10),66);\n  assert.deepEqual(candidate(11),88);\n}\n\ntest();",
      "timestamp": 1665510092,
      "stdout": "",
      "stderr": "node:assert:124\n  throw new AssertionError(obj);\n  ^\n\nAssertionError [ERR_ASSERTION]: Expected values to be loosely deep-equal:\n\n176\n\nshould loosely deep-equal\n\n49\n    at test (/tmp/tmpici54uwb.js:16:12)\n    at Object.<anonymous> (/tmp/tmpici54uwb.js:20:1)\n    at Module._compile (node:internal/modules/cjs/loader:1120:14)\n    at Module._extensions..js (node:internal/modules/cjs/loader:1174:10)\n    at Module.load (node:internal/modules/cjs/loader:998:32)\n    at Module._load (node:internal/modules/cjs/loader:839:12)\n    at Function.executeUserEntryPoint [as runMain] (node:internal/modules/run_main:81:12)\n    at node:internal/main/run_main_module:17:47 {\n  generatedMessage: true,\n  code: 'ERR_ASSERTION',\n  actual: 176,\n  expected: 49,\n  operator: 'deepEqual'\n}\n\nNode.js v18.7.0\n",
      "exit_code": 1,
      "status": "AssertionError"
    },
    {
      "program": "//Write a function to calculate the sum of perrin numbers.\nfunction cal_sum(n: number): number {\n    let sum: number = 0;\n    for (let i = 0; i <= n; i++) {\n        sum += perrin(i);\n    }\n    return sum;\n}\n\ndeclare var require: any;\nconst assert = require('node:assert');\n\n\nfunction test() {\n  let candidate = cal_sum;\n  assert.deepEqual(candidate(9),49);\n  assert.deepEqual(candidate(10),66);\n  assert.deepEqual(candidate(11),88);\n}\n\ntest();",
      "timestamp": 1665510092,
      "stdout": "../../../../tmp/tmpr2xz9z5y.ts(5,16): error TS2304: Cannot find name 'perrin'.\n",
      "stderr": "",
      "exit_code": 2,
      "status": "SyntaxError"
    },
    {
      "program": "//Write a function to calculate the sum of perrin numbers.\nfunction cal_sum(n: number): number {\n    let sum = 0;\n    let perrin = [3, 0, 2];\n    for (let i = 3; i <= n; i++) {\n        perrin[i] = perrin[i - 2] + perrin[i - 3];\n        sum += perrin[i];\n    }\n    return sum;\n}\n\nconsole.log(cal_sum(10));\ndeclare var require: any;\nconst assert = require('node:assert');\n\n\nfunction test() {\n  let candidate = cal_sum;\n  assert.deepEqual(candidate(9),49);\n  assert.deepEqual(candidate(10),66);\n  assert.deepEqual(candidate(11),88);\n}\n\ntest();",
      "timestamp": 1666123400,
      "stdout": "61\n",
      "stderr": "node:assert:124\n  throw new AssertionError(obj);\n  ^\n\nAssertionError [ERR_ASSERTION]: Expected values to be loosely deep-equal:\n\n44\n\nshould loosely deep-equal\n\n49\n    at test (/tmp/tmpf06sey9t.js:15:12)\n    at Object.<anonymous> (/tmp/tmpf06sey9t.js:19:1)\n    at Module._compile (node:internal/modules/cjs/loader:1120:14)\n    at Module._extensions..js (node:internal/modules/cjs/loader:1174:10)\n    at Module.load (node:internal/modules/cjs/loader:998:32)\n    at Module._load (node:internal/modules/cjs/loader:839:12)\n    at Function.executeUserEntryPoint [as runMain] (node:internal/modules/run_main:81:12)\n    at node:internal/main/run_main_module:17:47 {\n  generatedMessage: true,\n  code: 'ERR_ASSERTION',\n  actual: 44,\n  expected: 49,\n  operator: 'deepEqual'\n}\n\nNode.js v18.7.0\n",
      "exit_code": 1,
      "status": "AssertionError"
    },
    {
      "program": "//Write a function to calculate the sum of perrin numbers.\nfunction cal_sum(n: number): number {\n  let sum = 0;\n  for (let i = 0; i <= n; i++) {\n    sum += perrin(i);\n  }\n  return sum;\n}\n\ndeclare var require: any;\nconst assert = require('node:assert');\n\n\nfunction test() {\n  let candidate = cal_sum;\n  assert.deepEqual(candidate(9),49);\n  assert.deepEqual(candidate(10),66);\n  assert.deepEqual(candidate(11),88);\n}\n\ntest();",
      "timestamp": 1665510093,
      "stdout": "../../../../tmp/tmpbgdwk82r.ts(5,12): error TS2304: Cannot find name 'perrin'.\n",
      "stderr": "",
      "exit_code": 2,
      "status": "SyntaxError"
    },
    {
      "program": "//Write a function to calculate the sum of perrin numbers.\nfunction cal_sum(n: number): number {\n    let sum = 0;\n    for (let i = 0; i <= n; i++) {\n        sum += perrin(i);\n    }\n    return sum;\n}\n\ndeclare var require: any;\nconst assert = require('node:assert');\n\n\nfunction test() {\n  let candidate = cal_sum;\n  assert.deepEqual(candidate(9),49);\n  assert.deepEqual(candidate(10),66);\n  assert.deepEqual(candidate(11),88);\n}\n\ntest();",
      "timestamp": 1665510092,
      "stdout": "../../../../tmp/tmpkjd1szgu.ts(5,16): error TS2304: Cannot find name 'perrin'.\n",
      "stderr": "",
      "exit_code": 2,
      "status": "SyntaxError"
    },
    {
      "program": "//Write a function to calculate the sum of perrin numbers.\nfunction cal_sum(n: number): number {\n    let sum = 0;\n    for (let i = 0; i <= n; i++) {\n        sum += perrin(i);\n    }\n    return sum;\n}\n\ndeclare var require: any;\nconst assert = require('node:assert');\n\n\nfunction test() {\n  let candidate = cal_sum;\n  assert.deepEqual(candidate(9),49);\n  assert.deepEqual(candidate(10),66);\n  assert.deepEqual(candidate(11),88);\n}\n\ntest();",
      "timestamp": 1665510092,
      "stdout": "../../../../tmp/tmpkjd1szgu.ts(5,16): error TS2304: Cannot find name 'perrin'.\n",
      "stderr": "",
      "exit_code": 2,
      "status": "SyntaxError"
    },
    {
      "program": "//Write a function to calculate the sum of perrin numbers.\nfunction cal_sum(n: number): number {\n    let sum: number = 0;\n    for (let i: number = 0; i < n; i++) {\n        sum += perrin(i);\n    }\n    return sum;\n}\n\ndeclare var require: any;\nconst assert = require('node:assert');\n\n\nfunction test() {\n  let candidate = cal_sum;\n  assert.deepEqual(candidate(9),49);\n  assert.deepEqual(candidate(10),66);\n  assert.deepEqual(candidate(11),88);\n}\n\ntest();",
      "timestamp": 1665510092,
      "stdout": "../../../../tmp/tmpdv1br3id.ts(5,16): error TS2304: Cannot find name 'perrin'.\n",
      "stderr": "",
      "exit_code": 2,
      "status": "SyntaxError"
    },
    {
      "program": "//Write a function to calculate the sum of perrin numbers.\nfunction cal_sum(n: number): number {\n    let sum = 0;\n    for (let i = 0; i <= n; i++) {\n        sum += perrin(i);\n    }\n    return sum;\n}\n\ndeclare var require: any;\nconst assert = require('node:assert');\n\n\nfunction test() {\n  let candidate = cal_sum;\n  assert.deepEqual(candidate(9),49);\n  assert.deepEqual(candidate(10),66);\n  assert.deepEqual(candidate(11),88);\n}\n\ntest();",
      "timestamp": 1665510092,
      "stdout": "../../../../tmp/tmpkjd1szgu.ts(5,16): error TS2304: Cannot find name 'perrin'.\n",
      "stderr": "",
      "exit_code": 2,
      "status": "SyntaxError"
    },
    {
      "program": "//Write a function to calculate the sum of perrin numbers.\nfunction cal_sum(n: number): number {\n  let sum = 0;\n  for (let i = 0; i <= n; i++) {\n    sum += perrin(i);\n  }\n  return sum;\n}\n\ndeclare var require: any;\nconst assert = require('node:assert');\n\n\nfunction test() {\n  let candidate = cal_sum;\n  assert.deepEqual(candidate(9),49);\n  assert.deepEqual(candidate(10),66);\n  assert.deepEqual(candidate(11),88);\n}\n\ntest();",
      "timestamp": 1665510093,
      "stdout": "../../../../tmp/tmpbgdwk82r.ts(5,12): error TS2304: Cannot find name 'perrin'.\n",
      "stderr": "",
      "exit_code": 2,
      "status": "SyntaxError"
    },
    {
      "program": "//Write a function to calculate the sum of perrin numbers.\nfunction cal_sum(n: number): number {\n    let sum = 0;\n    for (let i = 0; i <= n; i++) {\n        sum += perrin(i);\n    }\n    return sum;\n}\n\ndeclare var require: any;\nconst assert = require('node:assert');\n\n\nfunction test() {\n  let candidate = cal_sum;\n  assert.deepEqual(candidate(9),49);\n  assert.deepEqual(candidate(10),66);\n  assert.deepEqual(candidate(11),88);\n}\n\ntest();",
      "timestamp": 1665510092,
      "stdout": "../../../../tmp/tmpkjd1szgu.ts(5,16): error TS2304: Cannot find name 'perrin'.\n",
      "stderr": "",
      "exit_code": 2,
      "status": "SyntaxError"
    },
    {
      "program": "//Write a function to calculate the sum of perrin numbers.\nfunction cal_sum(n: number): number {\n    let sum = 0;\n    for (let i = 0; i < n; i++) {\n        sum += perrin(i);\n    }\n    return sum;\n}\n\ndeclare var require: any;\nconst assert = require('node:assert');\n\n\nfunction test() {\n  let candidate = cal_sum;\n  assert.deepEqual(candidate(9),49);\n  assert.deepEqual(candidate(10),66);\n  assert.deepEqual(candidate(11),88);\n}\n\ntest();",
      "timestamp": 1665510092,
      "stdout": "../../../../tmp/tmpqwpcvi0c.ts(5,16): error TS2304: Cannot find name 'perrin'.\n",
      "stderr": "",
      "exit_code": 2,
      "status": "SyntaxError"
    },
    {
      "program": "//Write a function to calculate the sum of perrin numbers.\nfunction cal_sum(n: number): number {\n    let sum: number = 0;\n    for (let i = 0; i < n; i++) {\n        sum += perrin(i);\n    }\n    return sum;\n}\n\ndeclare var require: any;\nconst assert = require('node:assert');\n\n\nfunction test() {\n  let candidate = cal_sum;\n  assert.deepEqual(candidate(9),49);\n  assert.deepEqual(candidate(10),66);\n  assert.deepEqual(candidate(11),88);\n}\n\ntest();",
      "timestamp": 1665510092,
      "stdout": "../../../../tmp/tmpcauj1717.ts(5,16): error TS2304: Cannot find name 'perrin'.\n",
      "stderr": "",
      "exit_code": 2,
      "status": "SyntaxError"
    },
    {
      "program": "//Write a function to calculate the sum of perrin numbers.\nfunction cal_sum(n: number): number {\n    let sum = 0;\n    for (let i = 0; i <= n; i++) {\n        sum += perrin(i);\n    }\n    return sum;\n}\nconsole.log(cal_sum(5));\n\ndeclare var require: any;\nconst assert = require('node:assert');\n\n\nfunction test() {\n  let candidate = cal_sum;\n  assert.deepEqual(candidate(9),49);\n  assert.deepEqual(candidate(10),66);\n  assert.deepEqual(candidate(11),88);\n}\n\ntest();",
      "timestamp": 1666123394,
      "stdout": "../../../../tmp/tmpema2_xr5.ts(5,16): error TS2304: Cannot find name 'perrin'.\n",
      "stderr": "",
      "exit_code": 2,
      "status": "SyntaxError"
    },
    {
      "program": "//Write a function to calculate the sum of perrin numbers.\nfunction cal_sum(n: number): number {\n    let a = 0, b = 0, c = 1, sum = 0;\n    for (let i = 0; i < n; i++) {\n        a = b;\n        b = c;\n        c = a + b;\n        sum += c;\n    }\n    return sum;\n}\nconsole.log(cal_sum(10));\n\ndeclare var require: any;\nconst assert = require('node:assert');\n\n\nfunction test() {\n  let candidate = cal_sum;\n  assert.deepEqual(candidate(9),49);\n  assert.deepEqual(candidate(10),66);\n  assert.deepEqual(candidate(11),88);\n}\n\ntest();",
      "timestamp": 1666123400,
      "stdout": "231\n",
      "stderr": "node:assert:124\n  throw new AssertionError(obj);\n  ^\n\nAssertionError [ERR_ASSERTION]: Expected values to be loosely deep-equal:\n\n142\n\nshould loosely deep-equal\n\n49\n    at test (/tmp/tmptb8p4xng.js:16:12)\n    at Object.<anonymous> (/tmp/tmptb8p4xng.js:20:1)\n    at Module._compile (node:internal/modules/cjs/loader:1120:14)\n    at Module._extensions..js (node:internal/modules/cjs/loader:1174:10)\n    at Module.load (node:internal/modules/cjs/loader:998:32)\n    at Module._load (node:internal/modules/cjs/loader:839:12)\n    at Function.executeUserEntryPoint [as runMain] (node:internal/modules/run_main:81:12)\n    at node:internal/main/run_main_module:17:47 {\n  generatedMessage: true,\n  code: 'ERR_ASSERTION',\n  actual: 142,\n  expected: 49,\n  operator: 'deepEqual'\n}\n\nNode.js v18.7.0\n",
      "exit_code": 1,
      "status": "AssertionError"
    },
    {
      "program": "//Write a function to calculate the sum of perrin numbers.\nfunction cal_sum(n: number): number {\n    let sum = 0;\n    for (let i = 0; i < n; i++) {\n        sum += perrin(i);\n    }\n    return sum;\n}\n\ndeclare var require: any;\nconst assert = require('node:assert');\n\n\nfunction test() {\n  let candidate = cal_sum;\n  assert.deepEqual(candidate(9),49);\n  assert.deepEqual(candidate(10),66);\n  assert.deepEqual(candidate(11),88);\n}\n\ntest();",
      "timestamp": 1665510092,
      "stdout": "../../../../tmp/tmpqwpcvi0c.ts(5,16): error TS2304: Cannot find name 'perrin'.\n",
      "stderr": "",
      "exit_code": 2,
      "status": "SyntaxError"
    },
    {
      "program": "//Write a function to calculate the sum of perrin numbers.\nfunction cal_sum(n: number): number {\n    let sum: number = 0;\n    let perrin: number[] = [3, 0, 2];\n    for (let i: number = 0; i < n; i++) {\n        sum += perrin[2];\n        perrin[0] = perrin[1];\n        perrin[1] = perrin[2];\n        perrin[2] = perrin[0] + perrin[1];\n    }\n    return sum;\n}\n\nconsole.log(cal_sum(10));\ndeclare var require: any;\nconst assert = require('node:assert');\n\n\nfunction test() {\n  let candidate = cal_sum;\n  assert.deepEqual(candidate(9),49);\n  assert.deepEqual(candidate(10),66);\n  assert.deepEqual(candidate(11),88);\n}\n\ntest();",
      "timestamp": 1666123400,
      "stdout": "286\n",
      "stderr": "node:assert:124\n  throw new AssertionError(obj);\n  ^\n\nAssertionError [ERR_ASSERTION]: Expected values to be loosely deep-equal:\n\n176\n\nshould loosely deep-equal\n\n49\n    at test (/tmp/tmp47gz9mk7.js:17:12)\n    at Object.<anonymous> (/tmp/tmp47gz9mk7.js:21:1)\n    at Module._compile (node:internal/modules/cjs/loader:1120:14)\n    at Module._extensions..js (node:internal/modules/cjs/loader:1174:10)\n    at Module.load (node:internal/modules/cjs/loader:998:32)\n    at Module._load (node:internal/modules/cjs/loader:839:12)\n    at Function.executeUserEntryPoint [as runMain] (node:internal/modules/run_main:81:12)\n    at node:internal/main/run_main_module:17:47 {\n  generatedMessage: true,\n  code: 'ERR_ASSERTION',\n  actual: 176,\n  expected: 49,\n  operator: 'deepEqual'\n}\n\nNode.js v18.7.0\n",
      "exit_code": 1,
      "status": "AssertionError"
    },
    {
      "program": "//Write a function to calculate the sum of perrin numbers.\nfunction cal_sum(n: number): number {\n    let sum: number = 0;\n    let perrin: number[] = [3, 0, 2];\n    for (let i: number = 3; i < n; i++) {\n        perrin[i] = perrin[i - 2] + perrin[i - 3];\n    }\n    for (let i: number = 0; i < n; i++) {\n        sum += perrin[i];\n    }\n    return sum;\n}\n\ndeclare var require: any;\nconst assert = require('node:assert');\n\n\nfunction test() {\n  let candidate = cal_sum;\n  assert.deepEqual(candidate(9),49);\n  assert.deepEqual(candidate(10),66);\n  assert.deepEqual(candidate(11),88);\n}\n\ntest();",
      "timestamp": 1666123392,
      "stdout": "",
      "stderr": "node:assert:124\n  throw new AssertionError(obj);\n  ^\n\nAssertionError [ERR_ASSERTION]: Expected values to be loosely deep-equal:\n\n37\n\nshould loosely deep-equal\n\n49\n    at test (/tmp/tmpopk4lv14.js:16:12)\n    at Object.<anonymous> (/tmp/tmpopk4lv14.js:20:1)\n    at Module._compile (node:internal/modules/cjs/loader:1120:14)\n    at Module._extensions..js (node:internal/modules/cjs/loader:1174:10)\n    at Module.load (node:internal/modules/cjs/loader:998:32)\n    at Module._load (node:internal/modules/cjs/loader:839:12)\n    at Function.executeUserEntryPoint [as runMain] (node:internal/modules/run_main:81:12)\n    at node:internal/main/run_main_module:17:47 {\n  generatedMessage: true,\n  code: 'ERR_ASSERTION',\n  actual: 37,\n  expected: 49,\n  operator: 'deepEqual'\n}\n\nNode.js v18.7.0\n",
      "exit_code": 1,
      "status": "AssertionError"
    },
    {
      "program": "//Write a function to calculate the sum of perrin numbers.\nfunction cal_sum(n: number): number {\n    let sum = 0;\n    let perrin = [3, 0, 2];\n    for (let i = 3; i <= n; i++) {\n        perrin[i] = perrin[i - 2] + perrin[i - 3];\n        sum += perrin[i];\n    }\n    return sum;\n}\n\ndeclare var require: any;\nconst assert = require('node:assert');\n\n\nfunction test() {\n  let candidate = cal_sum;\n  assert.deepEqual(candidate(9),49);\n  assert.deepEqual(candidate(10),66);\n  assert.deepEqual(candidate(11),88);\n}\n\ntest();",
      "timestamp": 1666123392,
      "stdout": "",
      "stderr": "node:assert:124\n  throw new AssertionError(obj);\n  ^\n\nAssertionError [ERR_ASSERTION]: Expected values to be loosely deep-equal:\n\n44\n\nshould loosely deep-equal\n\n49\n    at test (/tmp/tmpxg12twhc.js:14:12)\n    at Object.<anonymous> (/tmp/tmpxg12twhc.js:18:1)\n    at Module._compile (node:internal/modules/cjs/loader:1120:14)\n    at Module._extensions..js (node:internal/modules/cjs/loader:1174:10)\n    at Module.load (node:internal/modules/cjs/loader:998:32)\n    at Module._load (node:internal/modules/cjs/loader:839:12)\n    at Function.executeUserEntryPoint [as runMain] (node:internal/modules/run_main:81:12)\n    at node:internal/main/run_main_module:17:47 {\n  generatedMessage: true,\n  code: 'ERR_ASSERTION',\n  actual: 44,\n  expected: 49,\n  operator: 'deepEqual'\n}\n\nNode.js v18.7.0\n",
      "exit_code": 1,
      "status": "AssertionError"
    },
    {
      "program": "//Write a function to calculate the sum of perrin numbers.\nfunction cal_sum(n: number): number {\n    let sum = 0;\n    let perrin = [3, 0, 2];\n    for (let i = 3; i < n; i++) {\n        perrin[i] = perrin[i - 2] + perrin[i - 3];\n        sum += perrin[i];\n    }\n    return sum;\n}\n\ndeclare var require: any;\nconst assert = require('node:assert');\n\n\nfunction test() {\n  let candidate = cal_sum;\n  assert.deepEqual(candidate(9),49);\n  assert.deepEqual(candidate(10),66);\n  assert.deepEqual(candidate(11),88);\n}\n\ntest();",
      "timestamp": 1665510092,
      "stdout": "",
      "stderr": "node:assert:124\n  throw new AssertionError(obj);\n  ^\n\nAssertionError [ERR_ASSERTION]: Expected values to be loosely deep-equal:\n\n32\n\nshould loosely deep-equal\n\n49\n    at test (/tmp/tmp_qcw1mel.js:14:12)\n    at Object.<anonymous> (/tmp/tmp_qcw1mel.js:18:1)\n    at Module._compile (node:internal/modules/cjs/loader:1120:14)\n    at Module._extensions..js (node:internal/modules/cjs/loader:1174:10)\n    at Module.load (node:internal/modules/cjs/loader:998:32)\n    at Module._load (node:internal/modules/cjs/loader:839:12)\n    at Function.executeUserEntryPoint [as runMain] (node:internal/modules/run_main:81:12)\n    at node:internal/main/run_main_module:17:47 {\n  generatedMessage: true,\n  code: 'ERR_ASSERTION',\n  actual: 32,\n  expected: 49,\n  operator: 'deepEqual'\n}\n\nNode.js v18.7.0\n",
      "exit_code": 1,
      "status": "AssertionError"
    },
    {
      "program": "//Write a function to calculate the sum of perrin numbers.\nfunction cal_sum(n: number): number {\n    let sum: number = 0;\n    let perrin: number[] = [3, 0, 2];\n    for (let i: number = 0; i < n; i++) {\n        sum += perrin[2];\n        perrin[0] = perrin[1];\n        perrin[1] = perrin[2];\n        perrin[2] = perrin[0] + perrin[1];\n    }\n    return sum;\n}\n\ndeclare var require: any;\nconst assert = require('node:assert');\n\n\nfunction test() {\n  let candidate = cal_sum;\n  assert.deepEqual(candidate(9),49);\n  assert.deepEqual(candidate(10),66);\n  assert.deepEqual(candidate(11),88);\n}\n\ntest();",
      "timestamp": 1665510092,
      "stdout": "",
      "stderr": "node:assert:124\n  throw new AssertionError(obj);\n  ^\n\nAssertionError [ERR_ASSERTION]: Expected values to be loosely deep-equal:\n\n176\n\nshould loosely deep-equal\n\n49\n    at test (/tmp/tmpici54uwb.js:16:12)\n    at Object.<anonymous> (/tmp/tmpici54uwb.js:20:1)\n    at Module._compile (node:internal/modules/cjs/loader:1120:14)\n    at Module._extensions..js (node:internal/modules/cjs/loader:1174:10)\n    at Module.load (node:internal/modules/cjs/loader:998:32)\n    at Module._load (node:internal/modules/cjs/loader:839:12)\n    at Function.executeUserEntryPoint [as runMain] (node:internal/modules/run_main:81:12)\n    at node:internal/main/run_main_module:17:47 {\n  generatedMessage: true,\n  code: 'ERR_ASSERTION',\n  actual: 176,\n  expected: 49,\n  operator: 'deepEqual'\n}\n\nNode.js v18.7.0\n",
      "exit_code": 1,
      "status": "AssertionError"
    },
    {
      "program": "//Write a function to calculate the sum of perrin numbers.\nfunction cal_sum(n: number): number {\n    let sum = 0;\n    for (let i = 0; i <= n; i++) {\n        sum += perrin(i);\n    }\n    return sum;\n}\n\ndeclare var require: any;\nconst assert = require('node:assert');\n\n\nfunction test() {\n  let candidate = cal_sum;\n  assert.deepEqual(candidate(9),49);\n  assert.deepEqual(candidate(10),66);\n  assert.deepEqual(candidate(11),88);\n}\n\ntest();",
      "timestamp": 1665510092,
      "stdout": "../../../../tmp/tmpkjd1szgu.ts(5,16): error TS2304: Cannot find name 'perrin'.\n",
      "stderr": "",
      "exit_code": 2,
      "status": "SyntaxError"
    },
    {
      "program": "//Write a function to calculate the sum of perrin numbers.\nfunction cal_sum(n: number): number {\n    let sum = 0;\n    for (let i = 0; i <= n; i++) {\n        sum += perrin(i);\n    }\n    return sum;\n}\n\ndeclare var require: any;\nconst assert = require('node:assert');\n\n\nfunction test() {\n  let candidate = cal_sum;\n  assert.deepEqual(candidate(9),49);\n  assert.deepEqual(candidate(10),66);\n  assert.deepEqual(candidate(11),88);\n}\n\ntest();",
      "timestamp": 1665510092,
      "stdout": "../../../../tmp/tmpkjd1szgu.ts(5,16): error TS2304: Cannot find name 'perrin'.\n",
      "stderr": "",
      "exit_code": 2,
      "status": "SyntaxError"
    },
    {
      "program": "//Write a function to calculate the sum of perrin numbers.\nfunction cal_sum(n: number): number {\n    let sum = 0;\n    for (let i = 0; i < n; i++) {\n        sum += perrin(i);\n    }\n    return sum;\n}\n\ndeclare var require: any;\nconst assert = require('node:assert');\n\n\nfunction test() {\n  let candidate = cal_sum;\n  assert.deepEqual(candidate(9),49);\n  assert.deepEqual(candidate(10),66);\n  assert.deepEqual(candidate(11),88);\n}\n\ntest();",
      "timestamp": 1665510092,
      "stdout": "../../../../tmp/tmpqwpcvi0c.ts(5,16): error TS2304: Cannot find name 'perrin'.\n",
      "stderr": "",
      "exit_code": 2,
      "status": "SyntaxError"
    },
    {
      "program": "//Write a function to calculate the sum of perrin numbers.\nfunction cal_sum(n: number): number {\n    let sum = 0;\n    for (let i = 0; i < n; i++) {\n        sum += perrin(i);\n    }\n    return sum;\n}\n\ndeclare var require: any;\nconst assert = require('node:assert');\n\n\nfunction test() {\n  let candidate = cal_sum;\n  assert.deepEqual(candidate(9),49);\n  assert.deepEqual(candidate(10),66);\n  assert.deepEqual(candidate(11),88);\n}\n\ntest();",
      "timestamp": 1665510092,
      "stdout": "../../../../tmp/tmpqwpcvi0c.ts(5,16): error TS2304: Cannot find name 'perrin'.\n",
      "stderr": "",
      "exit_code": 2,
      "status": "SyntaxError"
    },
    {
      "program": "//Write a function to calculate the sum of perrin numbers.\nfunction cal_sum(n: number): number {\n    let sum = 0;\n    for (let i = 0; i < n; i++) {\n        sum += perrin(i);\n    }\n    return sum;\n}\n\ndeclare var require: any;\nconst assert = require('node:assert');\n\n\nfunction test() {\n  let candidate = cal_sum;\n  assert.deepEqual(candidate(9),49);\n  assert.deepEqual(candidate(10),66);\n  assert.deepEqual(candidate(11),88);\n}\n\ntest();",
      "timestamp": 1665510092,
      "stdout": "../../../../tmp/tmpqwpcvi0c.ts(5,16): error TS2304: Cannot find name 'perrin'.\n",
      "stderr": "",
      "exit_code": 2,
      "status": "SyntaxError"
    },
    {
      "program": "//Write a function to calculate the sum of perrin numbers.\nfunction cal_sum(n: number): number {\n    let sum = 0;\n    for (let i = 0; i < n; i++) {\n        sum += perrin(i);\n    }\n    return sum;\n}\n\ndeclare var require: any;\nconst assert = require('node:assert');\n\n\nfunction test() {\n  let candidate = cal_sum;\n  assert.deepEqual(candidate(9),49);\n  assert.deepEqual(candidate(10),66);\n  assert.deepEqual(candidate(11),88);\n}\n\ntest();",
      "timestamp": 1665510092,
      "stdout": "../../../../tmp/tmpqwpcvi0c.ts(5,16): error TS2304: Cannot find name 'perrin'.\n",
      "stderr": "",
      "exit_code": 2,
      "status": "SyntaxError"
    },
    {
      "program": "//Write a function to calculate the sum of perrin numbers.\nfunction cal_sum(n: number): number {\n    let sum = 0;\n    let perrin_array = [];\n    perrin_array[0] = 3;\n    perrin_array[1] = 0;\n    perrin_array[2] = 2;\n    for (let i = 3; i <= n; i++) {\n        perrin_array[i] = perrin_array[i - 2] + perrin_array[i - 3];\n    }\n    for (let i = 0; i <= n; i++) {\n        sum += perrin_array[i];\n    }\n    return sum;\n}\n\ndeclare var require: any;\nconst assert = require('node:assert');\n\n\nfunction test() {\n  let candidate = cal_sum;\n  assert.deepEqual(candidate(9),49);\n  assert.deepEqual(candidate(10),66);\n  assert.deepEqual(candidate(11),88);\n}\n\ntest();",
      "timestamp": 1666123399,
      "stdout": "",
      "stderr": "",
      "exit_code": 0,
      "status": "OK"
    },
    {
      "program": "//Write a function to calculate the sum of perrin numbers.\nfunction cal_sum(n: number): number {\n    let arr: number[] = [3, 0, 2];\n    if (n < 3) {\n        return arr[n];\n    }\n    for (let i = 3; i <= n; i++) {\n        arr[i] = arr[i - 2] + arr[i - 3];\n    }\n    return arr[n];\n}\n\ndeclare var require: any;\nconst assert = require('node:assert');\n\n\nfunction test() {\n  let candidate = cal_sum;\n  assert.deepEqual(candidate(9),49);\n  assert.deepEqual(candidate(10),66);\n  assert.deepEqual(candidate(11),88);\n}\n\ntest();",
      "timestamp": 1666123400,
      "stdout": "",
      "stderr": "node:assert:124\n  throw new AssertionError(obj);\n  ^\n\nAssertionError [ERR_ASSERTION]: Expected values to be loosely deep-equal:\n\n12\n\nshould loosely deep-equal\n\n49\n    at test (/tmp/tmp_cfs6tg6.js:15:12)\n    at Object.<anonymous> (/tmp/tmp_cfs6tg6.js:19:1)\n    at Module._compile (node:internal/modules/cjs/loader:1120:14)\n    at Module._extensions..js (node:internal/modules/cjs/loader:1174:10)\n    at Module.load (node:internal/modules/cjs/loader:998:32)\n    at Module._load (node:internal/modules/cjs/loader:839:12)\n    at Function.executeUserEntryPoint [as runMain] (node:internal/modules/run_main:81:12)\n    at node:internal/main/run_main_module:17:47 {\n  generatedMessage: true,\n  code: 'ERR_ASSERTION',\n  actual: 12,\n  expected: 49,\n  operator: 'deepEqual'\n}\n\nNode.js v18.7.0\n",
      "exit_code": 1,
      "status": "AssertionError"
    },
    {
      "program": "//Write a function to calculate the sum of perrin numbers.\nfunction cal_sum(n: number): number {\n    let sum = 0;\n    for (let i = 0; i < n; i++) {\n        sum += perrin(i);\n    }\n    return sum;\n}\n\ndeclare var require: any;\nconst assert = require('node:assert');\n\n\nfunction test() {\n  let candidate = cal_sum;\n  assert.deepEqual(candidate(9),49);\n  assert.deepEqual(candidate(10),66);\n  assert.deepEqual(candidate(11),88);\n}\n\ntest();",
      "timestamp": 1665510092,
      "stdout": "../../../../tmp/tmpqwpcvi0c.ts(5,16): error TS2304: Cannot find name 'perrin'.\n",
      "stderr": "",
      "exit_code": 2,
      "status": "SyntaxError"
    },
    {
      "program": "//Write a function to calculate the sum of perrin numbers.\nfunction cal_sum(n: number): number {\n    let sum: number = 0;\n    let perrin: number[] = [3, 0, 2];\n    for (let i: number = 0; i < n; i++) {\n        sum += perrin[2];\n        perrin[0] = perrin[1];\n        perrin[1] = perrin[2];\n        perrin[2] = perrin[0] + perrin[1];\n    }\n    return sum;\n}\n\ndeclare var require: any;\nconst assert = require('node:assert');\n\n\nfunction test() {\n  let candidate = cal_sum;\n  assert.deepEqual(candidate(9),49);\n  assert.deepEqual(candidate(10),66);\n  assert.deepEqual(candidate(11),88);\n}\n\ntest();",
      "timestamp": 1665510092,
      "stdout": "",
      "stderr": "node:assert:124\n  throw new AssertionError(obj);\n  ^\n\nAssertionError [ERR_ASSERTION]: Expected values to be loosely deep-equal:\n\n176\n\nshould loosely deep-equal\n\n49\n    at test (/tmp/tmpici54uwb.js:16:12)\n    at Object.<anonymous> (/tmp/tmpici54uwb.js:20:1)\n    at Module._compile (node:internal/modules/cjs/loader:1120:14)\n    at Module._extensions..js (node:internal/modules/cjs/loader:1174:10)\n    at Module.load (node:internal/modules/cjs/loader:998:32)\n    at Module._load (node:internal/modules/cjs/loader:839:12)\n    at Function.executeUserEntryPoint [as runMain] (node:internal/modules/run_main:81:12)\n    at node:internal/main/run_main_module:17:47 {\n  generatedMessage: true,\n  code: 'ERR_ASSERTION',\n  actual: 176,\n  expected: 49,\n  operator: 'deepEqual'\n}\n\nNode.js v18.7.0\n",
      "exit_code": 1,
      "status": "AssertionError"
    },
    {
      "program": "//Write a function to calculate the sum of perrin numbers.\nfunction cal_sum(n: number): number {\n    let sum = 0;\n    for (let i = 0; i <= n; i++) {\n        sum += perrin(i);\n    }\n    return sum;\n}\n\ndeclare var require: any;\nconst assert = require('node:assert');\n\n\nfunction test() {\n  let candidate = cal_sum;\n  assert.deepEqual(candidate(9),49);\n  assert.deepEqual(candidate(10),66);\n  assert.deepEqual(candidate(11),88);\n}\n\ntest();",
      "timestamp": 1665510092,
      "stdout": "../../../../tmp/tmpkjd1szgu.ts(5,16): error TS2304: Cannot find name 'perrin'.\n",
      "stderr": "",
      "exit_code": 2,
      "status": "SyntaxError"
    },
    {
      "program": "//Write a function to calculate the sum of perrin numbers.\nfunction cal_sum(n: number): number {\n    let sum = 0;\n    for (let i = 0; i <= n; i++) {\n        sum += perrin(i);\n    }\n    return sum;\n}\n\ndeclare var require: any;\nconst assert = require('node:assert');\n\n\nfunction test() {\n  let candidate = cal_sum;\n  assert.deepEqual(candidate(9),49);\n  assert.deepEqual(candidate(10),66);\n  assert.deepEqual(candidate(11),88);\n}\n\ntest();",
      "timestamp": 1665510092,
      "stdout": "../../../../tmp/tmpkjd1szgu.ts(5,16): error TS2304: Cannot find name 'perrin'.\n",
      "stderr": "",
      "exit_code": 2,
      "status": "SyntaxError"
    },
    {
      "program": "//Write a function to calculate the sum of perrin numbers.\nfunction cal_sum(n: number): number {\n    let sum: number = 0;\n    for (let i = 0; i <= n; i++) {\n        sum += perrin(i);\n    }\n    return sum;\n}\n\ndeclare var require: any;\nconst assert = require('node:assert');\n\n\nfunction test() {\n  let candidate = cal_sum;\n  assert.deepEqual(candidate(9),49);\n  assert.deepEqual(candidate(10),66);\n  assert.deepEqual(candidate(11),88);\n}\n\ntest();",
      "timestamp": 1665510092,
      "stdout": "../../../../tmp/tmpr2xz9z5y.ts(5,16): error TS2304: Cannot find name 'perrin'.\n",
      "stderr": "",
      "exit_code": 2,
      "status": "SyntaxError"
    },
    {
      "program": "//Write a function to calculate the sum of perrin numbers.\nfunction cal_sum(n: number): number {\n    let sum = 0;\n    for (let i = 0; i < n; i++) {\n        sum += perrin(i);\n    }\n    return sum;\n}\n\ndeclare var require: any;\nconst assert = require('node:assert');\n\n\nfunction test() {\n  let candidate = cal_sum;\n  assert.deepEqual(candidate(9),49);\n  assert.deepEqual(candidate(10),66);\n  assert.deepEqual(candidate(11),88);\n}\n\ntest();",
      "timestamp": 1665510092,
      "stdout": "../../../../tmp/tmpqwpcvi0c.ts(5,16): error TS2304: Cannot find name 'perrin'.\n",
      "stderr": "",
      "exit_code": 2,
      "status": "SyntaxError"
    },
    {
      "program": "//Write a function to calculate the sum of perrin numbers.\nfunction cal_sum(n: number): number {\n    let sum = 0;\n    for (let i = 0; i <= n; i++) {\n        sum += perrin(i);\n    }\n    return sum;\n}\n\ndeclare var require: any;\nconst assert = require('node:assert');\n\n\nfunction test() {\n  let candidate = cal_sum;\n  assert.deepEqual(candidate(9),49);\n  assert.deepEqual(candidate(10),66);\n  assert.deepEqual(candidate(11),88);\n}\n\ntest();",
      "timestamp": 1665510092,
      "stdout": "../../../../tmp/tmpkjd1szgu.ts(5,16): error TS2304: Cannot find name 'perrin'.\n",
      "stderr": "",
      "exit_code": 2,
      "status": "SyntaxError"
    },
    {
      "program": "//Write a function to calculate the sum of perrin numbers.\nfunction cal_sum(n: number): number {\n    let sum = 0;\n    for (let i = 0; i <= n; i++) {\n        sum += perrin(i);\n    }\n    return sum;\n}\n\ndeclare var require: any;\nconst assert = require('node:assert');\n\n\nfunction test() {\n  let candidate = cal_sum;\n  assert.deepEqual(candidate(9),49);\n  assert.deepEqual(candidate(10),66);\n  assert.deepEqual(candidate(11),88);\n}\n\ntest();",
      "timestamp": 1665510092,
      "stdout": "../../../../tmp/tmpkjd1szgu.ts(5,16): error TS2304: Cannot find name 'perrin'.\n",
      "stderr": "",
      "exit_code": 2,
      "status": "SyntaxError"
    },
    {
      "program": "//Write a function to calculate the sum of perrin numbers.\nfunction cal_sum(n: number): number {\n    let sum = 0;\n    for (let i = 0; i < n; i++) {\n        sum += perrin(i);\n    }\n    return sum;\n}\n\nconsole.log(cal_sum(10));\ndeclare var require: any;\nconst assert = require('node:assert');\n\n\nfunction test() {\n  let candidate = cal_sum;\n  assert.deepEqual(candidate(9),49);\n  assert.deepEqual(candidate(10),66);\n  assert.deepEqual(candidate(11),88);\n}\n\ntest();",
      "timestamp": 1666123399,
      "stdout": "../../../../tmp/tmpyo48lz04.ts(5,16): error TS2304: Cannot find name 'perrin'.\n",
      "stderr": "",
      "exit_code": 2,
      "status": "SyntaxError"
    },
    {
      "program": "//Write a function to calculate the sum of perrin numbers.\nfunction cal_sum(n: number): number {\n    let sum: number = 0;\n    let perrin: number[] = [3, 0, 2];\n    for (let i: number = 3; i <= n; i++) {\n        perrin[i] = perrin[i - 2] + perrin[i - 3];\n    }\n    for (let i: number = 0; i <= n; i++) {\n        sum += perrin[i];\n    }\n    return sum;\n}\n\ndeclare var require: any;\nconst assert = require('node:assert');\n\n\nfunction test() {\n  let candidate = cal_sum;\n  assert.deepEqual(candidate(9),49);\n  assert.deepEqual(candidate(10),66);\n  assert.deepEqual(candidate(11),88);\n}\n\ntest();",
      "timestamp": 1666123392,
      "stdout": "",
      "stderr": "",
      "exit_code": 0,
      "status": "OK"
    },
    {
      "program": "//Write a function to calculate the sum of perrin numbers.\nfunction cal_sum(n: number): number {\n    let sum = 0;\n    for (let i = 0; i <= n; i++) {\n        sum += perrin(i);\n    }\n    return sum;\n}\n\ndeclare var require: any;\nconst assert = require('node:assert');\n\n\nfunction test() {\n  let candidate = cal_sum;\n  assert.deepEqual(candidate(9),49);\n  assert.deepEqual(candidate(10),66);\n  assert.deepEqual(candidate(11),88);\n}\n\ntest();",
      "timestamp": 1665510092,
      "stdout": "../../../../tmp/tmpkjd1szgu.ts(5,16): error TS2304: Cannot find name 'perrin'.\n",
      "stderr": "",
      "exit_code": 2,
      "status": "SyntaxError"
    },
    {
      "program": "//Write a function to calculate the sum of perrin numbers.\nfunction cal_sum(n: number): number {\n    let sum: number = 0;\n    for (let i = 0; i <= n; i++) {\n        sum += perrin(i);\n    }\n    return sum;\n}\n\ndeclare var require: any;\nconst assert = require('node:assert');\n\n\nfunction test() {\n  let candidate = cal_sum;\n  assert.deepEqual(candidate(9),49);\n  assert.deepEqual(candidate(10),66);\n  assert.deepEqual(candidate(11),88);\n}\n\ntest();",
      "timestamp": 1665510092,
      "stdout": "../../../../tmp/tmpr2xz9z5y.ts(5,16): error TS2304: Cannot find name 'perrin'.\n",
      "stderr": "",
      "exit_code": 2,
      "status": "SyntaxError"
    },
    {
      "program": "//Write a function to calculate the sum of perrin numbers.\nfunction cal_sum(n: number): number {\n    let sum = 0;\n    let perrin = [3, 0, 2];\n    for (let i = 3; i < n; i++) {\n        perrin[i] = perrin[i - 2] + perrin[i - 3];\n        sum += perrin[i];\n    }\n    return sum;\n}\n\ndeclare var require: any;\nconst assert = require('node:assert');\n\n\nfunction test() {\n  let candidate = cal_sum;\n  assert.deepEqual(candidate(9),49);\n  assert.deepEqual(candidate(10),66);\n  assert.deepEqual(candidate(11),88);\n}\n\ntest();",
      "timestamp": 1665510092,
      "stdout": "",
      "stderr": "node:assert:124\n  throw new AssertionError(obj);\n  ^\n\nAssertionError [ERR_ASSERTION]: Expected values to be loosely deep-equal:\n\n32\n\nshould loosely deep-equal\n\n49\n    at test (/tmp/tmp_qcw1mel.js:14:12)\n    at Object.<anonymous> (/tmp/tmp_qcw1mel.js:18:1)\n    at Module._compile (node:internal/modules/cjs/loader:1120:14)\n    at Module._extensions..js (node:internal/modules/cjs/loader:1174:10)\n    at Module.load (node:internal/modules/cjs/loader:998:32)\n    at Module._load (node:internal/modules/cjs/loader:839:12)\n    at Function.executeUserEntryPoint [as runMain] (node:internal/modules/run_main:81:12)\n    at node:internal/main/run_main_module:17:47 {\n  generatedMessage: true,\n  code: 'ERR_ASSERTION',\n  actual: 32,\n  expected: 49,\n  operator: 'deepEqual'\n}\n\nNode.js v18.7.0\n",
      "exit_code": 1,
      "status": "AssertionError"
    },
    {
      "program": "//Write a function to calculate the sum of perrin numbers.\nfunction cal_sum(n: number): number {\n    let sum = 0;\n    for (let i = 1; i <= n; i++) {\n        sum += perrin(i);\n    }\n    return sum;\n}\n\ndeclare var require: any;\nconst assert = require('node:assert');\n\n\nfunction test() {\n  let candidate = cal_sum;\n  assert.deepEqual(candidate(9),49);\n  assert.deepEqual(candidate(10),66);\n  assert.deepEqual(candidate(11),88);\n}\n\ntest();",
      "timestamp": 1666123392,
      "stdout": "../../../../tmp/tmpbb89snw3.ts(5,16): error TS2304: Cannot find name 'perrin'.\n",
      "stderr": "",
      "exit_code": 2,
      "status": "SyntaxError"
    },
    {
      "program": "//Write a function to calculate the sum of perrin numbers.\nfunction cal_sum(n: number): number {\n    let sum = 0;\n    for (let i = 0; i < n; i++) {\n        sum += perrin(i);\n    }\n    return sum;\n}\n\ndeclare var require: any;\nconst assert = require('node:assert');\n\n\nfunction test() {\n  let candidate = cal_sum;\n  assert.deepEqual(candidate(9),49);\n  assert.deepEqual(candidate(10),66);\n  assert.deepEqual(candidate(11),88);\n}\n\ntest();",
      "timestamp": 1665510092,
      "stdout": "../../../../tmp/tmpqwpcvi0c.ts(5,16): error TS2304: Cannot find name 'perrin'.\n",
      "stderr": "",
      "exit_code": 2,
      "status": "SyntaxError"
    },
    {
      "program": "//Write a function to calculate the sum of perrin numbers.\nfunction cal_sum(n: number): number {\n    let sum = 0;\n    let perrin = [3, 0, 2];\n    for (let i = 3; i < n; i++) {\n        perrin[i] = perrin[i - 2] + perrin[i - 3];\n        sum += perrin[i];\n    }\n    return sum;\n}\n\ndeclare var require: any;\nconst assert = require('node:assert');\n\n\nfunction test() {\n  let candidate = cal_sum;\n  assert.deepEqual(candidate(9),49);\n  assert.deepEqual(candidate(10),66);\n  assert.deepEqual(candidate(11),88);\n}\n\ntest();",
      "timestamp": 1665510092,
      "stdout": "",
      "stderr": "node:assert:124\n  throw new AssertionError(obj);\n  ^\n\nAssertionError [ERR_ASSERTION]: Expected values to be loosely deep-equal:\n\n32\n\nshould loosely deep-equal\n\n49\n    at test (/tmp/tmp_qcw1mel.js:14:12)\n    at Object.<anonymous> (/tmp/tmp_qcw1mel.js:18:1)\n    at Module._compile (node:internal/modules/cjs/loader:1120:14)\n    at Module._extensions..js (node:internal/modules/cjs/loader:1174:10)\n    at Module.load (node:internal/modules/cjs/loader:998:32)\n    at Module._load (node:internal/modules/cjs/loader:839:12)\n    at Function.executeUserEntryPoint [as runMain] (node:internal/modules/run_main:81:12)\n    at node:internal/main/run_main_module:17:47 {\n  generatedMessage: true,\n  code: 'ERR_ASSERTION',\n  actual: 32,\n  expected: 49,\n  operator: 'deepEqual'\n}\n\nNode.js v18.7.0\n",
      "exit_code": 1,
      "status": "AssertionError"
    },
    {
      "program": "//Write a function to calculate the sum of perrin numbers.\nfunction cal_sum(n: number): number {\n    let perrin: number[] = [3, 0, 2];\n    let sum: number = 0;\n    for (let i: number = 0; i < n; i++) {\n        perrin.push(perrin[i] + perrin[i + 1]);\n        sum += perrin[i];\n    }\n    return sum;\n}\n\ndeclare var require: any;\nconst assert = require('node:assert');\n\n\nfunction test() {\n  let candidate = cal_sum;\n  assert.deepEqual(candidate(9),49);\n  assert.deepEqual(candidate(10),66);\n  assert.deepEqual(candidate(11),88);\n}\n\ntest();",
      "timestamp": 1666123399,
      "stdout": "",
      "stderr": "node:assert:124\n  throw new AssertionError(obj);\n  ^\n\nAssertionError [ERR_ASSERTION]: Expected values to be loosely deep-equal:\n\n37\n\nshould loosely deep-equal\n\n49\n    at test (/tmp/tmpdr1v1aom.js:14:12)\n    at Object.<anonymous> (/tmp/tmpdr1v1aom.js:18:1)\n    at Module._compile (node:internal/modules/cjs/loader:1120:14)\n    at Module._extensions..js (node:internal/modules/cjs/loader:1174:10)\n    at Module.load (node:internal/modules/cjs/loader:998:32)\n    at Module._load (node:internal/modules/cjs/loader:839:12)\n    at Function.executeUserEntryPoint [as runMain] (node:internal/modules/run_main:81:12)\n    at node:internal/main/run_main_module:17:47 {\n  generatedMessage: true,\n  code: 'ERR_ASSERTION',\n  actual: 37,\n  expected: 49,\n  operator: 'deepEqual'\n}\n\nNode.js v18.7.0\n",
      "exit_code": 1,
      "status": "AssertionError"
    },
    {
      "program": "//Write a function to calculate the sum of perrin numbers.\nfunction cal_sum(n: number): number {\n    let sum = 0;\n    for (let i = 0; i <= n; i++) {\n        sum += perrin(i);\n    }\n    return sum;\n}\n\ndeclare var require: any;\nconst assert = require('node:assert');\n\n\nfunction test() {\n  let candidate = cal_sum;\n  assert.deepEqual(candidate(9),49);\n  assert.deepEqual(candidate(10),66);\n  assert.deepEqual(candidate(11),88);\n}\n\ntest();",
      "timestamp": 1665510092,
      "stdout": "../../../../tmp/tmpkjd1szgu.ts(5,16): error TS2304: Cannot find name 'perrin'.\n",
      "stderr": "",
      "exit_code": 2,
      "status": "SyntaxError"
    },
    {
      "program": "//Write a function to calculate the sum of perrin numbers.\nfunction cal_sum(n: number): number {\n    let sum = 0;\n    for (let i = 0; i < n; i++) {\n        sum += perrin(i);\n    }\n    return sum;\n}\n\ndeclare var require: any;\nconst assert = require('node:assert');\n\n\nfunction test() {\n  let candidate = cal_sum;\n  assert.deepEqual(candidate(9),49);\n  assert.deepEqual(candidate(10),66);\n  assert.deepEqual(candidate(11),88);\n}\n\ntest();",
      "timestamp": 1665510092,
      "stdout": "../../../../tmp/tmpqwpcvi0c.ts(5,16): error TS2304: Cannot find name 'perrin'.\n",
      "stderr": "",
      "exit_code": 2,
      "status": "SyntaxError"
    },
    {
      "program": "//Write a function to calculate the sum of perrin numbers.\nfunction cal_sum(n: number): number {\n    let sum: number = 0;\n    for (let i = 0; i <= n; i++) {\n        sum += perrin(i);\n    }\n    return sum;\n}\n\ndeclare var require: any;\nconst assert = require('node:assert');\n\n\nfunction test() {\n  let candidate = cal_sum;\n  assert.deepEqual(candidate(9),49);\n  assert.deepEqual(candidate(10),66);\n  assert.deepEqual(candidate(11),88);\n}\n\ntest();",
      "timestamp": 1665510092,
      "stdout": "../../../../tmp/tmpr2xz9z5y.ts(5,16): error TS2304: Cannot find name 'perrin'.\n",
      "stderr": "",
      "exit_code": 2,
      "status": "SyntaxError"
    },
    {
      "program": "//Write a function to calculate the sum of perrin numbers.\nfunction cal_sum(n: number): number {\n    let sum = 0;\n    for (let i = 0; i <= n; i++) {\n        sum += perrin(i);\n    }\n    return sum;\n}\n\ndeclare var require: any;\nconst assert = require('node:assert');\n\n\nfunction test() {\n  let candidate = cal_sum;\n  assert.deepEqual(candidate(9),49);\n  assert.deepEqual(candidate(10),66);\n  assert.deepEqual(candidate(11),88);\n}\n\ntest();",
      "timestamp": 1665510092,
      "stdout": "../../../../tmp/tmpkjd1szgu.ts(5,16): error TS2304: Cannot find name 'perrin'.\n",
      "stderr": "",
      "exit_code": 2,
      "status": "SyntaxError"
    },
    {
      "program": "//Write a function to calculate the sum of perrin numbers.\nfunction cal_sum(n: number): number {\n    let sum = 0;\n    let perrin = [3, 0, 2];\n    for (let i = 0; i < n; i++) {\n        perrin[i % 3] = perrin[(i + 1) % 3] + perrin[(i + 2) % 3];\n        sum += perrin[i % 3];\n    }\n    return sum;\n}\n\ndeclare var require: any;\nconst assert = require('node:assert');\n\n\nfunction test() {\n  let candidate = cal_sum;\n  assert.deepEqual(candidate(9),49);\n  assert.deepEqual(candidate(10),66);\n  assert.deepEqual(candidate(11),88);\n}\n\ntest();",
      "timestamp": 1666123400,
      "stdout": "",
      "stderr": "node:assert:124\n  throw new AssertionError(obj);\n  ^\n\nAssertionError [ERR_ASSERTION]: Expected values to be loosely deep-equal:\n\n284\n\nshould loosely deep-equal\n\n49\n    at test (/tmp/tmpch8pnari.js:14:12)\n    at Object.<anonymous> (/tmp/tmpch8pnari.js:18:1)\n    at Module._compile (node:internal/modules/cjs/loader:1120:14)\n    at Module._extensions..js (node:internal/modules/cjs/loader:1174:10)\n    at Module.load (node:internal/modules/cjs/loader:998:32)\n    at Module._load (node:internal/modules/cjs/loader:839:12)\n    at Function.executeUserEntryPoint [as runMain] (node:internal/modules/run_main:81:12)\n    at node:internal/main/run_main_module:17:47 {\n  generatedMessage: true,\n  code: 'ERR_ASSERTION',\n  actual: 284,\n  expected: 49,\n  operator: 'deepEqual'\n}\n\nNode.js v18.7.0\n",
      "exit_code": 1,
      "status": "AssertionError"
    },
    {
      "program": "//Write a function to calculate the sum of perrin numbers.\nfunction cal_sum(n: number): number {\n    let sum = 0;\n    for (let i = 0; i < n; i++) {\n        sum += perrin(i);\n    }\n    return sum;\n}\n\ndeclare var require: any;\nconst assert = require('node:assert');\n\n\nfunction test() {\n  let candidate = cal_sum;\n  assert.deepEqual(candidate(9),49);\n  assert.deepEqual(candidate(10),66);\n  assert.deepEqual(candidate(11),88);\n}\n\ntest();",
      "timestamp": 1665510092,
      "stdout": "../../../../tmp/tmpqwpcvi0c.ts(5,16): error TS2304: Cannot find name 'perrin'.\n",
      "stderr": "",
      "exit_code": 2,
      "status": "SyntaxError"
    },
    {
      "program": "//Write a function to calculate the sum of perrin numbers.\nfunction cal_sum(n: number): number {\n    let sum: number = 0;\n    let perrin_arr: number[] = perrin(n);\n    for (let i = 0; i < perrin_arr.length; i++) {\n        sum += perrin_arr[i];\n    }\n    return sum;\n}\n\ndeclare var require: any;\nconst assert = require('node:assert');\n\n\nfunction test() {\n  let candidate = cal_sum;\n  assert.deepEqual(candidate(9),49);\n  assert.deepEqual(candidate(10),66);\n  assert.deepEqual(candidate(11),88);\n}\n\ntest();",
      "timestamp": 1666123399,
      "stdout": "../../../../tmp/tmp90aqvc1d.ts(4,32): error TS2304: Cannot find name 'perrin'.\n",
      "stderr": "",
      "exit_code": 2,
      "status": "SyntaxError"
    },
    {
      "program": "//Write a function to calculate the sum of perrin numbers.\nfunction cal_sum(n: number): number {\n    let sum = 0;\n    for (let i = 0; i <= n; i++) {\n        sum += perrin(i);\n    }\n    return sum;\n}\n\ndeclare var require: any;\nconst assert = require('node:assert');\n\n\nfunction test() {\n  let candidate = cal_sum;\n  assert.deepEqual(candidate(9),49);\n  assert.deepEqual(candidate(10),66);\n  assert.deepEqual(candidate(11),88);\n}\n\ntest();",
      "timestamp": 1665510092,
      "stdout": "../../../../tmp/tmpkjd1szgu.ts(5,16): error TS2304: Cannot find name 'perrin'.\n",
      "stderr": "",
      "exit_code": 2,
      "status": "SyntaxError"
    },
    {
      "program": "//Write a function to calculate the sum of perrin numbers.\nfunction cal_sum(n: number): number {\n    let sum = 0;\n    for (let i = 0; i < n; i++) {\n        sum += perrin(i);\n    }\n    return sum;\n}\n\ndeclare var require: any;\nconst assert = require('node:assert');\n\n\nfunction test() {\n  let candidate = cal_sum;\n  assert.deepEqual(candidate(9),49);\n  assert.deepEqual(candidate(10),66);\n  assert.deepEqual(candidate(11),88);\n}\n\ntest();",
      "timestamp": 1665510092,
      "stdout": "../../../../tmp/tmpqwpcvi0c.ts(5,16): error TS2304: Cannot find name 'perrin'.\n",
      "stderr": "",
      "exit_code": 2,
      "status": "SyntaxError"
    },
    {
      "program": "//Write a function to calculate the sum of perrin numbers.\nfunction cal_sum(n: number): number {\n    let sum = 0;\n    let perrin = [3, 0, 2];\n    for (let i = 0; i < n; i++) {\n        sum += perrin[2];\n        perrin[0] = perrin[1];\n        perrin[1] = perrin[2];\n        perrin[2] = perrin[0] + perrin[1];\n    }\n    return sum;\n}\n\ndeclare var require: any;\nconst assert = require('node:assert');\n\n\nfunction test() {\n  let candidate = cal_sum;\n  assert.deepEqual(candidate(9),49);\n  assert.deepEqual(candidate(10),66);\n  assert.deepEqual(candidate(11),88);\n}\n\ntest();",
      "timestamp": 1665510094,
      "stdout": "",
      "stderr": "node:assert:124\n  throw new AssertionError(obj);\n  ^\n\nAssertionError [ERR_ASSERTION]: Expected values to be loosely deep-equal:\n\n176\n\nshould loosely deep-equal\n\n49\n    at test (/tmp/tmpdw5k7e7g.js:16:12)\n    at Object.<anonymous> (/tmp/tmpdw5k7e7g.js:20:1)\n    at Module._compile (node:internal/modules/cjs/loader:1120:14)\n    at Module._extensions..js (node:internal/modules/cjs/loader:1174:10)\n    at Module.load (node:internal/modules/cjs/loader:998:32)\n    at Module._load (node:internal/modules/cjs/loader:839:12)\n    at Function.executeUserEntryPoint [as runMain] (node:internal/modules/run_main:81:12)\n    at node:internal/main/run_main_module:17:47 {\n  generatedMessage: true,\n  code: 'ERR_ASSERTION',\n  actual: 176,\n  expected: 49,\n  operator: 'deepEqual'\n}\n\nNode.js v18.7.0\n",
      "exit_code": 1,
      "status": "AssertionError"
    },
    {
      "program": "//Write a function to calculate the sum of perrin numbers.\nfunction cal_sum(n: number): number {\n    let sum = 0;\n    for (let i = 0; i <= n; i++) {\n        sum += perrin(i);\n    }\n    return sum;\n}\n\ndeclare var require: any;\nconst assert = require('node:assert');\n\n\nfunction test() {\n  let candidate = cal_sum;\n  assert.deepEqual(candidate(9),49);\n  assert.deepEqual(candidate(10),66);\n  assert.deepEqual(candidate(11),88);\n}\n\ntest();",
      "timestamp": 1665510092,
      "stdout": "../../../../tmp/tmpkjd1szgu.ts(5,16): error TS2304: Cannot find name 'perrin'.\n",
      "stderr": "",
      "exit_code": 2,
      "status": "SyntaxError"
    },
    {
      "program": "//Write a function to calculate the sum of perrin numbers.\nfunction cal_sum(n: number): number {\n    let sum = 0;\n    for (let i = 0; i <= n; i++) {\n        sum += perrin(i);\n    }\n    return sum;\n}\n\ndeclare var require: any;\nconst assert = require('node:assert');\n\n\nfunction test() {\n  let candidate = cal_sum;\n  assert.deepEqual(candidate(9),49);\n  assert.deepEqual(candidate(10),66);\n  assert.deepEqual(candidate(11),88);\n}\n\ntest();",
      "timestamp": 1665510092,
      "stdout": "../../../../tmp/tmpkjd1szgu.ts(5,16): error TS2304: Cannot find name 'perrin'.\n",
      "stderr": "",
      "exit_code": 2,
      "status": "SyntaxError"
    },
    {
      "program": "//Write a function to calculate the sum of perrin numbers.\nfunction cal_sum(n: number): number {\n    let sum = 0;\n    for (let i = 0; i <= n; i++) {\n        sum += perrin(i);\n    }\n    return sum;\n}\n\ndeclare var require: any;\nconst assert = require('node:assert');\n\n\nfunction test() {\n  let candidate = cal_sum;\n  assert.deepEqual(candidate(9),49);\n  assert.deepEqual(candidate(10),66);\n  assert.deepEqual(candidate(11),88);\n}\n\ntest();",
      "timestamp": 1665510092,
      "stdout": "../../../../tmp/tmpkjd1szgu.ts(5,16): error TS2304: Cannot find name 'perrin'.\n",
      "stderr": "",
      "exit_code": 2,
      "status": "SyntaxError"
    },
    {
      "program": "//Write a function to calculate the sum of perrin numbers.\nfunction cal_sum(n: number): number {\n    let sum = 0;\n    for (let i = 0; i <= n; i++) {\n        sum += perrin(i);\n    }\n    return sum;\n}\n\ndeclare var require: any;\nconst assert = require('node:assert');\n\n\nfunction test() {\n  let candidate = cal_sum;\n  assert.deepEqual(candidate(9),49);\n  assert.deepEqual(candidate(10),66);\n  assert.deepEqual(candidate(11),88);\n}\n\ntest();",
      "timestamp": 1665510092,
      "stdout": "../../../../tmp/tmpkjd1szgu.ts(5,16): error TS2304: Cannot find name 'perrin'.\n",
      "stderr": "",
      "exit_code": 2,
      "status": "SyntaxError"
    },
    {
      "program": "//Write a function to calculate the sum of perrin numbers.\nfunction cal_sum(n: number): number {\n    var sum = 0;\n    for (var i = 0; i <= n; i++) {\n        sum += perrin(i);\n    }\n    return sum;\n}\n\ndeclare var require: any;\nconst assert = require('node:assert');\n\n\nfunction test() {\n  let candidate = cal_sum;\n  assert.deepEqual(candidate(9),49);\n  assert.deepEqual(candidate(10),66);\n  assert.deepEqual(candidate(11),88);\n}\n\ntest();",
      "timestamp": 1666123399,
      "stdout": "../../../../tmp/tmpmvp5ysmx.ts(5,16): error TS2304: Cannot find name 'perrin'.\n",
      "stderr": "",
      "exit_code": 2,
      "status": "SyntaxError"
    },
    {
      "program": "//Write a function to calculate the sum of perrin numbers.\nfunction cal_sum(n: number): number {\n    let sum = 0;\n    for (let i = 0; i <= n; i++) {\n        sum += perrin(i);\n    }\n    return sum;\n}\n\ndeclare var require: any;\nconst assert = require('node:assert');\n\n\nfunction test() {\n  let candidate = cal_sum;\n  assert.deepEqual(candidate(9),49);\n  assert.deepEqual(candidate(10),66);\n  assert.deepEqual(candidate(11),88);\n}\n\ntest();",
      "timestamp": 1665510092,
      "stdout": "../../../../tmp/tmpkjd1szgu.ts(5,16): error TS2304: Cannot find name 'perrin'.\n",
      "stderr": "",
      "exit_code": 2,
      "status": "SyntaxError"
    },
    {
      "program": "//Write a function to calculate the sum of perrin numbers.\nfunction cal_sum(n: number): number {\n    let sum = 0;\n    let perrin = [3, 0, 2];\n    for (let i = 3; i < n; i++) {\n        perrin[i] = perrin[i - 2] + perrin[i - 3];\n        sum += perrin[i];\n    }\n    return sum;\n}\n\ndeclare var require: any;\nconst assert = require('node:assert');\n\n\nfunction test() {\n  let candidate = cal_sum;\n  assert.deepEqual(candidate(9),49);\n  assert.deepEqual(candidate(10),66);\n  assert.deepEqual(candidate(11),88);\n}\n\ntest();",
      "timestamp": 1665510092,
      "stdout": "",
      "stderr": "node:assert:124\n  throw new AssertionError(obj);\n  ^\n\nAssertionError [ERR_ASSERTION]: Expected values to be loosely deep-equal:\n\n32\n\nshould loosely deep-equal\n\n49\n    at test (/tmp/tmp_qcw1mel.js:14:12)\n    at Object.<anonymous> (/tmp/tmp_qcw1mel.js:18:1)\n    at Module._compile (node:internal/modules/cjs/loader:1120:14)\n    at Module._extensions..js (node:internal/modules/cjs/loader:1174:10)\n    at Module.load (node:internal/modules/cjs/loader:998:32)\n    at Module._load (node:internal/modules/cjs/loader:839:12)\n    at Function.executeUserEntryPoint [as runMain] (node:internal/modules/run_main:81:12)\n    at node:internal/main/run_main_module:17:47 {\n  generatedMessage: true,\n  code: 'ERR_ASSERTION',\n  actual: 32,\n  expected: 49,\n  operator: 'deepEqual'\n}\n\nNode.js v18.7.0\n",
      "exit_code": 1,
      "status": "AssertionError"
    },
    {
      "program": "//Write a function to calculate the sum of perrin numbers.\nfunction cal_sum(n: number): number {\n    let sum = 0;\n    for (let i = 0; i < n; i++) {\n        sum += perrin(i);\n    }\n    return sum;\n}\n\ndeclare var require: any;\nconst assert = require('node:assert');\n\n\nfunction test() {\n  let candidate = cal_sum;\n  assert.deepEqual(candidate(9),49);\n  assert.deepEqual(candidate(10),66);\n  assert.deepEqual(candidate(11),88);\n}\n\ntest();",
      "timestamp": 1665510092,
      "stdout": "../../../../tmp/tmpqwpcvi0c.ts(5,16): error TS2304: Cannot find name 'perrin'.\n",
      "stderr": "",
      "exit_code": 2,
      "status": "SyntaxError"
    },
    {
      "program": "//Write a function to calculate the sum of perrin numbers.\nfunction cal_sum(n: number): number {\n    let sum = 0;\n    for (let i = 0; i < n; i++) {\n        sum += perrin(i);\n    }\n    return sum;\n}\n\ndeclare var require: any;\nconst assert = require('node:assert');\n\n\nfunction test() {\n  let candidate = cal_sum;\n  assert.deepEqual(candidate(9),49);\n  assert.deepEqual(candidate(10),66);\n  assert.deepEqual(candidate(11),88);\n}\n\ntest();",
      "timestamp": 1665510092,
      "stdout": "../../../../tmp/tmpqwpcvi0c.ts(5,16): error TS2304: Cannot find name 'perrin'.\n",
      "stderr": "",
      "exit_code": 2,
      "status": "SyntaxError"
    },
    {
      "program": "//Write a function to calculate the sum of perrin numbers.\nfunction cal_sum(n: number): number {\n    let sum = 0;\n    for (let i = 0; i < n; i++) {\n        sum += perrin(i);\n    }\n    return sum;\n}\n\ndeclare var require: any;\nconst assert = require('node:assert');\n\n\nfunction test() {\n  let candidate = cal_sum;\n  assert.deepEqual(candidate(9),49);\n  assert.deepEqual(candidate(10),66);\n  assert.deepEqual(candidate(11),88);\n}\n\ntest();",
      "timestamp": 1665510092,
      "stdout": "../../../../tmp/tmpqwpcvi0c.ts(5,16): error TS2304: Cannot find name 'perrin'.\n",
      "stderr": "",
      "exit_code": 2,
      "status": "SyntaxError"
    },
    {
      "program": "//Write a function to calculate the sum of perrin numbers.\nfunction cal_sum(n: number): number {\n    let sum = 0;\n    for (let i = 0; i <= n; i++) {\n        sum += perrin(i);\n    }\n    return sum;\n}\n\ndeclare var require: any;\nconst assert = require('node:assert');\n\n\nfunction test() {\n  let candidate = cal_sum;\n  assert.deepEqual(candidate(9),49);\n  assert.deepEqual(candidate(10),66);\n  assert.deepEqual(candidate(11),88);\n}\n\ntest();",
      "timestamp": 1665510092,
      "stdout": "../../../../tmp/tmpkjd1szgu.ts(5,16): error TS2304: Cannot find name 'perrin'.\n",
      "stderr": "",
      "exit_code": 2,
      "status": "SyntaxError"
    },
    {
      "program": "//Write a function to calculate the sum of perrin numbers.\nfunction cal_sum(n: number): number {\n  let sum = 0;\n  for (let i = 0; i <= n; i++) {\n    sum += perrin(i);\n  }\n  return sum;\n}\n\nconsole.log(cal_sum(10));\n\ndeclare var require: any;\nconst assert = require('node:assert');\n\n\nfunction test() {\n  let candidate = cal_sum;\n  assert.deepEqual(candidate(9),49);\n  assert.deepEqual(candidate(10),66);\n  assert.deepEqual(candidate(11),88);\n}\n\ntest();",
      "timestamp": 1666123392,
      "stdout": "../../../../tmp/tmpwzwluyao.ts(5,12): error TS2304: Cannot find name 'perrin'.\n",
      "stderr": "",
      "exit_code": 2,
      "status": "SyntaxError"
    },
    {
      "program": "//Write a function to calculate the sum of perrin numbers.\nfunction cal_sum(n: number): number {\n  let sum = 0;\n  for (let i = 0; i < n; i++) {\n    sum += perrin(i);\n  }\n  return sum;\n}\n\ndeclare var require: any;\nconst assert = require('node:assert');\n\n\nfunction test() {\n  let candidate = cal_sum;\n  assert.deepEqual(candidate(9),49);\n  assert.deepEqual(candidate(10),66);\n  assert.deepEqual(candidate(11),88);\n}\n\ntest();",
      "timestamp": 1665510093,
      "stdout": "../../../../tmp/tmpvjhsxoeh.ts(5,12): error TS2304: Cannot find name 'perrin'.\n",
      "stderr": "",
      "exit_code": 2,
      "status": "SyntaxError"
    },
    {
      "program": "//Write a function to calculate the sum of perrin numbers.\nfunction cal_sum(n: number): number {\n    let sum = 0;\n    for (let i = 0; i < n; i++) {\n        sum += perrin(i);\n    }\n    return sum;\n}\n\ndeclare var require: any;\nconst assert = require('node:assert');\n\n\nfunction test() {\n  let candidate = cal_sum;\n  assert.deepEqual(candidate(9),49);\n  assert.deepEqual(candidate(10),66);\n  assert.deepEqual(candidate(11),88);\n}\n\ntest();",
      "timestamp": 1665510092,
      "stdout": "../../../../tmp/tmpqwpcvi0c.ts(5,16): error TS2304: Cannot find name 'perrin'.\n",
      "stderr": "",
      "exit_code": 2,
      "status": "SyntaxError"
    },
    {
      "program": "//Write a function to calculate the sum of perrin numbers.\nfunction cal_sum(n: number): number {\n    let sum = 0;\n    let perrin = [3, 0, 2];\n    for (let i = 0; i < n; i++) {\n        sum += perrin[2];\n        perrin[0] = perrin[1];\n        perrin[1] = perrin[2];\n        perrin[2] = perrin[0] + perrin[1];\n    }\n    return sum;\n}\n\ndeclare var require: any;\nconst assert = require('node:assert');\n\n\nfunction test() {\n  let candidate = cal_sum;\n  assert.deepEqual(candidate(9),49);\n  assert.deepEqual(candidate(10),66);\n  assert.deepEqual(candidate(11),88);\n}\n\ntest();",
      "timestamp": 1665510094,
      "stdout": "",
      "stderr": "node:assert:124\n  throw new AssertionError(obj);\n  ^\n\nAssertionError [ERR_ASSERTION]: Expected values to be loosely deep-equal:\n\n176\n\nshould loosely deep-equal\n\n49\n    at test (/tmp/tmpdw5k7e7g.js:16:12)\n    at Object.<anonymous> (/tmp/tmpdw5k7e7g.js:20:1)\n    at Module._compile (node:internal/modules/cjs/loader:1120:14)\n    at Module._extensions..js (node:internal/modules/cjs/loader:1174:10)\n    at Module.load (node:internal/modules/cjs/loader:998:32)\n    at Module._load (node:internal/modules/cjs/loader:839:12)\n    at Function.executeUserEntryPoint [as runMain] (node:internal/modules/run_main:81:12)\n    at node:internal/main/run_main_module:17:47 {\n  generatedMessage: true,\n  code: 'ERR_ASSERTION',\n  actual: 176,\n  expected: 49,\n  operator: 'deepEqual'\n}\n\nNode.js v18.7.0\n",
      "exit_code": 1,
      "status": "AssertionError"
    },
    {
      "program": "//Write a function to calculate the sum of perrin numbers.\nfunction cal_sum(n: number): number {\n  let sum = 0;\n  for (let i = 0; i <= n; i++) {\n    sum += perrin(i);\n  }\n  return sum;\n}\n\ndeclare var require: any;\nconst assert = require('node:assert');\n\n\nfunction test() {\n  let candidate = cal_sum;\n  assert.deepEqual(candidate(9),49);\n  assert.deepEqual(candidate(10),66);\n  assert.deepEqual(candidate(11),88);\n}\n\ntest();",
      "timestamp": 1665510093,
      "stdout": "../../../../tmp/tmpbgdwk82r.ts(5,12): error TS2304: Cannot find name 'perrin'.\n",
      "stderr": "",
      "exit_code": 2,
      "status": "SyntaxError"
    },
    {
      "program": "//Write a function to calculate the sum of perrin numbers.\nfunction cal_sum(n: number): number {\n    let sum = 0;\n    for (let i = 0; i <= n; i++) {\n        sum += perrin(i);\n    }\n    return sum;\n}\n\ndeclare var require: any;\nconst assert = require('node:assert');\n\n\nfunction test() {\n  let candidate = cal_sum;\n  assert.deepEqual(candidate(9),49);\n  assert.deepEqual(candidate(10),66);\n  assert.deepEqual(candidate(11),88);\n}\n\ntest();",
      "timestamp": 1665510092,
      "stdout": "../../../../tmp/tmpkjd1szgu.ts(5,16): error TS2304: Cannot find name 'perrin'.\n",
      "stderr": "",
      "exit_code": 2,
      "status": "SyntaxError"
    },
    {
      "program": "//Write a function to calculate the sum of perrin numbers.\nfunction cal_sum(n: number): number {\n    let sum = 0;\n    for (let i = 0; i < n; i++) {\n        sum += perrin(i);\n    }\n    return sum;\n}\n\ndeclare var require: any;\nconst assert = require('node:assert');\n\n\nfunction test() {\n  let candidate = cal_sum;\n  assert.deepEqual(candidate(9),49);\n  assert.deepEqual(candidate(10),66);\n  assert.deepEqual(candidate(11),88);\n}\n\ntest();",
      "timestamp": 1665510092,
      "stdout": "../../../../tmp/tmpqwpcvi0c.ts(5,16): error TS2304: Cannot find name 'perrin'.\n",
      "stderr": "",
      "exit_code": 2,
      "status": "SyntaxError"
    },
    {
      "program": "//Write a function to calculate the sum of perrin numbers.\nfunction cal_sum(n: number): number {\n    let sum: number = 0;\n    for (let i = 0; i < n; i++) {\n        sum += perrin(i);\n    }\n    return sum;\n}\n\ndeclare var require: any;\nconst assert = require('node:assert');\n\n\nfunction test() {\n  let candidate = cal_sum;\n  assert.deepEqual(candidate(9),49);\n  assert.deepEqual(candidate(10),66);\n  assert.deepEqual(candidate(11),88);\n}\n\ntest();",
      "timestamp": 1665510092,
      "stdout": "../../../../tmp/tmpcauj1717.ts(5,16): error TS2304: Cannot find name 'perrin'.\n",
      "stderr": "",
      "exit_code": 2,
      "status": "SyntaxError"
    },
    {
      "program": "//Write a function to calculate the sum of perrin numbers.\nfunction cal_sum(n: number): number {\n    let sum = 0;\n    let perrin = [3, 0, 2];\n    for (let i = 3; i < n; i++) {\n        perrin[i] = perrin[i - 2] + perrin[i - 3];\n        sum += perrin[i];\n    }\n    return sum;\n}\n\ndeclare var require: any;\nconst assert = require('node:assert');\n\n\nfunction test() {\n  let candidate = cal_sum;\n  assert.deepEqual(candidate(9),49);\n  assert.deepEqual(candidate(10),66);\n  assert.deepEqual(candidate(11),88);\n}\n\ntest();",
      "timestamp": 1665510092,
      "stdout": "",
      "stderr": "node:assert:124\n  throw new AssertionError(obj);\n  ^\n\nAssertionError [ERR_ASSERTION]: Expected values to be loosely deep-equal:\n\n32\n\nshould loosely deep-equal\n\n49\n    at test (/tmp/tmp_qcw1mel.js:14:12)\n    at Object.<anonymous> (/tmp/tmp_qcw1mel.js:18:1)\n    at Module._compile (node:internal/modules/cjs/loader:1120:14)\n    at Module._extensions..js (node:internal/modules/cjs/loader:1174:10)\n    at Module.load (node:internal/modules/cjs/loader:998:32)\n    at Module._load (node:internal/modules/cjs/loader:839:12)\n    at Function.executeUserEntryPoint [as runMain] (node:internal/modules/run_main:81:12)\n    at node:internal/main/run_main_module:17:47 {\n  generatedMessage: true,\n  code: 'ERR_ASSERTION',\n  actual: 32,\n  expected: 49,\n  operator: 'deepEqual'\n}\n\nNode.js v18.7.0\n",
      "exit_code": 1,
      "status": "AssertionError"
    },
    {
      "program": "//Write a function to calculate the sum of perrin numbers.\nfunction cal_sum(n: number): number {\n    let sum = 0;\n    for (let i = 0; i < n; i++) {\n        sum += perrin(i);\n    }\n    return sum;\n}\n\ndeclare var require: any;\nconst assert = require('node:assert');\n\n\nfunction test() {\n  let candidate = cal_sum;\n  assert.deepEqual(candidate(9),49);\n  assert.deepEqual(candidate(10),66);\n  assert.deepEqual(candidate(11),88);\n}\n\ntest();",
      "timestamp": 1665510092,
      "stdout": "../../../../tmp/tmpqwpcvi0c.ts(5,16): error TS2304: Cannot find name 'perrin'.\n",
      "stderr": "",
      "exit_code": 2,
      "status": "SyntaxError"
    },
    {
      "program": "//Write a function to calculate the sum of perrin numbers.\nfunction cal_sum(n: number): number {\n    let perrin: number[] = [3, 0, 2];\n    let sum: number = 0;\n    for (let i = 3; i <= n; i++) {\n        perrin[i] = perrin[i - 2] + perrin[i - 3];\n    }\n    for (let i = 0; i <= n; i++) {\n        sum += perrin[i];\n    }\n    return sum;\n}\n\ndeclare var require: any;\nconst assert = require('node:assert');\n\n\nfunction test() {\n  let candidate = cal_sum;\n  assert.deepEqual(candidate(9),49);\n  assert.deepEqual(candidate(10),66);\n  assert.deepEqual(candidate(11),88);\n}\n\ntest();",
      "timestamp": 1666123400,
      "stdout": "",
      "stderr": "",
      "exit_code": 0,
      "status": "OK"
    },
    {
      "program": "//Write a function to calculate the sum of perrin numbers.\nfunction cal_sum(n: number): number {\n    let sum = 0;\n    for (let i = 0; i <= n; i++) {\n        sum += perrin(i);\n    }\n    return sum;\n}\n\ndeclare var require: any;\nconst assert = require('node:assert');\n\n\nfunction test() {\n  let candidate = cal_sum;\n  assert.deepEqual(candidate(9),49);\n  assert.deepEqual(candidate(10),66);\n  assert.deepEqual(candidate(11),88);\n}\n\ntest();",
      "timestamp": 1665510092,
      "stdout": "../../../../tmp/tmpkjd1szgu.ts(5,16): error TS2304: Cannot find name 'perrin'.\n",
      "stderr": "",
      "exit_code": 2,
      "status": "SyntaxError"
    },
    {
      "program": "//Write a function to calculate the sum of perrin numbers.\nfunction cal_sum(n: number): number {\n    let sum = 0;\n    for (let i = 0; i <= n; i++) {\n        sum += perrin(i);\n    }\n    return sum;\n}\n\ndeclare var require: any;\nconst assert = require('node:assert');\n\n\nfunction test() {\n  let candidate = cal_sum;\n  assert.deepEqual(candidate(9),49);\n  assert.deepEqual(candidate(10),66);\n  assert.deepEqual(candidate(11),88);\n}\n\ntest();",
      "timestamp": 1665510092,
      "stdout": "../../../../tmp/tmpkjd1szgu.ts(5,16): error TS2304: Cannot find name 'perrin'.\n",
      "stderr": "",
      "exit_code": 2,
      "status": "SyntaxError"
    },
    {
      "program": "//Write a function to calculate the sum of perrin numbers.\nfunction cal_sum(n: number): number {\n    let sum = 0;\n    for (let i = 0; i <= n; i++) {\n        sum += perrin(i);\n    }\n    return sum;\n}\n\ndeclare var require: any;\nconst assert = require('node:assert');\n\n\nfunction test() {\n  let candidate = cal_sum;\n  assert.deepEqual(candidate(9),49);\n  assert.deepEqual(candidate(10),66);\n  assert.deepEqual(candidate(11),88);\n}\n\ntest();",
      "timestamp": 1665510092,
      "stdout": "../../../../tmp/tmpkjd1szgu.ts(5,16): error TS2304: Cannot find name 'perrin'.\n",
      "stderr": "",
      "exit_code": 2,
      "status": "SyntaxError"
    },
    {
      "program": "//Write a function to calculate the sum of perrin numbers.\nfunction cal_sum(n: number): number {\n    let sum = 0;\n    for (let i = 0; i < n; i++) {\n        sum += perrin(i);\n    }\n    return sum;\n}\n\ndeclare var require: any;\nconst assert = require('node:assert');\n\n\nfunction test() {\n  let candidate = cal_sum;\n  assert.deepEqual(candidate(9),49);\n  assert.deepEqual(candidate(10),66);\n  assert.deepEqual(candidate(11),88);\n}\n\ntest();",
      "timestamp": 1665510092,
      "stdout": "../../../../tmp/tmpqwpcvi0c.ts(5,16): error TS2304: Cannot find name 'perrin'.\n",
      "stderr": "",
      "exit_code": 2,
      "status": "SyntaxError"
    },
    {
      "program": "//Write a function to calculate the sum of perrin numbers.\nfunction cal_sum(n: number): number {\n    let sum: number = 0;\n    for (let i = 0; i <= n; i++) {\n        sum += perrin(i);\n    }\n    return sum;\n}\n\ndeclare var require: any;\nconst assert = require('node:assert');\n\n\nfunction test() {\n  let candidate = cal_sum;\n  assert.deepEqual(candidate(9),49);\n  assert.deepEqual(candidate(10),66);\n  assert.deepEqual(candidate(11),88);\n}\n\ntest();",
      "timestamp": 1665510092,
      "stdout": "../../../../tmp/tmpr2xz9z5y.ts(5,16): error TS2304: Cannot find name 'perrin'.\n",
      "stderr": "",
      "exit_code": 2,
      "status": "SyntaxError"
    },
    {
      "program": "//Write a function to calculate the sum of perrin numbers.\nfunction cal_sum(n: number): number {\n    let sum: number = 0;\n    let perrin: number[] = [3, 0, 2];\n    for (let i: number = 3; i <= n; i++) {\n        perrin[i] = perrin[i - 2] + perrin[i - 3];\n    }\n    for (let i: number = 0; i <= n; i++) {\n        sum += perrin[i];\n    }\n    return sum;\n}\n\ndeclare var require: any;\nconst assert = require('node:assert');\n\n\nfunction test() {\n  let candidate = cal_sum;\n  assert.deepEqual(candidate(9),49);\n  assert.deepEqual(candidate(10),66);\n  assert.deepEqual(candidate(11),88);\n}\n\ntest();",
      "timestamp": 1666123392,
      "stdout": "",
      "stderr": "",
      "exit_code": 0,
      "status": "OK"
    },
    {
      "program": "//Write a function to calculate the sum of perrin numbers.\nfunction cal_sum(n: number): number {\n    let sum = 0;\n    for (let i = 0; i < n; i++) {\n        sum += perrin(i);\n    }\n    return sum;\n}\n\ndeclare var require: any;\nconst assert = require('node:assert');\n\n\nfunction test() {\n  let candidate = cal_sum;\n  assert.deepEqual(candidate(9),49);\n  assert.deepEqual(candidate(10),66);\n  assert.deepEqual(candidate(11),88);\n}\n\ntest();",
      "timestamp": 1665510092,
      "stdout": "../../../../tmp/tmpqwpcvi0c.ts(5,16): error TS2304: Cannot find name 'perrin'.\n",
      "stderr": "",
      "exit_code": 2,
      "status": "SyntaxError"
    },
    {
      "program": "//Write a function to calculate the sum of perrin numbers.\nfunction cal_sum(n: number): number {\n    let sum = 0;\n    for (let i = 0; i <= n; i++) {\n        sum += perrin(i);\n    }\n    return sum;\n}\n\ndeclare var require: any;\nconst assert = require('node:assert');\n\n\nfunction test() {\n  let candidate = cal_sum;\n  assert.deepEqual(candidate(9),49);\n  assert.deepEqual(candidate(10),66);\n  assert.deepEqual(candidate(11),88);\n}\n\ntest();",
      "timestamp": 1665510092,
      "stdout": "../../../../tmp/tmpkjd1szgu.ts(5,16): error TS2304: Cannot find name 'perrin'.\n",
      "stderr": "",
      "exit_code": 2,
      "status": "SyntaxError"
    },
    {
      "program": "//Write a function to calculate the sum of perrin numbers.\nfunction cal_sum(n: number): number {\n    let sum = 0;\n    for (let i = 0; i < n; i++) {\n        sum += perrin(i);\n    }\n    return sum;\n}\n\ndeclare var require: any;\nconst assert = require('node:assert');\n\n\nfunction test() {\n  let candidate = cal_sum;\n  assert.deepEqual(candidate(9),49);\n  assert.deepEqual(candidate(10),66);\n  assert.deepEqual(candidate(11),88);\n}\n\ntest();",
      "timestamp": 1665510092,
      "stdout": "../../../../tmp/tmpqwpcvi0c.ts(5,16): error TS2304: Cannot find name 'perrin'.\n",
      "stderr": "",
      "exit_code": 2,
      "status": "SyntaxError"
    },
    {
      "program": "//Write a function to calculate the sum of perrin numbers.\nfunction cal_sum(n: number): number {\n    let sum = 0;\n    for (let i = 0; i < n; i++) {\n        sum += perrin(i);\n    }\n    return sum;\n}\n\ndeclare var require: any;\nconst assert = require('node:assert');\n\n\nfunction test() {\n  let candidate = cal_sum;\n  assert.deepEqual(candidate(9),49);\n  assert.deepEqual(candidate(10),66);\n  assert.deepEqual(candidate(11),88);\n}\n\ntest();",
      "timestamp": 1665510092,
      "stdout": "../../../../tmp/tmpqwpcvi0c.ts(5,16): error TS2304: Cannot find name 'perrin'.\n",
      "stderr": "",
      "exit_code": 2,
      "status": "SyntaxError"
    },
    {
      "program": "//Write a function to calculate the sum of perrin numbers.\nfunction cal_sum(n: number): number {\n    let sum = 0;\n    for (let i = 0; i < n; i++) {\n        sum += perrin(i);\n    }\n    return sum;\n}\n\ndeclare var require: any;\nconst assert = require('node:assert');\n\n\nfunction test() {\n  let candidate = cal_sum;\n  assert.deepEqual(candidate(9),49);\n  assert.deepEqual(candidate(10),66);\n  assert.deepEqual(candidate(11),88);\n}\n\ntest();",
      "timestamp": 1665510092,
      "stdout": "../../../../tmp/tmpqwpcvi0c.ts(5,16): error TS2304: Cannot find name 'perrin'.\n",
      "stderr": "",
      "exit_code": 2,
      "status": "SyntaxError"
    },
    {
      "program": "//Write a function to calculate the sum of perrin numbers.\nfunction cal_sum(n: number): number {\n    let sum: number = 0;\n    let perrin: number[] = [3, 0, 2];\n    for (let i: number = 0; i < n; i++) {\n        sum += perrin[2];\n        perrin[0] = perrin[1];\n        perrin[1] = perrin[2];\n        perrin[2] = perrin[0] + perrin[1];\n    }\n    return sum;\n}\n\ndeclare var require: any;\nconst assert = require('node:assert');\n\n\nfunction test() {\n  let candidate = cal_sum;\n  assert.deepEqual(candidate(9),49);\n  assert.deepEqual(candidate(10),66);\n  assert.deepEqual(candidate(11),88);\n}\n\ntest();",
      "timestamp": 1665510092,
      "stdout": "",
      "stderr": "node:assert:124\n  throw new AssertionError(obj);\n  ^\n\nAssertionError [ERR_ASSERTION]: Expected values to be loosely deep-equal:\n\n176\n\nshould loosely deep-equal\n\n49\n    at test (/tmp/tmpici54uwb.js:16:12)\n    at Object.<anonymous> (/tmp/tmpici54uwb.js:20:1)\n    at Module._compile (node:internal/modules/cjs/loader:1120:14)\n    at Module._extensions..js (node:internal/modules/cjs/loader:1174:10)\n    at Module.load (node:internal/modules/cjs/loader:998:32)\n    at Module._load (node:internal/modules/cjs/loader:839:12)\n    at Function.executeUserEntryPoint [as runMain] (node:internal/modules/run_main:81:12)\n    at node:internal/main/run_main_module:17:47 {\n  generatedMessage: true,\n  code: 'ERR_ASSERTION',\n  actual: 176,\n  expected: 49,\n  operator: 'deepEqual'\n}\n\nNode.js v18.7.0\n",
      "exit_code": 1,
      "status": "AssertionError"
    },
    {
      "program": "//Write a function to calculate the sum of perrin numbers.\nfunction cal_sum(n: number): number {\n    let sum = 0;\n    for (let i = 0; i <= n; i++) {\n        sum += perrin(i);\n    }\n    return sum;\n}\n\ndeclare var require: any;\nconst assert = require('node:assert');\n\n\nfunction test() {\n  let candidate = cal_sum;\n  assert.deepEqual(candidate(9),49);\n  assert.deepEqual(candidate(10),66);\n  assert.deepEqual(candidate(11),88);\n}\n\ntest();",
      "timestamp": 1665510092,
      "stdout": "../../../../tmp/tmpkjd1szgu.ts(5,16): error TS2304: Cannot find name 'perrin'.\n",
      "stderr": "",
      "exit_code": 2,
      "status": "SyntaxError"
    },
    {
      "program": "//Write a function to calculate the sum of perrin numbers.\nfunction cal_sum(n: number): number {\n    let sum = 0;\n    for (let i = 0; i <= n; i++) {\n        sum += perrin(i);\n    }\n    return sum;\n}\n\ndeclare var require: any;\nconst assert = require('node:assert');\n\n\nfunction test() {\n  let candidate = cal_sum;\n  assert.deepEqual(candidate(9),49);\n  assert.deepEqual(candidate(10),66);\n  assert.deepEqual(candidate(11),88);\n}\n\ntest();",
      "timestamp": 1665510092,
      "stdout": "../../../../tmp/tmpkjd1szgu.ts(5,16): error TS2304: Cannot find name 'perrin'.\n",
      "stderr": "",
      "exit_code": 2,
      "status": "SyntaxError"
    },
    {
      "program": "//Write a function to calculate the sum of perrin numbers.\nfunction cal_sum(n: number): number {\n    let sum = 0;\n    for (let i = 0; i <= n; i++) {\n        sum += perrin(i);\n    }\n    return sum;\n}\n\ndeclare var require: any;\nconst assert = require('node:assert');\n\n\nfunction test() {\n  let candidate = cal_sum;\n  assert.deepEqual(candidate(9),49);\n  assert.deepEqual(candidate(10),66);\n  assert.deepEqual(candidate(11),88);\n}\n\ntest();",
      "timestamp": 1665510092,
      "stdout": "../../../../tmp/tmpkjd1szgu.ts(5,16): error TS2304: Cannot find name 'perrin'.\n",
      "stderr": "",
      "exit_code": 2,
      "status": "SyntaxError"
    },
    {
      "program": "//Write a function to calculate the sum of perrin numbers.\nfunction cal_sum(n: number): number {\n    let sum = 0;\n    for (let i = 0; i <= n; i++) {\n        sum += perrin(i);\n    }\n    return sum;\n}\n\ndeclare var require: any;\nconst assert = require('node:assert');\n\n\nfunction test() {\n  let candidate = cal_sum;\n  assert.deepEqual(candidate(9),49);\n  assert.deepEqual(candidate(10),66);\n  assert.deepEqual(candidate(11),88);\n}\n\ntest();",
      "timestamp": 1665510092,
      "stdout": "../../../../tmp/tmpkjd1szgu.ts(5,16): error TS2304: Cannot find name 'perrin'.\n",
      "stderr": "",
      "exit_code": 2,
      "status": "SyntaxError"
    },
    {
      "program": "//Write a function to calculate the sum of perrin numbers.\nfunction cal_sum(n: number): number {\n    let sum: number = 0;\n    for (let i = 0; i <= n; i++) {\n        sum += perrin(i);\n    }\n    return sum;\n}\n\ndeclare var require: any;\nconst assert = require('node:assert');\n\n\nfunction test() {\n  let candidate = cal_sum;\n  assert.deepEqual(candidate(9),49);\n  assert.deepEqual(candidate(10),66);\n  assert.deepEqual(candidate(11),88);\n}\n\ntest();",
      "timestamp": 1665510092,
      "stdout": "../../../../tmp/tmpr2xz9z5y.ts(5,16): error TS2304: Cannot find name 'perrin'.\n",
      "stderr": "",
      "exit_code": 2,
      "status": "SyntaxError"
    },
    {
      "program": "//Write a function to calculate the sum of perrin numbers.\nfunction cal_sum(n: number): number {\n    let sum = 0;\n    let perrin = [3, 0, 2];\n    for (let i = 0; i < n; i++) {\n        sum += perrin[2];\n        perrin[0] = perrin[1];\n        perrin[1] = perrin[2];\n        perrin[2] = perrin[0] + perrin[1];\n    }\n    return sum;\n}\n\ndeclare var require: any;\nconst assert = require('node:assert');\n\n\nfunction test() {\n  let candidate = cal_sum;\n  assert.deepEqual(candidate(9),49);\n  assert.deepEqual(candidate(10),66);\n  assert.deepEqual(candidate(11),88);\n}\n\ntest();",
      "timestamp": 1665510094,
      "stdout": "",
      "stderr": "node:assert:124\n  throw new AssertionError(obj);\n  ^\n\nAssertionError [ERR_ASSERTION]: Expected values to be loosely deep-equal:\n\n176\n\nshould loosely deep-equal\n\n49\n    at test (/tmp/tmpdw5k7e7g.js:16:12)\n    at Object.<anonymous> (/tmp/tmpdw5k7e7g.js:20:1)\n    at Module._compile (node:internal/modules/cjs/loader:1120:14)\n    at Module._extensions..js (node:internal/modules/cjs/loader:1174:10)\n    at Module.load (node:internal/modules/cjs/loader:998:32)\n    at Module._load (node:internal/modules/cjs/loader:839:12)\n    at Function.executeUserEntryPoint [as runMain] (node:internal/modules/run_main:81:12)\n    at node:internal/main/run_main_module:17:47 {\n  generatedMessage: true,\n  code: 'ERR_ASSERTION',\n  actual: 176,\n  expected: 49,\n  operator: 'deepEqual'\n}\n\nNode.js v18.7.0\n",
      "exit_code": 1,
      "status": "AssertionError"
    },
    {
      "program": "//Write a function to calculate the sum of perrin numbers.\nfunction cal_sum(n: number): number {\n    let sum = 0;\n    let perrin_numbers = [3, 0, 2];\n    for (let i = 0; i < n; i++) {\n        sum += perrin_numbers[2];\n        perrin_numbers[0] = perrin_numbers[1];\n        perrin_numbers[1] = perrin_numbers[2];\n        perrin_numbers[2] = perrin_numbers[0] + perrin_numbers[1];\n    }\n    return sum;\n}\n\nconsole.log(cal_sum(10));\n\ndeclare var require: any;\nconst assert = require('node:assert');\n\n\nfunction test() {\n  let candidate = cal_sum;\n  assert.deepEqual(candidate(9),49);\n  assert.deepEqual(candidate(10),66);\n  assert.deepEqual(candidate(11),88);\n}\n\ntest();",
      "timestamp": 1666123400,
      "stdout": "286\n",
      "stderr": "node:assert:124\n  throw new AssertionError(obj);\n  ^\n\nAssertionError [ERR_ASSERTION]: Expected values to be loosely deep-equal:\n\n176\n\nshould loosely deep-equal\n\n49\n    at test (/tmp/tmpqve2fmmj.js:17:12)\n    at Object.<anonymous> (/tmp/tmpqve2fmmj.js:21:1)\n    at Module._compile (node:internal/modules/cjs/loader:1120:14)\n    at Module._extensions..js (node:internal/modules/cjs/loader:1174:10)\n    at Module.load (node:internal/modules/cjs/loader:998:32)\n    at Module._load (node:internal/modules/cjs/loader:839:12)\n    at Function.executeUserEntryPoint [as runMain] (node:internal/modules/run_main:81:12)\n    at node:internal/main/run_main_module:17:47 {\n  generatedMessage: true,\n  code: 'ERR_ASSERTION',\n  actual: 176,\n  expected: 49,\n  operator: 'deepEqual'\n}\n\nNode.js v18.7.0\n",
      "exit_code": 1,
      "status": "AssertionError"
    },
    {
      "program": "//Write a function to calculate the sum of perrin numbers.\nfunction cal_sum(n: number): number {\n    let sum = 0;\n    for (let i = 0; i <= n; i++) {\n        sum += perrin(i);\n    }\n    return sum;\n}\n\ndeclare var require: any;\nconst assert = require('node:assert');\n\n\nfunction test() {\n  let candidate = cal_sum;\n  assert.deepEqual(candidate(9),49);\n  assert.deepEqual(candidate(10),66);\n  assert.deepEqual(candidate(11),88);\n}\n\ntest();",
      "timestamp": 1665510092,
      "stdout": "../../../../tmp/tmpkjd1szgu.ts(5,16): error TS2304: Cannot find name 'perrin'.\n",
      "stderr": "",
      "exit_code": 2,
      "status": "SyntaxError"
    },
    {
      "program": "//Write a function to calculate the sum of perrin numbers.\nfunction cal_sum(n: number): number {\n    let sum = 0;\n    for (let i = 0; i <= n; i++) {\n        sum += perrin(i);\n    }\n    return sum;\n}\n\ndeclare var require: any;\nconst assert = require('node:assert');\n\n\nfunction test() {\n  let candidate = cal_sum;\n  assert.deepEqual(candidate(9),49);\n  assert.deepEqual(candidate(10),66);\n  assert.deepEqual(candidate(11),88);\n}\n\ntest();",
      "timestamp": 1665510092,
      "stdout": "../../../../tmp/tmpkjd1szgu.ts(5,16): error TS2304: Cannot find name 'perrin'.\n",
      "stderr": "",
      "exit_code": 2,
      "status": "SyntaxError"
    },
    {
      "program": "//Write a function to calculate the sum of perrin numbers.\nfunction cal_sum(n: number): number {\n  let sum = 0;\n  for (let i = 0; i < n; i++) {\n    sum += perrin(i);\n  }\n  return sum;\n}\n\ndeclare var require: any;\nconst assert = require('node:assert');\n\n\nfunction test() {\n  let candidate = cal_sum;\n  assert.deepEqual(candidate(9),49);\n  assert.deepEqual(candidate(10),66);\n  assert.deepEqual(candidate(11),88);\n}\n\ntest();",
      "timestamp": 1665510093,
      "stdout": "../../../../tmp/tmpvjhsxoeh.ts(5,12): error TS2304: Cannot find name 'perrin'.\n",
      "stderr": "",
      "exit_code": 2,
      "status": "SyntaxError"
    },
    {
      "program": "//Write a function to calculate the sum of perrin numbers.\nfunction cal_sum(n: number): number {\n    let sum = 0;\n    for (let i = 0; i < n; i++) {\n        sum += perrin(i);\n    }\n    return sum;\n}\n\ndeclare var require: any;\nconst assert = require('node:assert');\n\n\nfunction test() {\n  let candidate = cal_sum;\n  assert.deepEqual(candidate(9),49);\n  assert.deepEqual(candidate(10),66);\n  assert.deepEqual(candidate(11),88);\n}\n\ntest();",
      "timestamp": 1665510092,
      "stdout": "../../../../tmp/tmpqwpcvi0c.ts(5,16): error TS2304: Cannot find name 'perrin'.\n",
      "stderr": "",
      "exit_code": 2,
      "status": "SyntaxError"
    },
    {
      "program": "//Write a function to calculate the sum of perrin numbers.\nfunction cal_sum(n: number): number {\n    let sum = 0;\n    for (let i = 0; i < n; i++) {\n        sum += perrin(i);\n    }\n    return sum;\n}\n\ndeclare var require: any;\nconst assert = require('node:assert');\n\n\nfunction test() {\n  let candidate = cal_sum;\n  assert.deepEqual(candidate(9),49);\n  assert.deepEqual(candidate(10),66);\n  assert.deepEqual(candidate(11),88);\n}\n\ntest();",
      "timestamp": 1665510092,
      "stdout": "../../../../tmp/tmpqwpcvi0c.ts(5,16): error TS2304: Cannot find name 'perrin'.\n",
      "stderr": "",
      "exit_code": 2,
      "status": "SyntaxError"
    },
    {
      "program": "//Write a function to calculate the sum of perrin numbers.\nfunction cal_sum(n: number): number {\n    let sum = 0;\n    let perrin = [3, 0, 2];\n    for (let i = 3; i <= n; i++) {\n        perrin[i] = perrin[i - 2] + perrin[i - 3];\n        sum += perrin[i];\n    }\n    return sum;\n}\n\ndeclare var require: any;\nconst assert = require('node:assert');\n\n\nfunction test() {\n  let candidate = cal_sum;\n  assert.deepEqual(candidate(9),49);\n  assert.deepEqual(candidate(10),66);\n  assert.deepEqual(candidate(11),88);\n}\n\ntest();",
      "timestamp": 1666123392,
      "stdout": "",
      "stderr": "node:assert:124\n  throw new AssertionError(obj);\n  ^\n\nAssertionError [ERR_ASSERTION]: Expected values to be loosely deep-equal:\n\n44\n\nshould loosely deep-equal\n\n49\n    at test (/tmp/tmpxg12twhc.js:14:12)\n    at Object.<anonymous> (/tmp/tmpxg12twhc.js:18:1)\n    at Module._compile (node:internal/modules/cjs/loader:1120:14)\n    at Module._extensions..js (node:internal/modules/cjs/loader:1174:10)\n    at Module.load (node:internal/modules/cjs/loader:998:32)\n    at Module._load (node:internal/modules/cjs/loader:839:12)\n    at Function.executeUserEntryPoint [as runMain] (node:internal/modules/run_main:81:12)\n    at node:internal/main/run_main_module:17:47 {\n  generatedMessage: true,\n  code: 'ERR_ASSERTION',\n  actual: 44,\n  expected: 49,\n  operator: 'deepEqual'\n}\n\nNode.js v18.7.0\n",
      "exit_code": 1,
      "status": "AssertionError"
    },
    {
      "program": "//Write a function to calculate the sum of perrin numbers.\nfunction cal_sum(n: number): number {\n    let sum = 0;\n    for (let i = 0; i < n; i++) {\n        sum += perrin(i);\n    }\n    return sum;\n}\n\ndeclare var require: any;\nconst assert = require('node:assert');\n\n\nfunction test() {\n  let candidate = cal_sum;\n  assert.deepEqual(candidate(9),49);\n  assert.deepEqual(candidate(10),66);\n  assert.deepEqual(candidate(11),88);\n}\n\ntest();",
      "timestamp": 1665510092,
      "stdout": "../../../../tmp/tmpqwpcvi0c.ts(5,16): error TS2304: Cannot find name 'perrin'.\n",
      "stderr": "",
      "exit_code": 2,
      "status": "SyntaxError"
    },
    {
      "program": "//Write a function to calculate the sum of perrin numbers.\nfunction cal_sum(n: number): number {\n    let sum = 0;\n    for (let i = 0; i <= n; i++) {\n        sum += perrin(i);\n    }\n    return sum;\n}\n\ndeclare var require: any;\nconst assert = require('node:assert');\n\n\nfunction test() {\n  let candidate = cal_sum;\n  assert.deepEqual(candidate(9),49);\n  assert.deepEqual(candidate(10),66);\n  assert.deepEqual(candidate(11),88);\n}\n\ntest();",
      "timestamp": 1665510092,
      "stdout": "../../../../tmp/tmpkjd1szgu.ts(5,16): error TS2304: Cannot find name 'perrin'.\n",
      "stderr": "",
      "exit_code": 2,
      "status": "SyntaxError"
    },
    {
      "program": "//Write a function to calculate the sum of perrin numbers.\nfunction cal_sum(n: number): number {\n    let sum = 0;\n    for (let i = 0; i < n; i++) {\n        sum += perrin(i);\n    }\n    return sum;\n}\n\ndeclare var require: any;\nconst assert = require('node:assert');\n\n\nfunction test() {\n  let candidate = cal_sum;\n  assert.deepEqual(candidate(9),49);\n  assert.deepEqual(candidate(10),66);\n  assert.deepEqual(candidate(11),88);\n}\n\ntest();",
      "timestamp": 1665510092,
      "stdout": "../../../../tmp/tmpqwpcvi0c.ts(5,16): error TS2304: Cannot find name 'perrin'.\n",
      "stderr": "",
      "exit_code": 2,
      "status": "SyntaxError"
    },
    {
      "program": "//Write a function to calculate the sum of perrin numbers.\nfunction cal_sum(n: number): number {\n    let sum = 0;\n    for (let i = 0; i < n; i++) {\n        sum += perrin(i);\n    }\n    return sum;\n}\n\ndeclare var require: any;\nconst assert = require('node:assert');\n\n\nfunction test() {\n  let candidate = cal_sum;\n  assert.deepEqual(candidate(9),49);\n  assert.deepEqual(candidate(10),66);\n  assert.deepEqual(candidate(11),88);\n}\n\ntest();",
      "timestamp": 1665510092,
      "stdout": "../../../../tmp/tmpqwpcvi0c.ts(5,16): error TS2304: Cannot find name 'perrin'.\n",
      "stderr": "",
      "exit_code": 2,
      "status": "SyntaxError"
    },
    {
      "program": "//Write a function to calculate the sum of perrin numbers.\nfunction cal_sum(n: number): number {\n    let sum: number = 0;\n    for (let i = 0; i < n; i++) {\n        sum += perrin(i);\n    }\n    return sum;\n}\n\ndeclare var require: any;\nconst assert = require('node:assert');\n\n\nfunction test() {\n  let candidate = cal_sum;\n  assert.deepEqual(candidate(9),49);\n  assert.deepEqual(candidate(10),66);\n  assert.deepEqual(candidate(11),88);\n}\n\ntest();",
      "timestamp": 1665510092,
      "stdout": "../../../../tmp/tmpcauj1717.ts(5,16): error TS2304: Cannot find name 'perrin'.\n",
      "stderr": "",
      "exit_code": 2,
      "status": "SyntaxError"
    },
    {
      "program": "//Write a function to calculate the sum of perrin numbers.\nfunction cal_sum(n: number): number {\n    let sum = 0;\n    let perrin = [3, 0, 2];\n    for (let i = 3; i <= n; i++) {\n        perrin[i] = perrin[i - 2] + perrin[i - 3];\n        sum += perrin[i];\n    }\n    return sum;\n}\n\ndeclare var require: any;\nconst assert = require('node:assert');\n\n\nfunction test() {\n  let candidate = cal_sum;\n  assert.deepEqual(candidate(9),49);\n  assert.deepEqual(candidate(10),66);\n  assert.deepEqual(candidate(11),88);\n}\n\ntest();",
      "timestamp": 1666123392,
      "stdout": "",
      "stderr": "node:assert:124\n  throw new AssertionError(obj);\n  ^\n\nAssertionError [ERR_ASSERTION]: Expected values to be loosely deep-equal:\n\n44\n\nshould loosely deep-equal\n\n49\n    at test (/tmp/tmpxg12twhc.js:14:12)\n    at Object.<anonymous> (/tmp/tmpxg12twhc.js:18:1)\n    at Module._compile (node:internal/modules/cjs/loader:1120:14)\n    at Module._extensions..js (node:internal/modules/cjs/loader:1174:10)\n    at Module.load (node:internal/modules/cjs/loader:998:32)\n    at Module._load (node:internal/modules/cjs/loader:839:12)\n    at Function.executeUserEntryPoint [as runMain] (node:internal/modules/run_main:81:12)\n    at node:internal/main/run_main_module:17:47 {\n  generatedMessage: true,\n  code: 'ERR_ASSERTION',\n  actual: 44,\n  expected: 49,\n  operator: 'deepEqual'\n}\n\nNode.js v18.7.0\n",
      "exit_code": 1,
      "status": "AssertionError"
    },
    {
      "program": "//Write a function to calculate the sum of perrin numbers.\nfunction cal_sum(n: number): number {\n    let sum = 0;\n    for (let i = 0; i < n; i++) {\n        sum += perrin(i);\n    }\n    return sum;\n}\n\ndeclare var require: any;\nconst assert = require('node:assert');\n\n\nfunction test() {\n  let candidate = cal_sum;\n  assert.deepEqual(candidate(9),49);\n  assert.deepEqual(candidate(10),66);\n  assert.deepEqual(candidate(11),88);\n}\n\ntest();",
      "timestamp": 1665510092,
      "stdout": "../../../../tmp/tmpqwpcvi0c.ts(5,16): error TS2304: Cannot find name 'perrin'.\n",
      "stderr": "",
      "exit_code": 2,
      "status": "SyntaxError"
    },
    {
      "program": "//Write a function to calculate the sum of perrin numbers.\nfunction cal_sum(n: number): number {\n    let sum = 0;\n    for (let i = 1; i <= n; i++) {\n        sum += perrin(i);\n    }\n    return sum;\n}\n\ndeclare var require: any;\nconst assert = require('node:assert');\n\n\nfunction test() {\n  let candidate = cal_sum;\n  assert.deepEqual(candidate(9),49);\n  assert.deepEqual(candidate(10),66);\n  assert.deepEqual(candidate(11),88);\n}\n\ntest();",
      "timestamp": 1666123392,
      "stdout": "../../../../tmp/tmpbb89snw3.ts(5,16): error TS2304: Cannot find name 'perrin'.\n",
      "stderr": "",
      "exit_code": 2,
      "status": "SyntaxError"
    },
    {
      "program": "//Write a function to calculate the sum of perrin numbers.\nfunction cal_sum(n: number): number {\n    let sum = 0;\n    for (let i = 0; i <= n; i++) {\n        sum += perrin(i);\n    }\n    return sum;\n}\n\ndeclare var require: any;\nconst assert = require('node:assert');\n\n\nfunction test() {\n  let candidate = cal_sum;\n  assert.deepEqual(candidate(9),49);\n  assert.deepEqual(candidate(10),66);\n  assert.deepEqual(candidate(11),88);\n}\n\ntest();",
      "timestamp": 1665510092,
      "stdout": "../../../../tmp/tmpkjd1szgu.ts(5,16): error TS2304: Cannot find name 'perrin'.\n",
      "stderr": "",
      "exit_code": 2,
      "status": "SyntaxError"
    },
    {
      "program": "//Write a function to calculate the sum of perrin numbers.\nfunction cal_sum(n: number): number {\n    let sum = 0;\n    for (let i = 0; i <= n; i++) {\n        sum += perrin(i);\n    }\n    return sum;\n}\n\ndeclare var require: any;\nconst assert = require('node:assert');\n\n\nfunction test() {\n  let candidate = cal_sum;\n  assert.deepEqual(candidate(9),49);\n  assert.deepEqual(candidate(10),66);\n  assert.deepEqual(candidate(11),88);\n}\n\ntest();",
      "timestamp": 1665510092,
      "stdout": "../../../../tmp/tmpkjd1szgu.ts(5,16): error TS2304: Cannot find name 'perrin'.\n",
      "stderr": "",
      "exit_code": 2,
      "status": "SyntaxError"
    },
    {
      "program": "//Write a function to calculate the sum of perrin numbers.\nfunction cal_sum(n: number): number {\n    let sum = 0;\n    for (let i = 0; i < n; i++) {\n        sum += perrin(i);\n    }\n    return sum;\n}\n\ndeclare var require: any;\nconst assert = require('node:assert');\n\n\nfunction test() {\n  let candidate = cal_sum;\n  assert.deepEqual(candidate(9),49);\n  assert.deepEqual(candidate(10),66);\n  assert.deepEqual(candidate(11),88);\n}\n\ntest();",
      "timestamp": 1665510092,
      "stdout": "../../../../tmp/tmpqwpcvi0c.ts(5,16): error TS2304: Cannot find name 'perrin'.\n",
      "stderr": "",
      "exit_code": 2,
      "status": "SyntaxError"
    },
    {
      "program": "//Write a function to calculate the sum of perrin numbers.\nfunction cal_sum(n: number): number {\n    let sum = 0;\n    for (let i = 0; i <= n; i++) {\n        sum += perrin(i);\n    }\n    return sum;\n}\n\ndeclare var require: any;\nconst assert = require('node:assert');\n\n\nfunction test() {\n  let candidate = cal_sum;\n  assert.deepEqual(candidate(9),49);\n  assert.deepEqual(candidate(10),66);\n  assert.deepEqual(candidate(11),88);\n}\n\ntest();",
      "timestamp": 1665510092,
      "stdout": "../../../../tmp/tmpkjd1szgu.ts(5,16): error TS2304: Cannot find name 'perrin'.\n",
      "stderr": "",
      "exit_code": 2,
      "status": "SyntaxError"
    },
    {
      "program": "//Write a function to calculate the sum of perrin numbers.\nfunction cal_sum(n: number): number {\n    let sum: number = 0;\n    let i: number = 0;\n    while (i <= n) {\n        sum += perrin(i);\n        i++;\n    }\n    return sum;\n}\n\ndeclare var require: any;\nconst assert = require('node:assert');\n\n\nfunction test() {\n  let candidate = cal_sum;\n  assert.deepEqual(candidate(9),49);\n  assert.deepEqual(candidate(10),66);\n  assert.deepEqual(candidate(11),88);\n}\n\ntest();",
      "timestamp": 1666123400,
      "stdout": "../../../../tmp/tmp0nfxo9c7.ts(6,16): error TS2304: Cannot find name 'perrin'.\n",
      "stderr": "",
      "exit_code": 2,
      "status": "SyntaxError"
    },
    {
      "program": "//Write a function to calculate the sum of perrin numbers.\nfunction cal_sum(n: number): number {\n    let sum = 0;\n    for (let i = 0; i <= n; i++) {\n        sum += perrin(i);\n    }\n    return sum;\n}\n\ndeclare var require: any;\nconst assert = require('node:assert');\n\n\nfunction test() {\n  let candidate = cal_sum;\n  assert.deepEqual(candidate(9),49);\n  assert.deepEqual(candidate(10),66);\n  assert.deepEqual(candidate(11),88);\n}\n\ntest();",
      "timestamp": 1665510092,
      "stdout": "../../../../tmp/tmpkjd1szgu.ts(5,16): error TS2304: Cannot find name 'perrin'.\n",
      "stderr": "",
      "exit_code": 2,
      "status": "SyntaxError"
    },
    {
      "program": "//Write a function to calculate the sum of perrin numbers.\nfunction cal_sum(n: number): number {\n    let sum = 0;\n    for (let i = 0; i < n; i++) {\n        sum += perrin(i);\n    }\n    return sum;\n}\n\ndeclare var require: any;\nconst assert = require('node:assert');\n\n\nfunction test() {\n  let candidate = cal_sum;\n  assert.deepEqual(candidate(9),49);\n  assert.deepEqual(candidate(10),66);\n  assert.deepEqual(candidate(11),88);\n}\n\ntest();",
      "timestamp": 1665510092,
      "stdout": "../../../../tmp/tmpqwpcvi0c.ts(5,16): error TS2304: Cannot find name 'perrin'.\n",
      "stderr": "",
      "exit_code": 2,
      "status": "SyntaxError"
    },
    {
      "program": "//Write a function to calculate the sum of perrin numbers.\nfunction cal_sum(n: number): number {\n    let sum = 0;\n    for (let i = 0; i <= n; i++) {\n        sum += perrin(i);\n    }\n    return sum;\n}\n\ndeclare var require: any;\nconst assert = require('node:assert');\n\n\nfunction test() {\n  let candidate = cal_sum;\n  assert.deepEqual(candidate(9),49);\n  assert.deepEqual(candidate(10),66);\n  assert.deepEqual(candidate(11),88);\n}\n\ntest();",
      "timestamp": 1665510092,
      "stdout": "../../../../tmp/tmpkjd1szgu.ts(5,16): error TS2304: Cannot find name 'perrin'.\n",
      "stderr": "",
      "exit_code": 2,
      "status": "SyntaxError"
    },
    {
      "program": "//Write a function to calculate the sum of perrin numbers.\nfunction cal_sum(n: number): number {\n    let sum = 0;\n    for (let i = 0; i <= n; i++) {\n        sum += perrin(i);\n    }\n    return sum;\n}\n\ndeclare var require: any;\nconst assert = require('node:assert');\n\n\nfunction test() {\n  let candidate = cal_sum;\n  assert.deepEqual(candidate(9),49);\n  assert.deepEqual(candidate(10),66);\n  assert.deepEqual(candidate(11),88);\n}\n\ntest();",
      "timestamp": 1665510092,
      "stdout": "../../../../tmp/tmpkjd1szgu.ts(5,16): error TS2304: Cannot find name 'perrin'.\n",
      "stderr": "",
      "exit_code": 2,
      "status": "SyntaxError"
    },
    {
      "program": "//Write a function to calculate the sum of perrin numbers.\nfunction cal_sum(n: number): number {\n  let sum = 0;\n  for (let i = 0; i <= n; i++) {\n    sum += perrin(i);\n  }\n  return sum;\n}\n\ndeclare var require: any;\nconst assert = require('node:assert');\n\n\nfunction test() {\n  let candidate = cal_sum;\n  assert.deepEqual(candidate(9),49);\n  assert.deepEqual(candidate(10),66);\n  assert.deepEqual(candidate(11),88);\n}\n\ntest();",
      "timestamp": 1665510093,
      "stdout": "../../../../tmp/tmpbgdwk82r.ts(5,12): error TS2304: Cannot find name 'perrin'.\n",
      "stderr": "",
      "exit_code": 2,
      "status": "SyntaxError"
    },
    {
      "program": "//Write a function to calculate the sum of perrin numbers.\nfunction cal_sum(n: number): number {\n    let sum = 0;\n    for (let i = 0; i < n; i++) {\n        sum += perrin(i);\n    }\n    return sum;\n}\n\ndeclare var require: any;\nconst assert = require('node:assert');\n\n\nfunction test() {\n  let candidate = cal_sum;\n  assert.deepEqual(candidate(9),49);\n  assert.deepEqual(candidate(10),66);\n  assert.deepEqual(candidate(11),88);\n}\n\ntest();",
      "timestamp": 1665510092,
      "stdout": "../../../../tmp/tmpqwpcvi0c.ts(5,16): error TS2304: Cannot find name 'perrin'.\n",
      "stderr": "",
      "exit_code": 2,
      "status": "SyntaxError"
    },
    {
      "program": "//Write a function to calculate the sum of perrin numbers.\nfunction cal_sum(n: number): number {\n    let sum = 0;\n    let perrin = [3, 0, 2];\n    for (let i = 3; i < n; i++) {\n        perrin[i] = perrin[i - 2] + perrin[i - 3];\n        sum += perrin[i];\n    }\n    return sum;\n}\n\ndeclare var require: any;\nconst assert = require('node:assert');\n\n\nfunction test() {\n  let candidate = cal_sum;\n  assert.deepEqual(candidate(9),49);\n  assert.deepEqual(candidate(10),66);\n  assert.deepEqual(candidate(11),88);\n}\n\ntest();",
      "timestamp": 1665510092,
      "stdout": "",
      "stderr": "node:assert:124\n  throw new AssertionError(obj);\n  ^\n\nAssertionError [ERR_ASSERTION]: Expected values to be loosely deep-equal:\n\n32\n\nshould loosely deep-equal\n\n49\n    at test (/tmp/tmp_qcw1mel.js:14:12)\n    at Object.<anonymous> (/tmp/tmp_qcw1mel.js:18:1)\n    at Module._compile (node:internal/modules/cjs/loader:1120:14)\n    at Module._extensions..js (node:internal/modules/cjs/loader:1174:10)\n    at Module.load (node:internal/modules/cjs/loader:998:32)\n    at Module._load (node:internal/modules/cjs/loader:839:12)\n    at Function.executeUserEntryPoint [as runMain] (node:internal/modules/run_main:81:12)\n    at node:internal/main/run_main_module:17:47 {\n  generatedMessage: true,\n  code: 'ERR_ASSERTION',\n  actual: 32,\n  expected: 49,\n  operator: 'deepEqual'\n}\n\nNode.js v18.7.0\n",
      "exit_code": 1,
      "status": "AssertionError"
    },
    {
      "program": "//Write a function to calculate the sum of perrin numbers.\nfunction cal_sum(n: number): number {\n    let sum: number = 0;\n    let perrin: number = 0;\n    for (let i: number = 0; i < n; i++) {\n        perrin = cal_perrin(i);\n        sum += perrin;\n    }\n    return sum;\n}\n\ndeclare var require: any;\nconst assert = require('node:assert');\n\n\nfunction test() {\n  let candidate = cal_sum;\n  assert.deepEqual(candidate(9),49);\n  assert.deepEqual(candidate(10),66);\n  assert.deepEqual(candidate(11),88);\n}\n\ntest();",
      "timestamp": 1666123399,
      "stdout": "../../../../tmp/tmp_n_2s68u.ts(6,18): error TS2304: Cannot find name 'cal_perrin'.\n",
      "stderr": "",
      "exit_code": 2,
      "status": "SyntaxError"
    },
    {
      "program": "//Write a function to calculate the sum of perrin numbers.\nfunction cal_sum(n: number): number {\n    let sum = 0;\n    for (let i = 0; i < n; i++) {\n        sum += perrin(i);\n    }\n    return sum;\n}\n\ndeclare var require: any;\nconst assert = require('node:assert');\n\n\nfunction test() {\n  let candidate = cal_sum;\n  assert.deepEqual(candidate(9),49);\n  assert.deepEqual(candidate(10),66);\n  assert.deepEqual(candidate(11),88);\n}\n\ntest();",
      "timestamp": 1665510092,
      "stdout": "../../../../tmp/tmpqwpcvi0c.ts(5,16): error TS2304: Cannot find name 'perrin'.\n",
      "stderr": "",
      "exit_code": 2,
      "status": "SyntaxError"
    },
    {
      "program": "//Write a function to calculate the sum of perrin numbers.\nfunction cal_sum(n: number): number {\n    let sum = 0;\n    for (let i = 0; i <= n; i++) {\n        sum += perrin(i);\n    }\n    return sum;\n}\n\ndeclare var require: any;\nconst assert = require('node:assert');\n\n\nfunction test() {\n  let candidate = cal_sum;\n  assert.deepEqual(candidate(9),49);\n  assert.deepEqual(candidate(10),66);\n  assert.deepEqual(candidate(11),88);\n}\n\ntest();",
      "timestamp": 1665510092,
      "stdout": "../../../../tmp/tmpkjd1szgu.ts(5,16): error TS2304: Cannot find name 'perrin'.\n",
      "stderr": "",
      "exit_code": 2,
      "status": "SyntaxError"
    },
    {
      "program": "//Write a function to calculate the sum of perrin numbers.\nfunction cal_sum(n: number): number {\n    let sum = 0;\n    for (let i = 0; i < n; i++) {\n        sum += perrin(i);\n    }\n    return sum;\n}\n\ndeclare var require: any;\nconst assert = require('node:assert');\n\n\nfunction test() {\n  let candidate = cal_sum;\n  assert.deepEqual(candidate(9),49);\n  assert.deepEqual(candidate(10),66);\n  assert.deepEqual(candidate(11),88);\n}\n\ntest();",
      "timestamp": 1665510092,
      "stdout": "../../../../tmp/tmpqwpcvi0c.ts(5,16): error TS2304: Cannot find name 'perrin'.\n",
      "stderr": "",
      "exit_code": 2,
      "status": "SyntaxError"
    },
    {
      "program": "//Write a function to calculate the sum of perrin numbers.\nfunction cal_sum(n: number): number {\n    let sum = 0;\n    for (let i = 0; i <= n; i++) {\n        sum += perrin(i);\n    }\n    return sum;\n}\n\ndeclare var require: any;\nconst assert = require('node:assert');\n\n\nfunction test() {\n  let candidate = cal_sum;\n  assert.deepEqual(candidate(9),49);\n  assert.deepEqual(candidate(10),66);\n  assert.deepEqual(candidate(11),88);\n}\n\ntest();",
      "timestamp": 1665510092,
      "stdout": "../../../../tmp/tmpkjd1szgu.ts(5,16): error TS2304: Cannot find name 'perrin'.\n",
      "stderr": "",
      "exit_code": 2,
      "status": "SyntaxError"
    },
    {
      "program": "//Write a function to calculate the sum of perrin numbers.\nfunction cal_sum(n: number): number {\n    let sum = 0;\n    for (let i = 0; i <= n; i++) {\n        sum += perrin(i);\n    }\n    return sum;\n}\n\ndeclare var require: any;\nconst assert = require('node:assert');\n\n\nfunction test() {\n  let candidate = cal_sum;\n  assert.deepEqual(candidate(9),49);\n  assert.deepEqual(candidate(10),66);\n  assert.deepEqual(candidate(11),88);\n}\n\ntest();",
      "timestamp": 1665510092,
      "stdout": "../../../../tmp/tmpkjd1szgu.ts(5,16): error TS2304: Cannot find name 'perrin'.\n",
      "stderr": "",
      "exit_code": 2,
      "status": "SyntaxError"
    },
    {
      "program": "//Write a function to calculate the sum of perrin numbers.\nfunction cal_sum(n: number): number {\n    let sum = 0;\n    for (let i = 0; i < n; i++) {\n        sum += perrin(i);\n    }\n    return sum;\n}\n\ndeclare var require: any;\nconst assert = require('node:assert');\n\n\nfunction test() {\n  let candidate = cal_sum;\n  assert.deepEqual(candidate(9),49);\n  assert.deepEqual(candidate(10),66);\n  assert.deepEqual(candidate(11),88);\n}\n\ntest();",
      "timestamp": 1665510092,
      "stdout": "../../../../tmp/tmpqwpcvi0c.ts(5,16): error TS2304: Cannot find name 'perrin'.\n",
      "stderr": "",
      "exit_code": 2,
      "status": "SyntaxError"
    },
    {
      "program": "//Write a function to calculate the sum of perrin numbers.\nfunction cal_sum(n: number): number {\n    let sum = 0;\n    for (let i = 0; i < n; i++) {\n        sum += perrin(i);\n    }\n    return sum;\n}\n\ndeclare var require: any;\nconst assert = require('node:assert');\n\n\nfunction test() {\n  let candidate = cal_sum;\n  assert.deepEqual(candidate(9),49);\n  assert.deepEqual(candidate(10),66);\n  assert.deepEqual(candidate(11),88);\n}\n\ntest();",
      "timestamp": 1665510092,
      "stdout": "../../../../tmp/tmpqwpcvi0c.ts(5,16): error TS2304: Cannot find name 'perrin'.\n",
      "stderr": "",
      "exit_code": 2,
      "status": "SyntaxError"
    },
    {
      "program": "//Write a function to calculate the sum of perrin numbers.\nfunction cal_sum(n: number): number {\n    let sum = 0;\n    let perrin = [3, 0, 2];\n    for (let i = 3; i < n; i++) {\n        perrin[i] = perrin[i - 2] + perrin[i - 3];\n        sum += perrin[i];\n    }\n    return sum;\n}\n\ndeclare var require: any;\nconst assert = require('node:assert');\n\n\nfunction test() {\n  let candidate = cal_sum;\n  assert.deepEqual(candidate(9),49);\n  assert.deepEqual(candidate(10),66);\n  assert.deepEqual(candidate(11),88);\n}\n\ntest();",
      "timestamp": 1665510092,
      "stdout": "",
      "stderr": "node:assert:124\n  throw new AssertionError(obj);\n  ^\n\nAssertionError [ERR_ASSERTION]: Expected values to be loosely deep-equal:\n\n32\n\nshould loosely deep-equal\n\n49\n    at test (/tmp/tmp_qcw1mel.js:14:12)\n    at Object.<anonymous> (/tmp/tmp_qcw1mel.js:18:1)\n    at Module._compile (node:internal/modules/cjs/loader:1120:14)\n    at Module._extensions..js (node:internal/modules/cjs/loader:1174:10)\n    at Module.load (node:internal/modules/cjs/loader:998:32)\n    at Module._load (node:internal/modules/cjs/loader:839:12)\n    at Function.executeUserEntryPoint [as runMain] (node:internal/modules/run_main:81:12)\n    at node:internal/main/run_main_module:17:47 {\n  generatedMessage: true,\n  code: 'ERR_ASSERTION',\n  actual: 32,\n  expected: 49,\n  operator: 'deepEqual'\n}\n\nNode.js v18.7.0\n",
      "exit_code": 1,
      "status": "AssertionError"
    },
    {
      "program": "//Write a function to calculate the sum of perrin numbers.\nfunction cal_sum(n: number): number {\n    let sum: number = 0;\n    for (let i = 0; i < n; i++) {\n        sum += perrin(i);\n    }\n    return sum;\n}\n\ndeclare var require: any;\nconst assert = require('node:assert');\n\n\nfunction test() {\n  let candidate = cal_sum;\n  assert.deepEqual(candidate(9),49);\n  assert.deepEqual(candidate(10),66);\n  assert.deepEqual(candidate(11),88);\n}\n\ntest();",
      "timestamp": 1665510092,
      "stdout": "../../../../tmp/tmpcauj1717.ts(5,16): error TS2304: Cannot find name 'perrin'.\n",
      "stderr": "",
      "exit_code": 2,
      "status": "SyntaxError"
    },
    {
      "program": "//Write a function to calculate the sum of perrin numbers.\nfunction cal_sum(n: number): number {\n    let sum = 0;\n    let perrin = [3, 0, 2];\n    for (let i = 0; i < n; i++) {\n        sum += perrin[2];\n        perrin[0] = perrin[1];\n        perrin[1] = perrin[2];\n        perrin[2] = perrin[0] + perrin[1];\n    }\n    return sum;\n}\n\ndeclare var require: any;\nconst assert = require('node:assert');\n\n\nfunction test() {\n  let candidate = cal_sum;\n  assert.deepEqual(candidate(9),49);\n  assert.deepEqual(candidate(10),66);\n  assert.deepEqual(candidate(11),88);\n}\n\ntest();",
      "timestamp": 1665510094,
      "stdout": "",
      "stderr": "node:assert:124\n  throw new AssertionError(obj);\n  ^\n\nAssertionError [ERR_ASSERTION]: Expected values to be loosely deep-equal:\n\n176\n\nshould loosely deep-equal\n\n49\n    at test (/tmp/tmpdw5k7e7g.js:16:12)\n    at Object.<anonymous> (/tmp/tmpdw5k7e7g.js:20:1)\n    at Module._compile (node:internal/modules/cjs/loader:1120:14)\n    at Module._extensions..js (node:internal/modules/cjs/loader:1174:10)\n    at Module.load (node:internal/modules/cjs/loader:998:32)\n    at Module._load (node:internal/modules/cjs/loader:839:12)\n    at Function.executeUserEntryPoint [as runMain] (node:internal/modules/run_main:81:12)\n    at node:internal/main/run_main_module:17:47 {\n  generatedMessage: true,\n  code: 'ERR_ASSERTION',\n  actual: 176,\n  expected: 49,\n  operator: 'deepEqual'\n}\n\nNode.js v18.7.0\n",
      "exit_code": 1,
      "status": "AssertionError"
    },
    {
      "program": "//Write a function to calculate the sum of perrin numbers.\nfunction cal_sum(n: number): number {\n    let a: number = 3;\n    let b: number = 0;\n    let c: number = 2;\n    let sum: number = 2;\n    for (let i: number = 4; i <= n; i++) {\n        a = b;\n        b = c;\n        c = a + b;\n        sum += c;\n    }\n    return sum;\n}\n\ndeclare var require: any;\nconst assert = require('node:assert');\n\n\nfunction test() {\n  let candidate = cal_sum;\n  assert.deepEqual(candidate(9),49);\n  assert.deepEqual(candidate(10),66);\n  assert.deepEqual(candidate(11),88);\n}\n\ntest();",
      "timestamp": 1666123400,
      "stdout": "",
      "stderr": "node:assert:124\n  throw new AssertionError(obj);\n  ^\n\nAssertionError [ERR_ASSERTION]: Expected values to be loosely deep-equal:\n\n66\n\nshould loosely deep-equal\n\n49\n    at test (/tmp/tmpt6lorw71.js:18:12)\n    at Object.<anonymous> (/tmp/tmpt6lorw71.js:22:1)\n    at Module._compile (node:internal/modules/cjs/loader:1120:14)\n    at Module._extensions..js (node:internal/modules/cjs/loader:1174:10)\n    at Module.load (node:internal/modules/cjs/loader:998:32)\n    at Module._load (node:internal/modules/cjs/loader:839:12)\n    at Function.executeUserEntryPoint [as runMain] (node:internal/modules/run_main:81:12)\n    at node:internal/main/run_main_module:17:47 {\n  generatedMessage: true,\n  code: 'ERR_ASSERTION',\n  actual: 66,\n  expected: 49,\n  operator: 'deepEqual'\n}\n\nNode.js v18.7.0\n",
      "exit_code": 1,
      "status": "AssertionError"
    },
    {
      "program": "//Write a function to calculate the sum of perrin numbers.\nfunction cal_sum(n: number): number {\n    let sum = 0;\n    for (let i = 0; i < n; i++) {\n        sum += perrin(i);\n    }\n    return sum;\n}\n\ndeclare var require: any;\nconst assert = require('node:assert');\n\n\nfunction test() {\n  let candidate = cal_sum;\n  assert.deepEqual(candidate(9),49);\n  assert.deepEqual(candidate(10),66);\n  assert.deepEqual(candidate(11),88);\n}\n\ntest();",
      "timestamp": 1665510092,
      "stdout": "../../../../tmp/tmpqwpcvi0c.ts(5,16): error TS2304: Cannot find name 'perrin'.\n",
      "stderr": "",
      "exit_code": 2,
      "status": "SyntaxError"
    },
    {
      "program": "//Write a function to calculate the sum of perrin numbers.\nfunction cal_sum(n: number): number {\n    var sum: number = 0;\n    for (var i = 0; i < n; i++) {\n        sum += perrin(i);\n    }\n    return sum;\n}\n\ndeclare var require: any;\nconst assert = require('node:assert');\n\n\nfunction test() {\n  let candidate = cal_sum;\n  assert.deepEqual(candidate(9),49);\n  assert.deepEqual(candidate(10),66);\n  assert.deepEqual(candidate(11),88);\n}\n\ntest();",
      "timestamp": 1666123399,
      "stdout": "../../../../tmp/tmpaidsb0g9.ts(5,16): error TS2304: Cannot find name 'perrin'.\n",
      "stderr": "",
      "exit_code": 2,
      "status": "SyntaxError"
    },
    {
      "program": "//Write a function to calculate the sum of perrin numbers.\nfunction cal_sum(n: number): number {\n    let sum = 0;\n    for (let i = 0; i <= n; i++) {\n        sum += perrin(i);\n    }\n    return sum;\n}\n\ndeclare var require: any;\nconst assert = require('node:assert');\n\n\nfunction test() {\n  let candidate = cal_sum;\n  assert.deepEqual(candidate(9),49);\n  assert.deepEqual(candidate(10),66);\n  assert.deepEqual(candidate(11),88);\n}\n\ntest();",
      "timestamp": 1665510092,
      "stdout": "../../../../tmp/tmpkjd1szgu.ts(5,16): error TS2304: Cannot find name 'perrin'.\n",
      "stderr": "",
      "exit_code": 2,
      "status": "SyntaxError"
    },
    {
      "program": "//Write a function to calculate the sum of perrin numbers.\nfunction cal_sum(n: number): number {\n    let perrin_arr = [3, 0, 2];\n    let sum = 0;\n    for (let i = 3; i < n; i++) {\n        perrin_arr[i] = perrin_arr[i - 2] + perrin_arr[i - 3];\n    }\n    for (let i = 0; i < n; i++) {\n        sum += perrin_arr[i];\n    }\n    return sum;\n}\n\ndeclare var require: any;\nconst assert = require('node:assert');\n\n\nfunction test() {\n  let candidate = cal_sum;\n  assert.deepEqual(candidate(9),49);\n  assert.deepEqual(candidate(10),66);\n  assert.deepEqual(candidate(11),88);\n}\n\ntest();",
      "timestamp": 1666123400,
      "stdout": "",
      "stderr": "node:assert:124\n  throw new AssertionError(obj);\n  ^\n\nAssertionError [ERR_ASSERTION]: Expected values to be loosely deep-equal:\n\n37\n\nshould loosely deep-equal\n\n49\n    at test (/tmp/tmphbzkcwxb.js:16:12)\n    at Object.<anonymous> (/tmp/tmphbzkcwxb.js:20:1)\n    at Module._compile (node:internal/modules/cjs/loader:1120:14)\n    at Module._extensions..js (node:internal/modules/cjs/loader:1174:10)\n    at Module.load (node:internal/modules/cjs/loader:998:32)\n    at Module._load (node:internal/modules/cjs/loader:839:12)\n    at Function.executeUserEntryPoint [as runMain] (node:internal/modules/run_main:81:12)\n    at node:internal/main/run_main_module:17:47 {\n  generatedMessage: true,\n  code: 'ERR_ASSERTION',\n  actual: 37,\n  expected: 49,\n  operator: 'deepEqual'\n}\n\nNode.js v18.7.0\n",
      "exit_code": 1,
      "status": "AssertionError"
    },
    {
      "program": "//Write a function to calculate the sum of perrin numbers.\nfunction cal_sum(n: number): number {\n    let sum: number = 0;\n    for (let i = 0; i <= n; i++) {\n        sum += perrin(i);\n    }\n    return sum;\n}\n\ndeclare var require: any;\nconst assert = require('node:assert');\n\n\nfunction test() {\n  let candidate = cal_sum;\n  assert.deepEqual(candidate(9),49);\n  assert.deepEqual(candidate(10),66);\n  assert.deepEqual(candidate(11),88);\n}\n\ntest();",
      "timestamp": 1665510092,
      "stdout": "../../../../tmp/tmpr2xz9z5y.ts(5,16): error TS2304: Cannot find name 'perrin'.\n",
      "stderr": "",
      "exit_code": 2,
      "status": "SyntaxError"
    },
    {
      "program": "//Write a function to calculate the sum of perrin numbers.\nfunction cal_sum(n: number): number {\n    let sum = 0;\n    for (let i = 0; i <= n; i++) {\n        sum += perrin(i);\n    }\n    return sum;\n}\nconsole.log(cal_sum(10));\n\ndeclare var require: any;\nconst assert = require('node:assert');\n\n\nfunction test() {\n  let candidate = cal_sum;\n  assert.deepEqual(candidate(9),49);\n  assert.deepEqual(candidate(10),66);\n  assert.deepEqual(candidate(11),88);\n}\n\ntest();",
      "timestamp": 1666123399,
      "stdout": "../../../../tmp/tmpkrpi5typ.ts(5,16): error TS2304: Cannot find name 'perrin'.\n",
      "stderr": "",
      "exit_code": 2,
      "status": "SyntaxError"
    },
    {
      "program": "//Write a function to calculate the sum of perrin numbers.\nfunction cal_sum(n: number): number {\n  let sum = 0;\n  for (let i = 0; i <= n; i++) {\n    sum += perrin(i);\n  }\n  return sum;\n}\n\ndeclare var require: any;\nconst assert = require('node:assert');\n\n\nfunction test() {\n  let candidate = cal_sum;\n  assert.deepEqual(candidate(9),49);\n  assert.deepEqual(candidate(10),66);\n  assert.deepEqual(candidate(11),88);\n}\n\ntest();",
      "timestamp": 1665510093,
      "stdout": "../../../../tmp/tmpbgdwk82r.ts(5,12): error TS2304: Cannot find name 'perrin'.\n",
      "stderr": "",
      "exit_code": 2,
      "status": "SyntaxError"
    },
    {
      "program": "//Write a function to calculate the sum of perrin numbers.\nfunction cal_sum(n: number): number {\n    let sum = 0;\n    for (let i = 0; i < n; i++) {\n        sum += perrin(i);\n    }\n    return sum;\n}\n\ndeclare var require: any;\nconst assert = require('node:assert');\n\n\nfunction test() {\n  let candidate = cal_sum;\n  assert.deepEqual(candidate(9),49);\n  assert.deepEqual(candidate(10),66);\n  assert.deepEqual(candidate(11),88);\n}\n\ntest();",
      "timestamp": 1665510092,
      "stdout": "../../../../tmp/tmpqwpcvi0c.ts(5,16): error TS2304: Cannot find name 'perrin'.\n",
      "stderr": "",
      "exit_code": 2,
      "status": "SyntaxError"
    },
    {
      "program": "//Write a function to calculate the sum of perrin numbers.\nfunction cal_sum(n: number): number {\n    let sum = 0;\n    for (let i = 0; i < n; i++) {\n        sum += perrin(i);\n    }\n    return sum;\n}\n\ndeclare var require: any;\nconst assert = require('node:assert');\n\n\nfunction test() {\n  let candidate = cal_sum;\n  assert.deepEqual(candidate(9),49);\n  assert.deepEqual(candidate(10),66);\n  assert.deepEqual(candidate(11),88);\n}\n\ntest();",
      "timestamp": 1665510092,
      "stdout": "../../../../tmp/tmpqwpcvi0c.ts(5,16): error TS2304: Cannot find name 'perrin'.\n",
      "stderr": "",
      "exit_code": 2,
      "status": "SyntaxError"
    },
    {
      "program": "//Write a function to calculate the sum of perrin numbers.\nfunction cal_sum(n: number): number {\n    let sum = 0;\n    for (let i = 0; i <= n; i++) {\n        sum += perrin(i);\n    }\n    return sum;\n}\n\ndeclare var require: any;\nconst assert = require('node:assert');\n\n\nfunction test() {\n  let candidate = cal_sum;\n  assert.deepEqual(candidate(9),49);\n  assert.deepEqual(candidate(10),66);\n  assert.deepEqual(candidate(11),88);\n}\n\ntest();",
      "timestamp": 1665510092,
      "stdout": "../../../../tmp/tmpkjd1szgu.ts(5,16): error TS2304: Cannot find name 'perrin'.\n",
      "stderr": "",
      "exit_code": 2,
      "status": "SyntaxError"
    },
    {
      "program": "//Write a function to calculate the sum of perrin numbers.\nfunction cal_sum(n: number): number {\n    let sum = 0;\n    for (let i = 0; i < n; i++) {\n        sum += perrin(i);\n    }\n    return sum;\n}\n\ndeclare var require: any;\nconst assert = require('node:assert');\n\n\nfunction test() {\n  let candidate = cal_sum;\n  assert.deepEqual(candidate(9),49);\n  assert.deepEqual(candidate(10),66);\n  assert.deepEqual(candidate(11),88);\n}\n\ntest();",
      "timestamp": 1665510092,
      "stdout": "../../../../tmp/tmpqwpcvi0c.ts(5,16): error TS2304: Cannot find name 'perrin'.\n",
      "stderr": "",
      "exit_code": 2,
      "status": "SyntaxError"
    },
    {
      "program": "//Write a function to calculate the sum of perrin numbers.\nfunction cal_sum(n: number): number {\n    let sum = 0;\n    for (let i = 0; i < n; i++) {\n        sum += perrin(i);\n    }\n    return sum;\n}\n\ndeclare var require: any;\nconst assert = require('node:assert');\n\n\nfunction test() {\n  let candidate = cal_sum;\n  assert.deepEqual(candidate(9),49);\n  assert.deepEqual(candidate(10),66);\n  assert.deepEqual(candidate(11),88);\n}\n\ntest();",
      "timestamp": 1665510092,
      "stdout": "../../../../tmp/tmpqwpcvi0c.ts(5,16): error TS2304: Cannot find name 'perrin'.\n",
      "stderr": "",
      "exit_code": 2,
      "status": "SyntaxError"
    },
    {
      "program": "//Write a function to calculate the sum of perrin numbers.\nfunction cal_sum(n: number): number {\n    let sum = 0;\n    for (let i = 1; i <= n; i++) {\n        sum += perrin_number(i);\n    }\n    return sum;\n}\n\ndeclare var require: any;\nconst assert = require('node:assert');\n\n\nfunction test() {\n  let candidate = cal_sum;\n  assert.deepEqual(candidate(9),49);\n  assert.deepEqual(candidate(10),66);\n  assert.deepEqual(candidate(11),88);\n}\n\ntest();",
      "timestamp": 1666123399,
      "stdout": "../../../../tmp/tmp8qgcdonw.ts(5,16): error TS2304: Cannot find name 'perrin_number'.\n",
      "stderr": "",
      "exit_code": 2,
      "status": "SyntaxError"
    },
    {
      "program": "//Write a function to calculate the sum of perrin numbers.\nfunction cal_sum(n: number): number {\n    let sum: number = 0;\n    for (let i = 1; i <= n; i++) {\n        sum += perrin(i);\n    }\n    return sum;\n}\n\ndeclare var require: any;\nconst assert = require('node:assert');\n\n\nfunction test() {\n  let candidate = cal_sum;\n  assert.deepEqual(candidate(9),49);\n  assert.deepEqual(candidate(10),66);\n  assert.deepEqual(candidate(11),88);\n}\n\ntest();",
      "timestamp": 1666123394,
      "stdout": "../../../../tmp/tmpegt624kd.ts(5,16): error TS2304: Cannot find name 'perrin'.\n",
      "stderr": "",
      "exit_code": 2,
      "status": "SyntaxError"
    },
    {
      "program": "//Write a function to calculate the sum of perrin numbers.\nfunction cal_sum(n: number): number {\n    let sum = 0;\n    for (let i = 0; i <= n; i++) {\n        sum += perrin(i);\n    }\n    return sum;\n}\nconsole.log(cal_sum(10));\n\ndeclare var require: any;\nconst assert = require('node:assert');\n\n\nfunction test() {\n  let candidate = cal_sum;\n  assert.deepEqual(candidate(9),49);\n  assert.deepEqual(candidate(10),66);\n  assert.deepEqual(candidate(11),88);\n}\n\ntest();",
      "timestamp": 1666123399,
      "stdout": "../../../../tmp/tmpkrpi5typ.ts(5,16): error TS2304: Cannot find name 'perrin'.\n",
      "stderr": "",
      "exit_code": 2,
      "status": "SyntaxError"
    },
    {
      "program": "//Write a function to calculate the sum of perrin numbers.\nfunction cal_sum(n: number): number {\n    let sum = 0;\n    for (let i = 0; i <= n; i++) {\n        sum += perrin(i);\n    }\n    return sum;\n}\n\ndeclare var require: any;\nconst assert = require('node:assert');\n\n\nfunction test() {\n  let candidate = cal_sum;\n  assert.deepEqual(candidate(9),49);\n  assert.deepEqual(candidate(10),66);\n  assert.deepEqual(candidate(11),88);\n}\n\ntest();",
      "timestamp": 1665510092,
      "stdout": "../../../../tmp/tmpkjd1szgu.ts(5,16): error TS2304: Cannot find name 'perrin'.\n",
      "stderr": "",
      "exit_code": 2,
      "status": "SyntaxError"
    },
    {
      "program": "//Write a function to calculate the sum of perrin numbers.\nfunction cal_sum(n: number): number {\n    let sum = 0;\n    for (let i = 0; i <= n; i++) {\n        sum += perrin(i);\n    }\n    return sum;\n}\n\ndeclare var require: any;\nconst assert = require('node:assert');\n\n\nfunction test() {\n  let candidate = cal_sum;\n  assert.deepEqual(candidate(9),49);\n  assert.deepEqual(candidate(10),66);\n  assert.deepEqual(candidate(11),88);\n}\n\ntest();",
      "timestamp": 1665510092,
      "stdout": "../../../../tmp/tmpkjd1szgu.ts(5,16): error TS2304: Cannot find name 'perrin'.\n",
      "stderr": "",
      "exit_code": 2,
      "status": "SyntaxError"
    },
    {
      "program": "//Write a function to calculate the sum of perrin numbers.\nfunction cal_sum(n: number): number {\n    let sum = 0;\n    for (let i = 0; i < n; i++) {\n        sum += perrin(i);\n    }\n    return sum;\n}\n\ndeclare var require: any;\nconst assert = require('node:assert');\n\n\nfunction test() {\n  let candidate = cal_sum;\n  assert.deepEqual(candidate(9),49);\n  assert.deepEqual(candidate(10),66);\n  assert.deepEqual(candidate(11),88);\n}\n\ntest();",
      "timestamp": 1665510092,
      "stdout": "../../../../tmp/tmpqwpcvi0c.ts(5,16): error TS2304: Cannot find name 'perrin'.\n",
      "stderr": "",
      "exit_code": 2,
      "status": "SyntaxError"
    },
    {
      "program": "//Write a function to calculate the sum of perrin numbers.\nfunction cal_sum(n: number): number {\n    let sum: number = 0;\n    for (let i = 0; i <= n; i++) {\n        sum += perrin(i);\n    }\n    return sum;\n}\n\ndeclare var require: any;\nconst assert = require('node:assert');\n\n\nfunction test() {\n  let candidate = cal_sum;\n  assert.deepEqual(candidate(9),49);\n  assert.deepEqual(candidate(10),66);\n  assert.deepEqual(candidate(11),88);\n}\n\ntest();",
      "timestamp": 1665510092,
      "stdout": "../../../../tmp/tmpr2xz9z5y.ts(5,16): error TS2304: Cannot find name 'perrin'.\n",
      "stderr": "",
      "exit_code": 2,
      "status": "SyntaxError"
    },
    {
      "program": "//Write a function to calculate the sum of perrin numbers.\nfunction cal_sum(n: number): number {\n    let sum = 0;\n    let perrin = [3, 0, 2];\n    for (let i = 3; i < n; i++) {\n        perrin[i] = perrin[i - 2] + perrin[i - 3];\n    }\n    for (let i = 0; i < n; i++) {\n        sum += perrin[i];\n    }\n    return sum;\n}\n\ndeclare var require: any;\nconst assert = require('node:assert');\n\n\nfunction test() {\n  let candidate = cal_sum;\n  assert.deepEqual(candidate(9),49);\n  assert.deepEqual(candidate(10),66);\n  assert.deepEqual(candidate(11),88);\n}\n\ntest();",
      "timestamp": 1665510092,
      "stdout": "",
      "stderr": "node:assert:124\n  throw new AssertionError(obj);\n  ^\n\nAssertionError [ERR_ASSERTION]: Expected values to be loosely deep-equal:\n\n37\n\nshould loosely deep-equal\n\n49\n    at test (/tmp/tmp71b5gxsh.js:16:12)\n    at Object.<anonymous> (/tmp/tmp71b5gxsh.js:20:1)\n    at Module._compile (node:internal/modules/cjs/loader:1120:14)\n    at Module._extensions..js (node:internal/modules/cjs/loader:1174:10)\n    at Module.load (node:internal/modules/cjs/loader:998:32)\n    at Module._load (node:internal/modules/cjs/loader:839:12)\n    at Function.executeUserEntryPoint [as runMain] (node:internal/modules/run_main:81:12)\n    at node:internal/main/run_main_module:17:47 {\n  generatedMessage: true,\n  code: 'ERR_ASSERTION',\n  actual: 37,\n  expected: 49,\n  operator: 'deepEqual'\n}\n\nNode.js v18.7.0\n",
      "exit_code": 1,
      "status": "AssertionError"
    },
    {
      "program": "//Write a function to calculate the sum of perrin numbers.\nfunction cal_sum(n: number): number {\n    let sum: number = 0;\n    for (let i = 0; i < n; i++) {\n        sum += perrin(i);\n    }\n    return sum;\n}\n\ndeclare var require: any;\nconst assert = require('node:assert');\n\n\nfunction test() {\n  let candidate = cal_sum;\n  assert.deepEqual(candidate(9),49);\n  assert.deepEqual(candidate(10),66);\n  assert.deepEqual(candidate(11),88);\n}\n\ntest();",
      "timestamp": 1665510092,
      "stdout": "../../../../tmp/tmpcauj1717.ts(5,16): error TS2304: Cannot find name 'perrin'.\n",
      "stderr": "",
      "exit_code": 2,
      "status": "SyntaxError"
    },
    {
      "program": "//Write a function to calculate the sum of perrin numbers.\nfunction cal_sum(n: number): number {\n    let sum = 0;\n    for (let i = 0; i <= n; i++) {\n        sum += perrin(i);\n    }\n    return sum;\n}\n\ndeclare var require: any;\nconst assert = require('node:assert');\n\n\nfunction test() {\n  let candidate = cal_sum;\n  assert.deepEqual(candidate(9),49);\n  assert.deepEqual(candidate(10),66);\n  assert.deepEqual(candidate(11),88);\n}\n\ntest();",
      "timestamp": 1665510092,
      "stdout": "../../../../tmp/tmpkjd1szgu.ts(5,16): error TS2304: Cannot find name 'perrin'.\n",
      "stderr": "",
      "exit_code": 2,
      "status": "SyntaxError"
    }
  ]
}