{
  "name": "mbpp_454_text_match_wordz",
  "language": "ts",
  "prompt": "//Write a function that matches a word containing 'z'.\nfunction text_match_wordz(text: string): boolean {\n",
  "doctests": "keep",
  "original": "/home/arjun/repos/MultiPL-E/datasets/../datasets/mbpp-typed/mbpp_454_text_match_wordz.py",
  "prompt_terminology": "verbatim",
  "tests": "declare var require: any;\nconst assert = require('node:assert');\n\n\nfunction test() {\n  let candidate = text_match_wordz;\n  assert.deepEqual(candidate(\"pythonz.\"),true);\n  assert.deepEqual(candidate(\"xyz.\"),true);\n  assert.deepEqual(candidate(\"  lang  .\"),false);\n}\n\ntest();",
  "stop_tokens": [
    "\nfunction ",
    "\n/*",
    "\n//",
    "\nclass"
  ],
  "results": [
    {
      "program": "//Write a function that matches a word containing 'z'.\nfunction text_match_wordz(text: string): boolean {\n    let regex = /\\bz\\w+/g;\n    return regex.test(text);\n}\n\ndeclare var require: any;\nconst assert = require('node:assert');\n\n\nfunction test() {\n  let candidate = text_match_wordz;\n  assert.deepEqual(candidate(\"pythonz.\"),true);\n  assert.deepEqual(candidate(\"xyz.\"),true);\n  assert.deepEqual(candidate(\"  lang  .\"),false);\n}\n\ntest();",
      "timestamp": 1665510609,
      "stdout": "",
      "stderr": "node:assert:124\n  throw new AssertionError(obj);\n  ^\n\nAssertionError [ERR_ASSERTION]: Expected values to be loosely deep-equal:\n\nfalse\n\nshould loosely deep-equal\n\ntrue\n    at test (/tmp/tmp9e4fnbs7.js:9:12)\n    at Object.<anonymous> (/tmp/tmp9e4fnbs7.js:13:1)\n    at Module._compile (node:internal/modules/cjs/loader:1120:14)\n    at Module._extensions..js (node:internal/modules/cjs/loader:1174:10)\n    at Module.load (node:internal/modules/cjs/loader:998:32)\n    at Module._load (node:internal/modules/cjs/loader:839:12)\n    at Function.executeUserEntryPoint [as runMain] (node:internal/modules/run_main:81:12)\n    at node:internal/main/run_main_module:17:47 {\n  generatedMessage: true,\n  code: 'ERR_ASSERTION',\n  actual: false,\n  expected: true,\n  operator: 'deepEqual'\n}\n\nNode.js v18.7.0\n",
      "exit_code": 1,
      "status": "AssertionError"
    },
    {
      "program": "//Write a function that matches a word containing 'z'.\nfunction text_match_wordz(text: string): boolean {\n    return /\\bz\\w+\\b/g.test(text);\n}\n\ndeclare var require: any;\nconst assert = require('node:assert');\n\n\nfunction test() {\n  let candidate = text_match_wordz;\n  assert.deepEqual(candidate(\"pythonz.\"),true);\n  assert.deepEqual(candidate(\"xyz.\"),true);\n  assert.deepEqual(candidate(\"  lang  .\"),false);\n}\n\ntest();",
      "timestamp": 1665510609,
      "stdout": "",
      "stderr": "node:assert:124\n  throw new AssertionError(obj);\n  ^\n\nAssertionError [ERR_ASSERTION]: Expected values to be loosely deep-equal:\n\nfalse\n\nshould loosely deep-equal\n\ntrue\n    at test (/tmp/tmp2hr2ezc5.js:8:12)\n    at Object.<anonymous> (/tmp/tmp2hr2ezc5.js:12:1)\n    at Module._compile (node:internal/modules/cjs/loader:1120:14)\n    at Module._extensions..js (node:internal/modules/cjs/loader:1174:10)\n    at Module.load (node:internal/modules/cjs/loader:998:32)\n    at Module._load (node:internal/modules/cjs/loader:839:12)\n    at Function.executeUserEntryPoint [as runMain] (node:internal/modules/run_main:81:12)\n    at node:internal/main/run_main_module:17:47 {\n  generatedMessage: true,\n  code: 'ERR_ASSERTION',\n  actual: false,\n  expected: true,\n  operator: 'deepEqual'\n}\n\nNode.js v18.7.0\n",
      "exit_code": 1,
      "status": "AssertionError"
    },
    {
      "program": "//Write a function that matches a word containing 'z'.\nfunction text_match_wordz(text: string): boolean {\n    let regex = /\\w*z\\w*/;\n    return regex.test(text);\n}\n\ndeclare var require: any;\nconst assert = require('node:assert');\n\n\nfunction test() {\n  let candidate = text_match_wordz;\n  assert.deepEqual(candidate(\"pythonz.\"),true);\n  assert.deepEqual(candidate(\"xyz.\"),true);\n  assert.deepEqual(candidate(\"  lang  .\"),false);\n}\n\ntest();",
      "timestamp": 1665510609,
      "stdout": "",
      "stderr": "",
      "exit_code": 0,
      "status": "OK"
    },
    {
      "program": "//Write a function that matches a word containing 'z'.\nfunction text_match_wordz(text: string): boolean {\n    let regex = /\\bz\\w+/;\n    return regex.test(text);\n}\n\ndeclare var require: any;\nconst assert = require('node:assert');\n\n\nfunction test() {\n  let candidate = text_match_wordz;\n  assert.deepEqual(candidate(\"pythonz.\"),true);\n  assert.deepEqual(candidate(\"xyz.\"),true);\n  assert.deepEqual(candidate(\"  lang  .\"),false);\n}\n\ntest();",
      "timestamp": 1665510609,
      "stdout": "",
      "stderr": "node:assert:124\n  throw new AssertionError(obj);\n  ^\n\nAssertionError [ERR_ASSERTION]: Expected values to be loosely deep-equal:\n\nfalse\n\nshould loosely deep-equal\n\ntrue\n    at test (/tmp/tmpdpd48uvj.js:9:12)\n    at Object.<anonymous> (/tmp/tmpdpd48uvj.js:13:1)\n    at Module._compile (node:internal/modules/cjs/loader:1120:14)\n    at Module._extensions..js (node:internal/modules/cjs/loader:1174:10)\n    at Module.load (node:internal/modules/cjs/loader:998:32)\n    at Module._load (node:internal/modules/cjs/loader:839:12)\n    at Function.executeUserEntryPoint [as runMain] (node:internal/modules/run_main:81:12)\n    at node:internal/main/run_main_module:17:47 {\n  generatedMessage: true,\n  code: 'ERR_ASSERTION',\n  actual: false,\n  expected: true,\n  operator: 'deepEqual'\n}\n\nNode.js v18.7.0\n",
      "exit_code": 1,
      "status": "AssertionError"
    },
    {
      "program": "//Write a function that matches a word containing 'z'.\nfunction text_match_wordz(text: string): boolean {\n    let regex = /\\bz\\w+/;\n    return regex.test(text);\n}\n\ndeclare var require: any;\nconst assert = require('node:assert');\n\n\nfunction test() {\n  let candidate = text_match_wordz;\n  assert.deepEqual(candidate(\"pythonz.\"),true);\n  assert.deepEqual(candidate(\"xyz.\"),true);\n  assert.deepEqual(candidate(\"  lang  .\"),false);\n}\n\ntest();",
      "timestamp": 1665510609,
      "stdout": "",
      "stderr": "node:assert:124\n  throw new AssertionError(obj);\n  ^\n\nAssertionError [ERR_ASSERTION]: Expected values to be loosely deep-equal:\n\nfalse\n\nshould loosely deep-equal\n\ntrue\n    at test (/tmp/tmpdpd48uvj.js:9:12)\n    at Object.<anonymous> (/tmp/tmpdpd48uvj.js:13:1)\n    at Module._compile (node:internal/modules/cjs/loader:1120:14)\n    at Module._extensions..js (node:internal/modules/cjs/loader:1174:10)\n    at Module.load (node:internal/modules/cjs/loader:998:32)\n    at Module._load (node:internal/modules/cjs/loader:839:12)\n    at Function.executeUserEntryPoint [as runMain] (node:internal/modules/run_main:81:12)\n    at node:internal/main/run_main_module:17:47 {\n  generatedMessage: true,\n  code: 'ERR_ASSERTION',\n  actual: false,\n  expected: true,\n  operator: 'deepEqual'\n}\n\nNode.js v18.7.0\n",
      "exit_code": 1,
      "status": "AssertionError"
    },
    {
      "program": "//Write a function that matches a word containing 'z'.\nfunction text_match_wordz(text: string): boolean {\n    let regex = /\\bz\\w+/;\n    return regex.test(text);\n}\n\ndeclare var require: any;\nconst assert = require('node:assert');\n\n\nfunction test() {\n  let candidate = text_match_wordz;\n  assert.deepEqual(candidate(\"pythonz.\"),true);\n  assert.deepEqual(candidate(\"xyz.\"),true);\n  assert.deepEqual(candidate(\"  lang  .\"),false);\n}\n\ntest();",
      "timestamp": 1665510609,
      "stdout": "",
      "stderr": "node:assert:124\n  throw new AssertionError(obj);\n  ^\n\nAssertionError [ERR_ASSERTION]: Expected values to be loosely deep-equal:\n\nfalse\n\nshould loosely deep-equal\n\ntrue\n    at test (/tmp/tmpdpd48uvj.js:9:12)\n    at Object.<anonymous> (/tmp/tmpdpd48uvj.js:13:1)\n    at Module._compile (node:internal/modules/cjs/loader:1120:14)\n    at Module._extensions..js (node:internal/modules/cjs/loader:1174:10)\n    at Module.load (node:internal/modules/cjs/loader:998:32)\n    at Module._load (node:internal/modules/cjs/loader:839:12)\n    at Function.executeUserEntryPoint [as runMain] (node:internal/modules/run_main:81:12)\n    at node:internal/main/run_main_module:17:47 {\n  generatedMessage: true,\n  code: 'ERR_ASSERTION',\n  actual: false,\n  expected: true,\n  operator: 'deepEqual'\n}\n\nNode.js v18.7.0\n",
      "exit_code": 1,
      "status": "AssertionError"
    },
    {
      "program": "//Write a function that matches a word containing 'z'.\nfunction text_match_wordz(text: string): boolean {\n    let regex = /\\w*z\\w*/;\n    return regex.test(text);\n}\n\ndeclare var require: any;\nconst assert = require('node:assert');\n\n\nfunction test() {\n  let candidate = text_match_wordz;\n  assert.deepEqual(candidate(\"pythonz.\"),true);\n  assert.deepEqual(candidate(\"xyz.\"),true);\n  assert.deepEqual(candidate(\"  lang  .\"),false);\n}\n\ntest();",
      "timestamp": 1665510609,
      "stdout": "",
      "stderr": "",
      "exit_code": 0,
      "status": "OK"
    },
    {
      "program": "//Write a function that matches a word containing 'z'.\nfunction text_match_wordz(text: string): boolean {\n    let regex = /\\bz\\w+\\b/g;\n    return regex.test(text);\n}\n\ndeclare var require: any;\nconst assert = require('node:assert');\n\n\nfunction test() {\n  let candidate = text_match_wordz;\n  assert.deepEqual(candidate(\"pythonz.\"),true);\n  assert.deepEqual(candidate(\"xyz.\"),true);\n  assert.deepEqual(candidate(\"  lang  .\"),false);\n}\n\ntest();",
      "timestamp": 1665510610,
      "stdout": "",
      "stderr": "node:assert:124\n  throw new AssertionError(obj);\n  ^\n\nAssertionError [ERR_ASSERTION]: Expected values to be loosely deep-equal:\n\nfalse\n\nshould loosely deep-equal\n\ntrue\n    at test (/tmp/tmpqdww93h_.js:9:12)\n    at Object.<anonymous> (/tmp/tmpqdww93h_.js:13:1)\n    at Module._compile (node:internal/modules/cjs/loader:1120:14)\n    at Module._extensions..js (node:internal/modules/cjs/loader:1174:10)\n    at Module.load (node:internal/modules/cjs/loader:998:32)\n    at Module._load (node:internal/modules/cjs/loader:839:12)\n    at Function.executeUserEntryPoint [as runMain] (node:internal/modules/run_main:81:12)\n    at node:internal/main/run_main_module:17:47 {\n  generatedMessage: true,\n  code: 'ERR_ASSERTION',\n  actual: false,\n  expected: true,\n  operator: 'deepEqual'\n}\n\nNode.js v18.7.0\n",
      "exit_code": 1,
      "status": "AssertionError"
    },
    {
      "program": "//Write a function that matches a word containing 'z'.\nfunction text_match_wordz(text: string): boolean {\n    let regex = /\\bz\\w+/g;\n    return regex.test(text);\n}\n\ndeclare var require: any;\nconst assert = require('node:assert');\n\n\nfunction test() {\n  let candidate = text_match_wordz;\n  assert.deepEqual(candidate(\"pythonz.\"),true);\n  assert.deepEqual(candidate(\"xyz.\"),true);\n  assert.deepEqual(candidate(\"  lang  .\"),false);\n}\n\ntest();",
      "timestamp": 1665510609,
      "stdout": "",
      "stderr": "node:assert:124\n  throw new AssertionError(obj);\n  ^\n\nAssertionError [ERR_ASSERTION]: Expected values to be loosely deep-equal:\n\nfalse\n\nshould loosely deep-equal\n\ntrue\n    at test (/tmp/tmp9e4fnbs7.js:9:12)\n    at Object.<anonymous> (/tmp/tmp9e4fnbs7.js:13:1)\n    at Module._compile (node:internal/modules/cjs/loader:1120:14)\n    at Module._extensions..js (node:internal/modules/cjs/loader:1174:10)\n    at Module.load (node:internal/modules/cjs/loader:998:32)\n    at Module._load (node:internal/modules/cjs/loader:839:12)\n    at Function.executeUserEntryPoint [as runMain] (node:internal/modules/run_main:81:12)\n    at node:internal/main/run_main_module:17:47 {\n  generatedMessage: true,\n  code: 'ERR_ASSERTION',\n  actual: false,\n  expected: true,\n  operator: 'deepEqual'\n}\n\nNode.js v18.7.0\n",
      "exit_code": 1,
      "status": "AssertionError"
    },
    {
      "program": "//Write a function that matches a word containing 'z'.\nfunction text_match_wordz(text: string): boolean {\n    let regex = /\\bz\\w+\\b/;\n    return regex.test(text);\n}\n\ndeclare var require: any;\nconst assert = require('node:assert');\n\n\nfunction test() {\n  let candidate = text_match_wordz;\n  assert.deepEqual(candidate(\"pythonz.\"),true);\n  assert.deepEqual(candidate(\"xyz.\"),true);\n  assert.deepEqual(candidate(\"  lang  .\"),false);\n}\n\ntest();",
      "timestamp": 1665510609,
      "stdout": "",
      "stderr": "node:assert:124\n  throw new AssertionError(obj);\n  ^\n\nAssertionError [ERR_ASSERTION]: Expected values to be loosely deep-equal:\n\nfalse\n\nshould loosely deep-equal\n\ntrue\n    at test (/tmp/tmpaesghpw_.js:9:12)\n    at Object.<anonymous> (/tmp/tmpaesghpw_.js:13:1)\n    at Module._compile (node:internal/modules/cjs/loader:1120:14)\n    at Module._extensions..js (node:internal/modules/cjs/loader:1174:10)\n    at Module.load (node:internal/modules/cjs/loader:998:32)\n    at Module._load (node:internal/modules/cjs/loader:839:12)\n    at Function.executeUserEntryPoint [as runMain] (node:internal/modules/run_main:81:12)\n    at node:internal/main/run_main_module:17:47 {\n  generatedMessage: true,\n  code: 'ERR_ASSERTION',\n  actual: false,\n  expected: true,\n  operator: 'deepEqual'\n}\n\nNode.js v18.7.0\n",
      "exit_code": 1,
      "status": "AssertionError"
    },
    {
      "program": "//Write a function that matches a word containing 'z'.\nfunction text_match_wordz(text: string): boolean {\n    return /\\bz\\w+\\b/g.test(text);\n}\n\ndeclare var require: any;\nconst assert = require('node:assert');\n\n\nfunction test() {\n  let candidate = text_match_wordz;\n  assert.deepEqual(candidate(\"pythonz.\"),true);\n  assert.deepEqual(candidate(\"xyz.\"),true);\n  assert.deepEqual(candidate(\"  lang  .\"),false);\n}\n\ntest();",
      "timestamp": 1665510609,
      "stdout": "",
      "stderr": "node:assert:124\n  throw new AssertionError(obj);\n  ^\n\nAssertionError [ERR_ASSERTION]: Expected values to be loosely deep-equal:\n\nfalse\n\nshould loosely deep-equal\n\ntrue\n    at test (/tmp/tmp2hr2ezc5.js:8:12)\n    at Object.<anonymous> (/tmp/tmp2hr2ezc5.js:12:1)\n    at Module._compile (node:internal/modules/cjs/loader:1120:14)\n    at Module._extensions..js (node:internal/modules/cjs/loader:1174:10)\n    at Module.load (node:internal/modules/cjs/loader:998:32)\n    at Module._load (node:internal/modules/cjs/loader:839:12)\n    at Function.executeUserEntryPoint [as runMain] (node:internal/modules/run_main:81:12)\n    at node:internal/main/run_main_module:17:47 {\n  generatedMessage: true,\n  code: 'ERR_ASSERTION',\n  actual: false,\n  expected: true,\n  operator: 'deepEqual'\n}\n\nNode.js v18.7.0\n",
      "exit_code": 1,
      "status": "AssertionError"
    },
    {
      "program": "//Write a function that matches a word containing 'z'.\nfunction text_match_wordz(text: string): boolean {\n    return /\\w*z\\w*/.test(text);\n}\n\ndeclare var require: any;\nconst assert = require('node:assert');\n\n\nfunction test() {\n  let candidate = text_match_wordz;\n  assert.deepEqual(candidate(\"pythonz.\"),true);\n  assert.deepEqual(candidate(\"xyz.\"),true);\n  assert.deepEqual(candidate(\"  lang  .\"),false);\n}\n\ntest();",
      "timestamp": 1665510609,
      "stdout": "",
      "stderr": "",
      "exit_code": 0,
      "status": "OK"
    },
    {
      "program": "//Write a function that matches a word containing 'z'.\nfunction text_match_wordz(text: string): boolean {\n    //return text.match(/\\w*z\\w*/i) ? true : false;\n    return /\\w*z\\w*/i.test(text);\n}\n\ndeclare var require: any;\nconst assert = require('node:assert');\n\n\nfunction test() {\n  let candidate = text_match_wordz;\n  assert.deepEqual(candidate(\"pythonz.\"),true);\n  assert.deepEqual(candidate(\"xyz.\"),true);\n  assert.deepEqual(candidate(\"  lang  .\"),false);\n}\n\ntest();",
      "timestamp": 1665510610,
      "stdout": "",
      "stderr": "",
      "exit_code": 0,
      "status": "OK"
    },
    {
      "program": "//Write a function that matches a word containing 'z'.\nfunction text_match_wordz(text: string): boolean {\n    let regex = /\\w*z\\w*/;\n    return regex.test(text);\n}\n\ndeclare var require: any;\nconst assert = require('node:assert');\n\n\nfunction test() {\n  let candidate = text_match_wordz;\n  assert.deepEqual(candidate(\"pythonz.\"),true);\n  assert.deepEqual(candidate(\"xyz.\"),true);\n  assert.deepEqual(candidate(\"  lang  .\"),false);\n}\n\ntest();",
      "timestamp": 1665510609,
      "stdout": "",
      "stderr": "",
      "exit_code": 0,
      "status": "OK"
    },
    {
      "program": "//Write a function that matches a word containing 'z'.\nfunction text_match_wordz(text: string): boolean {\n    let regex = /\\bz\\w+\\b/;\n    return regex.test(text);\n}\n\ndeclare var require: any;\nconst assert = require('node:assert');\n\n\nfunction test() {\n  let candidate = text_match_wordz;\n  assert.deepEqual(candidate(\"pythonz.\"),true);\n  assert.deepEqual(candidate(\"xyz.\"),true);\n  assert.deepEqual(candidate(\"  lang  .\"),false);\n}\n\ntest();",
      "timestamp": 1665510609,
      "stdout": "",
      "stderr": "node:assert:124\n  throw new AssertionError(obj);\n  ^\n\nAssertionError [ERR_ASSERTION]: Expected values to be loosely deep-equal:\n\nfalse\n\nshould loosely deep-equal\n\ntrue\n    at test (/tmp/tmpaesghpw_.js:9:12)\n    at Object.<anonymous> (/tmp/tmpaesghpw_.js:13:1)\n    at Module._compile (node:internal/modules/cjs/loader:1120:14)\n    at Module._extensions..js (node:internal/modules/cjs/loader:1174:10)\n    at Module.load (node:internal/modules/cjs/loader:998:32)\n    at Module._load (node:internal/modules/cjs/loader:839:12)\n    at Function.executeUserEntryPoint [as runMain] (node:internal/modules/run_main:81:12)\n    at node:internal/main/run_main_module:17:47 {\n  generatedMessage: true,\n  code: 'ERR_ASSERTION',\n  actual: false,\n  expected: true,\n  operator: 'deepEqual'\n}\n\nNode.js v18.7.0\n",
      "exit_code": 1,
      "status": "AssertionError"
    },
    {
      "program": "//Write a function that matches a word containing 'z'.\nfunction text_match_wordz(text: string): boolean {\n    let regex = /\\bz\\w+/g;\n    return regex.test(text);\n}\n\ndeclare var require: any;\nconst assert = require('node:assert');\n\n\nfunction test() {\n  let candidate = text_match_wordz;\n  assert.deepEqual(candidate(\"pythonz.\"),true);\n  assert.deepEqual(candidate(\"xyz.\"),true);\n  assert.deepEqual(candidate(\"  lang  .\"),false);\n}\n\ntest();",
      "timestamp": 1665510609,
      "stdout": "",
      "stderr": "node:assert:124\n  throw new AssertionError(obj);\n  ^\n\nAssertionError [ERR_ASSERTION]: Expected values to be loosely deep-equal:\n\nfalse\n\nshould loosely deep-equal\n\ntrue\n    at test (/tmp/tmp9e4fnbs7.js:9:12)\n    at Object.<anonymous> (/tmp/tmp9e4fnbs7.js:13:1)\n    at Module._compile (node:internal/modules/cjs/loader:1120:14)\n    at Module._extensions..js (node:internal/modules/cjs/loader:1174:10)\n    at Module.load (node:internal/modules/cjs/loader:998:32)\n    at Module._load (node:internal/modules/cjs/loader:839:12)\n    at Function.executeUserEntryPoint [as runMain] (node:internal/modules/run_main:81:12)\n    at node:internal/main/run_main_module:17:47 {\n  generatedMessage: true,\n  code: 'ERR_ASSERTION',\n  actual: false,\n  expected: true,\n  operator: 'deepEqual'\n}\n\nNode.js v18.7.0\n",
      "exit_code": 1,
      "status": "AssertionError"
    },
    {
      "program": "//Write a function that matches a word containing 'z'.\nfunction text_match_wordz(text: string): boolean {\n    return /\\bz\\w+\\b/.test(text);\n}\n\ndeclare var require: any;\nconst assert = require('node:assert');\n\n\nfunction test() {\n  let candidate = text_match_wordz;\n  assert.deepEqual(candidate(\"pythonz.\"),true);\n  assert.deepEqual(candidate(\"xyz.\"),true);\n  assert.deepEqual(candidate(\"  lang  .\"),false);\n}\n\ntest();",
      "timestamp": 1665510610,
      "stdout": "",
      "stderr": "node:assert:124\n  throw new AssertionError(obj);\n  ^\n\nAssertionError [ERR_ASSERTION]: Expected values to be loosely deep-equal:\n\nfalse\n\nshould loosely deep-equal\n\ntrue\n    at test (/tmp/tmpxonrukfd.js:8:12)\n    at Object.<anonymous> (/tmp/tmpxonrukfd.js:12:1)\n    at Module._compile (node:internal/modules/cjs/loader:1120:14)\n    at Module._extensions..js (node:internal/modules/cjs/loader:1174:10)\n    at Module.load (node:internal/modules/cjs/loader:998:32)\n    at Module._load (node:internal/modules/cjs/loader:839:12)\n    at Function.executeUserEntryPoint [as runMain] (node:internal/modules/run_main:81:12)\n    at node:internal/main/run_main_module:17:47 {\n  generatedMessage: true,\n  code: 'ERR_ASSERTION',\n  actual: false,\n  expected: true,\n  operator: 'deepEqual'\n}\n\nNode.js v18.7.0\n",
      "exit_code": 1,
      "status": "AssertionError"
    },
    {
      "program": "//Write a function that matches a word containing 'z'.\nfunction text_match_wordz(text: string): boolean {\n    let regex = /\\bz\\w+/;\n    return regex.test(text);\n}\n\ndeclare var require: any;\nconst assert = require('node:assert');\n\n\nfunction test() {\n  let candidate = text_match_wordz;\n  assert.deepEqual(candidate(\"pythonz.\"),true);\n  assert.deepEqual(candidate(\"xyz.\"),true);\n  assert.deepEqual(candidate(\"  lang  .\"),false);\n}\n\ntest();",
      "timestamp": 1665510609,
      "stdout": "",
      "stderr": "node:assert:124\n  throw new AssertionError(obj);\n  ^\n\nAssertionError [ERR_ASSERTION]: Expected values to be loosely deep-equal:\n\nfalse\n\nshould loosely deep-equal\n\ntrue\n    at test (/tmp/tmpdpd48uvj.js:9:12)\n    at Object.<anonymous> (/tmp/tmpdpd48uvj.js:13:1)\n    at Module._compile (node:internal/modules/cjs/loader:1120:14)\n    at Module._extensions..js (node:internal/modules/cjs/loader:1174:10)\n    at Module.load (node:internal/modules/cjs/loader:998:32)\n    at Module._load (node:internal/modules/cjs/loader:839:12)\n    at Function.executeUserEntryPoint [as runMain] (node:internal/modules/run_main:81:12)\n    at node:internal/main/run_main_module:17:47 {\n  generatedMessage: true,\n  code: 'ERR_ASSERTION',\n  actual: false,\n  expected: true,\n  operator: 'deepEqual'\n}\n\nNode.js v18.7.0\n",
      "exit_code": 1,
      "status": "AssertionError"
    },
    {
      "program": "//Write a function that matches a word containing 'z'.\nfunction text_match_wordz(text: string): boolean {\n    let regex = /\\bz\\w+/g;\n    return regex.test(text);\n}\n\ndeclare var require: any;\nconst assert = require('node:assert');\n\n\nfunction test() {\n  let candidate = text_match_wordz;\n  assert.deepEqual(candidate(\"pythonz.\"),true);\n  assert.deepEqual(candidate(\"xyz.\"),true);\n  assert.deepEqual(candidate(\"  lang  .\"),false);\n}\n\ntest();",
      "timestamp": 1665510609,
      "stdout": "",
      "stderr": "node:assert:124\n  throw new AssertionError(obj);\n  ^\n\nAssertionError [ERR_ASSERTION]: Expected values to be loosely deep-equal:\n\nfalse\n\nshould loosely deep-equal\n\ntrue\n    at test (/tmp/tmp9e4fnbs7.js:9:12)\n    at Object.<anonymous> (/tmp/tmp9e4fnbs7.js:13:1)\n    at Module._compile (node:internal/modules/cjs/loader:1120:14)\n    at Module._extensions..js (node:internal/modules/cjs/loader:1174:10)\n    at Module.load (node:internal/modules/cjs/loader:998:32)\n    at Module._load (node:internal/modules/cjs/loader:839:12)\n    at Function.executeUserEntryPoint [as runMain] (node:internal/modules/run_main:81:12)\n    at node:internal/main/run_main_module:17:47 {\n  generatedMessage: true,\n  code: 'ERR_ASSERTION',\n  actual: false,\n  expected: true,\n  operator: 'deepEqual'\n}\n\nNode.js v18.7.0\n",
      "exit_code": 1,
      "status": "AssertionError"
    },
    {
      "program": "//Write a function that matches a word containing 'z'.\nfunction text_match_wordz(text: string): boolean {\n    let regex = /\\bz\\w+\\b/;\n    return regex.test(text);\n}\n\ndeclare var require: any;\nconst assert = require('node:assert');\n\n\nfunction test() {\n  let candidate = text_match_wordz;\n  assert.deepEqual(candidate(\"pythonz.\"),true);\n  assert.deepEqual(candidate(\"xyz.\"),true);\n  assert.deepEqual(candidate(\"  lang  .\"),false);\n}\n\ntest();",
      "timestamp": 1665510609,
      "stdout": "",
      "stderr": "node:assert:124\n  throw new AssertionError(obj);\n  ^\n\nAssertionError [ERR_ASSERTION]: Expected values to be loosely deep-equal:\n\nfalse\n\nshould loosely deep-equal\n\ntrue\n    at test (/tmp/tmpaesghpw_.js:9:12)\n    at Object.<anonymous> (/tmp/tmpaesghpw_.js:13:1)\n    at Module._compile (node:internal/modules/cjs/loader:1120:14)\n    at Module._extensions..js (node:internal/modules/cjs/loader:1174:10)\n    at Module.load (node:internal/modules/cjs/loader:998:32)\n    at Module._load (node:internal/modules/cjs/loader:839:12)\n    at Function.executeUserEntryPoint [as runMain] (node:internal/modules/run_main:81:12)\n    at node:internal/main/run_main_module:17:47 {\n  generatedMessage: true,\n  code: 'ERR_ASSERTION',\n  actual: false,\n  expected: true,\n  operator: 'deepEqual'\n}\n\nNode.js v18.7.0\n",
      "exit_code": 1,
      "status": "AssertionError"
    },
    {
      "program": "//Write a function that matches a word containing 'z'.\nfunction text_match_wordz(text: string): boolean {\n    return /\\bz\\w+\\b/g.test(text);\n}\n\ndeclare var require: any;\nconst assert = require('node:assert');\n\n\nfunction test() {\n  let candidate = text_match_wordz;\n  assert.deepEqual(candidate(\"pythonz.\"),true);\n  assert.deepEqual(candidate(\"xyz.\"),true);\n  assert.deepEqual(candidate(\"  lang  .\"),false);\n}\n\ntest();",
      "timestamp": 1665510609,
      "stdout": "",
      "stderr": "node:assert:124\n  throw new AssertionError(obj);\n  ^\n\nAssertionError [ERR_ASSERTION]: Expected values to be loosely deep-equal:\n\nfalse\n\nshould loosely deep-equal\n\ntrue\n    at test (/tmp/tmp2hr2ezc5.js:8:12)\n    at Object.<anonymous> (/tmp/tmp2hr2ezc5.js:12:1)\n    at Module._compile (node:internal/modules/cjs/loader:1120:14)\n    at Module._extensions..js (node:internal/modules/cjs/loader:1174:10)\n    at Module.load (node:internal/modules/cjs/loader:998:32)\n    at Module._load (node:internal/modules/cjs/loader:839:12)\n    at Function.executeUserEntryPoint [as runMain] (node:internal/modules/run_main:81:12)\n    at node:internal/main/run_main_module:17:47 {\n  generatedMessage: true,\n  code: 'ERR_ASSERTION',\n  actual: false,\n  expected: true,\n  operator: 'deepEqual'\n}\n\nNode.js v18.7.0\n",
      "exit_code": 1,
      "status": "AssertionError"
    },
    {
      "program": "//Write a function that matches a word containing 'z'.\nfunction text_match_wordz(text: string): boolean {\n    return /\\bz\\w+\\b/.test(text);\n}\n\ndeclare var require: any;\nconst assert = require('node:assert');\n\n\nfunction test() {\n  let candidate = text_match_wordz;\n  assert.deepEqual(candidate(\"pythonz.\"),true);\n  assert.deepEqual(candidate(\"xyz.\"),true);\n  assert.deepEqual(candidate(\"  lang  .\"),false);\n}\n\ntest();",
      "timestamp": 1665510610,
      "stdout": "",
      "stderr": "node:assert:124\n  throw new AssertionError(obj);\n  ^\n\nAssertionError [ERR_ASSERTION]: Expected values to be loosely deep-equal:\n\nfalse\n\nshould loosely deep-equal\n\ntrue\n    at test (/tmp/tmpxonrukfd.js:8:12)\n    at Object.<anonymous> (/tmp/tmpxonrukfd.js:12:1)\n    at Module._compile (node:internal/modules/cjs/loader:1120:14)\n    at Module._extensions..js (node:internal/modules/cjs/loader:1174:10)\n    at Module.load (node:internal/modules/cjs/loader:998:32)\n    at Module._load (node:internal/modules/cjs/loader:839:12)\n    at Function.executeUserEntryPoint [as runMain] (node:internal/modules/run_main:81:12)\n    at node:internal/main/run_main_module:17:47 {\n  generatedMessage: true,\n  code: 'ERR_ASSERTION',\n  actual: false,\n  expected: true,\n  operator: 'deepEqual'\n}\n\nNode.js v18.7.0\n",
      "exit_code": 1,
      "status": "AssertionError"
    },
    {
      "program": "//Write a function that matches a word containing 'z'.\nfunction text_match_wordz(text: string): boolean {\n    let regExp = /\\bz\\w+\\b/;\n    return regExp.test(text);\n}\n\ndeclare var require: any;\nconst assert = require('node:assert');\n\n\nfunction test() {\n  let candidate = text_match_wordz;\n  assert.deepEqual(candidate(\"pythonz.\"),true);\n  assert.deepEqual(candidate(\"xyz.\"),true);\n  assert.deepEqual(candidate(\"  lang  .\"),false);\n}\n\ntest();",
      "timestamp": 1666123482,
      "stdout": "",
      "stderr": "node:assert:124\n  throw new AssertionError(obj);\n  ^\n\nAssertionError [ERR_ASSERTION]: Expected values to be loosely deep-equal:\n\nfalse\n\nshould loosely deep-equal\n\ntrue\n    at test (/tmp/tmprgjapjsm.js:9:12)\n    at Object.<anonymous> (/tmp/tmprgjapjsm.js:13:1)\n    at Module._compile (node:internal/modules/cjs/loader:1120:14)\n    at Module._extensions..js (node:internal/modules/cjs/loader:1174:10)\n    at Module.load (node:internal/modules/cjs/loader:998:32)\n    at Module._load (node:internal/modules/cjs/loader:839:12)\n    at Function.executeUserEntryPoint [as runMain] (node:internal/modules/run_main:81:12)\n    at node:internal/main/run_main_module:17:47 {\n  generatedMessage: true,\n  code: 'ERR_ASSERTION',\n  actual: false,\n  expected: true,\n  operator: 'deepEqual'\n}\n\nNode.js v18.7.0\n",
      "exit_code": 1,
      "status": "AssertionError"
    },
    {
      "program": "//Write a function that matches a word containing 'z'.\nfunction text_match_wordz(text: string): boolean {\n    return /\\bz\\w+\\b/g.test(text);\n}\n\nconsole.log(text_match_wordz(\"The quick brown fox jumps over the lazy dog.\"));\nconsole.log(text_match_wordz(\"The quick brown fox jumped over the lazy dog.\"));\nconsole.log(text_match_wordz(\"The quick brown fox jumps over the lazy dog.\"));\nconsole.log(text_match_wordz(\"The quick brown fox jumps over the lazy dog.\"));\n\ndeclare var require: any;\nconst assert = require('node:assert');\n\n\nfunction test() {\n  let candidate = text_match_wordz;\n  assert.deepEqual(candidate(\"pythonz.\"),true);\n  assert.deepEqual(candidate(\"xyz.\"),true);\n  assert.deepEqual(candidate(\"  lang  .\"),false);\n}\n\ntest();",
      "timestamp": 1666123482,
      "stdout": "false\nfalse\nfalse\nfalse\n",
      "stderr": "node:assert:124\n  throw new AssertionError(obj);\n  ^\n\nAssertionError [ERR_ASSERTION]: Expected values to be loosely deep-equal:\n\nfalse\n\nshould loosely deep-equal\n\ntrue\n    at test (/tmp/tmpdoeny69y.js:12:12)\n    at Object.<anonymous> (/tmp/tmpdoeny69y.js:16:1)\n    at Module._compile (node:internal/modules/cjs/loader:1120:14)\n    at Module._extensions..js (node:internal/modules/cjs/loader:1174:10)\n    at Module.load (node:internal/modules/cjs/loader:998:32)\n    at Module._load (node:internal/modules/cjs/loader:839:12)\n    at Function.executeUserEntryPoint [as runMain] (node:internal/modules/run_main:81:12)\n    at node:internal/main/run_main_module:17:47 {\n  generatedMessage: true,\n  code: 'ERR_ASSERTION',\n  actual: false,\n  expected: true,\n  operator: 'deepEqual'\n}\n\nNode.js v18.7.0\n",
      "exit_code": 1,
      "status": "AssertionError"
    },
    {
      "program": "//Write a function that matches a word containing 'z'.\nfunction text_match_wordz(text: string): boolean {\n    let regex = /\\w*z\\w*/;\n    return regex.test(text);\n}\n\ndeclare var require: any;\nconst assert = require('node:assert');\n\n\nfunction test() {\n  let candidate = text_match_wordz;\n  assert.deepEqual(candidate(\"pythonz.\"),true);\n  assert.deepEqual(candidate(\"xyz.\"),true);\n  assert.deepEqual(candidate(\"  lang  .\"),false);\n}\n\ntest();",
      "timestamp": 1665510609,
      "stdout": "",
      "stderr": "",
      "exit_code": 0,
      "status": "OK"
    },
    {
      "program": "//Write a function that matches a word containing 'z'.\nfunction text_match_wordz(text: string): boolean {\n    return /\\bz\\w+\\b/i.test(text);\n}\n\ndeclare var require: any;\nconst assert = require('node:assert');\n\n\nfunction test() {\n  let candidate = text_match_wordz;\n  assert.deepEqual(candidate(\"pythonz.\"),true);\n  assert.deepEqual(candidate(\"xyz.\"),true);\n  assert.deepEqual(candidate(\"  lang  .\"),false);\n}\n\ntest();",
      "timestamp": 1666123482,
      "stdout": "",
      "stderr": "node:assert:124\n  throw new AssertionError(obj);\n  ^\n\nAssertionError [ERR_ASSERTION]: Expected values to be loosely deep-equal:\n\nfalse\n\nshould loosely deep-equal\n\ntrue\n    at test (/tmp/tmpr_0i_v30.js:8:12)\n    at Object.<anonymous> (/tmp/tmpr_0i_v30.js:12:1)\n    at Module._compile (node:internal/modules/cjs/loader:1120:14)\n    at Module._extensions..js (node:internal/modules/cjs/loader:1174:10)\n    at Module.load (node:internal/modules/cjs/loader:998:32)\n    at Module._load (node:internal/modules/cjs/loader:839:12)\n    at Function.executeUserEntryPoint [as runMain] (node:internal/modules/run_main:81:12)\n    at node:internal/main/run_main_module:17:47 {\n  generatedMessage: true,\n  code: 'ERR_ASSERTION',\n  actual: false,\n  expected: true,\n  operator: 'deepEqual'\n}\n\nNode.js v18.7.0\n",
      "exit_code": 1,
      "status": "AssertionError"
    },
    {
      "program": "//Write a function that matches a word containing 'z'.\nfunction text_match_wordz(text: string): boolean {\n    let regex = /\\w*z\\w*/;\n    return regex.test(text);\n}\nconsole.log(text_match_wordz(\"The quick brown fox jumps over the lazy dog.\"));\nconsole.log(text_match_wordz(\"The quick brown fox jumped over the lazy dog.\"));\nconsole.log(text_match_wordz(\"The quick brown fox jumps over the lazy dog.\"));\nconsole.log(text_match_wordz(\"The quick brown fox jumps over the lazy dog.\"));\n\ndeclare var require: any;\nconst assert = require('node:assert');\n\n\nfunction test() {\n  let candidate = text_match_wordz;\n  assert.deepEqual(candidate(\"pythonz.\"),true);\n  assert.deepEqual(candidate(\"xyz.\"),true);\n  assert.deepEqual(candidate(\"  lang  .\"),false);\n}\n\ntest();",
      "timestamp": 1666123476,
      "stdout": "true\ntrue\ntrue\ntrue\n",
      "stderr": "",
      "exit_code": 0,
      "status": "OK"
    },
    {
      "program": "//Write a function that matches a word containing 'z'.\nfunction text_match_wordz(text: string): boolean {\n    let wordz_regex = /\\w*z\\w*/;\n    return wordz_regex.test(text);\n}\n\ndeclare var require: any;\nconst assert = require('node:assert');\n\n\nfunction test() {\n  let candidate = text_match_wordz;\n  assert.deepEqual(candidate(\"pythonz.\"),true);\n  assert.deepEqual(candidate(\"xyz.\"),true);\n  assert.deepEqual(candidate(\"  lang  .\"),false);\n}\n\ntest();",
      "timestamp": 1666123482,
      "stdout": "",
      "stderr": "",
      "exit_code": 0,
      "status": "OK"
    },
    {
      "program": "//Write a function that matches a word containing 'z'.\nfunction text_match_wordz(text: string): boolean {\n    let regex = /\\bz\\w+/g;\n    return regex.test(text);\n}\n\ndeclare var require: any;\nconst assert = require('node:assert');\n\n\nfunction test() {\n  let candidate = text_match_wordz;\n  assert.deepEqual(candidate(\"pythonz.\"),true);\n  assert.deepEqual(candidate(\"xyz.\"),true);\n  assert.deepEqual(candidate(\"  lang  .\"),false);\n}\n\ntest();",
      "timestamp": 1665510609,
      "stdout": "",
      "stderr": "node:assert:124\n  throw new AssertionError(obj);\n  ^\n\nAssertionError [ERR_ASSERTION]: Expected values to be loosely deep-equal:\n\nfalse\n\nshould loosely deep-equal\n\ntrue\n    at test (/tmp/tmp9e4fnbs7.js:9:12)\n    at Object.<anonymous> (/tmp/tmp9e4fnbs7.js:13:1)\n    at Module._compile (node:internal/modules/cjs/loader:1120:14)\n    at Module._extensions..js (node:internal/modules/cjs/loader:1174:10)\n    at Module.load (node:internal/modules/cjs/loader:998:32)\n    at Module._load (node:internal/modules/cjs/loader:839:12)\n    at Function.executeUserEntryPoint [as runMain] (node:internal/modules/run_main:81:12)\n    at node:internal/main/run_main_module:17:47 {\n  generatedMessage: true,\n  code: 'ERR_ASSERTION',\n  actual: false,\n  expected: true,\n  operator: 'deepEqual'\n}\n\nNode.js v18.7.0\n",
      "exit_code": 1,
      "status": "AssertionError"
    },
    {
      "program": "//Write a function that matches a word containing 'z'.\nfunction text_match_wordz(text: string): boolean {\n    return /z\\w*/.test(text);\n}\n\ndeclare var require: any;\nconst assert = require('node:assert');\n\n\nfunction test() {\n  let candidate = text_match_wordz;\n  assert.deepEqual(candidate(\"pythonz.\"),true);\n  assert.deepEqual(candidate(\"xyz.\"),true);\n  assert.deepEqual(candidate(\"  lang  .\"),false);\n}\n\ntest();",
      "timestamp": 1665510609,
      "stdout": "",
      "stderr": "",
      "exit_code": 0,
      "status": "OK"
    },
    {
      "program": "//Write a function that matches a word containing 'z'.\nfunction text_match_wordz(text: string): boolean {\n    let regex = /\\bz\\w+/g;\n    return regex.test(text);\n}\n\ndeclare var require: any;\nconst assert = require('node:assert');\n\n\nfunction test() {\n  let candidate = text_match_wordz;\n  assert.deepEqual(candidate(\"pythonz.\"),true);\n  assert.deepEqual(candidate(\"xyz.\"),true);\n  assert.deepEqual(candidate(\"  lang  .\"),false);\n}\n\ntest();",
      "timestamp": 1665510609,
      "stdout": "",
      "stderr": "node:assert:124\n  throw new AssertionError(obj);\n  ^\n\nAssertionError [ERR_ASSERTION]: Expected values to be loosely deep-equal:\n\nfalse\n\nshould loosely deep-equal\n\ntrue\n    at test (/tmp/tmp9e4fnbs7.js:9:12)\n    at Object.<anonymous> (/tmp/tmp9e4fnbs7.js:13:1)\n    at Module._compile (node:internal/modules/cjs/loader:1120:14)\n    at Module._extensions..js (node:internal/modules/cjs/loader:1174:10)\n    at Module.load (node:internal/modules/cjs/loader:998:32)\n    at Module._load (node:internal/modules/cjs/loader:839:12)\n    at Function.executeUserEntryPoint [as runMain] (node:internal/modules/run_main:81:12)\n    at node:internal/main/run_main_module:17:47 {\n  generatedMessage: true,\n  code: 'ERR_ASSERTION',\n  actual: false,\n  expected: true,\n  operator: 'deepEqual'\n}\n\nNode.js v18.7.0\n",
      "exit_code": 1,
      "status": "AssertionError"
    },
    {
      "program": "//Write a function that matches a word containing 'z'.\nfunction text_match_wordz(text: string): boolean {\n    let regex = /\\w*z\\w*/;\n    return regex.test(text);\n}\n\ndeclare var require: any;\nconst assert = require('node:assert');\n\n\nfunction test() {\n  let candidate = text_match_wordz;\n  assert.deepEqual(candidate(\"pythonz.\"),true);\n  assert.deepEqual(candidate(\"xyz.\"),true);\n  assert.deepEqual(candidate(\"  lang  .\"),false);\n}\n\ntest();",
      "timestamp": 1665510609,
      "stdout": "",
      "stderr": "",
      "exit_code": 0,
      "status": "OK"
    },
    {
      "program": "//Write a function that matches a word containing 'z'.\nfunction text_match_wordz(text: string): boolean {\n    let regex = /\\bz\\w+/g;\n    return regex.test(text);\n}\n\ndeclare var require: any;\nconst assert = require('node:assert');\n\n\nfunction test() {\n  let candidate = text_match_wordz;\n  assert.deepEqual(candidate(\"pythonz.\"),true);\n  assert.deepEqual(candidate(\"xyz.\"),true);\n  assert.deepEqual(candidate(\"  lang  .\"),false);\n}\n\ntest();",
      "timestamp": 1665510609,
      "stdout": "",
      "stderr": "node:assert:124\n  throw new AssertionError(obj);\n  ^\n\nAssertionError [ERR_ASSERTION]: Expected values to be loosely deep-equal:\n\nfalse\n\nshould loosely deep-equal\n\ntrue\n    at test (/tmp/tmp9e4fnbs7.js:9:12)\n    at Object.<anonymous> (/tmp/tmp9e4fnbs7.js:13:1)\n    at Module._compile (node:internal/modules/cjs/loader:1120:14)\n    at Module._extensions..js (node:internal/modules/cjs/loader:1174:10)\n    at Module.load (node:internal/modules/cjs/loader:998:32)\n    at Module._load (node:internal/modules/cjs/loader:839:12)\n    at Function.executeUserEntryPoint [as runMain] (node:internal/modules/run_main:81:12)\n    at node:internal/main/run_main_module:17:47 {\n  generatedMessage: true,\n  code: 'ERR_ASSERTION',\n  actual: false,\n  expected: true,\n  operator: 'deepEqual'\n}\n\nNode.js v18.7.0\n",
      "exit_code": 1,
      "status": "AssertionError"
    },
    {
      "program": "//Write a function that matches a word containing 'z'.\nfunction text_match_wordz(text: string): boolean {\n    let regex = /\\bz\\w+\\b/g;\n    return regex.test(text);\n}\n\nconsole.log(text_match_wordz(\"The quick brown fox jumps over the lazy dog.\"));\nconsole.log(text_match_wordz(\"The quick brown fox jumped over the lazy dog.\"));\nconsole.log(text_match_wordz(\"The quick brown fox jumps over the lazy dog.\"));\nconsole.log(text_match_wordz(\"The quick brown fox jumps over the lazy dog.\"));\n\ndeclare var require: any;\nconst assert = require('node:assert');\n\n\nfunction test() {\n  let candidate = text_match_wordz;\n  assert.deepEqual(candidate(\"pythonz.\"),true);\n  assert.deepEqual(candidate(\"xyz.\"),true);\n  assert.deepEqual(candidate(\"  lang  .\"),false);\n}\n\ntest();",
      "timestamp": 1666123482,
      "stdout": "false\nfalse\nfalse\nfalse\n",
      "stderr": "node:assert:124\n  throw new AssertionError(obj);\n  ^\n\nAssertionError [ERR_ASSERTION]: Expected values to be loosely deep-equal:\n\nfalse\n\nshould loosely deep-equal\n\ntrue\n    at test (/tmp/tmpz2y7ga67.js:13:12)\n    at Object.<anonymous> (/tmp/tmpz2y7ga67.js:17:1)\n    at Module._compile (node:internal/modules/cjs/loader:1120:14)\n    at Module._extensions..js (node:internal/modules/cjs/loader:1174:10)\n    at Module.load (node:internal/modules/cjs/loader:998:32)\n    at Module._load (node:internal/modules/cjs/loader:839:12)\n    at Function.executeUserEntryPoint [as runMain] (node:internal/modules/run_main:81:12)\n    at node:internal/main/run_main_module:17:47 {\n  generatedMessage: true,\n  code: 'ERR_ASSERTION',\n  actual: false,\n  expected: true,\n  operator: 'deepEqual'\n}\n\nNode.js v18.7.0\n",
      "exit_code": 1,
      "status": "AssertionError"
    },
    {
      "program": "//Write a function that matches a word containing 'z'.\nfunction text_match_wordz(text: string): boolean {\n    let regexp = /\\w*z\\w*/;\n    return regexp.test(text);\n}\n\ndeclare var require: any;\nconst assert = require('node:assert');\n\n\nfunction test() {\n  let candidate = text_match_wordz;\n  assert.deepEqual(candidate(\"pythonz.\"),true);\n  assert.deepEqual(candidate(\"xyz.\"),true);\n  assert.deepEqual(candidate(\"  lang  .\"),false);\n}\n\ntest();",
      "timestamp": 1666123477,
      "stdout": "",
      "stderr": "",
      "exit_code": 0,
      "status": "OK"
    },
    {
      "program": "//Write a function that matches a word containing 'z'.\nfunction text_match_wordz(text: string): boolean {\n    return /z\\w+/.test(text);\n}\n\ndeclare var require: any;\nconst assert = require('node:assert');\n\n\nfunction test() {\n  let candidate = text_match_wordz;\n  assert.deepEqual(candidate(\"pythonz.\"),true);\n  assert.deepEqual(candidate(\"xyz.\"),true);\n  assert.deepEqual(candidate(\"  lang  .\"),false);\n}\n\ntest();",
      "timestamp": 1666123482,
      "stdout": "",
      "stderr": "node:assert:124\n  throw new AssertionError(obj);\n  ^\n\nAssertionError [ERR_ASSERTION]: Expected values to be loosely deep-equal:\n\nfalse\n\nshould loosely deep-equal\n\ntrue\n    at test (/tmp/tmp8k9z_2fk.js:8:12)\n    at Object.<anonymous> (/tmp/tmp8k9z_2fk.js:12:1)\n    at Module._compile (node:internal/modules/cjs/loader:1120:14)\n    at Module._extensions..js (node:internal/modules/cjs/loader:1174:10)\n    at Module.load (node:internal/modules/cjs/loader:998:32)\n    at Module._load (node:internal/modules/cjs/loader:839:12)\n    at Function.executeUserEntryPoint [as runMain] (node:internal/modules/run_main:81:12)\n    at node:internal/main/run_main_module:17:47 {\n  generatedMessage: true,\n  code: 'ERR_ASSERTION',\n  actual: false,\n  expected: true,\n  operator: 'deepEqual'\n}\n\nNode.js v18.7.0\n",
      "exit_code": 1,
      "status": "AssertionError"
    },
    {
      "program": "//Write a function that matches a word containing 'z'.\nfunction text_match_wordz(text: string): boolean {\n    let regex = /\\bz\\w+/g;\n    return regex.test(text);\n}\n\ndeclare var require: any;\nconst assert = require('node:assert');\n\n\nfunction test() {\n  let candidate = text_match_wordz;\n  assert.deepEqual(candidate(\"pythonz.\"),true);\n  assert.deepEqual(candidate(\"xyz.\"),true);\n  assert.deepEqual(candidate(\"  lang  .\"),false);\n}\n\ntest();",
      "timestamp": 1665510609,
      "stdout": "",
      "stderr": "node:assert:124\n  throw new AssertionError(obj);\n  ^\n\nAssertionError [ERR_ASSERTION]: Expected values to be loosely deep-equal:\n\nfalse\n\nshould loosely deep-equal\n\ntrue\n    at test (/tmp/tmp9e4fnbs7.js:9:12)\n    at Object.<anonymous> (/tmp/tmp9e4fnbs7.js:13:1)\n    at Module._compile (node:internal/modules/cjs/loader:1120:14)\n    at Module._extensions..js (node:internal/modules/cjs/loader:1174:10)\n    at Module.load (node:internal/modules/cjs/loader:998:32)\n    at Module._load (node:internal/modules/cjs/loader:839:12)\n    at Function.executeUserEntryPoint [as runMain] (node:internal/modules/run_main:81:12)\n    at node:internal/main/run_main_module:17:47 {\n  generatedMessage: true,\n  code: 'ERR_ASSERTION',\n  actual: false,\n  expected: true,\n  operator: 'deepEqual'\n}\n\nNode.js v18.7.0\n",
      "exit_code": 1,
      "status": "AssertionError"
    },
    {
      "program": "//Write a function that matches a word containing 'z'.\nfunction text_match_wordz(text: string): boolean {\n    return /z\\w*/.test(text);\n}\n\ndeclare var require: any;\nconst assert = require('node:assert');\n\n\nfunction test() {\n  let candidate = text_match_wordz;\n  assert.deepEqual(candidate(\"pythonz.\"),true);\n  assert.deepEqual(candidate(\"xyz.\"),true);\n  assert.deepEqual(candidate(\"  lang  .\"),false);\n}\n\ntest();",
      "timestamp": 1665510609,
      "stdout": "",
      "stderr": "",
      "exit_code": 0,
      "status": "OK"
    },
    {
      "program": "//Write a function that matches a word containing 'z'.\nfunction text_match_wordz(text: string): boolean {\n    return /z\\w+/.test(text);\n}\n\ndeclare var require: any;\nconst assert = require('node:assert');\n\n\nfunction test() {\n  let candidate = text_match_wordz;\n  assert.deepEqual(candidate(\"pythonz.\"),true);\n  assert.deepEqual(candidate(\"xyz.\"),true);\n  assert.deepEqual(candidate(\"  lang  .\"),false);\n}\n\ntest();",
      "timestamp": 1666123482,
      "stdout": "",
      "stderr": "node:assert:124\n  throw new AssertionError(obj);\n  ^\n\nAssertionError [ERR_ASSERTION]: Expected values to be loosely deep-equal:\n\nfalse\n\nshould loosely deep-equal\n\ntrue\n    at test (/tmp/tmp8k9z_2fk.js:8:12)\n    at Object.<anonymous> (/tmp/tmp8k9z_2fk.js:12:1)\n    at Module._compile (node:internal/modules/cjs/loader:1120:14)\n    at Module._extensions..js (node:internal/modules/cjs/loader:1174:10)\n    at Module.load (node:internal/modules/cjs/loader:998:32)\n    at Module._load (node:internal/modules/cjs/loader:839:12)\n    at Function.executeUserEntryPoint [as runMain] (node:internal/modules/run_main:81:12)\n    at node:internal/main/run_main_module:17:47 {\n  generatedMessage: true,\n  code: 'ERR_ASSERTION',\n  actual: false,\n  expected: true,\n  operator: 'deepEqual'\n}\n\nNode.js v18.7.0\n",
      "exit_code": 1,
      "status": "AssertionError"
    },
    {
      "program": "//Write a function that matches a word containing 'z'.\nfunction text_match_wordz(text: string): boolean {\n    let regex = /\\bz\\w+/g;\n    return regex.test(text);\n}\n\ndeclare var require: any;\nconst assert = require('node:assert');\n\n\nfunction test() {\n  let candidate = text_match_wordz;\n  assert.deepEqual(candidate(\"pythonz.\"),true);\n  assert.deepEqual(candidate(\"xyz.\"),true);\n  assert.deepEqual(candidate(\"  lang  .\"),false);\n}\n\ntest();",
      "timestamp": 1665510609,
      "stdout": "",
      "stderr": "node:assert:124\n  throw new AssertionError(obj);\n  ^\n\nAssertionError [ERR_ASSERTION]: Expected values to be loosely deep-equal:\n\nfalse\n\nshould loosely deep-equal\n\ntrue\n    at test (/tmp/tmp9e4fnbs7.js:9:12)\n    at Object.<anonymous> (/tmp/tmp9e4fnbs7.js:13:1)\n    at Module._compile (node:internal/modules/cjs/loader:1120:14)\n    at Module._extensions..js (node:internal/modules/cjs/loader:1174:10)\n    at Module.load (node:internal/modules/cjs/loader:998:32)\n    at Module._load (node:internal/modules/cjs/loader:839:12)\n    at Function.executeUserEntryPoint [as runMain] (node:internal/modules/run_main:81:12)\n    at node:internal/main/run_main_module:17:47 {\n  generatedMessage: true,\n  code: 'ERR_ASSERTION',\n  actual: false,\n  expected: true,\n  operator: 'deepEqual'\n}\n\nNode.js v18.7.0\n",
      "exit_code": 1,
      "status": "AssertionError"
    },
    {
      "program": "//Write a function that matches a word containing 'z'.\nfunction text_match_wordz(text: string): boolean {\n    let regex = /\\bz\\w+/g;\n    return regex.test(text);\n}\n\nconsole.log(text_match_wordz(\"The quick brown fox jumps over the lazy dog.\"));\nconsole.log(text_match_wordz(\"The quick brown fox jumped over the lazy dog.\"));\nconsole.log(text_match_wordz(\"The quick brown fox jumps over the lazy dog.\"));\nconsole.log(text_match_wordz(\"The quick brown fox jumps over the lazy dog.\"));\n\ndeclare var require: any;\nconst assert = require('node:assert');\n\n\nfunction test() {\n  let candidate = text_match_wordz;\n  assert.deepEqual(candidate(\"pythonz.\"),true);\n  assert.deepEqual(candidate(\"xyz.\"),true);\n  assert.deepEqual(candidate(\"  lang  .\"),false);\n}\n\ntest();",
      "timestamp": 1666123477,
      "stdout": "false\nfalse\nfalse\nfalse\n",
      "stderr": "node:assert:124\n  throw new AssertionError(obj);\n  ^\n\nAssertionError [ERR_ASSERTION]: Expected values to be loosely deep-equal:\n\nfalse\n\nshould loosely deep-equal\n\ntrue\n    at test (/tmp/tmpceak6vt6.js:13:12)\n    at Object.<anonymous> (/tmp/tmpceak6vt6.js:17:1)\n    at Module._compile (node:internal/modules/cjs/loader:1120:14)\n    at Module._extensions..js (node:internal/modules/cjs/loader:1174:10)\n    at Module.load (node:internal/modules/cjs/loader:998:32)\n    at Module._load (node:internal/modules/cjs/loader:839:12)\n    at Function.executeUserEntryPoint [as runMain] (node:internal/modules/run_main:81:12)\n    at node:internal/main/run_main_module:17:47 {\n  generatedMessage: true,\n  code: 'ERR_ASSERTION',\n  actual: false,\n  expected: true,\n  operator: 'deepEqual'\n}\n\nNode.js v18.7.0\n",
      "exit_code": 1,
      "status": "AssertionError"
    },
    {
      "program": "//Write a function that matches a word containing 'z'.\nfunction text_match_wordz(text: string): boolean {\n    let regex = /\\bz\\w+/g;\n    return regex.test(text);\n}\n\ndeclare var require: any;\nconst assert = require('node:assert');\n\n\nfunction test() {\n  let candidate = text_match_wordz;\n  assert.deepEqual(candidate(\"pythonz.\"),true);\n  assert.deepEqual(candidate(\"xyz.\"),true);\n  assert.deepEqual(candidate(\"  lang  .\"),false);\n}\n\ntest();",
      "timestamp": 1665510609,
      "stdout": "",
      "stderr": "node:assert:124\n  throw new AssertionError(obj);\n  ^\n\nAssertionError [ERR_ASSERTION]: Expected values to be loosely deep-equal:\n\nfalse\n\nshould loosely deep-equal\n\ntrue\n    at test (/tmp/tmp9e4fnbs7.js:9:12)\n    at Object.<anonymous> (/tmp/tmp9e4fnbs7.js:13:1)\n    at Module._compile (node:internal/modules/cjs/loader:1120:14)\n    at Module._extensions..js (node:internal/modules/cjs/loader:1174:10)\n    at Module.load (node:internal/modules/cjs/loader:998:32)\n    at Module._load (node:internal/modules/cjs/loader:839:12)\n    at Function.executeUserEntryPoint [as runMain] (node:internal/modules/run_main:81:12)\n    at node:internal/main/run_main_module:17:47 {\n  generatedMessage: true,\n  code: 'ERR_ASSERTION',\n  actual: false,\n  expected: true,\n  operator: 'deepEqual'\n}\n\nNode.js v18.7.0\n",
      "exit_code": 1,
      "status": "AssertionError"
    },
    {
      "program": "//Write a function that matches a word containing 'z'.\nfunction text_match_wordz(text: string): boolean {\n    return /z/.test(text);\n}\n\ndeclare var require: any;\nconst assert = require('node:assert');\n\n\nfunction test() {\n  let candidate = text_match_wordz;\n  assert.deepEqual(candidate(\"pythonz.\"),true);\n  assert.deepEqual(candidate(\"xyz.\"),true);\n  assert.deepEqual(candidate(\"  lang  .\"),false);\n}\n\ntest();",
      "timestamp": 1666123477,
      "stdout": "",
      "stderr": "",
      "exit_code": 0,
      "status": "OK"
    },
    {
      "program": "//Write a function that matches a word containing 'z'.\nfunction text_match_wordz(text: string): boolean {\n    let regex = /\\w*z\\w*/;\n    return regex.test(text);\n}\n\ndeclare var require: any;\nconst assert = require('node:assert');\n\n\nfunction test() {\n  let candidate = text_match_wordz;\n  assert.deepEqual(candidate(\"pythonz.\"),true);\n  assert.deepEqual(candidate(\"xyz.\"),true);\n  assert.deepEqual(candidate(\"  lang  .\"),false);\n}\n\ntest();",
      "timestamp": 1665510609,
      "stdout": "",
      "stderr": "",
      "exit_code": 0,
      "status": "OK"
    },
    {
      "program": "//Write a function that matches a word containing 'z'.\nfunction text_match_wordz(text: string): boolean {\n    let regex = /\\w*z\\w*/;\n    return regex.test(text);\n}\n\ndeclare var require: any;\nconst assert = require('node:assert');\n\n\nfunction test() {\n  let candidate = text_match_wordz;\n  assert.deepEqual(candidate(\"pythonz.\"),true);\n  assert.deepEqual(candidate(\"xyz.\"),true);\n  assert.deepEqual(candidate(\"  lang  .\"),false);\n}\n\ntest();",
      "timestamp": 1665510609,
      "stdout": "",
      "stderr": "",
      "exit_code": 0,
      "status": "OK"
    },
    {
      "program": "//Write a function that matches a word containing 'z'.\nfunction text_match_wordz(text: string): boolean {\n    let regex = /\\bz\\w+\\b/;\n    return regex.test(text);\n}\n\ndeclare var require: any;\nconst assert = require('node:assert');\n\n\nfunction test() {\n  let candidate = text_match_wordz;\n  assert.deepEqual(candidate(\"pythonz.\"),true);\n  assert.deepEqual(candidate(\"xyz.\"),true);\n  assert.deepEqual(candidate(\"  lang  .\"),false);\n}\n\ntest();",
      "timestamp": 1665510609,
      "stdout": "",
      "stderr": "node:assert:124\n  throw new AssertionError(obj);\n  ^\n\nAssertionError [ERR_ASSERTION]: Expected values to be loosely deep-equal:\n\nfalse\n\nshould loosely deep-equal\n\ntrue\n    at test (/tmp/tmpaesghpw_.js:9:12)\n    at Object.<anonymous> (/tmp/tmpaesghpw_.js:13:1)\n    at Module._compile (node:internal/modules/cjs/loader:1120:14)\n    at Module._extensions..js (node:internal/modules/cjs/loader:1174:10)\n    at Module.load (node:internal/modules/cjs/loader:998:32)\n    at Module._load (node:internal/modules/cjs/loader:839:12)\n    at Function.executeUserEntryPoint [as runMain] (node:internal/modules/run_main:81:12)\n    at node:internal/main/run_main_module:17:47 {\n  generatedMessage: true,\n  code: 'ERR_ASSERTION',\n  actual: false,\n  expected: true,\n  operator: 'deepEqual'\n}\n\nNode.js v18.7.0\n",
      "exit_code": 1,
      "status": "AssertionError"
    },
    {
      "program": "//Write a function that matches a word containing 'z'.\nfunction text_match_wordz(text: string): boolean {\n    return /\\bz\\w*\\b/i.test(text);\n}\n\ndeclare var require: any;\nconst assert = require('node:assert');\n\n\nfunction test() {\n  let candidate = text_match_wordz;\n  assert.deepEqual(candidate(\"pythonz.\"),true);\n  assert.deepEqual(candidate(\"xyz.\"),true);\n  assert.deepEqual(candidate(\"  lang  .\"),false);\n}\n\ntest();",
      "timestamp": 1666123482,
      "stdout": "",
      "stderr": "node:assert:124\n  throw new AssertionError(obj);\n  ^\n\nAssertionError [ERR_ASSERTION]: Expected values to be loosely deep-equal:\n\nfalse\n\nshould loosely deep-equal\n\ntrue\n    at test (/tmp/tmp8048n3is.js:8:12)\n    at Object.<anonymous> (/tmp/tmp8048n3is.js:12:1)\n    at Module._compile (node:internal/modules/cjs/loader:1120:14)\n    at Module._extensions..js (node:internal/modules/cjs/loader:1174:10)\n    at Module.load (node:internal/modules/cjs/loader:998:32)\n    at Module._load (node:internal/modules/cjs/loader:839:12)\n    at Function.executeUserEntryPoint [as runMain] (node:internal/modules/run_main:81:12)\n    at node:internal/main/run_main_module:17:47 {\n  generatedMessage: true,\n  code: 'ERR_ASSERTION',\n  actual: false,\n  expected: true,\n  operator: 'deepEqual'\n}\n\nNode.js v18.7.0\n",
      "exit_code": 1,
      "status": "AssertionError"
    },
    {
      "program": "//Write a function that matches a word containing 'z'.\nfunction text_match_wordz(text: string): boolean {\n    let regex = /\\w*z\\w*/;\n    return regex.test(text);\n}\n\ndeclare var require: any;\nconst assert = require('node:assert');\n\n\nfunction test() {\n  let candidate = text_match_wordz;\n  assert.deepEqual(candidate(\"pythonz.\"),true);\n  assert.deepEqual(candidate(\"xyz.\"),true);\n  assert.deepEqual(candidate(\"  lang  .\"),false);\n}\n\ntest();",
      "timestamp": 1665510609,
      "stdout": "",
      "stderr": "",
      "exit_code": 0,
      "status": "OK"
    },
    {
      "program": "//Write a function that matches a word containing 'z'.\nfunction text_match_wordz(text: string): boolean {\n    let regex = /\\bz\\w+/g;\n    return regex.test(text);\n}\n\ndeclare var require: any;\nconst assert = require('node:assert');\n\n\nfunction test() {\n  let candidate = text_match_wordz;\n  assert.deepEqual(candidate(\"pythonz.\"),true);\n  assert.deepEqual(candidate(\"xyz.\"),true);\n  assert.deepEqual(candidate(\"  lang  .\"),false);\n}\n\ntest();",
      "timestamp": 1665510609,
      "stdout": "",
      "stderr": "node:assert:124\n  throw new AssertionError(obj);\n  ^\n\nAssertionError [ERR_ASSERTION]: Expected values to be loosely deep-equal:\n\nfalse\n\nshould loosely deep-equal\n\ntrue\n    at test (/tmp/tmp9e4fnbs7.js:9:12)\n    at Object.<anonymous> (/tmp/tmp9e4fnbs7.js:13:1)\n    at Module._compile (node:internal/modules/cjs/loader:1120:14)\n    at Module._extensions..js (node:internal/modules/cjs/loader:1174:10)\n    at Module.load (node:internal/modules/cjs/loader:998:32)\n    at Module._load (node:internal/modules/cjs/loader:839:12)\n    at Function.executeUserEntryPoint [as runMain] (node:internal/modules/run_main:81:12)\n    at node:internal/main/run_main_module:17:47 {\n  generatedMessage: true,\n  code: 'ERR_ASSERTION',\n  actual: false,\n  expected: true,\n  operator: 'deepEqual'\n}\n\nNode.js v18.7.0\n",
      "exit_code": 1,
      "status": "AssertionError"
    },
    {
      "program": "//Write a function that matches a word containing 'z'.\nfunction text_match_wordz(text: string): boolean {\n    let regex = /\\bz\\w+/g;\n    return regex.test(text);\n}\n\ndeclare var require: any;\nconst assert = require('node:assert');\n\n\nfunction test() {\n  let candidate = text_match_wordz;\n  assert.deepEqual(candidate(\"pythonz.\"),true);\n  assert.deepEqual(candidate(\"xyz.\"),true);\n  assert.deepEqual(candidate(\"  lang  .\"),false);\n}\n\ntest();",
      "timestamp": 1665510609,
      "stdout": "",
      "stderr": "node:assert:124\n  throw new AssertionError(obj);\n  ^\n\nAssertionError [ERR_ASSERTION]: Expected values to be loosely deep-equal:\n\nfalse\n\nshould loosely deep-equal\n\ntrue\n    at test (/tmp/tmp9e4fnbs7.js:9:12)\n    at Object.<anonymous> (/tmp/tmp9e4fnbs7.js:13:1)\n    at Module._compile (node:internal/modules/cjs/loader:1120:14)\n    at Module._extensions..js (node:internal/modules/cjs/loader:1174:10)\n    at Module.load (node:internal/modules/cjs/loader:998:32)\n    at Module._load (node:internal/modules/cjs/loader:839:12)\n    at Function.executeUserEntryPoint [as runMain] (node:internal/modules/run_main:81:12)\n    at node:internal/main/run_main_module:17:47 {\n  generatedMessage: true,\n  code: 'ERR_ASSERTION',\n  actual: false,\n  expected: true,\n  operator: 'deepEqual'\n}\n\nNode.js v18.7.0\n",
      "exit_code": 1,
      "status": "AssertionError"
    },
    {
      "program": "//Write a function that matches a word containing 'z'.\nfunction text_match_wordz(text: string): boolean {\n    let wordz = /\\bz\\w*/;\n    return wordz.test(text);\n}\n\ndeclare var require: any;\nconst assert = require('node:assert');\n\n\nfunction test() {\n  let candidate = text_match_wordz;\n  assert.deepEqual(candidate(\"pythonz.\"),true);\n  assert.deepEqual(candidate(\"xyz.\"),true);\n  assert.deepEqual(candidate(\"  lang  .\"),false);\n}\n\ntest();",
      "timestamp": 1666123482,
      "stdout": "",
      "stderr": "node:assert:124\n  throw new AssertionError(obj);\n  ^\n\nAssertionError [ERR_ASSERTION]: Expected values to be loosely deep-equal:\n\nfalse\n\nshould loosely deep-equal\n\ntrue\n    at test (/tmp/tmp3eqbxef4.js:9:12)\n    at Object.<anonymous> (/tmp/tmp3eqbxef4.js:13:1)\n    at Module._compile (node:internal/modules/cjs/loader:1120:14)\n    at Module._extensions..js (node:internal/modules/cjs/loader:1174:10)\n    at Module.load (node:internal/modules/cjs/loader:998:32)\n    at Module._load (node:internal/modules/cjs/loader:839:12)\n    at Function.executeUserEntryPoint [as runMain] (node:internal/modules/run_main:81:12)\n    at node:internal/main/run_main_module:17:47 {\n  generatedMessage: true,\n  code: 'ERR_ASSERTION',\n  actual: false,\n  expected: true,\n  operator: 'deepEqual'\n}\n\nNode.js v18.7.0\n",
      "exit_code": 1,
      "status": "AssertionError"
    },
    {
      "program": "//Write a function that matches a word containing 'z'.\nfunction text_match_wordz(text: string): boolean {\n    let regexp = /\\bz\\w+\\b/g;\n    return regexp.test(text);\n}\n\ndeclare var require: any;\nconst assert = require('node:assert');\n\n\nfunction test() {\n  let candidate = text_match_wordz;\n  assert.deepEqual(candidate(\"pythonz.\"),true);\n  assert.deepEqual(candidate(\"xyz.\"),true);\n  assert.deepEqual(candidate(\"  lang  .\"),false);\n}\n\ntest();",
      "timestamp": 1666123478,
      "stdout": "",
      "stderr": "node:assert:124\n  throw new AssertionError(obj);\n  ^\n\nAssertionError [ERR_ASSERTION]: Expected values to be loosely deep-equal:\n\nfalse\n\nshould loosely deep-equal\n\ntrue\n    at test (/tmp/tmpa07w3bwy.js:9:12)\n    at Object.<anonymous> (/tmp/tmpa07w3bwy.js:13:1)\n    at Module._compile (node:internal/modules/cjs/loader:1120:14)\n    at Module._extensions..js (node:internal/modules/cjs/loader:1174:10)\n    at Module.load (node:internal/modules/cjs/loader:998:32)\n    at Module._load (node:internal/modules/cjs/loader:839:12)\n    at Function.executeUserEntryPoint [as runMain] (node:internal/modules/run_main:81:12)\n    at node:internal/main/run_main_module:17:47 {\n  generatedMessage: true,\n  code: 'ERR_ASSERTION',\n  actual: false,\n  expected: true,\n  operator: 'deepEqual'\n}\n\nNode.js v18.7.0\n",
      "exit_code": 1,
      "status": "AssertionError"
    },
    {
      "program": "//Write a function that matches a word containing 'z'.\nfunction text_match_wordz(text: string): boolean {\n    let regex = /\\bz\\w+\\b/g;\n    return regex.test(text);\n}\n\ndeclare var require: any;\nconst assert = require('node:assert');\n\n\nfunction test() {\n  let candidate = text_match_wordz;\n  assert.deepEqual(candidate(\"pythonz.\"),true);\n  assert.deepEqual(candidate(\"xyz.\"),true);\n  assert.deepEqual(candidate(\"  lang  .\"),false);\n}\n\ntest();",
      "timestamp": 1665510610,
      "stdout": "",
      "stderr": "node:assert:124\n  throw new AssertionError(obj);\n  ^\n\nAssertionError [ERR_ASSERTION]: Expected values to be loosely deep-equal:\n\nfalse\n\nshould loosely deep-equal\n\ntrue\n    at test (/tmp/tmpqdww93h_.js:9:12)\n    at Object.<anonymous> (/tmp/tmpqdww93h_.js:13:1)\n    at Module._compile (node:internal/modules/cjs/loader:1120:14)\n    at Module._extensions..js (node:internal/modules/cjs/loader:1174:10)\n    at Module.load (node:internal/modules/cjs/loader:998:32)\n    at Module._load (node:internal/modules/cjs/loader:839:12)\n    at Function.executeUserEntryPoint [as runMain] (node:internal/modules/run_main:81:12)\n    at node:internal/main/run_main_module:17:47 {\n  generatedMessage: true,\n  code: 'ERR_ASSERTION',\n  actual: false,\n  expected: true,\n  operator: 'deepEqual'\n}\n\nNode.js v18.7.0\n",
      "exit_code": 1,
      "status": "AssertionError"
    },
    {
      "program": "//Write a function that matches a word containing 'z'.\nfunction text_match_wordz(text: string): boolean {\n    let regex = /\\w*z\\w*/;\n    return regex.test(text);\n}\n\ndeclare var require: any;\nconst assert = require('node:assert');\n\n\nfunction test() {\n  let candidate = text_match_wordz;\n  assert.deepEqual(candidate(\"pythonz.\"),true);\n  assert.deepEqual(candidate(\"xyz.\"),true);\n  assert.deepEqual(candidate(\"  lang  .\"),false);\n}\n\ntest();",
      "timestamp": 1665510609,
      "stdout": "",
      "stderr": "",
      "exit_code": 0,
      "status": "OK"
    },
    {
      "program": "//Write a function that matches a word containing 'z'.\nfunction text_match_wordz(text: string): boolean {\n    return /\\bz\\w+\\b/g.test(text);\n}\n\ndeclare var require: any;\nconst assert = require('node:assert');\n\n\nfunction test() {\n  let candidate = text_match_wordz;\n  assert.deepEqual(candidate(\"pythonz.\"),true);\n  assert.deepEqual(candidate(\"xyz.\"),true);\n  assert.deepEqual(candidate(\"  lang  .\"),false);\n}\n\ntest();",
      "timestamp": 1665510609,
      "stdout": "",
      "stderr": "node:assert:124\n  throw new AssertionError(obj);\n  ^\n\nAssertionError [ERR_ASSERTION]: Expected values to be loosely deep-equal:\n\nfalse\n\nshould loosely deep-equal\n\ntrue\n    at test (/tmp/tmp2hr2ezc5.js:8:12)\n    at Object.<anonymous> (/tmp/tmp2hr2ezc5.js:12:1)\n    at Module._compile (node:internal/modules/cjs/loader:1120:14)\n    at Module._extensions..js (node:internal/modules/cjs/loader:1174:10)\n    at Module.load (node:internal/modules/cjs/loader:998:32)\n    at Module._load (node:internal/modules/cjs/loader:839:12)\n    at Function.executeUserEntryPoint [as runMain] (node:internal/modules/run_main:81:12)\n    at node:internal/main/run_main_module:17:47 {\n  generatedMessage: true,\n  code: 'ERR_ASSERTION',\n  actual: false,\n  expected: true,\n  operator: 'deepEqual'\n}\n\nNode.js v18.7.0\n",
      "exit_code": 1,
      "status": "AssertionError"
    },
    {
      "program": "//Write a function that matches a word containing 'z'.\nfunction text_match_wordz(text: string): boolean {\n    let regex = /\\bz\\w+/g;\n    return regex.test(text);\n}\n\ndeclare var require: any;\nconst assert = require('node:assert');\n\n\nfunction test() {\n  let candidate = text_match_wordz;\n  assert.deepEqual(candidate(\"pythonz.\"),true);\n  assert.deepEqual(candidate(\"xyz.\"),true);\n  assert.deepEqual(candidate(\"  lang  .\"),false);\n}\n\ntest();",
      "timestamp": 1665510609,
      "stdout": "",
      "stderr": "node:assert:124\n  throw new AssertionError(obj);\n  ^\n\nAssertionError [ERR_ASSERTION]: Expected values to be loosely deep-equal:\n\nfalse\n\nshould loosely deep-equal\n\ntrue\n    at test (/tmp/tmp9e4fnbs7.js:9:12)\n    at Object.<anonymous> (/tmp/tmp9e4fnbs7.js:13:1)\n    at Module._compile (node:internal/modules/cjs/loader:1120:14)\n    at Module._extensions..js (node:internal/modules/cjs/loader:1174:10)\n    at Module.load (node:internal/modules/cjs/loader:998:32)\n    at Module._load (node:internal/modules/cjs/loader:839:12)\n    at Function.executeUserEntryPoint [as runMain] (node:internal/modules/run_main:81:12)\n    at node:internal/main/run_main_module:17:47 {\n  generatedMessage: true,\n  code: 'ERR_ASSERTION',\n  actual: false,\n  expected: true,\n  operator: 'deepEqual'\n}\n\nNode.js v18.7.0\n",
      "exit_code": 1,
      "status": "AssertionError"
    },
    {
      "program": "//Write a function that matches a word containing 'z'.\nfunction text_match_wordz(text: string): boolean {\n    return /\\bz\\w+\\b/g.test(text);\n}\n\ndeclare var require: any;\nconst assert = require('node:assert');\n\n\nfunction test() {\n  let candidate = text_match_wordz;\n  assert.deepEqual(candidate(\"pythonz.\"),true);\n  assert.deepEqual(candidate(\"xyz.\"),true);\n  assert.deepEqual(candidate(\"  lang  .\"),false);\n}\n\ntest();",
      "timestamp": 1665510609,
      "stdout": "",
      "stderr": "node:assert:124\n  throw new AssertionError(obj);\n  ^\n\nAssertionError [ERR_ASSERTION]: Expected values to be loosely deep-equal:\n\nfalse\n\nshould loosely deep-equal\n\ntrue\n    at test (/tmp/tmp2hr2ezc5.js:8:12)\n    at Object.<anonymous> (/tmp/tmp2hr2ezc5.js:12:1)\n    at Module._compile (node:internal/modules/cjs/loader:1120:14)\n    at Module._extensions..js (node:internal/modules/cjs/loader:1174:10)\n    at Module.load (node:internal/modules/cjs/loader:998:32)\n    at Module._load (node:internal/modules/cjs/loader:839:12)\n    at Function.executeUserEntryPoint [as runMain] (node:internal/modules/run_main:81:12)\n    at node:internal/main/run_main_module:17:47 {\n  generatedMessage: true,\n  code: 'ERR_ASSERTION',\n  actual: false,\n  expected: true,\n  operator: 'deepEqual'\n}\n\nNode.js v18.7.0\n",
      "exit_code": 1,
      "status": "AssertionError"
    },
    {
      "program": "//Write a function that matches a word containing 'z'.\nfunction text_match_wordz(text: string): boolean {\n    return /\\w*z\\w*/.test(text);\n}\n\nconsole.log(text_match_wordz(\"The quick brown fox jumps over the lazy dog.\"));\nconsole.log(text_match_wordz(\"The quick brown fox jumped over the lazy dog.\"));\nconsole.log(text_match_wordz(\"The quick brown fox jumps over the lazy dog.\"));\nconsole.log(text_match_wordz(\"The quick brown fox jumps over the lazy dog.\"));\n\ndeclare var require: any;\nconst assert = require('node:assert');\n\n\nfunction test() {\n  let candidate = text_match_wordz;\n  assert.deepEqual(candidate(\"pythonz.\"),true);\n  assert.deepEqual(candidate(\"xyz.\"),true);\n  assert.deepEqual(candidate(\"  lang  .\"),false);\n}\n\ntest();",
      "timestamp": 1666123482,
      "stdout": "true\ntrue\ntrue\ntrue\n",
      "stderr": "",
      "exit_code": 0,
      "status": "OK"
    },
    {
      "program": "//Write a function that matches a word containing 'z'.\nfunction text_match_wordz(text: string): boolean {\n    let pattern = /\\bz\\w+/g;\n    return pattern.test(text);\n}\n\ndeclare var require: any;\nconst assert = require('node:assert');\n\n\nfunction test() {\n  let candidate = text_match_wordz;\n  assert.deepEqual(candidate(\"pythonz.\"),true);\n  assert.deepEqual(candidate(\"xyz.\"),true);\n  assert.deepEqual(candidate(\"  lang  .\"),false);\n}\n\ntest();",
      "timestamp": 1666123482,
      "stdout": "",
      "stderr": "node:assert:124\n  throw new AssertionError(obj);\n  ^\n\nAssertionError [ERR_ASSERTION]: Expected values to be loosely deep-equal:\n\nfalse\n\nshould loosely deep-equal\n\ntrue\n    at test (/tmp/tmpc6gnzzuz.js:9:12)\n    at Object.<anonymous> (/tmp/tmpc6gnzzuz.js:13:1)\n    at Module._compile (node:internal/modules/cjs/loader:1120:14)\n    at Module._extensions..js (node:internal/modules/cjs/loader:1174:10)\n    at Module.load (node:internal/modules/cjs/loader:998:32)\n    at Module._load (node:internal/modules/cjs/loader:839:12)\n    at Function.executeUserEntryPoint [as runMain] (node:internal/modules/run_main:81:12)\n    at node:internal/main/run_main_module:17:47 {\n  generatedMessage: true,\n  code: 'ERR_ASSERTION',\n  actual: false,\n  expected: true,\n  operator: 'deepEqual'\n}\n\nNode.js v18.7.0\n",
      "exit_code": 1,
      "status": "AssertionError"
    },
    {
      "program": "//Write a function that matches a word containing 'z'.\nfunction text_match_wordz(text: string): boolean {\n    let regex = /\\bz\\w+/g;\n    return regex.test(text);\n}\n\nconsole.log(text_match_wordz(\"The quick brown fox jumps over the lazy dog.\"));\nconsole.log(text_match_wordz(\"The quick brown fox jumped over the lazy dog.\"));\n\ndeclare var require: any;\nconst assert = require('node:assert');\n\n\nfunction test() {\n  let candidate = text_match_wordz;\n  assert.deepEqual(candidate(\"pythonz.\"),true);\n  assert.deepEqual(candidate(\"xyz.\"),true);\n  assert.deepEqual(candidate(\"  lang  .\"),false);\n}\n\ntest();",
      "timestamp": 1666123482,
      "stdout": "false\nfalse\n",
      "stderr": "node:assert:124\n  throw new AssertionError(obj);\n  ^\n\nAssertionError [ERR_ASSERTION]: Expected values to be loosely deep-equal:\n\nfalse\n\nshould loosely deep-equal\n\ntrue\n    at test (/tmp/tmpcmqawa7i.js:11:12)\n    at Object.<anonymous> (/tmp/tmpcmqawa7i.js:15:1)\n    at Module._compile (node:internal/modules/cjs/loader:1120:14)\n    at Module._extensions..js (node:internal/modules/cjs/loader:1174:10)\n    at Module.load (node:internal/modules/cjs/loader:998:32)\n    at Module._load (node:internal/modules/cjs/loader:839:12)\n    at Function.executeUserEntryPoint [as runMain] (node:internal/modules/run_main:81:12)\n    at node:internal/main/run_main_module:17:47 {\n  generatedMessage: true,\n  code: 'ERR_ASSERTION',\n  actual: false,\n  expected: true,\n  operator: 'deepEqual'\n}\n\nNode.js v18.7.0\n",
      "exit_code": 1,
      "status": "AssertionError"
    },
    {
      "program": "//Write a function that matches a word containing 'z'.\nfunction text_match_wordz(text: string): boolean {\n    let regex = /\\bz\\w+\\b/g;\n    return regex.test(text);\n}\n\ndeclare var require: any;\nconst assert = require('node:assert');\n\n\nfunction test() {\n  let candidate = text_match_wordz;\n  assert.deepEqual(candidate(\"pythonz.\"),true);\n  assert.deepEqual(candidate(\"xyz.\"),true);\n  assert.deepEqual(candidate(\"  lang  .\"),false);\n}\n\ntest();",
      "timestamp": 1665510610,
      "stdout": "",
      "stderr": "node:assert:124\n  throw new AssertionError(obj);\n  ^\n\nAssertionError [ERR_ASSERTION]: Expected values to be loosely deep-equal:\n\nfalse\n\nshould loosely deep-equal\n\ntrue\n    at test (/tmp/tmpqdww93h_.js:9:12)\n    at Object.<anonymous> (/tmp/tmpqdww93h_.js:13:1)\n    at Module._compile (node:internal/modules/cjs/loader:1120:14)\n    at Module._extensions..js (node:internal/modules/cjs/loader:1174:10)\n    at Module.load (node:internal/modules/cjs/loader:998:32)\n    at Module._load (node:internal/modules/cjs/loader:839:12)\n    at Function.executeUserEntryPoint [as runMain] (node:internal/modules/run_main:81:12)\n    at node:internal/main/run_main_module:17:47 {\n  generatedMessage: true,\n  code: 'ERR_ASSERTION',\n  actual: false,\n  expected: true,\n  operator: 'deepEqual'\n}\n\nNode.js v18.7.0\n",
      "exit_code": 1,
      "status": "AssertionError"
    },
    {
      "program": "//Write a function that matches a word containing 'z'.\nfunction text_match_wordz(text: string): boolean {\n    let regexp = /\\bz\\w+\\b/g;\n    return regexp.test(text);\n}\n\ndeclare var require: any;\nconst assert = require('node:assert');\n\n\nfunction test() {\n  let candidate = text_match_wordz;\n  assert.deepEqual(candidate(\"pythonz.\"),true);\n  assert.deepEqual(candidate(\"xyz.\"),true);\n  assert.deepEqual(candidate(\"  lang  .\"),false);\n}\n\ntest();",
      "timestamp": 1666123478,
      "stdout": "",
      "stderr": "node:assert:124\n  throw new AssertionError(obj);\n  ^\n\nAssertionError [ERR_ASSERTION]: Expected values to be loosely deep-equal:\n\nfalse\n\nshould loosely deep-equal\n\ntrue\n    at test (/tmp/tmpa07w3bwy.js:9:12)\n    at Object.<anonymous> (/tmp/tmpa07w3bwy.js:13:1)\n    at Module._compile (node:internal/modules/cjs/loader:1120:14)\n    at Module._extensions..js (node:internal/modules/cjs/loader:1174:10)\n    at Module.load (node:internal/modules/cjs/loader:998:32)\n    at Module._load (node:internal/modules/cjs/loader:839:12)\n    at Function.executeUserEntryPoint [as runMain] (node:internal/modules/run_main:81:12)\n    at node:internal/main/run_main_module:17:47 {\n  generatedMessage: true,\n  code: 'ERR_ASSERTION',\n  actual: false,\n  expected: true,\n  operator: 'deepEqual'\n}\n\nNode.js v18.7.0\n",
      "exit_code": 1,
      "status": "AssertionError"
    },
    {
      "program": "//Write a function that matches a word containing 'z'.\nfunction text_match_wordz(text: string): boolean {\n    let wordz = /\\w*z\\w*/;\n    return wordz.test(text);\n}\n\ndeclare var require: any;\nconst assert = require('node:assert');\n\n\nfunction test() {\n  let candidate = text_match_wordz;\n  assert.deepEqual(candidate(\"pythonz.\"),true);\n  assert.deepEqual(candidate(\"xyz.\"),true);\n  assert.deepEqual(candidate(\"  lang  .\"),false);\n}\n\ntest();",
      "timestamp": 1666123482,
      "stdout": "",
      "stderr": "",
      "exit_code": 0,
      "status": "OK"
    },
    {
      "program": "//Write a function that matches a word containing 'z'.\nfunction text_match_wordz(text: string): boolean {\n    let regex = /\\bz\\w+\\b/;\n    return regex.test(text);\n}\n\ndeclare var require: any;\nconst assert = require('node:assert');\n\n\nfunction test() {\n  let candidate = text_match_wordz;\n  assert.deepEqual(candidate(\"pythonz.\"),true);\n  assert.deepEqual(candidate(\"xyz.\"),true);\n  assert.deepEqual(candidate(\"  lang  .\"),false);\n}\n\ntest();",
      "timestamp": 1665510609,
      "stdout": "",
      "stderr": "node:assert:124\n  throw new AssertionError(obj);\n  ^\n\nAssertionError [ERR_ASSERTION]: Expected values to be loosely deep-equal:\n\nfalse\n\nshould loosely deep-equal\n\ntrue\n    at test (/tmp/tmpaesghpw_.js:9:12)\n    at Object.<anonymous> (/tmp/tmpaesghpw_.js:13:1)\n    at Module._compile (node:internal/modules/cjs/loader:1120:14)\n    at Module._extensions..js (node:internal/modules/cjs/loader:1174:10)\n    at Module.load (node:internal/modules/cjs/loader:998:32)\n    at Module._load (node:internal/modules/cjs/loader:839:12)\n    at Function.executeUserEntryPoint [as runMain] (node:internal/modules/run_main:81:12)\n    at node:internal/main/run_main_module:17:47 {\n  generatedMessage: true,\n  code: 'ERR_ASSERTION',\n  actual: false,\n  expected: true,\n  operator: 'deepEqual'\n}\n\nNode.js v18.7.0\n",
      "exit_code": 1,
      "status": "AssertionError"
    },
    {
      "program": "//Write a function that matches a word containing 'z'.\nfunction text_match_wordz(text: string): boolean {\n    let regex = /\\w*z\\w*/;\n    return regex.test(text);\n}\n\ndeclare var require: any;\nconst assert = require('node:assert');\n\n\nfunction test() {\n  let candidate = text_match_wordz;\n  assert.deepEqual(candidate(\"pythonz.\"),true);\n  assert.deepEqual(candidate(\"xyz.\"),true);\n  assert.deepEqual(candidate(\"  lang  .\"),false);\n}\n\ntest();",
      "timestamp": 1665510609,
      "stdout": "",
      "stderr": "",
      "exit_code": 0,
      "status": "OK"
    },
    {
      "program": "//Write a function that matches a word containing 'z'.\nfunction text_match_wordz(text: string): boolean {\n    let regex = /\\w*z\\w*/;\n    return regex.test(text);\n}\n\ndeclare var require: any;\nconst assert = require('node:assert');\n\n\nfunction test() {\n  let candidate = text_match_wordz;\n  assert.deepEqual(candidate(\"pythonz.\"),true);\n  assert.deepEqual(candidate(\"xyz.\"),true);\n  assert.deepEqual(candidate(\"  lang  .\"),false);\n}\n\ntest();",
      "timestamp": 1665510609,
      "stdout": "",
      "stderr": "",
      "exit_code": 0,
      "status": "OK"
    },
    {
      "program": "//Write a function that matches a word containing 'z'.\nfunction text_match_wordz(text: string): boolean {\n    let regex = /\\bz\\w+/g;\n    return regex.test(text);\n}\n\ndeclare var require: any;\nconst assert = require('node:assert');\n\n\nfunction test() {\n  let candidate = text_match_wordz;\n  assert.deepEqual(candidate(\"pythonz.\"),true);\n  assert.deepEqual(candidate(\"xyz.\"),true);\n  assert.deepEqual(candidate(\"  lang  .\"),false);\n}\n\ntest();",
      "timestamp": 1665510609,
      "stdout": "",
      "stderr": "node:assert:124\n  throw new AssertionError(obj);\n  ^\n\nAssertionError [ERR_ASSERTION]: Expected values to be loosely deep-equal:\n\nfalse\n\nshould loosely deep-equal\n\ntrue\n    at test (/tmp/tmp9e4fnbs7.js:9:12)\n    at Object.<anonymous> (/tmp/tmp9e4fnbs7.js:13:1)\n    at Module._compile (node:internal/modules/cjs/loader:1120:14)\n    at Module._extensions..js (node:internal/modules/cjs/loader:1174:10)\n    at Module.load (node:internal/modules/cjs/loader:998:32)\n    at Module._load (node:internal/modules/cjs/loader:839:12)\n    at Function.executeUserEntryPoint [as runMain] (node:internal/modules/run_main:81:12)\n    at node:internal/main/run_main_module:17:47 {\n  generatedMessage: true,\n  code: 'ERR_ASSERTION',\n  actual: false,\n  expected: true,\n  operator: 'deepEqual'\n}\n\nNode.js v18.7.0\n",
      "exit_code": 1,
      "status": "AssertionError"
    },
    {
      "program": "//Write a function that matches a word containing 'z'.\nfunction text_match_wordz(text: string): boolean {\n  return /\\bz\\w+\\b/.test(text);\n}\n\nconsole.log(text_match_wordz(\"The quick brown fox jumps over the lazy dog.\"));\nconsole.log(text_match_wordz(\"The quick brown fox jumped over the lazy dog.\"));\nconsole.log(text_match_wordz(\"The quick brown fox jumps over the lazy dog.\"));\nconsole.log(text_match_wordz(\"The quick brown fox jumps over the lazy dog.\"));\n\ndeclare var require: any;\nconst assert = require('node:assert');\n\n\nfunction test() {\n  let candidate = text_match_wordz;\n  assert.deepEqual(candidate(\"pythonz.\"),true);\n  assert.deepEqual(candidate(\"xyz.\"),true);\n  assert.deepEqual(candidate(\"  lang  .\"),false);\n}\n\ntest();",
      "timestamp": 1666123482,
      "stdout": "false\nfalse\nfalse\nfalse\n",
      "stderr": "node:assert:124\n  throw new AssertionError(obj);\n  ^\n\nAssertionError [ERR_ASSERTION]: Expected values to be loosely deep-equal:\n\nfalse\n\nshould loosely deep-equal\n\ntrue\n    at test (/tmp/tmpsubrv44_.js:12:12)\n    at Object.<anonymous> (/tmp/tmpsubrv44_.js:16:1)\n    at Module._compile (node:internal/modules/cjs/loader:1120:14)\n    at Module._extensions..js (node:internal/modules/cjs/loader:1174:10)\n    at Module.load (node:internal/modules/cjs/loader:998:32)\n    at Module._load (node:internal/modules/cjs/loader:839:12)\n    at Function.executeUserEntryPoint [as runMain] (node:internal/modules/run_main:81:12)\n    at node:internal/main/run_main_module:17:47 {\n  generatedMessage: true,\n  code: 'ERR_ASSERTION',\n  actual: false,\n  expected: true,\n  operator: 'deepEqual'\n}\n\nNode.js v18.7.0\n",
      "exit_code": 1,
      "status": "AssertionError"
    },
    {
      "program": "//Write a function that matches a word containing 'z'.\nfunction text_match_wordz(text: string): boolean {\n    let wordz = /\\w*z\\w*/;\n    return wordz.test(text);\n}\n\ndeclare var require: any;\nconst assert = require('node:assert');\n\n\nfunction test() {\n  let candidate = text_match_wordz;\n  assert.deepEqual(candidate(\"pythonz.\"),true);\n  assert.deepEqual(candidate(\"xyz.\"),true);\n  assert.deepEqual(candidate(\"  lang  .\"),false);\n}\n\ntest();",
      "timestamp": 1666123482,
      "stdout": "",
      "stderr": "",
      "exit_code": 0,
      "status": "OK"
    },
    {
      "program": "//Write a function that matches a word containing 'z'.\nfunction text_match_wordz(text: string): boolean {\n  // return text.match(/\\bz\\w+\\b/g);\n  return text.match(/\\bz\\w+\\b/g) !== null;\n}\n\nconsole.log(text_match_wordz(\"The quick brown fox jumps over the lazy dog.\"));\nconsole.log(text_match_wordz(\"The quick brown fox jumped over the lazy dog.\"));\nconsole.log(text_match_wordz(\"The quick brown fox jumps over the lazy dog.\"));\nconsole.log(text_match_wordz(\"The quick brown fox jumps over the lazy dog.\"));\n\ndeclare var require: any;\nconst assert = require('node:assert');\n\n\nfunction test() {\n  let candidate = text_match_wordz;\n  assert.deepEqual(candidate(\"pythonz.\"),true);\n  assert.deepEqual(candidate(\"xyz.\"),true);\n  assert.deepEqual(candidate(\"  lang  .\"),false);\n}\n\ntest();",
      "timestamp": 1666123482,
      "stdout": "false\nfalse\nfalse\nfalse\n",
      "stderr": "node:assert:124\n  throw new AssertionError(obj);\n  ^\n\nAssertionError [ERR_ASSERTION]: Expected values to be loosely deep-equal:\n\nfalse\n\nshould loosely deep-equal\n\ntrue\n    at test (/tmp/tmpjvs7p61n.js:13:12)\n    at Object.<anonymous> (/tmp/tmpjvs7p61n.js:17:1)\n    at Module._compile (node:internal/modules/cjs/loader:1120:14)\n    at Module._extensions..js (node:internal/modules/cjs/loader:1174:10)\n    at Module.load (node:internal/modules/cjs/loader:998:32)\n    at Module._load (node:internal/modules/cjs/loader:839:12)\n    at Function.executeUserEntryPoint [as runMain] (node:internal/modules/run_main:81:12)\n    at node:internal/main/run_main_module:17:47 {\n  generatedMessage: true,\n  code: 'ERR_ASSERTION',\n  actual: false,\n  expected: true,\n  operator: 'deepEqual'\n}\n\nNode.js v18.7.0\n",
      "exit_code": 1,
      "status": "AssertionError"
    },
    {
      "program": "//Write a function that matches a word containing 'z'.\nfunction text_match_wordz(text: string): boolean {\n    let regex = /\\bz\\w+/g;\n    let found = text.match(regex);\n    return (found != null);\n}\n\ndeclare var require: any;\nconst assert = require('node:assert');\n\n\nfunction test() {\n  let candidate = text_match_wordz;\n  assert.deepEqual(candidate(\"pythonz.\"),true);\n  assert.deepEqual(candidate(\"xyz.\"),true);\n  assert.deepEqual(candidate(\"  lang  .\"),false);\n}\n\ntest();",
      "timestamp": 1666123477,
      "stdout": "",
      "stderr": "node:assert:124\n  throw new AssertionError(obj);\n  ^\n\nAssertionError [ERR_ASSERTION]: Expected values to be loosely deep-equal:\n\nfalse\n\nshould loosely deep-equal\n\ntrue\n    at test (/tmp/tmpwqaq_qsa.js:10:12)\n    at Object.<anonymous> (/tmp/tmpwqaq_qsa.js:14:1)\n    at Module._compile (node:internal/modules/cjs/loader:1120:14)\n    at Module._extensions..js (node:internal/modules/cjs/loader:1174:10)\n    at Module.load (node:internal/modules/cjs/loader:998:32)\n    at Module._load (node:internal/modules/cjs/loader:839:12)\n    at Function.executeUserEntryPoint [as runMain] (node:internal/modules/run_main:81:12)\n    at node:internal/main/run_main_module:17:47 {\n  generatedMessage: true,\n  code: 'ERR_ASSERTION',\n  actual: false,\n  expected: true,\n  operator: 'deepEqual'\n}\n\nNode.js v18.7.0\n",
      "exit_code": 1,
      "status": "AssertionError"
    },
    {
      "program": "//Write a function that matches a word containing 'z'.\nfunction text_match_wordz(text: string): boolean {\n    let regex = /\\bz\\w+/g;\n    return regex.test(text);\n}\n\ndeclare var require: any;\nconst assert = require('node:assert');\n\n\nfunction test() {\n  let candidate = text_match_wordz;\n  assert.deepEqual(candidate(\"pythonz.\"),true);\n  assert.deepEqual(candidate(\"xyz.\"),true);\n  assert.deepEqual(candidate(\"  lang  .\"),false);\n}\n\ntest();",
      "timestamp": 1665510609,
      "stdout": "",
      "stderr": "node:assert:124\n  throw new AssertionError(obj);\n  ^\n\nAssertionError [ERR_ASSERTION]: Expected values to be loosely deep-equal:\n\nfalse\n\nshould loosely deep-equal\n\ntrue\n    at test (/tmp/tmp9e4fnbs7.js:9:12)\n    at Object.<anonymous> (/tmp/tmp9e4fnbs7.js:13:1)\n    at Module._compile (node:internal/modules/cjs/loader:1120:14)\n    at Module._extensions..js (node:internal/modules/cjs/loader:1174:10)\n    at Module.load (node:internal/modules/cjs/loader:998:32)\n    at Module._load (node:internal/modules/cjs/loader:839:12)\n    at Function.executeUserEntryPoint [as runMain] (node:internal/modules/run_main:81:12)\n    at node:internal/main/run_main_module:17:47 {\n  generatedMessage: true,\n  code: 'ERR_ASSERTION',\n  actual: false,\n  expected: true,\n  operator: 'deepEqual'\n}\n\nNode.js v18.7.0\n",
      "exit_code": 1,
      "status": "AssertionError"
    },
    {
      "program": "//Write a function that matches a word containing 'z'.\nfunction text_match_wordz(text: string): boolean {\n    let reg = /\\bz\\w+\\b/;\n    return reg.test(text);\n}\n\ndeclare var require: any;\nconst assert = require('node:assert');\n\n\nfunction test() {\n  let candidate = text_match_wordz;\n  assert.deepEqual(candidate(\"pythonz.\"),true);\n  assert.deepEqual(candidate(\"xyz.\"),true);\n  assert.deepEqual(candidate(\"  lang  .\"),false);\n}\n\ntest();",
      "timestamp": 1666123482,
      "stdout": "",
      "stderr": "node:assert:124\n  throw new AssertionError(obj);\n  ^\n\nAssertionError [ERR_ASSERTION]: Expected values to be loosely deep-equal:\n\nfalse\n\nshould loosely deep-equal\n\ntrue\n    at test (/tmp/tmp_14a6fte.js:9:12)\n    at Object.<anonymous> (/tmp/tmp_14a6fte.js:13:1)\n    at Module._compile (node:internal/modules/cjs/loader:1120:14)\n    at Module._extensions..js (node:internal/modules/cjs/loader:1174:10)\n    at Module.load (node:internal/modules/cjs/loader:998:32)\n    at Module._load (node:internal/modules/cjs/loader:839:12)\n    at Function.executeUserEntryPoint [as runMain] (node:internal/modules/run_main:81:12)\n    at node:internal/main/run_main_module:17:47 {\n  generatedMessage: true,\n  code: 'ERR_ASSERTION',\n  actual: false,\n  expected: true,\n  operator: 'deepEqual'\n}\n\nNode.js v18.7.0\n",
      "exit_code": 1,
      "status": "AssertionError"
    },
    {
      "program": "//Write a function that matches a word containing 'z'.\nfunction text_match_wordz(text: string): boolean {\n    let regex = /\\bz\\w+/g;\n    return regex.test(text);\n}\n\nconsole.log(text_match_wordz(\"The quick brown fox jumps over the lazy dog.\"));\nconsole.log(text_match_wordz(\"The quick brown fox jumped over the lazy dog.\"));\n\ndeclare var require: any;\nconst assert = require('node:assert');\n\n\nfunction test() {\n  let candidate = text_match_wordz;\n  assert.deepEqual(candidate(\"pythonz.\"),true);\n  assert.deepEqual(candidate(\"xyz.\"),true);\n  assert.deepEqual(candidate(\"  lang  .\"),false);\n}\n\ntest();",
      "timestamp": 1666123482,
      "stdout": "false\nfalse\n",
      "stderr": "node:assert:124\n  throw new AssertionError(obj);\n  ^\n\nAssertionError [ERR_ASSERTION]: Expected values to be loosely deep-equal:\n\nfalse\n\nshould loosely deep-equal\n\ntrue\n    at test (/tmp/tmpcmqawa7i.js:11:12)\n    at Object.<anonymous> (/tmp/tmpcmqawa7i.js:15:1)\n    at Module._compile (node:internal/modules/cjs/loader:1120:14)\n    at Module._extensions..js (node:internal/modules/cjs/loader:1174:10)\n    at Module.load (node:internal/modules/cjs/loader:998:32)\n    at Module._load (node:internal/modules/cjs/loader:839:12)\n    at Function.executeUserEntryPoint [as runMain] (node:internal/modules/run_main:81:12)\n    at node:internal/main/run_main_module:17:47 {\n  generatedMessage: true,\n  code: 'ERR_ASSERTION',\n  actual: false,\n  expected: true,\n  operator: 'deepEqual'\n}\n\nNode.js v18.7.0\n",
      "exit_code": 1,
      "status": "AssertionError"
    },
    {
      "program": "//Write a function that matches a word containing 'z'.\nfunction text_match_wordz(text: string): boolean {\n    let regex = /\\bz\\w+/g;\n    return regex.test(text);\n}\n\ndeclare var require: any;\nconst assert = require('node:assert');\n\n\nfunction test() {\n  let candidate = text_match_wordz;\n  assert.deepEqual(candidate(\"pythonz.\"),true);\n  assert.deepEqual(candidate(\"xyz.\"),true);\n  assert.deepEqual(candidate(\"  lang  .\"),false);\n}\n\ntest();",
      "timestamp": 1665510609,
      "stdout": "",
      "stderr": "node:assert:124\n  throw new AssertionError(obj);\n  ^\n\nAssertionError [ERR_ASSERTION]: Expected values to be loosely deep-equal:\n\nfalse\n\nshould loosely deep-equal\n\ntrue\n    at test (/tmp/tmp9e4fnbs7.js:9:12)\n    at Object.<anonymous> (/tmp/tmp9e4fnbs7.js:13:1)\n    at Module._compile (node:internal/modules/cjs/loader:1120:14)\n    at Module._extensions..js (node:internal/modules/cjs/loader:1174:10)\n    at Module.load (node:internal/modules/cjs/loader:998:32)\n    at Module._load (node:internal/modules/cjs/loader:839:12)\n    at Function.executeUserEntryPoint [as runMain] (node:internal/modules/run_main:81:12)\n    at node:internal/main/run_main_module:17:47 {\n  generatedMessage: true,\n  code: 'ERR_ASSERTION',\n  actual: false,\n  expected: true,\n  operator: 'deepEqual'\n}\n\nNode.js v18.7.0\n",
      "exit_code": 1,
      "status": "AssertionError"
    },
    {
      "program": "//Write a function that matches a word containing 'z'.\nfunction text_match_wordz(text: string): boolean {\n    let regex = /\\bz\\w+\\b/;\n    return regex.test(text);\n}\n\ndeclare var require: any;\nconst assert = require('node:assert');\n\n\nfunction test() {\n  let candidate = text_match_wordz;\n  assert.deepEqual(candidate(\"pythonz.\"),true);\n  assert.deepEqual(candidate(\"xyz.\"),true);\n  assert.deepEqual(candidate(\"  lang  .\"),false);\n}\n\ntest();",
      "timestamp": 1665510609,
      "stdout": "",
      "stderr": "node:assert:124\n  throw new AssertionError(obj);\n  ^\n\nAssertionError [ERR_ASSERTION]: Expected values to be loosely deep-equal:\n\nfalse\n\nshould loosely deep-equal\n\ntrue\n    at test (/tmp/tmpaesghpw_.js:9:12)\n    at Object.<anonymous> (/tmp/tmpaesghpw_.js:13:1)\n    at Module._compile (node:internal/modules/cjs/loader:1120:14)\n    at Module._extensions..js (node:internal/modules/cjs/loader:1174:10)\n    at Module.load (node:internal/modules/cjs/loader:998:32)\n    at Module._load (node:internal/modules/cjs/loader:839:12)\n    at Function.executeUserEntryPoint [as runMain] (node:internal/modules/run_main:81:12)\n    at node:internal/main/run_main_module:17:47 {\n  generatedMessage: true,\n  code: 'ERR_ASSERTION',\n  actual: false,\n  expected: true,\n  operator: 'deepEqual'\n}\n\nNode.js v18.7.0\n",
      "exit_code": 1,
      "status": "AssertionError"
    },
    {
      "program": "//Write a function that matches a word containing 'z'.\nfunction text_match_wordz(text: string): boolean {\n    let regex = /\\w*z\\w*/;\n    return regex.test(text);\n}\n\ndeclare var require: any;\nconst assert = require('node:assert');\n\n\nfunction test() {\n  let candidate = text_match_wordz;\n  assert.deepEqual(candidate(\"pythonz.\"),true);\n  assert.deepEqual(candidate(\"xyz.\"),true);\n  assert.deepEqual(candidate(\"  lang  .\"),false);\n}\n\ntest();",
      "timestamp": 1665510609,
      "stdout": "",
      "stderr": "",
      "exit_code": 0,
      "status": "OK"
    },
    {
      "program": "//Write a function that matches a word containing 'z'.\nfunction text_match_wordz(text: string): boolean {\n    // let regex = /\\bz\\w+\\b/;\n    let regex = /\\bz\\w+/;\n    return regex.test(text);\n}\n\nconsole.log(text_match_wordz(\"The quick brown fox jumps over the lazy dog.\"));\nconsole.log(text_match_wordz(\"The quick brown fox jumped over the lazy dog.\"));\nconsole.log(text_match_wordz(\"The quick brown fox jumps over the lazy dog.\"));\nconsole.log(text_match_wordz(\"The quick brown fox jumps over the lazy dog.\"));\nconsole.log(text_match_wordz(\"The quick brown fox jumps over the lazy dog.\"));\nconsole.log(text_match_wordz(\"The quick brown fox jumps over the lazy dog.\"));\nconsole.log(text_match_wordz(\"The quick brown fox jumps over the lazy dog.\"));\nconsole.log(text_match_wordz(\"The quick brown fox jumps over the lazy dog.\"));\nconsole.log(text_match_wordz(\"The quick brown fox jumps over the lazy dog.\"));\nconsole.log(text_match_wordz(\"The quick brown fox jumps over the lazy dog.\"));\nconsole.log(text_match_wordz(\"The quick brown fox jumps over the lazy dog.\"));\nconsole.log(text_match_wordz(\"The quick brown fox jumps over the lazy dog.\"));\nconsole.log(text_match_wordz(\"The quick brown fox jumps over the lazy dog.\"));\nconsole.log(text_match_wordz(\"The quick brown fox jumps over the lazy dog.\"));\nconsole.log(text_match_wordz(\"The quick brown fox jumps over the lazy dog.\"));\nconsole.log(text_match_wordz(\"The quick brown fox jumps over the lazy dog.\"));\nconsole.log(text_match_wordz(\"The quick brown fox jumps over the lazy dog.\"));\nconsole.log(text_match_wordz(\"The quick brown fox jumps over the lazy dog.\"));\nconsole.log(text_match_wordz(\"The quick brown fox jumps over the lazy dog.\"));\nconsole.log(text_match_wordz(\"The quick brown fox jumps over the lazy dog.\"));\nconsole.log(text_match_\ndeclare var require: any;\nconst assert = require('node:assert');\n\n\nfunction test() {\n  let candidate = text_match_wordz;\n  assert.deepEqual(candidate(\"pythonz.\"),true);\n  assert.deepEqual(candidate(\"xyz.\"),true);\n  assert.deepEqual(candidate(\"  lang  .\"),false);\n}\n\ntest();",
      "timestamp": 1666123482,
      "stdout": "../../../../tmp/tmpnvhnod_3.ts(29,1): error TS1005: ',' expected.\n../../../../tmp/tmpnvhnod_3.ts(29,9): error TS1005: ',' expected.\n",
      "stderr": "",
      "exit_code": 2,
      "status": "SyntaxError"
    },
    {
      "program": "//Write a function that matches a word containing 'z'.\nfunction text_match_wordz(text: string): boolean {\n    return /\\bz\\w+\\b/.test(text);\n}\n\ndeclare var require: any;\nconst assert = require('node:assert');\n\n\nfunction test() {\n  let candidate = text_match_wordz;\n  assert.deepEqual(candidate(\"pythonz.\"),true);\n  assert.deepEqual(candidate(\"xyz.\"),true);\n  assert.deepEqual(candidate(\"  lang  .\"),false);\n}\n\ntest();",
      "timestamp": 1665510610,
      "stdout": "",
      "stderr": "node:assert:124\n  throw new AssertionError(obj);\n  ^\n\nAssertionError [ERR_ASSERTION]: Expected values to be loosely deep-equal:\n\nfalse\n\nshould loosely deep-equal\n\ntrue\n    at test (/tmp/tmpxonrukfd.js:8:12)\n    at Object.<anonymous> (/tmp/tmpxonrukfd.js:12:1)\n    at Module._compile (node:internal/modules/cjs/loader:1120:14)\n    at Module._extensions..js (node:internal/modules/cjs/loader:1174:10)\n    at Module.load (node:internal/modules/cjs/loader:998:32)\n    at Module._load (node:internal/modules/cjs/loader:839:12)\n    at Function.executeUserEntryPoint [as runMain] (node:internal/modules/run_main:81:12)\n    at node:internal/main/run_main_module:17:47 {\n  generatedMessage: true,\n  code: 'ERR_ASSERTION',\n  actual: false,\n  expected: true,\n  operator: 'deepEqual'\n}\n\nNode.js v18.7.0\n",
      "exit_code": 1,
      "status": "AssertionError"
    },
    {
      "program": "//Write a function that matches a word containing 'z'.\nfunction text_match_wordz(text: string): boolean {\n    return /\\w*z\\w*/.test(text);\n}\n\ndeclare var require: any;\nconst assert = require('node:assert');\n\n\nfunction test() {\n  let candidate = text_match_wordz;\n  assert.deepEqual(candidate(\"pythonz.\"),true);\n  assert.deepEqual(candidate(\"xyz.\"),true);\n  assert.deepEqual(candidate(\"  lang  .\"),false);\n}\n\ntest();",
      "timestamp": 1665510609,
      "stdout": "",
      "stderr": "",
      "exit_code": 0,
      "status": "OK"
    },
    {
      "program": "//Write a function that matches a word containing 'z'.\nfunction text_match_wordz(text: string): boolean {\n    let wordz = /\\w*z\\w*/;\n    return wordz.test(text);\n}\n\ndeclare var require: any;\nconst assert = require('node:assert');\n\n\nfunction test() {\n  let candidate = text_match_wordz;\n  assert.deepEqual(candidate(\"pythonz.\"),true);\n  assert.deepEqual(candidate(\"xyz.\"),true);\n  assert.deepEqual(candidate(\"  lang  .\"),false);\n}\n\ntest();",
      "timestamp": 1666123482,
      "stdout": "",
      "stderr": "",
      "exit_code": 0,
      "status": "OK"
    },
    {
      "program": "//Write a function that matches a word containing 'z'.\nfunction text_match_wordz(text: string): boolean {\n    let regex = /\\bz\\w+/g;\n    return regex.test(text);\n}\n\ndeclare var require: any;\nconst assert = require('node:assert');\n\n\nfunction test() {\n  let candidate = text_match_wordz;\n  assert.deepEqual(candidate(\"pythonz.\"),true);\n  assert.deepEqual(candidate(\"xyz.\"),true);\n  assert.deepEqual(candidate(\"  lang  .\"),false);\n}\n\ntest();",
      "timestamp": 1665510609,
      "stdout": "",
      "stderr": "node:assert:124\n  throw new AssertionError(obj);\n  ^\n\nAssertionError [ERR_ASSERTION]: Expected values to be loosely deep-equal:\n\nfalse\n\nshould loosely deep-equal\n\ntrue\n    at test (/tmp/tmp9e4fnbs7.js:9:12)\n    at Object.<anonymous> (/tmp/tmp9e4fnbs7.js:13:1)\n    at Module._compile (node:internal/modules/cjs/loader:1120:14)\n    at Module._extensions..js (node:internal/modules/cjs/loader:1174:10)\n    at Module.load (node:internal/modules/cjs/loader:998:32)\n    at Module._load (node:internal/modules/cjs/loader:839:12)\n    at Function.executeUserEntryPoint [as runMain] (node:internal/modules/run_main:81:12)\n    at node:internal/main/run_main_module:17:47 {\n  generatedMessage: true,\n  code: 'ERR_ASSERTION',\n  actual: false,\n  expected: true,\n  operator: 'deepEqual'\n}\n\nNode.js v18.7.0\n",
      "exit_code": 1,
      "status": "AssertionError"
    },
    {
      "program": "//Write a function that matches a word containing 'z'.\nfunction text_match_wordz(text: string): boolean {\n    return /z\\w*/.test(text);\n}\n\ndeclare var require: any;\nconst assert = require('node:assert');\n\n\nfunction test() {\n  let candidate = text_match_wordz;\n  assert.deepEqual(candidate(\"pythonz.\"),true);\n  assert.deepEqual(candidate(\"xyz.\"),true);\n  assert.deepEqual(candidate(\"  lang  .\"),false);\n}\n\ntest();",
      "timestamp": 1665510609,
      "stdout": "",
      "stderr": "",
      "exit_code": 0,
      "status": "OK"
    },
    {
      "program": "//Write a function that matches a word containing 'z'.\nfunction text_match_wordz(text: string): boolean {\n    let regex = /\\w*z\\w*/;\n    return regex.test(text);\n}\n\ndeclare var require: any;\nconst assert = require('node:assert');\n\n\nfunction test() {\n  let candidate = text_match_wordz;\n  assert.deepEqual(candidate(\"pythonz.\"),true);\n  assert.deepEqual(candidate(\"xyz.\"),true);\n  assert.deepEqual(candidate(\"  lang  .\"),false);\n}\n\ntest();",
      "timestamp": 1665510609,
      "stdout": "",
      "stderr": "",
      "exit_code": 0,
      "status": "OK"
    },
    {
      "program": "//Write a function that matches a word containing 'z'.\nfunction text_match_wordz(text: string): boolean {\n    let regex = /\\bz\\w+/g;\n    return regex.test(text);\n}\n\ndeclare var require: any;\nconst assert = require('node:assert');\n\n\nfunction test() {\n  let candidate = text_match_wordz;\n  assert.deepEqual(candidate(\"pythonz.\"),true);\n  assert.deepEqual(candidate(\"xyz.\"),true);\n  assert.deepEqual(candidate(\"  lang  .\"),false);\n}\n\ntest();",
      "timestamp": 1665510609,
      "stdout": "",
      "stderr": "node:assert:124\n  throw new AssertionError(obj);\n  ^\n\nAssertionError [ERR_ASSERTION]: Expected values to be loosely deep-equal:\n\nfalse\n\nshould loosely deep-equal\n\ntrue\n    at test (/tmp/tmp9e4fnbs7.js:9:12)\n    at Object.<anonymous> (/tmp/tmp9e4fnbs7.js:13:1)\n    at Module._compile (node:internal/modules/cjs/loader:1120:14)\n    at Module._extensions..js (node:internal/modules/cjs/loader:1174:10)\n    at Module.load (node:internal/modules/cjs/loader:998:32)\n    at Module._load (node:internal/modules/cjs/loader:839:12)\n    at Function.executeUserEntryPoint [as runMain] (node:internal/modules/run_main:81:12)\n    at node:internal/main/run_main_module:17:47 {\n  generatedMessage: true,\n  code: 'ERR_ASSERTION',\n  actual: false,\n  expected: true,\n  operator: 'deepEqual'\n}\n\nNode.js v18.7.0\n",
      "exit_code": 1,
      "status": "AssertionError"
    },
    {
      "program": "//Write a function that matches a word containing 'z'.\nfunction text_match_wordz(text: string): boolean {\n    return /\\bz\\w+\\b/.test(text);\n}\n\ndeclare var require: any;\nconst assert = require('node:assert');\n\n\nfunction test() {\n  let candidate = text_match_wordz;\n  assert.deepEqual(candidate(\"pythonz.\"),true);\n  assert.deepEqual(candidate(\"xyz.\"),true);\n  assert.deepEqual(candidate(\"  lang  .\"),false);\n}\n\ntest();",
      "timestamp": 1665510610,
      "stdout": "",
      "stderr": "node:assert:124\n  throw new AssertionError(obj);\n  ^\n\nAssertionError [ERR_ASSERTION]: Expected values to be loosely deep-equal:\n\nfalse\n\nshould loosely deep-equal\n\ntrue\n    at test (/tmp/tmpxonrukfd.js:8:12)\n    at Object.<anonymous> (/tmp/tmpxonrukfd.js:12:1)\n    at Module._compile (node:internal/modules/cjs/loader:1120:14)\n    at Module._extensions..js (node:internal/modules/cjs/loader:1174:10)\n    at Module.load (node:internal/modules/cjs/loader:998:32)\n    at Module._load (node:internal/modules/cjs/loader:839:12)\n    at Function.executeUserEntryPoint [as runMain] (node:internal/modules/run_main:81:12)\n    at node:internal/main/run_main_module:17:47 {\n  generatedMessage: true,\n  code: 'ERR_ASSERTION',\n  actual: false,\n  expected: true,\n  operator: 'deepEqual'\n}\n\nNode.js v18.7.0\n",
      "exit_code": 1,
      "status": "AssertionError"
    },
    {
      "program": "//Write a function that matches a word containing 'z'.\nfunction text_match_wordz(text: string): boolean {\n    let regex = /\\bz\\w+/g;\n    return regex.test(text);\n}\n\ndeclare var require: any;\nconst assert = require('node:assert');\n\n\nfunction test() {\n  let candidate = text_match_wordz;\n  assert.deepEqual(candidate(\"pythonz.\"),true);\n  assert.deepEqual(candidate(\"xyz.\"),true);\n  assert.deepEqual(candidate(\"  lang  .\"),false);\n}\n\ntest();",
      "timestamp": 1665510609,
      "stdout": "",
      "stderr": "node:assert:124\n  throw new AssertionError(obj);\n  ^\n\nAssertionError [ERR_ASSERTION]: Expected values to be loosely deep-equal:\n\nfalse\n\nshould loosely deep-equal\n\ntrue\n    at test (/tmp/tmp9e4fnbs7.js:9:12)\n    at Object.<anonymous> (/tmp/tmp9e4fnbs7.js:13:1)\n    at Module._compile (node:internal/modules/cjs/loader:1120:14)\n    at Module._extensions..js (node:internal/modules/cjs/loader:1174:10)\n    at Module.load (node:internal/modules/cjs/loader:998:32)\n    at Module._load (node:internal/modules/cjs/loader:839:12)\n    at Function.executeUserEntryPoint [as runMain] (node:internal/modules/run_main:81:12)\n    at node:internal/main/run_main_module:17:47 {\n  generatedMessage: true,\n  code: 'ERR_ASSERTION',\n  actual: false,\n  expected: true,\n  operator: 'deepEqual'\n}\n\nNode.js v18.7.0\n",
      "exit_code": 1,
      "status": "AssertionError"
    },
    {
      "program": "//Write a function that matches a word containing 'z'.\nfunction text_match_wordz(text: string): boolean {\n    return /z\\w+/.test(text);\n}\n\ndeclare var require: any;\nconst assert = require('node:assert');\n\n\nfunction test() {\n  let candidate = text_match_wordz;\n  assert.deepEqual(candidate(\"pythonz.\"),true);\n  assert.deepEqual(candidate(\"xyz.\"),true);\n  assert.deepEqual(candidate(\"  lang  .\"),false);\n}\n\ntest();",
      "timestamp": 1666123482,
      "stdout": "",
      "stderr": "node:assert:124\n  throw new AssertionError(obj);\n  ^\n\nAssertionError [ERR_ASSERTION]: Expected values to be loosely deep-equal:\n\nfalse\n\nshould loosely deep-equal\n\ntrue\n    at test (/tmp/tmp8k9z_2fk.js:8:12)\n    at Object.<anonymous> (/tmp/tmp8k9z_2fk.js:12:1)\n    at Module._compile (node:internal/modules/cjs/loader:1120:14)\n    at Module._extensions..js (node:internal/modules/cjs/loader:1174:10)\n    at Module.load (node:internal/modules/cjs/loader:998:32)\n    at Module._load (node:internal/modules/cjs/loader:839:12)\n    at Function.executeUserEntryPoint [as runMain] (node:internal/modules/run_main:81:12)\n    at node:internal/main/run_main_module:17:47 {\n  generatedMessage: true,\n  code: 'ERR_ASSERTION',\n  actual: false,\n  expected: true,\n  operator: 'deepEqual'\n}\n\nNode.js v18.7.0\n",
      "exit_code": 1,
      "status": "AssertionError"
    },
    {
      "program": "//Write a function that matches a word containing 'z'.\nfunction text_match_wordz(text: string): boolean {\n    let regex = /\\bz\\w+/g;\n    return regex.test(text);\n}\n\ndeclare var require: any;\nconst assert = require('node:assert');\n\n\nfunction test() {\n  let candidate = text_match_wordz;\n  assert.deepEqual(candidate(\"pythonz.\"),true);\n  assert.deepEqual(candidate(\"xyz.\"),true);\n  assert.deepEqual(candidate(\"  lang  .\"),false);\n}\n\ntest();",
      "timestamp": 1665510609,
      "stdout": "",
      "stderr": "node:assert:124\n  throw new AssertionError(obj);\n  ^\n\nAssertionError [ERR_ASSERTION]: Expected values to be loosely deep-equal:\n\nfalse\n\nshould loosely deep-equal\n\ntrue\n    at test (/tmp/tmp9e4fnbs7.js:9:12)\n    at Object.<anonymous> (/tmp/tmp9e4fnbs7.js:13:1)\n    at Module._compile (node:internal/modules/cjs/loader:1120:14)\n    at Module._extensions..js (node:internal/modules/cjs/loader:1174:10)\n    at Module.load (node:internal/modules/cjs/loader:998:32)\n    at Module._load (node:internal/modules/cjs/loader:839:12)\n    at Function.executeUserEntryPoint [as runMain] (node:internal/modules/run_main:81:12)\n    at node:internal/main/run_main_module:17:47 {\n  generatedMessage: true,\n  code: 'ERR_ASSERTION',\n  actual: false,\n  expected: true,\n  operator: 'deepEqual'\n}\n\nNode.js v18.7.0\n",
      "exit_code": 1,
      "status": "AssertionError"
    },
    {
      "program": "//Write a function that matches a word containing 'z'.\nfunction text_match_wordz(text: string): boolean {\n    let regex = /\\bz\\w+\\b/;\n    return regex.test(text);\n}\n\ndeclare var require: any;\nconst assert = require('node:assert');\n\n\nfunction test() {\n  let candidate = text_match_wordz;\n  assert.deepEqual(candidate(\"pythonz.\"),true);\n  assert.deepEqual(candidate(\"xyz.\"),true);\n  assert.deepEqual(candidate(\"  lang  .\"),false);\n}\n\ntest();",
      "timestamp": 1665510609,
      "stdout": "",
      "stderr": "node:assert:124\n  throw new AssertionError(obj);\n  ^\n\nAssertionError [ERR_ASSERTION]: Expected values to be loosely deep-equal:\n\nfalse\n\nshould loosely deep-equal\n\ntrue\n    at test (/tmp/tmpaesghpw_.js:9:12)\n    at Object.<anonymous> (/tmp/tmpaesghpw_.js:13:1)\n    at Module._compile (node:internal/modules/cjs/loader:1120:14)\n    at Module._extensions..js (node:internal/modules/cjs/loader:1174:10)\n    at Module.load (node:internal/modules/cjs/loader:998:32)\n    at Module._load (node:internal/modules/cjs/loader:839:12)\n    at Function.executeUserEntryPoint [as runMain] (node:internal/modules/run_main:81:12)\n    at node:internal/main/run_main_module:17:47 {\n  generatedMessage: true,\n  code: 'ERR_ASSERTION',\n  actual: false,\n  expected: true,\n  operator: 'deepEqual'\n}\n\nNode.js v18.7.0\n",
      "exit_code": 1,
      "status": "AssertionError"
    },
    {
      "program": "//Write a function that matches a word containing 'z'.\nfunction text_match_wordz(text: string): boolean {\n    return /z\\w+/.test(text);\n}\n\ndeclare var require: any;\nconst assert = require('node:assert');\n\n\nfunction test() {\n  let candidate = text_match_wordz;\n  assert.deepEqual(candidate(\"pythonz.\"),true);\n  assert.deepEqual(candidate(\"xyz.\"),true);\n  assert.deepEqual(candidate(\"  lang  .\"),false);\n}\n\ntest();",
      "timestamp": 1666123482,
      "stdout": "",
      "stderr": "node:assert:124\n  throw new AssertionError(obj);\n  ^\n\nAssertionError [ERR_ASSERTION]: Expected values to be loosely deep-equal:\n\nfalse\n\nshould loosely deep-equal\n\ntrue\n    at test (/tmp/tmp8k9z_2fk.js:8:12)\n    at Object.<anonymous> (/tmp/tmp8k9z_2fk.js:12:1)\n    at Module._compile (node:internal/modules/cjs/loader:1120:14)\n    at Module._extensions..js (node:internal/modules/cjs/loader:1174:10)\n    at Module.load (node:internal/modules/cjs/loader:998:32)\n    at Module._load (node:internal/modules/cjs/loader:839:12)\n    at Function.executeUserEntryPoint [as runMain] (node:internal/modules/run_main:81:12)\n    at node:internal/main/run_main_module:17:47 {\n  generatedMessage: true,\n  code: 'ERR_ASSERTION',\n  actual: false,\n  expected: true,\n  operator: 'deepEqual'\n}\n\nNode.js v18.7.0\n",
      "exit_code": 1,
      "status": "AssertionError"
    },
    {
      "program": "//Write a function that matches a word containing 'z'.\nfunction text_match_wordz(text: string): boolean {\n    let regex = /\\bz\\w+/g;\n    return regex.test(text);\n}\n\ndeclare var require: any;\nconst assert = require('node:assert');\n\n\nfunction test() {\n  let candidate = text_match_wordz;\n  assert.deepEqual(candidate(\"pythonz.\"),true);\n  assert.deepEqual(candidate(\"xyz.\"),true);\n  assert.deepEqual(candidate(\"  lang  .\"),false);\n}\n\ntest();",
      "timestamp": 1665510609,
      "stdout": "",
      "stderr": "node:assert:124\n  throw new AssertionError(obj);\n  ^\n\nAssertionError [ERR_ASSERTION]: Expected values to be loosely deep-equal:\n\nfalse\n\nshould loosely deep-equal\n\ntrue\n    at test (/tmp/tmp9e4fnbs7.js:9:12)\n    at Object.<anonymous> (/tmp/tmp9e4fnbs7.js:13:1)\n    at Module._compile (node:internal/modules/cjs/loader:1120:14)\n    at Module._extensions..js (node:internal/modules/cjs/loader:1174:10)\n    at Module.load (node:internal/modules/cjs/loader:998:32)\n    at Module._load (node:internal/modules/cjs/loader:839:12)\n    at Function.executeUserEntryPoint [as runMain] (node:internal/modules/run_main:81:12)\n    at node:internal/main/run_main_module:17:47 {\n  generatedMessage: true,\n  code: 'ERR_ASSERTION',\n  actual: false,\n  expected: true,\n  operator: 'deepEqual'\n}\n\nNode.js v18.7.0\n",
      "exit_code": 1,
      "status": "AssertionError"
    },
    {
      "program": "//Write a function that matches a word containing 'z'.\nfunction text_match_wordz(text: string): boolean {\n    let regex = /\\bz\\w+/g;\n    return regex.test(text);\n}\n\ndeclare var require: any;\nconst assert = require('node:assert');\n\n\nfunction test() {\n  let candidate = text_match_wordz;\n  assert.deepEqual(candidate(\"pythonz.\"),true);\n  assert.deepEqual(candidate(\"xyz.\"),true);\n  assert.deepEqual(candidate(\"  lang  .\"),false);\n}\n\ntest();",
      "timestamp": 1665510609,
      "stdout": "",
      "stderr": "node:assert:124\n  throw new AssertionError(obj);\n  ^\n\nAssertionError [ERR_ASSERTION]: Expected values to be loosely deep-equal:\n\nfalse\n\nshould loosely deep-equal\n\ntrue\n    at test (/tmp/tmp9e4fnbs7.js:9:12)\n    at Object.<anonymous> (/tmp/tmp9e4fnbs7.js:13:1)\n    at Module._compile (node:internal/modules/cjs/loader:1120:14)\n    at Module._extensions..js (node:internal/modules/cjs/loader:1174:10)\n    at Module.load (node:internal/modules/cjs/loader:998:32)\n    at Module._load (node:internal/modules/cjs/loader:839:12)\n    at Function.executeUserEntryPoint [as runMain] (node:internal/modules/run_main:81:12)\n    at node:internal/main/run_main_module:17:47 {\n  generatedMessage: true,\n  code: 'ERR_ASSERTION',\n  actual: false,\n  expected: true,\n  operator: 'deepEqual'\n}\n\nNode.js v18.7.0\n",
      "exit_code": 1,
      "status": "AssertionError"
    },
    {
      "program": "//Write a function that matches a word containing 'z'.\nfunction text_match_wordz(text: string): boolean {\n    return /\\bz\\w+\\b/g.test(text);\n}\n\ndeclare var require: any;\nconst assert = require('node:assert');\n\n\nfunction test() {\n  let candidate = text_match_wordz;\n  assert.deepEqual(candidate(\"pythonz.\"),true);\n  assert.deepEqual(candidate(\"xyz.\"),true);\n  assert.deepEqual(candidate(\"  lang  .\"),false);\n}\n\ntest();",
      "timestamp": 1665510609,
      "stdout": "",
      "stderr": "node:assert:124\n  throw new AssertionError(obj);\n  ^\n\nAssertionError [ERR_ASSERTION]: Expected values to be loosely deep-equal:\n\nfalse\n\nshould loosely deep-equal\n\ntrue\n    at test (/tmp/tmp2hr2ezc5.js:8:12)\n    at Object.<anonymous> (/tmp/tmp2hr2ezc5.js:12:1)\n    at Module._compile (node:internal/modules/cjs/loader:1120:14)\n    at Module._extensions..js (node:internal/modules/cjs/loader:1174:10)\n    at Module.load (node:internal/modules/cjs/loader:998:32)\n    at Module._load (node:internal/modules/cjs/loader:839:12)\n    at Function.executeUserEntryPoint [as runMain] (node:internal/modules/run_main:81:12)\n    at node:internal/main/run_main_module:17:47 {\n  generatedMessage: true,\n  code: 'ERR_ASSERTION',\n  actual: false,\n  expected: true,\n  operator: 'deepEqual'\n}\n\nNode.js v18.7.0\n",
      "exit_code": 1,
      "status": "AssertionError"
    },
    {
      "program": "//Write a function that matches a word containing 'z'.\nfunction text_match_wordz(text: string): boolean {\n    let regex = /\\bz\\w+/g;\n    return regex.test(text);\n}\n\ndeclare var require: any;\nconst assert = require('node:assert');\n\n\nfunction test() {\n  let candidate = text_match_wordz;\n  assert.deepEqual(candidate(\"pythonz.\"),true);\n  assert.deepEqual(candidate(\"xyz.\"),true);\n  assert.deepEqual(candidate(\"  lang  .\"),false);\n}\n\ntest();",
      "timestamp": 1665510609,
      "stdout": "",
      "stderr": "node:assert:124\n  throw new AssertionError(obj);\n  ^\n\nAssertionError [ERR_ASSERTION]: Expected values to be loosely deep-equal:\n\nfalse\n\nshould loosely deep-equal\n\ntrue\n    at test (/tmp/tmp9e4fnbs7.js:9:12)\n    at Object.<anonymous> (/tmp/tmp9e4fnbs7.js:13:1)\n    at Module._compile (node:internal/modules/cjs/loader:1120:14)\n    at Module._extensions..js (node:internal/modules/cjs/loader:1174:10)\n    at Module.load (node:internal/modules/cjs/loader:998:32)\n    at Module._load (node:internal/modules/cjs/loader:839:12)\n    at Function.executeUserEntryPoint [as runMain] (node:internal/modules/run_main:81:12)\n    at node:internal/main/run_main_module:17:47 {\n  generatedMessage: true,\n  code: 'ERR_ASSERTION',\n  actual: false,\n  expected: true,\n  operator: 'deepEqual'\n}\n\nNode.js v18.7.0\n",
      "exit_code": 1,
      "status": "AssertionError"
    },
    {
      "program": "//Write a function that matches a word containing 'z'.\nfunction text_match_wordz(text: string): boolean {\n    let regex = /\\w*z\\w*/;\n    return regex.test(text);\n}\n\ndeclare var require: any;\nconst assert = require('node:assert');\n\n\nfunction test() {\n  let candidate = text_match_wordz;\n  assert.deepEqual(candidate(\"pythonz.\"),true);\n  assert.deepEqual(candidate(\"xyz.\"),true);\n  assert.deepEqual(candidate(\"  lang  .\"),false);\n}\n\ntest();",
      "timestamp": 1665510609,
      "stdout": "",
      "stderr": "",
      "exit_code": 0,
      "status": "OK"
    },
    {
      "program": "//Write a function that matches a word containing 'z'.\nfunction text_match_wordz(text: string): boolean {\n    let regex = /\\bz\\w+/g;\n    return regex.test(text);\n}\n\ndeclare var require: any;\nconst assert = require('node:assert');\n\n\nfunction test() {\n  let candidate = text_match_wordz;\n  assert.deepEqual(candidate(\"pythonz.\"),true);\n  assert.deepEqual(candidate(\"xyz.\"),true);\n  assert.deepEqual(candidate(\"  lang  .\"),false);\n}\n\ntest();",
      "timestamp": 1665510609,
      "stdout": "",
      "stderr": "node:assert:124\n  throw new AssertionError(obj);\n  ^\n\nAssertionError [ERR_ASSERTION]: Expected values to be loosely deep-equal:\n\nfalse\n\nshould loosely deep-equal\n\ntrue\n    at test (/tmp/tmp9e4fnbs7.js:9:12)\n    at Object.<anonymous> (/tmp/tmp9e4fnbs7.js:13:1)\n    at Module._compile (node:internal/modules/cjs/loader:1120:14)\n    at Module._extensions..js (node:internal/modules/cjs/loader:1174:10)\n    at Module.load (node:internal/modules/cjs/loader:998:32)\n    at Module._load (node:internal/modules/cjs/loader:839:12)\n    at Function.executeUserEntryPoint [as runMain] (node:internal/modules/run_main:81:12)\n    at node:internal/main/run_main_module:17:47 {\n  generatedMessage: true,\n  code: 'ERR_ASSERTION',\n  actual: false,\n  expected: true,\n  operator: 'deepEqual'\n}\n\nNode.js v18.7.0\n",
      "exit_code": 1,
      "status": "AssertionError"
    },
    {
      "program": "//Write a function that matches a word containing 'z'.\nfunction text_match_wordz(text: string): boolean {\n    let regex = /\\bz\\w+\\b/g;\n    return text.match(regex) ? true : false;\n}\n\ndeclare var require: any;\nconst assert = require('node:assert');\n\n\nfunction test() {\n  let candidate = text_match_wordz;\n  assert.deepEqual(candidate(\"pythonz.\"),true);\n  assert.deepEqual(candidate(\"xyz.\"),true);\n  assert.deepEqual(candidate(\"  lang  .\"),false);\n}\n\ntest();",
      "timestamp": 1666123482,
      "stdout": "",
      "stderr": "node:assert:124\n  throw new AssertionError(obj);\n  ^\n\nAssertionError [ERR_ASSERTION]: Expected values to be loosely deep-equal:\n\nfalse\n\nshould loosely deep-equal\n\ntrue\n    at test (/tmp/tmpa0v1l3uw.js:9:12)\n    at Object.<anonymous> (/tmp/tmpa0v1l3uw.js:13:1)\n    at Module._compile (node:internal/modules/cjs/loader:1120:14)\n    at Module._extensions..js (node:internal/modules/cjs/loader:1174:10)\n    at Module.load (node:internal/modules/cjs/loader:998:32)\n    at Module._load (node:internal/modules/cjs/loader:839:12)\n    at Function.executeUserEntryPoint [as runMain] (node:internal/modules/run_main:81:12)\n    at node:internal/main/run_main_module:17:47 {\n  generatedMessage: true,\n  code: 'ERR_ASSERTION',\n  actual: false,\n  expected: true,\n  operator: 'deepEqual'\n}\n\nNode.js v18.7.0\n",
      "exit_code": 1,
      "status": "AssertionError"
    },
    {
      "program": "//Write a function that matches a word containing 'z'.\nfunction text_match_wordz(text: string): boolean {\n    let regex = /\\w*z\\w*/;\n    return regex.test(text);\n}\n\ndeclare var require: any;\nconst assert = require('node:assert');\n\n\nfunction test() {\n  let candidate = text_match_wordz;\n  assert.deepEqual(candidate(\"pythonz.\"),true);\n  assert.deepEqual(candidate(\"xyz.\"),true);\n  assert.deepEqual(candidate(\"  lang  .\"),false);\n}\n\ntest();",
      "timestamp": 1665510609,
      "stdout": "",
      "stderr": "",
      "exit_code": 0,
      "status": "OK"
    },
    {
      "program": "//Write a function that matches a word containing 'z'.\nfunction text_match_wordz(text: string): boolean {\n    let regex = /\\bz\\w+/g;\n    return regex.test(text);\n}\n\ndeclare var require: any;\nconst assert = require('node:assert');\n\n\nfunction test() {\n  let candidate = text_match_wordz;\n  assert.deepEqual(candidate(\"pythonz.\"),true);\n  assert.deepEqual(candidate(\"xyz.\"),true);\n  assert.deepEqual(candidate(\"  lang  .\"),false);\n}\n\ntest();",
      "timestamp": 1665510609,
      "stdout": "",
      "stderr": "node:assert:124\n  throw new AssertionError(obj);\n  ^\n\nAssertionError [ERR_ASSERTION]: Expected values to be loosely deep-equal:\n\nfalse\n\nshould loosely deep-equal\n\ntrue\n    at test (/tmp/tmp9e4fnbs7.js:9:12)\n    at Object.<anonymous> (/tmp/tmp9e4fnbs7.js:13:1)\n    at Module._compile (node:internal/modules/cjs/loader:1120:14)\n    at Module._extensions..js (node:internal/modules/cjs/loader:1174:10)\n    at Module.load (node:internal/modules/cjs/loader:998:32)\n    at Module._load (node:internal/modules/cjs/loader:839:12)\n    at Function.executeUserEntryPoint [as runMain] (node:internal/modules/run_main:81:12)\n    at node:internal/main/run_main_module:17:47 {\n  generatedMessage: true,\n  code: 'ERR_ASSERTION',\n  actual: false,\n  expected: true,\n  operator: 'deepEqual'\n}\n\nNode.js v18.7.0\n",
      "exit_code": 1,
      "status": "AssertionError"
    },
    {
      "program": "//Write a function that matches a word containing 'z'.\nfunction text_match_wordz(text: string): boolean {\n    let regex = /\\w*z\\w*/;\n    return regex.test(text);\n}\n\ndeclare var require: any;\nconst assert = require('node:assert');\n\n\nfunction test() {\n  let candidate = text_match_wordz;\n  assert.deepEqual(candidate(\"pythonz.\"),true);\n  assert.deepEqual(candidate(\"xyz.\"),true);\n  assert.deepEqual(candidate(\"  lang  .\"),false);\n}\n\ntest();",
      "timestamp": 1665510609,
      "stdout": "",
      "stderr": "",
      "exit_code": 0,
      "status": "OK"
    },
    {
      "program": "//Write a function that matches a word containing 'z'.\nfunction text_match_wordz(text: string): boolean {\n  let regex = /\\bz\\w+\\b/g;\n  return regex.test(text);\n}\n\ndeclare var require: any;\nconst assert = require('node:assert');\n\n\nfunction test() {\n  let candidate = text_match_wordz;\n  assert.deepEqual(candidate(\"pythonz.\"),true);\n  assert.deepEqual(candidate(\"xyz.\"),true);\n  assert.deepEqual(candidate(\"  lang  .\"),false);\n}\n\ntest();",
      "timestamp": 1666123482,
      "stdout": "",
      "stderr": "node:assert:124\n  throw new AssertionError(obj);\n  ^\n\nAssertionError [ERR_ASSERTION]: Expected values to be loosely deep-equal:\n\nfalse\n\nshould loosely deep-equal\n\ntrue\n    at test (/tmp/tmplsitr7p6.js:9:12)\n    at Object.<anonymous> (/tmp/tmplsitr7p6.js:13:1)\n    at Module._compile (node:internal/modules/cjs/loader:1120:14)\n    at Module._extensions..js (node:internal/modules/cjs/loader:1174:10)\n    at Module.load (node:internal/modules/cjs/loader:998:32)\n    at Module._load (node:internal/modules/cjs/loader:839:12)\n    at Function.executeUserEntryPoint [as runMain] (node:internal/modules/run_main:81:12)\n    at node:internal/main/run_main_module:17:47 {\n  generatedMessage: true,\n  code: 'ERR_ASSERTION',\n  actual: false,\n  expected: true,\n  operator: 'deepEqual'\n}\n\nNode.js v18.7.0\n",
      "exit_code": 1,
      "status": "AssertionError"
    },
    {
      "program": "//Write a function that matches a word containing 'z'.\nfunction text_match_wordz(text: string): boolean {\n    let regexp = /\\bz\\w+\\b/;\n    return regexp.test(text);\n}\n\ndeclare var require: any;\nconst assert = require('node:assert');\n\n\nfunction test() {\n  let candidate = text_match_wordz;\n  assert.deepEqual(candidate(\"pythonz.\"),true);\n  assert.deepEqual(candidate(\"xyz.\"),true);\n  assert.deepEqual(candidate(\"  lang  .\"),false);\n}\n\ntest();",
      "timestamp": 1666123479,
      "stdout": "",
      "stderr": "node:assert:124\n  throw new AssertionError(obj);\n  ^\n\nAssertionError [ERR_ASSERTION]: Expected values to be loosely deep-equal:\n\nfalse\n\nshould loosely deep-equal\n\ntrue\n    at test (/tmp/tmpo8h7o0mz.js:9:12)\n    at Object.<anonymous> (/tmp/tmpo8h7o0mz.js:13:1)\n    at Module._compile (node:internal/modules/cjs/loader:1120:14)\n    at Module._extensions..js (node:internal/modules/cjs/loader:1174:10)\n    at Module.load (node:internal/modules/cjs/loader:998:32)\n    at Module._load (node:internal/modules/cjs/loader:839:12)\n    at Function.executeUserEntryPoint [as runMain] (node:internal/modules/run_main:81:12)\n    at node:internal/main/run_main_module:17:47 {\n  generatedMessage: true,\n  code: 'ERR_ASSERTION',\n  actual: false,\n  expected: true,\n  operator: 'deepEqual'\n}\n\nNode.js v18.7.0\n",
      "exit_code": 1,
      "status": "AssertionError"
    },
    {
      "program": "//Write a function that matches a word containing 'z'.\nfunction text_match_wordz(text: string): boolean {\n    return /\\bz\\w+\\b/g.test(text);\n}\n\ndeclare var require: any;\nconst assert = require('node:assert');\n\n\nfunction test() {\n  let candidate = text_match_wordz;\n  assert.deepEqual(candidate(\"pythonz.\"),true);\n  assert.deepEqual(candidate(\"xyz.\"),true);\n  assert.deepEqual(candidate(\"  lang  .\"),false);\n}\n\ntest();",
      "timestamp": 1665510609,
      "stdout": "",
      "stderr": "node:assert:124\n  throw new AssertionError(obj);\n  ^\n\nAssertionError [ERR_ASSERTION]: Expected values to be loosely deep-equal:\n\nfalse\n\nshould loosely deep-equal\n\ntrue\n    at test (/tmp/tmp2hr2ezc5.js:8:12)\n    at Object.<anonymous> (/tmp/tmp2hr2ezc5.js:12:1)\n    at Module._compile (node:internal/modules/cjs/loader:1120:14)\n    at Module._extensions..js (node:internal/modules/cjs/loader:1174:10)\n    at Module.load (node:internal/modules/cjs/loader:998:32)\n    at Module._load (node:internal/modules/cjs/loader:839:12)\n    at Function.executeUserEntryPoint [as runMain] (node:internal/modules/run_main:81:12)\n    at node:internal/main/run_main_module:17:47 {\n  generatedMessage: true,\n  code: 'ERR_ASSERTION',\n  actual: false,\n  expected: true,\n  operator: 'deepEqual'\n}\n\nNode.js v18.7.0\n",
      "exit_code": 1,
      "status": "AssertionError"
    },
    {
      "program": "//Write a function that matches a word containing 'z'.\nfunction text_match_wordz(text: string): boolean {\n    let regex = /\\w*z\\w*/;\n    return regex.test(text);\n}\n\ndeclare var require: any;\nconst assert = require('node:assert');\n\n\nfunction test() {\n  let candidate = text_match_wordz;\n  assert.deepEqual(candidate(\"pythonz.\"),true);\n  assert.deepEqual(candidate(\"xyz.\"),true);\n  assert.deepEqual(candidate(\"  lang  .\"),false);\n}\n\ntest();",
      "timestamp": 1665510609,
      "stdout": "",
      "stderr": "",
      "exit_code": 0,
      "status": "OK"
    },
    {
      "program": "//Write a function that matches a word containing 'z'.\nfunction text_match_wordz(text: string): boolean {\n    let regex = /\\bz\\w+/g;\n    return regex.test(text);\n}\n\ndeclare var require: any;\nconst assert = require('node:assert');\n\n\nfunction test() {\n  let candidate = text_match_wordz;\n  assert.deepEqual(candidate(\"pythonz.\"),true);\n  assert.deepEqual(candidate(\"xyz.\"),true);\n  assert.deepEqual(candidate(\"  lang  .\"),false);\n}\n\ntest();",
      "timestamp": 1665510609,
      "stdout": "",
      "stderr": "node:assert:124\n  throw new AssertionError(obj);\n  ^\n\nAssertionError [ERR_ASSERTION]: Expected values to be loosely deep-equal:\n\nfalse\n\nshould loosely deep-equal\n\ntrue\n    at test (/tmp/tmp9e4fnbs7.js:9:12)\n    at Object.<anonymous> (/tmp/tmp9e4fnbs7.js:13:1)\n    at Module._compile (node:internal/modules/cjs/loader:1120:14)\n    at Module._extensions..js (node:internal/modules/cjs/loader:1174:10)\n    at Module.load (node:internal/modules/cjs/loader:998:32)\n    at Module._load (node:internal/modules/cjs/loader:839:12)\n    at Function.executeUserEntryPoint [as runMain] (node:internal/modules/run_main:81:12)\n    at node:internal/main/run_main_module:17:47 {\n  generatedMessage: true,\n  code: 'ERR_ASSERTION',\n  actual: false,\n  expected: true,\n  operator: 'deepEqual'\n}\n\nNode.js v18.7.0\n",
      "exit_code": 1,
      "status": "AssertionError"
    },
    {
      "program": "//Write a function that matches a word containing 'z'.\nfunction text_match_wordz(text: string): boolean {\n    return /\\bz\\w+\\b/.test(text);\n}\n\ndeclare var require: any;\nconst assert = require('node:assert');\n\n\nfunction test() {\n  let candidate = text_match_wordz;\n  assert.deepEqual(candidate(\"pythonz.\"),true);\n  assert.deepEqual(candidate(\"xyz.\"),true);\n  assert.deepEqual(candidate(\"  lang  .\"),false);\n}\n\ntest();",
      "timestamp": 1665510610,
      "stdout": "",
      "stderr": "node:assert:124\n  throw new AssertionError(obj);\n  ^\n\nAssertionError [ERR_ASSERTION]: Expected values to be loosely deep-equal:\n\nfalse\n\nshould loosely deep-equal\n\ntrue\n    at test (/tmp/tmpxonrukfd.js:8:12)\n    at Object.<anonymous> (/tmp/tmpxonrukfd.js:12:1)\n    at Module._compile (node:internal/modules/cjs/loader:1120:14)\n    at Module._extensions..js (node:internal/modules/cjs/loader:1174:10)\n    at Module.load (node:internal/modules/cjs/loader:998:32)\n    at Module._load (node:internal/modules/cjs/loader:839:12)\n    at Function.executeUserEntryPoint [as runMain] (node:internal/modules/run_main:81:12)\n    at node:internal/main/run_main_module:17:47 {\n  generatedMessage: true,\n  code: 'ERR_ASSERTION',\n  actual: false,\n  expected: true,\n  operator: 'deepEqual'\n}\n\nNode.js v18.7.0\n",
      "exit_code": 1,
      "status": "AssertionError"
    },
    {
      "program": "//Write a function that matches a word containing 'z'.\nfunction text_match_wordz(text: string): boolean {\n    let regex = /\\bz\\w+/g;\n    return regex.test(text);\n}\n\ndeclare var require: any;\nconst assert = require('node:assert');\n\n\nfunction test() {\n  let candidate = text_match_wordz;\n  assert.deepEqual(candidate(\"pythonz.\"),true);\n  assert.deepEqual(candidate(\"xyz.\"),true);\n  assert.deepEqual(candidate(\"  lang  .\"),false);\n}\n\ntest();",
      "timestamp": 1665510609,
      "stdout": "",
      "stderr": "node:assert:124\n  throw new AssertionError(obj);\n  ^\n\nAssertionError [ERR_ASSERTION]: Expected values to be loosely deep-equal:\n\nfalse\n\nshould loosely deep-equal\n\ntrue\n    at test (/tmp/tmp9e4fnbs7.js:9:12)\n    at Object.<anonymous> (/tmp/tmp9e4fnbs7.js:13:1)\n    at Module._compile (node:internal/modules/cjs/loader:1120:14)\n    at Module._extensions..js (node:internal/modules/cjs/loader:1174:10)\n    at Module.load (node:internal/modules/cjs/loader:998:32)\n    at Module._load (node:internal/modules/cjs/loader:839:12)\n    at Function.executeUserEntryPoint [as runMain] (node:internal/modules/run_main:81:12)\n    at node:internal/main/run_main_module:17:47 {\n  generatedMessage: true,\n  code: 'ERR_ASSERTION',\n  actual: false,\n  expected: true,\n  operator: 'deepEqual'\n}\n\nNode.js v18.7.0\n",
      "exit_code": 1,
      "status": "AssertionError"
    },
    {
      "program": "//Write a function that matches a word containing 'z'.\nfunction text_match_wordz(text: string): boolean {\n    let regex = /\\w*z\\w*/;\n    return regex.test(text);\n}\n\ndeclare var require: any;\nconst assert = require('node:assert');\n\n\nfunction test() {\n  let candidate = text_match_wordz;\n  assert.deepEqual(candidate(\"pythonz.\"),true);\n  assert.deepEqual(candidate(\"xyz.\"),true);\n  assert.deepEqual(candidate(\"  lang  .\"),false);\n}\n\ntest();",
      "timestamp": 1665510609,
      "stdout": "",
      "stderr": "",
      "exit_code": 0,
      "status": "OK"
    },
    {
      "program": "//Write a function that matches a word containing 'z'.\nfunction text_match_wordz(text: string): boolean {\n    let regex = /\\bz\\w+\\b/;\n    return regex.test(text);\n}\n\nconsole.log(text_match_wordz(\"The quick brown fox jumps over the lazy dog.\"));\nconsole.log(text_match_wordz(\"The quick brown fox jumped over the lazy dog.\"));\nconsole.log(text_match_wordz(\"The quick brown fox jumps over the lazy dog.\"));\nconsole.log(text_match_wordz(\"The quick brown fox jumps over the lazy dog.\"));\n\ndeclare var require: any;\nconst assert = require('node:assert');\n\n\nfunction test() {\n  let candidate = text_match_wordz;\n  assert.deepEqual(candidate(\"pythonz.\"),true);\n  assert.deepEqual(candidate(\"xyz.\"),true);\n  assert.deepEqual(candidate(\"  lang  .\"),false);\n}\n\ntest();",
      "timestamp": 1665510609,
      "stdout": "false\nfalse\nfalse\nfalse\n",
      "stderr": "node:assert:124\n  throw new AssertionError(obj);\n  ^\n\nAssertionError [ERR_ASSERTION]: Expected values to be loosely deep-equal:\n\nfalse\n\nshould loosely deep-equal\n\ntrue\n    at test (/tmp/tmpyc5z4h64.js:13:12)\n    at Object.<anonymous> (/tmp/tmpyc5z4h64.js:17:1)\n    at Module._compile (node:internal/modules/cjs/loader:1120:14)\n    at Module._extensions..js (node:internal/modules/cjs/loader:1174:10)\n    at Module.load (node:internal/modules/cjs/loader:998:32)\n    at Module._load (node:internal/modules/cjs/loader:839:12)\n    at Function.executeUserEntryPoint [as runMain] (node:internal/modules/run_main:81:12)\n    at node:internal/main/run_main_module:17:47 {\n  generatedMessage: true,\n  code: 'ERR_ASSERTION',\n  actual: false,\n  expected: true,\n  operator: 'deepEqual'\n}\n\nNode.js v18.7.0\n",
      "exit_code": 1,
      "status": "AssertionError"
    },
    {
      "program": "//Write a function that matches a word containing 'z'.\nfunction text_match_wordz(text: string): boolean {\n    let regex = /\\bz\\w+/;\n    return regex.test(text);\n}\n\ndeclare var require: any;\nconst assert = require('node:assert');\n\n\nfunction test() {\n  let candidate = text_match_wordz;\n  assert.deepEqual(candidate(\"pythonz.\"),true);\n  assert.deepEqual(candidate(\"xyz.\"),true);\n  assert.deepEqual(candidate(\"  lang  .\"),false);\n}\n\ntest();",
      "timestamp": 1665510609,
      "stdout": "",
      "stderr": "node:assert:124\n  throw new AssertionError(obj);\n  ^\n\nAssertionError [ERR_ASSERTION]: Expected values to be loosely deep-equal:\n\nfalse\n\nshould loosely deep-equal\n\ntrue\n    at test (/tmp/tmpdpd48uvj.js:9:12)\n    at Object.<anonymous> (/tmp/tmpdpd48uvj.js:13:1)\n    at Module._compile (node:internal/modules/cjs/loader:1120:14)\n    at Module._extensions..js (node:internal/modules/cjs/loader:1174:10)\n    at Module.load (node:internal/modules/cjs/loader:998:32)\n    at Module._load (node:internal/modules/cjs/loader:839:12)\n    at Function.executeUserEntryPoint [as runMain] (node:internal/modules/run_main:81:12)\n    at node:internal/main/run_main_module:17:47 {\n  generatedMessage: true,\n  code: 'ERR_ASSERTION',\n  actual: false,\n  expected: true,\n  operator: 'deepEqual'\n}\n\nNode.js v18.7.0\n",
      "exit_code": 1,
      "status": "AssertionError"
    },
    {
      "program": "//Write a function that matches a word containing 'z'.\nfunction text_match_wordz(text: string): boolean {\n    let regex = /\\w*z\\w*/;\n    return regex.test(text);\n}\n\ndeclare var require: any;\nconst assert = require('node:assert');\n\n\nfunction test() {\n  let candidate = text_match_wordz;\n  assert.deepEqual(candidate(\"pythonz.\"),true);\n  assert.deepEqual(candidate(\"xyz.\"),true);\n  assert.deepEqual(candidate(\"  lang  .\"),false);\n}\n\ntest();",
      "timestamp": 1665510609,
      "stdout": "",
      "stderr": "",
      "exit_code": 0,
      "status": "OK"
    },
    {
      "program": "//Write a function that matches a word containing 'z'.\nfunction text_match_wordz(text: string): boolean {\n    let regex = /\\bz\\w+/g;\n    return regex.test(text);\n}\n\ndeclare var require: any;\nconst assert = require('node:assert');\n\n\nfunction test() {\n  let candidate = text_match_wordz;\n  assert.deepEqual(candidate(\"pythonz.\"),true);\n  assert.deepEqual(candidate(\"xyz.\"),true);\n  assert.deepEqual(candidate(\"  lang  .\"),false);\n}\n\ntest();",
      "timestamp": 1665510609,
      "stdout": "",
      "stderr": "node:assert:124\n  throw new AssertionError(obj);\n  ^\n\nAssertionError [ERR_ASSERTION]: Expected values to be loosely deep-equal:\n\nfalse\n\nshould loosely deep-equal\n\ntrue\n    at test (/tmp/tmp9e4fnbs7.js:9:12)\n    at Object.<anonymous> (/tmp/tmp9e4fnbs7.js:13:1)\n    at Module._compile (node:internal/modules/cjs/loader:1120:14)\n    at Module._extensions..js (node:internal/modules/cjs/loader:1174:10)\n    at Module.load (node:internal/modules/cjs/loader:998:32)\n    at Module._load (node:internal/modules/cjs/loader:839:12)\n    at Function.executeUserEntryPoint [as runMain] (node:internal/modules/run_main:81:12)\n    at node:internal/main/run_main_module:17:47 {\n  generatedMessage: true,\n  code: 'ERR_ASSERTION',\n  actual: false,\n  expected: true,\n  operator: 'deepEqual'\n}\n\nNode.js v18.7.0\n",
      "exit_code": 1,
      "status": "AssertionError"
    },
    {
      "program": "//Write a function that matches a word containing 'z'.\nfunction text_match_wordz(text: string): boolean {\n    let regex = /\\bz\\w+/g;\n    return regex.test(text);\n}\n\ndeclare var require: any;\nconst assert = require('node:assert');\n\n\nfunction test() {\n  let candidate = text_match_wordz;\n  assert.deepEqual(candidate(\"pythonz.\"),true);\n  assert.deepEqual(candidate(\"xyz.\"),true);\n  assert.deepEqual(candidate(\"  lang  .\"),false);\n}\n\ntest();",
      "timestamp": 1665510609,
      "stdout": "",
      "stderr": "node:assert:124\n  throw new AssertionError(obj);\n  ^\n\nAssertionError [ERR_ASSERTION]: Expected values to be loosely deep-equal:\n\nfalse\n\nshould loosely deep-equal\n\ntrue\n    at test (/tmp/tmp9e4fnbs7.js:9:12)\n    at Object.<anonymous> (/tmp/tmp9e4fnbs7.js:13:1)\n    at Module._compile (node:internal/modules/cjs/loader:1120:14)\n    at Module._extensions..js (node:internal/modules/cjs/loader:1174:10)\n    at Module.load (node:internal/modules/cjs/loader:998:32)\n    at Module._load (node:internal/modules/cjs/loader:839:12)\n    at Function.executeUserEntryPoint [as runMain] (node:internal/modules/run_main:81:12)\n    at node:internal/main/run_main_module:17:47 {\n  generatedMessage: true,\n  code: 'ERR_ASSERTION',\n  actual: false,\n  expected: true,\n  operator: 'deepEqual'\n}\n\nNode.js v18.7.0\n",
      "exit_code": 1,
      "status": "AssertionError"
    },
    {
      "program": "//Write a function that matches a word containing 'z'.\nfunction text_match_wordz(text: string): boolean {\n    let regex = /\\bz\\w+/;\n    return regex.test(text);\n}\n\ndeclare var require: any;\nconst assert = require('node:assert');\n\n\nfunction test() {\n  let candidate = text_match_wordz;\n  assert.deepEqual(candidate(\"pythonz.\"),true);\n  assert.deepEqual(candidate(\"xyz.\"),true);\n  assert.deepEqual(candidate(\"  lang  .\"),false);\n}\n\ntest();",
      "timestamp": 1665510609,
      "stdout": "",
      "stderr": "node:assert:124\n  throw new AssertionError(obj);\n  ^\n\nAssertionError [ERR_ASSERTION]: Expected values to be loosely deep-equal:\n\nfalse\n\nshould loosely deep-equal\n\ntrue\n    at test (/tmp/tmpdpd48uvj.js:9:12)\n    at Object.<anonymous> (/tmp/tmpdpd48uvj.js:13:1)\n    at Module._compile (node:internal/modules/cjs/loader:1120:14)\n    at Module._extensions..js (node:internal/modules/cjs/loader:1174:10)\n    at Module.load (node:internal/modules/cjs/loader:998:32)\n    at Module._load (node:internal/modules/cjs/loader:839:12)\n    at Function.executeUserEntryPoint [as runMain] (node:internal/modules/run_main:81:12)\n    at node:internal/main/run_main_module:17:47 {\n  generatedMessage: true,\n  code: 'ERR_ASSERTION',\n  actual: false,\n  expected: true,\n  operator: 'deepEqual'\n}\n\nNode.js v18.7.0\n",
      "exit_code": 1,
      "status": "AssertionError"
    },
    {
      "program": "//Write a function that matches a word containing 'z'.\nfunction text_match_wordz(text: string): boolean {\n    return /\\bz\\w+\\b/g.test(text);\n}\n\ndeclare var require: any;\nconst assert = require('node:assert');\n\n\nfunction test() {\n  let candidate = text_match_wordz;\n  assert.deepEqual(candidate(\"pythonz.\"),true);\n  assert.deepEqual(candidate(\"xyz.\"),true);\n  assert.deepEqual(candidate(\"  lang  .\"),false);\n}\n\ntest();",
      "timestamp": 1665510609,
      "stdout": "",
      "stderr": "node:assert:124\n  throw new AssertionError(obj);\n  ^\n\nAssertionError [ERR_ASSERTION]: Expected values to be loosely deep-equal:\n\nfalse\n\nshould loosely deep-equal\n\ntrue\n    at test (/tmp/tmp2hr2ezc5.js:8:12)\n    at Object.<anonymous> (/tmp/tmp2hr2ezc5.js:12:1)\n    at Module._compile (node:internal/modules/cjs/loader:1120:14)\n    at Module._extensions..js (node:internal/modules/cjs/loader:1174:10)\n    at Module.load (node:internal/modules/cjs/loader:998:32)\n    at Module._load (node:internal/modules/cjs/loader:839:12)\n    at Function.executeUserEntryPoint [as runMain] (node:internal/modules/run_main:81:12)\n    at node:internal/main/run_main_module:17:47 {\n  generatedMessage: true,\n  code: 'ERR_ASSERTION',\n  actual: false,\n  expected: true,\n  operator: 'deepEqual'\n}\n\nNode.js v18.7.0\n",
      "exit_code": 1,
      "status": "AssertionError"
    },
    {
      "program": "//Write a function that matches a word containing 'z'.\nfunction text_match_wordz(text: string): boolean {\n    let regex = /\\bz\\w+/g;\n    return regex.test(text);\n}\n\ndeclare var require: any;\nconst assert = require('node:assert');\n\n\nfunction test() {\n  let candidate = text_match_wordz;\n  assert.deepEqual(candidate(\"pythonz.\"),true);\n  assert.deepEqual(candidate(\"xyz.\"),true);\n  assert.deepEqual(candidate(\"  lang  .\"),false);\n}\n\ntest();",
      "timestamp": 1665510609,
      "stdout": "",
      "stderr": "node:assert:124\n  throw new AssertionError(obj);\n  ^\n\nAssertionError [ERR_ASSERTION]: Expected values to be loosely deep-equal:\n\nfalse\n\nshould loosely deep-equal\n\ntrue\n    at test (/tmp/tmp9e4fnbs7.js:9:12)\n    at Object.<anonymous> (/tmp/tmp9e4fnbs7.js:13:1)\n    at Module._compile (node:internal/modules/cjs/loader:1120:14)\n    at Module._extensions..js (node:internal/modules/cjs/loader:1174:10)\n    at Module.load (node:internal/modules/cjs/loader:998:32)\n    at Module._load (node:internal/modules/cjs/loader:839:12)\n    at Function.executeUserEntryPoint [as runMain] (node:internal/modules/run_main:81:12)\n    at node:internal/main/run_main_module:17:47 {\n  generatedMessage: true,\n  code: 'ERR_ASSERTION',\n  actual: false,\n  expected: true,\n  operator: 'deepEqual'\n}\n\nNode.js v18.7.0\n",
      "exit_code": 1,
      "status": "AssertionError"
    },
    {
      "program": "//Write a function that matches a word containing 'z'.\nfunction text_match_wordz(text: string): boolean {\n    return /\\w*z\\w*/.test(text);\n}\n\ndeclare var require: any;\nconst assert = require('node:assert');\n\n\nfunction test() {\n  let candidate = text_match_wordz;\n  assert.deepEqual(candidate(\"pythonz.\"),true);\n  assert.deepEqual(candidate(\"xyz.\"),true);\n  assert.deepEqual(candidate(\"  lang  .\"),false);\n}\n\ntest();",
      "timestamp": 1665510609,
      "stdout": "",
      "stderr": "",
      "exit_code": 0,
      "status": "OK"
    },
    {
      "program": "//Write a function that matches a word containing 'z'.\nfunction text_match_wordz(text: string): boolean {\n    return /\\bz\\w+\\b/g.test(text);\n}\n\ndeclare var require: any;\nconst assert = require('node:assert');\n\n\nfunction test() {\n  let candidate = text_match_wordz;\n  assert.deepEqual(candidate(\"pythonz.\"),true);\n  assert.deepEqual(candidate(\"xyz.\"),true);\n  assert.deepEqual(candidate(\"  lang  .\"),false);\n}\n\ntest();",
      "timestamp": 1665510609,
      "stdout": "",
      "stderr": "node:assert:124\n  throw new AssertionError(obj);\n  ^\n\nAssertionError [ERR_ASSERTION]: Expected values to be loosely deep-equal:\n\nfalse\n\nshould loosely deep-equal\n\ntrue\n    at test (/tmp/tmp2hr2ezc5.js:8:12)\n    at Object.<anonymous> (/tmp/tmp2hr2ezc5.js:12:1)\n    at Module._compile (node:internal/modules/cjs/loader:1120:14)\n    at Module._extensions..js (node:internal/modules/cjs/loader:1174:10)\n    at Module.load (node:internal/modules/cjs/loader:998:32)\n    at Module._load (node:internal/modules/cjs/loader:839:12)\n    at Function.executeUserEntryPoint [as runMain] (node:internal/modules/run_main:81:12)\n    at node:internal/main/run_main_module:17:47 {\n  generatedMessage: true,\n  code: 'ERR_ASSERTION',\n  actual: false,\n  expected: true,\n  operator: 'deepEqual'\n}\n\nNode.js v18.7.0\n",
      "exit_code": 1,
      "status": "AssertionError"
    },
    {
      "program": "//Write a function that matches a word containing 'z'.\nfunction text_match_wordz(text: string): boolean {\n    let regex = /\\bz\\w+/g;\n    return regex.test(text);\n}\n\ndeclare var require: any;\nconst assert = require('node:assert');\n\n\nfunction test() {\n  let candidate = text_match_wordz;\n  assert.deepEqual(candidate(\"pythonz.\"),true);\n  assert.deepEqual(candidate(\"xyz.\"),true);\n  assert.deepEqual(candidate(\"  lang  .\"),false);\n}\n\ntest();",
      "timestamp": 1665510609,
      "stdout": "",
      "stderr": "node:assert:124\n  throw new AssertionError(obj);\n  ^\n\nAssertionError [ERR_ASSERTION]: Expected values to be loosely deep-equal:\n\nfalse\n\nshould loosely deep-equal\n\ntrue\n    at test (/tmp/tmp9e4fnbs7.js:9:12)\n    at Object.<anonymous> (/tmp/tmp9e4fnbs7.js:13:1)\n    at Module._compile (node:internal/modules/cjs/loader:1120:14)\n    at Module._extensions..js (node:internal/modules/cjs/loader:1174:10)\n    at Module.load (node:internal/modules/cjs/loader:998:32)\n    at Module._load (node:internal/modules/cjs/loader:839:12)\n    at Function.executeUserEntryPoint [as runMain] (node:internal/modules/run_main:81:12)\n    at node:internal/main/run_main_module:17:47 {\n  generatedMessage: true,\n  code: 'ERR_ASSERTION',\n  actual: false,\n  expected: true,\n  operator: 'deepEqual'\n}\n\nNode.js v18.7.0\n",
      "exit_code": 1,
      "status": "AssertionError"
    },
    {
      "program": "//Write a function that matches a word containing 'z'.\nfunction text_match_wordz(text: string): boolean {\n    let regex = /\\bz\\w+/;\n    return regex.test(text);\n}\n\ndeclare var require: any;\nconst assert = require('node:assert');\n\n\nfunction test() {\n  let candidate = text_match_wordz;\n  assert.deepEqual(candidate(\"pythonz.\"),true);\n  assert.deepEqual(candidate(\"xyz.\"),true);\n  assert.deepEqual(candidate(\"  lang  .\"),false);\n}\n\ntest();",
      "timestamp": 1665510609,
      "stdout": "",
      "stderr": "node:assert:124\n  throw new AssertionError(obj);\n  ^\n\nAssertionError [ERR_ASSERTION]: Expected values to be loosely deep-equal:\n\nfalse\n\nshould loosely deep-equal\n\ntrue\n    at test (/tmp/tmpdpd48uvj.js:9:12)\n    at Object.<anonymous> (/tmp/tmpdpd48uvj.js:13:1)\n    at Module._compile (node:internal/modules/cjs/loader:1120:14)\n    at Module._extensions..js (node:internal/modules/cjs/loader:1174:10)\n    at Module.load (node:internal/modules/cjs/loader:998:32)\n    at Module._load (node:internal/modules/cjs/loader:839:12)\n    at Function.executeUserEntryPoint [as runMain] (node:internal/modules/run_main:81:12)\n    at node:internal/main/run_main_module:17:47 {\n  generatedMessage: true,\n  code: 'ERR_ASSERTION',\n  actual: false,\n  expected: true,\n  operator: 'deepEqual'\n}\n\nNode.js v18.7.0\n",
      "exit_code": 1,
      "status": "AssertionError"
    },
    {
      "program": "//Write a function that matches a word containing 'z'.\nfunction text_match_wordz(text: string): boolean {\n    let regex = /\\bz\\w+/g;\n    let found = text.match(regex);\n    if (found) {\n        return true;\n    }\n    return false;\n}\n\ndeclare var require: any;\nconst assert = require('node:assert');\n\n\nfunction test() {\n  let candidate = text_match_wordz;\n  assert.deepEqual(candidate(\"pythonz.\"),true);\n  assert.deepEqual(candidate(\"xyz.\"),true);\n  assert.deepEqual(candidate(\"  lang  .\"),false);\n}\n\ntest();",
      "timestamp": 1666123482,
      "stdout": "",
      "stderr": "node:assert:124\n  throw new AssertionError(obj);\n  ^\n\nAssertionError [ERR_ASSERTION]: Expected values to be loosely deep-equal:\n\nfalse\n\nshould loosely deep-equal\n\ntrue\n    at test (/tmp/tmp7m6ve926.js:13:12)\n    at Object.<anonymous> (/tmp/tmp7m6ve926.js:17:1)\n    at Module._compile (node:internal/modules/cjs/loader:1120:14)\n    at Module._extensions..js (node:internal/modules/cjs/loader:1174:10)\n    at Module.load (node:internal/modules/cjs/loader:998:32)\n    at Module._load (node:internal/modules/cjs/loader:839:12)\n    at Function.executeUserEntryPoint [as runMain] (node:internal/modules/run_main:81:12)\n    at node:internal/main/run_main_module:17:47 {\n  generatedMessage: true,\n  code: 'ERR_ASSERTION',\n  actual: false,\n  expected: true,\n  operator: 'deepEqual'\n}\n\nNode.js v18.7.0\n",
      "exit_code": 1,
      "status": "AssertionError"
    },
    {
      "program": "//Write a function that matches a word containing 'z'.\nfunction text_match_wordz(text: string): boolean {\n    let regex = /\\bz\\w+\\b/g;\n    return regex.test(text);\n}\n\nconsole.log(text_match_wordz(\"The quick brown fox jumps over the lazy dog.\"));\nconsole.log(text_match_wordz(\"The quick brown fox jumped over the lazy dog.\"));\nconsole.log(text_match_wordz(\"The quick brown fox jumps over the lazy dog.\"));\nconsole.log(text_match_wordz(\"The quick brown fox jumps over the lazy dog.\"));\n\ndeclare var require: any;\nconst assert = require('node:assert');\n\n\nfunction test() {\n  let candidate = text_match_wordz;\n  assert.deepEqual(candidate(\"pythonz.\"),true);\n  assert.deepEqual(candidate(\"xyz.\"),true);\n  assert.deepEqual(candidate(\"  lang  .\"),false);\n}\n\ntest();",
      "timestamp": 1666123482,
      "stdout": "false\nfalse\nfalse\nfalse\n",
      "stderr": "node:assert:124\n  throw new AssertionError(obj);\n  ^\n\nAssertionError [ERR_ASSERTION]: Expected values to be loosely deep-equal:\n\nfalse\n\nshould loosely deep-equal\n\ntrue\n    at test (/tmp/tmpz2y7ga67.js:13:12)\n    at Object.<anonymous> (/tmp/tmpz2y7ga67.js:17:1)\n    at Module._compile (node:internal/modules/cjs/loader:1120:14)\n    at Module._extensions..js (node:internal/modules/cjs/loader:1174:10)\n    at Module.load (node:internal/modules/cjs/loader:998:32)\n    at Module._load (node:internal/modules/cjs/loader:839:12)\n    at Function.executeUserEntryPoint [as runMain] (node:internal/modules/run_main:81:12)\n    at node:internal/main/run_main_module:17:47 {\n  generatedMessage: true,\n  code: 'ERR_ASSERTION',\n  actual: false,\n  expected: true,\n  operator: 'deepEqual'\n}\n\nNode.js v18.7.0\n",
      "exit_code": 1,
      "status": "AssertionError"
    },
    {
      "program": "//Write a function that matches a word containing 'z'.\nfunction text_match_wordz(text: string): boolean {\n    let regex = /\\bz\\w+/g;\n    return regex.test(text);\n}\n\ndeclare var require: any;\nconst assert = require('node:assert');\n\n\nfunction test() {\n  let candidate = text_match_wordz;\n  assert.deepEqual(candidate(\"pythonz.\"),true);\n  assert.deepEqual(candidate(\"xyz.\"),true);\n  assert.deepEqual(candidate(\"  lang  .\"),false);\n}\n\ntest();",
      "timestamp": 1665510609,
      "stdout": "",
      "stderr": "node:assert:124\n  throw new AssertionError(obj);\n  ^\n\nAssertionError [ERR_ASSERTION]: Expected values to be loosely deep-equal:\n\nfalse\n\nshould loosely deep-equal\n\ntrue\n    at test (/tmp/tmp9e4fnbs7.js:9:12)\n    at Object.<anonymous> (/tmp/tmp9e4fnbs7.js:13:1)\n    at Module._compile (node:internal/modules/cjs/loader:1120:14)\n    at Module._extensions..js (node:internal/modules/cjs/loader:1174:10)\n    at Module.load (node:internal/modules/cjs/loader:998:32)\n    at Module._load (node:internal/modules/cjs/loader:839:12)\n    at Function.executeUserEntryPoint [as runMain] (node:internal/modules/run_main:81:12)\n    at node:internal/main/run_main_module:17:47 {\n  generatedMessage: true,\n  code: 'ERR_ASSERTION',\n  actual: false,\n  expected: true,\n  operator: 'deepEqual'\n}\n\nNode.js v18.7.0\n",
      "exit_code": 1,
      "status": "AssertionError"
    },
    {
      "program": "//Write a function that matches a word containing 'z'.\nfunction text_match_wordz(text: string): boolean {\n    return /\\w*z\\w*/.test(text);\n}\n\ndeclare var require: any;\nconst assert = require('node:assert');\n\n\nfunction test() {\n  let candidate = text_match_wordz;\n  assert.deepEqual(candidate(\"pythonz.\"),true);\n  assert.deepEqual(candidate(\"xyz.\"),true);\n  assert.deepEqual(candidate(\"  lang  .\"),false);\n}\n\ntest();",
      "timestamp": 1665510609,
      "stdout": "",
      "stderr": "",
      "exit_code": 0,
      "status": "OK"
    },
    {
      "program": "//Write a function that matches a word containing 'z'.\nfunction text_match_wordz(text: string): boolean {\n    let match = text.match(/\\w*z\\w*/i);\n    return match != null;\n}\n\ndeclare var require: any;\nconst assert = require('node:assert');\n\n\nfunction test() {\n  let candidate = text_match_wordz;\n  assert.deepEqual(candidate(\"pythonz.\"),true);\n  assert.deepEqual(candidate(\"xyz.\"),true);\n  assert.deepEqual(candidate(\"  lang  .\"),false);\n}\n\ntest();",
      "timestamp": 1666123482,
      "stdout": "",
      "stderr": "",
      "exit_code": 0,
      "status": "OK"
    },
    {
      "program": "//Write a function that matches a word containing 'z'.\nfunction text_match_wordz(text: string): boolean {\n    let regex = /\\bz\\w+/g;\n    return regex.test(text);\n}\n\ndeclare var require: any;\nconst assert = require('node:assert');\n\n\nfunction test() {\n  let candidate = text_match_wordz;\n  assert.deepEqual(candidate(\"pythonz.\"),true);\n  assert.deepEqual(candidate(\"xyz.\"),true);\n  assert.deepEqual(candidate(\"  lang  .\"),false);\n}\n\ntest();",
      "timestamp": 1665510609,
      "stdout": "",
      "stderr": "node:assert:124\n  throw new AssertionError(obj);\n  ^\n\nAssertionError [ERR_ASSERTION]: Expected values to be loosely deep-equal:\n\nfalse\n\nshould loosely deep-equal\n\ntrue\n    at test (/tmp/tmp9e4fnbs7.js:9:12)\n    at Object.<anonymous> (/tmp/tmp9e4fnbs7.js:13:1)\n    at Module._compile (node:internal/modules/cjs/loader:1120:14)\n    at Module._extensions..js (node:internal/modules/cjs/loader:1174:10)\n    at Module.load (node:internal/modules/cjs/loader:998:32)\n    at Module._load (node:internal/modules/cjs/loader:839:12)\n    at Function.executeUserEntryPoint [as runMain] (node:internal/modules/run_main:81:12)\n    at node:internal/main/run_main_module:17:47 {\n  generatedMessage: true,\n  code: 'ERR_ASSERTION',\n  actual: false,\n  expected: true,\n  operator: 'deepEqual'\n}\n\nNode.js v18.7.0\n",
      "exit_code": 1,
      "status": "AssertionError"
    },
    {
      "program": "//Write a function that matches a word containing 'z'.\nfunction text_match_wordz(text: string): boolean {\n    let regex = /\\bz\\w+/g;\n    return regex.test(text);\n}\n\ndeclare var require: any;\nconst assert = require('node:assert');\n\n\nfunction test() {\n  let candidate = text_match_wordz;\n  assert.deepEqual(candidate(\"pythonz.\"),true);\n  assert.deepEqual(candidate(\"xyz.\"),true);\n  assert.deepEqual(candidate(\"  lang  .\"),false);\n}\n\ntest();",
      "timestamp": 1665510609,
      "stdout": "",
      "stderr": "node:assert:124\n  throw new AssertionError(obj);\n  ^\n\nAssertionError [ERR_ASSERTION]: Expected values to be loosely deep-equal:\n\nfalse\n\nshould loosely deep-equal\n\ntrue\n    at test (/tmp/tmp9e4fnbs7.js:9:12)\n    at Object.<anonymous> (/tmp/tmp9e4fnbs7.js:13:1)\n    at Module._compile (node:internal/modules/cjs/loader:1120:14)\n    at Module._extensions..js (node:internal/modules/cjs/loader:1174:10)\n    at Module.load (node:internal/modules/cjs/loader:998:32)\n    at Module._load (node:internal/modules/cjs/loader:839:12)\n    at Function.executeUserEntryPoint [as runMain] (node:internal/modules/run_main:81:12)\n    at node:internal/main/run_main_module:17:47 {\n  generatedMessage: true,\n  code: 'ERR_ASSERTION',\n  actual: false,\n  expected: true,\n  operator: 'deepEqual'\n}\n\nNode.js v18.7.0\n",
      "exit_code": 1,
      "status": "AssertionError"
    },
    {
      "program": "//Write a function that matches a word containing 'z'.\nfunction text_match_wordz(text: string): boolean {\n    let regex = /\\bz\\w+/g;\n    return regex.test(text);\n}\n\ndeclare var require: any;\nconst assert = require('node:assert');\n\n\nfunction test() {\n  let candidate = text_match_wordz;\n  assert.deepEqual(candidate(\"pythonz.\"),true);\n  assert.deepEqual(candidate(\"xyz.\"),true);\n  assert.deepEqual(candidate(\"  lang  .\"),false);\n}\n\ntest();",
      "timestamp": 1665510609,
      "stdout": "",
      "stderr": "node:assert:124\n  throw new AssertionError(obj);\n  ^\n\nAssertionError [ERR_ASSERTION]: Expected values to be loosely deep-equal:\n\nfalse\n\nshould loosely deep-equal\n\ntrue\n    at test (/tmp/tmp9e4fnbs7.js:9:12)\n    at Object.<anonymous> (/tmp/tmp9e4fnbs7.js:13:1)\n    at Module._compile (node:internal/modules/cjs/loader:1120:14)\n    at Module._extensions..js (node:internal/modules/cjs/loader:1174:10)\n    at Module.load (node:internal/modules/cjs/loader:998:32)\n    at Module._load (node:internal/modules/cjs/loader:839:12)\n    at Function.executeUserEntryPoint [as runMain] (node:internal/modules/run_main:81:12)\n    at node:internal/main/run_main_module:17:47 {\n  generatedMessage: true,\n  code: 'ERR_ASSERTION',\n  actual: false,\n  expected: true,\n  operator: 'deepEqual'\n}\n\nNode.js v18.7.0\n",
      "exit_code": 1,
      "status": "AssertionError"
    },
    {
      "program": "//Write a function that matches a word containing 'z'.\nfunction text_match_wordz(text: string): boolean {\n    let regex = /\\bz\\w+/g;\n    return regex.test(text);\n}\n\ndeclare var require: any;\nconst assert = require('node:assert');\n\n\nfunction test() {\n  let candidate = text_match_wordz;\n  assert.deepEqual(candidate(\"pythonz.\"),true);\n  assert.deepEqual(candidate(\"xyz.\"),true);\n  assert.deepEqual(candidate(\"  lang  .\"),false);\n}\n\ntest();",
      "timestamp": 1665510609,
      "stdout": "",
      "stderr": "node:assert:124\n  throw new AssertionError(obj);\n  ^\n\nAssertionError [ERR_ASSERTION]: Expected values to be loosely deep-equal:\n\nfalse\n\nshould loosely deep-equal\n\ntrue\n    at test (/tmp/tmp9e4fnbs7.js:9:12)\n    at Object.<anonymous> (/tmp/tmp9e4fnbs7.js:13:1)\n    at Module._compile (node:internal/modules/cjs/loader:1120:14)\n    at Module._extensions..js (node:internal/modules/cjs/loader:1174:10)\n    at Module.load (node:internal/modules/cjs/loader:998:32)\n    at Module._load (node:internal/modules/cjs/loader:839:12)\n    at Function.executeUserEntryPoint [as runMain] (node:internal/modules/run_main:81:12)\n    at node:internal/main/run_main_module:17:47 {\n  generatedMessage: true,\n  code: 'ERR_ASSERTION',\n  actual: false,\n  expected: true,\n  operator: 'deepEqual'\n}\n\nNode.js v18.7.0\n",
      "exit_code": 1,
      "status": "AssertionError"
    },
    {
      "program": "//Write a function that matches a word containing 'z'.\nfunction text_match_wordz(text: string): boolean {\n    let regex = /\\w*z\\w*/;\n    return regex.test(text);\n}\n\ndeclare var require: any;\nconst assert = require('node:assert');\n\n\nfunction test() {\n  let candidate = text_match_wordz;\n  assert.deepEqual(candidate(\"pythonz.\"),true);\n  assert.deepEqual(candidate(\"xyz.\"),true);\n  assert.deepEqual(candidate(\"  lang  .\"),false);\n}\n\ntest();",
      "timestamp": 1665510609,
      "stdout": "",
      "stderr": "",
      "exit_code": 0,
      "status": "OK"
    },
    {
      "program": "//Write a function that matches a word containing 'z'.\nfunction text_match_wordz(text: string): boolean {\n    let regex = /\\bz\\w+\\b/g;\n    return regex.test(text);\n}\n\ndeclare var require: any;\nconst assert = require('node:assert');\n\n\nfunction test() {\n  let candidate = text_match_wordz;\n  assert.deepEqual(candidate(\"pythonz.\"),true);\n  assert.deepEqual(candidate(\"xyz.\"),true);\n  assert.deepEqual(candidate(\"  lang  .\"),false);\n}\n\ntest();",
      "timestamp": 1665510610,
      "stdout": "",
      "stderr": "node:assert:124\n  throw new AssertionError(obj);\n  ^\n\nAssertionError [ERR_ASSERTION]: Expected values to be loosely deep-equal:\n\nfalse\n\nshould loosely deep-equal\n\ntrue\n    at test (/tmp/tmpqdww93h_.js:9:12)\n    at Object.<anonymous> (/tmp/tmpqdww93h_.js:13:1)\n    at Module._compile (node:internal/modules/cjs/loader:1120:14)\n    at Module._extensions..js (node:internal/modules/cjs/loader:1174:10)\n    at Module.load (node:internal/modules/cjs/loader:998:32)\n    at Module._load (node:internal/modules/cjs/loader:839:12)\n    at Function.executeUserEntryPoint [as runMain] (node:internal/modules/run_main:81:12)\n    at node:internal/main/run_main_module:17:47 {\n  generatedMessage: true,\n  code: 'ERR_ASSERTION',\n  actual: false,\n  expected: true,\n  operator: 'deepEqual'\n}\n\nNode.js v18.7.0\n",
      "exit_code": 1,
      "status": "AssertionError"
    },
    {
      "program": "//Write a function that matches a word containing 'z'.\nfunction text_match_wordz(text: string): boolean {\n    let regex = /\\bz\\w+\\b/g;\n    return regex.test(text);\n}\n\ndeclare var require: any;\nconst assert = require('node:assert');\n\n\nfunction test() {\n  let candidate = text_match_wordz;\n  assert.deepEqual(candidate(\"pythonz.\"),true);\n  assert.deepEqual(candidate(\"xyz.\"),true);\n  assert.deepEqual(candidate(\"  lang  .\"),false);\n}\n\ntest();",
      "timestamp": 1665510610,
      "stdout": "",
      "stderr": "node:assert:124\n  throw new AssertionError(obj);\n  ^\n\nAssertionError [ERR_ASSERTION]: Expected values to be loosely deep-equal:\n\nfalse\n\nshould loosely deep-equal\n\ntrue\n    at test (/tmp/tmpqdww93h_.js:9:12)\n    at Object.<anonymous> (/tmp/tmpqdww93h_.js:13:1)\n    at Module._compile (node:internal/modules/cjs/loader:1120:14)\n    at Module._extensions..js (node:internal/modules/cjs/loader:1174:10)\n    at Module.load (node:internal/modules/cjs/loader:998:32)\n    at Module._load (node:internal/modules/cjs/loader:839:12)\n    at Function.executeUserEntryPoint [as runMain] (node:internal/modules/run_main:81:12)\n    at node:internal/main/run_main_module:17:47 {\n  generatedMessage: true,\n  code: 'ERR_ASSERTION',\n  actual: false,\n  expected: true,\n  operator: 'deepEqual'\n}\n\nNode.js v18.7.0\n",
      "exit_code": 1,
      "status": "AssertionError"
    },
    {
      "program": "//Write a function that matches a word containing 'z'.\nfunction text_match_wordz(text: string): boolean {\n    let regex = /\\bz\\w+/g;\n    return regex.test(text);\n}\n\ndeclare var require: any;\nconst assert = require('node:assert');\n\n\nfunction test() {\n  let candidate = text_match_wordz;\n  assert.deepEqual(candidate(\"pythonz.\"),true);\n  assert.deepEqual(candidate(\"xyz.\"),true);\n  assert.deepEqual(candidate(\"  lang  .\"),false);\n}\n\ntest();",
      "timestamp": 1665510609,
      "stdout": "",
      "stderr": "node:assert:124\n  throw new AssertionError(obj);\n  ^\n\nAssertionError [ERR_ASSERTION]: Expected values to be loosely deep-equal:\n\nfalse\n\nshould loosely deep-equal\n\ntrue\n    at test (/tmp/tmp9e4fnbs7.js:9:12)\n    at Object.<anonymous> (/tmp/tmp9e4fnbs7.js:13:1)\n    at Module._compile (node:internal/modules/cjs/loader:1120:14)\n    at Module._extensions..js (node:internal/modules/cjs/loader:1174:10)\n    at Module.load (node:internal/modules/cjs/loader:998:32)\n    at Module._load (node:internal/modules/cjs/loader:839:12)\n    at Function.executeUserEntryPoint [as runMain] (node:internal/modules/run_main:81:12)\n    at node:internal/main/run_main_module:17:47 {\n  generatedMessage: true,\n  code: 'ERR_ASSERTION',\n  actual: false,\n  expected: true,\n  operator: 'deepEqual'\n}\n\nNode.js v18.7.0\n",
      "exit_code": 1,
      "status": "AssertionError"
    },
    {
      "program": "//Write a function that matches a word containing 'z'.\nfunction text_match_wordz(text: string): boolean {\n    let regex = /\\bz\\w+/g;\n    return regex.test(text);\n}\n\ndeclare var require: any;\nconst assert = require('node:assert');\n\n\nfunction test() {\n  let candidate = text_match_wordz;\n  assert.deepEqual(candidate(\"pythonz.\"),true);\n  assert.deepEqual(candidate(\"xyz.\"),true);\n  assert.deepEqual(candidate(\"  lang  .\"),false);\n}\n\ntest();",
      "timestamp": 1665510609,
      "stdout": "",
      "stderr": "node:assert:124\n  throw new AssertionError(obj);\n  ^\n\nAssertionError [ERR_ASSERTION]: Expected values to be loosely deep-equal:\n\nfalse\n\nshould loosely deep-equal\n\ntrue\n    at test (/tmp/tmp9e4fnbs7.js:9:12)\n    at Object.<anonymous> (/tmp/tmp9e4fnbs7.js:13:1)\n    at Module._compile (node:internal/modules/cjs/loader:1120:14)\n    at Module._extensions..js (node:internal/modules/cjs/loader:1174:10)\n    at Module.load (node:internal/modules/cjs/loader:998:32)\n    at Module._load (node:internal/modules/cjs/loader:839:12)\n    at Function.executeUserEntryPoint [as runMain] (node:internal/modules/run_main:81:12)\n    at node:internal/main/run_main_module:17:47 {\n  generatedMessage: true,\n  code: 'ERR_ASSERTION',\n  actual: false,\n  expected: true,\n  operator: 'deepEqual'\n}\n\nNode.js v18.7.0\n",
      "exit_code": 1,
      "status": "AssertionError"
    },
    {
      "program": "//Write a function that matches a word containing 'z'.\nfunction text_match_wordz(text: string): boolean {\n    let regex = /\\bz\\w+\\b/;\n    return regex.test(text);\n}\n\ndeclare var require: any;\nconst assert = require('node:assert');\n\n\nfunction test() {\n  let candidate = text_match_wordz;\n  assert.deepEqual(candidate(\"pythonz.\"),true);\n  assert.deepEqual(candidate(\"xyz.\"),true);\n  assert.deepEqual(candidate(\"  lang  .\"),false);\n}\n\ntest();",
      "timestamp": 1665510609,
      "stdout": "",
      "stderr": "node:assert:124\n  throw new AssertionError(obj);\n  ^\n\nAssertionError [ERR_ASSERTION]: Expected values to be loosely deep-equal:\n\nfalse\n\nshould loosely deep-equal\n\ntrue\n    at test (/tmp/tmpaesghpw_.js:9:12)\n    at Object.<anonymous> (/tmp/tmpaesghpw_.js:13:1)\n    at Module._compile (node:internal/modules/cjs/loader:1120:14)\n    at Module._extensions..js (node:internal/modules/cjs/loader:1174:10)\n    at Module.load (node:internal/modules/cjs/loader:998:32)\n    at Module._load (node:internal/modules/cjs/loader:839:12)\n    at Function.executeUserEntryPoint [as runMain] (node:internal/modules/run_main:81:12)\n    at node:internal/main/run_main_module:17:47 {\n  generatedMessage: true,\n  code: 'ERR_ASSERTION',\n  actual: false,\n  expected: true,\n  operator: 'deepEqual'\n}\n\nNode.js v18.7.0\n",
      "exit_code": 1,
      "status": "AssertionError"
    },
    {
      "program": "//Write a function that matches a word containing 'z'.\nfunction text_match_wordz(text: string): boolean {\n    return /\\bz\\w+\\b/i.test(text);\n}\n\ndeclare var require: any;\nconst assert = require('node:assert');\n\n\nfunction test() {\n  let candidate = text_match_wordz;\n  assert.deepEqual(candidate(\"pythonz.\"),true);\n  assert.deepEqual(candidate(\"xyz.\"),true);\n  assert.deepEqual(candidate(\"  lang  .\"),false);\n}\n\ntest();",
      "timestamp": 1666123482,
      "stdout": "",
      "stderr": "node:assert:124\n  throw new AssertionError(obj);\n  ^\n\nAssertionError [ERR_ASSERTION]: Expected values to be loosely deep-equal:\n\nfalse\n\nshould loosely deep-equal\n\ntrue\n    at test (/tmp/tmpr_0i_v30.js:8:12)\n    at Object.<anonymous> (/tmp/tmpr_0i_v30.js:12:1)\n    at Module._compile (node:internal/modules/cjs/loader:1120:14)\n    at Module._extensions..js (node:internal/modules/cjs/loader:1174:10)\n    at Module.load (node:internal/modules/cjs/loader:998:32)\n    at Module._load (node:internal/modules/cjs/loader:839:12)\n    at Function.executeUserEntryPoint [as runMain] (node:internal/modules/run_main:81:12)\n    at node:internal/main/run_main_module:17:47 {\n  generatedMessage: true,\n  code: 'ERR_ASSERTION',\n  actual: false,\n  expected: true,\n  operator: 'deepEqual'\n}\n\nNode.js v18.7.0\n",
      "exit_code": 1,
      "status": "AssertionError"
    },
    {
      "program": "//Write a function that matches a word containing 'z'.\nfunction text_match_wordz(text: string): boolean {\n    let regex = /\\bz\\w+\\b/;\n    return regex.test(text);\n}\n\ndeclare var require: any;\nconst assert = require('node:assert');\n\n\nfunction test() {\n  let candidate = text_match_wordz;\n  assert.deepEqual(candidate(\"pythonz.\"),true);\n  assert.deepEqual(candidate(\"xyz.\"),true);\n  assert.deepEqual(candidate(\"  lang  .\"),false);\n}\n\ntest();",
      "timestamp": 1665510609,
      "stdout": "",
      "stderr": "node:assert:124\n  throw new AssertionError(obj);\n  ^\n\nAssertionError [ERR_ASSERTION]: Expected values to be loosely deep-equal:\n\nfalse\n\nshould loosely deep-equal\n\ntrue\n    at test (/tmp/tmpaesghpw_.js:9:12)\n    at Object.<anonymous> (/tmp/tmpaesghpw_.js:13:1)\n    at Module._compile (node:internal/modules/cjs/loader:1120:14)\n    at Module._extensions..js (node:internal/modules/cjs/loader:1174:10)\n    at Module.load (node:internal/modules/cjs/loader:998:32)\n    at Module._load (node:internal/modules/cjs/loader:839:12)\n    at Function.executeUserEntryPoint [as runMain] (node:internal/modules/run_main:81:12)\n    at node:internal/main/run_main_module:17:47 {\n  generatedMessage: true,\n  code: 'ERR_ASSERTION',\n  actual: false,\n  expected: true,\n  operator: 'deepEqual'\n}\n\nNode.js v18.7.0\n",
      "exit_code": 1,
      "status": "AssertionError"
    },
    {
      "program": "//Write a function that matches a word containing 'z'.\nfunction text_match_wordz(text: string): boolean {\n    let regex = /\\bz\\w+/g;\n    return regex.test(text);\n}\n\ndeclare var require: any;\nconst assert = require('node:assert');\n\n\nfunction test() {\n  let candidate = text_match_wordz;\n  assert.deepEqual(candidate(\"pythonz.\"),true);\n  assert.deepEqual(candidate(\"xyz.\"),true);\n  assert.deepEqual(candidate(\"  lang  .\"),false);\n}\n\ntest();",
      "timestamp": 1665510609,
      "stdout": "",
      "stderr": "node:assert:124\n  throw new AssertionError(obj);\n  ^\n\nAssertionError [ERR_ASSERTION]: Expected values to be loosely deep-equal:\n\nfalse\n\nshould loosely deep-equal\n\ntrue\n    at test (/tmp/tmp9e4fnbs7.js:9:12)\n    at Object.<anonymous> (/tmp/tmp9e4fnbs7.js:13:1)\n    at Module._compile (node:internal/modules/cjs/loader:1120:14)\n    at Module._extensions..js (node:internal/modules/cjs/loader:1174:10)\n    at Module.load (node:internal/modules/cjs/loader:998:32)\n    at Module._load (node:internal/modules/cjs/loader:839:12)\n    at Function.executeUserEntryPoint [as runMain] (node:internal/modules/run_main:81:12)\n    at node:internal/main/run_main_module:17:47 {\n  generatedMessage: true,\n  code: 'ERR_ASSERTION',\n  actual: false,\n  expected: true,\n  operator: 'deepEqual'\n}\n\nNode.js v18.7.0\n",
      "exit_code": 1,
      "status": "AssertionError"
    },
    {
      "program": "//Write a function that matches a word containing 'z'.\nfunction text_match_wordz(text: string): boolean {\n    let regex = /\\bz\\w+/g;\n    return regex.test(text);\n}\n\ndeclare var require: any;\nconst assert = require('node:assert');\n\n\nfunction test() {\n  let candidate = text_match_wordz;\n  assert.deepEqual(candidate(\"pythonz.\"),true);\n  assert.deepEqual(candidate(\"xyz.\"),true);\n  assert.deepEqual(candidate(\"  lang  .\"),false);\n}\n\ntest();",
      "timestamp": 1665510609,
      "stdout": "",
      "stderr": "node:assert:124\n  throw new AssertionError(obj);\n  ^\n\nAssertionError [ERR_ASSERTION]: Expected values to be loosely deep-equal:\n\nfalse\n\nshould loosely deep-equal\n\ntrue\n    at test (/tmp/tmp9e4fnbs7.js:9:12)\n    at Object.<anonymous> (/tmp/tmp9e4fnbs7.js:13:1)\n    at Module._compile (node:internal/modules/cjs/loader:1120:14)\n    at Module._extensions..js (node:internal/modules/cjs/loader:1174:10)\n    at Module.load (node:internal/modules/cjs/loader:998:32)\n    at Module._load (node:internal/modules/cjs/loader:839:12)\n    at Function.executeUserEntryPoint [as runMain] (node:internal/modules/run_main:81:12)\n    at node:internal/main/run_main_module:17:47 {\n  generatedMessage: true,\n  code: 'ERR_ASSERTION',\n  actual: false,\n  expected: true,\n  operator: 'deepEqual'\n}\n\nNode.js v18.7.0\n",
      "exit_code": 1,
      "status": "AssertionError"
    },
    {
      "program": "//Write a function that matches a word containing 'z'.\nfunction text_match_wordz(text: string): boolean {\n    let regex = /\\bz\\w+\\b/;\n    return regex.test(text);\n}\n\ndeclare var require: any;\nconst assert = require('node:assert');\n\n\nfunction test() {\n  let candidate = text_match_wordz;\n  assert.deepEqual(candidate(\"pythonz.\"),true);\n  assert.deepEqual(candidate(\"xyz.\"),true);\n  assert.deepEqual(candidate(\"  lang  .\"),false);\n}\n\ntest();",
      "timestamp": 1665510609,
      "stdout": "",
      "stderr": "node:assert:124\n  throw new AssertionError(obj);\n  ^\n\nAssertionError [ERR_ASSERTION]: Expected values to be loosely deep-equal:\n\nfalse\n\nshould loosely deep-equal\n\ntrue\n    at test (/tmp/tmpaesghpw_.js:9:12)\n    at Object.<anonymous> (/tmp/tmpaesghpw_.js:13:1)\n    at Module._compile (node:internal/modules/cjs/loader:1120:14)\n    at Module._extensions..js (node:internal/modules/cjs/loader:1174:10)\n    at Module.load (node:internal/modules/cjs/loader:998:32)\n    at Module._load (node:internal/modules/cjs/loader:839:12)\n    at Function.executeUserEntryPoint [as runMain] (node:internal/modules/run_main:81:12)\n    at node:internal/main/run_main_module:17:47 {\n  generatedMessage: true,\n  code: 'ERR_ASSERTION',\n  actual: false,\n  expected: true,\n  operator: 'deepEqual'\n}\n\nNode.js v18.7.0\n",
      "exit_code": 1,
      "status": "AssertionError"
    },
    {
      "program": "//Write a function that matches a word containing 'z'.\nfunction text_match_wordz(text: string): boolean {\n    let regex = /\\bz\\w+/g;\n    return regex.test(text);\n}\n\ndeclare var require: any;\nconst assert = require('node:assert');\n\n\nfunction test() {\n  let candidate = text_match_wordz;\n  assert.deepEqual(candidate(\"pythonz.\"),true);\n  assert.deepEqual(candidate(\"xyz.\"),true);\n  assert.deepEqual(candidate(\"  lang  .\"),false);\n}\n\ntest();",
      "timestamp": 1665510609,
      "stdout": "",
      "stderr": "node:assert:124\n  throw new AssertionError(obj);\n  ^\n\nAssertionError [ERR_ASSERTION]: Expected values to be loosely deep-equal:\n\nfalse\n\nshould loosely deep-equal\n\ntrue\n    at test (/tmp/tmp9e4fnbs7.js:9:12)\n    at Object.<anonymous> (/tmp/tmp9e4fnbs7.js:13:1)\n    at Module._compile (node:internal/modules/cjs/loader:1120:14)\n    at Module._extensions..js (node:internal/modules/cjs/loader:1174:10)\n    at Module.load (node:internal/modules/cjs/loader:998:32)\n    at Module._load (node:internal/modules/cjs/loader:839:12)\n    at Function.executeUserEntryPoint [as runMain] (node:internal/modules/run_main:81:12)\n    at node:internal/main/run_main_module:17:47 {\n  generatedMessage: true,\n  code: 'ERR_ASSERTION',\n  actual: false,\n  expected: true,\n  operator: 'deepEqual'\n}\n\nNode.js v18.7.0\n",
      "exit_code": 1,
      "status": "AssertionError"
    },
    {
      "program": "//Write a function that matches a word containing 'z'.\nfunction text_match_wordz(text: string): boolean {\n    let regex = /\\w*z\\w*/;\n    return regex.test(text);\n}\n\ndeclare var require: any;\nconst assert = require('node:assert');\n\n\nfunction test() {\n  let candidate = text_match_wordz;\n  assert.deepEqual(candidate(\"pythonz.\"),true);\n  assert.deepEqual(candidate(\"xyz.\"),true);\n  assert.deepEqual(candidate(\"  lang  .\"),false);\n}\n\ntest();",
      "timestamp": 1665510609,
      "stdout": "",
      "stderr": "",
      "exit_code": 0,
      "status": "OK"
    },
    {
      "program": "//Write a function that matches a word containing 'z'.\nfunction text_match_wordz(text: string): boolean {\n    let regex = /\\bz\\w+/g;\n    return regex.test(text);\n}\n\ndeclare var require: any;\nconst assert = require('node:assert');\n\n\nfunction test() {\n  let candidate = text_match_wordz;\n  assert.deepEqual(candidate(\"pythonz.\"),true);\n  assert.deepEqual(candidate(\"xyz.\"),true);\n  assert.deepEqual(candidate(\"  lang  .\"),false);\n}\n\ntest();",
      "timestamp": 1665510609,
      "stdout": "",
      "stderr": "node:assert:124\n  throw new AssertionError(obj);\n  ^\n\nAssertionError [ERR_ASSERTION]: Expected values to be loosely deep-equal:\n\nfalse\n\nshould loosely deep-equal\n\ntrue\n    at test (/tmp/tmp9e4fnbs7.js:9:12)\n    at Object.<anonymous> (/tmp/tmp9e4fnbs7.js:13:1)\n    at Module._compile (node:internal/modules/cjs/loader:1120:14)\n    at Module._extensions..js (node:internal/modules/cjs/loader:1174:10)\n    at Module.load (node:internal/modules/cjs/loader:998:32)\n    at Module._load (node:internal/modules/cjs/loader:839:12)\n    at Function.executeUserEntryPoint [as runMain] (node:internal/modules/run_main:81:12)\n    at node:internal/main/run_main_module:17:47 {\n  generatedMessage: true,\n  code: 'ERR_ASSERTION',\n  actual: false,\n  expected: true,\n  operator: 'deepEqual'\n}\n\nNode.js v18.7.0\n",
      "exit_code": 1,
      "status": "AssertionError"
    },
    {
      "program": "//Write a function that matches a word containing 'z'.\nfunction text_match_wordz(text: string): boolean {\n    let regex = /\\w*z\\w*/;\n    return regex.test(text);\n}\n\ndeclare var require: any;\nconst assert = require('node:assert');\n\n\nfunction test() {\n  let candidate = text_match_wordz;\n  assert.deepEqual(candidate(\"pythonz.\"),true);\n  assert.deepEqual(candidate(\"xyz.\"),true);\n  assert.deepEqual(candidate(\"  lang  .\"),false);\n}\n\ntest();",
      "timestamp": 1665510609,
      "stdout": "",
      "stderr": "",
      "exit_code": 0,
      "status": "OK"
    },
    {
      "program": "//Write a function that matches a word containing 'z'.\nfunction text_match_wordz(text: string): boolean {\n    return text.match(/\\w*z\\w*/) !== null;\n}\n\ndeclare var require: any;\nconst assert = require('node:assert');\n\n\nfunction test() {\n  let candidate = text_match_wordz;\n  assert.deepEqual(candidate(\"pythonz.\"),true);\n  assert.deepEqual(candidate(\"xyz.\"),true);\n  assert.deepEqual(candidate(\"  lang  .\"),false);\n}\n\ntest();",
      "timestamp": 1666123482,
      "stdout": "",
      "stderr": "",
      "exit_code": 0,
      "status": "OK"
    },
    {
      "program": "//Write a function that matches a word containing 'z'.\nfunction text_match_wordz(text: string): boolean {\n    return /\\bz\\w+\\b/g.test(text);\n}\nconsole.log(text_match_wordz(\"The quick brown fox jumps over the lazy dog.\"));\nconsole.log(text_match_wordz(\"The quick brown fox jumped over the lazy dog.\"));\nconsole.log(text_match_wordz(\"The quick brown fox jumps over the lazy dog.\"));\nconsole.log(text_match_wordz(\"The quick brown fox jumps over the lazy dog.\"));\n\ndeclare var require: any;\nconst assert = require('node:assert');\n\n\nfunction test() {\n  let candidate = text_match_wordz;\n  assert.deepEqual(candidate(\"pythonz.\"),true);\n  assert.deepEqual(candidate(\"xyz.\"),true);\n  assert.deepEqual(candidate(\"  lang  .\"),false);\n}\n\ntest();",
      "timestamp": 1666123482,
      "stdout": "false\nfalse\nfalse\nfalse\n",
      "stderr": "node:assert:124\n  throw new AssertionError(obj);\n  ^\n\nAssertionError [ERR_ASSERTION]: Expected values to be loosely deep-equal:\n\nfalse\n\nshould loosely deep-equal\n\ntrue\n    at test (/tmp/tmpeivg21zm.js:12:12)\n    at Object.<anonymous> (/tmp/tmpeivg21zm.js:16:1)\n    at Module._compile (node:internal/modules/cjs/loader:1120:14)\n    at Module._extensions..js (node:internal/modules/cjs/loader:1174:10)\n    at Module.load (node:internal/modules/cjs/loader:998:32)\n    at Module._load (node:internal/modules/cjs/loader:839:12)\n    at Function.executeUserEntryPoint [as runMain] (node:internal/modules/run_main:81:12)\n    at node:internal/main/run_main_module:17:47 {\n  generatedMessage: true,\n  code: 'ERR_ASSERTION',\n  actual: false,\n  expected: true,\n  operator: 'deepEqual'\n}\n\nNode.js v18.7.0\n",
      "exit_code": 1,
      "status": "AssertionError"
    },
    {
      "program": "//Write a function that matches a word containing 'z'.\nfunction text_match_wordz(text: string): boolean {\n    let regex = /\\w*z\\w*/;\n    return regex.test(text);\n}\n\ndeclare var require: any;\nconst assert = require('node:assert');\n\n\nfunction test() {\n  let candidate = text_match_wordz;\n  assert.deepEqual(candidate(\"pythonz.\"),true);\n  assert.deepEqual(candidate(\"xyz.\"),true);\n  assert.deepEqual(candidate(\"  lang  .\"),false);\n}\n\ntest();",
      "timestamp": 1665510609,
      "stdout": "",
      "stderr": "",
      "exit_code": 0,
      "status": "OK"
    },
    {
      "program": "//Write a function that matches a word containing 'z'.\nfunction text_match_wordz(text: string): boolean {\n    return /\\bz\\w+\\b/.test(text);\n}\n\ndeclare var require: any;\nconst assert = require('node:assert');\n\n\nfunction test() {\n  let candidate = text_match_wordz;\n  assert.deepEqual(candidate(\"pythonz.\"),true);\n  assert.deepEqual(candidate(\"xyz.\"),true);\n  assert.deepEqual(candidate(\"  lang  .\"),false);\n}\n\ntest();",
      "timestamp": 1665510610,
      "stdout": "",
      "stderr": "node:assert:124\n  throw new AssertionError(obj);\n  ^\n\nAssertionError [ERR_ASSERTION]: Expected values to be loosely deep-equal:\n\nfalse\n\nshould loosely deep-equal\n\ntrue\n    at test (/tmp/tmpxonrukfd.js:8:12)\n    at Object.<anonymous> (/tmp/tmpxonrukfd.js:12:1)\n    at Module._compile (node:internal/modules/cjs/loader:1120:14)\n    at Module._extensions..js (node:internal/modules/cjs/loader:1174:10)\n    at Module.load (node:internal/modules/cjs/loader:998:32)\n    at Module._load (node:internal/modules/cjs/loader:839:12)\n    at Function.executeUserEntryPoint [as runMain] (node:internal/modules/run_main:81:12)\n    at node:internal/main/run_main_module:17:47 {\n  generatedMessage: true,\n  code: 'ERR_ASSERTION',\n  actual: false,\n  expected: true,\n  operator: 'deepEqual'\n}\n\nNode.js v18.7.0\n",
      "exit_code": 1,
      "status": "AssertionError"
    },
    {
      "program": "//Write a function that matches a word containing 'z'.\nfunction text_match_wordz(text: string): boolean {\n    return /\\w*z\\w*/.test(text);\n}\n\ndeclare var require: any;\nconst assert = require('node:assert');\n\n\nfunction test() {\n  let candidate = text_match_wordz;\n  assert.deepEqual(candidate(\"pythonz.\"),true);\n  assert.deepEqual(candidate(\"xyz.\"),true);\n  assert.deepEqual(candidate(\"  lang  .\"),false);\n}\n\ntest();",
      "timestamp": 1665510609,
      "stdout": "",
      "stderr": "",
      "exit_code": 0,
      "status": "OK"
    },
    {
      "program": "//Write a function that matches a word containing 'z'.\nfunction text_match_wordz(text: string): boolean {\n    return /\\bz\\w*\\b/.test(text);\n}\n\ndeclare var require: any;\nconst assert = require('node:assert');\n\n\nfunction test() {\n  let candidate = text_match_wordz;\n  assert.deepEqual(candidate(\"pythonz.\"),true);\n  assert.deepEqual(candidate(\"xyz.\"),true);\n  assert.deepEqual(candidate(\"  lang  .\"),false);\n}\n\ntest();",
      "timestamp": 1666123482,
      "stdout": "",
      "stderr": "node:assert:124\n  throw new AssertionError(obj);\n  ^\n\nAssertionError [ERR_ASSERTION]: Expected values to be loosely deep-equal:\n\nfalse\n\nshould loosely deep-equal\n\ntrue\n    at test (/tmp/tmp9nqfnxgi.js:8:12)\n    at Object.<anonymous> (/tmp/tmp9nqfnxgi.js:12:1)\n    at Module._compile (node:internal/modules/cjs/loader:1120:14)\n    at Module._extensions..js (node:internal/modules/cjs/loader:1174:10)\n    at Module.load (node:internal/modules/cjs/loader:998:32)\n    at Module._load (node:internal/modules/cjs/loader:839:12)\n    at Function.executeUserEntryPoint [as runMain] (node:internal/modules/run_main:81:12)\n    at node:internal/main/run_main_module:17:47 {\n  generatedMessage: true,\n  code: 'ERR_ASSERTION',\n  actual: false,\n  expected: true,\n  operator: 'deepEqual'\n}\n\nNode.js v18.7.0\n",
      "exit_code": 1,
      "status": "AssertionError"
    },
    {
      "program": "//Write a function that matches a word containing 'z'.\nfunction text_match_wordz(text: string): boolean {\n    return /\\w*z\\w*/.test(text);\n}\n\ndeclare var require: any;\nconst assert = require('node:assert');\n\n\nfunction test() {\n  let candidate = text_match_wordz;\n  assert.deepEqual(candidate(\"pythonz.\"),true);\n  assert.deepEqual(candidate(\"xyz.\"),true);\n  assert.deepEqual(candidate(\"  lang  .\"),false);\n}\n\ntest();",
      "timestamp": 1665510609,
      "stdout": "",
      "stderr": "",
      "exit_code": 0,
      "status": "OK"
    },
    {
      "program": "//Write a function that matches a word containing 'z'.\nfunction text_match_wordz(text: string): boolean {\n    let regex = /\\bz\\w+\\b/;\n    return regex.test(text);\n}\n\nconsole.log(text_match_wordz(\"The quick brown fox jumps over the lazy dog.\"));\nconsole.log(text_match_wordz(\"The quick brown fox jumped over the lazy dog.\"));\nconsole.log(text_match_wordz(\"The quick brown fox jumps over the lazy dog.\"));\nconsole.log(text_match_wordz(\"The quick brown fox jumps over the lazy dog.\"));\n\ndeclare var require: any;\nconst assert = require('node:assert');\n\n\nfunction test() {\n  let candidate = text_match_wordz;\n  assert.deepEqual(candidate(\"pythonz.\"),true);\n  assert.deepEqual(candidate(\"xyz.\"),true);\n  assert.deepEqual(candidate(\"  lang  .\"),false);\n}\n\ntest();",
      "timestamp": 1665510609,
      "stdout": "false\nfalse\nfalse\nfalse\n",
      "stderr": "node:assert:124\n  throw new AssertionError(obj);\n  ^\n\nAssertionError [ERR_ASSERTION]: Expected values to be loosely deep-equal:\n\nfalse\n\nshould loosely deep-equal\n\ntrue\n    at test (/tmp/tmpyc5z4h64.js:13:12)\n    at Object.<anonymous> (/tmp/tmpyc5z4h64.js:17:1)\n    at Module._compile (node:internal/modules/cjs/loader:1120:14)\n    at Module._extensions..js (node:internal/modules/cjs/loader:1174:10)\n    at Module.load (node:internal/modules/cjs/loader:998:32)\n    at Module._load (node:internal/modules/cjs/loader:839:12)\n    at Function.executeUserEntryPoint [as runMain] (node:internal/modules/run_main:81:12)\n    at node:internal/main/run_main_module:17:47 {\n  generatedMessage: true,\n  code: 'ERR_ASSERTION',\n  actual: false,\n  expected: true,\n  operator: 'deepEqual'\n}\n\nNode.js v18.7.0\n",
      "exit_code": 1,
      "status": "AssertionError"
    },
    {
      "program": "//Write a function that matches a word containing 'z'.\nfunction text_match_wordz(text: string): boolean {\n    return /\\bz\\w+\\b/.test(text);\n}\n\ndeclare var require: any;\nconst assert = require('node:assert');\n\n\nfunction test() {\n  let candidate = text_match_wordz;\n  assert.deepEqual(candidate(\"pythonz.\"),true);\n  assert.deepEqual(candidate(\"xyz.\"),true);\n  assert.deepEqual(candidate(\"  lang  .\"),false);\n}\n\ntest();",
      "timestamp": 1665510610,
      "stdout": "",
      "stderr": "node:assert:124\n  throw new AssertionError(obj);\n  ^\n\nAssertionError [ERR_ASSERTION]: Expected values to be loosely deep-equal:\n\nfalse\n\nshould loosely deep-equal\n\ntrue\n    at test (/tmp/tmpxonrukfd.js:8:12)\n    at Object.<anonymous> (/tmp/tmpxonrukfd.js:12:1)\n    at Module._compile (node:internal/modules/cjs/loader:1120:14)\n    at Module._extensions..js (node:internal/modules/cjs/loader:1174:10)\n    at Module.load (node:internal/modules/cjs/loader:998:32)\n    at Module._load (node:internal/modules/cjs/loader:839:12)\n    at Function.executeUserEntryPoint [as runMain] (node:internal/modules/run_main:81:12)\n    at node:internal/main/run_main_module:17:47 {\n  generatedMessage: true,\n  code: 'ERR_ASSERTION',\n  actual: false,\n  expected: true,\n  operator: 'deepEqual'\n}\n\nNode.js v18.7.0\n",
      "exit_code": 1,
      "status": "AssertionError"
    },
    {
      "program": "//Write a function that matches a word containing 'z'.\nfunction text_match_wordz(text: string): boolean {\n    return /\\bz\\w+\\b/g.test(text);\n}\n\ndeclare var require: any;\nconst assert = require('node:assert');\n\n\nfunction test() {\n  let candidate = text_match_wordz;\n  assert.deepEqual(candidate(\"pythonz.\"),true);\n  assert.deepEqual(candidate(\"xyz.\"),true);\n  assert.deepEqual(candidate(\"  lang  .\"),false);\n}\n\ntest();",
      "timestamp": 1665510609,
      "stdout": "",
      "stderr": "node:assert:124\n  throw new AssertionError(obj);\n  ^\n\nAssertionError [ERR_ASSERTION]: Expected values to be loosely deep-equal:\n\nfalse\n\nshould loosely deep-equal\n\ntrue\n    at test (/tmp/tmp2hr2ezc5.js:8:12)\n    at Object.<anonymous> (/tmp/tmp2hr2ezc5.js:12:1)\n    at Module._compile (node:internal/modules/cjs/loader:1120:14)\n    at Module._extensions..js (node:internal/modules/cjs/loader:1174:10)\n    at Module.load (node:internal/modules/cjs/loader:998:32)\n    at Module._load (node:internal/modules/cjs/loader:839:12)\n    at Function.executeUserEntryPoint [as runMain] (node:internal/modules/run_main:81:12)\n    at node:internal/main/run_main_module:17:47 {\n  generatedMessage: true,\n  code: 'ERR_ASSERTION',\n  actual: false,\n  expected: true,\n  operator: 'deepEqual'\n}\n\nNode.js v18.7.0\n",
      "exit_code": 1,
      "status": "AssertionError"
    },
    {
      "program": "//Write a function that matches a word containing 'z'.\nfunction text_match_wordz(text: string): boolean {\n    let regex = /\\w*z\\w*/;\n    return regex.test(text);\n}\n\ndeclare var require: any;\nconst assert = require('node:assert');\n\n\nfunction test() {\n  let candidate = text_match_wordz;\n  assert.deepEqual(candidate(\"pythonz.\"),true);\n  assert.deepEqual(candidate(\"xyz.\"),true);\n  assert.deepEqual(candidate(\"  lang  .\"),false);\n}\n\ntest();",
      "timestamp": 1665510609,
      "stdout": "",
      "stderr": "",
      "exit_code": 0,
      "status": "OK"
    },
    {
      "program": "//Write a function that matches a word containing 'z'.\nfunction text_match_wordz(text: string): boolean {\n    return /z\\w*/.test(text);\n}\n\ndeclare var require: any;\nconst assert = require('node:assert');\n\n\nfunction test() {\n  let candidate = text_match_wordz;\n  assert.deepEqual(candidate(\"pythonz.\"),true);\n  assert.deepEqual(candidate(\"xyz.\"),true);\n  assert.deepEqual(candidate(\"  lang  .\"),false);\n}\n\ntest();",
      "timestamp": 1665510609,
      "stdout": "",
      "stderr": "",
      "exit_code": 0,
      "status": "OK"
    },
    {
      "program": "//Write a function that matches a word containing 'z'.\nfunction text_match_wordz(text: string): boolean {\n    let regex = /\\w*z\\w*/;\n    return regex.test(text);\n}\n\ndeclare var require: any;\nconst assert = require('node:assert');\n\n\nfunction test() {\n  let candidate = text_match_wordz;\n  assert.deepEqual(candidate(\"pythonz.\"),true);\n  assert.deepEqual(candidate(\"xyz.\"),true);\n  assert.deepEqual(candidate(\"  lang  .\"),false);\n}\n\ntest();",
      "timestamp": 1665510609,
      "stdout": "",
      "stderr": "",
      "exit_code": 0,
      "status": "OK"
    },
    {
      "program": "//Write a function that matches a word containing 'z'.\nfunction text_match_wordz(text: string): boolean {\n    return /\\w*z\\w*/.test(text);\n}\n\ndeclare var require: any;\nconst assert = require('node:assert');\n\n\nfunction test() {\n  let candidate = text_match_wordz;\n  assert.deepEqual(candidate(\"pythonz.\"),true);\n  assert.deepEqual(candidate(\"xyz.\"),true);\n  assert.deepEqual(candidate(\"  lang  .\"),false);\n}\n\ntest();",
      "timestamp": 1665510609,
      "stdout": "",
      "stderr": "",
      "exit_code": 0,
      "status": "OK"
    },
    {
      "program": "//Write a function that matches a word containing 'z'.\nfunction text_match_wordz(text: string): boolean {\n    let regex = /\\bz\\w+/g;\n    return regex.test(text);\n}\n\ndeclare var require: any;\nconst assert = require('node:assert');\n\n\nfunction test() {\n  let candidate = text_match_wordz;\n  assert.deepEqual(candidate(\"pythonz.\"),true);\n  assert.deepEqual(candidate(\"xyz.\"),true);\n  assert.deepEqual(candidate(\"  lang  .\"),false);\n}\n\ntest();",
      "timestamp": 1665510609,
      "stdout": "",
      "stderr": "node:assert:124\n  throw new AssertionError(obj);\n  ^\n\nAssertionError [ERR_ASSERTION]: Expected values to be loosely deep-equal:\n\nfalse\n\nshould loosely deep-equal\n\ntrue\n    at test (/tmp/tmp9e4fnbs7.js:9:12)\n    at Object.<anonymous> (/tmp/tmp9e4fnbs7.js:13:1)\n    at Module._compile (node:internal/modules/cjs/loader:1120:14)\n    at Module._extensions..js (node:internal/modules/cjs/loader:1174:10)\n    at Module.load (node:internal/modules/cjs/loader:998:32)\n    at Module._load (node:internal/modules/cjs/loader:839:12)\n    at Function.executeUserEntryPoint [as runMain] (node:internal/modules/run_main:81:12)\n    at node:internal/main/run_main_module:17:47 {\n  generatedMessage: true,\n  code: 'ERR_ASSERTION',\n  actual: false,\n  expected: true,\n  operator: 'deepEqual'\n}\n\nNode.js v18.7.0\n",
      "exit_code": 1,
      "status": "AssertionError"
    },
    {
      "program": "//Write a function that matches a word containing 'z'.\nfunction text_match_wordz(text: string): boolean {\n    let regex = /\\bz\\w+\\b/;\n    return regex.test(text);\n}\n\ndeclare var require: any;\nconst assert = require('node:assert');\n\n\nfunction test() {\n  let candidate = text_match_wordz;\n  assert.deepEqual(candidate(\"pythonz.\"),true);\n  assert.deepEqual(candidate(\"xyz.\"),true);\n  assert.deepEqual(candidate(\"  lang  .\"),false);\n}\n\ntest();",
      "timestamp": 1665510609,
      "stdout": "",
      "stderr": "node:assert:124\n  throw new AssertionError(obj);\n  ^\n\nAssertionError [ERR_ASSERTION]: Expected values to be loosely deep-equal:\n\nfalse\n\nshould loosely deep-equal\n\ntrue\n    at test (/tmp/tmpaesghpw_.js:9:12)\n    at Object.<anonymous> (/tmp/tmpaesghpw_.js:13:1)\n    at Module._compile (node:internal/modules/cjs/loader:1120:14)\n    at Module._extensions..js (node:internal/modules/cjs/loader:1174:10)\n    at Module.load (node:internal/modules/cjs/loader:998:32)\n    at Module._load (node:internal/modules/cjs/loader:839:12)\n    at Function.executeUserEntryPoint [as runMain] (node:internal/modules/run_main:81:12)\n    at node:internal/main/run_main_module:17:47 {\n  generatedMessage: true,\n  code: 'ERR_ASSERTION',\n  actual: false,\n  expected: true,\n  operator: 'deepEqual'\n}\n\nNode.js v18.7.0\n",
      "exit_code": 1,
      "status": "AssertionError"
    },
    {
      "program": "//Write a function that matches a word containing 'z'.\nfunction text_match_wordz(text: string): boolean {\n    let regex = /\\bz\\w+\\b/g;\n    return regex.test(text);\n}\n\ndeclare var require: any;\nconst assert = require('node:assert');\n\n\nfunction test() {\n  let candidate = text_match_wordz;\n  assert.deepEqual(candidate(\"pythonz.\"),true);\n  assert.deepEqual(candidate(\"xyz.\"),true);\n  assert.deepEqual(candidate(\"  lang  .\"),false);\n}\n\ntest();",
      "timestamp": 1665510610,
      "stdout": "",
      "stderr": "node:assert:124\n  throw new AssertionError(obj);\n  ^\n\nAssertionError [ERR_ASSERTION]: Expected values to be loosely deep-equal:\n\nfalse\n\nshould loosely deep-equal\n\ntrue\n    at test (/tmp/tmpqdww93h_.js:9:12)\n    at Object.<anonymous> (/tmp/tmpqdww93h_.js:13:1)\n    at Module._compile (node:internal/modules/cjs/loader:1120:14)\n    at Module._extensions..js (node:internal/modules/cjs/loader:1174:10)\n    at Module.load (node:internal/modules/cjs/loader:998:32)\n    at Module._load (node:internal/modules/cjs/loader:839:12)\n    at Function.executeUserEntryPoint [as runMain] (node:internal/modules/run_main:81:12)\n    at node:internal/main/run_main_module:17:47 {\n  generatedMessage: true,\n  code: 'ERR_ASSERTION',\n  actual: false,\n  expected: true,\n  operator: 'deepEqual'\n}\n\nNode.js v18.7.0\n",
      "exit_code": 1,
      "status": "AssertionError"
    },
    {
      "program": "//Write a function that matches a word containing 'z'.\nfunction text_match_wordz(text: string): boolean {\n    let regex = /\\bz\\w+/g;\n    return regex.test(text);\n}\n\ndeclare var require: any;\nconst assert = require('node:assert');\n\n\nfunction test() {\n  let candidate = text_match_wordz;\n  assert.deepEqual(candidate(\"pythonz.\"),true);\n  assert.deepEqual(candidate(\"xyz.\"),true);\n  assert.deepEqual(candidate(\"  lang  .\"),false);\n}\n\ntest();",
      "timestamp": 1665510609,
      "stdout": "",
      "stderr": "node:assert:124\n  throw new AssertionError(obj);\n  ^\n\nAssertionError [ERR_ASSERTION]: Expected values to be loosely deep-equal:\n\nfalse\n\nshould loosely deep-equal\n\ntrue\n    at test (/tmp/tmp9e4fnbs7.js:9:12)\n    at Object.<anonymous> (/tmp/tmp9e4fnbs7.js:13:1)\n    at Module._compile (node:internal/modules/cjs/loader:1120:14)\n    at Module._extensions..js (node:internal/modules/cjs/loader:1174:10)\n    at Module.load (node:internal/modules/cjs/loader:998:32)\n    at Module._load (node:internal/modules/cjs/loader:839:12)\n    at Function.executeUserEntryPoint [as runMain] (node:internal/modules/run_main:81:12)\n    at node:internal/main/run_main_module:17:47 {\n  generatedMessage: true,\n  code: 'ERR_ASSERTION',\n  actual: false,\n  expected: true,\n  operator: 'deepEqual'\n}\n\nNode.js v18.7.0\n",
      "exit_code": 1,
      "status": "AssertionError"
    },
    {
      "program": "//Write a function that matches a word containing 'z'.\nfunction text_match_wordz(text: string): boolean {\n    let regex = /\\w*z\\w*/;\n    return regex.test(text);\n}\n\ndeclare var require: any;\nconst assert = require('node:assert');\n\n\nfunction test() {\n  let candidate = text_match_wordz;\n  assert.deepEqual(candidate(\"pythonz.\"),true);\n  assert.deepEqual(candidate(\"xyz.\"),true);\n  assert.deepEqual(candidate(\"  lang  .\"),false);\n}\n\ntest();",
      "timestamp": 1665510609,
      "stdout": "",
      "stderr": "",
      "exit_code": 0,
      "status": "OK"
    },
    {
      "program": "//Write a function that matches a word containing 'z'.\nfunction text_match_wordz(text: string): boolean {\n    let regex = /\\bz\\w+/;\n    return regex.test(text);\n}\n\ndeclare var require: any;\nconst assert = require('node:assert');\n\n\nfunction test() {\n  let candidate = text_match_wordz;\n  assert.deepEqual(candidate(\"pythonz.\"),true);\n  assert.deepEqual(candidate(\"xyz.\"),true);\n  assert.deepEqual(candidate(\"  lang  .\"),false);\n}\n\ntest();",
      "timestamp": 1665510609,
      "stdout": "",
      "stderr": "node:assert:124\n  throw new AssertionError(obj);\n  ^\n\nAssertionError [ERR_ASSERTION]: Expected values to be loosely deep-equal:\n\nfalse\n\nshould loosely deep-equal\n\ntrue\n    at test (/tmp/tmpdpd48uvj.js:9:12)\n    at Object.<anonymous> (/tmp/tmpdpd48uvj.js:13:1)\n    at Module._compile (node:internal/modules/cjs/loader:1120:14)\n    at Module._extensions..js (node:internal/modules/cjs/loader:1174:10)\n    at Module.load (node:internal/modules/cjs/loader:998:32)\n    at Module._load (node:internal/modules/cjs/loader:839:12)\n    at Function.executeUserEntryPoint [as runMain] (node:internal/modules/run_main:81:12)\n    at node:internal/main/run_main_module:17:47 {\n  generatedMessage: true,\n  code: 'ERR_ASSERTION',\n  actual: false,\n  expected: true,\n  operator: 'deepEqual'\n}\n\nNode.js v18.7.0\n",
      "exit_code": 1,
      "status": "AssertionError"
    },
    {
      "program": "//Write a function that matches a word containing 'z'.\nfunction text_match_wordz(text: string): boolean {\n    let regex = /\\bz\\w+/g;\n    return regex.test(text);\n}\n\ndeclare var require: any;\nconst assert = require('node:assert');\n\n\nfunction test() {\n  let candidate = text_match_wordz;\n  assert.deepEqual(candidate(\"pythonz.\"),true);\n  assert.deepEqual(candidate(\"xyz.\"),true);\n  assert.deepEqual(candidate(\"  lang  .\"),false);\n}\n\ntest();",
      "timestamp": 1665510609,
      "stdout": "",
      "stderr": "node:assert:124\n  throw new AssertionError(obj);\n  ^\n\nAssertionError [ERR_ASSERTION]: Expected values to be loosely deep-equal:\n\nfalse\n\nshould loosely deep-equal\n\ntrue\n    at test (/tmp/tmp9e4fnbs7.js:9:12)\n    at Object.<anonymous> (/tmp/tmp9e4fnbs7.js:13:1)\n    at Module._compile (node:internal/modules/cjs/loader:1120:14)\n    at Module._extensions..js (node:internal/modules/cjs/loader:1174:10)\n    at Module.load (node:internal/modules/cjs/loader:998:32)\n    at Module._load (node:internal/modules/cjs/loader:839:12)\n    at Function.executeUserEntryPoint [as runMain] (node:internal/modules/run_main:81:12)\n    at node:internal/main/run_main_module:17:47 {\n  generatedMessage: true,\n  code: 'ERR_ASSERTION',\n  actual: false,\n  expected: true,\n  operator: 'deepEqual'\n}\n\nNode.js v18.7.0\n",
      "exit_code": 1,
      "status": "AssertionError"
    },
    {
      "program": "//Write a function that matches a word containing 'z'.\nfunction text_match_wordz(text: string): boolean {\n    let regex = /\\bz\\w+/g;\n    return regex.test(text);\n}\n\nconsole.log(text_match_wordz(\"The quick brown fox jumps over the lazy dog.\"));\nconsole.log(text_match_wordz(\"The quick brown fox jumps over the lazy cat.\"));\nconsole.log(text_match_wordz(\"The quick brown fox jumps over the lazy dog.\"));\nconsole.log(text_match_wordz(\"The quick brown fox jumps over the lazy cat.\"));\n\ndeclare var require: any;\nconst assert = require('node:assert');\n\n\nfunction test() {\n  let candidate = text_match_wordz;\n  assert.deepEqual(candidate(\"pythonz.\"),true);\n  assert.deepEqual(candidate(\"xyz.\"),true);\n  assert.deepEqual(candidate(\"  lang  .\"),false);\n}\n\ntest();",
      "timestamp": 1666123483,
      "stdout": "false\nfalse\nfalse\nfalse\n",
      "stderr": "node:assert:124\n  throw new AssertionError(obj);\n  ^\n\nAssertionError [ERR_ASSERTION]: Expected values to be loosely deep-equal:\n\nfalse\n\nshould loosely deep-equal\n\ntrue\n    at test (/tmp/tmp048jqhzy.js:13:12)\n    at Object.<anonymous> (/tmp/tmp048jqhzy.js:17:1)\n    at Module._compile (node:internal/modules/cjs/loader:1120:14)\n    at Module._extensions..js (node:internal/modules/cjs/loader:1174:10)\n    at Module.load (node:internal/modules/cjs/loader:998:32)\n    at Module._load (node:internal/modules/cjs/loader:839:12)\n    at Function.executeUserEntryPoint [as runMain] (node:internal/modules/run_main:81:12)\n    at node:internal/main/run_main_module:17:47 {\n  generatedMessage: true,\n  code: 'ERR_ASSERTION',\n  actual: false,\n  expected: true,\n  operator: 'deepEqual'\n}\n\nNode.js v18.7.0\n",
      "exit_code": 1,
      "status": "AssertionError"
    },
    {
      "program": "//Write a function that matches a word containing 'z'.\nfunction text_match_wordz(text: string): boolean {\n    let regexp = /\\bz\\w+\\b/;\n    return regexp.test(text);\n}\n\ndeclare var require: any;\nconst assert = require('node:assert');\n\n\nfunction test() {\n  let candidate = text_match_wordz;\n  assert.deepEqual(candidate(\"pythonz.\"),true);\n  assert.deepEqual(candidate(\"xyz.\"),true);\n  assert.deepEqual(candidate(\"  lang  .\"),false);\n}\n\ntest();",
      "timestamp": 1666123479,
      "stdout": "",
      "stderr": "node:assert:124\n  throw new AssertionError(obj);\n  ^\n\nAssertionError [ERR_ASSERTION]: Expected values to be loosely deep-equal:\n\nfalse\n\nshould loosely deep-equal\n\ntrue\n    at test (/tmp/tmpo8h7o0mz.js:9:12)\n    at Object.<anonymous> (/tmp/tmpo8h7o0mz.js:13:1)\n    at Module._compile (node:internal/modules/cjs/loader:1120:14)\n    at Module._extensions..js (node:internal/modules/cjs/loader:1174:10)\n    at Module.load (node:internal/modules/cjs/loader:998:32)\n    at Module._load (node:internal/modules/cjs/loader:839:12)\n    at Function.executeUserEntryPoint [as runMain] (node:internal/modules/run_main:81:12)\n    at node:internal/main/run_main_module:17:47 {\n  generatedMessage: true,\n  code: 'ERR_ASSERTION',\n  actual: false,\n  expected: true,\n  operator: 'deepEqual'\n}\n\nNode.js v18.7.0\n",
      "exit_code": 1,
      "status": "AssertionError"
    },
    {
      "program": "//Write a function that matches a word containing 'z'.\nfunction text_match_wordz(text: string): boolean {\n    let wordz = /\\w*z\\w*/;\n    return wordz.test(text);\n}\n\ndeclare var require: any;\nconst assert = require('node:assert');\n\n\nfunction test() {\n  let candidate = text_match_wordz;\n  assert.deepEqual(candidate(\"pythonz.\"),true);\n  assert.deepEqual(candidate(\"xyz.\"),true);\n  assert.deepEqual(candidate(\"  lang  .\"),false);\n}\n\ntest();",
      "timestamp": 1666123482,
      "stdout": "",
      "stderr": "",
      "exit_code": 0,
      "status": "OK"
    },
    {
      "program": "//Write a function that matches a word containing 'z'.\nfunction text_match_wordz(text: string): boolean {\n  return /\\bz\\w+\\b/.test(text);\n}\n\ndeclare var require: any;\nconst assert = require('node:assert');\n\n\nfunction test() {\n  let candidate = text_match_wordz;\n  assert.deepEqual(candidate(\"pythonz.\"),true);\n  assert.deepEqual(candidate(\"xyz.\"),true);\n  assert.deepEqual(candidate(\"  lang  .\"),false);\n}\n\ntest();",
      "timestamp": 1666123483,
      "stdout": "",
      "stderr": "node:assert:124\n  throw new AssertionError(obj);\n  ^\n\nAssertionError [ERR_ASSERTION]: Expected values to be loosely deep-equal:\n\nfalse\n\nshould loosely deep-equal\n\ntrue\n    at test (/tmp/tmp7um0jkkl.js:8:12)\n    at Object.<anonymous> (/tmp/tmp7um0jkkl.js:12:1)\n    at Module._compile (node:internal/modules/cjs/loader:1120:14)\n    at Module._extensions..js (node:internal/modules/cjs/loader:1174:10)\n    at Module.load (node:internal/modules/cjs/loader:998:32)\n    at Module._load (node:internal/modules/cjs/loader:839:12)\n    at Function.executeUserEntryPoint [as runMain] (node:internal/modules/run_main:81:12)\n    at node:internal/main/run_main_module:17:47 {\n  generatedMessage: true,\n  code: 'ERR_ASSERTION',\n  actual: false,\n  expected: true,\n  operator: 'deepEqual'\n}\n\nNode.js v18.7.0\n",
      "exit_code": 1,
      "status": "AssertionError"
    },
    {
      "program": "//Write a function that matches a word containing 'z'.\nfunction text_match_wordz(text: string): boolean {\n    let regex = /\\w*z\\w*/;\n    return regex.test(text);\n}\n\ndeclare var require: any;\nconst assert = require('node:assert');\n\n\nfunction test() {\n  let candidate = text_match_wordz;\n  assert.deepEqual(candidate(\"pythonz.\"),true);\n  assert.deepEqual(candidate(\"xyz.\"),true);\n  assert.deepEqual(candidate(\"  lang  .\"),false);\n}\n\ntest();",
      "timestamp": 1665510609,
      "stdout": "",
      "stderr": "",
      "exit_code": 0,
      "status": "OK"
    },
    {
      "program": "//Write a function that matches a word containing 'z'.\nfunction text_match_wordz(text: string): boolean {\n    return /\\bz\\w+\\b/.test(text);\n}\n\ndeclare var require: any;\nconst assert = require('node:assert');\n\n\nfunction test() {\n  let candidate = text_match_wordz;\n  assert.deepEqual(candidate(\"pythonz.\"),true);\n  assert.deepEqual(candidate(\"xyz.\"),true);\n  assert.deepEqual(candidate(\"  lang  .\"),false);\n}\n\ntest();",
      "timestamp": 1665510610,
      "stdout": "",
      "stderr": "node:assert:124\n  throw new AssertionError(obj);\n  ^\n\nAssertionError [ERR_ASSERTION]: Expected values to be loosely deep-equal:\n\nfalse\n\nshould loosely deep-equal\n\ntrue\n    at test (/tmp/tmpxonrukfd.js:8:12)\n    at Object.<anonymous> (/tmp/tmpxonrukfd.js:12:1)\n    at Module._compile (node:internal/modules/cjs/loader:1120:14)\n    at Module._extensions..js (node:internal/modules/cjs/loader:1174:10)\n    at Module.load (node:internal/modules/cjs/loader:998:32)\n    at Module._load (node:internal/modules/cjs/loader:839:12)\n    at Function.executeUserEntryPoint [as runMain] (node:internal/modules/run_main:81:12)\n    at node:internal/main/run_main_module:17:47 {\n  generatedMessage: true,\n  code: 'ERR_ASSERTION',\n  actual: false,\n  expected: true,\n  operator: 'deepEqual'\n}\n\nNode.js v18.7.0\n",
      "exit_code": 1,
      "status": "AssertionError"
    },
    {
      "program": "//Write a function that matches a word containing 'z'.\nfunction text_match_wordz(text: string): boolean {\n    let regex = /\\bz\\w+\\b/g;\n    return regex.test(text);\n}\n\nconsole.log(text_match_wordz(\"The quick brown fox jumps over the lazy dog.\"));\nconsole.log(text_match_wordz(\"The quick brown fox jumped over the lazy dog.\"));\nconsole.log(text_match_wordz(\"The quick brown fox jumps over the lazy dog.\"));\nconsole.log(text_match_wordz(\"The quick brown fox jumps over the lazy dog.\"));\n\ndeclare var require: any;\nconst assert = require('node:assert');\n\n\nfunction test() {\n  let candidate = text_match_wordz;\n  assert.deepEqual(candidate(\"pythonz.\"),true);\n  assert.deepEqual(candidate(\"xyz.\"),true);\n  assert.deepEqual(candidate(\"  lang  .\"),false);\n}\n\ntest();",
      "timestamp": 1666123482,
      "stdout": "false\nfalse\nfalse\nfalse\n",
      "stderr": "node:assert:124\n  throw new AssertionError(obj);\n  ^\n\nAssertionError [ERR_ASSERTION]: Expected values to be loosely deep-equal:\n\nfalse\n\nshould loosely deep-equal\n\ntrue\n    at test (/tmp/tmpz2y7ga67.js:13:12)\n    at Object.<anonymous> (/tmp/tmpz2y7ga67.js:17:1)\n    at Module._compile (node:internal/modules/cjs/loader:1120:14)\n    at Module._extensions..js (node:internal/modules/cjs/loader:1174:10)\n    at Module.load (node:internal/modules/cjs/loader:998:32)\n    at Module._load (node:internal/modules/cjs/loader:839:12)\n    at Function.executeUserEntryPoint [as runMain] (node:internal/modules/run_main:81:12)\n    at node:internal/main/run_main_module:17:47 {\n  generatedMessage: true,\n  code: 'ERR_ASSERTION',\n  actual: false,\n  expected: true,\n  operator: 'deepEqual'\n}\n\nNode.js v18.7.0\n",
      "exit_code": 1,
      "status": "AssertionError"
    },
    {
      "program": "//Write a function that matches a word containing 'z'.\nfunction text_match_wordz(text: string): boolean {\n    return /\\bz\\w*\\b/g.test(text);\n}\n\ndeclare var require: any;\nconst assert = require('node:assert');\n\n\nfunction test() {\n  let candidate = text_match_wordz;\n  assert.deepEqual(candidate(\"pythonz.\"),true);\n  assert.deepEqual(candidate(\"xyz.\"),true);\n  assert.deepEqual(candidate(\"  lang  .\"),false);\n}\n\ntest();",
      "timestamp": 1666123483,
      "stdout": "",
      "stderr": "node:assert:124\n  throw new AssertionError(obj);\n  ^\n\nAssertionError [ERR_ASSERTION]: Expected values to be loosely deep-equal:\n\nfalse\n\nshould loosely deep-equal\n\ntrue\n    at test (/tmp/tmp8282ssqj.js:8:12)\n    at Object.<anonymous> (/tmp/tmp8282ssqj.js:12:1)\n    at Module._compile (node:internal/modules/cjs/loader:1120:14)\n    at Module._extensions..js (node:internal/modules/cjs/loader:1174:10)\n    at Module.load (node:internal/modules/cjs/loader:998:32)\n    at Module._load (node:internal/modules/cjs/loader:839:12)\n    at Function.executeUserEntryPoint [as runMain] (node:internal/modules/run_main:81:12)\n    at node:internal/main/run_main_module:17:47 {\n  generatedMessage: true,\n  code: 'ERR_ASSERTION',\n  actual: false,\n  expected: true,\n  operator: 'deepEqual'\n}\n\nNode.js v18.7.0\n",
      "exit_code": 1,
      "status": "AssertionError"
    },
    {
      "program": "//Write a function that matches a word containing 'z'.\nfunction text_match_wordz(text: string): boolean {\n    let regex = /\\bz\\w+/;\n    return regex.test(text);\n}\n\ndeclare var require: any;\nconst assert = require('node:assert');\n\n\nfunction test() {\n  let candidate = text_match_wordz;\n  assert.deepEqual(candidate(\"pythonz.\"),true);\n  assert.deepEqual(candidate(\"xyz.\"),true);\n  assert.deepEqual(candidate(\"  lang  .\"),false);\n}\n\ntest();",
      "timestamp": 1665510609,
      "stdout": "",
      "stderr": "node:assert:124\n  throw new AssertionError(obj);\n  ^\n\nAssertionError [ERR_ASSERTION]: Expected values to be loosely deep-equal:\n\nfalse\n\nshould loosely deep-equal\n\ntrue\n    at test (/tmp/tmpdpd48uvj.js:9:12)\n    at Object.<anonymous> (/tmp/tmpdpd48uvj.js:13:1)\n    at Module._compile (node:internal/modules/cjs/loader:1120:14)\n    at Module._extensions..js (node:internal/modules/cjs/loader:1174:10)\n    at Module.load (node:internal/modules/cjs/loader:998:32)\n    at Module._load (node:internal/modules/cjs/loader:839:12)\n    at Function.executeUserEntryPoint [as runMain] (node:internal/modules/run_main:81:12)\n    at node:internal/main/run_main_module:17:47 {\n  generatedMessage: true,\n  code: 'ERR_ASSERTION',\n  actual: false,\n  expected: true,\n  operator: 'deepEqual'\n}\n\nNode.js v18.7.0\n",
      "exit_code": 1,
      "status": "AssertionError"
    },
    {
      "program": "//Write a function that matches a word containing 'z'.\nfunction text_match_wordz(text: string): boolean {\n    return /\\bz\\w*\\b/.test(text);\n}\n\ndeclare var require: any;\nconst assert = require('node:assert');\n\n\nfunction test() {\n  let candidate = text_match_wordz;\n  assert.deepEqual(candidate(\"pythonz.\"),true);\n  assert.deepEqual(candidate(\"xyz.\"),true);\n  assert.deepEqual(candidate(\"  lang  .\"),false);\n}\n\ntest();",
      "timestamp": 1666123482,
      "stdout": "",
      "stderr": "node:assert:124\n  throw new AssertionError(obj);\n  ^\n\nAssertionError [ERR_ASSERTION]: Expected values to be loosely deep-equal:\n\nfalse\n\nshould loosely deep-equal\n\ntrue\n    at test (/tmp/tmp9nqfnxgi.js:8:12)\n    at Object.<anonymous> (/tmp/tmp9nqfnxgi.js:12:1)\n    at Module._compile (node:internal/modules/cjs/loader:1120:14)\n    at Module._extensions..js (node:internal/modules/cjs/loader:1174:10)\n    at Module.load (node:internal/modules/cjs/loader:998:32)\n    at Module._load (node:internal/modules/cjs/loader:839:12)\n    at Function.executeUserEntryPoint [as runMain] (node:internal/modules/run_main:81:12)\n    at node:internal/main/run_main_module:17:47 {\n  generatedMessage: true,\n  code: 'ERR_ASSERTION',\n  actual: false,\n  expected: true,\n  operator: 'deepEqual'\n}\n\nNode.js v18.7.0\n",
      "exit_code": 1,
      "status": "AssertionError"
    },
    {
      "program": "//Write a function that matches a word containing 'z'.\nfunction text_match_wordz(text: string): boolean {\n    return /\\bz\\w+\\b/g.test(text);\n}\n\ndeclare var require: any;\nconst assert = require('node:assert');\n\n\nfunction test() {\n  let candidate = text_match_wordz;\n  assert.deepEqual(candidate(\"pythonz.\"),true);\n  assert.deepEqual(candidate(\"xyz.\"),true);\n  assert.deepEqual(candidate(\"  lang  .\"),false);\n}\n\ntest();",
      "timestamp": 1665510609,
      "stdout": "",
      "stderr": "node:assert:124\n  throw new AssertionError(obj);\n  ^\n\nAssertionError [ERR_ASSERTION]: Expected values to be loosely deep-equal:\n\nfalse\n\nshould loosely deep-equal\n\ntrue\n    at test (/tmp/tmp2hr2ezc5.js:8:12)\n    at Object.<anonymous> (/tmp/tmp2hr2ezc5.js:12:1)\n    at Module._compile (node:internal/modules/cjs/loader:1120:14)\n    at Module._extensions..js (node:internal/modules/cjs/loader:1174:10)\n    at Module.load (node:internal/modules/cjs/loader:998:32)\n    at Module._load (node:internal/modules/cjs/loader:839:12)\n    at Function.executeUserEntryPoint [as runMain] (node:internal/modules/run_main:81:12)\n    at node:internal/main/run_main_module:17:47 {\n  generatedMessage: true,\n  code: 'ERR_ASSERTION',\n  actual: false,\n  expected: true,\n  operator: 'deepEqual'\n}\n\nNode.js v18.7.0\n",
      "exit_code": 1,
      "status": "AssertionError"
    },
    {
      "program": "//Write a function that matches a word containing 'z'.\nfunction text_match_wordz(text: string): boolean {\n    let regex = /\\bz\\w+\\b/g;\n    return regex.test(text);\n}\n\nconsole.log(text_match_wordz(\"The quick brown fox jumps over the lazy dog.\"));\nconsole.log(text_match_wordz(\"The quick brown fox jumped over the lazy dog.\"));\nconsole.log(text_match_wordz(\"The quick brown fox jumps over the lazy dog. The dog slept over the verandah.\"));\nconsole.log(text_match_wordz(\"ABCD\"));\n\ndeclare var require: any;\nconst assert = require('node:assert');\n\n\nfunction test() {\n  let candidate = text_match_wordz;\n  assert.deepEqual(candidate(\"pythonz.\"),true);\n  assert.deepEqual(candidate(\"xyz.\"),true);\n  assert.deepEqual(candidate(\"  lang  .\"),false);\n}\n\ntest();",
      "timestamp": 1666123483,
      "stdout": "false\nfalse\nfalse\nfalse\n",
      "stderr": "node:assert:124\n  throw new AssertionError(obj);\n  ^\n\nAssertionError [ERR_ASSERTION]: Expected values to be loosely deep-equal:\n\nfalse\n\nshould loosely deep-equal\n\ntrue\n    at test (/tmp/tmpa954y7_a.js:13:12)\n    at Object.<anonymous> (/tmp/tmpa954y7_a.js:17:1)\n    at Module._compile (node:internal/modules/cjs/loader:1120:14)\n    at Module._extensions..js (node:internal/modules/cjs/loader:1174:10)\n    at Module.load (node:internal/modules/cjs/loader:998:32)\n    at Module._load (node:internal/modules/cjs/loader:839:12)\n    at Function.executeUserEntryPoint [as runMain] (node:internal/modules/run_main:81:12)\n    at node:internal/main/run_main_module:17:47 {\n  generatedMessage: true,\n  code: 'ERR_ASSERTION',\n  actual: false,\n  expected: true,\n  operator: 'deepEqual'\n}\n\nNode.js v18.7.0\n",
      "exit_code": 1,
      "status": "AssertionError"
    },
    {
      "program": "//Write a function that matches a word containing 'z'.\nfunction text_match_wordz(text: string): boolean {\n    let regex = /\\bz\\w+\\b/;\n    return regex.test(text);\n}\n\ndeclare var require: any;\nconst assert = require('node:assert');\n\n\nfunction test() {\n  let candidate = text_match_wordz;\n  assert.deepEqual(candidate(\"pythonz.\"),true);\n  assert.deepEqual(candidate(\"xyz.\"),true);\n  assert.deepEqual(candidate(\"  lang  .\"),false);\n}\n\ntest();",
      "timestamp": 1665510609,
      "stdout": "",
      "stderr": "node:assert:124\n  throw new AssertionError(obj);\n  ^\n\nAssertionError [ERR_ASSERTION]: Expected values to be loosely deep-equal:\n\nfalse\n\nshould loosely deep-equal\n\ntrue\n    at test (/tmp/tmpaesghpw_.js:9:12)\n    at Object.<anonymous> (/tmp/tmpaesghpw_.js:13:1)\n    at Module._compile (node:internal/modules/cjs/loader:1120:14)\n    at Module._extensions..js (node:internal/modules/cjs/loader:1174:10)\n    at Module.load (node:internal/modules/cjs/loader:998:32)\n    at Module._load (node:internal/modules/cjs/loader:839:12)\n    at Function.executeUserEntryPoint [as runMain] (node:internal/modules/run_main:81:12)\n    at node:internal/main/run_main_module:17:47 {\n  generatedMessage: true,\n  code: 'ERR_ASSERTION',\n  actual: false,\n  expected: true,\n  operator: 'deepEqual'\n}\n\nNode.js v18.7.0\n",
      "exit_code": 1,
      "status": "AssertionError"
    },
    {
      "program": "//Write a function that matches a word containing 'z'.\nfunction text_match_wordz(text: string): boolean {\n    return /\\bz\\w+\\b/.test(text);\n}\n\ndeclare var require: any;\nconst assert = require('node:assert');\n\n\nfunction test() {\n  let candidate = text_match_wordz;\n  assert.deepEqual(candidate(\"pythonz.\"),true);\n  assert.deepEqual(candidate(\"xyz.\"),true);\n  assert.deepEqual(candidate(\"  lang  .\"),false);\n}\n\ntest();",
      "timestamp": 1665510610,
      "stdout": "",
      "stderr": "node:assert:124\n  throw new AssertionError(obj);\n  ^\n\nAssertionError [ERR_ASSERTION]: Expected values to be loosely deep-equal:\n\nfalse\n\nshould loosely deep-equal\n\ntrue\n    at test (/tmp/tmpxonrukfd.js:8:12)\n    at Object.<anonymous> (/tmp/tmpxonrukfd.js:12:1)\n    at Module._compile (node:internal/modules/cjs/loader:1120:14)\n    at Module._extensions..js (node:internal/modules/cjs/loader:1174:10)\n    at Module.load (node:internal/modules/cjs/loader:998:32)\n    at Module._load (node:internal/modules/cjs/loader:839:12)\n    at Function.executeUserEntryPoint [as runMain] (node:internal/modules/run_main:81:12)\n    at node:internal/main/run_main_module:17:47 {\n  generatedMessage: true,\n  code: 'ERR_ASSERTION',\n  actual: false,\n  expected: true,\n  operator: 'deepEqual'\n}\n\nNode.js v18.7.0\n",
      "exit_code": 1,
      "status": "AssertionError"
    },
    {
      "program": "//Write a function that matches a word containing 'z'.\nfunction text_match_wordz(text: string): boolean {\n    return /\\w*z\\w*/g.test(text);\n}\n\ndeclare var require: any;\nconst assert = require('node:assert');\n\n\nfunction test() {\n  let candidate = text_match_wordz;\n  assert.deepEqual(candidate(\"pythonz.\"),true);\n  assert.deepEqual(candidate(\"xyz.\"),true);\n  assert.deepEqual(candidate(\"  lang  .\"),false);\n}\n\ntest();",
      "timestamp": 1665510609,
      "stdout": "",
      "stderr": "",
      "exit_code": 0,
      "status": "OK"
    },
    {
      "program": "//Write a function that matches a word containing 'z'.\nfunction text_match_wordz(text: string): boolean {\n    let regex = /\\bz\\w+\\b/;\n    return regex.test(text);\n}\n\ndeclare var require: any;\nconst assert = require('node:assert');\n\n\nfunction test() {\n  let candidate = text_match_wordz;\n  assert.deepEqual(candidate(\"pythonz.\"),true);\n  assert.deepEqual(candidate(\"xyz.\"),true);\n  assert.deepEqual(candidate(\"  lang  .\"),false);\n}\n\ntest();",
      "timestamp": 1665510609,
      "stdout": "",
      "stderr": "node:assert:124\n  throw new AssertionError(obj);\n  ^\n\nAssertionError [ERR_ASSERTION]: Expected values to be loosely deep-equal:\n\nfalse\n\nshould loosely deep-equal\n\ntrue\n    at test (/tmp/tmpaesghpw_.js:9:12)\n    at Object.<anonymous> (/tmp/tmpaesghpw_.js:13:1)\n    at Module._compile (node:internal/modules/cjs/loader:1120:14)\n    at Module._extensions..js (node:internal/modules/cjs/loader:1174:10)\n    at Module.load (node:internal/modules/cjs/loader:998:32)\n    at Module._load (node:internal/modules/cjs/loader:839:12)\n    at Function.executeUserEntryPoint [as runMain] (node:internal/modules/run_main:81:12)\n    at node:internal/main/run_main_module:17:47 {\n  generatedMessage: true,\n  code: 'ERR_ASSERTION',\n  actual: false,\n  expected: true,\n  operator: 'deepEqual'\n}\n\nNode.js v18.7.0\n",
      "exit_code": 1,
      "status": "AssertionError"
    },
    {
      "program": "//Write a function that matches a word containing 'z'.\nfunction text_match_wordz(text: string): boolean {\n    let regex = /\\bz\\w+\\b/;\n    return regex.test(text);\n}\n\ndeclare var require: any;\nconst assert = require('node:assert');\n\n\nfunction test() {\n  let candidate = text_match_wordz;\n  assert.deepEqual(candidate(\"pythonz.\"),true);\n  assert.deepEqual(candidate(\"xyz.\"),true);\n  assert.deepEqual(candidate(\"  lang  .\"),false);\n}\n\ntest();",
      "timestamp": 1665510609,
      "stdout": "",
      "stderr": "node:assert:124\n  throw new AssertionError(obj);\n  ^\n\nAssertionError [ERR_ASSERTION]: Expected values to be loosely deep-equal:\n\nfalse\n\nshould loosely deep-equal\n\ntrue\n    at test (/tmp/tmpaesghpw_.js:9:12)\n    at Object.<anonymous> (/tmp/tmpaesghpw_.js:13:1)\n    at Module._compile (node:internal/modules/cjs/loader:1120:14)\n    at Module._extensions..js (node:internal/modules/cjs/loader:1174:10)\n    at Module.load (node:internal/modules/cjs/loader:998:32)\n    at Module._load (node:internal/modules/cjs/loader:839:12)\n    at Function.executeUserEntryPoint [as runMain] (node:internal/modules/run_main:81:12)\n    at node:internal/main/run_main_module:17:47 {\n  generatedMessage: true,\n  code: 'ERR_ASSERTION',\n  actual: false,\n  expected: true,\n  operator: 'deepEqual'\n}\n\nNode.js v18.7.0\n",
      "exit_code": 1,
      "status": "AssertionError"
    },
    {
      "program": "//Write a function that matches a word containing 'z'.\nfunction text_match_wordz(text: string): boolean {\n    return /\\w*z\\w*/.test(text);\n}\n\ndeclare var require: any;\nconst assert = require('node:assert');\n\n\nfunction test() {\n  let candidate = text_match_wordz;\n  assert.deepEqual(candidate(\"pythonz.\"),true);\n  assert.deepEqual(candidate(\"xyz.\"),true);\n  assert.deepEqual(candidate(\"  lang  .\"),false);\n}\n\ntest();",
      "timestamp": 1665510609,
      "stdout": "",
      "stderr": "",
      "exit_code": 0,
      "status": "OK"
    },
    {
      "program": "//Write a function that matches a word containing 'z'.\nfunction text_match_wordz(text: string): boolean {\n    return text.match(/\\bz\\w+/g) !== null;\n}\n\nconsole.log(text_match_wordz(\"The quick brown fox jumps over the lazy dog.\"));\nconsole.log(text_match_wordz(\"The quick brown fox jumped over the lazy dog.\"));\nconsole.log(text_match_wordz(\"The quick brown fox jumps over the lazy dog.\"));\nconsole.log(text_match_wordz(\"The quick brown fox jumps over the lazy dog.\"));\nconsole.log(text_match_wordz(\"The quick brown fox jumps over the lazy dog.\"));\nconsole.log(text_match_wordz(\"The quick brown fox jumps over the lazy dog.\"));\nconsole.log(text_match_wordz(\"The quick brown fox jumps over the lazy dog.\"));\nconsole.log(text_match_wordz(\"The quick brown fox jumps over the lazy dog.\"));\nconsole.log(text_match_wordz(\"The quick brown fox jumps over the lazy dog.\"));\nconsole.log(text_match_wordz(\"The quick brown fox jumps over the lazy dog.\"));\nconsole.log(text_match_wordz(\"The quick brown fox jumps over the lazy dog.\"));\nconsole.log(text_match_wordz(\"The quick brown fox jumps over the lazy dog.\"));\nconsole.log(text_match_wordz(\"The quick brown fox jumps over the lazy dog.\"));\nconsole.log(text_match_wordz(\"The quick brown fox jumps over the lazy dog.\"));\nconsole.log(text_match_wordz(\"The quick brown fox jumps over the lazy dog.\"));\nconsole.log(text_match_wordz(\"The quick brown fox jumps over the lazy dog.\"));\nconsole.log(text_match_wordz(\"The quick brown fox jumps over the lazy dog.\"));\nconsole.log(text_match_wordz(\"The quick brown fox jumps over the lazy dog.\"));\nconsole.log(text_match_wordz(\"The quick brown fox jumps over the lazy dog.\"));\nconsole.log(text_match_wordz(\"The quick brown fox jumps over the lazy dog.\"));\nconsole.log(text_match_wordz(\"The quick brown fox jumps over the lazy dog.\"));\nconsole.log(\ndeclare var require: any;\nconst assert = require('node:assert');\n\n\nfunction test() {\n  let candidate = text_match_wordz;\n  assert.deepEqual(candidate(\"pythonz.\"),true);\n  assert.deepEqual(candidate(\"xyz.\"),true);\n  assert.deepEqual(candidate(\"  lang  .\"),false);\n}\n\ntest();",
      "timestamp": 1666123483,
      "stdout": "../../../../tmp/tmpvfl0k73o.ts(28,9): error TS1005: ',' expected.\n",
      "stderr": "",
      "exit_code": 2,
      "status": "SyntaxError"
    },
    {
      "program": "//Write a function that matches a word containing 'z'.\nfunction text_match_wordz(text: string): boolean {\n    let regex = /\\w*z\\w*/;\n    return regex.test(text);\n}\n\ndeclare var require: any;\nconst assert = require('node:assert');\n\n\nfunction test() {\n  let candidate = text_match_wordz;\n  assert.deepEqual(candidate(\"pythonz.\"),true);\n  assert.deepEqual(candidate(\"xyz.\"),true);\n  assert.deepEqual(candidate(\"  lang  .\"),false);\n}\n\ntest();",
      "timestamp": 1665510609,
      "stdout": "",
      "stderr": "",
      "exit_code": 0,
      "status": "OK"
    },
    {
      "program": "//Write a function that matches a word containing 'z'.\nfunction text_match_wordz(text: string): boolean {\n    let regex = /\\bz\\w+/g;\n    return regex.test(text);\n}\n\ndeclare var require: any;\nconst assert = require('node:assert');\n\n\nfunction test() {\n  let candidate = text_match_wordz;\n  assert.deepEqual(candidate(\"pythonz.\"),true);\n  assert.deepEqual(candidate(\"xyz.\"),true);\n  assert.deepEqual(candidate(\"  lang  .\"),false);\n}\n\ntest();",
      "timestamp": 1665510609,
      "stdout": "",
      "stderr": "node:assert:124\n  throw new AssertionError(obj);\n  ^\n\nAssertionError [ERR_ASSERTION]: Expected values to be loosely deep-equal:\n\nfalse\n\nshould loosely deep-equal\n\ntrue\n    at test (/tmp/tmp9e4fnbs7.js:9:12)\n    at Object.<anonymous> (/tmp/tmp9e4fnbs7.js:13:1)\n    at Module._compile (node:internal/modules/cjs/loader:1120:14)\n    at Module._extensions..js (node:internal/modules/cjs/loader:1174:10)\n    at Module.load (node:internal/modules/cjs/loader:998:32)\n    at Module._load (node:internal/modules/cjs/loader:839:12)\n    at Function.executeUserEntryPoint [as runMain] (node:internal/modules/run_main:81:12)\n    at node:internal/main/run_main_module:17:47 {\n  generatedMessage: true,\n  code: 'ERR_ASSERTION',\n  actual: false,\n  expected: true,\n  operator: 'deepEqual'\n}\n\nNode.js v18.7.0\n",
      "exit_code": 1,
      "status": "AssertionError"
    },
    {
      "program": "//Write a function that matches a word containing 'z'.\nfunction text_match_wordz(text: string): boolean {\n    return /\\bz\\w+\\b/g.test(text);\n}\n\ndeclare var require: any;\nconst assert = require('node:assert');\n\n\nfunction test() {\n  let candidate = text_match_wordz;\n  assert.deepEqual(candidate(\"pythonz.\"),true);\n  assert.deepEqual(candidate(\"xyz.\"),true);\n  assert.deepEqual(candidate(\"  lang  .\"),false);\n}\n\ntest();",
      "timestamp": 1665510609,
      "stdout": "",
      "stderr": "node:assert:124\n  throw new AssertionError(obj);\n  ^\n\nAssertionError [ERR_ASSERTION]: Expected values to be loosely deep-equal:\n\nfalse\n\nshould loosely deep-equal\n\ntrue\n    at test (/tmp/tmp2hr2ezc5.js:8:12)\n    at Object.<anonymous> (/tmp/tmp2hr2ezc5.js:12:1)\n    at Module._compile (node:internal/modules/cjs/loader:1120:14)\n    at Module._extensions..js (node:internal/modules/cjs/loader:1174:10)\n    at Module.load (node:internal/modules/cjs/loader:998:32)\n    at Module._load (node:internal/modules/cjs/loader:839:12)\n    at Function.executeUserEntryPoint [as runMain] (node:internal/modules/run_main:81:12)\n    at node:internal/main/run_main_module:17:47 {\n  generatedMessage: true,\n  code: 'ERR_ASSERTION',\n  actual: false,\n  expected: true,\n  operator: 'deepEqual'\n}\n\nNode.js v18.7.0\n",
      "exit_code": 1,
      "status": "AssertionError"
    },
    {
      "program": "//Write a function that matches a word containing 'z'.\nfunction text_match_wordz(text: string): boolean {\n    let regex = /\\w*z\\w*/;\n    return regex.test(text);\n}\n\ndeclare var require: any;\nconst assert = require('node:assert');\n\n\nfunction test() {\n  let candidate = text_match_wordz;\n  assert.deepEqual(candidate(\"pythonz.\"),true);\n  assert.deepEqual(candidate(\"xyz.\"),true);\n  assert.deepEqual(candidate(\"  lang  .\"),false);\n}\n\ntest();",
      "timestamp": 1665510609,
      "stdout": "",
      "stderr": "",
      "exit_code": 0,
      "status": "OK"
    },
    {
      "program": "//Write a function that matches a word containing 'z'.\nfunction text_match_wordz(text: string): boolean {\n    let regex: RegExp = /\\bz\\w+/;\n    return regex.test(text);\n}\n\ndeclare var require: any;\nconst assert = require('node:assert');\n\n\nfunction test() {\n  let candidate = text_match_wordz;\n  assert.deepEqual(candidate(\"pythonz.\"),true);\n  assert.deepEqual(candidate(\"xyz.\"),true);\n  assert.deepEqual(candidate(\"  lang  .\"),false);\n}\n\ntest();",
      "timestamp": 1666123476,
      "stdout": "",
      "stderr": "node:assert:124\n  throw new AssertionError(obj);\n  ^\n\nAssertionError [ERR_ASSERTION]: Expected values to be loosely deep-equal:\n\nfalse\n\nshould loosely deep-equal\n\ntrue\n    at test (/tmp/tmpe70vj3r1.js:9:12)\n    at Object.<anonymous> (/tmp/tmpe70vj3r1.js:13:1)\n    at Module._compile (node:internal/modules/cjs/loader:1120:14)\n    at Module._extensions..js (node:internal/modules/cjs/loader:1174:10)\n    at Module.load (node:internal/modules/cjs/loader:998:32)\n    at Module._load (node:internal/modules/cjs/loader:839:12)\n    at Function.executeUserEntryPoint [as runMain] (node:internal/modules/run_main:81:12)\n    at node:internal/main/run_main_module:17:47 {\n  generatedMessage: true,\n  code: 'ERR_ASSERTION',\n  actual: false,\n  expected: true,\n  operator: 'deepEqual'\n}\n\nNode.js v18.7.0\n",
      "exit_code": 1,
      "status": "AssertionError"
    },
    {
      "program": "//Write a function that matches a word containing 'z'.\nfunction text_match_wordz(text: string): boolean {\n    let regex = /\\bz\\w+/g;\n    return regex.test(text);\n}\n\ndeclare var require: any;\nconst assert = require('node:assert');\n\n\nfunction test() {\n  let candidate = text_match_wordz;\n  assert.deepEqual(candidate(\"pythonz.\"),true);\n  assert.deepEqual(candidate(\"xyz.\"),true);\n  assert.deepEqual(candidate(\"  lang  .\"),false);\n}\n\ntest();",
      "timestamp": 1665510609,
      "stdout": "",
      "stderr": "node:assert:124\n  throw new AssertionError(obj);\n  ^\n\nAssertionError [ERR_ASSERTION]: Expected values to be loosely deep-equal:\n\nfalse\n\nshould loosely deep-equal\n\ntrue\n    at test (/tmp/tmp9e4fnbs7.js:9:12)\n    at Object.<anonymous> (/tmp/tmp9e4fnbs7.js:13:1)\n    at Module._compile (node:internal/modules/cjs/loader:1120:14)\n    at Module._extensions..js (node:internal/modules/cjs/loader:1174:10)\n    at Module.load (node:internal/modules/cjs/loader:998:32)\n    at Module._load (node:internal/modules/cjs/loader:839:12)\n    at Function.executeUserEntryPoint [as runMain] (node:internal/modules/run_main:81:12)\n    at node:internal/main/run_main_module:17:47 {\n  generatedMessage: true,\n  code: 'ERR_ASSERTION',\n  actual: false,\n  expected: true,\n  operator: 'deepEqual'\n}\n\nNode.js v18.7.0\n",
      "exit_code": 1,
      "status": "AssertionError"
    },
    {
      "program": "//Write a function that matches a word containing 'z'.\nfunction text_match_wordz(text: string): boolean {\n    let regex = /\\w*z\\w*/;\n    return regex.test(text);\n}\n\ndeclare var require: any;\nconst assert = require('node:assert');\n\n\nfunction test() {\n  let candidate = text_match_wordz;\n  assert.deepEqual(candidate(\"pythonz.\"),true);\n  assert.deepEqual(candidate(\"xyz.\"),true);\n  assert.deepEqual(candidate(\"  lang  .\"),false);\n}\n\ntest();",
      "timestamp": 1665510609,
      "stdout": "",
      "stderr": "",
      "exit_code": 0,
      "status": "OK"
    },
    {
      "program": "//Write a function that matches a word containing 'z'.\nfunction text_match_wordz(text: string): boolean {\n    return /z/.test(text);\n}\n\ndeclare var require: any;\nconst assert = require('node:assert');\n\n\nfunction test() {\n  let candidate = text_match_wordz;\n  assert.deepEqual(candidate(\"pythonz.\"),true);\n  assert.deepEqual(candidate(\"xyz.\"),true);\n  assert.deepEqual(candidate(\"  lang  .\"),false);\n}\n\ntest();",
      "timestamp": 1666123477,
      "stdout": "",
      "stderr": "",
      "exit_code": 0,
      "status": "OK"
    },
    {
      "program": "//Write a function that matches a word containing 'z'.\nfunction text_match_wordz(text: string): boolean {\n    return /\\bz\\w+\\b/.test(text);\n}\n\ndeclare var require: any;\nconst assert = require('node:assert');\n\n\nfunction test() {\n  let candidate = text_match_wordz;\n  assert.deepEqual(candidate(\"pythonz.\"),true);\n  assert.deepEqual(candidate(\"xyz.\"),true);\n  assert.deepEqual(candidate(\"  lang  .\"),false);\n}\n\ntest();",
      "timestamp": 1665510610,
      "stdout": "",
      "stderr": "node:assert:124\n  throw new AssertionError(obj);\n  ^\n\nAssertionError [ERR_ASSERTION]: Expected values to be loosely deep-equal:\n\nfalse\n\nshould loosely deep-equal\n\ntrue\n    at test (/tmp/tmpxonrukfd.js:8:12)\n    at Object.<anonymous> (/tmp/tmpxonrukfd.js:12:1)\n    at Module._compile (node:internal/modules/cjs/loader:1120:14)\n    at Module._extensions..js (node:internal/modules/cjs/loader:1174:10)\n    at Module.load (node:internal/modules/cjs/loader:998:32)\n    at Module._load (node:internal/modules/cjs/loader:839:12)\n    at Function.executeUserEntryPoint [as runMain] (node:internal/modules/run_main:81:12)\n    at node:internal/main/run_main_module:17:47 {\n  generatedMessage: true,\n  code: 'ERR_ASSERTION',\n  actual: false,\n  expected: true,\n  operator: 'deepEqual'\n}\n\nNode.js v18.7.0\n",
      "exit_code": 1,
      "status": "AssertionError"
    },
    {
      "program": "//Write a function that matches a word containing 'z'.\nfunction text_match_wordz(text: string): boolean {\n    let regex = /\\w*z\\w*/;\n    return regex.test(text);\n}\n\ndeclare var require: any;\nconst assert = require('node:assert');\n\n\nfunction test() {\n  let candidate = text_match_wordz;\n  assert.deepEqual(candidate(\"pythonz.\"),true);\n  assert.deepEqual(candidate(\"xyz.\"),true);\n  assert.deepEqual(candidate(\"  lang  .\"),false);\n}\n\ntest();",
      "timestamp": 1665510609,
      "stdout": "",
      "stderr": "",
      "exit_code": 0,
      "status": "OK"
    },
    {
      "program": "//Write a function that matches a word containing 'z'.\nfunction text_match_wordz(text: string): boolean {\n    let regex = /\\bz\\w+\\b/;\n    return regex.test(text);\n}\n\ndeclare var require: any;\nconst assert = require('node:assert');\n\n\nfunction test() {\n  let candidate = text_match_wordz;\n  assert.deepEqual(candidate(\"pythonz.\"),true);\n  assert.deepEqual(candidate(\"xyz.\"),true);\n  assert.deepEqual(candidate(\"  lang  .\"),false);\n}\n\ntest();",
      "timestamp": 1665510609,
      "stdout": "",
      "stderr": "node:assert:124\n  throw new AssertionError(obj);\n  ^\n\nAssertionError [ERR_ASSERTION]: Expected values to be loosely deep-equal:\n\nfalse\n\nshould loosely deep-equal\n\ntrue\n    at test (/tmp/tmpaesghpw_.js:9:12)\n    at Object.<anonymous> (/tmp/tmpaesghpw_.js:13:1)\n    at Module._compile (node:internal/modules/cjs/loader:1120:14)\n    at Module._extensions..js (node:internal/modules/cjs/loader:1174:10)\n    at Module.load (node:internal/modules/cjs/loader:998:32)\n    at Module._load (node:internal/modules/cjs/loader:839:12)\n    at Function.executeUserEntryPoint [as runMain] (node:internal/modules/run_main:81:12)\n    at node:internal/main/run_main_module:17:47 {\n  generatedMessage: true,\n  code: 'ERR_ASSERTION',\n  actual: false,\n  expected: true,\n  operator: 'deepEqual'\n}\n\nNode.js v18.7.0\n",
      "exit_code": 1,
      "status": "AssertionError"
    },
    {
      "program": "//Write a function that matches a word containing 'z'.\nfunction text_match_wordz(text: string): boolean {\n    return /\\bz\\b/.test(text);\n}\n\ndeclare var require: any;\nconst assert = require('node:assert');\n\n\nfunction test() {\n  let candidate = text_match_wordz;\n  assert.deepEqual(candidate(\"pythonz.\"),true);\n  assert.deepEqual(candidate(\"xyz.\"),true);\n  assert.deepEqual(candidate(\"  lang  .\"),false);\n}\n\ntest();",
      "timestamp": 1666123483,
      "stdout": "",
      "stderr": "node:assert:124\n  throw new AssertionError(obj);\n  ^\n\nAssertionError [ERR_ASSERTION]: Expected values to be loosely deep-equal:\n\nfalse\n\nshould loosely deep-equal\n\ntrue\n    at test (/tmp/tmpji6axb0w.js:8:12)\n    at Object.<anonymous> (/tmp/tmpji6axb0w.js:12:1)\n    at Module._compile (node:internal/modules/cjs/loader:1120:14)\n    at Module._extensions..js (node:internal/modules/cjs/loader:1174:10)\n    at Module.load (node:internal/modules/cjs/loader:998:32)\n    at Module._load (node:internal/modules/cjs/loader:839:12)\n    at Function.executeUserEntryPoint [as runMain] (node:internal/modules/run_main:81:12)\n    at node:internal/main/run_main_module:17:47 {\n  generatedMessage: true,\n  code: 'ERR_ASSERTION',\n  actual: false,\n  expected: true,\n  operator: 'deepEqual'\n}\n\nNode.js v18.7.0\n",
      "exit_code": 1,
      "status": "AssertionError"
    },
    {
      "program": "//Write a function that matches a word containing 'z'.\nfunction text_match_wordz(text: string): boolean {\n    let regex = /\\bz\\w+\\b/g;\n    return regex.test(text);\n}\n\ndeclare var require: any;\nconst assert = require('node:assert');\n\n\nfunction test() {\n  let candidate = text_match_wordz;\n  assert.deepEqual(candidate(\"pythonz.\"),true);\n  assert.deepEqual(candidate(\"xyz.\"),true);\n  assert.deepEqual(candidate(\"  lang  .\"),false);\n}\n\ntest();",
      "timestamp": 1665510610,
      "stdout": "",
      "stderr": "node:assert:124\n  throw new AssertionError(obj);\n  ^\n\nAssertionError [ERR_ASSERTION]: Expected values to be loosely deep-equal:\n\nfalse\n\nshould loosely deep-equal\n\ntrue\n    at test (/tmp/tmpqdww93h_.js:9:12)\n    at Object.<anonymous> (/tmp/tmpqdww93h_.js:13:1)\n    at Module._compile (node:internal/modules/cjs/loader:1120:14)\n    at Module._extensions..js (node:internal/modules/cjs/loader:1174:10)\n    at Module.load (node:internal/modules/cjs/loader:998:32)\n    at Module._load (node:internal/modules/cjs/loader:839:12)\n    at Function.executeUserEntryPoint [as runMain] (node:internal/modules/run_main:81:12)\n    at node:internal/main/run_main_module:17:47 {\n  generatedMessage: true,\n  code: 'ERR_ASSERTION',\n  actual: false,\n  expected: true,\n  operator: 'deepEqual'\n}\n\nNode.js v18.7.0\n",
      "exit_code": 1,
      "status": "AssertionError"
    },
    {
      "program": "//Write a function that matches a word containing 'z'.\nfunction text_match_wordz(text: string): boolean {\n    return /\\bz\\w+\\b/g.test(text);\n}\n\ndeclare var require: any;\nconst assert = require('node:assert');\n\n\nfunction test() {\n  let candidate = text_match_wordz;\n  assert.deepEqual(candidate(\"pythonz.\"),true);\n  assert.deepEqual(candidate(\"xyz.\"),true);\n  assert.deepEqual(candidate(\"  lang  .\"),false);\n}\n\ntest();",
      "timestamp": 1665510609,
      "stdout": "",
      "stderr": "node:assert:124\n  throw new AssertionError(obj);\n  ^\n\nAssertionError [ERR_ASSERTION]: Expected values to be loosely deep-equal:\n\nfalse\n\nshould loosely deep-equal\n\ntrue\n    at test (/tmp/tmp2hr2ezc5.js:8:12)\n    at Object.<anonymous> (/tmp/tmp2hr2ezc5.js:12:1)\n    at Module._compile (node:internal/modules/cjs/loader:1120:14)\n    at Module._extensions..js (node:internal/modules/cjs/loader:1174:10)\n    at Module.load (node:internal/modules/cjs/loader:998:32)\n    at Module._load (node:internal/modules/cjs/loader:839:12)\n    at Function.executeUserEntryPoint [as runMain] (node:internal/modules/run_main:81:12)\n    at node:internal/main/run_main_module:17:47 {\n  generatedMessage: true,\n  code: 'ERR_ASSERTION',\n  actual: false,\n  expected: true,\n  operator: 'deepEqual'\n}\n\nNode.js v18.7.0\n",
      "exit_code": 1,
      "status": "AssertionError"
    },
    {
      "program": "//Write a function that matches a word containing 'z'.\nfunction text_match_wordz(text: string): boolean {\n    let regex = /\\bz\\w+\\b/g;\n    return regex.test(text);\n}\n\ndeclare var require: any;\nconst assert = require('node:assert');\n\n\nfunction test() {\n  let candidate = text_match_wordz;\n  assert.deepEqual(candidate(\"pythonz.\"),true);\n  assert.deepEqual(candidate(\"xyz.\"),true);\n  assert.deepEqual(candidate(\"  lang  .\"),false);\n}\n\ntest();",
      "timestamp": 1665510610,
      "stdout": "",
      "stderr": "node:assert:124\n  throw new AssertionError(obj);\n  ^\n\nAssertionError [ERR_ASSERTION]: Expected values to be loosely deep-equal:\n\nfalse\n\nshould loosely deep-equal\n\ntrue\n    at test (/tmp/tmpqdww93h_.js:9:12)\n    at Object.<anonymous> (/tmp/tmpqdww93h_.js:13:1)\n    at Module._compile (node:internal/modules/cjs/loader:1120:14)\n    at Module._extensions..js (node:internal/modules/cjs/loader:1174:10)\n    at Module.load (node:internal/modules/cjs/loader:998:32)\n    at Module._load (node:internal/modules/cjs/loader:839:12)\n    at Function.executeUserEntryPoint [as runMain] (node:internal/modules/run_main:81:12)\n    at node:internal/main/run_main_module:17:47 {\n  generatedMessage: true,\n  code: 'ERR_ASSERTION',\n  actual: false,\n  expected: true,\n  operator: 'deepEqual'\n}\n\nNode.js v18.7.0\n",
      "exit_code": 1,
      "status": "AssertionError"
    }
  ]
}