{
  "name": "mbpp_592_sum_Of_product",
  "language": "ts",
  "prompt": "//Write a python function to find the sum of the product of consecutive binomial co-efficients.\nfunction sum_Of_product(n: number): number {\n",
  "doctests": "keep",
  "original": "/home/arjun/repos/MultiPL-E/datasets/../datasets/mbpp-typed/mbpp_592_sum_Of_product.py",
  "prompt_terminology": "verbatim",
  "tests": "declare var require: any;\nconst assert = require('node:assert');\n\n\nfunction test() {\n  let candidate = sum_Of_product;\n  assert.deepEqual(candidate(3),15);\n  assert.deepEqual(candidate(4),56);\n  assert.deepEqual(candidate(1),1);\n}\n\ntest();",
  "stop_tokens": [
    "\nfunction ",
    "\n/*",
    "\n//",
    "\nclass"
  ],
  "results": [
    {
      "program": "//Write a python function to find the sum of the product of consecutive binomial co-efficients.\nfunction sum_Of_product(n: number): number {\n    let sum: number = 0;\n    for (let i: number = 0; i <= n; i++) {\n        for (let j: number = 0; j <= i; j++) {\n            sum += binomial_coefficient(i, j);\n        }\n    }\n    return sum;\n}\n\ndeclare var require: any;\nconst assert = require('node:assert');\n\n\nfunction test() {\n  let candidate = sum_Of_product;\n  assert.deepEqual(candidate(3),15);\n  assert.deepEqual(candidate(4),56);\n  assert.deepEqual(candidate(1),1);\n}\n\ntest();",
      "timestamp": 1665510315,
      "stdout": "../../../../tmp/tmpixqhu6vu.ts(6,20): error TS2304: Cannot find name 'binomial_coefficient'.\n",
      "stderr": "",
      "exit_code": 2,
      "status": "SyntaxError"
    },
    {
      "program": "//Write a python function to find the sum of the product of consecutive binomial co-efficients.\nfunction sum_Of_product(n: number): number {\n    let sum: number = 0;\n    for (let i = 0; i <= n; i++) {\n        for (let j = 0; j <= n; j++) {\n            sum += binomial_coefficient(i, j);\n        }\n    }\n    return sum;\n}\nconsole.log(sum_Of_product(5));\n\ndeclare var require: any;\nconst assert = require('node:assert');\n\n\nfunction test() {\n  let candidate = sum_Of_product;\n  assert.deepEqual(candidate(3),15);\n  assert.deepEqual(candidate(4),56);\n  assert.deepEqual(candidate(1),1);\n}\n\ntest();",
      "timestamp": 1665510315,
      "stdout": "../../../../tmp/tmplbp2pflj.ts(6,20): error TS2304: Cannot find name 'binomial_coefficient'.\n",
      "stderr": "",
      "exit_code": 2,
      "status": "SyntaxError"
    },
    {
      "program": "//Write a python function to find the sum of the product of consecutive binomial co-efficients.\nfunction sum_Of_product(n: number): number {\n    let sum: number = 0;\n    for (let i = 0; i <= n; i++) {\n        for (let j = 0; j <= i; j++) {\n            sum += binomial_coefficient(i, j);\n        }\n    }\n    return sum;\n}\n\ndeclare var require: any;\nconst assert = require('node:assert');\n\n\nfunction test() {\n  let candidate = sum_Of_product;\n  assert.deepEqual(candidate(3),15);\n  assert.deepEqual(candidate(4),56);\n  assert.deepEqual(candidate(1),1);\n}\n\ntest();",
      "timestamp": 1665510315,
      "stdout": "../../../../tmp/tmp2xa149r4.ts(6,20): error TS2304: Cannot find name 'binomial_coefficient'.\n",
      "stderr": "",
      "exit_code": 2,
      "status": "SyntaxError"
    },
    {
      "program": "//Write a python function to find the sum of the product of consecutive binomial co-efficients.\nfunction sum_Of_product(n: number): number {\n    let sum: number = 0;\n    for (let i = 0; i <= n; i++) {\n        sum = sum + (factorial(n) / (factorial(i) * factorial(n - i)));\n    }\n    return sum;\n}\nconsole.log(sum_Of_product(5));\n\ndeclare var require: any;\nconst assert = require('node:assert');\n\n\nfunction test() {\n  let candidate = sum_Of_product;\n  assert.deepEqual(candidate(3),15);\n  assert.deepEqual(candidate(4),56);\n  assert.deepEqual(candidate(1),1);\n}\n\ntest();",
      "timestamp": 1665510314,
      "stdout": "../../../../tmp/tmprihmipv3.ts(5,22): error TS2304: Cannot find name 'factorial'.\n../../../../tmp/tmprihmipv3.ts(5,38): error TS2304: Cannot find name 'factorial'.\n../../../../tmp/tmprihmipv3.ts(5,53): error TS2304: Cannot find name 'factorial'.\n",
      "stderr": "",
      "exit_code": 2,
      "status": "SyntaxError"
    },
    {
      "program": "//Write a python function to find the sum of the product of consecutive binomial co-efficients.\nfunction sum_Of_product(n: number): number {\n    let sum: number = 0;\n    for (let i = 1; i <= n; i++) {\n        sum += (factorial(n) / (factorial(i) * factorial(n - i)));\n    }\n    return sum;\n}\n\nconsole.log(sum_Of_product(5));\n\ndeclare var require: any;\nconst assert = require('node:assert');\n\n\nfunction test() {\n  let candidate = sum_Of_product;\n  assert.deepEqual(candidate(3),15);\n  assert.deepEqual(candidate(4),56);\n  assert.deepEqual(candidate(1),1);\n}\n\ntest();",
      "timestamp": 1665510315,
      "stdout": "../../../../tmp/tmpfu829k8t.ts(5,17): error TS2304: Cannot find name 'factorial'.\n../../../../tmp/tmpfu829k8t.ts(5,33): error TS2304: Cannot find name 'factorial'.\n../../../../tmp/tmpfu829k8t.ts(5,48): error TS2304: Cannot find name 'factorial'.\n",
      "stderr": "",
      "exit_code": 2,
      "status": "SyntaxError"
    },
    {
      "program": "//Write a python function to find the sum of the product of consecutive binomial co-efficients.\nfunction sum_Of_product(n: number): number {\n    let sum: number = 0;\n    for (let i: number = 0; i <= n; i++) {\n        for (let j: number = 0; j <= i; j++) {\n            sum += binomialCoeff(i, j);\n        }\n    }\n    return sum;\n}\n\ndeclare var require: any;\nconst assert = require('node:assert');\n\n\nfunction test() {\n  let candidate = sum_Of_product;\n  assert.deepEqual(candidate(3),15);\n  assert.deepEqual(candidate(4),56);\n  assert.deepEqual(candidate(1),1);\n}\n\ntest();",
      "timestamp": 1665510314,
      "stdout": "../../../../tmp/tmpkq00_kmd.ts(6,20): error TS2304: Cannot find name 'binomialCoeff'.\n",
      "stderr": "",
      "exit_code": 2,
      "status": "SyntaxError"
    },
    {
      "program": "//Write a python function to find the sum of the product of consecutive binomial co-efficients.\nfunction sum_Of_product(n: number): number {\n    let sum: number = 0;\n    for (let i: number = 1; i <= n; i++) {\n        sum = sum + (factorial(n) / (factorial(i) * factorial(n - i)));\n    }\n    return sum;\n}\n\ndeclare var require: any;\nconst assert = require('node:assert');\n\n\nfunction test() {\n  let candidate = sum_Of_product;\n  assert.deepEqual(candidate(3),15);\n  assert.deepEqual(candidate(4),56);\n  assert.deepEqual(candidate(1),1);\n}\n\ntest();",
      "timestamp": 1665510314,
      "stdout": "../../../../tmp/tmp5fvkxrx2.ts(5,22): error TS2304: Cannot find name 'factorial'.\n../../../../tmp/tmp5fvkxrx2.ts(5,38): error TS2304: Cannot find name 'factorial'.\n../../../../tmp/tmp5fvkxrx2.ts(5,53): error TS2304: Cannot find name 'factorial'.\n",
      "stderr": "",
      "exit_code": 2,
      "status": "SyntaxError"
    },
    {
      "program": "//Write a python function to find the sum of the product of consecutive binomial co-efficients.\nfunction sum_Of_product(n: number): number {\n    let sum: number = 0;\n    for (let i: number = 1; i <= n; i++) {\n        sum += factorial(n) / (factorial(i) * factorial(n - i));\n    }\n    return sum;\n}\n\ndeclare var require: any;\nconst assert = require('node:assert');\n\n\nfunction test() {\n  let candidate = sum_Of_product;\n  assert.deepEqual(candidate(3),15);\n  assert.deepEqual(candidate(4),56);\n  assert.deepEqual(candidate(1),1);\n}\n\ntest();",
      "timestamp": 1665510315,
      "stdout": "../../../../tmp/tmp5d5rcqcn.ts(5,16): error TS2304: Cannot find name 'factorial'.\n../../../../tmp/tmp5d5rcqcn.ts(5,32): error TS2304: Cannot find name 'factorial'.\n../../../../tmp/tmp5d5rcqcn.ts(5,47): error TS2304: Cannot find name 'factorial'.\n",
      "stderr": "",
      "exit_code": 2,
      "status": "SyntaxError"
    },
    {
      "program": "//Write a python function to find the sum of the product of consecutive binomial co-efficients.\nfunction sum_Of_product(n: number): number {\n    let sum: number = 0;\n    for (let i = 0; i <= n; i++) {\n        for (let j = 0; j <= i; j++) {\n            sum += binomial_coefficient(i, j);\n        }\n    }\n    return sum;\n}\n\ndeclare var require: any;\nconst assert = require('node:assert');\n\n\nfunction test() {\n  let candidate = sum_Of_product;\n  assert.deepEqual(candidate(3),15);\n  assert.deepEqual(candidate(4),56);\n  assert.deepEqual(candidate(1),1);\n}\n\ntest();",
      "timestamp": 1665510315,
      "stdout": "../../../../tmp/tmp2xa149r4.ts(6,20): error TS2304: Cannot find name 'binomial_coefficient'.\n",
      "stderr": "",
      "exit_code": 2,
      "status": "SyntaxError"
    },
    {
      "program": "//Write a python function to find the sum of the product of consecutive binomial co-efficients.\nfunction sum_Of_product(n: number): number {\n    let sum: number = 0;\n    for (let i: number = 1; i <= n; i++) {\n        sum += factorial(n) / (factorial(i) * factorial(n - i));\n    }\n    return sum;\n}\nconsole.log(sum_Of_product(5));\n\ndeclare var require: any;\nconst assert = require('node:assert');\n\n\nfunction test() {\n  let candidate = sum_Of_product;\n  assert.deepEqual(candidate(3),15);\n  assert.deepEqual(candidate(4),56);\n  assert.deepEqual(candidate(1),1);\n}\n\ntest();",
      "timestamp": 1665510314,
      "stdout": "../../../../tmp/tmpadunfr85.ts(5,16): error TS2304: Cannot find name 'factorial'.\n../../../../tmp/tmpadunfr85.ts(5,32): error TS2304: Cannot find name 'factorial'.\n../../../../tmp/tmpadunfr85.ts(5,47): error TS2304: Cannot find name 'factorial'.\n",
      "stderr": "",
      "exit_code": 2,
      "status": "SyntaxError"
    },
    {
      "program": "//Write a python function to find the sum of the product of consecutive binomial co-efficients.\nfunction sum_Of_product(n: number): number {\n    let sum = 0;\n    for (let i = 1; i <= n; i++) {\n        for (let j = 1; j <= i; j++) {\n            sum += (factorial(i) / (factorial(j) * factorial(i - j)));\n        }\n    }\n    return sum;\n}\n\ndeclare var require: any;\nconst assert = require('node:assert');\n\n\nfunction test() {\n  let candidate = sum_Of_product;\n  assert.deepEqual(candidate(3),15);\n  assert.deepEqual(candidate(4),56);\n  assert.deepEqual(candidate(1),1);\n}\n\ntest();",
      "timestamp": 1665510315,
      "stdout": "../../../../tmp/tmpd1aa59tc.ts(6,21): error TS2304: Cannot find name 'factorial'.\n../../../../tmp/tmpd1aa59tc.ts(6,37): error TS2304: Cannot find name 'factorial'.\n../../../../tmp/tmpd1aa59tc.ts(6,52): error TS2304: Cannot find name 'factorial'.\n",
      "stderr": "",
      "exit_code": 2,
      "status": "SyntaxError"
    },
    {
      "program": "//Write a python function to find the sum of the product of consecutive binomial co-efficients.\nfunction sum_Of_product(n: number): number {\n    let sum: number = 0;\n    for (let i = 1; i <= n; i++) {\n        sum += (factorial(n) / (factorial(i) * factorial(n - i)));\n    }\n    return sum;\n}\n\ndeclare var require: any;\nconst assert = require('node:assert');\n\n\nfunction test() {\n  let candidate = sum_Of_product;\n  assert.deepEqual(candidate(3),15);\n  assert.deepEqual(candidate(4),56);\n  assert.deepEqual(candidate(1),1);\n}\n\ntest();",
      "timestamp": 1665510315,
      "stdout": "../../../../tmp/tmpdnvqroe1.ts(5,17): error TS2304: Cannot find name 'factorial'.\n../../../../tmp/tmpdnvqroe1.ts(5,33): error TS2304: Cannot find name 'factorial'.\n../../../../tmp/tmpdnvqroe1.ts(5,48): error TS2304: Cannot find name 'factorial'.\n",
      "stderr": "",
      "exit_code": 2,
      "status": "SyntaxError"
    },
    {
      "program": "//Write a python function to find the sum of the product of consecutive binomial co-efficients.\nfunction sum_Of_product(n: number): number {\n    let sum: number = 0;\n    for (let i: number = 0; i <= n; i++) {\n        for (let j: number = 0; j <= n; j++) {\n            sum += binomialCoefficient(i, j);\n        }\n    }\n    return sum;\n}\n\ndeclare var require: any;\nconst assert = require('node:assert');\n\n\nfunction test() {\n  let candidate = sum_Of_product;\n  assert.deepEqual(candidate(3),15);\n  assert.deepEqual(candidate(4),56);\n  assert.deepEqual(candidate(1),1);\n}\n\ntest();",
      "timestamp": 1665510315,
      "stdout": "../../../../tmp/tmp893n7gkr.ts(6,20): error TS2304: Cannot find name 'binomialCoefficient'.\n",
      "stderr": "",
      "exit_code": 2,
      "status": "SyntaxError"
    },
    {
      "program": "//Write a python function to find the sum of the product of consecutive binomial co-efficients.\nfunction sum_Of_product(n: number): number {\n    let sum = 0;\n    for (let i = 0; i <= n; i++) {\n        for (let j = 0; j <= i; j++) {\n            sum += binomial_coefficient(i, j);\n        }\n    }\n    return sum;\n}\n\ndeclare var require: any;\nconst assert = require('node:assert');\n\n\nfunction test() {\n  let candidate = sum_Of_product;\n  assert.deepEqual(candidate(3),15);\n  assert.deepEqual(candidate(4),56);\n  assert.deepEqual(candidate(1),1);\n}\n\ntest();",
      "timestamp": 1665510315,
      "stdout": "../../../../tmp/tmpt0n4rhek.ts(6,20): error TS2304: Cannot find name 'binomial_coefficient'.\n",
      "stderr": "",
      "exit_code": 2,
      "status": "SyntaxError"
    },
    {
      "program": "//Write a python function to find the sum of the product of consecutive binomial co-efficients.\nfunction sum_Of_product(n: number): number {\n    let sum: number = 0;\n    for (let i = 0; i < n; i++) {\n        for (let j = 0; j < n; j++) {\n            sum += (factorial(n) / (factorial(i) * factorial(n - i))) * (factorial(n) / (factorial(j) * factorial(n - j)));\n        }\n    }\n    return sum;\n}\n\ndeclare var require: any;\nconst assert = require('node:assert');\n\n\nfunction test() {\n  let candidate = sum_Of_product;\n  assert.deepEqual(candidate(3),15);\n  assert.deepEqual(candidate(4),56);\n  assert.deepEqual(candidate(1),1);\n}\n\ntest();",
      "timestamp": 1665510315,
      "stdout": "../../../../tmp/tmp_mi413ex.ts(6,21): error TS2304: Cannot find name 'factorial'.\n../../../../tmp/tmp_mi413ex.ts(6,37): error TS2304: Cannot find name 'factorial'.\n../../../../tmp/tmp_mi413ex.ts(6,52): error TS2304: Cannot find name 'factorial'.\n../../../../tmp/tmp_mi413ex.ts(6,74): error TS2304: Cannot find name 'factorial'.\n../../../../tmp/tmp_mi413ex.ts(6,90): error TS2304: Cannot find name 'factorial'.\n../../../../tmp/tmp_mi413ex.ts(6,105): error TS2304: Cannot find name 'factorial'.\n",
      "stderr": "",
      "exit_code": 2,
      "status": "SyntaxError"
    },
    {
      "program": "//Write a python function to find the sum of the product of consecutive binomial co-efficients.\nfunction sum_Of_product(n: number): number {\n    let sum: number = 0;\n    for (let i = 0; i <= n; i++) {\n        for (let j = 0; j <= i; j++) {\n            sum += binomial_coefficient(i, j);\n        }\n    }\n    return sum;\n}\n\ndeclare var require: any;\nconst assert = require('node:assert');\n\n\nfunction test() {\n  let candidate = sum_Of_product;\n  assert.deepEqual(candidate(3),15);\n  assert.deepEqual(candidate(4),56);\n  assert.deepEqual(candidate(1),1);\n}\n\ntest();",
      "timestamp": 1665510315,
      "stdout": "../../../../tmp/tmp2xa149r4.ts(6,20): error TS2304: Cannot find name 'binomial_coefficient'.\n",
      "stderr": "",
      "exit_code": 2,
      "status": "SyntaxError"
    },
    {
      "program": "//Write a python function to find the sum of the product of consecutive binomial co-efficients.\nfunction sum_Of_product(n: number): number {\n    let sum: number = 0;\n    for (let i = 1; i <= n; i++) {\n        sum = sum + (factorial(n) / (factorial(i) * factorial(n - i)));\n    }\n    return sum;\n}\n\ndeclare var require: any;\nconst assert = require('node:assert');\n\n\nfunction test() {\n  let candidate = sum_Of_product;\n  assert.deepEqual(candidate(3),15);\n  assert.deepEqual(candidate(4),56);\n  assert.deepEqual(candidate(1),1);\n}\n\ntest();",
      "timestamp": 1665510314,
      "stdout": "../../../../tmp/tmpcg0xs9ry.ts(5,22): error TS2304: Cannot find name 'factorial'.\n../../../../tmp/tmpcg0xs9ry.ts(5,38): error TS2304: Cannot find name 'factorial'.\n../../../../tmp/tmpcg0xs9ry.ts(5,53): error TS2304: Cannot find name 'factorial'.\n",
      "stderr": "",
      "exit_code": 2,
      "status": "SyntaxError"
    },
    {
      "program": "//Write a python function to find the sum of the product of consecutive binomial co-efficients.\nfunction sum_Of_product(n: number): number {\n    let sum: number = 0;\n    for (let i = 1; i <= n; i++) {\n        for (let j = 1; j <= i; j++) {\n            sum += factorial(i) / (factorial(j) * factorial(i - j));\n        }\n    }\n    return sum;\n}\n\ndeclare var require: any;\nconst assert = require('node:assert');\n\n\nfunction test() {\n  let candidate = sum_Of_product;\n  assert.deepEqual(candidate(3),15);\n  assert.deepEqual(candidate(4),56);\n  assert.deepEqual(candidate(1),1);\n}\n\ntest();",
      "timestamp": 1665510314,
      "stdout": "../../../../tmp/tmpxznblg02.ts(6,20): error TS2304: Cannot find name 'factorial'.\n../../../../tmp/tmpxznblg02.ts(6,36): error TS2304: Cannot find name 'factorial'.\n../../../../tmp/tmpxznblg02.ts(6,51): error TS2304: Cannot find name 'factorial'.\n",
      "stderr": "",
      "exit_code": 2,
      "status": "SyntaxError"
    },
    {
      "program": "//Write a python function to find the sum of the product of consecutive binomial co-efficients.\nfunction sum_Of_product(n: number): number {\n    let sum: number = 0;\n    for (let i = 1; i <= n; i++) {\n        let product: number = 1;\n        for (let j = 1; j <= i; j++) {\n            product = product * (i - j + 1) / j;\n        }\n        sum = sum + product;\n    }\n    return sum;\n}\nconsole.log(sum_Of_product(5));\n\ndeclare var require: any;\nconst assert = require('node:assert');\n\n\nfunction test() {\n  let candidate = sum_Of_product;\n  assert.deepEqual(candidate(3),15);\n  assert.deepEqual(candidate(4),56);\n  assert.deepEqual(candidate(1),1);\n}\n\ntest();",
      "timestamp": 1665510315,
      "stdout": "5\n",
      "stderr": "node:assert:124\n  throw new AssertionError(obj);\n  ^\n\nAssertionError [ERR_ASSERTION]: Expected values to be loosely deep-equal:\n\n3\n\nshould loosely deep-equal\n\n15\n    at test (/tmp/tmpou72ifp1.js:17:12)\n    at Object.<anonymous> (/tmp/tmpou72ifp1.js:21:1)\n    at Module._compile (node:internal/modules/cjs/loader:1120:14)\n    at Module._extensions..js (node:internal/modules/cjs/loader:1174:10)\n    at Module.load (node:internal/modules/cjs/loader:998:32)\n    at Module._load (node:internal/modules/cjs/loader:839:12)\n    at Function.executeUserEntryPoint [as runMain] (node:internal/modules/run_main:81:12)\n    at node:internal/main/run_main_module:17:47 {\n  generatedMessage: true,\n  code: 'ERR_ASSERTION',\n  actual: 3,\n  expected: 15,\n  operator: 'deepEqual'\n}\n\nNode.js v18.7.0\n",
      "exit_code": 1,
      "status": "AssertionError"
    },
    {
      "program": "//Write a python function to find the sum of the product of consecutive binomial co-efficients.\nfunction sum_Of_product(n: number): number {\n    let sum: number = 0;\n    for (let i: number = 0; i <= n; i++) {\n        for (let j: number = 0; j <= i; j++) {\n            sum = sum + (factorial(i) / (factorial(j) * factorial(i - j)));\n        }\n    }\n    return sum;\n}\nconsole.log(sum_Of_product(4));\n\ndeclare var require: any;\nconst assert = require('node:assert');\n\n\nfunction test() {\n  let candidate = sum_Of_product;\n  assert.deepEqual(candidate(3),15);\n  assert.deepEqual(candidate(4),56);\n  assert.deepEqual(candidate(1),1);\n}\n\ntest();",
      "timestamp": 1665510315,
      "stdout": "../../../../tmp/tmpv8h_7mze.ts(6,26): error TS2304: Cannot find name 'factorial'.\n../../../../tmp/tmpv8h_7mze.ts(6,42): error TS2304: Cannot find name 'factorial'.\n../../../../tmp/tmpv8h_7mze.ts(6,57): error TS2304: Cannot find name 'factorial'.\n",
      "stderr": "",
      "exit_code": 2,
      "status": "SyntaxError"
    },
    {
      "program": "//Write a python function to find the sum of the product of consecutive binomial co-efficients.\nfunction sum_Of_product(n: number): number {\n    let sum: number = 0;\n    for (let i: number = 1; i <= n; i++) {\n        for (let j: number = 1; j <= i; j++) {\n            sum += binomial_coefficient(i, j);\n        }\n    }\n    return sum;\n}\n\ndeclare var require: any;\nconst assert = require('node:assert');\n\n\nfunction test() {\n  let candidate = sum_Of_product;\n  assert.deepEqual(candidate(3),15);\n  assert.deepEqual(candidate(4),56);\n  assert.deepEqual(candidate(1),1);\n}\n\ntest();",
      "timestamp": 1666123430,
      "stdout": "../../../../tmp/tmpfbi5d35l.ts(6,20): error TS2304: Cannot find name 'binomial_coefficient'.\n",
      "stderr": "",
      "exit_code": 2,
      "status": "SyntaxError"
    },
    {
      "program": "//Write a python function to find the sum of the product of consecutive binomial co-efficients.\nfunction sum_Of_product(n: number): number {\n    let sum: number = 0;\n    for (let i = 0; i < n; i++) {\n        sum += factorial(n) / (factorial(i) * factorial(n - i));\n    }\n    return sum;\n}\n\ndeclare var require: any;\nconst assert = require('node:assert');\n\n\nfunction test() {\n  let candidate = sum_Of_product;\n  assert.deepEqual(candidate(3),15);\n  assert.deepEqual(candidate(4),56);\n  assert.deepEqual(candidate(1),1);\n}\n\ntest();",
      "timestamp": 1666123430,
      "stdout": "../../../../tmp/tmprvovrmi2.ts(5,16): error TS2304: Cannot find name 'factorial'.\n../../../../tmp/tmprvovrmi2.ts(5,32): error TS2304: Cannot find name 'factorial'.\n../../../../tmp/tmprvovrmi2.ts(5,47): error TS2304: Cannot find name 'factorial'.\n",
      "stderr": "",
      "exit_code": 2,
      "status": "SyntaxError"
    },
    {
      "program": "//Write a python function to find the sum of the product of consecutive binomial co-efficients.\nfunction sum_Of_product(n: number): number {\n    let sum: number = 0;\n    for (let i = 0; i <= n; i++) {\n        for (let j = 0; j <= i; j++) {\n            sum += binomial_coefficient(i, j);\n        }\n    }\n    return sum;\n}\nconsole.log(sum_Of_product(5));\n\ndeclare var require: any;\nconst assert = require('node:assert');\n\n\nfunction test() {\n  let candidate = sum_Of_product;\n  assert.deepEqual(candidate(3),15);\n  assert.deepEqual(candidate(4),56);\n  assert.deepEqual(candidate(1),1);\n}\n\ntest();",
      "timestamp": 1666123430,
      "stdout": "../../../../tmp/tmplmt3xeyy.ts(6,20): error TS2304: Cannot find name 'binomial_coefficient'.\n",
      "stderr": "",
      "exit_code": 2,
      "status": "SyntaxError"
    },
    {
      "program": "//Write a python function to find the sum of the product of consecutive binomial co-efficients.\nfunction sum_Of_product(n: number): number {\n    let sum = 0;\n    for (let i = 0; i <= n; i++) {\n        for (let j = 0; j <= i; j++) {\n            sum = sum + (factorial(i) / (factorial(j) * factorial(i - j)));\n        }\n    }\n    return sum;\n}\nconsole.log(sum_Of_product(4));\n\ndeclare var require: any;\nconst assert = require('node:assert');\n\n\nfunction test() {\n  let candidate = sum_Of_product;\n  assert.deepEqual(candidate(3),15);\n  assert.deepEqual(candidate(4),56);\n  assert.deepEqual(candidate(1),1);\n}\n\ntest();",
      "timestamp": 1666123430,
      "stdout": "../../../../tmp/tmpy4n2r7hh.ts(6,26): error TS2304: Cannot find name 'factorial'.\n../../../../tmp/tmpy4n2r7hh.ts(6,42): error TS2304: Cannot find name 'factorial'.\n../../../../tmp/tmpy4n2r7hh.ts(6,57): error TS2304: Cannot find name 'factorial'.\n",
      "stderr": "",
      "exit_code": 2,
      "status": "SyntaxError"
    },
    {
      "program": "//Write a python function to find the sum of the product of consecutive binomial co-efficients.\nfunction sum_Of_product(n: number): number {\n    let sum: number = 0;\n    for (let i = 1; i <= n; i++) {\n        for (let j = 1; j <= n; j++) {\n            sum += (factorial(i) / (factorial(j) * factorial(i - j)));\n        }\n    }\n    return sum;\n}\nconsole.log(sum_Of_product(3));\n\ndeclare var require: any;\nconst assert = require('node:assert');\n\n\nfunction test() {\n  let candidate = sum_Of_product;\n  assert.deepEqual(candidate(3),15);\n  assert.deepEqual(candidate(4),56);\n  assert.deepEqual(candidate(1),1);\n}\n\ntest();",
      "timestamp": 1666123430,
      "stdout": "../../../../tmp/tmpn8f33csb.ts(6,21): error TS2304: Cannot find name 'factorial'.\n../../../../tmp/tmpn8f33csb.ts(6,37): error TS2304: Cannot find name 'factorial'.\n../../../../tmp/tmpn8f33csb.ts(6,52): error TS2304: Cannot find name 'factorial'.\n",
      "stderr": "",
      "exit_code": 2,
      "status": "SyntaxError"
    },
    {
      "program": "//Write a python function to find the sum of the product of consecutive binomial co-efficients.\nfunction sum_Of_product(n: number): number {\n    let sum: number = 0;\n    for (let i: number = 1; i <= n; i++) {\n        for (let j: number = 1; j <= i; j++) {\n            sum = sum + (factorial(i) / (factorial(j) * factorial(i - j)));\n        }\n    }\n    return sum;\n}\nconsole.log(sum_Of_product(5));\n\ndeclare var require: any;\nconst assert = require('node:assert');\n\n\nfunction test() {\n  let candidate = sum_Of_product;\n  assert.deepEqual(candidate(3),15);\n  assert.deepEqual(candidate(4),56);\n  assert.deepEqual(candidate(1),1);\n}\n\ntest();",
      "timestamp": 1666123430,
      "stdout": "../../../../tmp/tmp49hvvy9u.ts(6,26): error TS2304: Cannot find name 'factorial'.\n../../../../tmp/tmp49hvvy9u.ts(6,42): error TS2304: Cannot find name 'factorial'.\n../../../../tmp/tmp49hvvy9u.ts(6,57): error TS2304: Cannot find name 'factorial'.\n",
      "stderr": "",
      "exit_code": 2,
      "status": "SyntaxError"
    },
    {
      "program": "//Write a python function to find the sum of the product of consecutive binomial co-efficients.\nfunction sum_Of_product(n: number): number {\n    let sum: number = 0;\n    for (let i = 1; i <= n; i++) {\n        sum += (factorial(n) / (factorial(i) * factorial(n - i)));\n    }\n    return sum;\n}\nconsole.log(sum_Of_product(5));\n\ndeclare var require: any;\nconst assert = require('node:assert');\n\n\nfunction test() {\n  let candidate = sum_Of_product;\n  assert.deepEqual(candidate(3),15);\n  assert.deepEqual(candidate(4),56);\n  assert.deepEqual(candidate(1),1);\n}\n\ntest();",
      "timestamp": 1666123430,
      "stdout": "../../../../tmp/tmpssk7eljr.ts(5,17): error TS2304: Cannot find name 'factorial'.\n../../../../tmp/tmpssk7eljr.ts(5,33): error TS2304: Cannot find name 'factorial'.\n../../../../tmp/tmpssk7eljr.ts(5,48): error TS2304: Cannot find name 'factorial'.\n",
      "stderr": "",
      "exit_code": 2,
      "status": "SyntaxError"
    },
    {
      "program": "//Write a python function to find the sum of the product of consecutive binomial co-efficients.\nfunction sum_Of_product(n: number): number {\n    let sum: number = 0;\n    for (let i: number = 1; i <= n; i++) {\n        sum += product_of_binomial_coefficients(i);\n    }\n    return sum;\n}\n\ndeclare var require: any;\nconst assert = require('node:assert');\n\n\nfunction test() {\n  let candidate = sum_Of_product;\n  assert.deepEqual(candidate(3),15);\n  assert.deepEqual(candidate(4),56);\n  assert.deepEqual(candidate(1),1);\n}\n\ntest();",
      "timestamp": 1666123430,
      "stdout": "../../../../tmp/tmpmfw48gnz.ts(5,16): error TS2304: Cannot find name 'product_of_binomial_coefficients'.\n",
      "stderr": "",
      "exit_code": 2,
      "status": "SyntaxError"
    },
    {
      "program": "//Write a python function to find the sum of the product of consecutive binomial co-efficients.\nfunction sum_Of_product(n: number): number {\n    let sum: number = 0;\n    for (let i = 0; i <= n; i++) {\n        for (let j = 0; j <= i; j++) {\n            sum += (factorial(i) / (factorial(j) * factorial(i - j)));\n        }\n    }\n    return sum;\n}\n\ndeclare var require: any;\nconst assert = require('node:assert');\n\n\nfunction test() {\n  let candidate = sum_Of_product;\n  assert.deepEqual(candidate(3),15);\n  assert.deepEqual(candidate(4),56);\n  assert.deepEqual(candidate(1),1);\n}\n\ntest();",
      "timestamp": 1666123430,
      "stdout": "../../../../tmp/tmp5r3rsnmx.ts(6,21): error TS2304: Cannot find name 'factorial'.\n../../../../tmp/tmp5r3rsnmx.ts(6,37): error TS2304: Cannot find name 'factorial'.\n../../../../tmp/tmp5r3rsnmx.ts(6,52): error TS2304: Cannot find name 'factorial'.\n",
      "stderr": "",
      "exit_code": 2,
      "status": "SyntaxError"
    },
    {
      "program": "//Write a python function to find the sum of the product of consecutive binomial co-efficients.\nfunction sum_Of_product(n: number): number {\n    let sum: number = 0;\n    for (let i: number = 0; i <= n; i++) {\n        for (let j: number = 0; j <= i; j++) {\n            sum += (factorial(i) / (factorial(j) * factorial(i - j)));\n        }\n    }\n    return sum;\n}\n\ndeclare var require: any;\nconst assert = require('node:assert');\n\n\nfunction test() {\n  let candidate = sum_Of_product;\n  assert.deepEqual(candidate(3),15);\n  assert.deepEqual(candidate(4),56);\n  assert.deepEqual(candidate(1),1);\n}\n\ntest();",
      "timestamp": 1666123430,
      "stdout": "../../../../tmp/tmpn59t066r.ts(6,21): error TS2304: Cannot find name 'factorial'.\n../../../../tmp/tmpn59t066r.ts(6,37): error TS2304: Cannot find name 'factorial'.\n../../../../tmp/tmpn59t066r.ts(6,52): error TS2304: Cannot find name 'factorial'.\n",
      "stderr": "",
      "exit_code": 2,
      "status": "SyntaxError"
    },
    {
      "program": "//Write a python function to find the sum of the product of consecutive binomial co-efficients.\nfunction sum_Of_product(n: number): number {\n    let sum: number = 0;\n    for (let i: number = 0; i <= n; i++) {\n        for (let j: number = 0; j <= i; j++) {\n            sum = sum + (factorial(i) / (factorial(j) * factorial(i - j)));\n        }\n    }\n    return sum;\n}\nconsole.log(sum_Of_product(4));\n\ndeclare var require: any;\nconst assert = require('node:assert');\n\n\nfunction test() {\n  let candidate = sum_Of_product;\n  assert.deepEqual(candidate(3),15);\n  assert.deepEqual(candidate(4),56);\n  assert.deepEqual(candidate(1),1);\n}\n\ntest();",
      "timestamp": 1665510315,
      "stdout": "../../../../tmp/tmpv8h_7mze.ts(6,26): error TS2304: Cannot find name 'factorial'.\n../../../../tmp/tmpv8h_7mze.ts(6,42): error TS2304: Cannot find name 'factorial'.\n../../../../tmp/tmpv8h_7mze.ts(6,57): error TS2304: Cannot find name 'factorial'.\n",
      "stderr": "",
      "exit_code": 2,
      "status": "SyntaxError"
    },
    {
      "program": "//Write a python function to find the sum of the product of consecutive binomial co-efficients.\nfunction sum_Of_product(n: number): number {\n    let sum: number = 0;\n    for (let i: number = 0; i < n; i++) {\n        sum = sum + (factorial(n) / (factorial(i) * factorial(n - i)));\n    }\n    return sum;\n}\n\ndeclare var require: any;\nconst assert = require('node:assert');\n\n\nfunction test() {\n  let candidate = sum_Of_product;\n  assert.deepEqual(candidate(3),15);\n  assert.deepEqual(candidate(4),56);\n  assert.deepEqual(candidate(1),1);\n}\n\ntest();",
      "timestamp": 1666123430,
      "stdout": "../../../../tmp/tmpnlf5gsh4.ts(5,22): error TS2304: Cannot find name 'factorial'.\n../../../../tmp/tmpnlf5gsh4.ts(5,38): error TS2304: Cannot find name 'factorial'.\n../../../../tmp/tmpnlf5gsh4.ts(5,53): error TS2304: Cannot find name 'factorial'.\n",
      "stderr": "",
      "exit_code": 2,
      "status": "SyntaxError"
    },
    {
      "program": "//Write a python function to find the sum of the product of consecutive binomial co-efficients.\nfunction sum_Of_product(n: number): number {\n    let sum: number = 0;\n    for (let i = 1; i <= n; i++) {\n        sum += factorial(n) / (factorial(i) * factorial(n - i));\n    }\n    return sum;\n}\n\ndeclare var require: any;\nconst assert = require('node:assert');\n\n\nfunction test() {\n  let candidate = sum_Of_product;\n  assert.deepEqual(candidate(3),15);\n  assert.deepEqual(candidate(4),56);\n  assert.deepEqual(candidate(1),1);\n}\n\ntest();",
      "timestamp": 1666123430,
      "stdout": "../../../../tmp/tmpocbng_n6.ts(5,16): error TS2304: Cannot find name 'factorial'.\n../../../../tmp/tmpocbng_n6.ts(5,32): error TS2304: Cannot find name 'factorial'.\n../../../../tmp/tmpocbng_n6.ts(5,47): error TS2304: Cannot find name 'factorial'.\n",
      "stderr": "",
      "exit_code": 2,
      "status": "SyntaxError"
    },
    {
      "program": "//Write a python function to find the sum of the product of consecutive binomial co-efficients.\nfunction sum_Of_product(n: number): number {\n    let sum = 0;\n    for (let i = 0; i <= n; i++) {\n        for (let j = 0; j <= i; j++) {\n            sum += binomial_coefficient(i, j);\n        }\n    }\n    return sum;\n}\nconsole.log(sum_Of_product(4));\n\ndeclare var require: any;\nconst assert = require('node:assert');\n\n\nfunction test() {\n  let candidate = sum_Of_product;\n  assert.deepEqual(candidate(3),15);\n  assert.deepEqual(candidate(4),56);\n  assert.deepEqual(candidate(1),1);\n}\n\ntest();",
      "timestamp": 1666123430,
      "stdout": "../../../../tmp/tmpgmj13shh.ts(6,20): error TS2304: Cannot find name 'binomial_coefficient'.\n",
      "stderr": "",
      "exit_code": 2,
      "status": "SyntaxError"
    },
    {
      "program": "//Write a python function to find the sum of the product of consecutive binomial co-efficients.\nfunction sum_Of_product(n: number): number {\n    let sum: number = 0;\n    for (let i: number = 0; i <= n; i++) {\n        for (let j: number = 0; j <= i; j++) {\n            sum = sum + (binomial_coefficient(i, j) * binomial_coefficient(i, j));\n        }\n    }\n    return sum;\n}\n\ndeclare var require: any;\nconst assert = require('node:assert');\n\n\nfunction test() {\n  let candidate = sum_Of_product;\n  assert.deepEqual(candidate(3),15);\n  assert.deepEqual(candidate(4),56);\n  assert.deepEqual(candidate(1),1);\n}\n\ntest();",
      "timestamp": 1666123430,
      "stdout": "../../../../tmp/tmpyr50q3wz.ts(6,26): error TS2304: Cannot find name 'binomial_coefficient'.\n../../../../tmp/tmpyr50q3wz.ts(6,55): error TS2304: Cannot find name 'binomial_coefficient'.\n",
      "stderr": "",
      "exit_code": 2,
      "status": "SyntaxError"
    },
    {
      "program": "//Write a python function to find the sum of the product of consecutive binomial co-efficients.\nfunction sum_Of_product(n: number): number {\n    let sum: number = 0;\n    for (let i = 0; i <= n; i++) {\n        for (let j = 0; j <= n; j++) {\n            sum += binomial_coefficient(i, j);\n        }\n    }\n    return sum;\n}\nconsole.log(sum_Of_product(5));\n\ndeclare var require: any;\nconst assert = require('node:assert');\n\n\nfunction test() {\n  let candidate = sum_Of_product;\n  assert.deepEqual(candidate(3),15);\n  assert.deepEqual(candidate(4),56);\n  assert.deepEqual(candidate(1),1);\n}\n\ntest();",
      "timestamp": 1665510315,
      "stdout": "../../../../tmp/tmplbp2pflj.ts(6,20): error TS2304: Cannot find name 'binomial_coefficient'.\n",
      "stderr": "",
      "exit_code": 2,
      "status": "SyntaxError"
    },
    {
      "program": "//Write a python function to find the sum of the product of consecutive binomial co-efficients.\nfunction sum_Of_product(n: number): number {\n    let sum: number = 0;\n    for (let i = 0; i <= n; i++) {\n        for (let j = 0; j <= i; j++) {\n            sum = sum + binomial_coefficient(i, j);\n        }\n    }\n    return sum;\n}\n\ndeclare var require: any;\nconst assert = require('node:assert');\n\n\nfunction test() {\n  let candidate = sum_Of_product;\n  assert.deepEqual(candidate(3),15);\n  assert.deepEqual(candidate(4),56);\n  assert.deepEqual(candidate(1),1);\n}\n\ntest();",
      "timestamp": 1666123430,
      "stdout": "../../../../tmp/tmpo0vn8cph.ts(6,25): error TS2304: Cannot find name 'binomial_coefficient'.\n",
      "stderr": "",
      "exit_code": 2,
      "status": "SyntaxError"
    },
    {
      "program": "//Write a python function to find the sum of the product of consecutive binomial co-efficients.\nfunction sum_Of_product(n: number): number {\n    let sum: number = 0;\n    for (let i = 0; i <= n; i++) {\n        sum += factorial(n) / (factorial(i) * factorial(n - i));\n    }\n    return sum;\n}\n\ndeclare var require: any;\nconst assert = require('node:assert');\n\n\nfunction test() {\n  let candidate = sum_Of_product;\n  assert.deepEqual(candidate(3),15);\n  assert.deepEqual(candidate(4),56);\n  assert.deepEqual(candidate(1),1);\n}\n\ntest();",
      "timestamp": 1666123430,
      "stdout": "../../../../tmp/tmpwd0ba16o.ts(5,16): error TS2304: Cannot find name 'factorial'.\n../../../../tmp/tmpwd0ba16o.ts(5,32): error TS2304: Cannot find name 'factorial'.\n../../../../tmp/tmpwd0ba16o.ts(5,47): error TS2304: Cannot find name 'factorial'.\n",
      "stderr": "",
      "exit_code": 2,
      "status": "SyntaxError"
    },
    {
      "program": "//Write a python function to find the sum of the product of consecutive binomial co-efficients.\nfunction sum_Of_product(n: number): number {\n    let sum: number = 0;\n    for (let i: number = 0; i <= n; i++) {\n        for (let j: number = 0; j <= n; j++) {\n            sum += binomialCoefficient(i, j);\n        }\n    }\n    return sum;\n}\n\ndeclare var require: any;\nconst assert = require('node:assert');\n\n\nfunction test() {\n  let candidate = sum_Of_product;\n  assert.deepEqual(candidate(3),15);\n  assert.deepEqual(candidate(4),56);\n  assert.deepEqual(candidate(1),1);\n}\n\ntest();",
      "timestamp": 1665510315,
      "stdout": "../../../../tmp/tmp893n7gkr.ts(6,20): error TS2304: Cannot find name 'binomialCoefficient'.\n",
      "stderr": "",
      "exit_code": 2,
      "status": "SyntaxError"
    },
    {
      "program": "//Write a python function to find the sum of the product of consecutive binomial co-efficients.\nfunction sum_Of_product(n: number): number {\n    let sum: number = 0;\n    for (let i: number = 1; i <= n; i++) {\n        for (let j: number = 1; j <= i; j++) {\n            sum = sum + (factorial(i) / (factorial(j) * factorial(i - j)));\n        }\n    }\n    return sum;\n}\n\ndeclare var require: any;\nconst assert = require('node:assert');\n\n\nfunction test() {\n  let candidate = sum_Of_product;\n  assert.deepEqual(candidate(3),15);\n  assert.deepEqual(candidate(4),56);\n  assert.deepEqual(candidate(1),1);\n}\n\ntest();",
      "timestamp": 1666123430,
      "stdout": "../../../../tmp/tmp10zf5scb.ts(6,26): error TS2304: Cannot find name 'factorial'.\n../../../../tmp/tmp10zf5scb.ts(6,42): error TS2304: Cannot find name 'factorial'.\n../../../../tmp/tmp10zf5scb.ts(6,57): error TS2304: Cannot find name 'factorial'.\n",
      "stderr": "",
      "exit_code": 2,
      "status": "SyntaxError"
    },
    {
      "program": "//Write a python function to find the sum of the product of consecutive binomial co-efficients.\nfunction sum_Of_product(n: number): number {\n    let sum: number = 0;\n    for (let i = 0; i <= n; i++) {\n        for (let j = 0; j <= i; j++) {\n            sum = sum + (factorial(i) / (factorial(j) * factorial(i - j)));\n        }\n    }\n    return sum;\n}\nconsole.log(sum_Of_product(4));\n\ndeclare var require: any;\nconst assert = require('node:assert');\n\n\nfunction test() {\n  let candidate = sum_Of_product;\n  assert.deepEqual(candidate(3),15);\n  assert.deepEqual(candidate(4),56);\n  assert.deepEqual(candidate(1),1);\n}\n\ntest();",
      "timestamp": 1666123430,
      "stdout": "../../../../tmp/tmphh4wiiv1.ts(6,26): error TS2304: Cannot find name 'factorial'.\n../../../../tmp/tmphh4wiiv1.ts(6,42): error TS2304: Cannot find name 'factorial'.\n../../../../tmp/tmphh4wiiv1.ts(6,57): error TS2304: Cannot find name 'factorial'.\n",
      "stderr": "",
      "exit_code": 2,
      "status": "SyntaxError"
    },
    {
      "program": "//Write a python function to find the sum of the product of consecutive binomial co-efficients.\nfunction sum_Of_product(n: number): number {\n    let sum: number = 0;\n    for (let i = 0; i <= n; i++) {\n        for (let j = 0; j <= i; j++) {\n            sum += binomial_coefficient(i, j);\n        }\n    }\n    return sum;\n}\n\ndeclare var require: any;\nconst assert = require('node:assert');\n\n\nfunction test() {\n  let candidate = sum_Of_product;\n  assert.deepEqual(candidate(3),15);\n  assert.deepEqual(candidate(4),56);\n  assert.deepEqual(candidate(1),1);\n}\n\ntest();",
      "timestamp": 1665510315,
      "stdout": "../../../../tmp/tmp2xa149r4.ts(6,20): error TS2304: Cannot find name 'binomial_coefficient'.\n",
      "stderr": "",
      "exit_code": 2,
      "status": "SyntaxError"
    },
    {
      "program": "//Write a python function to find the sum of the product of consecutive binomial co-efficients.\nfunction sum_Of_product(n: number): number {\n    let sum: number = 0;\n    for (let i = 0; i <= n; i++) {\n        for (let j = 0; j <= n; j++) {\n            sum += binomial_coefficient(i, j);\n        }\n    }\n    return sum;\n}\nconsole.log(sum_Of_product(5));\n\ndeclare var require: any;\nconst assert = require('node:assert');\n\n\nfunction test() {\n  let candidate = sum_Of_product;\n  assert.deepEqual(candidate(3),15);\n  assert.deepEqual(candidate(4),56);\n  assert.deepEqual(candidate(1),1);\n}\n\ntest();",
      "timestamp": 1665510315,
      "stdout": "../../../../tmp/tmplbp2pflj.ts(6,20): error TS2304: Cannot find name 'binomial_coefficient'.\n",
      "stderr": "",
      "exit_code": 2,
      "status": "SyntaxError"
    },
    {
      "program": "//Write a python function to find the sum of the product of consecutive binomial co-efficients.\nfunction sum_Of_product(n: number): number {\n    let sum: number = 0;\n    for (let i = 0; i <= n; i++) {\n        for (let j = 0; j <= n; j++) {\n            sum += factorial(n) / (factorial(i) * factorial(j));\n        }\n    }\n    return sum;\n}\n\ndeclare var require: any;\nconst assert = require('node:assert');\n\n\nfunction test() {\n  let candidate = sum_Of_product;\n  assert.deepEqual(candidate(3),15);\n  assert.deepEqual(candidate(4),56);\n  assert.deepEqual(candidate(1),1);\n}\n\ntest();",
      "timestamp": 1666123430,
      "stdout": "../../../../tmp/tmpqb8iktja.ts(6,20): error TS2304: Cannot find name 'factorial'.\n../../../../tmp/tmpqb8iktja.ts(6,36): error TS2304: Cannot find name 'factorial'.\n../../../../tmp/tmpqb8iktja.ts(6,51): error TS2304: Cannot find name 'factorial'.\n",
      "stderr": "",
      "exit_code": 2,
      "status": "SyntaxError"
    },
    {
      "program": "//Write a python function to find the sum of the product of consecutive binomial co-efficients.\nfunction sum_Of_product(n: number): number {\n    let sum: number = 0;\n    for (let i: number = 0; i <= n; i++) {\n        for (let j: number = 0; j <= i; j++) {\n            sum = sum + (factorial(i) / (factorial(j) * factorial(i - j)));\n        }\n    }\n    return sum;\n}\nconsole.log(sum_Of_product(5));\n\ndeclare var require: any;\nconst assert = require('node:assert');\n\n\nfunction test() {\n  let candidate = sum_Of_product;\n  assert.deepEqual(candidate(3),15);\n  assert.deepEqual(candidate(4),56);\n  assert.deepEqual(candidate(1),1);\n}\n\ntest();",
      "timestamp": 1666123430,
      "stdout": "../../../../tmp/tmpgvjfwrl2.ts(6,26): error TS2304: Cannot find name 'factorial'.\n../../../../tmp/tmpgvjfwrl2.ts(6,42): error TS2304: Cannot find name 'factorial'.\n../../../../tmp/tmpgvjfwrl2.ts(6,57): error TS2304: Cannot find name 'factorial'.\n",
      "stderr": "",
      "exit_code": 2,
      "status": "SyntaxError"
    },
    {
      "program": "//Write a python function to find the sum of the product of consecutive binomial co-efficients.\nfunction sum_Of_product(n: number): number {\n    let sum: number = 0;\n    for (let i = 0; i <= n; i++) {\n        for (let j = 0; j <= n; j++) {\n            sum += binomial_coefficient(i, j);\n        }\n    }\n    return sum;\n}\nconsole.log(sum_Of_product(4));\n\ndeclare var require: any;\nconst assert = require('node:assert');\n\n\nfunction test() {\n  let candidate = sum_Of_product;\n  assert.deepEqual(candidate(3),15);\n  assert.deepEqual(candidate(4),56);\n  assert.deepEqual(candidate(1),1);\n}\n\ntest();",
      "timestamp": 1666123430,
      "stdout": "../../../../tmp/tmpgnwk87ja.ts(6,20): error TS2304: Cannot find name 'binomial_coefficient'.\n",
      "stderr": "",
      "exit_code": 2,
      "status": "SyntaxError"
    },
    {
      "program": "//Write a python function to find the sum of the product of consecutive binomial co-efficients.\nfunction sum_Of_product(n: number): number {\n    let sum: number = 0;\n    for (let i: number = 0; i < n; i++) {\n        sum += factorial(n) / (factorial(i) * factorial(n - i));\n    }\n    return sum;\n}\n\ndeclare var require: any;\nconst assert = require('node:assert');\n\n\nfunction test() {\n  let candidate = sum_Of_product;\n  assert.deepEqual(candidate(3),15);\n  assert.deepEqual(candidate(4),56);\n  assert.deepEqual(candidate(1),1);\n}\n\ntest();",
      "timestamp": 1666123430,
      "stdout": "../../../../tmp/tmp1r7a3203.ts(5,16): error TS2304: Cannot find name 'factorial'.\n../../../../tmp/tmp1r7a3203.ts(5,32): error TS2304: Cannot find name 'factorial'.\n../../../../tmp/tmp1r7a3203.ts(5,47): error TS2304: Cannot find name 'factorial'.\n",
      "stderr": "",
      "exit_code": 2,
      "status": "SyntaxError"
    },
    {
      "program": "//Write a python function to find the sum of the product of consecutive binomial co-efficients.\nfunction sum_Of_product(n: number): number {\n    let sum: number = 0;\n    for (let i: number = 1; i <= n; i++) {\n        for (let j: number = 1; j <= i; j++) {\n            sum += binomial_coefficient(i, j);\n        }\n    }\n    return sum;\n}\n\ndeclare var require: any;\nconst assert = require('node:assert');\n\n\nfunction test() {\n  let candidate = sum_Of_product;\n  assert.deepEqual(candidate(3),15);\n  assert.deepEqual(candidate(4),56);\n  assert.deepEqual(candidate(1),1);\n}\n\ntest();",
      "timestamp": 1666123430,
      "stdout": "../../../../tmp/tmpfbi5d35l.ts(6,20): error TS2304: Cannot find name 'binomial_coefficient'.\n",
      "stderr": "",
      "exit_code": 2,
      "status": "SyntaxError"
    },
    {
      "program": "//Write a python function to find the sum of the product of consecutive binomial co-efficients.\nfunction sum_Of_product(n: number): number {\n    let sum: number = 0;\n    for (let i: number = 0; i <= n; i++) {\n        for (let j: number = 0; j <= i; j++) {\n            sum += (factorial(i) / (factorial(j) * factorial(i - j)));\n        }\n    }\n    return sum;\n}\n\ndeclare var require: any;\nconst assert = require('node:assert');\n\n\nfunction test() {\n  let candidate = sum_Of_product;\n  assert.deepEqual(candidate(3),15);\n  assert.deepEqual(candidate(4),56);\n  assert.deepEqual(candidate(1),1);\n}\n\ntest();",
      "timestamp": 1666123430,
      "stdout": "../../../../tmp/tmpn59t066r.ts(6,21): error TS2304: Cannot find name 'factorial'.\n../../../../tmp/tmpn59t066r.ts(6,37): error TS2304: Cannot find name 'factorial'.\n../../../../tmp/tmpn59t066r.ts(6,52): error TS2304: Cannot find name 'factorial'.\n",
      "stderr": "",
      "exit_code": 2,
      "status": "SyntaxError"
    },
    {
      "program": "//Write a python function to find the sum of the product of consecutive binomial co-efficients.\nfunction sum_Of_product(n: number): number {\n    let sum: number = 0;\n    for (let i: number = 0; i <= n; i++) {\n        for (let j: number = 0; j <= i; j++) {\n            sum += binomial_coefficient(i, j);\n        }\n    }\n    return sum;\n}\nconsole.log(sum_Of_product(4));\n\ndeclare var require: any;\nconst assert = require('node:assert');\n\n\nfunction test() {\n  let candidate = sum_Of_product;\n  assert.deepEqual(candidate(3),15);\n  assert.deepEqual(candidate(4),56);\n  assert.deepEqual(candidate(1),1);\n}\n\ntest();",
      "timestamp": 1666123430,
      "stdout": "../../../../tmp/tmppdg01vjq.ts(6,20): error TS2304: Cannot find name 'binomial_coefficient'.\n",
      "stderr": "",
      "exit_code": 2,
      "status": "SyntaxError"
    },
    {
      "program": "//Write a python function to find the sum of the product of consecutive binomial co-efficients.\nfunction sum_Of_product(n: number): number {\n    let sum: number = 0;\n    for (let i = 0; i <= n; i++) {\n        for (let j = 0; j <= i; j++) {\n            sum += binomial_coefficient(i, j);\n        }\n    }\n    return sum;\n}\nconsole.log(sum_Of_product(5));\n\ndeclare var require: any;\nconst assert = require('node:assert');\n\n\nfunction test() {\n  let candidate = sum_Of_product;\n  assert.deepEqual(candidate(3),15);\n  assert.deepEqual(candidate(4),56);\n  assert.deepEqual(candidate(1),1);\n}\n\ntest();",
      "timestamp": 1666123430,
      "stdout": "../../../../tmp/tmplmt3xeyy.ts(6,20): error TS2304: Cannot find name 'binomial_coefficient'.\n",
      "stderr": "",
      "exit_code": 2,
      "status": "SyntaxError"
    },
    {
      "program": "//Write a python function to find the sum of the product of consecutive binomial co-efficients.\nfunction sum_Of_product(n: number): number {\n    let sum: number = 0;\n    for (let i: number = 0; i <= n; i++) {\n        for (let j: number = 0; j <= i; j++) {\n            sum = sum + binomialCoefficient(i, j);\n        }\n    }\n    return sum;\n}\n\ndeclare var require: any;\nconst assert = require('node:assert');\n\n\nfunction test() {\n  let candidate = sum_Of_product;\n  assert.deepEqual(candidate(3),15);\n  assert.deepEqual(candidate(4),56);\n  assert.deepEqual(candidate(1),1);\n}\n\ntest();",
      "timestamp": 1666123432,
      "stdout": "../../../../tmp/tmpvearom6g.ts(6,25): error TS2304: Cannot find name 'binomialCoefficient'.\n",
      "stderr": "",
      "exit_code": 2,
      "status": "SyntaxError"
    },
    {
      "program": "//Write a python function to find the sum of the product of consecutive binomial co-efficients.\nfunction sum_Of_product(n: number): number {\n    let sum: number = 0;\n    for (let i: number = 0; i <= n; i++) {\n        for (let j: number = i + 1; j <= n; j++) {\n            sum += binomial_coefficient(i, j);\n        }\n    }\n    return sum;\n}\n\ndeclare var require: any;\nconst assert = require('node:assert');\n\n\nfunction test() {\n  let candidate = sum_Of_product;\n  assert.deepEqual(candidate(3),15);\n  assert.deepEqual(candidate(4),56);\n  assert.deepEqual(candidate(1),1);\n}\n\ntest();",
      "timestamp": 1666123432,
      "stdout": "../../../../tmp/tmpjs3wyt1v.ts(6,20): error TS2304: Cannot find name 'binomial_coefficient'.\n",
      "stderr": "",
      "exit_code": 2,
      "status": "SyntaxError"
    },
    {
      "program": "//Write a python function to find the sum of the product of consecutive binomial co-efficients.\nfunction sum_Of_product(n: number): number {\n    let sum: number = 0;\n    for (let i = 0; i <= n; i++) {\n        for (let j = 0; j <= i; j++) {\n            sum += binomial_coefficient(i, j);\n        }\n    }\n    return sum;\n}\nconsole.log(sum_Of_product(4));\n\ndeclare var require: any;\nconst assert = require('node:assert');\n\n\nfunction test() {\n  let candidate = sum_Of_product;\n  assert.deepEqual(candidate(3),15);\n  assert.deepEqual(candidate(4),56);\n  assert.deepEqual(candidate(1),1);\n}\n\ntest();",
      "timestamp": 1666123432,
      "stdout": "../../../../tmp/tmpfbel4k1p.ts(6,20): error TS2304: Cannot find name 'binomial_coefficient'.\n",
      "stderr": "",
      "exit_code": 2,
      "status": "SyntaxError"
    },
    {
      "program": "//Write a python function to find the sum of the product of consecutive binomial co-efficients.\nfunction sum_Of_product(n: number): number {\n    let sum: number = 0;\n    for (let i: number = 0; i <= n; i++) {\n        for (let j: number = 0; j <= i; j++) {\n            sum += binomial_coefficient(i, j);\n        }\n    }\n    return sum;\n}\n\ndeclare var require: any;\nconst assert = require('node:assert');\n\n\nfunction test() {\n  let candidate = sum_Of_product;\n  assert.deepEqual(candidate(3),15);\n  assert.deepEqual(candidate(4),56);\n  assert.deepEqual(candidate(1),1);\n}\n\ntest();",
      "timestamp": 1665510315,
      "stdout": "../../../../tmp/tmpixqhu6vu.ts(6,20): error TS2304: Cannot find name 'binomial_coefficient'.\n",
      "stderr": "",
      "exit_code": 2,
      "status": "SyntaxError"
    },
    {
      "program": "//Write a python function to find the sum of the product of consecutive binomial co-efficients.\nfunction sum_Of_product(n: number): number {\n    let sum = 0;\n    for (let i = 1; i <= n; i++) {\n        sum += product(i);\n    }\n    return sum;\n}\n\ndeclare var require: any;\nconst assert = require('node:assert');\n\n\nfunction test() {\n  let candidate = sum_Of_product;\n  assert.deepEqual(candidate(3),15);\n  assert.deepEqual(candidate(4),56);\n  assert.deepEqual(candidate(1),1);\n}\n\ntest();",
      "timestamp": 1666123432,
      "stdout": "../../../../tmp/tmpjmov7bv1.ts(5,16): error TS2304: Cannot find name 'product'.\n",
      "stderr": "",
      "exit_code": 2,
      "status": "SyntaxError"
    },
    {
      "program": "//Write a python function to find the sum of the product of consecutive binomial co-efficients.\nfunction sum_Of_product(n: number): number {\n    let sum: number = 0;\n    for (let i: number = 0; i <= n; i++) {\n        for (let j: number = 0; j <= n; j++) {\n            sum += binomial_coefficient(i, j);\n        }\n    }\n    return sum;\n}\n\ndeclare var require: any;\nconst assert = require('node:assert');\n\n\nfunction test() {\n  let candidate = sum_Of_product;\n  assert.deepEqual(candidate(3),15);\n  assert.deepEqual(candidate(4),56);\n  assert.deepEqual(candidate(1),1);\n}\n\ntest();",
      "timestamp": 1666123432,
      "stdout": "../../../../tmp/tmpzd3pa95m.ts(6,20): error TS2304: Cannot find name 'binomial_coefficient'.\n",
      "stderr": "",
      "exit_code": 2,
      "status": "SyntaxError"
    },
    {
      "program": "//Write a python function to find the sum of the product of consecutive binomial co-efficients.\nfunction sum_Of_product(n: number): number {\n    let sum: number = 0;\n    for (let i: number = 0; i <= n; i++) {\n        for (let j: number = 0; j <= i; j++) {\n            sum = sum + (factorial(i) / (factorial(j) * factorial(i - j)));\n        }\n    }\n    return sum;\n}\n\ndeclare var require: any;\nconst assert = require('node:assert');\n\n\nfunction test() {\n  let candidate = sum_Of_product;\n  assert.deepEqual(candidate(3),15);\n  assert.deepEqual(candidate(4),56);\n  assert.deepEqual(candidate(1),1);\n}\n\ntest();",
      "timestamp": 1666123432,
      "stdout": "../../../../tmp/tmpvne0hz9q.ts(6,26): error TS2304: Cannot find name 'factorial'.\n../../../../tmp/tmpvne0hz9q.ts(6,42): error TS2304: Cannot find name 'factorial'.\n../../../../tmp/tmpvne0hz9q.ts(6,57): error TS2304: Cannot find name 'factorial'.\n",
      "stderr": "",
      "exit_code": 2,
      "status": "SyntaxError"
    },
    {
      "program": "//Write a python function to find the sum of the product of consecutive binomial co-efficients.\nfunction sum_Of_product(n: number): number {\n    let sum: number = 0;\n    for (let i: number = 0; i <= n; i++) {\n        for (let j: number = 0; j <= i; j++) {\n            sum = sum + (factorial(i) / (factorial(j) * factorial(i - j)));\n        }\n    }\n    return sum;\n}\n\ndeclare var require: any;\nconst assert = require('node:assert');\n\n\nfunction test() {\n  let candidate = sum_Of_product;\n  assert.deepEqual(candidate(3),15);\n  assert.deepEqual(candidate(4),56);\n  assert.deepEqual(candidate(1),1);\n}\n\ntest();",
      "timestamp": 1666123432,
      "stdout": "../../../../tmp/tmpvne0hz9q.ts(6,26): error TS2304: Cannot find name 'factorial'.\n../../../../tmp/tmpvne0hz9q.ts(6,42): error TS2304: Cannot find name 'factorial'.\n../../../../tmp/tmpvne0hz9q.ts(6,57): error TS2304: Cannot find name 'factorial'.\n",
      "stderr": "",
      "exit_code": 2,
      "status": "SyntaxError"
    },
    {
      "program": "//Write a python function to find the sum of the product of consecutive binomial co-efficients.\nfunction sum_Of_product(n: number): number {\n    let sum: number = 0;\n    for (let i: number = 1; i <= n; i++) {\n        sum += product(i);\n    }\n    return sum;\n}\n\ndeclare var require: any;\nconst assert = require('node:assert');\n\n\nfunction test() {\n  let candidate = sum_Of_product;\n  assert.deepEqual(candidate(3),15);\n  assert.deepEqual(candidate(4),56);\n  assert.deepEqual(candidate(1),1);\n}\n\ntest();",
      "timestamp": 1666123432,
      "stdout": "../../../../tmp/tmpw_66ljln.ts(5,16): error TS2304: Cannot find name 'product'.\n",
      "stderr": "",
      "exit_code": 2,
      "status": "SyntaxError"
    },
    {
      "program": "//Write a python function to find the sum of the product of consecutive binomial co-efficients.\nfunction sum_Of_product(n: number): number {\n    let sum = 0;\n    for (let i = 0; i <= n; i++) {\n        for (let j = 0; j <= i; j++) {\n            sum += binomial_coefficient(i, j);\n        }\n    }\n    return sum;\n}\n\ndeclare var require: any;\nconst assert = require('node:assert');\n\n\nfunction test() {\n  let candidate = sum_Of_product;\n  assert.deepEqual(candidate(3),15);\n  assert.deepEqual(candidate(4),56);\n  assert.deepEqual(candidate(1),1);\n}\n\ntest();",
      "timestamp": 1665510315,
      "stdout": "../../../../tmp/tmpt0n4rhek.ts(6,20): error TS2304: Cannot find name 'binomial_coefficient'.\n",
      "stderr": "",
      "exit_code": 2,
      "status": "SyntaxError"
    },
    {
      "program": "//Write a python function to find the sum of the product of consecutive binomial co-efficients.\nfunction sum_Of_product(n: number): number {\n    let sum: number = 0;\n    for (let i: number = 0; i <= n; i++) {\n        for (let j: number = 0; j <= i; j++) {\n            sum = sum + (factorial(i) / (factorial(j) * factorial(i - j)));\n        }\n    }\n    return sum;\n}\n\ndeclare var require: any;\nconst assert = require('node:assert');\n\n\nfunction test() {\n  let candidate = sum_Of_product;\n  assert.deepEqual(candidate(3),15);\n  assert.deepEqual(candidate(4),56);\n  assert.deepEqual(candidate(1),1);\n}\n\ntest();",
      "timestamp": 1666123432,
      "stdout": "../../../../tmp/tmpvne0hz9q.ts(6,26): error TS2304: Cannot find name 'factorial'.\n../../../../tmp/tmpvne0hz9q.ts(6,42): error TS2304: Cannot find name 'factorial'.\n../../../../tmp/tmpvne0hz9q.ts(6,57): error TS2304: Cannot find name 'factorial'.\n",
      "stderr": "",
      "exit_code": 2,
      "status": "SyntaxError"
    },
    {
      "program": "//Write a python function to find the sum of the product of consecutive binomial co-efficients.\nfunction sum_Of_product(n: number): number {\n    let sum: number = 0;\n    for (let i = 0; i <= n; i++) {\n        for (let j = 0; j <= i; j++) {\n            sum += binomial_coefficient(i, j);\n        }\n    }\n    return sum;\n}\nconsole.log(sum_Of_product(5));\n\ndeclare var require: any;\nconst assert = require('node:assert');\n\n\nfunction test() {\n  let candidate = sum_Of_product;\n  assert.deepEqual(candidate(3),15);\n  assert.deepEqual(candidate(4),56);\n  assert.deepEqual(candidate(1),1);\n}\n\ntest();",
      "timestamp": 1666123430,
      "stdout": "../../../../tmp/tmplmt3xeyy.ts(6,20): error TS2304: Cannot find name 'binomial_coefficient'.\n",
      "stderr": "",
      "exit_code": 2,
      "status": "SyntaxError"
    },
    {
      "program": "//Write a python function to find the sum of the product of consecutive binomial co-efficients.\nfunction sum_Of_product(n: number): number {\n    let sum: number = 0;\n    for (let i: number = 0; i <= n; i++) {\n        for (let j: number = 0; j <= n; j++) {\n            sum = sum + (factorial(n) / (factorial(i) * factorial(n - i))) * (factorial(n) / (factorial(j) * factorial(n - j)));\n        }\n    }\n    return sum;\n}\n\ndeclare var require: any;\nconst assert = require('node:assert');\n\n\nfunction test() {\n  let candidate = sum_Of_product;\n  assert.deepEqual(candidate(3),15);\n  assert.deepEqual(candidate(4),56);\n  assert.deepEqual(candidate(1),1);\n}\n\ntest();",
      "timestamp": 1666123432,
      "stdout": "../../../../tmp/tmpxmjdugit.ts(6,26): error TS2304: Cannot find name 'factorial'.\n../../../../tmp/tmpxmjdugit.ts(6,42): error TS2304: Cannot find name 'factorial'.\n../../../../tmp/tmpxmjdugit.ts(6,57): error TS2304: Cannot find name 'factorial'.\n../../../../tmp/tmpxmjdugit.ts(6,79): error TS2304: Cannot find name 'factorial'.\n../../../../tmp/tmpxmjdugit.ts(6,95): error TS2304: Cannot find name 'factorial'.\n../../../../tmp/tmpxmjdugit.ts(6,110): error TS2304: Cannot find name 'factorial'.\n",
      "stderr": "",
      "exit_code": 2,
      "status": "SyntaxError"
    },
    {
      "program": "//Write a python function to find the sum of the product of consecutive binomial co-efficients.\nfunction sum_Of_product(n: number): number {\n    let sum: number = 0;\n    for (let i: number = 1; i <= n; i++) {\n        for (let j: number = 1; j <= i; j++) {\n            sum += binomial_coefficient(i, j);\n        }\n    }\n    return sum;\n}\n\ndeclare var require: any;\nconst assert = require('node:assert');\n\n\nfunction test() {\n  let candidate = sum_Of_product;\n  assert.deepEqual(candidate(3),15);\n  assert.deepEqual(candidate(4),56);\n  assert.deepEqual(candidate(1),1);\n}\n\ntest();",
      "timestamp": 1666123430,
      "stdout": "../../../../tmp/tmpfbi5d35l.ts(6,20): error TS2304: Cannot find name 'binomial_coefficient'.\n",
      "stderr": "",
      "exit_code": 2,
      "status": "SyntaxError"
    },
    {
      "program": "//Write a python function to find the sum of the product of consecutive binomial co-efficients.\nfunction sum_Of_product(n: number): number {\n    let sum: number = 0;\n    for (let i: number = 0; i < n; i++) {\n        sum += factorial(n) / (factorial(i) * factorial(n - i));\n    }\n    return sum;\n}\n\ndeclare var require: any;\nconst assert = require('node:assert');\n\n\nfunction test() {\n  let candidate = sum_Of_product;\n  assert.deepEqual(candidate(3),15);\n  assert.deepEqual(candidate(4),56);\n  assert.deepEqual(candidate(1),1);\n}\n\ntest();",
      "timestamp": 1666123430,
      "stdout": "../../../../tmp/tmp1r7a3203.ts(5,16): error TS2304: Cannot find name 'factorial'.\n../../../../tmp/tmp1r7a3203.ts(5,32): error TS2304: Cannot find name 'factorial'.\n../../../../tmp/tmp1r7a3203.ts(5,47): error TS2304: Cannot find name 'factorial'.\n",
      "stderr": "",
      "exit_code": 2,
      "status": "SyntaxError"
    },
    {
      "program": "//Write a python function to find the sum of the product of consecutive binomial co-efficients.\nfunction sum_Of_product(n: number): number {\n    let sum: number = 0;\n    for (let i: number = 0; i <= n; i++) {\n        for (let j: number = 0; j <= i; j++) {\n            sum += binomial_coefficient(i, j);\n        }\n    }\n    return sum;\n}\n\ndeclare var require: any;\nconst assert = require('node:assert');\n\n\nfunction test() {\n  let candidate = sum_Of_product;\n  assert.deepEqual(candidate(3),15);\n  assert.deepEqual(candidate(4),56);\n  assert.deepEqual(candidate(1),1);\n}\n\ntest();",
      "timestamp": 1665510315,
      "stdout": "../../../../tmp/tmpixqhu6vu.ts(6,20): error TS2304: Cannot find name 'binomial_coefficient'.\n",
      "stderr": "",
      "exit_code": 2,
      "status": "SyntaxError"
    },
    {
      "program": "//Write a python function to find the sum of the product of consecutive binomial co-efficients.\nfunction sum_Of_product(n: number): number {\n    let sum: number = 0;\n    for (let i: number = 0; i <= n; i++) {\n        for (let j: number = 0; j <= i; j++) {\n            sum += binomial_coefficient(i, j);\n        }\n    }\n    return sum;\n}\n\ndeclare var require: any;\nconst assert = require('node:assert');\n\n\nfunction test() {\n  let candidate = sum_Of_product;\n  assert.deepEqual(candidate(3),15);\n  assert.deepEqual(candidate(4),56);\n  assert.deepEqual(candidate(1),1);\n}\n\ntest();",
      "timestamp": 1665510315,
      "stdout": "../../../../tmp/tmpixqhu6vu.ts(6,20): error TS2304: Cannot find name 'binomial_coefficient'.\n",
      "stderr": "",
      "exit_code": 2,
      "status": "SyntaxError"
    },
    {
      "program": "//Write a python function to find the sum of the product of consecutive binomial co-efficients.\nfunction sum_Of_product(n: number): number {\n    let sum: number = 0;\n    for (let i: number = 0; i < n; i++) {\n        sum += factorial(n) / (factorial(i) * factorial(n - i));\n    }\n    return sum;\n}\nconsole.log(sum_Of_product(5));\n\ndeclare var require: any;\nconst assert = require('node:assert');\n\n\nfunction test() {\n  let candidate = sum_Of_product;\n  assert.deepEqual(candidate(3),15);\n  assert.deepEqual(candidate(4),56);\n  assert.deepEqual(candidate(1),1);\n}\n\ntest();",
      "timestamp": 1666123432,
      "stdout": "../../../../tmp/tmpnvh14grr.ts(5,16): error TS2304: Cannot find name 'factorial'.\n../../../../tmp/tmpnvh14grr.ts(5,32): error TS2304: Cannot find name 'factorial'.\n../../../../tmp/tmpnvh14grr.ts(5,47): error TS2304: Cannot find name 'factorial'.\n",
      "stderr": "",
      "exit_code": 2,
      "status": "SyntaxError"
    },
    {
      "program": "//Write a python function to find the sum of the product of consecutive binomial co-efficients.\nfunction sum_Of_product(n: number): number {\n    let sum: number = 0;\n    for (let i = 0; i <= n; i++) {\n        for (let j = 0; j <= i; j++) {\n            sum += binomial_coefficient(i, j);\n        }\n    }\n    return sum;\n}\n\ndeclare var require: any;\nconst assert = require('node:assert');\n\n\nfunction test() {\n  let candidate = sum_Of_product;\n  assert.deepEqual(candidate(3),15);\n  assert.deepEqual(candidate(4),56);\n  assert.deepEqual(candidate(1),1);\n}\n\ntest();",
      "timestamp": 1665510315,
      "stdout": "../../../../tmp/tmp2xa149r4.ts(6,20): error TS2304: Cannot find name 'binomial_coefficient'.\n",
      "stderr": "",
      "exit_code": 2,
      "status": "SyntaxError"
    },
    {
      "program": "//Write a python function to find the sum of the product of consecutive binomial co-efficients.\nfunction sum_Of_product(n: number): number {\n    let sum: number = 0;\n    for (let i: number = 1; i <= n; i++) {\n        let product: number = 1;\n        for (let j: number = 1; j <= i; j++) {\n            product = product * (i - j + 1) / j;\n        }\n        sum = sum + product;\n    }\n    return sum;\n}\nconsole.log(sum_Of_product(5));\n\ndeclare var require: any;\nconst assert = require('node:assert');\n\n\nfunction test() {\n  let candidate = sum_Of_product;\n  assert.deepEqual(candidate(3),15);\n  assert.deepEqual(candidate(4),56);\n  assert.deepEqual(candidate(1),1);\n}\n\ntest();",
      "timestamp": 1666123433,
      "stdout": "5\n",
      "stderr": "node:assert:124\n  throw new AssertionError(obj);\n  ^\n\nAssertionError [ERR_ASSERTION]: Expected values to be loosely deep-equal:\n\n3\n\nshould loosely deep-equal\n\n15\n    at test (/tmp/tmp3om10bca.js:17:12)\n    at Object.<anonymous> (/tmp/tmp3om10bca.js:21:1)\n    at Module._compile (node:internal/modules/cjs/loader:1120:14)\n    at Module._extensions..js (node:internal/modules/cjs/loader:1174:10)\n    at Module.load (node:internal/modules/cjs/loader:998:32)\n    at Module._load (node:internal/modules/cjs/loader:839:12)\n    at Function.executeUserEntryPoint [as runMain] (node:internal/modules/run_main:81:12)\n    at node:internal/main/run_main_module:17:47 {\n  generatedMessage: true,\n  code: 'ERR_ASSERTION',\n  actual: 3,\n  expected: 15,\n  operator: 'deepEqual'\n}\n\nNode.js v18.7.0\n",
      "exit_code": 1,
      "status": "AssertionError"
    },
    {
      "program": "//Write a python function to find the sum of the product of consecutive binomial co-efficients.\nfunction sum_Of_product(n: number): number {\n    let sum = 0;\n    for (let i = 0; i <= n; i++) {\n        for (let j = 0; j <= i; j++) {\n            sum += binomial(i, j);\n        }\n    }\n    return sum;\n}\n\nconsole.log(sum_Of_product(4));\ndeclare var require: any;\nconst assert = require('node:assert');\n\n\nfunction test() {\n  let candidate = sum_Of_product;\n  assert.deepEqual(candidate(3),15);\n  assert.deepEqual(candidate(4),56);\n  assert.deepEqual(candidate(1),1);\n}\n\ntest();",
      "timestamp": 1666123432,
      "stdout": "../../../../tmp/tmpd56x3iwt.ts(6,20): error TS2304: Cannot find name 'binomial'.\n",
      "stderr": "",
      "exit_code": 2,
      "status": "SyntaxError"
    },
    {
      "program": "//Write a python function to find the sum of the product of consecutive binomial co-efficients.\nfunction sum_Of_product(n: number): number {\n    let sum: number = 0;\n    for (let i: number = 0; i <= n; i++) {\n        for (let j: number = 0; j <= i; j++) {\n            sum += binomial_coefficient(i, j);\n        }\n    }\n    return sum;\n}\n\ndeclare var require: any;\nconst assert = require('node:assert');\n\n\nfunction test() {\n  let candidate = sum_Of_product;\n  assert.deepEqual(candidate(3),15);\n  assert.deepEqual(candidate(4),56);\n  assert.deepEqual(candidate(1),1);\n}\n\ntest();",
      "timestamp": 1665510315,
      "stdout": "../../../../tmp/tmpixqhu6vu.ts(6,20): error TS2304: Cannot find name 'binomial_coefficient'.\n",
      "stderr": "",
      "exit_code": 2,
      "status": "SyntaxError"
    },
    {
      "program": "//Write a python function to find the sum of the product of consecutive binomial co-efficients.\nfunction sum_Of_product(n: number): number {\n    let sum: number = 0;\n    for (let i: number = 0; i <= n; i++) {\n        sum += factorial(n) / (factorial(i) * factorial(n - i));\n    }\n    return sum;\n}\n\ndeclare var require: any;\nconst assert = require('node:assert');\n\n\nfunction test() {\n  let candidate = sum_Of_product;\n  assert.deepEqual(candidate(3),15);\n  assert.deepEqual(candidate(4),56);\n  assert.deepEqual(candidate(1),1);\n}\n\ntest();",
      "timestamp": 1666123432,
      "stdout": "../../../../tmp/tmp8_s4_iub.ts(5,16): error TS2304: Cannot find name 'factorial'.\n../../../../tmp/tmp8_s4_iub.ts(5,32): error TS2304: Cannot find name 'factorial'.\n../../../../tmp/tmp8_s4_iub.ts(5,47): error TS2304: Cannot find name 'factorial'.\n",
      "stderr": "",
      "exit_code": 2,
      "status": "SyntaxError"
    },
    {
      "program": "//Write a python function to find the sum of the product of consecutive binomial co-efficients.\nfunction sum_Of_product(n: number): number {\n    let sum: number = 0;\n    for (let i = 0; i <= n; i++) {\n        for (let j = 0; j <= i; j++) {\n            sum += binomial_coefficient(i, j);\n        }\n    }\n    return sum;\n}\nconsole.log(\"Sum of product of consecutive binomial coefficients : \" + sum_Of_product(5));\n\ndeclare var require: any;\nconst assert = require('node:assert');\n\n\nfunction test() {\n  let candidate = sum_Of_product;\n  assert.deepEqual(candidate(3),15);\n  assert.deepEqual(candidate(4),56);\n  assert.deepEqual(candidate(1),1);\n}\n\ntest();",
      "timestamp": 1666123433,
      "stdout": "../../../../tmp/tmpm20ynakz.ts(6,20): error TS2304: Cannot find name 'binomial_coefficient'.\n",
      "stderr": "",
      "exit_code": 2,
      "status": "SyntaxError"
    },
    {
      "program": "//Write a python function to find the sum of the product of consecutive binomial co-efficients.\nfunction sum_Of_product(n: number): number {\n    let sum: number = 0;\n    for (let i: number = 0; i <= n; i++) {\n        for (let j: number = 0; j <= i; j++) {\n            sum += binomial_coefficient(i, j);\n        }\n    }\n    return sum;\n}\n\nconsole.log(sum_Of_product(5));\n\ndeclare var require: any;\nconst assert = require('node:assert');\n\n\nfunction test() {\n  let candidate = sum_Of_product;\n  assert.deepEqual(candidate(3),15);\n  assert.deepEqual(candidate(4),56);\n  assert.deepEqual(candidate(1),1);\n}\n\ntest();",
      "timestamp": 1666123433,
      "stdout": "../../../../tmp/tmpbqiv5fs1.ts(6,20): error TS2304: Cannot find name 'binomial_coefficient'.\n",
      "stderr": "",
      "exit_code": 2,
      "status": "SyntaxError"
    },
    {
      "program": "//Write a python function to find the sum of the product of consecutive binomial co-efficients.\nfunction sum_Of_product(n: number): number {\n    let sum: number = 0;\n    for (let i: number = 0; i <= n; i++) {\n        for (let j: number = 0; j <= i; j++) {\n            sum += binomial_coefficient(i, j);\n        }\n    }\n    return sum;\n}\n\nconsole.log(sum_Of_product(5));\n\ndeclare var require: any;\nconst assert = require('node:assert');\n\n\nfunction test() {\n  let candidate = sum_Of_product;\n  assert.deepEqual(candidate(3),15);\n  assert.deepEqual(candidate(4),56);\n  assert.deepEqual(candidate(1),1);\n}\n\ntest();",
      "timestamp": 1666123433,
      "stdout": "../../../../tmp/tmpbqiv5fs1.ts(6,20): error TS2304: Cannot find name 'binomial_coefficient'.\n",
      "stderr": "",
      "exit_code": 2,
      "status": "SyntaxError"
    },
    {
      "program": "//Write a python function to find the sum of the product of consecutive binomial co-efficients.\nfunction sum_Of_product(n: number): number {\n    let sum: number = 0;\n    for (let i: number = 0; i <= n; i++) {\n        for (let j: number = 0; j <= i; j++) {\n            sum = sum + (factorial(i) / (factorial(j) * factorial(i - j)));\n        }\n    }\n    return sum;\n}\nconsole.log(sum_Of_product(5));\n\ndeclare var require: any;\nconst assert = require('node:assert');\n\n\nfunction test() {\n  let candidate = sum_Of_product;\n  assert.deepEqual(candidate(3),15);\n  assert.deepEqual(candidate(4),56);\n  assert.deepEqual(candidate(1),1);\n}\n\ntest();",
      "timestamp": 1666123430,
      "stdout": "../../../../tmp/tmpgvjfwrl2.ts(6,26): error TS2304: Cannot find name 'factorial'.\n../../../../tmp/tmpgvjfwrl2.ts(6,42): error TS2304: Cannot find name 'factorial'.\n../../../../tmp/tmpgvjfwrl2.ts(6,57): error TS2304: Cannot find name 'factorial'.\n",
      "stderr": "",
      "exit_code": 2,
      "status": "SyntaxError"
    },
    {
      "program": "//Write a python function to find the sum of the product of consecutive binomial co-efficients.\nfunction sum_Of_product(n: number): number {\n    let sum: number = 0;\n    for (let i: number = 1; i <= n; i++) {\n        for (let j: number = 1; j <= i; j++) {\n            sum = sum + binomial_coefficient(i, j);\n        }\n    }\n    return sum;\n}\n\ndeclare var require: any;\nconst assert = require('node:assert');\n\n\nfunction test() {\n  let candidate = sum_Of_product;\n  assert.deepEqual(candidate(3),15);\n  assert.deepEqual(candidate(4),56);\n  assert.deepEqual(candidate(1),1);\n}\n\ntest();",
      "timestamp": 1666123433,
      "stdout": "../../../../tmp/tmpxyidtnhe.ts(6,25): error TS2304: Cannot find name 'binomial_coefficient'.\n",
      "stderr": "",
      "exit_code": 2,
      "status": "SyntaxError"
    },
    {
      "program": "//Write a python function to find the sum of the product of consecutive binomial co-efficients.\nfunction sum_Of_product(n: number): number {\n    let sum: number = 0;\n    for (let i: number = 0; i <= n; i++) {\n        for (let j: number = 0; j <= i; j++) {\n            sum = sum + (factorial(i) / (factorial(j) * factorial(i - j)));\n        }\n    }\n    return sum;\n}\nconsole.log(sum_Of_product(5));\n\ndeclare var require: any;\nconst assert = require('node:assert');\n\n\nfunction test() {\n  let candidate = sum_Of_product;\n  assert.deepEqual(candidate(3),15);\n  assert.deepEqual(candidate(4),56);\n  assert.deepEqual(candidate(1),1);\n}\n\ntest();",
      "timestamp": 1666123430,
      "stdout": "../../../../tmp/tmpgvjfwrl2.ts(6,26): error TS2304: Cannot find name 'factorial'.\n../../../../tmp/tmpgvjfwrl2.ts(6,42): error TS2304: Cannot find name 'factorial'.\n../../../../tmp/tmpgvjfwrl2.ts(6,57): error TS2304: Cannot find name 'factorial'.\n",
      "stderr": "",
      "exit_code": 2,
      "status": "SyntaxError"
    },
    {
      "program": "//Write a python function to find the sum of the product of consecutive binomial co-efficients.\nfunction sum_Of_product(n: number): number {\n    let sum: number = 0;\n    for (let i = 1; i <= n; i++) {\n        for (let j = 1; j <= n; j++) {\n            sum += binomial_coefficient(i, j);\n        }\n    }\n    return sum;\n}\n\nconsole.log(sum_Of_product(5));\n\ndeclare var require: any;\nconst assert = require('node:assert');\n\n\nfunction test() {\n  let candidate = sum_Of_product;\n  assert.deepEqual(candidate(3),15);\n  assert.deepEqual(candidate(4),56);\n  assert.deepEqual(candidate(1),1);\n}\n\ntest();",
      "timestamp": 1666123432,
      "stdout": "../../../../tmp/tmpv4zxvm83.ts(6,20): error TS2304: Cannot find name 'binomial_coefficient'.\n",
      "stderr": "",
      "exit_code": 2,
      "status": "SyntaxError"
    },
    {
      "program": "//Write a python function to find the sum of the product of consecutive binomial co-efficients.\nfunction sum_Of_product(n: number): number {\n    let sum: number = 0;\n    for (let i = 1; i <= n; i++) {\n        sum += binomial_coefficient(n, i) * binomial_coefficient(n, i + 1);\n    }\n    return sum;\n}\n\ndeclare var require: any;\nconst assert = require('node:assert');\n\n\nfunction test() {\n  let candidate = sum_Of_product;\n  assert.deepEqual(candidate(3),15);\n  assert.deepEqual(candidate(4),56);\n  assert.deepEqual(candidate(1),1);\n}\n\ntest();",
      "timestamp": 1666123433,
      "stdout": "../../../../tmp/tmpt6l0n_un.ts(5,16): error TS2304: Cannot find name 'binomial_coefficient'.\n../../../../tmp/tmpt6l0n_un.ts(5,45): error TS2304: Cannot find name 'binomial_coefficient'.\n",
      "stderr": "",
      "exit_code": 2,
      "status": "SyntaxError"
    },
    {
      "program": "//Write a python function to find the sum of the product of consecutive binomial co-efficients.\nfunction sum_Of_product(n: number): number {\n    let sum: number = 0;\n    for (let i = 0; i <= n; i++) {\n        for (let j = 0; j <= i; j++) {\n            sum += binomial_coefficient(i, j);\n        }\n    }\n    return sum;\n}\nconsole.log(sum_Of_product(4));\n\ndeclare var require: any;\nconst assert = require('node:assert');\n\n\nfunction test() {\n  let candidate = sum_Of_product;\n  assert.deepEqual(candidate(3),15);\n  assert.deepEqual(candidate(4),56);\n  assert.deepEqual(candidate(1),1);\n}\n\ntest();",
      "timestamp": 1666123432,
      "stdout": "../../../../tmp/tmpfbel4k1p.ts(6,20): error TS2304: Cannot find name 'binomial_coefficient'.\n",
      "stderr": "",
      "exit_code": 2,
      "status": "SyntaxError"
    },
    {
      "program": "//Write a python function to find the sum of the product of consecutive binomial co-efficients.\nfunction sum_Of_product(n: number): number {\n    let sum = 0;\n    for (let i = 0; i <= n; i++) {\n        sum = sum + (factorial(n) / (factorial(i) * factorial(n - i)));\n    }\n    return sum;\n}\nconsole.log(sum_Of_product(5));\n\ndeclare var require: any;\nconst assert = require('node:assert');\n\n\nfunction test() {\n  let candidate = sum_Of_product;\n  assert.deepEqual(candidate(3),15);\n  assert.deepEqual(candidate(4),56);\n  assert.deepEqual(candidate(1),1);\n}\n\ntest();",
      "timestamp": 1666123432,
      "stdout": "../../../../tmp/tmpvafvyp0c.ts(5,22): error TS2304: Cannot find name 'factorial'.\n../../../../tmp/tmpvafvyp0c.ts(5,38): error TS2304: Cannot find name 'factorial'.\n../../../../tmp/tmpvafvyp0c.ts(5,53): error TS2304: Cannot find name 'factorial'.\n",
      "stderr": "",
      "exit_code": 2,
      "status": "SyntaxError"
    },
    {
      "program": "//Write a python function to find the sum of the product of consecutive binomial co-efficients.\nfunction sum_Of_product(n: number): number {\n    let sum: number = 0;\n    for (let i = 0; i <= n; i++) {\n        for (let j = 0; j <= i; j++) {\n            sum += binomial_coefficient(i, j);\n        }\n    }\n    return sum;\n}\n\nconsole.log(sum_Of_product(5));\n\ndeclare var require: any;\nconst assert = require('node:assert');\n\n\nfunction test() {\n  let candidate = sum_Of_product;\n  assert.deepEqual(candidate(3),15);\n  assert.deepEqual(candidate(4),56);\n  assert.deepEqual(candidate(1),1);\n}\n\ntest();",
      "timestamp": 1666123433,
      "stdout": "../../../../tmp/tmpfu5i2138.ts(6,20): error TS2304: Cannot find name 'binomial_coefficient'.\n",
      "stderr": "",
      "exit_code": 2,
      "status": "SyntaxError"
    },
    {
      "program": "//Write a python function to find the sum of the product of consecutive binomial co-efficients.\nfunction sum_Of_product(n: number): number {\n    let sum = 0;\n    for (let i = 0; i <= n; i++) {\n        for (let j = 0; j <= i; j++) {\n            sum += binomialCoeff(i, j);\n        }\n    }\n    return sum;\n}\n\ndeclare var require: any;\nconst assert = require('node:assert');\n\n\nfunction test() {\n  let candidate = sum_Of_product;\n  assert.deepEqual(candidate(3),15);\n  assert.deepEqual(candidate(4),56);\n  assert.deepEqual(candidate(1),1);\n}\n\ntest();",
      "timestamp": 1666123433,
      "stdout": "../../../../tmp/tmpe8cpdip2.ts(6,20): error TS2304: Cannot find name 'binomialCoeff'.\n",
      "stderr": "",
      "exit_code": 2,
      "status": "SyntaxError"
    },
    {
      "program": "//Write a python function to find the sum of the product of consecutive binomial co-efficients.\nfunction sum_Of_product(n: number): number {\n    let sum: number = 0;\n    for (let i = 0; i < n; i++) {\n        sum += factorial(n) / (factorial(i) * factorial(n - i));\n    }\n    return sum;\n}\n\ndeclare var require: any;\nconst assert = require('node:assert');\n\n\nfunction test() {\n  let candidate = sum_Of_product;\n  assert.deepEqual(candidate(3),15);\n  assert.deepEqual(candidate(4),56);\n  assert.deepEqual(candidate(1),1);\n}\n\ntest();",
      "timestamp": 1666123430,
      "stdout": "../../../../tmp/tmprvovrmi2.ts(5,16): error TS2304: Cannot find name 'factorial'.\n../../../../tmp/tmprvovrmi2.ts(5,32): error TS2304: Cannot find name 'factorial'.\n../../../../tmp/tmprvovrmi2.ts(5,47): error TS2304: Cannot find name 'factorial'.\n",
      "stderr": "",
      "exit_code": 2,
      "status": "SyntaxError"
    },
    {
      "program": "//Write a python function to find the sum of the product of consecutive binomial co-efficients.\nfunction sum_Of_product(n: number): number {\n    let sum: number = 0;\n    for (let i: number = 1; i <= n; i++) {\n        for (let j: number = 1; j <= i; j++) {\n            sum += binomial_coefficient(i, j);\n        }\n    }\n    return sum;\n}\nconsole.log(sum_Of_product(4));\n\ndeclare var require: any;\nconst assert = require('node:assert');\n\n\nfunction test() {\n  let candidate = sum_Of_product;\n  assert.deepEqual(candidate(3),15);\n  assert.deepEqual(candidate(4),56);\n  assert.deepEqual(candidate(1),1);\n}\n\ntest();",
      "timestamp": 1666123433,
      "stdout": "../../../../tmp/tmp8kyyyr0_.ts(6,20): error TS2304: Cannot find name 'binomial_coefficient'.\n",
      "stderr": "",
      "exit_code": 2,
      "status": "SyntaxError"
    },
    {
      "program": "//Write a python function to find the sum of the product of consecutive binomial co-efficients.\nfunction sum_Of_product(n: number): number {\n    let sum: number = 0;\n    for (let i = 1; i <= n; i++) {\n        sum += (factorial(n) / (factorial(i) * factorial(n - i)));\n    }\n    return sum;\n}\nconsole.log(sum_Of_product(4));\n\ndeclare var require: any;\nconst assert = require('node:assert');\n\n\nfunction test() {\n  let candidate = sum_Of_product;\n  assert.deepEqual(candidate(3),15);\n  assert.deepEqual(candidate(4),56);\n  assert.deepEqual(candidate(1),1);\n}\n\ntest();",
      "timestamp": 1666123433,
      "stdout": "../../../../tmp/tmpiqrr6wt8.ts(5,17): error TS2304: Cannot find name 'factorial'.\n../../../../tmp/tmpiqrr6wt8.ts(5,33): error TS2304: Cannot find name 'factorial'.\n../../../../tmp/tmpiqrr6wt8.ts(5,48): error TS2304: Cannot find name 'factorial'.\n",
      "stderr": "",
      "exit_code": 2,
      "status": "SyntaxError"
    },
    {
      "program": "//Write a python function to find the sum of the product of consecutive binomial co-efficients.\nfunction sum_Of_product(n: number): number {\n    let sum: number = 0;\n    for (let i = 1; i <= n; i++) {\n        sum += product_of_binomial_coefficients(i);\n    }\n    return sum;\n}\n\ndeclare var require: any;\nconst assert = require('node:assert');\n\n\nfunction test() {\n  let candidate = sum_Of_product;\n  assert.deepEqual(candidate(3),15);\n  assert.deepEqual(candidate(4),56);\n  assert.deepEqual(candidate(1),1);\n}\n\ntest();",
      "timestamp": 1666123433,
      "stdout": "../../../../tmp/tmpoe4w5a6z.ts(5,16): error TS2304: Cannot find name 'product_of_binomial_coefficients'.\n",
      "stderr": "",
      "exit_code": 2,
      "status": "SyntaxError"
    },
    {
      "program": "//Write a python function to find the sum of the product of consecutive binomial co-efficients.\nfunction sum_Of_product(n: number): number {\n    let sum: number = 0;\n    for (let i: number = 0; i < n; i++) {\n        for (let j: number = 0; j < n; j++) {\n            sum = sum + (factorial(n) / (factorial(i) * factorial(n - i))) * (factorial(n) / (factorial(j) * factorial(n - j)));\n        }\n    }\n    return sum;\n}\nconsole.log(sum_Of_product(4));\n\ndeclare var require: any;\nconst assert = require('node:assert');\n\n\nfunction test() {\n  let candidate = sum_Of_product;\n  assert.deepEqual(candidate(3),15);\n  assert.deepEqual(candidate(4),56);\n  assert.deepEqual(candidate(1),1);\n}\n\ntest();",
      "timestamp": 1666123434,
      "stdout": "../../../../tmp/tmpve9w9wzi.ts(6,26): error TS2304: Cannot find name 'factorial'.\n../../../../tmp/tmpve9w9wzi.ts(6,42): error TS2304: Cannot find name 'factorial'.\n../../../../tmp/tmpve9w9wzi.ts(6,57): error TS2304: Cannot find name 'factorial'.\n../../../../tmp/tmpve9w9wzi.ts(6,79): error TS2304: Cannot find name 'factorial'.\n../../../../tmp/tmpve9w9wzi.ts(6,95): error TS2304: Cannot find name 'factorial'.\n../../../../tmp/tmpve9w9wzi.ts(6,110): error TS2304: Cannot find name 'factorial'.\n",
      "stderr": "",
      "exit_code": 2,
      "status": "SyntaxError"
    },
    {
      "program": "//Write a python function to find the sum of the product of consecutive binomial co-efficients.\nfunction sum_Of_product(n: number): number {\n    let sum: number = 0;\n    for (let i = 1; i <= n; i++) {\n        for (let j = 1; j <= i; j++) {\n            sum += binomial_coefficient(i, j);\n        }\n    }\n    return sum;\n}\nconsole.log(sum_Of_product(4));\n\ndeclare var require: any;\nconst assert = require('node:assert');\n\n\nfunction test() {\n  let candidate = sum_Of_product;\n  assert.deepEqual(candidate(3),15);\n  assert.deepEqual(candidate(4),56);\n  assert.deepEqual(candidate(1),1);\n}\n\ntest();",
      "timestamp": 1666123434,
      "stdout": "../../../../tmp/tmppj__u_lb.ts(6,20): error TS2304: Cannot find name 'binomial_coefficient'.\n",
      "stderr": "",
      "exit_code": 2,
      "status": "SyntaxError"
    },
    {
      "program": "//Write a python function to find the sum of the product of consecutive binomial co-efficients.\nfunction sum_Of_product(n: number): number {\n    let sum: number = 0;\n    for (let i: number = 0; i <= n; i++) {\n        for (let j: number = 0; j <= i; j++) {\n            sum += binomialCoeff(i, j);\n        }\n    }\n    return sum;\n}\n\ndeclare var require: any;\nconst assert = require('node:assert');\n\n\nfunction test() {\n  let candidate = sum_Of_product;\n  assert.deepEqual(candidate(3),15);\n  assert.deepEqual(candidate(4),56);\n  assert.deepEqual(candidate(1),1);\n}\n\ntest();",
      "timestamp": 1665510314,
      "stdout": "../../../../tmp/tmpkq00_kmd.ts(6,20): error TS2304: Cannot find name 'binomialCoeff'.\n",
      "stderr": "",
      "exit_code": 2,
      "status": "SyntaxError"
    },
    {
      "program": "//Write a python function to find the sum of the product of consecutive binomial co-efficients.\nfunction sum_Of_product(n: number): number {\n    let sum: number = 0;\n    for (let i: number = 1; i <= n; i++) {\n        let product: number = 1;\n        for (let j: number = 1; j <= i; j++) {\n            product = product * j;\n        }\n        sum = sum + product;\n    }\n    return sum;\n}\nconsole.log(sum_Of_product(5));\n\ndeclare var require: any;\nconst assert = require('node:assert');\n\n\nfunction test() {\n  let candidate = sum_Of_product;\n  assert.deepEqual(candidate(3),15);\n  assert.deepEqual(candidate(4),56);\n  assert.deepEqual(candidate(1),1);\n}\n\ntest();",
      "timestamp": 1666123435,
      "stdout": "153\n",
      "stderr": "node:assert:124\n  throw new AssertionError(obj);\n  ^\n\nAssertionError [ERR_ASSERTION]: Expected values to be loosely deep-equal:\n\n9\n\nshould loosely deep-equal\n\n15\n    at test (/tmp/tmpcqkbpmb8.js:17:12)\n    at Object.<anonymous> (/tmp/tmpcqkbpmb8.js:21:1)\n    at Module._compile (node:internal/modules/cjs/loader:1120:14)\n    at Module._extensions..js (node:internal/modules/cjs/loader:1174:10)\n    at Module.load (node:internal/modules/cjs/loader:998:32)\n    at Module._load (node:internal/modules/cjs/loader:839:12)\n    at Function.executeUserEntryPoint [as runMain] (node:internal/modules/run_main:81:12)\n    at node:internal/main/run_main_module:17:47 {\n  generatedMessage: true,\n  code: 'ERR_ASSERTION',\n  actual: 9,\n  expected: 15,\n  operator: 'deepEqual'\n}\n\nNode.js v18.7.0\n",
      "exit_code": 1,
      "status": "AssertionError"
    },
    {
      "program": "//Write a python function to find the sum of the product of consecutive binomial co-efficients.\nfunction sum_Of_product(n: number): number {\n    let sum: number = 0;\n    for (let i = 0; i <= n; i++) {\n        for (let j = 0; j <= n; j++) {\n            sum += binomial_coefficient(i, j);\n        }\n    }\n    return sum;\n}\n\ndeclare var require: any;\nconst assert = require('node:assert');\n\n\nfunction test() {\n  let candidate = sum_Of_product;\n  assert.deepEqual(candidate(3),15);\n  assert.deepEqual(candidate(4),56);\n  assert.deepEqual(candidate(1),1);\n}\n\ntest();",
      "timestamp": 1666123435,
      "stdout": "../../../../tmp/tmpi9o1trgo.ts(6,20): error TS2304: Cannot find name 'binomial_coefficient'.\n",
      "stderr": "",
      "exit_code": 2,
      "status": "SyntaxError"
    },
    {
      "program": "//Write a python function to find the sum of the product of consecutive binomial co-efficients.\nfunction sum_Of_product(n: number): number {\n    let sum: number = 0;\n    for (let i = 1; i <= n; i++) {\n        for (let j = 1; j <= n; j++) {\n            sum += binomial_coefficient(i, j);\n        }\n    }\n    return sum;\n}\n\ndeclare var require: any;\nconst assert = require('node:assert');\n\n\nfunction test() {\n  let candidate = sum_Of_product;\n  assert.deepEqual(candidate(3),15);\n  assert.deepEqual(candidate(4),56);\n  assert.deepEqual(candidate(1),1);\n}\n\ntest();",
      "timestamp": 1666123435,
      "stdout": "../../../../tmp/tmp5rmnwt94.ts(6,20): error TS2304: Cannot find name 'binomial_coefficient'.\n",
      "stderr": "",
      "exit_code": 2,
      "status": "SyntaxError"
    },
    {
      "program": "//Write a python function to find the sum of the product of consecutive binomial co-efficients.\nfunction sum_Of_product(n: number): number {\n    let sum: number = 0;\n    for (let i = 0; i < n; i++) {\n        sum += (factorial(n) / (factorial(i) * factorial(n - i)));\n    }\n    return sum;\n}\n\ndeclare var require: any;\nconst assert = require('node:assert');\n\n\nfunction test() {\n  let candidate = sum_Of_product;\n  assert.deepEqual(candidate(3),15);\n  assert.deepEqual(candidate(4),56);\n  assert.deepEqual(candidate(1),1);\n}\n\ntest();",
      "timestamp": 1666123435,
      "stdout": "../../../../tmp/tmpo3h_th1a.ts(5,17): error TS2304: Cannot find name 'factorial'.\n../../../../tmp/tmpo3h_th1a.ts(5,33): error TS2304: Cannot find name 'factorial'.\n../../../../tmp/tmpo3h_th1a.ts(5,48): error TS2304: Cannot find name 'factorial'.\n",
      "stderr": "",
      "exit_code": 2,
      "status": "SyntaxError"
    },
    {
      "program": "//Write a python function to find the sum of the product of consecutive binomial co-efficients.\nfunction sum_Of_product(n: number): number {\n    let sum: number = 0;\n    for (let i: number = 0; i <= n; i++) {\n        for (let j: number = 0; j <= i; j++) {\n            sum += binomial_coefficient(i, j);\n        }\n    }\n    return sum;\n}\n\ndeclare var require: any;\nconst assert = require('node:assert');\n\n\nfunction test() {\n  let candidate = sum_Of_product;\n  assert.deepEqual(candidate(3),15);\n  assert.deepEqual(candidate(4),56);\n  assert.deepEqual(candidate(1),1);\n}\n\ntest();",
      "timestamp": 1665510315,
      "stdout": "../../../../tmp/tmpixqhu6vu.ts(6,20): error TS2304: Cannot find name 'binomial_coefficient'.\n",
      "stderr": "",
      "exit_code": 2,
      "status": "SyntaxError"
    },
    {
      "program": "//Write a python function to find the sum of the product of consecutive binomial co-efficients.\nfunction sum_Of_product(n: number): number {\n    let sum: number = 0;\n    for (let i = 0; i <= n; i++) {\n        for (let j = 0; j <= n; j++) {\n            sum += binomialCoefficient(i, j);\n        }\n    }\n    return sum;\n}\n\ndeclare var require: any;\nconst assert = require('node:assert');\n\n\nfunction test() {\n  let candidate = sum_Of_product;\n  assert.deepEqual(candidate(3),15);\n  assert.deepEqual(candidate(4),56);\n  assert.deepEqual(candidate(1),1);\n}\n\ntest();",
      "timestamp": 1666123435,
      "stdout": "../../../../tmp/tmpe0jw_sye.ts(6,20): error TS2304: Cannot find name 'binomialCoefficient'.\n",
      "stderr": "",
      "exit_code": 2,
      "status": "SyntaxError"
    },
    {
      "program": "//Write a python function to find the sum of the product of consecutive binomial co-efficients.\nfunction sum_Of_product(n: number): number {\n    let sum: number = 0;\n    for (let i = 0; i <= n; i++) {\n        for (let j = 0; j <= i; j++) {\n            sum += binomial_coefficient(i, j);\n        }\n    }\n    return sum;\n}\n\ndeclare var require: any;\nconst assert = require('node:assert');\n\n\nfunction test() {\n  let candidate = sum_Of_product;\n  assert.deepEqual(candidate(3),15);\n  assert.deepEqual(candidate(4),56);\n  assert.deepEqual(candidate(1),1);\n}\n\ntest();",
      "timestamp": 1665510315,
      "stdout": "../../../../tmp/tmp2xa149r4.ts(6,20): error TS2304: Cannot find name 'binomial_coefficient'.\n",
      "stderr": "",
      "exit_code": 2,
      "status": "SyntaxError"
    },
    {
      "program": "//Write a python function to find the sum of the product of consecutive binomial co-efficients.\nfunction sum_Of_product(n: number): number {\n    let sum: number = 0;\n    for (let i = 0; i < n; i++) {\n        sum += (factorial(n) / (factorial(i) * factorial(n - i))) * (factorial(n) / (factorial(i + 1) * factorial(n - i - 1)));\n    }\n    return sum;\n}\nconsole.log(sum_Of_product(4));\n\ndeclare var require: any;\nconst assert = require('node:assert');\n\n\nfunction test() {\n  let candidate = sum_Of_product;\n  assert.deepEqual(candidate(3),15);\n  assert.deepEqual(candidate(4),56);\n  assert.deepEqual(candidate(1),1);\n}\n\ntest();",
      "timestamp": 1666123435,
      "stdout": "../../../../tmp/tmphyw44k95.ts(5,17): error TS2304: Cannot find name 'factorial'.\n../../../../tmp/tmphyw44k95.ts(5,33): error TS2304: Cannot find name 'factorial'.\n../../../../tmp/tmphyw44k95.ts(5,48): error TS2304: Cannot find name 'factorial'.\n../../../../tmp/tmphyw44k95.ts(5,70): error TS2304: Cannot find name 'factorial'.\n../../../../tmp/tmphyw44k95.ts(5,86): error TS2304: Cannot find name 'factorial'.\n../../../../tmp/tmphyw44k95.ts(5,105): error TS2304: Cannot find name 'factorial'.\n",
      "stderr": "",
      "exit_code": 2,
      "status": "SyntaxError"
    },
    {
      "program": "//Write a python function to find the sum of the product of consecutive binomial co-efficients.\nfunction sum_Of_product(n: number): number {\n    let sum: number = 0;\n    for (let i: number = 0; i <= n; i++) {\n        for (let j: number = 0; j <= i; j++) {\n            sum += binomial_coefficient(i, j);\n        }\n    }\n    return sum;\n}\n\ndeclare var require: any;\nconst assert = require('node:assert');\n\n\nfunction test() {\n  let candidate = sum_Of_product;\n  assert.deepEqual(candidate(3),15);\n  assert.deepEqual(candidate(4),56);\n  assert.deepEqual(candidate(1),1);\n}\n\ntest();",
      "timestamp": 1665510315,
      "stdout": "../../../../tmp/tmpixqhu6vu.ts(6,20): error TS2304: Cannot find name 'binomial_coefficient'.\n",
      "stderr": "",
      "exit_code": 2,
      "status": "SyntaxError"
    },
    {
      "program": "//Write a python function to find the sum of the product of consecutive binomial co-efficients.\nfunction sum_Of_product(n: number): number {\n    let sum: number = 0;\n    for (let i = 1; i <= n; i++) {\n        sum += factorial(n) / (factorial(i) * factorial(n - i));\n    }\n    return sum;\n}\n\ndeclare var require: any;\nconst assert = require('node:assert');\n\n\nfunction test() {\n  let candidate = sum_Of_product;\n  assert.deepEqual(candidate(3),15);\n  assert.deepEqual(candidate(4),56);\n  assert.deepEqual(candidate(1),1);\n}\n\ntest();",
      "timestamp": 1666123430,
      "stdout": "../../../../tmp/tmpocbng_n6.ts(5,16): error TS2304: Cannot find name 'factorial'.\n../../../../tmp/tmpocbng_n6.ts(5,32): error TS2304: Cannot find name 'factorial'.\n../../../../tmp/tmpocbng_n6.ts(5,47): error TS2304: Cannot find name 'factorial'.\n",
      "stderr": "",
      "exit_code": 2,
      "status": "SyntaxError"
    },
    {
      "program": "//Write a python function to find the sum of the product of consecutive binomial co-efficients.\nfunction sum_Of_product(n: number): number {\n    let sum: number = 0;\n    for (let i = 1; i <= n; i++) {\n        for (let j = 1; j <= n; j++) {\n            sum += (factorial(i) / (factorial(j) * factorial(i - j)))\n        }\n    }\n    return sum;\n}\nconsole.log(sum_Of_product(4));\n\ndeclare var require: any;\nconst assert = require('node:assert');\n\n\nfunction test() {\n  let candidate = sum_Of_product;\n  assert.deepEqual(candidate(3),15);\n  assert.deepEqual(candidate(4),56);\n  assert.deepEqual(candidate(1),1);\n}\n\ntest();",
      "timestamp": 1666123435,
      "stdout": "../../../../tmp/tmpufu47vxt.ts(6,21): error TS2304: Cannot find name 'factorial'.\n../../../../tmp/tmpufu47vxt.ts(6,37): error TS2304: Cannot find name 'factorial'.\n../../../../tmp/tmpufu47vxt.ts(6,52): error TS2304: Cannot find name 'factorial'.\n",
      "stderr": "",
      "exit_code": 2,
      "status": "SyntaxError"
    },
    {
      "program": "//Write a python function to find the sum of the product of consecutive binomial co-efficients.\nfunction sum_Of_product(n: number): number {\n    let sum: number = 0;\n    for (let i = 0; i <= n; i++) {\n        for (let j = 0; j <= n; j++) {\n            sum += binomial_coefficient(i, j);\n        }\n    }\n    return sum;\n}\n\ndeclare var require: any;\nconst assert = require('node:assert');\n\n\nfunction test() {\n  let candidate = sum_Of_product;\n  assert.deepEqual(candidate(3),15);\n  assert.deepEqual(candidate(4),56);\n  assert.deepEqual(candidate(1),1);\n}\n\ntest();",
      "timestamp": 1666123435,
      "stdout": "../../../../tmp/tmpi9o1trgo.ts(6,20): error TS2304: Cannot find name 'binomial_coefficient'.\n",
      "stderr": "",
      "exit_code": 2,
      "status": "SyntaxError"
    },
    {
      "program": "//Write a python function to find the sum of the product of consecutive binomial co-efficients.\nfunction sum_Of_product(n: number): number {\n    let sum: number = 0;\n    for (let i: number = 0; i <= n; i++) {\n        for (let j: number = 0; j <= n; j++) {\n            sum += binomial_coefficient(i, j);\n        }\n    }\n    return sum;\n}\nconsole.log(sum_Of_product(5));\n\ndeclare var require: any;\nconst assert = require('node:assert');\n\n\nfunction test() {\n  let candidate = sum_Of_product;\n  assert.deepEqual(candidate(3),15);\n  assert.deepEqual(candidate(4),56);\n  assert.deepEqual(candidate(1),1);\n}\n\ntest();",
      "timestamp": 1666123435,
      "stdout": "../../../../tmp/tmp7_44gwny.ts(6,20): error TS2304: Cannot find name 'binomial_coefficient'.\n",
      "stderr": "",
      "exit_code": 2,
      "status": "SyntaxError"
    },
    {
      "program": "//Write a python function to find the sum of the product of consecutive binomial co-efficients.\nfunction sum_Of_product(n: number): number {\n    let sum: number = 0;\n    for (let i: number = 0; i <= n; i++) {\n        for (let j: number = 0; j <= i; j++) {\n            sum += binomialCoefficient(i, j);\n        }\n    }\n    return sum;\n}\n\ndeclare var require: any;\nconst assert = require('node:assert');\n\n\nfunction test() {\n  let candidate = sum_Of_product;\n  assert.deepEqual(candidate(3),15);\n  assert.deepEqual(candidate(4),56);\n  assert.deepEqual(candidate(1),1);\n}\n\ntest();",
      "timestamp": 1666123435,
      "stdout": "../../../../tmp/tmp5_rh8anz.ts(6,20): error TS2304: Cannot find name 'binomialCoefficient'.\n",
      "stderr": "",
      "exit_code": 2,
      "status": "SyntaxError"
    },
    {
      "program": "//Write a python function to find the sum of the product of consecutive binomial co-efficients.\nfunction sum_Of_product(n: number): number {\n    let sum: number = 0;\n    for (let i: number = 0; i <= n; i++) {\n        for (let j: number = 0; j <= i; j++) {\n            sum += binomial_coefficient(i, j);\n        }\n    }\n    return sum;\n}\n\ndeclare var require: any;\nconst assert = require('node:assert');\n\n\nfunction test() {\n  let candidate = sum_Of_product;\n  assert.deepEqual(candidate(3),15);\n  assert.deepEqual(candidate(4),56);\n  assert.deepEqual(candidate(1),1);\n}\n\ntest();",
      "timestamp": 1665510315,
      "stdout": "../../../../tmp/tmpixqhu6vu.ts(6,20): error TS2304: Cannot find name 'binomial_coefficient'.\n",
      "stderr": "",
      "exit_code": 2,
      "status": "SyntaxError"
    },
    {
      "program": "//Write a python function to find the sum of the product of consecutive binomial co-efficients.\nfunction sum_Of_product(n: number): number {\n    let sum: number = 0;\n    for (let i = 1; i <= n; i++) {\n        for (let j = 1; j <= i; j++) {\n            sum += binomial_coefficient(i, j);\n        }\n    }\n    return sum;\n}\n\ndeclare var require: any;\nconst assert = require('node:assert');\n\n\nfunction test() {\n  let candidate = sum_Of_product;\n  assert.deepEqual(candidate(3),15);\n  assert.deepEqual(candidate(4),56);\n  assert.deepEqual(candidate(1),1);\n}\n\ntest();",
      "timestamp": 1666123435,
      "stdout": "../../../../tmp/tmpokm4b_vr.ts(6,20): error TS2304: Cannot find name 'binomial_coefficient'.\n",
      "stderr": "",
      "exit_code": 2,
      "status": "SyntaxError"
    },
    {
      "program": "//Write a python function to find the sum of the product of consecutive binomial co-efficients.\nfunction sum_Of_product(n: number): number {\n    let sum: number = 0;\n    for (let i = 1; i <= n; i++) {\n        for (let j = 1; j <= i; j++) {\n            sum += binomial_coefficient(i, j);\n        }\n    }\n    return sum;\n}\n\ndeclare var require: any;\nconst assert = require('node:assert');\n\n\nfunction test() {\n  let candidate = sum_Of_product;\n  assert.deepEqual(candidate(3),15);\n  assert.deepEqual(candidate(4),56);\n  assert.deepEqual(candidate(1),1);\n}\n\ntest();",
      "timestamp": 1666123435,
      "stdout": "../../../../tmp/tmpokm4b_vr.ts(6,20): error TS2304: Cannot find name 'binomial_coefficient'.\n",
      "stderr": "",
      "exit_code": 2,
      "status": "SyntaxError"
    },
    {
      "program": "//Write a python function to find the sum of the product of consecutive binomial co-efficients.\nfunction sum_Of_product(n: number): number {\n    let sum: number = 0;\n    for (let i = 1; i <= n; i++) {\n        sum += (factorial(n) / (factorial(i) * factorial(n - i)));\n    }\n    return sum;\n}\n\ndeclare var require: any;\nconst assert = require('node:assert');\n\n\nfunction test() {\n  let candidate = sum_Of_product;\n  assert.deepEqual(candidate(3),15);\n  assert.deepEqual(candidate(4),56);\n  assert.deepEqual(candidate(1),1);\n}\n\ntest();",
      "timestamp": 1665510315,
      "stdout": "../../../../tmp/tmpdnvqroe1.ts(5,17): error TS2304: Cannot find name 'factorial'.\n../../../../tmp/tmpdnvqroe1.ts(5,33): error TS2304: Cannot find name 'factorial'.\n../../../../tmp/tmpdnvqroe1.ts(5,48): error TS2304: Cannot find name 'factorial'.\n",
      "stderr": "",
      "exit_code": 2,
      "status": "SyntaxError"
    },
    {
      "program": "//Write a python function to find the sum of the product of consecutive binomial co-efficients.\nfunction sum_Of_product(n: number): number {\n    let sum: number = 0;\n    for (let i = 0; i <= n; i++) {\n        for (let j = 0; j <= i; j++) {\n            sum = sum + binomial_coefficient(i, j);\n        }\n    }\n    return sum;\n}\n\ndeclare var require: any;\nconst assert = require('node:assert');\n\n\nfunction test() {\n  let candidate = sum_Of_product;\n  assert.deepEqual(candidate(3),15);\n  assert.deepEqual(candidate(4),56);\n  assert.deepEqual(candidate(1),1);\n}\n\ntest();",
      "timestamp": 1666123430,
      "stdout": "../../../../tmp/tmpo0vn8cph.ts(6,25): error TS2304: Cannot find name 'binomial_coefficient'.\n",
      "stderr": "",
      "exit_code": 2,
      "status": "SyntaxError"
    },
    {
      "program": "//Write a python function to find the sum of the product of consecutive binomial co-efficients.\nfunction sum_Of_product(n: number): number {\n    let sum: number = 0;\n    for (let i: number = 0; i <= n; i++) {\n        for (let j: number = 0; j <= i; j++) {\n            sum += binomial_coefficient(i, j);\n        }\n    }\n    return sum;\n}\nconsole.log(sum_Of_product(4));\n\ndeclare var require: any;\nconst assert = require('node:assert');\n\n\nfunction test() {\n  let candidate = sum_Of_product;\n  assert.deepEqual(candidate(3),15);\n  assert.deepEqual(candidate(4),56);\n  assert.deepEqual(candidate(1),1);\n}\n\ntest();",
      "timestamp": 1666123430,
      "stdout": "../../../../tmp/tmppdg01vjq.ts(6,20): error TS2304: Cannot find name 'binomial_coefficient'.\n",
      "stderr": "",
      "exit_code": 2,
      "status": "SyntaxError"
    },
    {
      "program": "//Write a python function to find the sum of the product of consecutive binomial co-efficients.\nfunction sum_Of_product(n: number): number {\n    let sum: number = 0;\n    for (let i: number = 0; i <= n; i++) {\n        sum = sum + (factorial(n) / (factorial(i) * factorial(n - i)));\n    }\n    return sum;\n}\n\nconsole.log(sum_Of_product(5));\n\ndeclare var require: any;\nconst assert = require('node:assert');\n\n\nfunction test() {\n  let candidate = sum_Of_product;\n  assert.deepEqual(candidate(3),15);\n  assert.deepEqual(candidate(4),56);\n  assert.deepEqual(candidate(1),1);\n}\n\ntest();",
      "timestamp": 1666123435,
      "stdout": "../../../../tmp/tmpl2twvh4h.ts(5,22): error TS2304: Cannot find name 'factorial'.\n../../../../tmp/tmpl2twvh4h.ts(5,38): error TS2304: Cannot find name 'factorial'.\n../../../../tmp/tmpl2twvh4h.ts(5,53): error TS2304: Cannot find name 'factorial'.\n",
      "stderr": "",
      "exit_code": 2,
      "status": "SyntaxError"
    },
    {
      "program": "//Write a python function to find the sum of the product of consecutive binomial co-efficients.\nfunction sum_Of_product(n: number): number {\n    let sum = 0;\n    for (let i = 0; i < n; i++) {\n        sum += (factorial(n) / (factorial(i) * factorial(n - i)));\n    }\n    return sum;\n}\n\nconsole.log(sum_Of_product(4));\n\ndeclare var require: any;\nconst assert = require('node:assert');\n\n\nfunction test() {\n  let candidate = sum_Of_product;\n  assert.deepEqual(candidate(3),15);\n  assert.deepEqual(candidate(4),56);\n  assert.deepEqual(candidate(1),1);\n}\n\ntest();",
      "timestamp": 1666123435,
      "stdout": "../../../../tmp/tmpiwg4esg1.ts(5,17): error TS2304: Cannot find name 'factorial'.\n../../../../tmp/tmpiwg4esg1.ts(5,33): error TS2304: Cannot find name 'factorial'.\n../../../../tmp/tmpiwg4esg1.ts(5,48): error TS2304: Cannot find name 'factorial'.\n",
      "stderr": "",
      "exit_code": 2,
      "status": "SyntaxError"
    },
    {
      "program": "//Write a python function to find the sum of the product of consecutive binomial co-efficients.\nfunction sum_Of_product(n: number): number {\n    let sum: number = 0;\n    for (let i = 0; i <= n; i++) {\n        for (let j = 0; j <= n; j++) {\n            sum += binomial(i, j);\n        }\n    }\n    return sum;\n}\n\nconsole.log(sum_Of_product(5));\n\ndeclare var require: any;\nconst assert = require('node:assert');\n\n\nfunction test() {\n  let candidate = sum_Of_product;\n  assert.deepEqual(candidate(3),15);\n  assert.deepEqual(candidate(4),56);\n  assert.deepEqual(candidate(1),1);\n}\n\ntest();",
      "timestamp": 1666123435,
      "stdout": "../../../../tmp/tmp2o624k8i.ts(6,20): error TS2304: Cannot find name 'binomial'.\n",
      "stderr": "",
      "exit_code": 2,
      "status": "SyntaxError"
    },
    {
      "program": "//Write a python function to find the sum of the product of consecutive binomial co-efficients.\nfunction sum_Of_product(n: number): number {\n    let sum: number = 0;\n    for (let i: number = 0; i <= n; i++) {\n        for (let j: number = 0; j <= i; j++) {\n            sum = sum + binomial(i, j);\n        }\n    }\n    return sum;\n}\n\ndeclare var require: any;\nconst assert = require('node:assert');\n\n\nfunction test() {\n  let candidate = sum_Of_product;\n  assert.deepEqual(candidate(3),15);\n  assert.deepEqual(candidate(4),56);\n  assert.deepEqual(candidate(1),1);\n}\n\ntest();",
      "timestamp": 1666123435,
      "stdout": "../../../../tmp/tmp5tx59wzq.ts(6,25): error TS2304: Cannot find name 'binomial'.\n",
      "stderr": "",
      "exit_code": 2,
      "status": "SyntaxError"
    },
    {
      "program": "//Write a python function to find the sum of the product of consecutive binomial co-efficients.\nfunction sum_Of_product(n: number): number {\n    let sum: number = 0;\n    for (let i: number = 0; i < n; i++) {\n        sum += factorial(n) / (factorial(i) * factorial(n - i));\n    }\n    return sum;\n}\n\ndeclare var require: any;\nconst assert = require('node:assert');\n\n\nfunction test() {\n  let candidate = sum_Of_product;\n  assert.deepEqual(candidate(3),15);\n  assert.deepEqual(candidate(4),56);\n  assert.deepEqual(candidate(1),1);\n}\n\ntest();",
      "timestamp": 1666123430,
      "stdout": "../../../../tmp/tmp1r7a3203.ts(5,16): error TS2304: Cannot find name 'factorial'.\n../../../../tmp/tmp1r7a3203.ts(5,32): error TS2304: Cannot find name 'factorial'.\n../../../../tmp/tmp1r7a3203.ts(5,47): error TS2304: Cannot find name 'factorial'.\n",
      "stderr": "",
      "exit_code": 2,
      "status": "SyntaxError"
    },
    {
      "program": "//Write a python function to find the sum of the product of consecutive binomial co-efficients.\nfunction sum_Of_product(n: number): number {\n    let sum: number = 0;\n    for (let i = 0; i <= n; i++) {\n        for (let j = 0; j <= i; j++) {\n            sum += binomial_coefficient(i, j);\n        }\n    }\n    return sum;\n}\n\nconsole.log(sum_Of_product(4));\ndeclare var require: any;\nconst assert = require('node:assert');\n\n\nfunction test() {\n  let candidate = sum_Of_product;\n  assert.deepEqual(candidate(3),15);\n  assert.deepEqual(candidate(4),56);\n  assert.deepEqual(candidate(1),1);\n}\n\ntest();",
      "timestamp": 1666123435,
      "stdout": "../../../../tmp/tmp4jvgdljc.ts(6,20): error TS2304: Cannot find name 'binomial_coefficient'.\n",
      "stderr": "",
      "exit_code": 2,
      "status": "SyntaxError"
    },
    {
      "program": "//Write a python function to find the sum of the product of consecutive binomial co-efficients.\nfunction sum_Of_product(n: number): number {\n    let sum: number = 0;\n    for (let i: number = 1; i <= n; i++) {\n        let product: number = 1;\n        for (let j: number = 1; j <= i; j++) {\n            product = product * j;\n        }\n        sum = sum + product;\n    }\n    return sum;\n}\n\nconsole.log(sum_Of_product(5));\n\ndeclare var require: any;\nconst assert = require('node:assert');\n\n\nfunction test() {\n  let candidate = sum_Of_product;\n  assert.deepEqual(candidate(3),15);\n  assert.deepEqual(candidate(4),56);\n  assert.deepEqual(candidate(1),1);\n}\n\ntest();",
      "timestamp": 1666123436,
      "stdout": "153\n",
      "stderr": "node:assert:124\n  throw new AssertionError(obj);\n  ^\n\nAssertionError [ERR_ASSERTION]: Expected values to be loosely deep-equal:\n\n9\n\nshould loosely deep-equal\n\n15\n    at test (/tmp/tmp7e6b9lny.js:17:12)\n    at Object.<anonymous> (/tmp/tmp7e6b9lny.js:21:1)\n    at Module._compile (node:internal/modules/cjs/loader:1120:14)\n    at Module._extensions..js (node:internal/modules/cjs/loader:1174:10)\n    at Module.load (node:internal/modules/cjs/loader:998:32)\n    at Module._load (node:internal/modules/cjs/loader:839:12)\n    at Function.executeUserEntryPoint [as runMain] (node:internal/modules/run_main:81:12)\n    at node:internal/main/run_main_module:17:47 {\n  generatedMessage: true,\n  code: 'ERR_ASSERTION',\n  actual: 9,\n  expected: 15,\n  operator: 'deepEqual'\n}\n\nNode.js v18.7.0\n",
      "exit_code": 1,
      "status": "AssertionError"
    },
    {
      "program": "//Write a python function to find the sum of the product of consecutive binomial co-efficients.\nfunction sum_Of_product(n: number): number {\n    let sum: number = 0;\n    for (let i: number = 1; i <= n; i++) {\n        for (let j: number = 1; j <= i; j++) {\n            sum = sum + (factorial(i) / (factorial(j) * factorial(i - j)));\n        }\n    }\n    return sum;\n}\nconsole.log(sum_Of_product(4));\n\ndeclare var require: any;\nconst assert = require('node:assert');\n\n\nfunction test() {\n  let candidate = sum_Of_product;\n  assert.deepEqual(candidate(3),15);\n  assert.deepEqual(candidate(4),56);\n  assert.deepEqual(candidate(1),1);\n}\n\ntest();",
      "timestamp": 1666123436,
      "stdout": "../../../../tmp/tmpoql35wrm.ts(6,26): error TS2304: Cannot find name 'factorial'.\n../../../../tmp/tmpoql35wrm.ts(6,42): error TS2304: Cannot find name 'factorial'.\n../../../../tmp/tmpoql35wrm.ts(6,57): error TS2304: Cannot find name 'factorial'.\n",
      "stderr": "",
      "exit_code": 2,
      "status": "SyntaxError"
    },
    {
      "program": "//Write a python function to find the sum of the product of consecutive binomial co-efficients.\nfunction sum_Of_product(n: number): number {\n    let sum: number = 0;\n    for (let i = 1; i <= n; i++) {\n        sum += (factorial(n) / (factorial(i) * factorial(n - i)));\n    }\n    return sum;\n}\n\nconsole.log(sum_Of_product(5));\n\ndeclare var require: any;\nconst assert = require('node:assert');\n\n\nfunction test() {\n  let candidate = sum_Of_product;\n  assert.deepEqual(candidate(3),15);\n  assert.deepEqual(candidate(4),56);\n  assert.deepEqual(candidate(1),1);\n}\n\ntest();",
      "timestamp": 1665510315,
      "stdout": "../../../../tmp/tmpfu829k8t.ts(5,17): error TS2304: Cannot find name 'factorial'.\n../../../../tmp/tmpfu829k8t.ts(5,33): error TS2304: Cannot find name 'factorial'.\n../../../../tmp/tmpfu829k8t.ts(5,48): error TS2304: Cannot find name 'factorial'.\n",
      "stderr": "",
      "exit_code": 2,
      "status": "SyntaxError"
    },
    {
      "program": "//Write a python function to find the sum of the product of consecutive binomial co-efficients.\nfunction sum_Of_product(n: number): number {\n    let sum = 0;\n    for (let i = 0; i <= n; i++) {\n        for (let j = 0; j <= i; j++) {\n            sum += binomial_coefficient(i, j);\n        }\n    }\n    return sum;\n}\n\ndeclare var require: any;\nconst assert = require('node:assert');\n\n\nfunction test() {\n  let candidate = sum_Of_product;\n  assert.deepEqual(candidate(3),15);\n  assert.deepEqual(candidate(4),56);\n  assert.deepEqual(candidate(1),1);\n}\n\ntest();",
      "timestamp": 1665510315,
      "stdout": "../../../../tmp/tmpt0n4rhek.ts(6,20): error TS2304: Cannot find name 'binomial_coefficient'.\n",
      "stderr": "",
      "exit_code": 2,
      "status": "SyntaxError"
    },
    {
      "program": "//Write a python function to find the sum of the product of consecutive binomial co-efficients.\nfunction sum_Of_product(n: number): number {\n    let sum: number = 0;\n    for (let i: number = 0; i <= n; i++) {\n        for (let j: number = 0; j <= i; j++) {\n            sum = sum + binomial_coefficient(i, j);\n        }\n    }\n    return sum;\n}\nconsole.log(sum_Of_product(4));\n\ndeclare var require: any;\nconst assert = require('node:assert');\n\n\nfunction test() {\n  let candidate = sum_Of_product;\n  assert.deepEqual(candidate(3),15);\n  assert.deepEqual(candidate(4),56);\n  assert.deepEqual(candidate(1),1);\n}\n\ntest();",
      "timestamp": 1666123435,
      "stdout": "../../../../tmp/tmphys64t9k.ts(6,25): error TS2304: Cannot find name 'binomial_coefficient'.\n",
      "stderr": "",
      "exit_code": 2,
      "status": "SyntaxError"
    },
    {
      "program": "//Write a python function to find the sum of the product of consecutive binomial co-efficients.\nfunction sum_Of_product(n: number): number {\n  let sum: number = 0;\n  for (let i = 0; i <= n; i++) {\n    for (let j = 0; j <= n; j++) {\n      sum += binomialCoefficient(i, j);\n    }\n  }\n  return sum;\n}\n\nconsole.log(sum_Of_product(5));\n\ndeclare var require: any;\nconst assert = require('node:assert');\n\n\nfunction test() {\n  let candidate = sum_Of_product;\n  assert.deepEqual(candidate(3),15);\n  assert.deepEqual(candidate(4),56);\n  assert.deepEqual(candidate(1),1);\n}\n\ntest();",
      "timestamp": 1666123435,
      "stdout": "../../../../tmp/tmpuqfun8lb.ts(6,14): error TS2304: Cannot find name 'binomialCoefficient'.\n",
      "stderr": "",
      "exit_code": 2,
      "status": "SyntaxError"
    },
    {
      "program": "//Write a python function to find the sum of the product of consecutive binomial co-efficients.\nfunction sum_Of_product(n: number): number {\n    let sum: number = 0;\n    for (let i: number = 0; i <= n; i++) {\n        for (let j: number = 0; j <= i; j++) {\n            sum += binomial_coefficient(i, j);\n        }\n    }\n    return sum;\n}\nconsole.log(sum_Of_product(4));\n\ndeclare var require: any;\nconst assert = require('node:assert');\n\n\nfunction test() {\n  let candidate = sum_Of_product;\n  assert.deepEqual(candidate(3),15);\n  assert.deepEqual(candidate(4),56);\n  assert.deepEqual(candidate(1),1);\n}\n\ntest();",
      "timestamp": 1666123430,
      "stdout": "../../../../tmp/tmppdg01vjq.ts(6,20): error TS2304: Cannot find name 'binomial_coefficient'.\n",
      "stderr": "",
      "exit_code": 2,
      "status": "SyntaxError"
    },
    {
      "program": "//Write a python function to find the sum of the product of consecutive binomial co-efficients.\nfunction sum_Of_product(n: number): number {\n    let sum: number = 0;\n    for (let i = 1; i <= n; i++) {\n        for (let j = 1; j <= i; j++) {\n            sum += binomial_coefficient(i, j);\n        }\n    }\n    return sum;\n}\n\ndeclare var require: any;\nconst assert = require('node:assert');\n\n\nfunction test() {\n  let candidate = sum_Of_product;\n  assert.deepEqual(candidate(3),15);\n  assert.deepEqual(candidate(4),56);\n  assert.deepEqual(candidate(1),1);\n}\n\ntest();",
      "timestamp": 1666123435,
      "stdout": "../../../../tmp/tmpokm4b_vr.ts(6,20): error TS2304: Cannot find name 'binomial_coefficient'.\n",
      "stderr": "",
      "exit_code": 2,
      "status": "SyntaxError"
    },
    {
      "program": "//Write a python function to find the sum of the product of consecutive binomial co-efficients.\nfunction sum_Of_product(n: number): number {\n    let sum: number = 0;\n    for (let i = 1; i <= n; i++) {\n        sum += factorial(n) / (factorial(i) * factorial(n - i));\n    }\n    return sum;\n}\n\ndeclare var require: any;\nconst assert = require('node:assert');\n\n\nfunction test() {\n  let candidate = sum_Of_product;\n  assert.deepEqual(candidate(3),15);\n  assert.deepEqual(candidate(4),56);\n  assert.deepEqual(candidate(1),1);\n}\n\ntest();",
      "timestamp": 1666123430,
      "stdout": "../../../../tmp/tmpocbng_n6.ts(5,16): error TS2304: Cannot find name 'factorial'.\n../../../../tmp/tmpocbng_n6.ts(5,32): error TS2304: Cannot find name 'factorial'.\n../../../../tmp/tmpocbng_n6.ts(5,47): error TS2304: Cannot find name 'factorial'.\n",
      "stderr": "",
      "exit_code": 2,
      "status": "SyntaxError"
    },
    {
      "program": "//Write a python function to find the sum of the product of consecutive binomial co-efficients.\nfunction sum_Of_product(n: number): number {\n    let sum: number = 0;\n    for (let i: number = 0; i <= n; i++) {\n        for (let j: number = 0; j <= i; j++) {\n            sum = sum + (factorial(i) / (factorial(j) * factorial(i - j)));\n        }\n    }\n    return sum;\n}\n\ndeclare var require: any;\nconst assert = require('node:assert');\n\n\nfunction test() {\n  let candidate = sum_Of_product;\n  assert.deepEqual(candidate(3),15);\n  assert.deepEqual(candidate(4),56);\n  assert.deepEqual(candidate(1),1);\n}\n\ntest();",
      "timestamp": 1666123432,
      "stdout": "../../../../tmp/tmpvne0hz9q.ts(6,26): error TS2304: Cannot find name 'factorial'.\n../../../../tmp/tmpvne0hz9q.ts(6,42): error TS2304: Cannot find name 'factorial'.\n../../../../tmp/tmpvne0hz9q.ts(6,57): error TS2304: Cannot find name 'factorial'.\n",
      "stderr": "",
      "exit_code": 2,
      "status": "SyntaxError"
    },
    {
      "program": "//Write a python function to find the sum of the product of consecutive binomial co-efficients.\nfunction sum_Of_product(n: number): number {\n    let sum: number = 0;\n    for (let i = 0; i <= n; i++) {\n        for (let j = 0; j <= n; j++) {\n            sum += binomial_coefficient(i, j);\n        }\n    }\n    return sum;\n}\n\ndeclare var require: any;\nconst assert = require('node:assert');\n\n\nfunction test() {\n  let candidate = sum_Of_product;\n  assert.deepEqual(candidate(3),15);\n  assert.deepEqual(candidate(4),56);\n  assert.deepEqual(candidate(1),1);\n}\n\ntest();",
      "timestamp": 1666123435,
      "stdout": "../../../../tmp/tmpi9o1trgo.ts(6,20): error TS2304: Cannot find name 'binomial_coefficient'.\n",
      "stderr": "",
      "exit_code": 2,
      "status": "SyntaxError"
    },
    {
      "program": "//Write a python function to find the sum of the product of consecutive binomial co-efficients.\nfunction sum_Of_product(n: number): number {\n    let sum: number = 0;\n    for (let i = 0; i <= n; i++) {\n        for (let j = 0; j <= n; j++) {\n            sum += binomial_coefficient(i, j);\n        }\n    }\n    return sum;\n}\n\ndeclare var require: any;\nconst assert = require('node:assert');\n\n\nfunction test() {\n  let candidate = sum_Of_product;\n  assert.deepEqual(candidate(3),15);\n  assert.deepEqual(candidate(4),56);\n  assert.deepEqual(candidate(1),1);\n}\n\ntest();",
      "timestamp": 1666123435,
      "stdout": "../../../../tmp/tmpi9o1trgo.ts(6,20): error TS2304: Cannot find name 'binomial_coefficient'.\n",
      "stderr": "",
      "exit_code": 2,
      "status": "SyntaxError"
    },
    {
      "program": "//Write a python function to find the sum of the product of consecutive binomial co-efficients.\nfunction sum_Of_product(n: number): number {\n    let sum: number = 0;\n    for (let i: number = 0; i <= n; i++) {\n        for (let j: number = 0; j <= n; j++) {\n            sum += binomial_coefficient(i, j);\n        }\n    }\n    return sum;\n}\nconsole.log(sum_Of_product(5));\n\ndeclare var require: any;\nconst assert = require('node:assert');\n\n\nfunction test() {\n  let candidate = sum_Of_product;\n  assert.deepEqual(candidate(3),15);\n  assert.deepEqual(candidate(4),56);\n  assert.deepEqual(candidate(1),1);\n}\n\ntest();",
      "timestamp": 1666123435,
      "stdout": "../../../../tmp/tmp7_44gwny.ts(6,20): error TS2304: Cannot find name 'binomial_coefficient'.\n",
      "stderr": "",
      "exit_code": 2,
      "status": "SyntaxError"
    },
    {
      "program": "//Write a python function to find the sum of the product of consecutive binomial co-efficients.\nfunction sum_Of_product(n: number): number {\n    let sum: number = 0;\n    for (let i = 0; i <= n; i++) {\n        for (let j = 0; j <= i; j++) {\n            sum += binomial_coefficient(i, j);\n        }\n    }\n    return sum;\n}\nconsole.log(sum_Of_product(4));\n\ndeclare var require: any;\nconst assert = require('node:assert');\n\n\nfunction test() {\n  let candidate = sum_Of_product;\n  assert.deepEqual(candidate(3),15);\n  assert.deepEqual(candidate(4),56);\n  assert.deepEqual(candidate(1),1);\n}\n\ntest();",
      "timestamp": 1666123432,
      "stdout": "../../../../tmp/tmpfbel4k1p.ts(6,20): error TS2304: Cannot find name 'binomial_coefficient'.\n",
      "stderr": "",
      "exit_code": 2,
      "status": "SyntaxError"
    },
    {
      "program": "//Write a python function to find the sum of the product of consecutive binomial co-efficients.\nfunction sum_Of_product(n: number): number {\n    let sum: number = 0;\n    for (let i: number = 0; i <= n; i++) {\n        for (let j: number = 0; j <= i; j++) {\n            sum += binomialCoefficient(i, j);\n        }\n    }\n    return sum;\n}\n\ndeclare var require: any;\nconst assert = require('node:assert');\n\n\nfunction test() {\n  let candidate = sum_Of_product;\n  assert.deepEqual(candidate(3),15);\n  assert.deepEqual(candidate(4),56);\n  assert.deepEqual(candidate(1),1);\n}\n\ntest();",
      "timestamp": 1666123435,
      "stdout": "../../../../tmp/tmp5_rh8anz.ts(6,20): error TS2304: Cannot find name 'binomialCoefficient'.\n",
      "stderr": "",
      "exit_code": 2,
      "status": "SyntaxError"
    },
    {
      "program": "//Write a python function to find the sum of the product of consecutive binomial co-efficients.\nfunction sum_Of_product(n: number): number {\n    let sum: number = 0;\n    for (let i: number = 0; i <= n; i++) {\n        for (let j: number = 0; j <= i; j++) {\n            sum += binomial_coefficient(i, j);\n        }\n    }\n    return sum;\n}\n\ndeclare var require: any;\nconst assert = require('node:assert');\n\n\nfunction test() {\n  let candidate = sum_Of_product;\n  assert.deepEqual(candidate(3),15);\n  assert.deepEqual(candidate(4),56);\n  assert.deepEqual(candidate(1),1);\n}\n\ntest();",
      "timestamp": 1665510315,
      "stdout": "../../../../tmp/tmpixqhu6vu.ts(6,20): error TS2304: Cannot find name 'binomial_coefficient'.\n",
      "stderr": "",
      "exit_code": 2,
      "status": "SyntaxError"
    },
    {
      "program": "//Write a python function to find the sum of the product of consecutive binomial co-efficients.\nfunction sum_Of_product(n: number): number {\n    let sum: number = 0;\n    for (let i = 0; i <= n; i++) {\n        for (let j = 0; j <= n; j++) {\n            sum += binomial_coefficient(i, j);\n        }\n    }\n    return sum;\n}\n\ndeclare var require: any;\nconst assert = require('node:assert');\n\n\nfunction test() {\n  let candidate = sum_Of_product;\n  assert.deepEqual(candidate(3),15);\n  assert.deepEqual(candidate(4),56);\n  assert.deepEqual(candidate(1),1);\n}\n\ntest();",
      "timestamp": 1666123435,
      "stdout": "../../../../tmp/tmpi9o1trgo.ts(6,20): error TS2304: Cannot find name 'binomial_coefficient'.\n",
      "stderr": "",
      "exit_code": 2,
      "status": "SyntaxError"
    },
    {
      "program": "//Write a python function to find the sum of the product of consecutive binomial co-efficients.\nfunction sum_Of_product(n: number): number {\n    let sum: number = 0;\n    for (let i: number = 0; i <= n; i++) {\n        for (let j: number = 0; j <= i; j++) {\n            sum += binomial_coeff(i, j);\n        }\n    }\n    return sum;\n}\n\ndeclare var require: any;\nconst assert = require('node:assert');\n\n\nfunction test() {\n  let candidate = sum_Of_product;\n  assert.deepEqual(candidate(3),15);\n  assert.deepEqual(candidate(4),56);\n  assert.deepEqual(candidate(1),1);\n}\n\ntest();",
      "timestamp": 1666123435,
      "stdout": "../../../../tmp/tmp9gru6kda.ts(6,20): error TS2304: Cannot find name 'binomial_coeff'.\n",
      "stderr": "",
      "exit_code": 2,
      "status": "SyntaxError"
    },
    {
      "program": "//Write a python function to find the sum of the product of consecutive binomial co-efficients.\nfunction sum_Of_product(n: number): number {\n    let sum: number = 0;\n    for (let i: number = 0; i <= n; i++) {\n        sum += factorial(n) / (factorial(i) * factorial(n - i));\n    }\n    return sum;\n}\nconsole.log(sum_Of_product(5));\n\ndeclare var require: any;\nconst assert = require('node:assert');\n\n\nfunction test() {\n  let candidate = sum_Of_product;\n  assert.deepEqual(candidate(3),15);\n  assert.deepEqual(candidate(4),56);\n  assert.deepEqual(candidate(1),1);\n}\n\ntest();",
      "timestamp": 1666123436,
      "stdout": "../../../../tmp/tmplroe2nw8.ts(5,16): error TS2304: Cannot find name 'factorial'.\n../../../../tmp/tmplroe2nw8.ts(5,32): error TS2304: Cannot find name 'factorial'.\n../../../../tmp/tmplroe2nw8.ts(5,47): error TS2304: Cannot find name 'factorial'.\n",
      "stderr": "",
      "exit_code": 2,
      "status": "SyntaxError"
    },
    {
      "program": "//Write a python function to find the sum of the product of consecutive binomial co-efficients.\nfunction sum_Of_product(n: number): number {\n    let sum: number = 0;\n    for (let i = 1; i <= n; i++) {\n        for (let j = 1; j <= n; j++) {\n            sum += (factorial(i) / (factorial(j) * factorial(i - j)));\n        }\n    }\n    return sum;\n}\nconsole.log(sum_Of_product(4));\n\ndeclare var require: any;\nconst assert = require('node:assert');\n\n\nfunction test() {\n  let candidate = sum_Of_product;\n  assert.deepEqual(candidate(3),15);\n  assert.deepEqual(candidate(4),56);\n  assert.deepEqual(candidate(1),1);\n}\n\ntest();",
      "timestamp": 1666123437,
      "stdout": "../../../../tmp/tmprqfx1le1.ts(6,21): error TS2304: Cannot find name 'factorial'.\n../../../../tmp/tmprqfx1le1.ts(6,37): error TS2304: Cannot find name 'factorial'.\n../../../../tmp/tmprqfx1le1.ts(6,52): error TS2304: Cannot find name 'factorial'.\n",
      "stderr": "",
      "exit_code": 2,
      "status": "SyntaxError"
    },
    {
      "program": "//Write a python function to find the sum of the product of consecutive binomial co-efficients.\nfunction sum_Of_product(n: number): number {\n    let sum: number = 0;\n    for (let i = 0; i <= n; i++) {\n        for (let j = 0; j <= i; j++) {\n            sum += binomial_coefficient(i, j);\n        }\n    }\n    return sum;\n}\n\nconsole.log(sum_Of_product(4));\n\ndeclare var require: any;\nconst assert = require('node:assert');\n\n\nfunction test() {\n  let candidate = sum_Of_product;\n  assert.deepEqual(candidate(3),15);\n  assert.deepEqual(candidate(4),56);\n  assert.deepEqual(candidate(1),1);\n}\n\ntest();",
      "timestamp": 1666123437,
      "stdout": "../../../../tmp/tmp58y7vnkj.ts(6,20): error TS2304: Cannot find name 'binomial_coefficient'.\n",
      "stderr": "",
      "exit_code": 2,
      "status": "SyntaxError"
    },
    {
      "program": "//Write a python function to find the sum of the product of consecutive binomial co-efficients.\nfunction sum_Of_product(n: number): number {\n    let sum = 0;\n    for (let i = 1; i <= n; i++) {\n        sum = sum + (factorial(n) / (factorial(i) * factorial(n - i)));\n    }\n    return sum;\n}\n\ndeclare var require: any;\nconst assert = require('node:assert');\n\n\nfunction test() {\n  let candidate = sum_Of_product;\n  assert.deepEqual(candidate(3),15);\n  assert.deepEqual(candidate(4),56);\n  assert.deepEqual(candidate(1),1);\n}\n\ntest();",
      "timestamp": 1666123438,
      "stdout": "../../../../tmp/tmplgcy9c17.ts(5,22): error TS2304: Cannot find name 'factorial'.\n../../../../tmp/tmplgcy9c17.ts(5,38): error TS2304: Cannot find name 'factorial'.\n../../../../tmp/tmplgcy9c17.ts(5,53): error TS2304: Cannot find name 'factorial'.\n",
      "stderr": "",
      "exit_code": 2,
      "status": "SyntaxError"
    },
    {
      "program": "//Write a python function to find the sum of the product of consecutive binomial co-efficients.\nfunction sum_Of_product(n: number): number {\n    let sum: number = 0;\n    for (let i = 0; i <= n; i++) {\n        for (let j = 0; j <= i; j++) {\n            sum += binomial_coefficient(i, j);\n        }\n    }\n    return sum;\n}\n\ndeclare var require: any;\nconst assert = require('node:assert');\n\n\nfunction test() {\n  let candidate = sum_Of_product;\n  assert.deepEqual(candidate(3),15);\n  assert.deepEqual(candidate(4),56);\n  assert.deepEqual(candidate(1),1);\n}\n\ntest();",
      "timestamp": 1665510315,
      "stdout": "../../../../tmp/tmp2xa149r4.ts(6,20): error TS2304: Cannot find name 'binomial_coefficient'.\n",
      "stderr": "",
      "exit_code": 2,
      "status": "SyntaxError"
    },
    {
      "program": "//Write a python function to find the sum of the product of consecutive binomial co-efficients.\nfunction sum_Of_product(n: number): number {\n    let sum = 0;\n    for (let i = 1; i <= n; i++) {\n        sum += product_of_binomial_coefficients(i);\n    }\n    return sum;\n}\n\ndeclare var require: any;\nconst assert = require('node:assert');\n\n\nfunction test() {\n  let candidate = sum_Of_product;\n  assert.deepEqual(candidate(3),15);\n  assert.deepEqual(candidate(4),56);\n  assert.deepEqual(candidate(1),1);\n}\n\ntest();",
      "timestamp": 1666123437,
      "stdout": "../../../../tmp/tmp2cvchomc.ts(5,16): error TS2304: Cannot find name 'product_of_binomial_coefficients'.\n",
      "stderr": "",
      "exit_code": 2,
      "status": "SyntaxError"
    },
    {
      "program": "//Write a python function to find the sum of the product of consecutive binomial co-efficients.\nfunction sum_Of_product(n: number): number {\n    let sum = 0;\n    for (let i = 0; i <= n; i++) {\n        for (let j = 0; j <= i; j++) {\n            sum += binomial_coefficient(i, j);\n        }\n    }\n    return sum;\n}\n\ndeclare var require: any;\nconst assert = require('node:assert');\n\n\nfunction test() {\n  let candidate = sum_Of_product;\n  assert.deepEqual(candidate(3),15);\n  assert.deepEqual(candidate(4),56);\n  assert.deepEqual(candidate(1),1);\n}\n\ntest();",
      "timestamp": 1665510315,
      "stdout": "../../../../tmp/tmpt0n4rhek.ts(6,20): error TS2304: Cannot find name 'binomial_coefficient'.\n",
      "stderr": "",
      "exit_code": 2,
      "status": "SyntaxError"
    },
    {
      "program": "//Write a python function to find the sum of the product of consecutive binomial co-efficients.\nfunction sum_Of_product(n: number): number {\n    let sum: number = 0;\n    for (let i = 0; i <= n; i++) {\n        for (let j = 0; j <= n; j++) {\n            sum += binomial_coefficient(i, j);\n        }\n    }\n    return sum;\n}\n\nconsole.log(sum_Of_product(4));\n\ndeclare var require: any;\nconst assert = require('node:assert');\n\n\nfunction test() {\n  let candidate = sum_Of_product;\n  assert.deepEqual(candidate(3),15);\n  assert.deepEqual(candidate(4),56);\n  assert.deepEqual(candidate(1),1);\n}\n\ntest();",
      "timestamp": 1666123438,
      "stdout": "../../../../tmp/tmpbm7syywj.ts(6,20): error TS2304: Cannot find name 'binomial_coefficient'.\n",
      "stderr": "",
      "exit_code": 2,
      "status": "SyntaxError"
    },
    {
      "program": "//Write a python function to find the sum of the product of consecutive binomial co-efficients.\nfunction sum_Of_product(n: number): number {\n    let sum: number = 0;\n    for (let i: number = 0; i <= n; i++) {\n        for (let j: number = 0; j <= i; j++) {\n            sum = sum + binomial_coefficient(i, j);\n        }\n    }\n    return sum;\n}\n\ndeclare var require: any;\nconst assert = require('node:assert');\n\n\nfunction test() {\n  let candidate = sum_Of_product;\n  assert.deepEqual(candidate(3),15);\n  assert.deepEqual(candidate(4),56);\n  assert.deepEqual(candidate(1),1);\n}\n\ntest();",
      "timestamp": 1666123438,
      "stdout": "../../../../tmp/tmphttcx14p.ts(6,25): error TS2304: Cannot find name 'binomial_coefficient'.\n",
      "stderr": "",
      "exit_code": 2,
      "status": "SyntaxError"
    },
    {
      "program": "//Write a python function to find the sum of the product of consecutive binomial co-efficients.\nfunction sum_Of_product(n: number): number {\n    let sum: number = 0;\n    for (let i: number = 0; i <= n; i++) {\n        for (let j: number = 0; j <= n; j++) {\n            sum += binomial_coefficient(i, j);\n        }\n    }\n    return sum;\n}\n\ndeclare var require: any;\nconst assert = require('node:assert');\n\n\nfunction test() {\n  let candidate = sum_Of_product;\n  assert.deepEqual(candidate(3),15);\n  assert.deepEqual(candidate(4),56);\n  assert.deepEqual(candidate(1),1);\n}\n\ntest();",
      "timestamp": 1666123432,
      "stdout": "../../../../tmp/tmpzd3pa95m.ts(6,20): error TS2304: Cannot find name 'binomial_coefficient'.\n",
      "stderr": "",
      "exit_code": 2,
      "status": "SyntaxError"
    },
    {
      "program": "//Write a python function to find the sum of the product of consecutive binomial co-efficients.\nfunction sum_Of_product(n: number): number {\n    let sum: number = 0;\n    for (let i = 1; i <= n; i++) {\n        for (let j = 1; j <= i; j++) {\n            sum += binomial_coefficient(i, j);\n        }\n    }\n    return sum;\n}\n\nconsole.log(sum_Of_product(4));\ndeclare var require: any;\nconst assert = require('node:assert');\n\n\nfunction test() {\n  let candidate = sum_Of_product;\n  assert.deepEqual(candidate(3),15);\n  assert.deepEqual(candidate(4),56);\n  assert.deepEqual(candidate(1),1);\n}\n\ntest();",
      "timestamp": 1666123438,
      "stdout": "../../../../tmp/tmpqlcyg4se.ts(6,20): error TS2304: Cannot find name 'binomial_coefficient'.\n",
      "stderr": "",
      "exit_code": 2,
      "status": "SyntaxError"
    },
    {
      "program": "//Write a python function to find the sum of the product of consecutive binomial co-efficients.\nfunction sum_Of_product(n: number): number {\n    let sum: number = 0;\n    for (let i = 0; i <= n; i++) {\n        for (let j = 0; j <= i; j++) {\n            sum += binomial_coefficient(i, j);\n        }\n    }\n    return sum;\n}\n\ndeclare var require: any;\nconst assert = require('node:assert');\n\n\nfunction test() {\n  let candidate = sum_Of_product;\n  assert.deepEqual(candidate(3),15);\n  assert.deepEqual(candidate(4),56);\n  assert.deepEqual(candidate(1),1);\n}\n\ntest();",
      "timestamp": 1665510315,
      "stdout": "../../../../tmp/tmp2xa149r4.ts(6,20): error TS2304: Cannot find name 'binomial_coefficient'.\n",
      "stderr": "",
      "exit_code": 2,
      "status": "SyntaxError"
    },
    {
      "program": "//Write a python function to find the sum of the product of consecutive binomial co-efficients.\nfunction sum_Of_product(n: number): number {\n    let sum: number = 0;\n    for (let i: number = 1; i <= n; i++) {\n        for (let j: number = 1; j <= i; j++) {\n            sum += binomial_coefficient(i, j);\n        }\n    }\n    return sum;\n}\n\ndeclare var require: any;\nconst assert = require('node:assert');\n\n\nfunction test() {\n  let candidate = sum_Of_product;\n  assert.deepEqual(candidate(3),15);\n  assert.deepEqual(candidate(4),56);\n  assert.deepEqual(candidate(1),1);\n}\n\ntest();",
      "timestamp": 1666123430,
      "stdout": "../../../../tmp/tmpfbi5d35l.ts(6,20): error TS2304: Cannot find name 'binomial_coefficient'.\n",
      "stderr": "",
      "exit_code": 2,
      "status": "SyntaxError"
    },
    {
      "program": "//Write a python function to find the sum of the product of consecutive binomial co-efficients.\nfunction sum_Of_product(n: number): number {\n    let sum: number = 0;\n    for (let i: number = 0; i <= n; i++) {\n        sum = sum + (factorial(n) / (factorial(i) * factorial(n - i)));\n    }\n    return sum;\n}\n\ndeclare var require: any;\nconst assert = require('node:assert');\n\n\nfunction test() {\n  let candidate = sum_Of_product;\n  assert.deepEqual(candidate(3),15);\n  assert.deepEqual(candidate(4),56);\n  assert.deepEqual(candidate(1),1);\n}\n\ntest();",
      "timestamp": 1666123438,
      "stdout": "../../../../tmp/tmpzgdrf785.ts(5,22): error TS2304: Cannot find name 'factorial'.\n../../../../tmp/tmpzgdrf785.ts(5,38): error TS2304: Cannot find name 'factorial'.\n../../../../tmp/tmpzgdrf785.ts(5,53): error TS2304: Cannot find name 'factorial'.\n",
      "stderr": "",
      "exit_code": 2,
      "status": "SyntaxError"
    },
    {
      "program": "//Write a python function to find the sum of the product of consecutive binomial co-efficients.\nfunction sum_Of_product(n: number): number {\n    let sum = 0;\n    for (let i = 0; i <= n; i++) {\n        for (let j = 0; j <= i; j++) {\n            sum += binomial_coefficient(i, j);\n        }\n    }\n    return sum;\n}\nconsole.log(sum_Of_product(5));\n\ndeclare var require: any;\nconst assert = require('node:assert');\n\n\nfunction test() {\n  let candidate = sum_Of_product;\n  assert.deepEqual(candidate(3),15);\n  assert.deepEqual(candidate(4),56);\n  assert.deepEqual(candidate(1),1);\n}\n\ntest();",
      "timestamp": 1666123438,
      "stdout": "../../../../tmp/tmpm715nf1b.ts(6,20): error TS2304: Cannot find name 'binomial_coefficient'.\n",
      "stderr": "",
      "exit_code": 2,
      "status": "SyntaxError"
    },
    {
      "program": "//Write a python function to find the sum of the product of consecutive binomial co-efficients.\nfunction sum_Of_product(n: number): number {\n    let sum: number = 0;\n    for (let i = 0; i <= n; i++) {\n        for (let j = 0; j <= n; j++) {\n            sum += binomial_coefficient(i, j);\n        }\n    }\n    return sum;\n}\n\ndeclare var require: any;\nconst assert = require('node:assert');\n\n\nfunction test() {\n  let candidate = sum_Of_product;\n  assert.deepEqual(candidate(3),15);\n  assert.deepEqual(candidate(4),56);\n  assert.deepEqual(candidate(1),1);\n}\n\ntest();",
      "timestamp": 1666123435,
      "stdout": "../../../../tmp/tmpi9o1trgo.ts(6,20): error TS2304: Cannot find name 'binomial_coefficient'.\n",
      "stderr": "",
      "exit_code": 2,
      "status": "SyntaxError"
    },
    {
      "program": "//Write a python function to find the sum of the product of consecutive binomial co-efficients.\nfunction sum_Of_product(n: number): number {\n    let sum: number = 1;\n    for (let i: number = 1; i <= n; i++) {\n        sum = sum * (n - i + 1) / i;\n    }\n    return sum;\n}\nconsole.log(sum_Of_product(5));\n\ndeclare var require: any;\nconst assert = require('node:assert');\n\n\nfunction test() {\n  let candidate = sum_Of_product;\n  assert.deepEqual(candidate(3),15);\n  assert.deepEqual(candidate(4),56);\n  assert.deepEqual(candidate(1),1);\n}\n\ntest();",
      "timestamp": 1666123438,
      "stdout": "1\n",
      "stderr": "node:assert:124\n  throw new AssertionError(obj);\n  ^\n\nAssertionError [ERR_ASSERTION]: Expected values to be loosely deep-equal:\n\n1\n\nshould loosely deep-equal\n\n15\n    at test (/tmp/tmp2qnr9x8t.js:13:12)\n    at Object.<anonymous> (/tmp/tmp2qnr9x8t.js:17:1)\n    at Module._compile (node:internal/modules/cjs/loader:1120:14)\n    at Module._extensions..js (node:internal/modules/cjs/loader:1174:10)\n    at Module.load (node:internal/modules/cjs/loader:998:32)\n    at Module._load (node:internal/modules/cjs/loader:839:12)\n    at Function.executeUserEntryPoint [as runMain] (node:internal/modules/run_main:81:12)\n    at node:internal/main/run_main_module:17:47 {\n  generatedMessage: true,\n  code: 'ERR_ASSERTION',\n  actual: 1,\n  expected: 15,\n  operator: 'deepEqual'\n}\n\nNode.js v18.7.0\n",
      "exit_code": 1,
      "status": "AssertionError"
    },
    {
      "program": "//Write a python function to find the sum of the product of consecutive binomial co-efficients.\nfunction sum_Of_product(n: number): number {\n    let sum: number = 0;\n    for (let i = 0; i < n; i++) {\n        sum += factorial(n) / (factorial(i) * factorial(n - i));\n    }\n    return sum;\n}\n\ndeclare var require: any;\nconst assert = require('node:assert');\n\n\nfunction test() {\n  let candidate = sum_Of_product;\n  assert.deepEqual(candidate(3),15);\n  assert.deepEqual(candidate(4),56);\n  assert.deepEqual(candidate(1),1);\n}\n\ntest();",
      "timestamp": 1666123430,
      "stdout": "../../../../tmp/tmprvovrmi2.ts(5,16): error TS2304: Cannot find name 'factorial'.\n../../../../tmp/tmprvovrmi2.ts(5,32): error TS2304: Cannot find name 'factorial'.\n../../../../tmp/tmprvovrmi2.ts(5,47): error TS2304: Cannot find name 'factorial'.\n",
      "stderr": "",
      "exit_code": 2,
      "status": "SyntaxError"
    },
    {
      "program": "//Write a python function to find the sum of the product of consecutive binomial co-efficients.\nfunction sum_Of_product(n: number): number {\n    let sum: number = 0;\n    for (let i = 1; i <= n; i++) {\n        for (let j = 1; j <= n; j++) {\n            sum += (factorial(i) / (factorial(i - j) * factorial(j)));\n        }\n    }\n    return sum;\n}\nconsole.log(sum_Of_product(5));\n\ndeclare var require: any;\nconst assert = require('node:assert');\n\n\nfunction test() {\n  let candidate = sum_Of_product;\n  assert.deepEqual(candidate(3),15);\n  assert.deepEqual(candidate(4),56);\n  assert.deepEqual(candidate(1),1);\n}\n\ntest();",
      "timestamp": 1666123438,
      "stdout": "../../../../tmp/tmp3ci7ya_y.ts(6,21): error TS2304: Cannot find name 'factorial'.\n../../../../tmp/tmp3ci7ya_y.ts(6,37): error TS2304: Cannot find name 'factorial'.\n../../../../tmp/tmp3ci7ya_y.ts(6,56): error TS2304: Cannot find name 'factorial'.\n",
      "stderr": "",
      "exit_code": 2,
      "status": "SyntaxError"
    },
    {
      "program": "//Write a python function to find the sum of the product of consecutive binomial co-efficients.\nfunction sum_Of_product(n: number): number {\n    let sum = 0;\n    for (let i = 0; i <= n; i++) {\n        for (let j = 0; j <= i; j++) {\n            sum += binomial_coefficient(i, j);\n        }\n    }\n    return sum;\n}\n\ndeclare var require: any;\nconst assert = require('node:assert');\n\n\nfunction test() {\n  let candidate = sum_Of_product;\n  assert.deepEqual(candidate(3),15);\n  assert.deepEqual(candidate(4),56);\n  assert.deepEqual(candidate(1),1);\n}\n\ntest();",
      "timestamp": 1665510315,
      "stdout": "../../../../tmp/tmpt0n4rhek.ts(6,20): error TS2304: Cannot find name 'binomial_coefficient'.\n",
      "stderr": "",
      "exit_code": 2,
      "status": "SyntaxError"
    },
    {
      "program": "//Write a python function to find the sum of the product of consecutive binomial co-efficients.\nfunction sum_Of_product(n: number): number {\n    let sum: number = 0;\n    for (let i: number = 0; i <= n; i++) {\n        for (let j: number = 0; j <= i; j++) {\n            sum += binomial_coefficient(i, j);\n        }\n    }\n    return sum;\n}\n\ndeclare var require: any;\nconst assert = require('node:assert');\n\n\nfunction test() {\n  let candidate = sum_Of_product;\n  assert.deepEqual(candidate(3),15);\n  assert.deepEqual(candidate(4),56);\n  assert.deepEqual(candidate(1),1);\n}\n\ntest();",
      "timestamp": 1665510315,
      "stdout": "../../../../tmp/tmpixqhu6vu.ts(6,20): error TS2304: Cannot find name 'binomial_coefficient'.\n",
      "stderr": "",
      "exit_code": 2,
      "status": "SyntaxError"
    },
    {
      "program": "//Write a python function to find the sum of the product of consecutive binomial co-efficients.\nfunction sum_Of_product(n: number): number {\n    let sum: number = 0;\n    for (let i = 1; i <= n; i++) {\n        sum += factorial(n) / (factorial(i) * factorial(n - i));\n    }\n    return sum;\n}\n\ndeclare var require: any;\nconst assert = require('node:assert');\n\n\nfunction test() {\n  let candidate = sum_Of_product;\n  assert.deepEqual(candidate(3),15);\n  assert.deepEqual(candidate(4),56);\n  assert.deepEqual(candidate(1),1);\n}\n\ntest();",
      "timestamp": 1666123430,
      "stdout": "../../../../tmp/tmpocbng_n6.ts(5,16): error TS2304: Cannot find name 'factorial'.\n../../../../tmp/tmpocbng_n6.ts(5,32): error TS2304: Cannot find name 'factorial'.\n../../../../tmp/tmpocbng_n6.ts(5,47): error TS2304: Cannot find name 'factorial'.\n",
      "stderr": "",
      "exit_code": 2,
      "status": "SyntaxError"
    },
    {
      "program": "//Write a python function to find the sum of the product of consecutive binomial co-efficients.\nfunction sum_Of_product(n: number): number {\n    let sum: number = 1;\n    for (let i = 1; i <= n; i++) {\n        sum = sum * (factorial(n) / (factorial(i) * factorial(n - i)));\n    }\n    return sum;\n}\nconsole.log(sum_Of_product(4));\n\ndeclare var require: any;\nconst assert = require('node:assert');\n\n\nfunction test() {\n  let candidate = sum_Of_product;\n  assert.deepEqual(candidate(3),15);\n  assert.deepEqual(candidate(4),56);\n  assert.deepEqual(candidate(1),1);\n}\n\ntest();",
      "timestamp": 1666123438,
      "stdout": "../../../../tmp/tmpzk82l6nz.ts(5,22): error TS2304: Cannot find name 'factorial'.\n../../../../tmp/tmpzk82l6nz.ts(5,38): error TS2304: Cannot find name 'factorial'.\n../../../../tmp/tmpzk82l6nz.ts(5,53): error TS2304: Cannot find name 'factorial'.\n",
      "stderr": "",
      "exit_code": 2,
      "status": "SyntaxError"
    },
    {
      "program": "//Write a python function to find the sum of the product of consecutive binomial co-efficients.\nfunction sum_Of_product(n: number): number {\n    let sum: number = 0;\n    for (let i = 1; i <= n; i++) {\n        sum += factorial(n) / (factorial(i) * factorial(n - i));\n    }\n    return sum;\n}\n\ndeclare var require: any;\nconst assert = require('node:assert');\n\n\nfunction test() {\n  let candidate = sum_Of_product;\n  assert.deepEqual(candidate(3),15);\n  assert.deepEqual(candidate(4),56);\n  assert.deepEqual(candidate(1),1);\n}\n\ntest();",
      "timestamp": 1666123430,
      "stdout": "../../../../tmp/tmpocbng_n6.ts(5,16): error TS2304: Cannot find name 'factorial'.\n../../../../tmp/tmpocbng_n6.ts(5,32): error TS2304: Cannot find name 'factorial'.\n../../../../tmp/tmpocbng_n6.ts(5,47): error TS2304: Cannot find name 'factorial'.\n",
      "stderr": "",
      "exit_code": 2,
      "status": "SyntaxError"
    },
    {
      "program": "//Write a python function to find the sum of the product of consecutive binomial co-efficients.\nfunction sum_Of_product(n: number): number {\n    let sum: number = 0;\n    for (let i = 1; i <= n; i++) {\n        sum += (factorial(n) / (factorial(i) * factorial(n - i)));\n    }\n    return sum;\n}\nconsole.log(sum_Of_product(5));\n\ndeclare var require: any;\nconst assert = require('node:assert');\n\n\nfunction test() {\n  let candidate = sum_Of_product;\n  assert.deepEqual(candidate(3),15);\n  assert.deepEqual(candidate(4),56);\n  assert.deepEqual(candidate(1),1);\n}\n\ntest();",
      "timestamp": 1666123430,
      "stdout": "../../../../tmp/tmpssk7eljr.ts(5,17): error TS2304: Cannot find name 'factorial'.\n../../../../tmp/tmpssk7eljr.ts(5,33): error TS2304: Cannot find name 'factorial'.\n../../../../tmp/tmpssk7eljr.ts(5,48): error TS2304: Cannot find name 'factorial'.\n",
      "stderr": "",
      "exit_code": 2,
      "status": "SyntaxError"
    },
    {
      "program": "//Write a python function to find the sum of the product of consecutive binomial co-efficients.\nfunction sum_Of_product(n: number): number {\n    let sum: number = 0;\n    for (let i = 0; i <= n; i++) {\n        for (let j = 0; j <= i; j++) {\n            sum += (factorial(i) / (factorial(j) * factorial(i - j)));\n        }\n    }\n    return sum;\n}\nconsole.log(sum_Of_product(5));\n\ndeclare var require: any;\nconst assert = require('node:assert');\n\n\nfunction test() {\n  let candidate = sum_Of_product;\n  assert.deepEqual(candidate(3),15);\n  assert.deepEqual(candidate(4),56);\n  assert.deepEqual(candidate(1),1);\n}\n\ntest();",
      "timestamp": 1666123438,
      "stdout": "../../../../tmp/tmp9kbtktff.ts(6,21): error TS2304: Cannot find name 'factorial'.\n../../../../tmp/tmp9kbtktff.ts(6,37): error TS2304: Cannot find name 'factorial'.\n../../../../tmp/tmp9kbtktff.ts(6,52): error TS2304: Cannot find name 'factorial'.\n",
      "stderr": "",
      "exit_code": 2,
      "status": "SyntaxError"
    },
    {
      "program": "//Write a python function to find the sum of the product of consecutive binomial co-efficients.\nfunction sum_Of_product(n: number): number {\n    let sum: number = 0;\n    for (let i = 0; i <= n; i++) {\n        for (let j = 0; j <= n; j++) {\n            sum += binomial_coefficient(i, j);\n        }\n    }\n    return sum;\n}\n\ndeclare var require: any;\nconst assert = require('node:assert');\n\n\nfunction test() {\n  let candidate = sum_Of_product;\n  assert.deepEqual(candidate(3),15);\n  assert.deepEqual(candidate(4),56);\n  assert.deepEqual(candidate(1),1);\n}\n\ntest();",
      "timestamp": 1666123435,
      "stdout": "../../../../tmp/tmpi9o1trgo.ts(6,20): error TS2304: Cannot find name 'binomial_coefficient'.\n",
      "stderr": "",
      "exit_code": 2,
      "status": "SyntaxError"
    },
    {
      "program": "//Write a python function to find the sum of the product of consecutive binomial co-efficients.\nfunction sum_Of_product(n: number): number {\n    let sum: number = 0;\n    for (let i = 1; i <= n; i++) {\n        sum += factorial(n) / (factorial(i) * factorial(n - i));\n    }\n    return sum;\n}\n\ndeclare var require: any;\nconst assert = require('node:assert');\n\n\nfunction test() {\n  let candidate = sum_Of_product;\n  assert.deepEqual(candidate(3),15);\n  assert.deepEqual(candidate(4),56);\n  assert.deepEqual(candidate(1),1);\n}\n\ntest();",
      "timestamp": 1666123430,
      "stdout": "../../../../tmp/tmpocbng_n6.ts(5,16): error TS2304: Cannot find name 'factorial'.\n../../../../tmp/tmpocbng_n6.ts(5,32): error TS2304: Cannot find name 'factorial'.\n../../../../tmp/tmpocbng_n6.ts(5,47): error TS2304: Cannot find name 'factorial'.\n",
      "stderr": "",
      "exit_code": 2,
      "status": "SyntaxError"
    },
    {
      "program": "//Write a python function to find the sum of the product of consecutive binomial co-efficients.\nfunction sum_Of_product(n: number): number {\n    let sum: number = 0;\n    for (let i = 0; i < n; i++) {\n        sum += (factorial(n) / (factorial(i) * factorial(n - i))) * (factorial(n) / (factorial(i + 1) * factorial(n - (i + 1))));\n    }\n    return sum;\n}\nconsole.log(sum_Of_product(5));\n\ndeclare var require: any;\nconst assert = require('node:assert');\n\n\nfunction test() {\n  let candidate = sum_Of_product;\n  assert.deepEqual(candidate(3),15);\n  assert.deepEqual(candidate(4),56);\n  assert.deepEqual(candidate(1),1);\n}\n\ntest();",
      "timestamp": 1666123438,
      "stdout": "../../../../tmp/tmpkujcvjl9.ts(5,17): error TS2304: Cannot find name 'factorial'.\n../../../../tmp/tmpkujcvjl9.ts(5,33): error TS2304: Cannot find name 'factorial'.\n../../../../tmp/tmpkujcvjl9.ts(5,48): error TS2304: Cannot find name 'factorial'.\n../../../../tmp/tmpkujcvjl9.ts(5,70): error TS2304: Cannot find name 'factorial'.\n../../../../tmp/tmpkujcvjl9.ts(5,86): error TS2304: Cannot find name 'factorial'.\n../../../../tmp/tmpkujcvjl9.ts(5,105): error TS2304: Cannot find name 'factorial'.\n",
      "stderr": "",
      "exit_code": 2,
      "status": "SyntaxError"
    },
    {
      "program": "//Write a python function to find the sum of the product of consecutive binomial co-efficients.\nfunction sum_Of_product(n: number): number {\n    let sum: number = 0;\n    for (let i: number = 1; i <= n; i++) {\n        sum = sum + (factorial(n) / (factorial(i) * factorial(n - i)));\n    }\n    return sum;\n}\n\ndeclare var require: any;\nconst assert = require('node:assert');\n\n\nfunction test() {\n  let candidate = sum_Of_product;\n  assert.deepEqual(candidate(3),15);\n  assert.deepEqual(candidate(4),56);\n  assert.deepEqual(candidate(1),1);\n}\n\ntest();",
      "timestamp": 1665510314,
      "stdout": "../../../../tmp/tmp5fvkxrx2.ts(5,22): error TS2304: Cannot find name 'factorial'.\n../../../../tmp/tmp5fvkxrx2.ts(5,38): error TS2304: Cannot find name 'factorial'.\n../../../../tmp/tmp5fvkxrx2.ts(5,53): error TS2304: Cannot find name 'factorial'.\n",
      "stderr": "",
      "exit_code": 2,
      "status": "SyntaxError"
    },
    {
      "program": "//Write a python function to find the sum of the product of consecutive binomial co-efficients.\nfunction sum_Of_product(n: number): number {\n    let sum: number = 0;\n    for (let i: number = 1; i <= n; i++) {\n        for (let j: number = 1; j <= n; j++) {\n            sum += (factorial(i) / (factorial(j) * factorial(i - j)));\n        }\n    }\n    return sum;\n}\n\nconsole.log(sum_Of_product(5));\n\ndeclare var require: any;\nconst assert = require('node:assert');\n\n\nfunction test() {\n  let candidate = sum_Of_product;\n  assert.deepEqual(candidate(3),15);\n  assert.deepEqual(candidate(4),56);\n  assert.deepEqual(candidate(1),1);\n}\n\ntest();",
      "timestamp": 1666123438,
      "stdout": "../../../../tmp/tmpk2j_s0um.ts(6,21): error TS2304: Cannot find name 'factorial'.\n../../../../tmp/tmpk2j_s0um.ts(6,37): error TS2304: Cannot find name 'factorial'.\n../../../../tmp/tmpk2j_s0um.ts(6,52): error TS2304: Cannot find name 'factorial'.\n",
      "stderr": "",
      "exit_code": 2,
      "status": "SyntaxError"
    },
    {
      "program": "//Write a python function to find the sum of the product of consecutive binomial co-efficients.\nfunction sum_Of_product(n: number): number {\n    let sum: number = 0;\n    for (let i: number = 0; i <= n; i++) {\n        sum = sum + (factorial(n) / (factorial(i) * factorial(n - i)));\n    }\n    return sum;\n}\n\ndeclare var require: any;\nconst assert = require('node:assert');\n\n\nfunction test() {\n  let candidate = sum_Of_product;\n  assert.deepEqual(candidate(3),15);\n  assert.deepEqual(candidate(4),56);\n  assert.deepEqual(candidate(1),1);\n}\n\ntest();",
      "timestamp": 1666123438,
      "stdout": "../../../../tmp/tmpzgdrf785.ts(5,22): error TS2304: Cannot find name 'factorial'.\n../../../../tmp/tmpzgdrf785.ts(5,38): error TS2304: Cannot find name 'factorial'.\n../../../../tmp/tmpzgdrf785.ts(5,53): error TS2304: Cannot find name 'factorial'.\n",
      "stderr": "",
      "exit_code": 2,
      "status": "SyntaxError"
    },
    {
      "program": "//Write a python function to find the sum of the product of consecutive binomial co-efficients.\nfunction sum_Of_product(n: number): number {\n    let sum: number = 0;\n    for (let i: number = 0; i <= n; i++) {\n        for (let j: number = 0; j <= i; j++) {\n            sum = sum + (factorial(i) / (factorial(j) * factorial(i - j)));\n        }\n    }\n    return sum;\n}\n\ndeclare var require: any;\nconst assert = require('node:assert');\n\n\nfunction test() {\n  let candidate = sum_Of_product;\n  assert.deepEqual(candidate(3),15);\n  assert.deepEqual(candidate(4),56);\n  assert.deepEqual(candidate(1),1);\n}\n\ntest();",
      "timestamp": 1666123432,
      "stdout": "../../../../tmp/tmpvne0hz9q.ts(6,26): error TS2304: Cannot find name 'factorial'.\n../../../../tmp/tmpvne0hz9q.ts(6,42): error TS2304: Cannot find name 'factorial'.\n../../../../tmp/tmpvne0hz9q.ts(6,57): error TS2304: Cannot find name 'factorial'.\n",
      "stderr": "",
      "exit_code": 2,
      "status": "SyntaxError"
    },
    {
      "program": "//Write a python function to find the sum of the product of consecutive binomial co-efficients.\nfunction sum_Of_product(n: number): number {\n    let sum: number = 0;\n    for (let i = 0; i <= n; i++) {\n        for (let j = 0; j <= n; j++) {\n            sum += binomial_coefficient(i, j);\n        }\n    }\n    return sum;\n}\nconsole.log(sum_Of_product(4));\n\ndeclare var require: any;\nconst assert = require('node:assert');\n\n\nfunction test() {\n  let candidate = sum_Of_product;\n  assert.deepEqual(candidate(3),15);\n  assert.deepEqual(candidate(4),56);\n  assert.deepEqual(candidate(1),1);\n}\n\ntest();",
      "timestamp": 1666123430,
      "stdout": "../../../../tmp/tmpgnwk87ja.ts(6,20): error TS2304: Cannot find name 'binomial_coefficient'.\n",
      "stderr": "",
      "exit_code": 2,
      "status": "SyntaxError"
    },
    {
      "program": "//Write a python function to find the sum of the product of consecutive binomial co-efficients.\nfunction sum_Of_product(n: number): number {\n    let sum: number = 0;\n    for (let i: number = 1; i <= n; i++) {\n        sum = sum + (factorial(n) / (factorial(i) * factorial(n - i)));\n    }\n    return sum;\n}\n\ndeclare var require: any;\nconst assert = require('node:assert');\n\n\nfunction test() {\n  let candidate = sum_Of_product;\n  assert.deepEqual(candidate(3),15);\n  assert.deepEqual(candidate(4),56);\n  assert.deepEqual(candidate(1),1);\n}\n\ntest();",
      "timestamp": 1665510314,
      "stdout": "../../../../tmp/tmp5fvkxrx2.ts(5,22): error TS2304: Cannot find name 'factorial'.\n../../../../tmp/tmp5fvkxrx2.ts(5,38): error TS2304: Cannot find name 'factorial'.\n../../../../tmp/tmp5fvkxrx2.ts(5,53): error TS2304: Cannot find name 'factorial'.\n",
      "stderr": "",
      "exit_code": 2,
      "status": "SyntaxError"
    },
    {
      "program": "//Write a python function to find the sum of the product of consecutive binomial co-efficients.\nfunction sum_Of_product(n: number): number {\n    let sum: number = 0;\n    for (let i = 1; i <= n; i++) {\n        for (let j = 1; j <= i; j++) {\n            sum += binomial_coefficient(i, j);\n        }\n    }\n    return sum;\n}\n\nconsole.log(sum_Of_product(5));\n\ndeclare var require: any;\nconst assert = require('node:assert');\n\n\nfunction test() {\n  let candidate = sum_Of_product;\n  assert.deepEqual(candidate(3),15);\n  assert.deepEqual(candidate(4),56);\n  assert.deepEqual(candidate(1),1);\n}\n\ntest();",
      "timestamp": 1666123438,
      "stdout": "../../../../tmp/tmp929kzmer.ts(6,20): error TS2304: Cannot find name 'binomial_coefficient'.\n",
      "stderr": "",
      "exit_code": 2,
      "status": "SyntaxError"
    },
    {
      "program": "//Write a python function to find the sum of the product of consecutive binomial co-efficients.\nfunction sum_Of_product(n: number): number {\n    let sum: number = 0;\n    for (let i = 0; i <= n; i++) {\n        for (let j = 0; j <= n; j++) {\n            sum += binomial_coefficient(i, j);\n        }\n    }\n    return sum;\n}\nconsole.log(sum_Of_product(5));\n\ndeclare var require: any;\nconst assert = require('node:assert');\n\n\nfunction test() {\n  let candidate = sum_Of_product;\n  assert.deepEqual(candidate(3),15);\n  assert.deepEqual(candidate(4),56);\n  assert.deepEqual(candidate(1),1);\n}\n\ntest();",
      "timestamp": 1665510315,
      "stdout": "../../../../tmp/tmplbp2pflj.ts(6,20): error TS2304: Cannot find name 'binomial_coefficient'.\n",
      "stderr": "",
      "exit_code": 2,
      "status": "SyntaxError"
    },
    {
      "program": "//Write a python function to find the sum of the product of consecutive binomial co-efficients.\nfunction sum_Of_product(n: number): number {\n    let sum = 0;\n    for (let i = 0; i <= n; i++) {\n        for (let j = 0; j <= i; j++) {\n            sum += binomial_coefficient(i, j);\n        }\n    }\n    return sum;\n}\n\nconsole.log(sum_Of_product(5));\ndeclare var require: any;\nconst assert = require('node:assert');\n\n\nfunction test() {\n  let candidate = sum_Of_product;\n  assert.deepEqual(candidate(3),15);\n  assert.deepEqual(candidate(4),56);\n  assert.deepEqual(candidate(1),1);\n}\n\ntest();",
      "timestamp": 1666123438,
      "stdout": "../../../../tmp/tmpu4hi92xb.ts(6,20): error TS2304: Cannot find name 'binomial_coefficient'.\n",
      "stderr": "",
      "exit_code": 2,
      "status": "SyntaxError"
    },
    {
      "program": "//Write a python function to find the sum of the product of consecutive binomial co-efficients.\nfunction sum_Of_product(n: number): number {\n    let sum: number = 0;\n    for (let i: number = 0; i <= n; i++) {\n        for (let j: number = 0; j <= i; j++) {\n            sum = sum + binomial_coefficient(i, j);\n        }\n    }\n    return sum;\n}\nconsole.log(sum_Of_product(3));\n\ndeclare var require: any;\nconst assert = require('node:assert');\n\n\nfunction test() {\n  let candidate = sum_Of_product;\n  assert.deepEqual(candidate(3),15);\n  assert.deepEqual(candidate(4),56);\n  assert.deepEqual(candidate(1),1);\n}\n\ntest();",
      "timestamp": 1666123438,
      "stdout": "../../../../tmp/tmp_1nj3k8d.ts(6,25): error TS2304: Cannot find name 'binomial_coefficient'.\n",
      "stderr": "",
      "exit_code": 2,
      "status": "SyntaxError"
    },
    {
      "program": "//Write a python function to find the sum of the product of consecutive binomial co-efficients.\nfunction sum_Of_product(n: number): number {\n    let sum = 0;\n    for (let i = 1; i <= n; i++) {\n        for (let j = 1; j <= i; j++) {\n            sum += (factorial(i) / (factorial(j) * factorial(i - j)));\n        }\n    }\n    return sum;\n}\n\ndeclare var require: any;\nconst assert = require('node:assert');\n\n\nfunction test() {\n  let candidate = sum_Of_product;\n  assert.deepEqual(candidate(3),15);\n  assert.deepEqual(candidate(4),56);\n  assert.deepEqual(candidate(1),1);\n}\n\ntest();",
      "timestamp": 1665510315,
      "stdout": "../../../../tmp/tmpd1aa59tc.ts(6,21): error TS2304: Cannot find name 'factorial'.\n../../../../tmp/tmpd1aa59tc.ts(6,37): error TS2304: Cannot find name 'factorial'.\n../../../../tmp/tmpd1aa59tc.ts(6,52): error TS2304: Cannot find name 'factorial'.\n",
      "stderr": "",
      "exit_code": 2,
      "status": "SyntaxError"
    },
    {
      "program": "//Write a python function to find the sum of the product of consecutive binomial co-efficients.\nfunction sum_Of_product(n: number): number {\n    let sum: number = 0;\n    for (let i = 0; i <= n; i++) {\n        for (let j = 0; j <= i; j++) {\n            sum += binomial_coefficient(i, j);\n        }\n    }\n    return sum;\n}\nconsole.log(sum_Of_product(5));\n\ndeclare var require: any;\nconst assert = require('node:assert');\n\n\nfunction test() {\n  let candidate = sum_Of_product;\n  assert.deepEqual(candidate(3),15);\n  assert.deepEqual(candidate(4),56);\n  assert.deepEqual(candidate(1),1);\n}\n\ntest();",
      "timestamp": 1666123430,
      "stdout": "../../../../tmp/tmplmt3xeyy.ts(6,20): error TS2304: Cannot find name 'binomial_coefficient'.\n",
      "stderr": "",
      "exit_code": 2,
      "status": "SyntaxError"
    },
    {
      "program": "//Write a python function to find the sum of the product of consecutive binomial co-efficients.\nfunction sum_Of_product(n: number): number {\n    let sum: number = 0;\n    for (let i: number = 0; i <= n; i++) {\n        for (let j: number = 0; j <= i; j++) {\n            sum += binomial_coefficient(i, j);\n        }\n    }\n    return sum;\n}\n\ndeclare var require: any;\nconst assert = require('node:assert');\n\n\nfunction test() {\n  let candidate = sum_Of_product;\n  assert.deepEqual(candidate(3),15);\n  assert.deepEqual(candidate(4),56);\n  assert.deepEqual(candidate(1),1);\n}\n\ntest();",
      "timestamp": 1665510315,
      "stdout": "../../../../tmp/tmpixqhu6vu.ts(6,20): error TS2304: Cannot find name 'binomial_coefficient'.\n",
      "stderr": "",
      "exit_code": 2,
      "status": "SyntaxError"
    },
    {
      "program": "//Write a python function to find the sum of the product of consecutive binomial co-efficients.\nfunction sum_Of_product(n: number): number {\n    let sum: number = 0;\n    for (let i = 1; i <= n; i++) {\n        let product: number = 1;\n        for (let j = 1; j <= i; j++) {\n            product = product * (i - j + 1) / j;\n        }\n        sum = sum + product;\n    }\n    return sum;\n}\nconsole.log(sum_Of_product(4));\n\ndeclare var require: any;\nconst assert = require('node:assert');\n\n\nfunction test() {\n  let candidate = sum_Of_product;\n  assert.deepEqual(candidate(3),15);\n  assert.deepEqual(candidate(4),56);\n  assert.deepEqual(candidate(1),1);\n}\n\ntest();",
      "timestamp": 1666123438,
      "stdout": "4\n",
      "stderr": "node:assert:124\n  throw new AssertionError(obj);\n  ^\n\nAssertionError [ERR_ASSERTION]: Expected values to be loosely deep-equal:\n\n3\n\nshould loosely deep-equal\n\n15\n    at test (/tmp/tmpz9xj_so1.js:17:12)\n    at Object.<anonymous> (/tmp/tmpz9xj_so1.js:21:1)\n    at Module._compile (node:internal/modules/cjs/loader:1120:14)\n    at Module._extensions..js (node:internal/modules/cjs/loader:1174:10)\n    at Module.load (node:internal/modules/cjs/loader:998:32)\n    at Module._load (node:internal/modules/cjs/loader:839:12)\n    at Function.executeUserEntryPoint [as runMain] (node:internal/modules/run_main:81:12)\n    at node:internal/main/run_main_module:17:47 {\n  generatedMessage: true,\n  code: 'ERR_ASSERTION',\n  actual: 3,\n  expected: 15,\n  operator: 'deepEqual'\n}\n\nNode.js v18.7.0\n",
      "exit_code": 1,
      "status": "AssertionError"
    },
    {
      "program": "//Write a python function to find the sum of the product of consecutive binomial co-efficients.\nfunction sum_Of_product(n: number): number {\n    let sum: number = 0;\n    for (let i = 1; i <= n; i++) {\n        sum += factorial(n) / (factorial(i) * factorial(n - i));\n    }\n    return sum;\n}\n\ndeclare var require: any;\nconst assert = require('node:assert');\n\n\nfunction test() {\n  let candidate = sum_Of_product;\n  assert.deepEqual(candidate(3),15);\n  assert.deepEqual(candidate(4),56);\n  assert.deepEqual(candidate(1),1);\n}\n\ntest();",
      "timestamp": 1666123430,
      "stdout": "../../../../tmp/tmpocbng_n6.ts(5,16): error TS2304: Cannot find name 'factorial'.\n../../../../tmp/tmpocbng_n6.ts(5,32): error TS2304: Cannot find name 'factorial'.\n../../../../tmp/tmpocbng_n6.ts(5,47): error TS2304: Cannot find name 'factorial'.\n",
      "stderr": "",
      "exit_code": 2,
      "status": "SyntaxError"
    },
    {
      "program": "//Write a python function to find the sum of the product of consecutive binomial co-efficients.\nfunction sum_Of_product(n: number): number {\n    let sum: number = 0;\n    for (let i = 0; i <= n; i++) {\n        for (let j = 0; j <= i; j++) {\n            sum += binomialCoeff(i, j);\n        }\n    }\n    return sum;\n}\n\ndeclare var require: any;\nconst assert = require('node:assert');\n\n\nfunction test() {\n  let candidate = sum_Of_product;\n  assert.deepEqual(candidate(3),15);\n  assert.deepEqual(candidate(4),56);\n  assert.deepEqual(candidate(1),1);\n}\n\ntest();",
      "timestamp": 1666123438,
      "stdout": "../../../../tmp/tmpjd00s7up.ts(6,20): error TS2304: Cannot find name 'binomialCoeff'.\n",
      "stderr": "",
      "exit_code": 2,
      "status": "SyntaxError"
    },
    {
      "program": "//Write a python function to find the sum of the product of consecutive binomial co-efficients.\nfunction sum_Of_product(n: number): number {\n    let sum: number = 0;\n    for (let i: number = 1; i <= n; i++) {\n        for (let j: number = 1; j <= i; j++) {\n            sum += (factorial(i) / (factorial(j) * factorial(i - j)));\n        }\n    }\n    return sum;\n}\n\ndeclare var require: any;\nconst assert = require('node:assert');\n\n\nfunction test() {\n  let candidate = sum_Of_product;\n  assert.deepEqual(candidate(3),15);\n  assert.deepEqual(candidate(4),56);\n  assert.deepEqual(candidate(1),1);\n}\n\ntest();",
      "timestamp": 1666123438,
      "stdout": "../../../../tmp/tmp1rdcvg0_.ts(6,21): error TS2304: Cannot find name 'factorial'.\n../../../../tmp/tmp1rdcvg0_.ts(6,37): error TS2304: Cannot find name 'factorial'.\n../../../../tmp/tmp1rdcvg0_.ts(6,52): error TS2304: Cannot find name 'factorial'.\n",
      "stderr": "",
      "exit_code": 2,
      "status": "SyntaxError"
    },
    {
      "program": "//Write a python function to find the sum of the product of consecutive binomial co-efficients.\nfunction sum_Of_product(n: number): number {\n    let sum: number = 0;\n    for (let i: number = 0; i <= n; i++) {\n        for (let j: number = 0; j <= n; j++) {\n            sum += binomial_coefficient(i, j);\n        }\n    }\n    return sum;\n}\nconsole.log(sum_Of_product(4));\n\ndeclare var require: any;\nconst assert = require('node:assert');\n\n\nfunction test() {\n  let candidate = sum_Of_product;\n  assert.deepEqual(candidate(3),15);\n  assert.deepEqual(candidate(4),56);\n  assert.deepEqual(candidate(1),1);\n}\n\ntest();",
      "timestamp": 1666123438,
      "stdout": "../../../../tmp/tmpq99gw9gv.ts(6,20): error TS2304: Cannot find name 'binomial_coefficient'.\n",
      "stderr": "",
      "exit_code": 2,
      "status": "SyntaxError"
    },
    {
      "program": "//Write a python function to find the sum of the product of consecutive binomial co-efficients.\nfunction sum_Of_product(n: number): number {\n    let sum: number = 0;\n    for (let i = 0; i <= n; i++) {\n        for (let j = 0; j <= n; j++) {\n            sum += binomial_coefficient(i, j);\n        }\n    }\n    return sum;\n}\nconsole.log(sum_Of_product(5));\n\ndeclare var require: any;\nconst assert = require('node:assert');\n\n\nfunction test() {\n  let candidate = sum_Of_product;\n  assert.deepEqual(candidate(3),15);\n  assert.deepEqual(candidate(4),56);\n  assert.deepEqual(candidate(1),1);\n}\n\ntest();",
      "timestamp": 1665510315,
      "stdout": "../../../../tmp/tmplbp2pflj.ts(6,20): error TS2304: Cannot find name 'binomial_coefficient'.\n",
      "stderr": "",
      "exit_code": 2,
      "status": "SyntaxError"
    },
    {
      "program": "//Write a python function to find the sum of the product of consecutive binomial co-efficients.\nfunction sum_Of_product(n: number): number {\n    let sum: number = 0;\n    for (let i: number = 1; i <= n; i++) {\n        let product: number = 1;\n        for (let j: number = 1; j <= i; j++) {\n            product = product * (i - j + 1) / j;\n        }\n        sum = sum + product;\n    }\n    return sum;\n}\nconsole.log(sum_Of_product(5));\n\ndeclare var require: any;\nconst assert = require('node:assert');\n\n\nfunction test() {\n  let candidate = sum_Of_product;\n  assert.deepEqual(candidate(3),15);\n  assert.deepEqual(candidate(4),56);\n  assert.deepEqual(candidate(1),1);\n}\n\ntest();",
      "timestamp": 1666123433,
      "stdout": "5\n",
      "stderr": "node:assert:124\n  throw new AssertionError(obj);\n  ^\n\nAssertionError [ERR_ASSERTION]: Expected values to be loosely deep-equal:\n\n3\n\nshould loosely deep-equal\n\n15\n    at test (/tmp/tmp3om10bca.js:17:12)\n    at Object.<anonymous> (/tmp/tmp3om10bca.js:21:1)\n    at Module._compile (node:internal/modules/cjs/loader:1120:14)\n    at Module._extensions..js (node:internal/modules/cjs/loader:1174:10)\n    at Module.load (node:internal/modules/cjs/loader:998:32)\n    at Module._load (node:internal/modules/cjs/loader:839:12)\n    at Function.executeUserEntryPoint [as runMain] (node:internal/modules/run_main:81:12)\n    at node:internal/main/run_main_module:17:47 {\n  generatedMessage: true,\n  code: 'ERR_ASSERTION',\n  actual: 3,\n  expected: 15,\n  operator: 'deepEqual'\n}\n\nNode.js v18.7.0\n",
      "exit_code": 1,
      "status": "AssertionError"
    },
    {
      "program": "//Write a python function to find the sum of the product of consecutive binomial co-efficients.\nfunction sum_Of_product(n: number): number {\n    let sum: number = 0;\n    for (let i = 0; i <= n; i++) {\n        for (let j = 0; j <= i; j++) {\n            sum += binomial_coefficient(i, j);\n        }\n    }\n    return sum;\n}\n\ndeclare var require: any;\nconst assert = require('node:assert');\n\n\nfunction test() {\n  let candidate = sum_Of_product;\n  assert.deepEqual(candidate(3),15);\n  assert.deepEqual(candidate(4),56);\n  assert.deepEqual(candidate(1),1);\n}\n\ntest();",
      "timestamp": 1665510315,
      "stdout": "../../../../tmp/tmp2xa149r4.ts(6,20): error TS2304: Cannot find name 'binomial_coefficient'.\n",
      "stderr": "",
      "exit_code": 2,
      "status": "SyntaxError"
    },
    {
      "program": "//Write a python function to find the sum of the product of consecutive binomial co-efficients.\nfunction sum_Of_product(n: number): number {\n    var sum: number = 0;\n    for (var i = 0; i <= n; i++) {\n        for (var j = 0; j <= n; j++) {\n            sum += (factorial(i) / (factorial(j) * factorial(i - j)))\n        }\n    }\n    return sum;\n}\n\ndeclare var require: any;\nconst assert = require('node:assert');\n\n\nfunction test() {\n  let candidate = sum_Of_product;\n  assert.deepEqual(candidate(3),15);\n  assert.deepEqual(candidate(4),56);\n  assert.deepEqual(candidate(1),1);\n}\n\ntest();",
      "timestamp": 1666123438,
      "stdout": "../../../../tmp/tmp9t42yvvk.ts(6,21): error TS2304: Cannot find name 'factorial'.\n../../../../tmp/tmp9t42yvvk.ts(6,37): error TS2304: Cannot find name 'factorial'.\n../../../../tmp/tmp9t42yvvk.ts(6,52): error TS2304: Cannot find name 'factorial'.\n",
      "stderr": "",
      "exit_code": 2,
      "status": "SyntaxError"
    },
    {
      "program": "//Write a python function to find the sum of the product of consecutive binomial co-efficients.\nfunction sum_Of_product(n: number): number {\n    let sum: number = 0;\n    for (let i: number = 0; i <= n; i++) {\n        for (let j: number = 0; j <= i; j++) {\n            sum = sum + (factorial(i) / (factorial(j) * factorial(i - j)));\n        }\n    }\n    return sum;\n}\nconsole.log(sum_Of_product(5));\n\ndeclare var require: any;\nconst assert = require('node:assert');\n\n\nfunction test() {\n  let candidate = sum_Of_product;\n  assert.deepEqual(candidate(3),15);\n  assert.deepEqual(candidate(4),56);\n  assert.deepEqual(candidate(1),1);\n}\n\ntest();",
      "timestamp": 1666123430,
      "stdout": "../../../../tmp/tmpgvjfwrl2.ts(6,26): error TS2304: Cannot find name 'factorial'.\n../../../../tmp/tmpgvjfwrl2.ts(6,42): error TS2304: Cannot find name 'factorial'.\n../../../../tmp/tmpgvjfwrl2.ts(6,57): error TS2304: Cannot find name 'factorial'.\n",
      "stderr": "",
      "exit_code": 2,
      "status": "SyntaxError"
    },
    {
      "program": "//Write a python function to find the sum of the product of consecutive binomial co-efficients.\nfunction sum_Of_product(n: number): number {\n    let sum: number = 0;\n    for (let i: number = 0; i <= n; i++) {\n        for (let j: number = 0; j <= i; j++) {\n            sum = sum + binomial_coefficient(i, j);\n        }\n    }\n    return sum;\n}\n\ndeclare var require: any;\nconst assert = require('node:assert');\n\n\nfunction test() {\n  let candidate = sum_Of_product;\n  assert.deepEqual(candidate(3),15);\n  assert.deepEqual(candidate(4),56);\n  assert.deepEqual(candidate(1),1);\n}\n\ntest();",
      "timestamp": 1666123438,
      "stdout": "../../../../tmp/tmphttcx14p.ts(6,25): error TS2304: Cannot find name 'binomial_coefficient'.\n",
      "stderr": "",
      "exit_code": 2,
      "status": "SyntaxError"
    },
    {
      "program": "//Write a python function to find the sum of the product of consecutive binomial co-efficients.\nfunction sum_Of_product(n: number): number {\n    let sum: number = 0;\n    for (let i: number = 1; i <= n; i++) {\n        for (let j: number = 1; j <= i; j++) {\n            sum = sum + (factorial(i) / (factorial(j) * factorial(i - j)));\n        }\n    }\n    return sum;\n}\n\ndeclare var require: any;\nconst assert = require('node:assert');\n\n\nfunction test() {\n  let candidate = sum_Of_product;\n  assert.deepEqual(candidate(3),15);\n  assert.deepEqual(candidate(4),56);\n  assert.deepEqual(candidate(1),1);\n}\n\ntest();",
      "timestamp": 1666123430,
      "stdout": "../../../../tmp/tmp10zf5scb.ts(6,26): error TS2304: Cannot find name 'factorial'.\n../../../../tmp/tmp10zf5scb.ts(6,42): error TS2304: Cannot find name 'factorial'.\n../../../../tmp/tmp10zf5scb.ts(6,57): error TS2304: Cannot find name 'factorial'.\n",
      "stderr": "",
      "exit_code": 2,
      "status": "SyntaxError"
    },
    {
      "program": "//Write a python function to find the sum of the product of consecutive binomial co-efficients.\nfunction sum_Of_product(n: number): number {\n    let sum: number = 0;\n    for (let i: number = 0; i <= n; i++) {\n        for (let j: number = 0; j <= i; j++) {\n            sum += binomial_coefficient(i, j);\n        }\n    }\n    return sum;\n}\n\ndeclare var require: any;\nconst assert = require('node:assert');\n\n\nfunction test() {\n  let candidate = sum_Of_product;\n  assert.deepEqual(candidate(3),15);\n  assert.deepEqual(candidate(4),56);\n  assert.deepEqual(candidate(1),1);\n}\n\ntest();",
      "timestamp": 1665510315,
      "stdout": "../../../../tmp/tmpixqhu6vu.ts(6,20): error TS2304: Cannot find name 'binomial_coefficient'.\n",
      "stderr": "",
      "exit_code": 2,
      "status": "SyntaxError"
    },
    {
      "program": "//Write a python function to find the sum of the product of consecutive binomial co-efficients.\nfunction sum_Of_product(n: number): number {\n    let sum: number = 0;\n    for (let i = 1; i <= n; i++) {\n        let product: number = 1;\n        for (let j = 1; j <= i; j++) {\n            product = product * (i - j + 1) / j;\n        }\n        sum = sum + product;\n    }\n    return sum;\n}\n\ndeclare var require: any;\nconst assert = require('node:assert');\n\n\nfunction test() {\n  let candidate = sum_Of_product;\n  assert.deepEqual(candidate(3),15);\n  assert.deepEqual(candidate(4),56);\n  assert.deepEqual(candidate(1),1);\n}\n\ntest();",
      "timestamp": 1666123439,
      "stdout": "",
      "stderr": "node:assert:124\n  throw new AssertionError(obj);\n  ^\n\nAssertionError [ERR_ASSERTION]: Expected values to be loosely deep-equal:\n\n3\n\nshould loosely deep-equal\n\n15\n    at test (/tmp/tmpd4h7hzn_.js:16:12)\n    at Object.<anonymous> (/tmp/tmpd4h7hzn_.js:20:1)\n    at Module._compile (node:internal/modules/cjs/loader:1120:14)\n    at Module._extensions..js (node:internal/modules/cjs/loader:1174:10)\n    at Module.load (node:internal/modules/cjs/loader:998:32)\n    at Module._load (node:internal/modules/cjs/loader:839:12)\n    at Function.executeUserEntryPoint [as runMain] (node:internal/modules/run_main:81:12)\n    at node:internal/main/run_main_module:17:47 {\n  generatedMessage: true,\n  code: 'ERR_ASSERTION',\n  actual: 3,\n  expected: 15,\n  operator: 'deepEqual'\n}\n\nNode.js v18.7.0\n",
      "exit_code": 1,
      "status": "AssertionError"
    },
    {
      "program": "//Write a python function to find the sum of the product of consecutive binomial co-efficients.\nfunction sum_Of_product(n: number): number {\n    let sum: number = 0;\n    for (let i: number = 0; i < n; i++) {\n        sum += factorial(n) / (factorial(i) * factorial(n - i));\n    }\n    return sum;\n}\n\ndeclare var require: any;\nconst assert = require('node:assert');\n\n\nfunction test() {\n  let candidate = sum_Of_product;\n  assert.deepEqual(candidate(3),15);\n  assert.deepEqual(candidate(4),56);\n  assert.deepEqual(candidate(1),1);\n}\n\ntest();",
      "timestamp": 1666123430,
      "stdout": "../../../../tmp/tmp1r7a3203.ts(5,16): error TS2304: Cannot find name 'factorial'.\n../../../../tmp/tmp1r7a3203.ts(5,32): error TS2304: Cannot find name 'factorial'.\n../../../../tmp/tmp1r7a3203.ts(5,47): error TS2304: Cannot find name 'factorial'.\n",
      "stderr": "",
      "exit_code": 2,
      "status": "SyntaxError"
    },
    {
      "program": "//Write a python function to find the sum of the product of consecutive binomial co-efficients.\nfunction sum_Of_product(n: number): number {\n    let sum: number = 0;\n    for (let i = 0; i <= n; i++) {\n        for (let j = 0; j <= n; j++) {\n            sum += binomial_coefficient(i, j);\n        }\n    }\n    return sum;\n}\nconsole.log(sum_Of_product(5));\n\ndeclare var require: any;\nconst assert = require('node:assert');\n\n\nfunction test() {\n  let candidate = sum_Of_product;\n  assert.deepEqual(candidate(3),15);\n  assert.deepEqual(candidate(4),56);\n  assert.deepEqual(candidate(1),1);\n}\n\ntest();",
      "timestamp": 1665510315,
      "stdout": "../../../../tmp/tmplbp2pflj.ts(6,20): error TS2304: Cannot find name 'binomial_coefficient'.\n",
      "stderr": "",
      "exit_code": 2,
      "status": "SyntaxError"
    },
    {
      "program": "//Write a python function to find the sum of the product of consecutive binomial co-efficients.\nfunction sum_Of_product(n: number): number {\n    let sum: number = 0;\n    for (let i: number = 1; i <= n; i++) {\n        for (let j: number = 1; j <= i; j++) {\n            sum += binomial_coefficient(i, j);\n        }\n    }\n    return sum;\n}\n\ndeclare var require: any;\nconst assert = require('node:assert');\n\n\nfunction test() {\n  let candidate = sum_Of_product;\n  assert.deepEqual(candidate(3),15);\n  assert.deepEqual(candidate(4),56);\n  assert.deepEqual(candidate(1),1);\n}\n\ntest();",
      "timestamp": 1666123430,
      "stdout": "../../../../tmp/tmpfbi5d35l.ts(6,20): error TS2304: Cannot find name 'binomial_coefficient'.\n",
      "stderr": "",
      "exit_code": 2,
      "status": "SyntaxError"
    },
    {
      "program": "//Write a python function to find the sum of the product of consecutive binomial co-efficients.\nfunction sum_Of_product(n: number): number {\n    let sum: number = 0;\n    for (let i = 0; i <= n; i++) {\n        for (let j = 0; j <= n; j++) {\n            sum += binomial_coefficient(i, j);\n        }\n    }\n    return sum;\n}\n\nconsole.log(sum_Of_product(4));\n\ndeclare var require: any;\nconst assert = require('node:assert');\n\n\nfunction test() {\n  let candidate = sum_Of_product;\n  assert.deepEqual(candidate(3),15);\n  assert.deepEqual(candidate(4),56);\n  assert.deepEqual(candidate(1),1);\n}\n\ntest();",
      "timestamp": 1666123438,
      "stdout": "../../../../tmp/tmpbm7syywj.ts(6,20): error TS2304: Cannot find name 'binomial_coefficient'.\n",
      "stderr": "",
      "exit_code": 2,
      "status": "SyntaxError"
    },
    {
      "program": "//Write a python function to find the sum of the product of consecutive binomial co-efficients.\nfunction sum_Of_product(n: number): number {\n    let sum: number = 0;\n    for (let i = 1; i <= n; i++) {\n        for (let j = 1; j <= i; j++) {\n            sum += binomial_coefficient(i, j);\n        }\n    }\n    return sum;\n}\n\ndeclare var require: any;\nconst assert = require('node:assert');\n\n\nfunction test() {\n  let candidate = sum_Of_product;\n  assert.deepEqual(candidate(3),15);\n  assert.deepEqual(candidate(4),56);\n  assert.deepEqual(candidate(1),1);\n}\n\ntest();",
      "timestamp": 1666123435,
      "stdout": "../../../../tmp/tmpokm4b_vr.ts(6,20): error TS2304: Cannot find name 'binomial_coefficient'.\n",
      "stderr": "",
      "exit_code": 2,
      "status": "SyntaxError"
    },
    {
      "program": "//Write a python function to find the sum of the product of consecutive binomial co-efficients.\nfunction sum_Of_product(n: number): number {\n    let sum: number = 0;\n    for (let i = 0; i <= n; i++) {\n        for (let j = 0; j <= n; j++) {\n            sum += binomial_coefficient(i, j);\n        }\n    }\n    return sum;\n}\n\nconsole.log(sum_Of_product(5));\n\ndeclare var require: any;\nconst assert = require('node:assert');\n\n\nfunction test() {\n  let candidate = sum_Of_product;\n  assert.deepEqual(candidate(3),15);\n  assert.deepEqual(candidate(4),56);\n  assert.deepEqual(candidate(1),1);\n}\n\ntest();",
      "timestamp": 1666123439,
      "stdout": "../../../../tmp/tmp2rctp1yi.ts(6,20): error TS2304: Cannot find name 'binomial_coefficient'.\n",
      "stderr": "",
      "exit_code": 2,
      "status": "SyntaxError"
    },
    {
      "program": "//Write a python function to find the sum of the product of consecutive binomial co-efficients.\nfunction sum_Of_product(n: number): number {\n    let sum = 0;\n    for (let i = 1; i <= n; i++) {\n        for (let j = 1; j <= i; j++) {\n            sum += binomial_coefficient(i, j);\n        }\n    }\n    return sum;\n}\n\ndeclare var require: any;\nconst assert = require('node:assert');\n\n\nfunction test() {\n  let candidate = sum_Of_product;\n  assert.deepEqual(candidate(3),15);\n  assert.deepEqual(candidate(4),56);\n  assert.deepEqual(candidate(1),1);\n}\n\ntest();",
      "timestamp": 1666123439,
      "stdout": "../../../../tmp/tmpiffgcmt9.ts(6,20): error TS2304: Cannot find name 'binomial_coefficient'.\n",
      "stderr": "",
      "exit_code": 2,
      "status": "SyntaxError"
    }
  ]
}