{
  "name": "mbpp_274_even_binomial_Coeff_Sum",
  "language": "ts",
  "prompt": "//Write a python function that takes in a positive integer n and finds the sum of even index binomial coefficients.\nfunction even_binomial_Coeff_Sum(n: number): number {\n",
  "doctests": "keep",
  "original": "/home/arjun/repos/MultiPL-E/datasets/../datasets/mbpp-typed/mbpp_274_even_binomial_Coeff_Sum.py",
  "prompt_terminology": "verbatim",
  "tests": "declare var require: any;\nconst assert = require('node:assert');\n\n\nfunction test() {\n  let candidate = even_binomial_Coeff_Sum;\n  assert.deepEqual(candidate(4),8);\n  assert.deepEqual(candidate(6),32);\n  assert.deepEqual(candidate(2),2);\n}\n\ntest();",
  "stop_tokens": [
    "\nfunction ",
    "\n/*",
    "\n//",
    "\nclass"
  ],
  "results": [
    {
      "program": "//Write a python function that takes in a positive integer n and finds the sum of even index binomial coefficients.\nfunction even_binomial_Coeff_Sum(n: number): number {\n    let sum: number = 0;\n    for (let i = 0; i <= n; i++) {\n        if (i % 2 == 0) {\n            sum += binomial_Coeff(n, i);\n        }\n    }\n    return sum;\n}\n\ndeclare var require: any;\nconst assert = require('node:assert');\n\n\nfunction test() {\n  let candidate = even_binomial_Coeff_Sum;\n  assert.deepEqual(candidate(4),8);\n  assert.deepEqual(candidate(6),32);\n  assert.deepEqual(candidate(2),2);\n}\n\ntest();",
      "timestamp": 1665510132,
      "stdout": "../../../../tmp/tmp4h7co3n8.ts(6,20): error TS2304: Cannot find name 'binomial_Coeff'.\n",
      "stderr": "",
      "exit_code": 2,
      "status": "SyntaxError"
    },
    {
      "program": "//Write a python function that takes in a positive integer n and finds the sum of even index binomial coefficients.\nfunction even_binomial_Coeff_Sum(n: number): number {\n    let sum = 0;\n    for (let i = 0; i <= n; i++) {\n        if (i % 2 == 0) {\n            sum += binomial_Coeff(n, i);\n        }\n    }\n    return sum;\n}\n\ndeclare var require: any;\nconst assert = require('node:assert');\n\n\nfunction test() {\n  let candidate = even_binomial_Coeff_Sum;\n  assert.deepEqual(candidate(4),8);\n  assert.deepEqual(candidate(6),32);\n  assert.deepEqual(candidate(2),2);\n}\n\ntest();",
      "timestamp": 1665510132,
      "stdout": "../../../../tmp/tmpvar82qsc.ts(6,20): error TS2304: Cannot find name 'binomial_Coeff'.\n",
      "stderr": "",
      "exit_code": 2,
      "status": "SyntaxError"
    },
    {
      "program": "//Write a python function that takes in a positive integer n and finds the sum of even index binomial coefficients.\nfunction even_binomial_Coeff_Sum(n: number): number {\n    let sum: number = 0;\n    for (let i: number = 0; i <= n; i++) {\n        if (i % 2 == 0) {\n            sum += binomial_Coeff(n, i);\n        }\n    }\n    return sum;\n}\n\ndeclare var require: any;\nconst assert = require('node:assert');\n\n\nfunction test() {\n  let candidate = even_binomial_Coeff_Sum;\n  assert.deepEqual(candidate(4),8);\n  assert.deepEqual(candidate(6),32);\n  assert.deepEqual(candidate(2),2);\n}\n\ntest();",
      "timestamp": 1665510132,
      "stdout": "../../../../tmp/tmp_srfjecf.ts(6,20): error TS2304: Cannot find name 'binomial_Coeff'.\n",
      "stderr": "",
      "exit_code": 2,
      "status": "SyntaxError"
    },
    {
      "program": "//Write a python function that takes in a positive integer n and finds the sum of even index binomial coefficients.\nfunction even_binomial_Coeff_Sum(n: number): number {\n    let sum = 0;\n    for (let i = 0; i <= n; i++) {\n        if (i % 2 == 0) {\n            sum += binomial_Coeff(n, i);\n        }\n    }\n    return sum;\n}\n\ndeclare var require: any;\nconst assert = require('node:assert');\n\n\nfunction test() {\n  let candidate = even_binomial_Coeff_Sum;\n  assert.deepEqual(candidate(4),8);\n  assert.deepEqual(candidate(6),32);\n  assert.deepEqual(candidate(2),2);\n}\n\ntest();",
      "timestamp": 1665510132,
      "stdout": "../../../../tmp/tmpvar82qsc.ts(6,20): error TS2304: Cannot find name 'binomial_Coeff'.\n",
      "stderr": "",
      "exit_code": 2,
      "status": "SyntaxError"
    },
    {
      "program": "//Write a python function that takes in a positive integer n and finds the sum of even index binomial coefficients.\nfunction even_binomial_Coeff_Sum(n: number): number {\n    let sum: number = 0;\n    for (let i: number = 0; i <= n; i++) {\n        if (i % 2 == 0) {\n            sum += binomial_Coeff(n, i);\n        }\n    }\n    return sum;\n}\n\ndeclare var require: any;\nconst assert = require('node:assert');\n\n\nfunction test() {\n  let candidate = even_binomial_Coeff_Sum;\n  assert.deepEqual(candidate(4),8);\n  assert.deepEqual(candidate(6),32);\n  assert.deepEqual(candidate(2),2);\n}\n\ntest();",
      "timestamp": 1665510132,
      "stdout": "../../../../tmp/tmp_srfjecf.ts(6,20): error TS2304: Cannot find name 'binomial_Coeff'.\n",
      "stderr": "",
      "exit_code": 2,
      "status": "SyntaxError"
    },
    {
      "program": "//Write a python function that takes in a positive integer n and finds the sum of even index binomial coefficients.\nfunction even_binomial_Coeff_Sum(n: number): number {\n    let sum = 0;\n    for (let i = 0; i <= n; i++) {\n        if (i % 2 == 0) {\n            sum += binomial_Coeff(n, i);\n        }\n    }\n    return sum;\n}\n\ndeclare var require: any;\nconst assert = require('node:assert');\n\n\nfunction test() {\n  let candidate = even_binomial_Coeff_Sum;\n  assert.deepEqual(candidate(4),8);\n  assert.deepEqual(candidate(6),32);\n  assert.deepEqual(candidate(2),2);\n}\n\ntest();",
      "timestamp": 1665510132,
      "stdout": "../../../../tmp/tmpvar82qsc.ts(6,20): error TS2304: Cannot find name 'binomial_Coeff'.\n",
      "stderr": "",
      "exit_code": 2,
      "status": "SyntaxError"
    },
    {
      "program": "//Write a python function that takes in a positive integer n and finds the sum of even index binomial coefficients.\nfunction even_binomial_Coeff_Sum(n: number): number {\n    let sum = 0;\n    for (let i = 0; i <= n; i++) {\n        if (i % 2 == 0) {\n            sum += binomialCoeff(n, i);\n        }\n    }\n    return sum;\n}\n\ndeclare var require: any;\nconst assert = require('node:assert');\n\n\nfunction test() {\n  let candidate = even_binomial_Coeff_Sum;\n  assert.deepEqual(candidate(4),8);\n  assert.deepEqual(candidate(6),32);\n  assert.deepEqual(candidate(2),2);\n}\n\ntest();",
      "timestamp": 1665510132,
      "stdout": "../../../../tmp/tmpnhkq5240.ts(6,20): error TS2304: Cannot find name 'binomialCoeff'.\n",
      "stderr": "",
      "exit_code": 2,
      "status": "SyntaxError"
    },
    {
      "program": "//Write a python function that takes in a positive integer n and finds the sum of even index binomial coefficients.\nfunction even_binomial_Coeff_Sum(n: number): number {\n    let sum: number = 0;\n    for (let i = 0; i <= n; i += 2) {\n        sum += binomial_Coeff(n, i);\n    }\n    return sum;\n}\n\ndeclare var require: any;\nconst assert = require('node:assert');\n\n\nfunction test() {\n  let candidate = even_binomial_Coeff_Sum;\n  assert.deepEqual(candidate(4),8);\n  assert.deepEqual(candidate(6),32);\n  assert.deepEqual(candidate(2),2);\n}\n\ntest();",
      "timestamp": 1665510132,
      "stdout": "../../../../tmp/tmphvv71r6w.ts(5,16): error TS2304: Cannot find name 'binomial_Coeff'.\n",
      "stderr": "",
      "exit_code": 2,
      "status": "SyntaxError"
    },
    {
      "program": "//Write a python function that takes in a positive integer n and finds the sum of even index binomial coefficients.\nfunction even_binomial_Coeff_Sum(n: number): number {\n    let sum = 0;\n    for (let i = 0; i <= n; i += 2) {\n        sum += binomial_Coeff(n, i);\n    }\n    return sum;\n}\n\ndeclare var require: any;\nconst assert = require('node:assert');\n\n\nfunction test() {\n  let candidate = even_binomial_Coeff_Sum;\n  assert.deepEqual(candidate(4),8);\n  assert.deepEqual(candidate(6),32);\n  assert.deepEqual(candidate(2),2);\n}\n\ntest();",
      "timestamp": 1665510132,
      "stdout": "../../../../tmp/tmp683gpp6u.ts(5,16): error TS2304: Cannot find name 'binomial_Coeff'.\n",
      "stderr": "",
      "exit_code": 2,
      "status": "SyntaxError"
    },
    {
      "program": "//Write a python function that takes in a positive integer n and finds the sum of even index binomial coefficients.\nfunction even_binomial_Coeff_Sum(n: number): number {\n    let sum: number = 0;\n    for (let i = 0; i <= n; i++) {\n        if (i % 2 == 0) {\n            sum += binomial_Coeff(n, i);\n        }\n    }\n    return sum;\n}\n\ndeclare var require: any;\nconst assert = require('node:assert');\n\n\nfunction test() {\n  let candidate = even_binomial_Coeff_Sum;\n  assert.deepEqual(candidate(4),8);\n  assert.deepEqual(candidate(6),32);\n  assert.deepEqual(candidate(2),2);\n}\n\ntest();",
      "timestamp": 1665510132,
      "stdout": "../../../../tmp/tmp4h7co3n8.ts(6,20): error TS2304: Cannot find name 'binomial_Coeff'.\n",
      "stderr": "",
      "exit_code": 2,
      "status": "SyntaxError"
    },
    {
      "program": "//Write a python function that takes in a positive integer n and finds the sum of even index binomial coefficients.\nfunction even_binomial_Coeff_Sum(n: number): number {\n    let sum: number = 0;\n    for (let i = 0; i <= n; i++) {\n        if (i % 2 == 0) {\n            sum += binomial_Coeff(n, i);\n        }\n    }\n    return sum;\n}\n\ndeclare var require: any;\nconst assert = require('node:assert');\n\n\nfunction test() {\n  let candidate = even_binomial_Coeff_Sum;\n  assert.deepEqual(candidate(4),8);\n  assert.deepEqual(candidate(6),32);\n  assert.deepEqual(candidate(2),2);\n}\n\ntest();",
      "timestamp": 1665510132,
      "stdout": "../../../../tmp/tmp4h7co3n8.ts(6,20): error TS2304: Cannot find name 'binomial_Coeff'.\n",
      "stderr": "",
      "exit_code": 2,
      "status": "SyntaxError"
    },
    {
      "program": "//Write a python function that takes in a positive integer n and finds the sum of even index binomial coefficients.\nfunction even_binomial_Coeff_Sum(n: number): number {\n    let sum: number = 0;\n    for (let i: number = 0; i <= n; i++) {\n        if (i % 2 == 0) {\n            sum += binomial_Coeff(n, i);\n        }\n    }\n    return sum;\n}\n\ndeclare var require: any;\nconst assert = require('node:assert');\n\n\nfunction test() {\n  let candidate = even_binomial_Coeff_Sum;\n  assert.deepEqual(candidate(4),8);\n  assert.deepEqual(candidate(6),32);\n  assert.deepEqual(candidate(2),2);\n}\n\ntest();",
      "timestamp": 1665510132,
      "stdout": "../../../../tmp/tmp_srfjecf.ts(6,20): error TS2304: Cannot find name 'binomial_Coeff'.\n",
      "stderr": "",
      "exit_code": 2,
      "status": "SyntaxError"
    },
    {
      "program": "//Write a python function that takes in a positive integer n and finds the sum of even index binomial coefficients.\nfunction even_binomial_Coeff_Sum(n: number): number {\n  let sum = 0;\n  for (let i = 0; i <= n; i += 2) {\n    sum += binomial_Coeff(n, i);\n  }\n  return sum;\n}\n\ndeclare var require: any;\nconst assert = require('node:assert');\n\n\nfunction test() {\n  let candidate = even_binomial_Coeff_Sum;\n  assert.deepEqual(candidate(4),8);\n  assert.deepEqual(candidate(6),32);\n  assert.deepEqual(candidate(2),2);\n}\n\ntest();",
      "timestamp": 1665510132,
      "stdout": "../../../../tmp/tmply0zl0lo.ts(5,12): error TS2304: Cannot find name 'binomial_Coeff'.\n",
      "stderr": "",
      "exit_code": 2,
      "status": "SyntaxError"
    },
    {
      "program": "//Write a python function that takes in a positive integer n and finds the sum of even index binomial coefficients.\nfunction even_binomial_Coeff_Sum(n: number): number {\n    let sum = 0;\n    for (let i = 0; i <= n; i += 2) {\n        sum += binomial_Coeff(n, i);\n    }\n    return sum;\n}\n\ndeclare var require: any;\nconst assert = require('node:assert');\n\n\nfunction test() {\n  let candidate = even_binomial_Coeff_Sum;\n  assert.deepEqual(candidate(4),8);\n  assert.deepEqual(candidate(6),32);\n  assert.deepEqual(candidate(2),2);\n}\n\ntest();",
      "timestamp": 1665510132,
      "stdout": "../../../../tmp/tmp683gpp6u.ts(5,16): error TS2304: Cannot find name 'binomial_Coeff'.\n",
      "stderr": "",
      "exit_code": 2,
      "status": "SyntaxError"
    },
    {
      "program": "//Write a python function that takes in a positive integer n and finds the sum of even index binomial coefficients.\nfunction even_binomial_Coeff_Sum(n: number): number {\n    let sum: number = 0;\n    for (let i = 0; i <= n; i++) {\n        if (i % 2 == 0) {\n            sum += binomial_Coeff(n, i);\n        }\n    }\n    return sum;\n}\n\ndeclare var require: any;\nconst assert = require('node:assert');\n\n\nfunction test() {\n  let candidate = even_binomial_Coeff_Sum;\n  assert.deepEqual(candidate(4),8);\n  assert.deepEqual(candidate(6),32);\n  assert.deepEqual(candidate(2),2);\n}\n\ntest();",
      "timestamp": 1665510132,
      "stdout": "../../../../tmp/tmp4h7co3n8.ts(6,20): error TS2304: Cannot find name 'binomial_Coeff'.\n",
      "stderr": "",
      "exit_code": 2,
      "status": "SyntaxError"
    },
    {
      "program": "//Write a python function that takes in a positive integer n and finds the sum of even index binomial coefficients.\nfunction even_binomial_Coeff_Sum(n: number): number {\n    let sum: number = 0;\n    for (let i: number = 0; i <= n; i++) {\n        if (i % 2 == 0) {\n            sum += binomialCoeff(n, i);\n        }\n    }\n    return sum;\n}\n\ndeclare var require: any;\nconst assert = require('node:assert');\n\n\nfunction test() {\n  let candidate = even_binomial_Coeff_Sum;\n  assert.deepEqual(candidate(4),8);\n  assert.deepEqual(candidate(6),32);\n  assert.deepEqual(candidate(2),2);\n}\n\ntest();",
      "timestamp": 1665510132,
      "stdout": "../../../../tmp/tmp_3c5_4wp.ts(6,20): error TS2304: Cannot find name 'binomialCoeff'.\n",
      "stderr": "",
      "exit_code": 2,
      "status": "SyntaxError"
    },
    {
      "program": "//Write a python function that takes in a positive integer n and finds the sum of even index binomial coefficients.\nfunction even_binomial_Coeff_Sum(n: number): number {\n    let sum: number = 0;\n    for (let i: number = 0; i <= n; i += 2) {\n        sum += binomial_Coeff(n, i);\n    }\n    return sum;\n}\n\ndeclare var require: any;\nconst assert = require('node:assert');\n\n\nfunction test() {\n  let candidate = even_binomial_Coeff_Sum;\n  assert.deepEqual(candidate(4),8);\n  assert.deepEqual(candidate(6),32);\n  assert.deepEqual(candidate(2),2);\n}\n\ntest();",
      "timestamp": 1665510132,
      "stdout": "../../../../tmp/tmpwu8mscef.ts(5,16): error TS2304: Cannot find name 'binomial_Coeff'.\n",
      "stderr": "",
      "exit_code": 2,
      "status": "SyntaxError"
    },
    {
      "program": "//Write a python function that takes in a positive integer n and finds the sum of even index binomial coefficients.\nfunction even_binomial_Coeff_Sum(n: number): number {\n    let sum: number = 0;\n    for (let i: number = 0; i <= n; i++) {\n        if (i % 2 == 0) {\n            sum += binomial_Coeff(n, i);\n        }\n    }\n    return sum;\n}\n\ndeclare var require: any;\nconst assert = require('node:assert');\n\n\nfunction test() {\n  let candidate = even_binomial_Coeff_Sum;\n  assert.deepEqual(candidate(4),8);\n  assert.deepEqual(candidate(6),32);\n  assert.deepEqual(candidate(2),2);\n}\n\ntest();",
      "timestamp": 1665510132,
      "stdout": "../../../../tmp/tmp_srfjecf.ts(6,20): error TS2304: Cannot find name 'binomial_Coeff'.\n",
      "stderr": "",
      "exit_code": 2,
      "status": "SyntaxError"
    },
    {
      "program": "//Write a python function that takes in a positive integer n and finds the sum of even index binomial coefficients.\nfunction even_binomial_Coeff_Sum(n: number): number {\n  let sum = 0;\n  for (let i = 0; i <= n; i += 2) {\n    sum += binomialCoeff(n, i);\n  }\n  return sum;\n}\n\ndeclare var require: any;\nconst assert = require('node:assert');\n\n\nfunction test() {\n  let candidate = even_binomial_Coeff_Sum;\n  assert.deepEqual(candidate(4),8);\n  assert.deepEqual(candidate(6),32);\n  assert.deepEqual(candidate(2),2);\n}\n\ntest();",
      "timestamp": 1665510132,
      "stdout": "../../../../tmp/tmpcduu3vlt.ts(5,12): error TS2304: Cannot find name 'binomialCoeff'.\n",
      "stderr": "",
      "exit_code": 2,
      "status": "SyntaxError"
    },
    {
      "program": "//Write a python function that takes in a positive integer n and finds the sum of even index binomial coefficients.\nfunction even_binomial_Coeff_Sum(n: number): number {\n    let sum = 0;\n    for (let i = 0; i <= n; i++) {\n        if (i % 2 == 0) {\n            sum += binomial_Coeff(n, i);\n        }\n    }\n    return sum;\n}\n\ndeclare var require: any;\nconst assert = require('node:assert');\n\n\nfunction test() {\n  let candidate = even_binomial_Coeff_Sum;\n  assert.deepEqual(candidate(4),8);\n  assert.deepEqual(candidate(6),32);\n  assert.deepEqual(candidate(2),2);\n}\n\ntest();",
      "timestamp": 1665510132,
      "stdout": "../../../../tmp/tmpvar82qsc.ts(6,20): error TS2304: Cannot find name 'binomial_Coeff'.\n",
      "stderr": "",
      "exit_code": 2,
      "status": "SyntaxError"
    },
    {
      "program": "//Write a python function that takes in a positive integer n and finds the sum of even index binomial coefficients.\nfunction even_binomial_Coeff_Sum(n: number): number {\n    let sum = 0;\n    for (let i = 0; i <= n; i += 2) {\n        sum += binomial_Coeff(n, i);\n    }\n    return sum;\n}\n\ndeclare var require: any;\nconst assert = require('node:assert');\n\n\nfunction test() {\n  let candidate = even_binomial_Coeff_Sum;\n  assert.deepEqual(candidate(4),8);\n  assert.deepEqual(candidate(6),32);\n  assert.deepEqual(candidate(2),2);\n}\n\ntest();",
      "timestamp": 1665510132,
      "stdout": "../../../../tmp/tmp683gpp6u.ts(5,16): error TS2304: Cannot find name 'binomial_Coeff'.\n",
      "stderr": "",
      "exit_code": 2,
      "status": "SyntaxError"
    },
    {
      "program": "//Write a python function that takes in a positive integer n and finds the sum of even index binomial coefficients.\nfunction even_binomial_Coeff_Sum(n: number): number {\n    let sum = 0;\n    for (let i = 0; i <= n; i += 2) {\n        sum += binomial_Coeff(n, i);\n    }\n    return sum;\n}\n\ndeclare var require: any;\nconst assert = require('node:assert');\n\n\nfunction test() {\n  let candidate = even_binomial_Coeff_Sum;\n  assert.deepEqual(candidate(4),8);\n  assert.deepEqual(candidate(6),32);\n  assert.deepEqual(candidate(2),2);\n}\n\ntest();",
      "timestamp": 1665510132,
      "stdout": "../../../../tmp/tmp683gpp6u.ts(5,16): error TS2304: Cannot find name 'binomial_Coeff'.\n",
      "stderr": "",
      "exit_code": 2,
      "status": "SyntaxError"
    },
    {
      "program": "//Write a python function that takes in a positive integer n and finds the sum of even index binomial coefficients.\nfunction even_binomial_Coeff_Sum(n: number): number {\n    let sum: number = 0;\n    let binomialCoeff: number = 1;\n    for (let i: number = 0; i <= n; i++) {\n        if (i % 2 == 0) {\n            sum += binomialCoeff;\n        }\n        binomialCoeff = binomialCoeff * (n - i) / (i + 1);\n    }\n    return sum;\n}\n\ndeclare var require: any;\nconst assert = require('node:assert');\n\n\nfunction test() {\n  let candidate = even_binomial_Coeff_Sum;\n  assert.deepEqual(candidate(4),8);\n  assert.deepEqual(candidate(6),32);\n  assert.deepEqual(candidate(2),2);\n}\n\ntest();",
      "timestamp": 1666122832,
      "stdout": "",
      "stderr": "",
      "exit_code": 0,
      "status": "OK"
    },
    {
      "program": "//Write a python function that takes in a positive integer n and finds the sum of even index binomial coefficients.\nfunction even_binomial_Coeff_Sum(n: number): number {\n  let sum: number = 0;\n  for (let i = 0; i <= n; i += 2) {\n    sum += binomial_Coeff(n, i);\n  }\n  return sum;\n}\n\ndeclare var require: any;\nconst assert = require('node:assert');\n\n\nfunction test() {\n  let candidate = even_binomial_Coeff_Sum;\n  assert.deepEqual(candidate(4),8);\n  assert.deepEqual(candidate(6),32);\n  assert.deepEqual(candidate(2),2);\n}\n\ntest();",
      "timestamp": 1666122832,
      "stdout": "../../../../tmp/tmpj4wbqfv1.ts(5,12): error TS2304: Cannot find name 'binomial_Coeff'.\n",
      "stderr": "",
      "exit_code": 2,
      "status": "SyntaxError"
    },
    {
      "program": "//Write a python function that takes in a positive integer n and finds the sum of even index binomial coefficients.\nfunction even_binomial_Coeff_Sum(n: number): number {\n    let sum: number = 0;\n    for (let i: number = 0; i <= n; i++) {\n        if (i % 2 == 0) {\n            sum += binomial_Coeff(n, i);\n        }\n    }\n    return sum;\n}\n\ndeclare var require: any;\nconst assert = require('node:assert');\n\n\nfunction test() {\n  let candidate = even_binomial_Coeff_Sum;\n  assert.deepEqual(candidate(4),8);\n  assert.deepEqual(candidate(6),32);\n  assert.deepEqual(candidate(2),2);\n}\n\ntest();",
      "timestamp": 1665510132,
      "stdout": "../../../../tmp/tmp_srfjecf.ts(6,20): error TS2304: Cannot find name 'binomial_Coeff'.\n",
      "stderr": "",
      "exit_code": 2,
      "status": "SyntaxError"
    },
    {
      "program": "//Write a python function that takes in a positive integer n and finds the sum of even index binomial coefficients.\nfunction even_binomial_Coeff_Sum(n: number): number {\n    let sum = 0;\n    for (let i = 0; i <= n; i++) {\n        if (i % 2 == 0) {\n            sum += binomial_Coeff(n, i);\n        }\n    }\n    return sum;\n}\n\ndeclare var require: any;\nconst assert = require('node:assert');\n\n\nfunction test() {\n  let candidate = even_binomial_Coeff_Sum;\n  assert.deepEqual(candidate(4),8);\n  assert.deepEqual(candidate(6),32);\n  assert.deepEqual(candidate(2),2);\n}\n\ntest();",
      "timestamp": 1665510132,
      "stdout": "../../../../tmp/tmpvar82qsc.ts(6,20): error TS2304: Cannot find name 'binomial_Coeff'.\n",
      "stderr": "",
      "exit_code": 2,
      "status": "SyntaxError"
    },
    {
      "program": "//Write a python function that takes in a positive integer n and finds the sum of even index binomial coefficients.\nfunction even_binomial_Coeff_Sum(n: number): number {\n    let sum: number = 0;\n    for (let i = 0; i <= n; i += 2) {\n        sum += binomial_Coeff(n, i);\n    }\n    return sum;\n}\n\ndeclare var require: any;\nconst assert = require('node:assert');\n\n\nfunction test() {\n  let candidate = even_binomial_Coeff_Sum;\n  assert.deepEqual(candidate(4),8);\n  assert.deepEqual(candidate(6),32);\n  assert.deepEqual(candidate(2),2);\n}\n\ntest();",
      "timestamp": 1665510132,
      "stdout": "../../../../tmp/tmphvv71r6w.ts(5,16): error TS2304: Cannot find name 'binomial_Coeff'.\n",
      "stderr": "",
      "exit_code": 2,
      "status": "SyntaxError"
    },
    {
      "program": "//Write a python function that takes in a positive integer n and finds the sum of even index binomial coefficients.\nfunction even_binomial_Coeff_Sum(n: number): number {\n    let sum: number = 0;\n    for (let i: number = 0; i <= n; i++) {\n        if (i % 2 == 0) {\n            sum += binomial_Coeff(n, i);\n        }\n    }\n    return sum;\n}\n\ndeclare var require: any;\nconst assert = require('node:assert');\n\n\nfunction test() {\n  let candidate = even_binomial_Coeff_Sum;\n  assert.deepEqual(candidate(4),8);\n  assert.deepEqual(candidate(6),32);\n  assert.deepEqual(candidate(2),2);\n}\n\ntest();",
      "timestamp": 1665510132,
      "stdout": "../../../../tmp/tmp_srfjecf.ts(6,20): error TS2304: Cannot find name 'binomial_Coeff'.\n",
      "stderr": "",
      "exit_code": 2,
      "status": "SyntaxError"
    },
    {
      "program": "//Write a python function that takes in a positive integer n and finds the sum of even index binomial coefficients.\nfunction even_binomial_Coeff_Sum(n: number): number {\n  let sum = 0;\n  for (let i = 0; i <= n; i++) {\n    if (i % 2 === 0) {\n      sum += binomialCoeff(n, i);\n    }\n  }\n  return sum;\n}\n\ndeclare var require: any;\nconst assert = require('node:assert');\n\n\nfunction test() {\n  let candidate = even_binomial_Coeff_Sum;\n  assert.deepEqual(candidate(4),8);\n  assert.deepEqual(candidate(6),32);\n  assert.deepEqual(candidate(2),2);\n}\n\ntest();",
      "timestamp": 1666122832,
      "stdout": "../../../../tmp/tmp61hhl31_.ts(6,14): error TS2304: Cannot find name 'binomialCoeff'.\n",
      "stderr": "",
      "exit_code": 2,
      "status": "SyntaxError"
    },
    {
      "program": "//Write a python function that takes in a positive integer n and finds the sum of even index binomial coefficients.\nfunction even_binomial_Coeff_Sum(n: number): number {\n  let sum = 0;\n  for (let i = 0; i <= n; i++) {\n    if (i % 2 === 0) {\n      sum += binomial_Coeff(n, i);\n    }\n  }\n  return sum;\n}\n\ndeclare var require: any;\nconst assert = require('node:assert');\n\n\nfunction test() {\n  let candidate = even_binomial_Coeff_Sum;\n  assert.deepEqual(candidate(4),8);\n  assert.deepEqual(candidate(6),32);\n  assert.deepEqual(candidate(2),2);\n}\n\ntest();",
      "timestamp": 1666122832,
      "stdout": "../../../../tmp/tmpa5msmj81.ts(6,14): error TS2304: Cannot find name 'binomial_Coeff'.\n",
      "stderr": "",
      "exit_code": 2,
      "status": "SyntaxError"
    },
    {
      "program": "//Write a python function that takes in a positive integer n and finds the sum of even index binomial coefficients.\nfunction even_binomial_Coeff_Sum(n: number): number {\n    let sum = 0;\n    for (let i = 0; i <= n; i += 2) {\n        sum += binomial_Coeff(n, i);\n    }\n    return sum;\n}\n\ndeclare var require: any;\nconst assert = require('node:assert');\n\n\nfunction test() {\n  let candidate = even_binomial_Coeff_Sum;\n  assert.deepEqual(candidate(4),8);\n  assert.deepEqual(candidate(6),32);\n  assert.deepEqual(candidate(2),2);\n}\n\ntest();",
      "timestamp": 1665510132,
      "stdout": "../../../../tmp/tmp683gpp6u.ts(5,16): error TS2304: Cannot find name 'binomial_Coeff'.\n",
      "stderr": "",
      "exit_code": 2,
      "status": "SyntaxError"
    },
    {
      "program": "//Write a python function that takes in a positive integer n and finds the sum of even index binomial coefficients.\nfunction even_binomial_Coeff_Sum(n: number): number {\n    let sum: number = 0;\n    for (let i: number = 0; i <= n; i++) {\n        if (i % 2 == 0) {\n            sum += binomial_Coeff(n, i);\n        }\n    }\n    return sum;\n}\n\ndeclare var require: any;\nconst assert = require('node:assert');\n\n\nfunction test() {\n  let candidate = even_binomial_Coeff_Sum;\n  assert.deepEqual(candidate(4),8);\n  assert.deepEqual(candidate(6),32);\n  assert.deepEqual(candidate(2),2);\n}\n\ntest();",
      "timestamp": 1665510132,
      "stdout": "../../../../tmp/tmp_srfjecf.ts(6,20): error TS2304: Cannot find name 'binomial_Coeff'.\n",
      "stderr": "",
      "exit_code": 2,
      "status": "SyntaxError"
    },
    {
      "program": "//Write a python function that takes in a positive integer n and finds the sum of even index binomial coefficients.\nfunction even_binomial_Coeff_Sum(n: number): number {\n    let sum: number = 0;\n    for (let i = 0; i <= n; i++) {\n        if (i % 2 == 0) {\n            sum += binomial_Coeff(n, i);\n        }\n    }\n    return sum;\n}\n\ndeclare var require: any;\nconst assert = require('node:assert');\n\n\nfunction test() {\n  let candidate = even_binomial_Coeff_Sum;\n  assert.deepEqual(candidate(4),8);\n  assert.deepEqual(candidate(6),32);\n  assert.deepEqual(candidate(2),2);\n}\n\ntest();",
      "timestamp": 1665510132,
      "stdout": "../../../../tmp/tmp4h7co3n8.ts(6,20): error TS2304: Cannot find name 'binomial_Coeff'.\n",
      "stderr": "",
      "exit_code": 2,
      "status": "SyntaxError"
    },
    {
      "program": "//Write a python function that takes in a positive integer n and finds the sum of even index binomial coefficients.\nfunction even_binomial_Coeff_Sum(n: number): number {\n    let sum: number = 0;\n    for (let i = 0; i <= n; i += 2) {\n        sum += binomial_Coeff(n, i);\n    }\n    return sum;\n}\n\ndeclare var require: any;\nconst assert = require('node:assert');\n\n\nfunction test() {\n  let candidate = even_binomial_Coeff_Sum;\n  assert.deepEqual(candidate(4),8);\n  assert.deepEqual(candidate(6),32);\n  assert.deepEqual(candidate(2),2);\n}\n\ntest();",
      "timestamp": 1665510132,
      "stdout": "../../../../tmp/tmphvv71r6w.ts(5,16): error TS2304: Cannot find name 'binomial_Coeff'.\n",
      "stderr": "",
      "exit_code": 2,
      "status": "SyntaxError"
    },
    {
      "program": "//Write a python function that takes in a positive integer n and finds the sum of even index binomial coefficients.\nfunction even_binomial_Coeff_Sum(n: number): number {\n    let sum = 0;\n    for (let i = 0; i <= n; i++) {\n        if (i % 2 == 0) {\n            sum += binomial_Coeff(n, i);\n        }\n    }\n    return sum;\n}\n\ndeclare var require: any;\nconst assert = require('node:assert');\n\n\nfunction test() {\n  let candidate = even_binomial_Coeff_Sum;\n  assert.deepEqual(candidate(4),8);\n  assert.deepEqual(candidate(6),32);\n  assert.deepEqual(candidate(2),2);\n}\n\ntest();",
      "timestamp": 1665510132,
      "stdout": "../../../../tmp/tmpvar82qsc.ts(6,20): error TS2304: Cannot find name 'binomial_Coeff'.\n",
      "stderr": "",
      "exit_code": 2,
      "status": "SyntaxError"
    },
    {
      "program": "//Write a python function that takes in a positive integer n and finds the sum of even index binomial coefficients.\nfunction even_binomial_Coeff_Sum(n: number): number {\n    let sum: number = 0;\n    for (let i: number = 0; i <= n; i++) {\n        if (i % 2 == 0) {\n            sum += binomial_Coeff(n, i);\n        }\n    }\n    return sum;\n}\n\ndeclare var require: any;\nconst assert = require('node:assert');\n\n\nfunction test() {\n  let candidate = even_binomial_Coeff_Sum;\n  assert.deepEqual(candidate(4),8);\n  assert.deepEqual(candidate(6),32);\n  assert.deepEqual(candidate(2),2);\n}\n\ntest();",
      "timestamp": 1665510132,
      "stdout": "../../../../tmp/tmp_srfjecf.ts(6,20): error TS2304: Cannot find name 'binomial_Coeff'.\n",
      "stderr": "",
      "exit_code": 2,
      "status": "SyntaxError"
    },
    {
      "program": "//Write a python function that takes in a positive integer n and finds the sum of even index binomial coefficients.\nfunction even_binomial_Coeff_Sum(n: number): number {\n    let sum: number = 0;\n    for (let i = 0; i <= n; i += 2) {\n        sum += binomial_Coeff(n, i);\n    }\n    return sum;\n}\n\ndeclare var require: any;\nconst assert = require('node:assert');\n\n\nfunction test() {\n  let candidate = even_binomial_Coeff_Sum;\n  assert.deepEqual(candidate(4),8);\n  assert.deepEqual(candidate(6),32);\n  assert.deepEqual(candidate(2),2);\n}\n\ntest();",
      "timestamp": 1665510132,
      "stdout": "../../../../tmp/tmphvv71r6w.ts(5,16): error TS2304: Cannot find name 'binomial_Coeff'.\n",
      "stderr": "",
      "exit_code": 2,
      "status": "SyntaxError"
    },
    {
      "program": "//Write a python function that takes in a positive integer n and finds the sum of even index binomial coefficients.\nfunction even_binomial_Coeff_Sum(n: number): number {\n    let sum: number = 0;\n    for (let i = 0; i <= n; i++) {\n        if (i % 2 == 0) {\n            sum += binomialCoeff(n, i);\n        }\n    }\n    return sum;\n}\n\ndeclare var require: any;\nconst assert = require('node:assert');\n\n\nfunction test() {\n  let candidate = even_binomial_Coeff_Sum;\n  assert.deepEqual(candidate(4),8);\n  assert.deepEqual(candidate(6),32);\n  assert.deepEqual(candidate(2),2);\n}\n\ntest();",
      "timestamp": 1666122832,
      "stdout": "../../../../tmp/tmpmeud4mrd.ts(6,20): error TS2304: Cannot find name 'binomialCoeff'.\n",
      "stderr": "",
      "exit_code": 2,
      "status": "SyntaxError"
    },
    {
      "program": "//Write a python function that takes in a positive integer n and finds the sum of even index binomial coefficients.\nfunction even_binomial_Coeff_Sum(n: number): number {\n    let sum = 0;\n    for (let i = 0; i <= n; i += 2) {\n        sum += binomial_Coeff(n, i);\n    }\n    return sum;\n}\n\ndeclare var require: any;\nconst assert = require('node:assert');\n\n\nfunction test() {\n  let candidate = even_binomial_Coeff_Sum;\n  assert.deepEqual(candidate(4),8);\n  assert.deepEqual(candidate(6),32);\n  assert.deepEqual(candidate(2),2);\n}\n\ntest();",
      "timestamp": 1665510132,
      "stdout": "../../../../tmp/tmp683gpp6u.ts(5,16): error TS2304: Cannot find name 'binomial_Coeff'.\n",
      "stderr": "",
      "exit_code": 2,
      "status": "SyntaxError"
    },
    {
      "program": "//Write a python function that takes in a positive integer n and finds the sum of even index binomial coefficients.\nfunction even_binomial_Coeff_Sum(n: number): number {\n    let sum: number = 0;\n    for (let i: number = 0; i <= n; i += 2) {\n        sum += binomial_Coeff(n, i);\n    }\n    return sum;\n}\n\ndeclare var require: any;\nconst assert = require('node:assert');\n\n\nfunction test() {\n  let candidate = even_binomial_Coeff_Sum;\n  assert.deepEqual(candidate(4),8);\n  assert.deepEqual(candidate(6),32);\n  assert.deepEqual(candidate(2),2);\n}\n\ntest();",
      "timestamp": 1665510132,
      "stdout": "../../../../tmp/tmpwu8mscef.ts(5,16): error TS2304: Cannot find name 'binomial_Coeff'.\n",
      "stderr": "",
      "exit_code": 2,
      "status": "SyntaxError"
    },
    {
      "program": "//Write a python function that takes in a positive integer n and finds the sum of even index binomial coefficients.\nfunction even_binomial_Coeff_Sum(n: number): number {\n    let sum: number = 0;\n    for (let i: number = 0; i <= n; i += 2) {\n        sum += binomial_Coeff(n, i);\n    }\n    return sum;\n}\n\ndeclare var require: any;\nconst assert = require('node:assert');\n\n\nfunction test() {\n  let candidate = even_binomial_Coeff_Sum;\n  assert.deepEqual(candidate(4),8);\n  assert.deepEqual(candidate(6),32);\n  assert.deepEqual(candidate(2),2);\n}\n\ntest();",
      "timestamp": 1665510132,
      "stdout": "../../../../tmp/tmpwu8mscef.ts(5,16): error TS2304: Cannot find name 'binomial_Coeff'.\n",
      "stderr": "",
      "exit_code": 2,
      "status": "SyntaxError"
    },
    {
      "program": "//Write a python function that takes in a positive integer n and finds the sum of even index binomial coefficients.\nfunction even_binomial_Coeff_Sum(n: number): number {\n    let sum = 0;\n    for (let i = 0; i <= n; i += 2) {\n        sum += binomial_Coeff(n, i);\n    }\n    return sum;\n}\n\ndeclare var require: any;\nconst assert = require('node:assert');\n\n\nfunction test() {\n  let candidate = even_binomial_Coeff_Sum;\n  assert.deepEqual(candidate(4),8);\n  assert.deepEqual(candidate(6),32);\n  assert.deepEqual(candidate(2),2);\n}\n\ntest();",
      "timestamp": 1665510132,
      "stdout": "../../../../tmp/tmp683gpp6u.ts(5,16): error TS2304: Cannot find name 'binomial_Coeff'.\n",
      "stderr": "",
      "exit_code": 2,
      "status": "SyntaxError"
    },
    {
      "program": "//Write a python function that takes in a positive integer n and finds the sum of even index binomial coefficients.\nfunction even_binomial_Coeff_Sum(n: number): number {\n    let sum: number = 0;\n    for (let i: number = 0; i <= n; i++) {\n        if (i % 2 == 0) {\n            sum += binomial_Coeff(n, i);\n        }\n    }\n    return sum;\n}\n\ndeclare var require: any;\nconst assert = require('node:assert');\n\n\nfunction test() {\n  let candidate = even_binomial_Coeff_Sum;\n  assert.deepEqual(candidate(4),8);\n  assert.deepEqual(candidate(6),32);\n  assert.deepEqual(candidate(2),2);\n}\n\ntest();",
      "timestamp": 1665510132,
      "stdout": "../../../../tmp/tmp_srfjecf.ts(6,20): error TS2304: Cannot find name 'binomial_Coeff'.\n",
      "stderr": "",
      "exit_code": 2,
      "status": "SyntaxError"
    },
    {
      "program": "//Write a python function that takes in a positive integer n and finds the sum of even index binomial coefficients.\nfunction even_binomial_Coeff_Sum(n: number): number {\n    let sum: number = 0;\n    for (let i = 0; i <= n; i++) {\n        if (i % 2 == 0) {\n            sum += binomial_Coeff(n, i);\n        }\n    }\n    return sum;\n}\n\ndeclare var require: any;\nconst assert = require('node:assert');\n\n\nfunction test() {\n  let candidate = even_binomial_Coeff_Sum;\n  assert.deepEqual(candidate(4),8);\n  assert.deepEqual(candidate(6),32);\n  assert.deepEqual(candidate(2),2);\n}\n\ntest();",
      "timestamp": 1665510132,
      "stdout": "../../../../tmp/tmp4h7co3n8.ts(6,20): error TS2304: Cannot find name 'binomial_Coeff'.\n",
      "stderr": "",
      "exit_code": 2,
      "status": "SyntaxError"
    },
    {
      "program": "//Write a python function that takes in a positive integer n and finds the sum of even index binomial coefficients.\nfunction even_binomial_Coeff_Sum(n: number): number {\n    let sum: number = 0;\n    for (let i: number = 0; i <= n; i++) {\n        if (i % 2 == 0) {\n            sum += binomial_Coeff(n, i);\n        }\n    }\n    return sum;\n}\n\ndeclare var require: any;\nconst assert = require('node:assert');\n\n\nfunction test() {\n  let candidate = even_binomial_Coeff_Sum;\n  assert.deepEqual(candidate(4),8);\n  assert.deepEqual(candidate(6),32);\n  assert.deepEqual(candidate(2),2);\n}\n\ntest();",
      "timestamp": 1665510132,
      "stdout": "../../../../tmp/tmp_srfjecf.ts(6,20): error TS2304: Cannot find name 'binomial_Coeff'.\n",
      "stderr": "",
      "exit_code": 2,
      "status": "SyntaxError"
    },
    {
      "program": "//Write a python function that takes in a positive integer n and finds the sum of even index binomial coefficients.\nfunction even_binomial_Coeff_Sum(n: number): number {\n    let sum = 0;\n    for (let i = 0; i <= n; i++) {\n        if (i % 2 == 0) {\n            sum += binomialCoeff(n, i);\n        }\n    }\n    return sum;\n}\n\ndeclare var require: any;\nconst assert = require('node:assert');\n\n\nfunction test() {\n  let candidate = even_binomial_Coeff_Sum;\n  assert.deepEqual(candidate(4),8);\n  assert.deepEqual(candidate(6),32);\n  assert.deepEqual(candidate(2),2);\n}\n\ntest();",
      "timestamp": 1665510132,
      "stdout": "../../../../tmp/tmpnhkq5240.ts(6,20): error TS2304: Cannot find name 'binomialCoeff'.\n",
      "stderr": "",
      "exit_code": 2,
      "status": "SyntaxError"
    },
    {
      "program": "//Write a python function that takes in a positive integer n and finds the sum of even index binomial coefficients.\nfunction even_binomial_Coeff_Sum(n: number): number {\n    let sum: number = 0;\n    for (let i: number = 0; i <= n; i++) {\n        if (i % 2 == 0) {\n            sum += binomial_Coeff(n, i);\n        }\n    }\n    return sum;\n}\n\ndeclare var require: any;\nconst assert = require('node:assert');\n\n\nfunction test() {\n  let candidate = even_binomial_Coeff_Sum;\n  assert.deepEqual(candidate(4),8);\n  assert.deepEqual(candidate(6),32);\n  assert.deepEqual(candidate(2),2);\n}\n\ntest();",
      "timestamp": 1665510132,
      "stdout": "../../../../tmp/tmp_srfjecf.ts(6,20): error TS2304: Cannot find name 'binomial_Coeff'.\n",
      "stderr": "",
      "exit_code": 2,
      "status": "SyntaxError"
    },
    {
      "program": "//Write a python function that takes in a positive integer n and finds the sum of even index binomial coefficients.\nfunction even_binomial_Coeff_Sum(n: number): number {\n    let sum = 0;\n    for (let i = 0; i <= n; i++) {\n        if (i % 2 === 0) {\n            sum += binomial_Coeff(n, i);\n        }\n    }\n    return sum;\n}\n\ndeclare var require: any;\nconst assert = require('node:assert');\n\n\nfunction test() {\n  let candidate = even_binomial_Coeff_Sum;\n  assert.deepEqual(candidate(4),8);\n  assert.deepEqual(candidate(6),32);\n  assert.deepEqual(candidate(2),2);\n}\n\ntest();",
      "timestamp": 1666122832,
      "stdout": "../../../../tmp/tmpvtsx8vai.ts(6,20): error TS2304: Cannot find name 'binomial_Coeff'.\n",
      "stderr": "",
      "exit_code": 2,
      "status": "SyntaxError"
    },
    {
      "program": "//Write a python function that takes in a positive integer n and finds the sum of even index binomial coefficients.\nfunction even_binomial_Coeff_Sum(n: number): number {\n    let sum: number = 0;\n    for (let i = 0; i <= n; i += 2) {\n        sum += binomial_Coeff(n, i);\n    }\n    return sum;\n}\n\ndeclare var require: any;\nconst assert = require('node:assert');\n\n\nfunction test() {\n  let candidate = even_binomial_Coeff_Sum;\n  assert.deepEqual(candidate(4),8);\n  assert.deepEqual(candidate(6),32);\n  assert.deepEqual(candidate(2),2);\n}\n\ntest();",
      "timestamp": 1665510132,
      "stdout": "../../../../tmp/tmphvv71r6w.ts(5,16): error TS2304: Cannot find name 'binomial_Coeff'.\n",
      "stderr": "",
      "exit_code": 2,
      "status": "SyntaxError"
    },
    {
      "program": "//Write a python function that takes in a positive integer n and finds the sum of even index binomial coefficients.\nfunction even_binomial_Coeff_Sum(n: number): number {\n    let sum: number = 0;\n    for (let i: number = 0; i <= n; i++) {\n        if (i % 2 == 0) {\n            sum += binomial_Coeff(n, i);\n        }\n    }\n    return sum;\n}\n\ndeclare var require: any;\nconst assert = require('node:assert');\n\n\nfunction test() {\n  let candidate = even_binomial_Coeff_Sum;\n  assert.deepEqual(candidate(4),8);\n  assert.deepEqual(candidate(6),32);\n  assert.deepEqual(candidate(2),2);\n}\n\ntest();",
      "timestamp": 1665510132,
      "stdout": "../../../../tmp/tmp_srfjecf.ts(6,20): error TS2304: Cannot find name 'binomial_Coeff'.\n",
      "stderr": "",
      "exit_code": 2,
      "status": "SyntaxError"
    },
    {
      "program": "//Write a python function that takes in a positive integer n and finds the sum of even index binomial coefficients.\nfunction even_binomial_Coeff_Sum(n: number): number {\n    let sum: number = 0;\n    for (let i: number = 0; i <= n; i++) {\n        if (i % 2 == 0) {\n            sum += binomial_Coeff(n, i);\n        }\n    }\n    return sum;\n}\n\ndeclare var require: any;\nconst assert = require('node:assert');\n\n\nfunction test() {\n  let candidate = even_binomial_Coeff_Sum;\n  assert.deepEqual(candidate(4),8);\n  assert.deepEqual(candidate(6),32);\n  assert.deepEqual(candidate(2),2);\n}\n\ntest();",
      "timestamp": 1665510132,
      "stdout": "../../../../tmp/tmp_srfjecf.ts(6,20): error TS2304: Cannot find name 'binomial_Coeff'.\n",
      "stderr": "",
      "exit_code": 2,
      "status": "SyntaxError"
    },
    {
      "program": "//Write a python function that takes in a positive integer n and finds the sum of even index binomial coefficients.\nfunction even_binomial_Coeff_Sum(n: number): number {\n    let sum: number = 0;\n    for (let i = 0; i <= n; i += 2) {\n        sum += binomialCoeff(n, i);\n    }\n    return sum;\n}\n\ndeclare var require: any;\nconst assert = require('node:assert');\n\n\nfunction test() {\n  let candidate = even_binomial_Coeff_Sum;\n  assert.deepEqual(candidate(4),8);\n  assert.deepEqual(candidate(6),32);\n  assert.deepEqual(candidate(2),2);\n}\n\ntest();",
      "timestamp": 1666122832,
      "stdout": "../../../../tmp/tmp7f3cmpct.ts(5,16): error TS2304: Cannot find name 'binomialCoeff'.\n",
      "stderr": "",
      "exit_code": 2,
      "status": "SyntaxError"
    },
    {
      "program": "//Write a python function that takes in a positive integer n and finds the sum of even index binomial coefficients.\nfunction even_binomial_Coeff_Sum(n: number): number {\n    let sum = 0;\n    for (let i = 0; i <= n; i += 2) {\n        sum += binomial_Coeff(n, i);\n    }\n    return sum;\n}\n\ndeclare var require: any;\nconst assert = require('node:assert');\n\n\nfunction test() {\n  let candidate = even_binomial_Coeff_Sum;\n  assert.deepEqual(candidate(4),8);\n  assert.deepEqual(candidate(6),32);\n  assert.deepEqual(candidate(2),2);\n}\n\ntest();",
      "timestamp": 1665510132,
      "stdout": "../../../../tmp/tmp683gpp6u.ts(5,16): error TS2304: Cannot find name 'binomial_Coeff'.\n",
      "stderr": "",
      "exit_code": 2,
      "status": "SyntaxError"
    },
    {
      "program": "//Write a python function that takes in a positive integer n and finds the sum of even index binomial coefficients.\nfunction even_binomial_Coeff_Sum(n: number): number {\n    let sum: number = 0;\n    for (let i: number = 0; i <= n; i++) {\n        if (i % 2 == 0) {\n            sum += binomial_Coeff(n, i);\n        }\n    }\n    return sum;\n}\n\ndeclare var require: any;\nconst assert = require('node:assert');\n\n\nfunction test() {\n  let candidate = even_binomial_Coeff_Sum;\n  assert.deepEqual(candidate(4),8);\n  assert.deepEqual(candidate(6),32);\n  assert.deepEqual(candidate(2),2);\n}\n\ntest();",
      "timestamp": 1665510132,
      "stdout": "../../../../tmp/tmp_srfjecf.ts(6,20): error TS2304: Cannot find name 'binomial_Coeff'.\n",
      "stderr": "",
      "exit_code": 2,
      "status": "SyntaxError"
    },
    {
      "program": "//Write a python function that takes in a positive integer n and finds the sum of even index binomial coefficients.\nfunction even_binomial_Coeff_Sum(n: number): number {\n  let sum: number = 0;\n  for (let i = 0; i <= n; i += 2) {\n    sum += binomial_Coeff(n, i);\n  }\n  return sum;\n}\n\ndeclare var require: any;\nconst assert = require('node:assert');\n\n\nfunction test() {\n  let candidate = even_binomial_Coeff_Sum;\n  assert.deepEqual(candidate(4),8);\n  assert.deepEqual(candidate(6),32);\n  assert.deepEqual(candidate(2),2);\n}\n\ntest();",
      "timestamp": 1666122832,
      "stdout": "../../../../tmp/tmpj4wbqfv1.ts(5,12): error TS2304: Cannot find name 'binomial_Coeff'.\n",
      "stderr": "",
      "exit_code": 2,
      "status": "SyntaxError"
    },
    {
      "program": "//Write a python function that takes in a positive integer n and finds the sum of even index binomial coefficients.\nfunction even_binomial_Coeff_Sum(n: number): number {\n    let sum: number = 0;\n    for (let i = 0; i <= n; i++) {\n        if (i % 2 == 0) {\n            sum += binomial_Coeff(n, i);\n        }\n    }\n    return sum;\n}\n\ndeclare var require: any;\nconst assert = require('node:assert');\n\n\nfunction test() {\n  let candidate = even_binomial_Coeff_Sum;\n  assert.deepEqual(candidate(4),8);\n  assert.deepEqual(candidate(6),32);\n  assert.deepEqual(candidate(2),2);\n}\n\ntest();",
      "timestamp": 1665510132,
      "stdout": "../../../../tmp/tmp4h7co3n8.ts(6,20): error TS2304: Cannot find name 'binomial_Coeff'.\n",
      "stderr": "",
      "exit_code": 2,
      "status": "SyntaxError"
    },
    {
      "program": "//Write a python function that takes in a positive integer n and finds the sum of even index binomial coefficients.\nfunction even_binomial_Coeff_Sum(n: number): number {\n    let sum = 0;\n    for (let i = 0; i <= n; i++) {\n        if (i % 2 == 0) {\n            sum += binomialCoeff(n, i);\n        }\n    }\n    return sum;\n}\n\ndeclare var require: any;\nconst assert = require('node:assert');\n\n\nfunction test() {\n  let candidate = even_binomial_Coeff_Sum;\n  assert.deepEqual(candidate(4),8);\n  assert.deepEqual(candidate(6),32);\n  assert.deepEqual(candidate(2),2);\n}\n\ntest();",
      "timestamp": 1665510132,
      "stdout": "../../../../tmp/tmpnhkq5240.ts(6,20): error TS2304: Cannot find name 'binomialCoeff'.\n",
      "stderr": "",
      "exit_code": 2,
      "status": "SyntaxError"
    },
    {
      "program": "//Write a python function that takes in a positive integer n and finds the sum of even index binomial coefficients.\nfunction even_binomial_Coeff_Sum(n: number): number {\n    let sum: number = 0;\n    for (let i: number = 0; i <= n; i += 2) {\n        sum += binomial_Coeff(n, i);\n    }\n    return sum;\n}\n\ndeclare var require: any;\nconst assert = require('node:assert');\n\n\nfunction test() {\n  let candidate = even_binomial_Coeff_Sum;\n  assert.deepEqual(candidate(4),8);\n  assert.deepEqual(candidate(6),32);\n  assert.deepEqual(candidate(2),2);\n}\n\ntest();",
      "timestamp": 1665510132,
      "stdout": "../../../../tmp/tmpwu8mscef.ts(5,16): error TS2304: Cannot find name 'binomial_Coeff'.\n",
      "stderr": "",
      "exit_code": 2,
      "status": "SyntaxError"
    },
    {
      "program": "//Write a python function that takes in a positive integer n and finds the sum of even index binomial coefficients.\nfunction even_binomial_Coeff_Sum(n: number): number {\n    let sum = 0;\n    for (let i = 0; i <= n; i++) {\n        if (i % 2 == 0) {\n            sum += binomial_Coeff(n, i);\n        }\n    }\n    return sum;\n}\n\ndeclare var require: any;\nconst assert = require('node:assert');\n\n\nfunction test() {\n  let candidate = even_binomial_Coeff_Sum;\n  assert.deepEqual(candidate(4),8);\n  assert.deepEqual(candidate(6),32);\n  assert.deepEqual(candidate(2),2);\n}\n\ntest();",
      "timestamp": 1665510132,
      "stdout": "../../../../tmp/tmpvar82qsc.ts(6,20): error TS2304: Cannot find name 'binomial_Coeff'.\n",
      "stderr": "",
      "exit_code": 2,
      "status": "SyntaxError"
    },
    {
      "program": "//Write a python function that takes in a positive integer n and finds the sum of even index binomial coefficients.\nfunction even_binomial_Coeff_Sum(n: number): number {\n    let sum = 0;\n    for (let i = 0; i <= n; i++) {\n        if (i % 2 === 0) {\n            sum += binomial_Coeff(n, i);\n        }\n    }\n    return sum;\n}\n\ndeclare var require: any;\nconst assert = require('node:assert');\n\n\nfunction test() {\n  let candidate = even_binomial_Coeff_Sum;\n  assert.deepEqual(candidate(4),8);\n  assert.deepEqual(candidate(6),32);\n  assert.deepEqual(candidate(2),2);\n}\n\ntest();",
      "timestamp": 1666122832,
      "stdout": "../../../../tmp/tmpvtsx8vai.ts(6,20): error TS2304: Cannot find name 'binomial_Coeff'.\n",
      "stderr": "",
      "exit_code": 2,
      "status": "SyntaxError"
    },
    {
      "program": "//Write a python function that takes in a positive integer n and finds the sum of even index binomial coefficients.\nfunction even_binomial_Coeff_Sum(n: number): number {\n    let sum: number = 0;\n    for (let i: number = 0; i <= n; i++) {\n        if (i % 2 == 0) {\n            sum += binomial_Coeff(n, i);\n        }\n    }\n    return sum;\n}\n\ndeclare var require: any;\nconst assert = require('node:assert');\n\n\nfunction test() {\n  let candidate = even_binomial_Coeff_Sum;\n  assert.deepEqual(candidate(4),8);\n  assert.deepEqual(candidate(6),32);\n  assert.deepEqual(candidate(2),2);\n}\n\ntest();",
      "timestamp": 1665510132,
      "stdout": "../../../../tmp/tmp_srfjecf.ts(6,20): error TS2304: Cannot find name 'binomial_Coeff'.\n",
      "stderr": "",
      "exit_code": 2,
      "status": "SyntaxError"
    },
    {
      "program": "//Write a python function that takes in a positive integer n and finds the sum of even index binomial coefficients.\nfunction even_binomial_Coeff_Sum(n: number): number {\n    let sum = 0;\n    for (let i = 0; i <= n; i++) {\n        if (i % 2 == 0) {\n            sum += binomial_Coeff(n, i);\n        }\n    }\n    return sum;\n}\n\ndeclare var require: any;\nconst assert = require('node:assert');\n\n\nfunction test() {\n  let candidate = even_binomial_Coeff_Sum;\n  assert.deepEqual(candidate(4),8);\n  assert.deepEqual(candidate(6),32);\n  assert.deepEqual(candidate(2),2);\n}\n\ntest();",
      "timestamp": 1665510132,
      "stdout": "../../../../tmp/tmpvar82qsc.ts(6,20): error TS2304: Cannot find name 'binomial_Coeff'.\n",
      "stderr": "",
      "exit_code": 2,
      "status": "SyntaxError"
    },
    {
      "program": "//Write a python function that takes in a positive integer n and finds the sum of even index binomial coefficients.\nfunction even_binomial_Coeff_Sum(n: number): number {\n  let sum = 0;\n  for (let i = 0; i <= n; i++) {\n    if (i % 2 == 0) {\n      sum += binomial_Coeff(n, i);\n    }\n  }\n  return sum;\n}\n\ndeclare var require: any;\nconst assert = require('node:assert');\n\n\nfunction test() {\n  let candidate = even_binomial_Coeff_Sum;\n  assert.deepEqual(candidate(4),8);\n  assert.deepEqual(candidate(6),32);\n  assert.deepEqual(candidate(2),2);\n}\n\ntest();",
      "timestamp": 1666122832,
      "stdout": "../../../../tmp/tmp1ipop7ih.ts(6,14): error TS2304: Cannot find name 'binomial_Coeff'.\n",
      "stderr": "",
      "exit_code": 2,
      "status": "SyntaxError"
    },
    {
      "program": "//Write a python function that takes in a positive integer n and finds the sum of even index binomial coefficients.\nfunction even_binomial_Coeff_Sum(n: number): number {\n    let sum = 0;\n    for (let i = 0; i <= n; i += 2) {\n        sum += binomial_Coeff(n, i);\n    }\n    return sum;\n}\n\ndeclare var require: any;\nconst assert = require('node:assert');\n\n\nfunction test() {\n  let candidate = even_binomial_Coeff_Sum;\n  assert.deepEqual(candidate(4),8);\n  assert.deepEqual(candidate(6),32);\n  assert.deepEqual(candidate(2),2);\n}\n\ntest();",
      "timestamp": 1665510132,
      "stdout": "../../../../tmp/tmp683gpp6u.ts(5,16): error TS2304: Cannot find name 'binomial_Coeff'.\n",
      "stderr": "",
      "exit_code": 2,
      "status": "SyntaxError"
    },
    {
      "program": "//Write a python function that takes in a positive integer n and finds the sum of even index binomial coefficients.\nfunction even_binomial_Coeff_Sum(n: number): number {\n    let sum: number = 0;\n    for (let i = 0; i <= n; i += 2) {\n        sum += binomialCoeff(n, i);\n    }\n    return sum;\n}\n\ndeclare var require: any;\nconst assert = require('node:assert');\n\n\nfunction test() {\n  let candidate = even_binomial_Coeff_Sum;\n  assert.deepEqual(candidate(4),8);\n  assert.deepEqual(candidate(6),32);\n  assert.deepEqual(candidate(2),2);\n}\n\ntest();",
      "timestamp": 1666122832,
      "stdout": "../../../../tmp/tmp7f3cmpct.ts(5,16): error TS2304: Cannot find name 'binomialCoeff'.\n",
      "stderr": "",
      "exit_code": 2,
      "status": "SyntaxError"
    },
    {
      "program": "//Write a python function that takes in a positive integer n and finds the sum of even index binomial coefficients.\nfunction even_binomial_Coeff_Sum(n: number): number {\n    let sum = 0;\n    for (let i = 0; i <= n; i += 2) {\n        sum += binomial_Coeff(n, i);\n    }\n    return sum;\n}\n\ndeclare var require: any;\nconst assert = require('node:assert');\n\n\nfunction test() {\n  let candidate = even_binomial_Coeff_Sum;\n  assert.deepEqual(candidate(4),8);\n  assert.deepEqual(candidate(6),32);\n  assert.deepEqual(candidate(2),2);\n}\n\ntest();",
      "timestamp": 1665510132,
      "stdout": "../../../../tmp/tmp683gpp6u.ts(5,16): error TS2304: Cannot find name 'binomial_Coeff'.\n",
      "stderr": "",
      "exit_code": 2,
      "status": "SyntaxError"
    },
    {
      "program": "//Write a python function that takes in a positive integer n and finds the sum of even index binomial coefficients.\nfunction even_binomial_Coeff_Sum(n: number): number {\n    let sum = 0;\n    for (let i = 0; i <= n; i += 2) {\n        sum += binomial_Coeff(n, i);\n    }\n    return sum;\n}\n\ndeclare var require: any;\nconst assert = require('node:assert');\n\n\nfunction test() {\n  let candidate = even_binomial_Coeff_Sum;\n  assert.deepEqual(candidate(4),8);\n  assert.deepEqual(candidate(6),32);\n  assert.deepEqual(candidate(2),2);\n}\n\ntest();",
      "timestamp": 1665510132,
      "stdout": "../../../../tmp/tmp683gpp6u.ts(5,16): error TS2304: Cannot find name 'binomial_Coeff'.\n",
      "stderr": "",
      "exit_code": 2,
      "status": "SyntaxError"
    },
    {
      "program": "//Write a python function that takes in a positive integer n and finds the sum of even index binomial coefficients.\nfunction even_binomial_Coeff_Sum(n: number): number {\n    let sum = 0;\n    for (let i = 0; i <= n; i += 2) {\n        sum += binomial_Coeff(n, i);\n    }\n    return sum;\n}\n\ndeclare var require: any;\nconst assert = require('node:assert');\n\n\nfunction test() {\n  let candidate = even_binomial_Coeff_Sum;\n  assert.deepEqual(candidate(4),8);\n  assert.deepEqual(candidate(6),32);\n  assert.deepEqual(candidate(2),2);\n}\n\ntest();",
      "timestamp": 1665510132,
      "stdout": "../../../../tmp/tmp683gpp6u.ts(5,16): error TS2304: Cannot find name 'binomial_Coeff'.\n",
      "stderr": "",
      "exit_code": 2,
      "status": "SyntaxError"
    },
    {
      "program": "//Write a python function that takes in a positive integer n and finds the sum of even index binomial coefficients.\nfunction even_binomial_Coeff_Sum(n: number): number {\n    let sum: number = 0;\n    for (let i: number = 0; i <= n; i++) {\n        if (i % 2 == 0) {\n            sum += binomial_Coeff(n, i);\n        }\n    }\n    return sum;\n}\n\ndeclare var require: any;\nconst assert = require('node:assert');\n\n\nfunction test() {\n  let candidate = even_binomial_Coeff_Sum;\n  assert.deepEqual(candidate(4),8);\n  assert.deepEqual(candidate(6),32);\n  assert.deepEqual(candidate(2),2);\n}\n\ntest();",
      "timestamp": 1665510132,
      "stdout": "../../../../tmp/tmp_srfjecf.ts(6,20): error TS2304: Cannot find name 'binomial_Coeff'.\n",
      "stderr": "",
      "exit_code": 2,
      "status": "SyntaxError"
    },
    {
      "program": "//Write a python function that takes in a positive integer n and finds the sum of even index binomial coefficients.\nfunction even_binomial_Coeff_Sum(n: number): number {\n    let sum: number = 0;\n    for (let i: number = 0; i <= n; i++) {\n        if (i % 2 == 0) {\n            sum += binomial_Coeff(n, i);\n        }\n    }\n    return sum;\n}\n\ndeclare var require: any;\nconst assert = require('node:assert');\n\n\nfunction test() {\n  let candidate = even_binomial_Coeff_Sum;\n  assert.deepEqual(candidate(4),8);\n  assert.deepEqual(candidate(6),32);\n  assert.deepEqual(candidate(2),2);\n}\n\ntest();",
      "timestamp": 1665510132,
      "stdout": "../../../../tmp/tmp_srfjecf.ts(6,20): error TS2304: Cannot find name 'binomial_Coeff'.\n",
      "stderr": "",
      "exit_code": 2,
      "status": "SyntaxError"
    },
    {
      "program": "//Write a python function that takes in a positive integer n and finds the sum of even index binomial coefficients.\nfunction even_binomial_Coeff_Sum(n: number): number {\n    let sum = 0;\n    for (let i = 0; i <= n; i += 2) {\n        sum += binomial_Coeff(n, i);\n    }\n    return sum;\n}\n\ndeclare var require: any;\nconst assert = require('node:assert');\n\n\nfunction test() {\n  let candidate = even_binomial_Coeff_Sum;\n  assert.deepEqual(candidate(4),8);\n  assert.deepEqual(candidate(6),32);\n  assert.deepEqual(candidate(2),2);\n}\n\ntest();",
      "timestamp": 1665510132,
      "stdout": "../../../../tmp/tmp683gpp6u.ts(5,16): error TS2304: Cannot find name 'binomial_Coeff'.\n",
      "stderr": "",
      "exit_code": 2,
      "status": "SyntaxError"
    },
    {
      "program": "//Write a python function that takes in a positive integer n and finds the sum of even index binomial coefficients.\nfunction even_binomial_Coeff_Sum(n: number): number {\n  let sum = 0;\n  for (let i = 0; i <= n; i += 2) {\n    sum += binomial_Coeff(n, i);\n  }\n  return sum;\n}\n\ndeclare var require: any;\nconst assert = require('node:assert');\n\n\nfunction test() {\n  let candidate = even_binomial_Coeff_Sum;\n  assert.deepEqual(candidate(4),8);\n  assert.deepEqual(candidate(6),32);\n  assert.deepEqual(candidate(2),2);\n}\n\ntest();",
      "timestamp": 1665510132,
      "stdout": "../../../../tmp/tmply0zl0lo.ts(5,12): error TS2304: Cannot find name 'binomial_Coeff'.\n",
      "stderr": "",
      "exit_code": 2,
      "status": "SyntaxError"
    },
    {
      "program": "//Write a python function that takes in a positive integer n and finds the sum of even index binomial coefficients.\nfunction even_binomial_Coeff_Sum(n: number): number {\n    let sum = 0;\n    for (let i = 0; i <= n; i++) {\n        if (i % 2 == 0) {\n            sum += binomial_Coeff(n, i);\n        }\n    }\n    return sum;\n}\n\ndeclare var require: any;\nconst assert = require('node:assert');\n\n\nfunction test() {\n  let candidate = even_binomial_Coeff_Sum;\n  assert.deepEqual(candidate(4),8);\n  assert.deepEqual(candidate(6),32);\n  assert.deepEqual(candidate(2),2);\n}\n\ntest();",
      "timestamp": 1665510132,
      "stdout": "../../../../tmp/tmpvar82qsc.ts(6,20): error TS2304: Cannot find name 'binomial_Coeff'.\n",
      "stderr": "",
      "exit_code": 2,
      "status": "SyntaxError"
    },
    {
      "program": "//Write a python function that takes in a positive integer n and finds the sum of even index binomial coefficients.\nfunction even_binomial_Coeff_Sum(n: number): number {\n    let sum = 0;\n    for (let i = 0; i <= n; i += 2) {\n        sum += binomial_Coeff(n, i);\n    }\n    return sum;\n}\n\ndeclare var require: any;\nconst assert = require('node:assert');\n\n\nfunction test() {\n  let candidate = even_binomial_Coeff_Sum;\n  assert.deepEqual(candidate(4),8);\n  assert.deepEqual(candidate(6),32);\n  assert.deepEqual(candidate(2),2);\n}\n\ntest();",
      "timestamp": 1665510132,
      "stdout": "../../../../tmp/tmp683gpp6u.ts(5,16): error TS2304: Cannot find name 'binomial_Coeff'.\n",
      "stderr": "",
      "exit_code": 2,
      "status": "SyntaxError"
    },
    {
      "program": "//Write a python function that takes in a positive integer n and finds the sum of even index binomial coefficients.\nfunction even_binomial_Coeff_Sum(n: number): number {\n    let sum = 0;\n    for (let i = 0; i <= n; i++) {\n        if (i % 2 == 0) {\n            sum += binomial_Coeff(n, i);\n        }\n    }\n    return sum;\n}\n\ndeclare var require: any;\nconst assert = require('node:assert');\n\n\nfunction test() {\n  let candidate = even_binomial_Coeff_Sum;\n  assert.deepEqual(candidate(4),8);\n  assert.deepEqual(candidate(6),32);\n  assert.deepEqual(candidate(2),2);\n}\n\ntest();",
      "timestamp": 1665510132,
      "stdout": "../../../../tmp/tmpvar82qsc.ts(6,20): error TS2304: Cannot find name 'binomial_Coeff'.\n",
      "stderr": "",
      "exit_code": 2,
      "status": "SyntaxError"
    },
    {
      "program": "//Write a python function that takes in a positive integer n and finds the sum of even index binomial coefficients.\nfunction even_binomial_Coeff_Sum(n: number): number {\n    let sum = 0;\n    for (let i = 0; i <= n; i++) {\n        if (i % 2 === 0) {\n            sum += binomial_Coeff(n, i);\n        }\n    }\n    return sum;\n}\n\ndeclare var require: any;\nconst assert = require('node:assert');\n\n\nfunction test() {\n  let candidate = even_binomial_Coeff_Sum;\n  assert.deepEqual(candidate(4),8);\n  assert.deepEqual(candidate(6),32);\n  assert.deepEqual(candidate(2),2);\n}\n\ntest();",
      "timestamp": 1666122832,
      "stdout": "../../../../tmp/tmpvtsx8vai.ts(6,20): error TS2304: Cannot find name 'binomial_Coeff'.\n",
      "stderr": "",
      "exit_code": 2,
      "status": "SyntaxError"
    },
    {
      "program": "//Write a python function that takes in a positive integer n and finds the sum of even index binomial coefficients.\nfunction even_binomial_Coeff_Sum(n: number): number {\n    let sum = 0;\n    for (let i = 0; i <= n; i += 2) {\n        sum += binomial_Coeff(n, i);\n    }\n    return sum;\n}\n\ndeclare var require: any;\nconst assert = require('node:assert');\n\n\nfunction test() {\n  let candidate = even_binomial_Coeff_Sum;\n  assert.deepEqual(candidate(4),8);\n  assert.deepEqual(candidate(6),32);\n  assert.deepEqual(candidate(2),2);\n}\n\ntest();",
      "timestamp": 1665510132,
      "stdout": "../../../../tmp/tmp683gpp6u.ts(5,16): error TS2304: Cannot find name 'binomial_Coeff'.\n",
      "stderr": "",
      "exit_code": 2,
      "status": "SyntaxError"
    },
    {
      "program": "//Write a python function that takes in a positive integer n and finds the sum of even index binomial coefficients.\nfunction even_binomial_Coeff_Sum(n: number): number {\n    let sum = 0;\n    for (let i = 0; i <= n; i++) {\n        if (i % 2 == 0) {\n            sum += binomialCoeff(n, i);\n        }\n    }\n    return sum;\n}\n\ndeclare var require: any;\nconst assert = require('node:assert');\n\n\nfunction test() {\n  let candidate = even_binomial_Coeff_Sum;\n  assert.deepEqual(candidate(4),8);\n  assert.deepEqual(candidate(6),32);\n  assert.deepEqual(candidate(2),2);\n}\n\ntest();",
      "timestamp": 1665510132,
      "stdout": "../../../../tmp/tmpnhkq5240.ts(6,20): error TS2304: Cannot find name 'binomialCoeff'.\n",
      "stderr": "",
      "exit_code": 2,
      "status": "SyntaxError"
    },
    {
      "program": "//Write a python function that takes in a positive integer n and finds the sum of even index binomial coefficients.\nfunction even_binomial_Coeff_Sum(n: number): number {\n    let sum = 0;\n    for (let i = 0; i <= n; i += 2) {\n        sum += binomial_Coeff(n, i);\n    }\n    return sum;\n}\n\ndeclare var require: any;\nconst assert = require('node:assert');\n\n\nfunction test() {\n  let candidate = even_binomial_Coeff_Sum;\n  assert.deepEqual(candidate(4),8);\n  assert.deepEqual(candidate(6),32);\n  assert.deepEqual(candidate(2),2);\n}\n\ntest();",
      "timestamp": 1665510132,
      "stdout": "../../../../tmp/tmp683gpp6u.ts(5,16): error TS2304: Cannot find name 'binomial_Coeff'.\n",
      "stderr": "",
      "exit_code": 2,
      "status": "SyntaxError"
    },
    {
      "program": "//Write a python function that takes in a positive integer n and finds the sum of even index binomial coefficients.\nfunction even_binomial_Coeff_Sum(n: number): number {\n    let sum: number = 0;\n    for (let i: number = 0; i <= n; i++) {\n        if (i % 2 == 0) {\n            sum += binomial_Coeff(n, i);\n        }\n    }\n    return sum;\n}\n\ndeclare var require: any;\nconst assert = require('node:assert');\n\n\nfunction test() {\n  let candidate = even_binomial_Coeff_Sum;\n  assert.deepEqual(candidate(4),8);\n  assert.deepEqual(candidate(6),32);\n  assert.deepEqual(candidate(2),2);\n}\n\ntest();",
      "timestamp": 1665510132,
      "stdout": "../../../../tmp/tmp_srfjecf.ts(6,20): error TS2304: Cannot find name 'binomial_Coeff'.\n",
      "stderr": "",
      "exit_code": 2,
      "status": "SyntaxError"
    },
    {
      "program": "//Write a python function that takes in a positive integer n and finds the sum of even index binomial coefficients.\nfunction even_binomial_Coeff_Sum(n: number): number {\n    let sum: number = 0;\n    for (let i = 0; i <= n; i++) {\n        if (i % 2 == 0) {\n            sum += binomial_Coeff(n, i);\n        }\n    }\n    return sum;\n}\n\ndeclare var require: any;\nconst assert = require('node:assert');\n\n\nfunction test() {\n  let candidate = even_binomial_Coeff_Sum;\n  assert.deepEqual(candidate(4),8);\n  assert.deepEqual(candidate(6),32);\n  assert.deepEqual(candidate(2),2);\n}\n\ntest();",
      "timestamp": 1665510132,
      "stdout": "../../../../tmp/tmp4h7co3n8.ts(6,20): error TS2304: Cannot find name 'binomial_Coeff'.\n",
      "stderr": "",
      "exit_code": 2,
      "status": "SyntaxError"
    },
    {
      "program": "//Write a python function that takes in a positive integer n and finds the sum of even index binomial coefficients.\nfunction even_binomial_Coeff_Sum(n: number): number {\n    let sum = 0;\n    for (let i = 0; i <= n; i++) {\n        if (i % 2 === 0) {\n            sum += binomial_Coeff(n, i);\n        }\n    }\n    return sum;\n}\n\ndeclare var require: any;\nconst assert = require('node:assert');\n\n\nfunction test() {\n  let candidate = even_binomial_Coeff_Sum;\n  assert.deepEqual(candidate(4),8);\n  assert.deepEqual(candidate(6),32);\n  assert.deepEqual(candidate(2),2);\n}\n\ntest();",
      "timestamp": 1666122832,
      "stdout": "../../../../tmp/tmpvtsx8vai.ts(6,20): error TS2304: Cannot find name 'binomial_Coeff'.\n",
      "stderr": "",
      "exit_code": 2,
      "status": "SyntaxError"
    },
    {
      "program": "//Write a python function that takes in a positive integer n and finds the sum of even index binomial coefficients.\nfunction even_binomial_Coeff_Sum(n: number): number {\n    let sum = 0;\n    for (let i = 0; i <= n; i += 2) {\n        sum += binomialCoeff(n, i);\n    }\n    return sum;\n}\n\ndeclare var require: any;\nconst assert = require('node:assert');\n\n\nfunction test() {\n  let candidate = even_binomial_Coeff_Sum;\n  assert.deepEqual(candidate(4),8);\n  assert.deepEqual(candidate(6),32);\n  assert.deepEqual(candidate(2),2);\n}\n\ntest();",
      "timestamp": 1666122832,
      "stdout": "../../../../tmp/tmph52kooec.ts(5,16): error TS2304: Cannot find name 'binomialCoeff'.\n",
      "stderr": "",
      "exit_code": 2,
      "status": "SyntaxError"
    },
    {
      "program": "//Write a python function that takes in a positive integer n and finds the sum of even index binomial coefficients.\nfunction even_binomial_Coeff_Sum(n: number): number {\n    let sum: number = 0;\n    for (let i = 0; i <= n; i++) {\n        if (i % 2 == 0) {\n            sum += binomial_Coeff(n, i);\n        }\n    }\n    return sum;\n}\n\ndeclare var require: any;\nconst assert = require('node:assert');\n\n\nfunction test() {\n  let candidate = even_binomial_Coeff_Sum;\n  assert.deepEqual(candidate(4),8);\n  assert.deepEqual(candidate(6),32);\n  assert.deepEqual(candidate(2),2);\n}\n\ntest();",
      "timestamp": 1665510132,
      "stdout": "../../../../tmp/tmp4h7co3n8.ts(6,20): error TS2304: Cannot find name 'binomial_Coeff'.\n",
      "stderr": "",
      "exit_code": 2,
      "status": "SyntaxError"
    },
    {
      "program": "//Write a python function that takes in a positive integer n and finds the sum of even index binomial coefficients.\nfunction even_binomial_Coeff_Sum(n: number): number {\n    let sum = 0;\n    for (let i = 0; i <= n; i += 2) {\n        sum += binomialCoeff(n, i);\n    }\n    return sum;\n}\n\ndeclare var require: any;\nconst assert = require('node:assert');\n\n\nfunction test() {\n  let candidate = even_binomial_Coeff_Sum;\n  assert.deepEqual(candidate(4),8);\n  assert.deepEqual(candidate(6),32);\n  assert.deepEqual(candidate(2),2);\n}\n\ntest();",
      "timestamp": 1666122832,
      "stdout": "../../../../tmp/tmph52kooec.ts(5,16): error TS2304: Cannot find name 'binomialCoeff'.\n",
      "stderr": "",
      "exit_code": 2,
      "status": "SyntaxError"
    },
    {
      "program": "//Write a python function that takes in a positive integer n and finds the sum of even index binomial coefficients.\nfunction even_binomial_Coeff_Sum(n: number): number {\n    let sum = 0;\n    for (let i = 0; i <= n; i += 2) {\n        sum += binomial_Coeff(n, i);\n    }\n    return sum;\n}\n\ndeclare var require: any;\nconst assert = require('node:assert');\n\n\nfunction test() {\n  let candidate = even_binomial_Coeff_Sum;\n  assert.deepEqual(candidate(4),8);\n  assert.deepEqual(candidate(6),32);\n  assert.deepEqual(candidate(2),2);\n}\n\ntest();",
      "timestamp": 1665510132,
      "stdout": "../../../../tmp/tmp683gpp6u.ts(5,16): error TS2304: Cannot find name 'binomial_Coeff'.\n",
      "stderr": "",
      "exit_code": 2,
      "status": "SyntaxError"
    },
    {
      "program": "//Write a python function that takes in a positive integer n and finds the sum of even index binomial coefficients.\nfunction even_binomial_Coeff_Sum(n: number): number {\n    let sum: number = 0;\n    for (let i = 0; i <= n; i += 2) {\n        sum += binomialCoeff(n, i);\n    }\n    return sum;\n}\n\ndeclare var require: any;\nconst assert = require('node:assert');\n\n\nfunction test() {\n  let candidate = even_binomial_Coeff_Sum;\n  assert.deepEqual(candidate(4),8);\n  assert.deepEqual(candidate(6),32);\n  assert.deepEqual(candidate(2),2);\n}\n\ntest();",
      "timestamp": 1666122832,
      "stdout": "../../../../tmp/tmp7f3cmpct.ts(5,16): error TS2304: Cannot find name 'binomialCoeff'.\n",
      "stderr": "",
      "exit_code": 2,
      "status": "SyntaxError"
    },
    {
      "program": "//Write a python function that takes in a positive integer n and finds the sum of even index binomial coefficients.\nfunction even_binomial_Coeff_Sum(n: number): number {\n    let sum: number = 0;\n    for (let i: number = 0; i <= n; i += 2) {\n        sum += binomial_Coeff(n, i);\n    }\n    return sum;\n}\n\ndeclare var require: any;\nconst assert = require('node:assert');\n\n\nfunction test() {\n  let candidate = even_binomial_Coeff_Sum;\n  assert.deepEqual(candidate(4),8);\n  assert.deepEqual(candidate(6),32);\n  assert.deepEqual(candidate(2),2);\n}\n\ntest();",
      "timestamp": 1665510132,
      "stdout": "../../../../tmp/tmpwu8mscef.ts(5,16): error TS2304: Cannot find name 'binomial_Coeff'.\n",
      "stderr": "",
      "exit_code": 2,
      "status": "SyntaxError"
    },
    {
      "program": "//Write a python function that takes in a positive integer n and finds the sum of even index binomial coefficients.\nfunction even_binomial_Coeff_Sum(n: number): number {\n    let sum = 0;\n    for (let i = 0; i <= n; i++) {\n        if (i % 2 == 0) {\n            sum += binomialCoeff(n, i);\n        }\n    }\n    return sum;\n}\n\ndeclare var require: any;\nconst assert = require('node:assert');\n\n\nfunction test() {\n  let candidate = even_binomial_Coeff_Sum;\n  assert.deepEqual(candidate(4),8);\n  assert.deepEqual(candidate(6),32);\n  assert.deepEqual(candidate(2),2);\n}\n\ntest();",
      "timestamp": 1665510132,
      "stdout": "../../../../tmp/tmpnhkq5240.ts(6,20): error TS2304: Cannot find name 'binomialCoeff'.\n",
      "stderr": "",
      "exit_code": 2,
      "status": "SyntaxError"
    },
    {
      "program": "//Write a python function that takes in a positive integer n and finds the sum of even index binomial coefficients.\nfunction even_binomial_Coeff_Sum(n: number): number {\n    let sum = 0;\n    for (let i = 0; i <= n; i += 2) {\n        sum += binomial_Coeff(n, i);\n    }\n    return sum;\n}\n\ndeclare var require: any;\nconst assert = require('node:assert');\n\n\nfunction test() {\n  let candidate = even_binomial_Coeff_Sum;\n  assert.deepEqual(candidate(4),8);\n  assert.deepEqual(candidate(6),32);\n  assert.deepEqual(candidate(2),2);\n}\n\ntest();",
      "timestamp": 1665510132,
      "stdout": "../../../../tmp/tmp683gpp6u.ts(5,16): error TS2304: Cannot find name 'binomial_Coeff'.\n",
      "stderr": "",
      "exit_code": 2,
      "status": "SyntaxError"
    },
    {
      "program": "//Write a python function that takes in a positive integer n and finds the sum of even index binomial coefficients.\nfunction even_binomial_Coeff_Sum(n: number): number {\n    let sum: number = 0;\n    for (let i = 0; i <= n; i++) {\n        if (i % 2 == 0) {\n            sum += binomial_Coeff(n, i);\n        }\n    }\n    return sum;\n}\n\ndeclare var require: any;\nconst assert = require('node:assert');\n\n\nfunction test() {\n  let candidate = even_binomial_Coeff_Sum;\n  assert.deepEqual(candidate(4),8);\n  assert.deepEqual(candidate(6),32);\n  assert.deepEqual(candidate(2),2);\n}\n\ntest();",
      "timestamp": 1665510132,
      "stdout": "../../../../tmp/tmp4h7co3n8.ts(6,20): error TS2304: Cannot find name 'binomial_Coeff'.\n",
      "stderr": "",
      "exit_code": 2,
      "status": "SyntaxError"
    },
    {
      "program": "//Write a python function that takes in a positive integer n and finds the sum of even index binomial coefficients.\nfunction even_binomial_Coeff_Sum(n: number): number {\n    let sum: number = 0;\n    for (let i = 0; i <= n; i++) {\n        if (i % 2 == 0) {\n            sum += binomial_Coeff(n, i);\n        }\n    }\n    return sum;\n}\n\ndeclare var require: any;\nconst assert = require('node:assert');\n\n\nfunction test() {\n  let candidate = even_binomial_Coeff_Sum;\n  assert.deepEqual(candidate(4),8);\n  assert.deepEqual(candidate(6),32);\n  assert.deepEqual(candidate(2),2);\n}\n\ntest();",
      "timestamp": 1665510132,
      "stdout": "../../../../tmp/tmp4h7co3n8.ts(6,20): error TS2304: Cannot find name 'binomial_Coeff'.\n",
      "stderr": "",
      "exit_code": 2,
      "status": "SyntaxError"
    },
    {
      "program": "//Write a python function that takes in a positive integer n and finds the sum of even index binomial coefficients.\nfunction even_binomial_Coeff_Sum(n: number): number {\n    let sum = 0;\n    for (let i = 0; i <= n; i++) {\n        if (i % 2 == 0) {\n            sum += binomial_Coeff(n, i);\n        }\n    }\n    return sum;\n}\n\ndeclare var require: any;\nconst assert = require('node:assert');\n\n\nfunction test() {\n  let candidate = even_binomial_Coeff_Sum;\n  assert.deepEqual(candidate(4),8);\n  assert.deepEqual(candidate(6),32);\n  assert.deepEqual(candidate(2),2);\n}\n\ntest();",
      "timestamp": 1665510132,
      "stdout": "../../../../tmp/tmpvar82qsc.ts(6,20): error TS2304: Cannot find name 'binomial_Coeff'.\n",
      "stderr": "",
      "exit_code": 2,
      "status": "SyntaxError"
    },
    {
      "program": "//Write a python function that takes in a positive integer n and finds the sum of even index binomial coefficients.\nfunction even_binomial_Coeff_Sum(n: number): number {\n    let sum = 0;\n    for (let i = 0; i <= n; i++) {\n        if (i % 2 == 0) {\n            sum += binomial_Coeff(n, i);\n        }\n    }\n    return sum;\n}\n\ndeclare var require: any;\nconst assert = require('node:assert');\n\n\nfunction test() {\n  let candidate = even_binomial_Coeff_Sum;\n  assert.deepEqual(candidate(4),8);\n  assert.deepEqual(candidate(6),32);\n  assert.deepEqual(candidate(2),2);\n}\n\ntest();",
      "timestamp": 1665510132,
      "stdout": "../../../../tmp/tmpvar82qsc.ts(6,20): error TS2304: Cannot find name 'binomial_Coeff'.\n",
      "stderr": "",
      "exit_code": 2,
      "status": "SyntaxError"
    },
    {
      "program": "//Write a python function that takes in a positive integer n and finds the sum of even index binomial coefficients.\nfunction even_binomial_Coeff_Sum(n: number): number {\n    let sum: number = 0;\n    for (let i: number = 0; i <= n; i++) {\n        if (i % 2 == 0) {\n            sum += binomial_Coeff(n, i);\n        }\n    }\n    return sum;\n}\n\ndeclare var require: any;\nconst assert = require('node:assert');\n\n\nfunction test() {\n  let candidate = even_binomial_Coeff_Sum;\n  assert.deepEqual(candidate(4),8);\n  assert.deepEqual(candidate(6),32);\n  assert.deepEqual(candidate(2),2);\n}\n\ntest();",
      "timestamp": 1665510132,
      "stdout": "../../../../tmp/tmp_srfjecf.ts(6,20): error TS2304: Cannot find name 'binomial_Coeff'.\n",
      "stderr": "",
      "exit_code": 2,
      "status": "SyntaxError"
    },
    {
      "program": "//Write a python function that takes in a positive integer n and finds the sum of even index binomial coefficients.\nfunction even_binomial_Coeff_Sum(n: number): number {\n    let sum = 0;\n    for (let i = 0; i <= n; i += 2) {\n        sum += binomial_Coeff(n, i);\n    }\n    return sum;\n}\n\ndeclare var require: any;\nconst assert = require('node:assert');\n\n\nfunction test() {\n  let candidate = even_binomial_Coeff_Sum;\n  assert.deepEqual(candidate(4),8);\n  assert.deepEqual(candidate(6),32);\n  assert.deepEqual(candidate(2),2);\n}\n\ntest();",
      "timestamp": 1665510132,
      "stdout": "../../../../tmp/tmp683gpp6u.ts(5,16): error TS2304: Cannot find name 'binomial_Coeff'.\n",
      "stderr": "",
      "exit_code": 2,
      "status": "SyntaxError"
    },
    {
      "program": "//Write a python function that takes in a positive integer n and finds the sum of even index binomial coefficients.\nfunction even_binomial_Coeff_Sum(n: number): number {\n    let sum: number = 0;\n    for (let i: number = 0; i <= n; i++) {\n        if (i % 2 == 0) {\n            sum += binomial_Coeff(n, i);\n        }\n    }\n    return sum;\n}\n\ndeclare var require: any;\nconst assert = require('node:assert');\n\n\nfunction test() {\n  let candidate = even_binomial_Coeff_Sum;\n  assert.deepEqual(candidate(4),8);\n  assert.deepEqual(candidate(6),32);\n  assert.deepEqual(candidate(2),2);\n}\n\ntest();",
      "timestamp": 1665510132,
      "stdout": "../../../../tmp/tmp_srfjecf.ts(6,20): error TS2304: Cannot find name 'binomial_Coeff'.\n",
      "stderr": "",
      "exit_code": 2,
      "status": "SyntaxError"
    },
    {
      "program": "//Write a python function that takes in a positive integer n and finds the sum of even index binomial coefficients.\nfunction even_binomial_Coeff_Sum(n: number): number {\n    let sum = 0;\n    for (let i = 0; i <= n; i++) {\n        if (i % 2 == 0) {\n            sum += binomial_Coeff(n, i);\n        }\n    }\n    return sum;\n}\n\ndeclare var require: any;\nconst assert = require('node:assert');\n\n\nfunction test() {\n  let candidate = even_binomial_Coeff_Sum;\n  assert.deepEqual(candidate(4),8);\n  assert.deepEqual(candidate(6),32);\n  assert.deepEqual(candidate(2),2);\n}\n\ntest();",
      "timestamp": 1665510132,
      "stdout": "../../../../tmp/tmpvar82qsc.ts(6,20): error TS2304: Cannot find name 'binomial_Coeff'.\n",
      "stderr": "",
      "exit_code": 2,
      "status": "SyntaxError"
    },
    {
      "program": "//Write a python function that takes in a positive integer n and finds the sum of even index binomial coefficients.\nfunction even_binomial_Coeff_Sum(n: number): number {\n  let sum = 0;\n  for (let i = 0; i <= n; i += 2) {\n    sum += binomial_Coeff(n, i);\n  }\n  return sum;\n}\n\ndeclare var require: any;\nconst assert = require('node:assert');\n\n\nfunction test() {\n  let candidate = even_binomial_Coeff_Sum;\n  assert.deepEqual(candidate(4),8);\n  assert.deepEqual(candidate(6),32);\n  assert.deepEqual(candidate(2),2);\n}\n\ntest();",
      "timestamp": 1665510132,
      "stdout": "../../../../tmp/tmply0zl0lo.ts(5,12): error TS2304: Cannot find name 'binomial_Coeff'.\n",
      "stderr": "",
      "exit_code": 2,
      "status": "SyntaxError"
    },
    {
      "program": "//Write a python function that takes in a positive integer n and finds the sum of even index binomial coefficients.\nfunction even_binomial_Coeff_Sum(n: number): number {\n    let sum = 0;\n    for (let i = 0; i <= n; i++) {\n        if (i % 2 == 0) {\n            sum += binomial_Coeff(n, i);\n        }\n    }\n    return sum;\n}\n\ndeclare var require: any;\nconst assert = require('node:assert');\n\n\nfunction test() {\n  let candidate = even_binomial_Coeff_Sum;\n  assert.deepEqual(candidate(4),8);\n  assert.deepEqual(candidate(6),32);\n  assert.deepEqual(candidate(2),2);\n}\n\ntest();",
      "timestamp": 1665510132,
      "stdout": "../../../../tmp/tmpvar82qsc.ts(6,20): error TS2304: Cannot find name 'binomial_Coeff'.\n",
      "stderr": "",
      "exit_code": 2,
      "status": "SyntaxError"
    },
    {
      "program": "//Write a python function that takes in a positive integer n and finds the sum of even index binomial coefficients.\nfunction even_binomial_Coeff_Sum(n: number): number {\n    let sum: number = 0;\n    for (let i: number = 0; i <= n; i++) {\n        if (i % 2 == 0) {\n            sum += binomial_Coeff(n, i);\n        }\n    }\n    return sum;\n}\n\ndeclare var require: any;\nconst assert = require('node:assert');\n\n\nfunction test() {\n  let candidate = even_binomial_Coeff_Sum;\n  assert.deepEqual(candidate(4),8);\n  assert.deepEqual(candidate(6),32);\n  assert.deepEqual(candidate(2),2);\n}\n\ntest();",
      "timestamp": 1665510132,
      "stdout": "../../../../tmp/tmp_srfjecf.ts(6,20): error TS2304: Cannot find name 'binomial_Coeff'.\n",
      "stderr": "",
      "exit_code": 2,
      "status": "SyntaxError"
    },
    {
      "program": "//Write a python function that takes in a positive integer n and finds the sum of even index binomial coefficients.\nfunction even_binomial_Coeff_Sum(n: number): number {\n    let sum: number = 0;\n    for (let i: number = 0; i <= n; i++) {\n        if (i % 2 == 0) {\n            sum += binomial_Coeff(n, i);\n        }\n    }\n    return sum;\n}\n\ndeclare var require: any;\nconst assert = require('node:assert');\n\n\nfunction test() {\n  let candidate = even_binomial_Coeff_Sum;\n  assert.deepEqual(candidate(4),8);\n  assert.deepEqual(candidate(6),32);\n  assert.deepEqual(candidate(2),2);\n}\n\ntest();",
      "timestamp": 1665510132,
      "stdout": "../../../../tmp/tmp_srfjecf.ts(6,20): error TS2304: Cannot find name 'binomial_Coeff'.\n",
      "stderr": "",
      "exit_code": 2,
      "status": "SyntaxError"
    },
    {
      "program": "//Write a python function that takes in a positive integer n and finds the sum of even index binomial coefficients.\nfunction even_binomial_Coeff_Sum(n: number): number {\n    let sum = 0;\n    for (let i = 0; i <= n; i++) {\n        if (i % 2 == 0) {\n            sum += binomial_Coeff(n, i);\n        }\n    }\n    return sum;\n}\n\ndeclare var require: any;\nconst assert = require('node:assert');\n\n\nfunction test() {\n  let candidate = even_binomial_Coeff_Sum;\n  assert.deepEqual(candidate(4),8);\n  assert.deepEqual(candidate(6),32);\n  assert.deepEqual(candidate(2),2);\n}\n\ntest();",
      "timestamp": 1665510132,
      "stdout": "../../../../tmp/tmpvar82qsc.ts(6,20): error TS2304: Cannot find name 'binomial_Coeff'.\n",
      "stderr": "",
      "exit_code": 2,
      "status": "SyntaxError"
    },
    {
      "program": "//Write a python function that takes in a positive integer n and finds the sum of even index binomial coefficients.\nfunction even_binomial_Coeff_Sum(n: number): number {\n    let sum = 0;\n    for (let i = 0; i <= n; i++) {\n        if (i % 2 == 0) {\n            sum += binomial_Coeff(n, i);\n        }\n    }\n    return sum;\n}\n\ndeclare var require: any;\nconst assert = require('node:assert');\n\n\nfunction test() {\n  let candidate = even_binomial_Coeff_Sum;\n  assert.deepEqual(candidate(4),8);\n  assert.deepEqual(candidate(6),32);\n  assert.deepEqual(candidate(2),2);\n}\n\ntest();",
      "timestamp": 1665510132,
      "stdout": "../../../../tmp/tmpvar82qsc.ts(6,20): error TS2304: Cannot find name 'binomial_Coeff'.\n",
      "stderr": "",
      "exit_code": 2,
      "status": "SyntaxError"
    },
    {
      "program": "//Write a python function that takes in a positive integer n and finds the sum of even index binomial coefficients.\nfunction even_binomial_Coeff_Sum(n: number): number {\n    let sum = 0;\n    for (let i = 0; i <= n; i++) {\n        if (i % 2 == 0) {\n            sum += binomial_Coeff(n, i);\n        }\n    }\n    return sum;\n}\n\ndeclare var require: any;\nconst assert = require('node:assert');\n\n\nfunction test() {\n  let candidate = even_binomial_Coeff_Sum;\n  assert.deepEqual(candidate(4),8);\n  assert.deepEqual(candidate(6),32);\n  assert.deepEqual(candidate(2),2);\n}\n\ntest();",
      "timestamp": 1665510132,
      "stdout": "../../../../tmp/tmpvar82qsc.ts(6,20): error TS2304: Cannot find name 'binomial_Coeff'.\n",
      "stderr": "",
      "exit_code": 2,
      "status": "SyntaxError"
    },
    {
      "program": "//Write a python function that takes in a positive integer n and finds the sum of even index binomial coefficients.\nfunction even_binomial_Coeff_Sum(n: number): number {\n    let sum = 0;\n    for (let i = 0; i <= n; i++) {\n        if (i % 2 === 0) {\n            sum += binomial_Coeff(n, i);\n        }\n    }\n    return sum;\n}\n\ndeclare var require: any;\nconst assert = require('node:assert');\n\n\nfunction test() {\n  let candidate = even_binomial_Coeff_Sum;\n  assert.deepEqual(candidate(4),8);\n  assert.deepEqual(candidate(6),32);\n  assert.deepEqual(candidate(2),2);\n}\n\ntest();",
      "timestamp": 1666122832,
      "stdout": "../../../../tmp/tmpvtsx8vai.ts(6,20): error TS2304: Cannot find name 'binomial_Coeff'.\n",
      "stderr": "",
      "exit_code": 2,
      "status": "SyntaxError"
    },
    {
      "program": "//Write a python function that takes in a positive integer n and finds the sum of even index binomial coefficients.\nfunction even_binomial_Coeff_Sum(n: number): number {\n    let sum: number = 0;\n    for (let i = 0; i <= n; i++) {\n        if (i % 2 == 0) {\n            sum += binomial_Coeff(n, i);\n        }\n    }\n    return sum;\n}\n\ndeclare var require: any;\nconst assert = require('node:assert');\n\n\nfunction test() {\n  let candidate = even_binomial_Coeff_Sum;\n  assert.deepEqual(candidate(4),8);\n  assert.deepEqual(candidate(6),32);\n  assert.deepEqual(candidate(2),2);\n}\n\ntest();",
      "timestamp": 1665510132,
      "stdout": "../../../../tmp/tmp4h7co3n8.ts(6,20): error TS2304: Cannot find name 'binomial_Coeff'.\n",
      "stderr": "",
      "exit_code": 2,
      "status": "SyntaxError"
    },
    {
      "program": "//Write a python function that takes in a positive integer n and finds the sum of even index binomial coefficients.\nfunction even_binomial_Coeff_Sum(n: number): number {\n  let sum = 0;\n  for (let i = 0; i <= n; i++) {\n    if (i % 2 === 0) {\n      sum += binomial_Coeff(n, i);\n    }\n  }\n  return sum;\n}\n\ndeclare var require: any;\nconst assert = require('node:assert');\n\n\nfunction test() {\n  let candidate = even_binomial_Coeff_Sum;\n  assert.deepEqual(candidate(4),8);\n  assert.deepEqual(candidate(6),32);\n  assert.deepEqual(candidate(2),2);\n}\n\ntest();",
      "timestamp": 1666122832,
      "stdout": "../../../../tmp/tmpa5msmj81.ts(6,14): error TS2304: Cannot find name 'binomial_Coeff'.\n",
      "stderr": "",
      "exit_code": 2,
      "status": "SyntaxError"
    },
    {
      "program": "//Write a python function that takes in a positive integer n and finds the sum of even index binomial coefficients.\nfunction even_binomial_Coeff_Sum(n: number): number {\n  let sum: number = 0;\n  for (let i = 0; i <= n; i++) {\n    if (i % 2 == 0) {\n      sum += binomial_Coeff(n, i);\n    }\n  }\n  return sum;\n}\n\ndeclare var require: any;\nconst assert = require('node:assert');\n\n\nfunction test() {\n  let candidate = even_binomial_Coeff_Sum;\n  assert.deepEqual(candidate(4),8);\n  assert.deepEqual(candidate(6),32);\n  assert.deepEqual(candidate(2),2);\n}\n\ntest();",
      "timestamp": 1666122832,
      "stdout": "../../../../tmp/tmp5gn4k0jm.ts(6,14): error TS2304: Cannot find name 'binomial_Coeff'.\n",
      "stderr": "",
      "exit_code": 2,
      "status": "SyntaxError"
    },
    {
      "program": "//Write a python function that takes in a positive integer n and finds the sum of even index binomial coefficients.\nfunction even_binomial_Coeff_Sum(n: number): number {\n    let sum = 0;\n    for (let i = 0; i <= n; i += 2) {\n        sum += binomial_Coeff(n, i);\n    }\n    return sum;\n}\n\ndeclare var require: any;\nconst assert = require('node:assert');\n\n\nfunction test() {\n  let candidate = even_binomial_Coeff_Sum;\n  assert.deepEqual(candidate(4),8);\n  assert.deepEqual(candidate(6),32);\n  assert.deepEqual(candidate(2),2);\n}\n\ntest();",
      "timestamp": 1665510132,
      "stdout": "../../../../tmp/tmp683gpp6u.ts(5,16): error TS2304: Cannot find name 'binomial_Coeff'.\n",
      "stderr": "",
      "exit_code": 2,
      "status": "SyntaxError"
    },
    {
      "program": "//Write a python function that takes in a positive integer n and finds the sum of even index binomial coefficients.\nfunction even_binomial_Coeff_Sum(n: number): number {\n    let sum: number = 0;\n    for (let i: number = 0; i <= n; i++) {\n        if (i % 2 == 0) {\n            sum += binomial_Coeff(n, i);\n        }\n    }\n    return sum;\n}\n\ndeclare var require: any;\nconst assert = require('node:assert');\n\n\nfunction test() {\n  let candidate = even_binomial_Coeff_Sum;\n  assert.deepEqual(candidate(4),8);\n  assert.deepEqual(candidate(6),32);\n  assert.deepEqual(candidate(2),2);\n}\n\ntest();",
      "timestamp": 1665510132,
      "stdout": "../../../../tmp/tmp_srfjecf.ts(6,20): error TS2304: Cannot find name 'binomial_Coeff'.\n",
      "stderr": "",
      "exit_code": 2,
      "status": "SyntaxError"
    },
    {
      "program": "//Write a python function that takes in a positive integer n and finds the sum of even index binomial coefficients.\nfunction even_binomial_Coeff_Sum(n: number): number {\n    let sum: number = 0;\n    for (let i = 0; i <= n; i++) {\n        if (i % 2 == 0) {\n            sum += binomial_Coeff(n, i);\n        }\n    }\n    return sum;\n}\n\ndeclare var require: any;\nconst assert = require('node:assert');\n\n\nfunction test() {\n  let candidate = even_binomial_Coeff_Sum;\n  assert.deepEqual(candidate(4),8);\n  assert.deepEqual(candidate(6),32);\n  assert.deepEqual(candidate(2),2);\n}\n\ntest();",
      "timestamp": 1665510132,
      "stdout": "../../../../tmp/tmp4h7co3n8.ts(6,20): error TS2304: Cannot find name 'binomial_Coeff'.\n",
      "stderr": "",
      "exit_code": 2,
      "status": "SyntaxError"
    },
    {
      "program": "//Write a python function that takes in a positive integer n and finds the sum of even index binomial coefficients.\nfunction even_binomial_Coeff_Sum(n: number): number {\n    let sum: number = 0;\n    for (let i: number = 0; i <= n; i += 2) {\n        sum += binomial_Coeff(n, i);\n    }\n    return sum;\n}\n\ndeclare var require: any;\nconst assert = require('node:assert');\n\n\nfunction test() {\n  let candidate = even_binomial_Coeff_Sum;\n  assert.deepEqual(candidate(4),8);\n  assert.deepEqual(candidate(6),32);\n  assert.deepEqual(candidate(2),2);\n}\n\ntest();",
      "timestamp": 1665510132,
      "stdout": "../../../../tmp/tmpwu8mscef.ts(5,16): error TS2304: Cannot find name 'binomial_Coeff'.\n",
      "stderr": "",
      "exit_code": 2,
      "status": "SyntaxError"
    },
    {
      "program": "//Write a python function that takes in a positive integer n and finds the sum of even index binomial coefficients.\nfunction even_binomial_Coeff_Sum(n: number): number {\n    let sum = 0;\n    for (let i = 0; i <= n; i += 2) {\n        sum += binomial_Coeff(n, i);\n    }\n    return sum;\n}\n\ndeclare var require: any;\nconst assert = require('node:assert');\n\n\nfunction test() {\n  let candidate = even_binomial_Coeff_Sum;\n  assert.deepEqual(candidate(4),8);\n  assert.deepEqual(candidate(6),32);\n  assert.deepEqual(candidate(2),2);\n}\n\ntest();",
      "timestamp": 1665510132,
      "stdout": "../../../../tmp/tmp683gpp6u.ts(5,16): error TS2304: Cannot find name 'binomial_Coeff'.\n",
      "stderr": "",
      "exit_code": 2,
      "status": "SyntaxError"
    },
    {
      "program": "//Write a python function that takes in a positive integer n and finds the sum of even index binomial coefficients.\nfunction even_binomial_Coeff_Sum(n: number): number {\n    let sum = 0;\n    for (let i = 0; i <= n; i++) {\n        if (i % 2 == 0) {\n            sum += binomial_Coeff(n, i);\n        }\n    }\n    return sum;\n}\n\ndeclare var require: any;\nconst assert = require('node:assert');\n\n\nfunction test() {\n  let candidate = even_binomial_Coeff_Sum;\n  assert.deepEqual(candidate(4),8);\n  assert.deepEqual(candidate(6),32);\n  assert.deepEqual(candidate(2),2);\n}\n\ntest();",
      "timestamp": 1665510132,
      "stdout": "../../../../tmp/tmpvar82qsc.ts(6,20): error TS2304: Cannot find name 'binomial_Coeff'.\n",
      "stderr": "",
      "exit_code": 2,
      "status": "SyntaxError"
    },
    {
      "program": "//Write a python function that takes in a positive integer n and finds the sum of even index binomial coefficients.\nfunction even_binomial_Coeff_Sum(n: number): number {\n    let sum: number = 0;\n    for (let i = 0; i <= n; i++) {\n        if (i % 2 == 0) {\n            sum += binomial_Coeff(n, i);\n        }\n    }\n    return sum;\n}\n\ndeclare var require: any;\nconst assert = require('node:assert');\n\n\nfunction test() {\n  let candidate = even_binomial_Coeff_Sum;\n  assert.deepEqual(candidate(4),8);\n  assert.deepEqual(candidate(6),32);\n  assert.deepEqual(candidate(2),2);\n}\n\ntest();",
      "timestamp": 1665510132,
      "stdout": "../../../../tmp/tmp4h7co3n8.ts(6,20): error TS2304: Cannot find name 'binomial_Coeff'.\n",
      "stderr": "",
      "exit_code": 2,
      "status": "SyntaxError"
    },
    {
      "program": "//Write a python function that takes in a positive integer n and finds the sum of even index binomial coefficients.\nfunction even_binomial_Coeff_Sum(n: number): number {\n  let sum = 0;\n  for (let i = 0; i <= n; i += 2) {\n    sum += binomialCoeff(n, i);\n  }\n  return sum;\n}\n\ndeclare var require: any;\nconst assert = require('node:assert');\n\n\nfunction test() {\n  let candidate = even_binomial_Coeff_Sum;\n  assert.deepEqual(candidate(4),8);\n  assert.deepEqual(candidate(6),32);\n  assert.deepEqual(candidate(2),2);\n}\n\ntest();",
      "timestamp": 1665510132,
      "stdout": "../../../../tmp/tmpcduu3vlt.ts(5,12): error TS2304: Cannot find name 'binomialCoeff'.\n",
      "stderr": "",
      "exit_code": 2,
      "status": "SyntaxError"
    },
    {
      "program": "//Write a python function that takes in a positive integer n and finds the sum of even index binomial coefficients.\nfunction even_binomial_Coeff_Sum(n: number): number {\n  let sum = 0;\n  for (let i = 0; i <= n; i++) {\n    if (i % 2 === 0) {\n      sum += binomialCoeff(n, i);\n    }\n  }\n  return sum;\n}\n\ndeclare var require: any;\nconst assert = require('node:assert');\n\n\nfunction test() {\n  let candidate = even_binomial_Coeff_Sum;\n  assert.deepEqual(candidate(4),8);\n  assert.deepEqual(candidate(6),32);\n  assert.deepEqual(candidate(2),2);\n}\n\ntest();",
      "timestamp": 1666122832,
      "stdout": "../../../../tmp/tmp61hhl31_.ts(6,14): error TS2304: Cannot find name 'binomialCoeff'.\n",
      "stderr": "",
      "exit_code": 2,
      "status": "SyntaxError"
    },
    {
      "program": "//Write a python function that takes in a positive integer n and finds the sum of even index binomial coefficients.\nfunction even_binomial_Coeff_Sum(n: number): number {\n    let sum = 0;\n    for (let i = 0; i <= n; i++) {\n        if (i % 2 == 0) {\n            sum += binomialCoeff(n, i);\n        }\n    }\n    return sum;\n}\n\ndeclare var require: any;\nconst assert = require('node:assert');\n\n\nfunction test() {\n  let candidate = even_binomial_Coeff_Sum;\n  assert.deepEqual(candidate(4),8);\n  assert.deepEqual(candidate(6),32);\n  assert.deepEqual(candidate(2),2);\n}\n\ntest();",
      "timestamp": 1665510132,
      "stdout": "../../../../tmp/tmpnhkq5240.ts(6,20): error TS2304: Cannot find name 'binomialCoeff'.\n",
      "stderr": "",
      "exit_code": 2,
      "status": "SyntaxError"
    },
    {
      "program": "//Write a python function that takes in a positive integer n and finds the sum of even index binomial coefficients.\nfunction even_binomial_Coeff_Sum(n: number): number {\n  let sum = 0;\n  for (let i = 0; i <= n; i++) {\n    if (i % 2 === 0) {\n      sum += binomial_Coeff(n, i);\n    }\n  }\n  return sum;\n}\n\nconsole.log(even_binomial_Coeff_Sum(5));\n\ndeclare var require: any;\nconst assert = require('node:assert');\n\n\nfunction test() {\n  let candidate = even_binomial_Coeff_Sum;\n  assert.deepEqual(candidate(4),8);\n  assert.deepEqual(candidate(6),32);\n  assert.deepEqual(candidate(2),2);\n}\n\ntest();",
      "timestamp": 1666122832,
      "stdout": "../../../../tmp/tmp6dhxtv_n.ts(6,14): error TS2304: Cannot find name 'binomial_Coeff'.\n",
      "stderr": "",
      "exit_code": 2,
      "status": "SyntaxError"
    },
    {
      "program": "//Write a python function that takes in a positive integer n and finds the sum of even index binomial coefficients.\nfunction even_binomial_Coeff_Sum(n: number): number {\n  let sum: number = 0;\n  for (let i = 0; i <= n; i++) {\n    if (i % 2 === 0) {\n      sum += binomial_Coeff(n, i);\n    }\n  }\n  return sum;\n}\n\ndeclare var require: any;\nconst assert = require('node:assert');\n\n\nfunction test() {\n  let candidate = even_binomial_Coeff_Sum;\n  assert.deepEqual(candidate(4),8);\n  assert.deepEqual(candidate(6),32);\n  assert.deepEqual(candidate(2),2);\n}\n\ntest();",
      "timestamp": 1666122832,
      "stdout": "../../../../tmp/tmpxjuag5fg.ts(6,14): error TS2304: Cannot find name 'binomial_Coeff'.\n",
      "stderr": "",
      "exit_code": 2,
      "status": "SyntaxError"
    },
    {
      "program": "//Write a python function that takes in a positive integer n and finds the sum of even index binomial coefficients.\nfunction even_binomial_Coeff_Sum(n: number): number {\n    let sum: number = 0;\n    for (let i: number = 0; i <= n; i++) {\n        if (i % 2 == 0) {\n            sum += binomial_Coeff(n, i);\n        }\n    }\n    return sum;\n}\n\ndeclare var require: any;\nconst assert = require('node:assert');\n\n\nfunction test() {\n  let candidate = even_binomial_Coeff_Sum;\n  assert.deepEqual(candidate(4),8);\n  assert.deepEqual(candidate(6),32);\n  assert.deepEqual(candidate(2),2);\n}\n\ntest();",
      "timestamp": 1665510132,
      "stdout": "../../../../tmp/tmp_srfjecf.ts(6,20): error TS2304: Cannot find name 'binomial_Coeff'.\n",
      "stderr": "",
      "exit_code": 2,
      "status": "SyntaxError"
    },
    {
      "program": "//Write a python function that takes in a positive integer n and finds the sum of even index binomial coefficients.\nfunction even_binomial_Coeff_Sum(n: number): number {\n  let sum = 0;\n  for (let i = 0; i <= n; i++) {\n    if (i % 2 == 0) {\n      sum += binomialCoeff(n, i);\n    }\n  }\n  return sum;\n}\n\ndeclare var require: any;\nconst assert = require('node:assert');\n\n\nfunction test() {\n  let candidate = even_binomial_Coeff_Sum;\n  assert.deepEqual(candidate(4),8);\n  assert.deepEqual(candidate(6),32);\n  assert.deepEqual(candidate(2),2);\n}\n\ntest();",
      "timestamp": 1666122832,
      "stdout": "../../../../tmp/tmpkru2gmm9.ts(6,14): error TS2304: Cannot find name 'binomialCoeff'.\n",
      "stderr": "",
      "exit_code": 2,
      "status": "SyntaxError"
    },
    {
      "program": "//Write a python function that takes in a positive integer n and finds the sum of even index binomial coefficients.\nfunction even_binomial_Coeff_Sum(n: number): number {\n    let sum: number = 0;\n    for (let i = 0; i <= n; i += 2) {\n        sum += binomial_Coeff(n, i);\n    }\n    return sum;\n}\n\ndeclare var require: any;\nconst assert = require('node:assert');\n\n\nfunction test() {\n  let candidate = even_binomial_Coeff_Sum;\n  assert.deepEqual(candidate(4),8);\n  assert.deepEqual(candidate(6),32);\n  assert.deepEqual(candidate(2),2);\n}\n\ntest();",
      "timestamp": 1665510132,
      "stdout": "../../../../tmp/tmphvv71r6w.ts(5,16): error TS2304: Cannot find name 'binomial_Coeff'.\n",
      "stderr": "",
      "exit_code": 2,
      "status": "SyntaxError"
    },
    {
      "program": "//Write a python function that takes in a positive integer n and finds the sum of even index binomial coefficients.\nfunction even_binomial_Coeff_Sum(n: number): number {\n    let sum = 0;\n    for (let i = 0; i <= n; i += 2) {\n        sum += binomialCoeff(n, i);\n    }\n    return sum;\n}\n\ndeclare var require: any;\nconst assert = require('node:assert');\n\n\nfunction test() {\n  let candidate = even_binomial_Coeff_Sum;\n  assert.deepEqual(candidate(4),8);\n  assert.deepEqual(candidate(6),32);\n  assert.deepEqual(candidate(2),2);\n}\n\ntest();",
      "timestamp": 1666122832,
      "stdout": "../../../../tmp/tmph52kooec.ts(5,16): error TS2304: Cannot find name 'binomialCoeff'.\n",
      "stderr": "",
      "exit_code": 2,
      "status": "SyntaxError"
    },
    {
      "program": "//Write a python function that takes in a positive integer n and finds the sum of even index binomial coefficients.\nfunction even_binomial_Coeff_Sum(n: number): number {\n    let sum: number = 0;\n    for (let i = 0; i <= n; i++) {\n        if (i % 2 == 0) {\n            sum += binomial_Coeff(n, i);\n        }\n    }\n    return sum;\n}\n\ndeclare var require: any;\nconst assert = require('node:assert');\n\n\nfunction test() {\n  let candidate = even_binomial_Coeff_Sum;\n  assert.deepEqual(candidate(4),8);\n  assert.deepEqual(candidate(6),32);\n  assert.deepEqual(candidate(2),2);\n}\n\ntest();",
      "timestamp": 1665510132,
      "stdout": "../../../../tmp/tmp4h7co3n8.ts(6,20): error TS2304: Cannot find name 'binomial_Coeff'.\n",
      "stderr": "",
      "exit_code": 2,
      "status": "SyntaxError"
    },
    {
      "program": "//Write a python function that takes in a positive integer n and finds the sum of even index binomial coefficients.\nfunction even_binomial_Coeff_Sum(n: number): number {\n    let sum = 0;\n    for (let i = 0; i <= n; i++) {\n        if (i % 2 == 0) {\n            sum += binomial_Coeff(n, i);\n        }\n    }\n    return sum;\n}\n\ndeclare var require: any;\nconst assert = require('node:assert');\n\n\nfunction test() {\n  let candidate = even_binomial_Coeff_Sum;\n  assert.deepEqual(candidate(4),8);\n  assert.deepEqual(candidate(6),32);\n  assert.deepEqual(candidate(2),2);\n}\n\ntest();",
      "timestamp": 1665510132,
      "stdout": "../../../../tmp/tmpvar82qsc.ts(6,20): error TS2304: Cannot find name 'binomial_Coeff'.\n",
      "stderr": "",
      "exit_code": 2,
      "status": "SyntaxError"
    },
    {
      "program": "//Write a python function that takes in a positive integer n and finds the sum of even index binomial coefficients.\nfunction even_binomial_Coeff_Sum(n: number): number {\n  let sum = 0;\n  for (let i = 0; i <= n; i++) {\n    if (i % 2 == 0) {\n      sum += binomialCoeff(n, i);\n    }\n  }\n  return sum;\n}\n\nconsole.log(even_binomial_Coeff_Sum(4));\n\ndeclare var require: any;\nconst assert = require('node:assert');\n\n\nfunction test() {\n  let candidate = even_binomial_Coeff_Sum;\n  assert.deepEqual(candidate(4),8);\n  assert.deepEqual(candidate(6),32);\n  assert.deepEqual(candidate(2),2);\n}\n\ntest();",
      "timestamp": 1666122832,
      "stdout": "../../../../tmp/tmp1bzpwygg.ts(6,14): error TS2304: Cannot find name 'binomialCoeff'.\n",
      "stderr": "",
      "exit_code": 2,
      "status": "SyntaxError"
    },
    {
      "program": "//Write a python function that takes in a positive integer n and finds the sum of even index binomial coefficients.\nfunction even_binomial_Coeff_Sum(n: number): number {\n    let sum = 0;\n    for (let i = 0; i <= n; i += 2) {\n        sum += binomial_Coeff(n, i);\n    }\n    return sum;\n}\n\ndeclare var require: any;\nconst assert = require('node:assert');\n\n\nfunction test() {\n  let candidate = even_binomial_Coeff_Sum;\n  assert.deepEqual(candidate(4),8);\n  assert.deepEqual(candidate(6),32);\n  assert.deepEqual(candidate(2),2);\n}\n\ntest();",
      "timestamp": 1665510132,
      "stdout": "../../../../tmp/tmp683gpp6u.ts(5,16): error TS2304: Cannot find name 'binomial_Coeff'.\n",
      "stderr": "",
      "exit_code": 2,
      "status": "SyntaxError"
    },
    {
      "program": "//Write a python function that takes in a positive integer n and finds the sum of even index binomial coefficients.\nfunction even_binomial_Coeff_Sum(n: number): number {\n    let sum = 0;\n    let binomial_Coeff = 1;\n    for (let i = 0; i <= n; i++) {\n        if (i % 2 == 0) {\n            sum += binomial_Coeff;\n        }\n        binomial_Coeff = binomial_Coeff * (n - i) / (i + 1);\n    }\n    return sum;\n}\n\ndeclare var require: any;\nconst assert = require('node:assert');\n\n\nfunction test() {\n  let candidate = even_binomial_Coeff_Sum;\n  assert.deepEqual(candidate(4),8);\n  assert.deepEqual(candidate(6),32);\n  assert.deepEqual(candidate(2),2);\n}\n\ntest();",
      "timestamp": 1666122832,
      "stdout": "",
      "stderr": "",
      "exit_code": 0,
      "status": "OK"
    },
    {
      "program": "//Write a python function that takes in a positive integer n and finds the sum of even index binomial coefficients.\nfunction even_binomial_Coeff_Sum(n: number): number {\n    let sum = 0;\n    for (let i = 0; i <= n; i += 2) {\n        sum += binomial_Coeff(n, i);\n    }\n    return sum;\n}\n\ndeclare var require: any;\nconst assert = require('node:assert');\n\n\nfunction test() {\n  let candidate = even_binomial_Coeff_Sum;\n  assert.deepEqual(candidate(4),8);\n  assert.deepEqual(candidate(6),32);\n  assert.deepEqual(candidate(2),2);\n}\n\ntest();",
      "timestamp": 1665510132,
      "stdout": "../../../../tmp/tmp683gpp6u.ts(5,16): error TS2304: Cannot find name 'binomial_Coeff'.\n",
      "stderr": "",
      "exit_code": 2,
      "status": "SyntaxError"
    },
    {
      "program": "//Write a python function that takes in a positive integer n and finds the sum of even index binomial coefficients.\nfunction even_binomial_Coeff_Sum(n: number): number {\n    let sum: number = 0;\n    for (let i: number = 0; i <= n; i++) {\n        if (i % 2 == 0) {\n            sum += binomial_Coeff(n, i);\n        }\n    }\n    return sum;\n}\n\ndeclare var require: any;\nconst assert = require('node:assert');\n\n\nfunction test() {\n  let candidate = even_binomial_Coeff_Sum;\n  assert.deepEqual(candidate(4),8);\n  assert.deepEqual(candidate(6),32);\n  assert.deepEqual(candidate(2),2);\n}\n\ntest();",
      "timestamp": 1665510132,
      "stdout": "../../../../tmp/tmp_srfjecf.ts(6,20): error TS2304: Cannot find name 'binomial_Coeff'.\n",
      "stderr": "",
      "exit_code": 2,
      "status": "SyntaxError"
    },
    {
      "program": "//Write a python function that takes in a positive integer n and finds the sum of even index binomial coefficients.\nfunction even_binomial_Coeff_Sum(n: number): number {\n    let sum = 0;\n    for (let i = 0; i <= n; i++) {\n        if (i % 2 == 0) {\n            sum += binomial_Coeff(n, i);\n        }\n    }\n    return sum;\n}\n\ndeclare var require: any;\nconst assert = require('node:assert');\n\n\nfunction test() {\n  let candidate = even_binomial_Coeff_Sum;\n  assert.deepEqual(candidate(4),8);\n  assert.deepEqual(candidate(6),32);\n  assert.deepEqual(candidate(2),2);\n}\n\ntest();",
      "timestamp": 1665510132,
      "stdout": "../../../../tmp/tmpvar82qsc.ts(6,20): error TS2304: Cannot find name 'binomial_Coeff'.\n",
      "stderr": "",
      "exit_code": 2,
      "status": "SyntaxError"
    },
    {
      "program": "//Write a python function that takes in a positive integer n and finds the sum of even index binomial coefficients.\nfunction even_binomial_Coeff_Sum(n: number): number {\n    let sum = 0;\n    for (let i = 0; i <= n; i += 2) {\n        sum += binomial_Coeff(n, i);\n    }\n    return sum;\n}\n\ndeclare var require: any;\nconst assert = require('node:assert');\n\n\nfunction test() {\n  let candidate = even_binomial_Coeff_Sum;\n  assert.deepEqual(candidate(4),8);\n  assert.deepEqual(candidate(6),32);\n  assert.deepEqual(candidate(2),2);\n}\n\ntest();",
      "timestamp": 1665510132,
      "stdout": "../../../../tmp/tmp683gpp6u.ts(5,16): error TS2304: Cannot find name 'binomial_Coeff'.\n",
      "stderr": "",
      "exit_code": 2,
      "status": "SyntaxError"
    },
    {
      "program": "//Write a python function that takes in a positive integer n and finds the sum of even index binomial coefficients.\nfunction even_binomial_Coeff_Sum(n: number): number {\n    let sum = 0;\n    for (let i = 0; i <= n; i++) {\n        if (i % 2 === 0) {\n            sum += binomialCoeff(n, i);\n        }\n    }\n    return sum;\n}\n\ndeclare var require: any;\nconst assert = require('node:assert');\n\n\nfunction test() {\n  let candidate = even_binomial_Coeff_Sum;\n  assert.deepEqual(candidate(4),8);\n  assert.deepEqual(candidate(6),32);\n  assert.deepEqual(candidate(2),2);\n}\n\ntest();",
      "timestamp": 1666122832,
      "stdout": "../../../../tmp/tmp4rwh8zgq.ts(6,20): error TS2304: Cannot find name 'binomialCoeff'.\n",
      "stderr": "",
      "exit_code": 2,
      "status": "SyntaxError"
    },
    {
      "program": "//Write a python function that takes in a positive integer n and finds the sum of even index binomial coefficients.\nfunction even_binomial_Coeff_Sum(n: number): number {\n    let sum: number = 0;\n    for (let i = 0; i <= n; i += 2) {\n        sum += binomial_Coeff(n, i);\n    }\n    return sum;\n}\n\ndeclare var require: any;\nconst assert = require('node:assert');\n\n\nfunction test() {\n  let candidate = even_binomial_Coeff_Sum;\n  assert.deepEqual(candidate(4),8);\n  assert.deepEqual(candidate(6),32);\n  assert.deepEqual(candidate(2),2);\n}\n\ntest();",
      "timestamp": 1665510132,
      "stdout": "../../../../tmp/tmphvv71r6w.ts(5,16): error TS2304: Cannot find name 'binomial_Coeff'.\n",
      "stderr": "",
      "exit_code": 2,
      "status": "SyntaxError"
    },
    {
      "program": "//Write a python function that takes in a positive integer n and finds the sum of even index binomial coefficients.\nfunction even_binomial_Coeff_Sum(n: number): number {\n    let sum: number = 0;\n    for (let i = 0; i <= n; i++) {\n        if (i % 2 == 0) {\n            sum += binomial_Coeff(n, i);\n        }\n    }\n    return sum;\n}\n\ndeclare var require: any;\nconst assert = require('node:assert');\n\n\nfunction test() {\n  let candidate = even_binomial_Coeff_Sum;\n  assert.deepEqual(candidate(4),8);\n  assert.deepEqual(candidate(6),32);\n  assert.deepEqual(candidate(2),2);\n}\n\ntest();",
      "timestamp": 1665510132,
      "stdout": "../../../../tmp/tmp4h7co3n8.ts(6,20): error TS2304: Cannot find name 'binomial_Coeff'.\n",
      "stderr": "",
      "exit_code": 2,
      "status": "SyntaxError"
    },
    {
      "program": "//Write a python function that takes in a positive integer n and finds the sum of even index binomial coefficients.\nfunction even_binomial_Coeff_Sum(n: number): number {\n    let sum = 0;\n    for (let i = 0; i <= n; i++) {\n        if (i % 2 == 0) {\n            sum += binomial_Coeff(n, i);\n        }\n    }\n    return sum;\n}\n\ndeclare var require: any;\nconst assert = require('node:assert');\n\n\nfunction test() {\n  let candidate = even_binomial_Coeff_Sum;\n  assert.deepEqual(candidate(4),8);\n  assert.deepEqual(candidate(6),32);\n  assert.deepEqual(candidate(2),2);\n}\n\ntest();",
      "timestamp": 1665510132,
      "stdout": "../../../../tmp/tmpvar82qsc.ts(6,20): error TS2304: Cannot find name 'binomial_Coeff'.\n",
      "stderr": "",
      "exit_code": 2,
      "status": "SyntaxError"
    },
    {
      "program": "//Write a python function that takes in a positive integer n and finds the sum of even index binomial coefficients.\nfunction even_binomial_Coeff_Sum(n: number): number {\n    let sum = 0;\n    for (let i = 1; i <= n; i++) {\n        if (i % 2 == 0) {\n            sum += binomialCoeff(n, i);\n        }\n    }\n    return sum;\n}\n\ndeclare var require: any;\nconst assert = require('node:assert');\n\n\nfunction test() {\n  let candidate = even_binomial_Coeff_Sum;\n  assert.deepEqual(candidate(4),8);\n  assert.deepEqual(candidate(6),32);\n  assert.deepEqual(candidate(2),2);\n}\n\ntest();",
      "timestamp": 1666122832,
      "stdout": "../../../../tmp/tmpqg43h0qf.ts(6,20): error TS2304: Cannot find name 'binomialCoeff'.\n",
      "stderr": "",
      "exit_code": 2,
      "status": "SyntaxError"
    },
    {
      "program": "//Write a python function that takes in a positive integer n and finds the sum of even index binomial coefficients.\nfunction even_binomial_Coeff_Sum(n: number): number {\n    let sum: number = 0;\n    for (let i = 0; i <= n; i += 2) {\n        sum += binomial_Coeff(n, i);\n    }\n    return sum;\n}\n\ndeclare var require: any;\nconst assert = require('node:assert');\n\n\nfunction test() {\n  let candidate = even_binomial_Coeff_Sum;\n  assert.deepEqual(candidate(4),8);\n  assert.deepEqual(candidate(6),32);\n  assert.deepEqual(candidate(2),2);\n}\n\ntest();",
      "timestamp": 1665510132,
      "stdout": "../../../../tmp/tmphvv71r6w.ts(5,16): error TS2304: Cannot find name 'binomial_Coeff'.\n",
      "stderr": "",
      "exit_code": 2,
      "status": "SyntaxError"
    },
    {
      "program": "//Write a python function that takes in a positive integer n and finds the sum of even index binomial coefficients.\nfunction even_binomial_Coeff_Sum(n: number): number {\n    let sum = 0;\n    for (let i = 0; i <= n; i += 2) {\n        sum += binomial_Coeff(n, i);\n    }\n    return sum;\n}\n\ndeclare var require: any;\nconst assert = require('node:assert');\n\n\nfunction test() {\n  let candidate = even_binomial_Coeff_Sum;\n  assert.deepEqual(candidate(4),8);\n  assert.deepEqual(candidate(6),32);\n  assert.deepEqual(candidate(2),2);\n}\n\ntest();",
      "timestamp": 1665510132,
      "stdout": "../../../../tmp/tmp683gpp6u.ts(5,16): error TS2304: Cannot find name 'binomial_Coeff'.\n",
      "stderr": "",
      "exit_code": 2,
      "status": "SyntaxError"
    },
    {
      "program": "//Write a python function that takes in a positive integer n and finds the sum of even index binomial coefficients.\nfunction even_binomial_Coeff_Sum(n: number): number {\n    let sum: number = 0;\n    for (let i: number = 0; i <= n; i++) {\n        if (i % 2 == 0) {\n            sum += binomial_Coeff(n, i);\n        }\n    }\n    return sum;\n}\n\ndeclare var require: any;\nconst assert = require('node:assert');\n\n\nfunction test() {\n  let candidate = even_binomial_Coeff_Sum;\n  assert.deepEqual(candidate(4),8);\n  assert.deepEqual(candidate(6),32);\n  assert.deepEqual(candidate(2),2);\n}\n\ntest();",
      "timestamp": 1665510132,
      "stdout": "../../../../tmp/tmp_srfjecf.ts(6,20): error TS2304: Cannot find name 'binomial_Coeff'.\n",
      "stderr": "",
      "exit_code": 2,
      "status": "SyntaxError"
    },
    {
      "program": "//Write a python function that takes in a positive integer n and finds the sum of even index binomial coefficients.\nfunction even_binomial_Coeff_Sum(n: number): number {\n  let sum = 0;\n  for (let i = 0; i <= n; i += 2) {\n    sum += binomialCoeff(n, i);\n  }\n  return sum;\n}\n\ndeclare var require: any;\nconst assert = require('node:assert');\n\n\nfunction test() {\n  let candidate = even_binomial_Coeff_Sum;\n  assert.deepEqual(candidate(4),8);\n  assert.deepEqual(candidate(6),32);\n  assert.deepEqual(candidate(2),2);\n}\n\ntest();",
      "timestamp": 1665510132,
      "stdout": "../../../../tmp/tmpcduu3vlt.ts(5,12): error TS2304: Cannot find name 'binomialCoeff'.\n",
      "stderr": "",
      "exit_code": 2,
      "status": "SyntaxError"
    },
    {
      "program": "//Write a python function that takes in a positive integer n and finds the sum of even index binomial coefficients.\nfunction even_binomial_Coeff_Sum(n: number): number {\n  let sum = 0;\n  for (let i = 0; i <= n; i += 2) {\n    sum += binomial_Coeff(n, i);\n  }\n  return sum;\n}\n\ndeclare var require: any;\nconst assert = require('node:assert');\n\n\nfunction test() {\n  let candidate = even_binomial_Coeff_Sum;\n  assert.deepEqual(candidate(4),8);\n  assert.deepEqual(candidate(6),32);\n  assert.deepEqual(candidate(2),2);\n}\n\ntest();",
      "timestamp": 1665510132,
      "stdout": "../../../../tmp/tmply0zl0lo.ts(5,12): error TS2304: Cannot find name 'binomial_Coeff'.\n",
      "stderr": "",
      "exit_code": 2,
      "status": "SyntaxError"
    },
    {
      "program": "//Write a python function that takes in a positive integer n and finds the sum of even index binomial coefficients.\nfunction even_binomial_Coeff_Sum(n: number): number {\n    let sum: number = 0;\n    for (let i: number = 0; i <= n; i += 2) {\n        sum += binomial_Coeff(n, i);\n    }\n    return sum;\n}\n\ndeclare var require: any;\nconst assert = require('node:assert');\n\n\nfunction test() {\n  let candidate = even_binomial_Coeff_Sum;\n  assert.deepEqual(candidate(4),8);\n  assert.deepEqual(candidate(6),32);\n  assert.deepEqual(candidate(2),2);\n}\n\ntest();",
      "timestamp": 1665510132,
      "stdout": "../../../../tmp/tmpwu8mscef.ts(5,16): error TS2304: Cannot find name 'binomial_Coeff'.\n",
      "stderr": "",
      "exit_code": 2,
      "status": "SyntaxError"
    },
    {
      "program": "//Write a python function that takes in a positive integer n and finds the sum of even index binomial coefficients.\nfunction even_binomial_Coeff_Sum(n: number): number {\n    let sum = 0;\n    for (let i = 0; i <= n; i++) {\n        if (i % 2 == 0) {\n            sum += binomial_Coeff(n, i);\n        }\n    }\n    return sum;\n}\n\ndeclare var require: any;\nconst assert = require('node:assert');\n\n\nfunction test() {\n  let candidate = even_binomial_Coeff_Sum;\n  assert.deepEqual(candidate(4),8);\n  assert.deepEqual(candidate(6),32);\n  assert.deepEqual(candidate(2),2);\n}\n\ntest();",
      "timestamp": 1665510132,
      "stdout": "../../../../tmp/tmpvar82qsc.ts(6,20): error TS2304: Cannot find name 'binomial_Coeff'.\n",
      "stderr": "",
      "exit_code": 2,
      "status": "SyntaxError"
    },
    {
      "program": "//Write a python function that takes in a positive integer n and finds the sum of even index binomial coefficients.\nfunction even_binomial_Coeff_Sum(n: number): number {\n    let sum = 0;\n    for (let i = 0; i <= n; i++) {\n        if (i % 2 == 0) {\n            sum += binomialCoeff(n, i);\n        }\n    }\n    return sum;\n}\n\ndeclare var require: any;\nconst assert = require('node:assert');\n\n\nfunction test() {\n  let candidate = even_binomial_Coeff_Sum;\n  assert.deepEqual(candidate(4),8);\n  assert.deepEqual(candidate(6),32);\n  assert.deepEqual(candidate(2),2);\n}\n\ntest();",
      "timestamp": 1665510132,
      "stdout": "../../../../tmp/tmpnhkq5240.ts(6,20): error TS2304: Cannot find name 'binomialCoeff'.\n",
      "stderr": "",
      "exit_code": 2,
      "status": "SyntaxError"
    },
    {
      "program": "//Write a python function that takes in a positive integer n and finds the sum of even index binomial coefficients.\nfunction even_binomial_Coeff_Sum(n: number): number {\n    let sum = 0;\n    for (let i = 0; i <= n; i += 2) {\n        sum += binomial_Coeff(n, i);\n    }\n    return sum;\n}\n\ndeclare var require: any;\nconst assert = require('node:assert');\n\n\nfunction test() {\n  let candidate = even_binomial_Coeff_Sum;\n  assert.deepEqual(candidate(4),8);\n  assert.deepEqual(candidate(6),32);\n  assert.deepEqual(candidate(2),2);\n}\n\ntest();",
      "timestamp": 1665510132,
      "stdout": "../../../../tmp/tmp683gpp6u.ts(5,16): error TS2304: Cannot find name 'binomial_Coeff'.\n",
      "stderr": "",
      "exit_code": 2,
      "status": "SyntaxError"
    },
    {
      "program": "//Write a python function that takes in a positive integer n and finds the sum of even index binomial coefficients.\nfunction even_binomial_Coeff_Sum(n: number): number {\n    let sum: number = 0;\n    for (let i: number = 0; i <= n; i++) {\n        if (i % 2 == 0) {\n            sum += binomial_Coeff(n, i);\n        }\n    }\n    return sum;\n}\n\ndeclare var require: any;\nconst assert = require('node:assert');\n\n\nfunction test() {\n  let candidate = even_binomial_Coeff_Sum;\n  assert.deepEqual(candidate(4),8);\n  assert.deepEqual(candidate(6),32);\n  assert.deepEqual(candidate(2),2);\n}\n\ntest();",
      "timestamp": 1665510132,
      "stdout": "../../../../tmp/tmp_srfjecf.ts(6,20): error TS2304: Cannot find name 'binomial_Coeff'.\n",
      "stderr": "",
      "exit_code": 2,
      "status": "SyntaxError"
    },
    {
      "program": "//Write a python function that takes in a positive integer n and finds the sum of even index binomial coefficients.\nfunction even_binomial_Coeff_Sum(n: number): number {\n    let sum = 0;\n    for (let i = 0; i <= n; i += 2) {\n        sum += binomial_Coeff(n, i);\n    }\n    return sum;\n}\n\ndeclare var require: any;\nconst assert = require('node:assert');\n\n\nfunction test() {\n  let candidate = even_binomial_Coeff_Sum;\n  assert.deepEqual(candidate(4),8);\n  assert.deepEqual(candidate(6),32);\n  assert.deepEqual(candidate(2),2);\n}\n\ntest();",
      "timestamp": 1665510132,
      "stdout": "../../../../tmp/tmp683gpp6u.ts(5,16): error TS2304: Cannot find name 'binomial_Coeff'.\n",
      "stderr": "",
      "exit_code": 2,
      "status": "SyntaxError"
    },
    {
      "program": "//Write a python function that takes in a positive integer n and finds the sum of even index binomial coefficients.\nfunction even_binomial_Coeff_Sum(n: number): number {\n    let sum = 0;\n    for (let i = 0; i <= n; i += 2) {\n        sum += binomial_Coeff(n, i);\n    }\n    return sum;\n}\n\ndeclare var require: any;\nconst assert = require('node:assert');\n\n\nfunction test() {\n  let candidate = even_binomial_Coeff_Sum;\n  assert.deepEqual(candidate(4),8);\n  assert.deepEqual(candidate(6),32);\n  assert.deepEqual(candidate(2),2);\n}\n\ntest();",
      "timestamp": 1665510132,
      "stdout": "../../../../tmp/tmp683gpp6u.ts(5,16): error TS2304: Cannot find name 'binomial_Coeff'.\n",
      "stderr": "",
      "exit_code": 2,
      "status": "SyntaxError"
    },
    {
      "program": "//Write a python function that takes in a positive integer n and finds the sum of even index binomial coefficients.\nfunction even_binomial_Coeff_Sum(n: number): number {\n    let sum: number = 0;\n    for (let i = 0; i <= n; i++) {\n        if (i % 2 == 0) {\n            sum += binomial_Coeff(n, i);\n        }\n    }\n    return sum;\n}\n\ndeclare var require: any;\nconst assert = require('node:assert');\n\n\nfunction test() {\n  let candidate = even_binomial_Coeff_Sum;\n  assert.deepEqual(candidate(4),8);\n  assert.deepEqual(candidate(6),32);\n  assert.deepEqual(candidate(2),2);\n}\n\ntest();",
      "timestamp": 1665510132,
      "stdout": "../../../../tmp/tmp4h7co3n8.ts(6,20): error TS2304: Cannot find name 'binomial_Coeff'.\n",
      "stderr": "",
      "exit_code": 2,
      "status": "SyntaxError"
    },
    {
      "program": "//Write a python function that takes in a positive integer n and finds the sum of even index binomial coefficients.\nfunction even_binomial_Coeff_Sum(n: number): number {\n    let sum: number = 0;\n    for (let i = 0; i <= n; i++) {\n        if (i % 2 == 0) {\n            sum += binomial_Coeff(n, i);\n        }\n    }\n    return sum;\n}\n\ndeclare var require: any;\nconst assert = require('node:assert');\n\n\nfunction test() {\n  let candidate = even_binomial_Coeff_Sum;\n  assert.deepEqual(candidate(4),8);\n  assert.deepEqual(candidate(6),32);\n  assert.deepEqual(candidate(2),2);\n}\n\ntest();",
      "timestamp": 1665510132,
      "stdout": "../../../../tmp/tmp4h7co3n8.ts(6,20): error TS2304: Cannot find name 'binomial_Coeff'.\n",
      "stderr": "",
      "exit_code": 2,
      "status": "SyntaxError"
    },
    {
      "program": "//Write a python function that takes in a positive integer n and finds the sum of even index binomial coefficients.\nfunction even_binomial_Coeff_Sum(n: number): number {\n    let sum: number = 0;\n    for (let i = 0; i <= n; i++) {\n        if (i % 2 == 0) {\n            sum += binomial_Coeff(n, i);\n        }\n    }\n    return sum;\n}\n\ndeclare var require: any;\nconst assert = require('node:assert');\n\n\nfunction test() {\n  let candidate = even_binomial_Coeff_Sum;\n  assert.deepEqual(candidate(4),8);\n  assert.deepEqual(candidate(6),32);\n  assert.deepEqual(candidate(2),2);\n}\n\ntest();",
      "timestamp": 1665510132,
      "stdout": "../../../../tmp/tmp4h7co3n8.ts(6,20): error TS2304: Cannot find name 'binomial_Coeff'.\n",
      "stderr": "",
      "exit_code": 2,
      "status": "SyntaxError"
    },
    {
      "program": "//Write a python function that takes in a positive integer n and finds the sum of even index binomial coefficients.\nfunction even_binomial_Coeff_Sum(n: number): number {\n    let sum = 0;\n    for (let i = 0; i <= n; i += 2) {\n        sum += binomial_Coeff(n, i);\n    }\n    return sum;\n}\n\ndeclare var require: any;\nconst assert = require('node:assert');\n\n\nfunction test() {\n  let candidate = even_binomial_Coeff_Sum;\n  assert.deepEqual(candidate(4),8);\n  assert.deepEqual(candidate(6),32);\n  assert.deepEqual(candidate(2),2);\n}\n\ntest();",
      "timestamp": 1665510132,
      "stdout": "../../../../tmp/tmp683gpp6u.ts(5,16): error TS2304: Cannot find name 'binomial_Coeff'.\n",
      "stderr": "",
      "exit_code": 2,
      "status": "SyntaxError"
    },
    {
      "program": "//Write a python function that takes in a positive integer n and finds the sum of even index binomial coefficients.\nfunction even_binomial_Coeff_Sum(n: number): number {\n    let sum = 0;\n    for (let i = 0; i <= n; i++) {\n        if (i % 2 == 0) {\n            sum += binomial_Coeff(n, i);\n        }\n    }\n    return sum;\n}\n\ndeclare var require: any;\nconst assert = require('node:assert');\n\n\nfunction test() {\n  let candidate = even_binomial_Coeff_Sum;\n  assert.deepEqual(candidate(4),8);\n  assert.deepEqual(candidate(6),32);\n  assert.deepEqual(candidate(2),2);\n}\n\ntest();",
      "timestamp": 1665510132,
      "stdout": "../../../../tmp/tmpvar82qsc.ts(6,20): error TS2304: Cannot find name 'binomial_Coeff'.\n",
      "stderr": "",
      "exit_code": 2,
      "status": "SyntaxError"
    },
    {
      "program": "//Write a python function that takes in a positive integer n and finds the sum of even index binomial coefficients.\nfunction even_binomial_Coeff_Sum(n: number): number {\n    let sum: number = 0;\n    for (let i = 0; i <= n; i++) {\n        if (i % 2 == 0) {\n            sum += binomial_Coeff(n, i);\n        }\n    }\n    return sum;\n}\n\ndeclare var require: any;\nconst assert = require('node:assert');\n\n\nfunction test() {\n  let candidate = even_binomial_Coeff_Sum;\n  assert.deepEqual(candidate(4),8);\n  assert.deepEqual(candidate(6),32);\n  assert.deepEqual(candidate(2),2);\n}\n\ntest();",
      "timestamp": 1665510132,
      "stdout": "../../../../tmp/tmp4h7co3n8.ts(6,20): error TS2304: Cannot find name 'binomial_Coeff'.\n",
      "stderr": "",
      "exit_code": 2,
      "status": "SyntaxError"
    },
    {
      "program": "//Write a python function that takes in a positive integer n and finds the sum of even index binomial coefficients.\nfunction even_binomial_Coeff_Sum(n: number): number {\n    let sum = 0;\n    for (let i = 0; i <= n; i++) {\n        if (i % 2 == 0) {\n            sum += binomial_Coeff(n, i);\n        }\n    }\n    return sum;\n}\n\ndeclare var require: any;\nconst assert = require('node:assert');\n\n\nfunction test() {\n  let candidate = even_binomial_Coeff_Sum;\n  assert.deepEqual(candidate(4),8);\n  assert.deepEqual(candidate(6),32);\n  assert.deepEqual(candidate(2),2);\n}\n\ntest();",
      "timestamp": 1665510132,
      "stdout": "../../../../tmp/tmpvar82qsc.ts(6,20): error TS2304: Cannot find name 'binomial_Coeff'.\n",
      "stderr": "",
      "exit_code": 2,
      "status": "SyntaxError"
    },
    {
      "program": "//Write a python function that takes in a positive integer n and finds the sum of even index binomial coefficients.\nfunction even_binomial_Coeff_Sum(n: number): number {\n    let sum: number = 0;\n    for (let i = 0; i <= n; i += 2) {\n        sum += binomial_Coeff(n, i);\n    }\n    return sum;\n}\n\ndeclare var require: any;\nconst assert = require('node:assert');\n\n\nfunction test() {\n  let candidate = even_binomial_Coeff_Sum;\n  assert.deepEqual(candidate(4),8);\n  assert.deepEqual(candidate(6),32);\n  assert.deepEqual(candidate(2),2);\n}\n\ntest();",
      "timestamp": 1665510132,
      "stdout": "../../../../tmp/tmphvv71r6w.ts(5,16): error TS2304: Cannot find name 'binomial_Coeff'.\n",
      "stderr": "",
      "exit_code": 2,
      "status": "SyntaxError"
    },
    {
      "program": "//Write a python function that takes in a positive integer n and finds the sum of even index binomial coefficients.\nfunction even_binomial_Coeff_Sum(n: number): number {\n  let sum = 0;\n  for (let i = 0; i <= n; i++) {\n    if (i % 2 === 0) {\n      sum += binomialCoeff(n, i);\n    }\n  }\n  return sum;\n}\n\ndeclare var require: any;\nconst assert = require('node:assert');\n\n\nfunction test() {\n  let candidate = even_binomial_Coeff_Sum;\n  assert.deepEqual(candidate(4),8);\n  assert.deepEqual(candidate(6),32);\n  assert.deepEqual(candidate(2),2);\n}\n\ntest();",
      "timestamp": 1666122832,
      "stdout": "../../../../tmp/tmp61hhl31_.ts(6,14): error TS2304: Cannot find name 'binomialCoeff'.\n",
      "stderr": "",
      "exit_code": 2,
      "status": "SyntaxError"
    },
    {
      "program": "//Write a python function that takes in a positive integer n and finds the sum of even index binomial coefficients.\nfunction even_binomial_Coeff_Sum(n: number): number {\n    let sum: number = 0;\n    for (let i = 0; i <= n; i++) {\n        if (i % 2 == 0) {\n            sum += binomial_Coeff(n, i);\n        }\n    }\n    return sum;\n}\n\ndeclare var require: any;\nconst assert = require('node:assert');\n\n\nfunction test() {\n  let candidate = even_binomial_Coeff_Sum;\n  assert.deepEqual(candidate(4),8);\n  assert.deepEqual(candidate(6),32);\n  assert.deepEqual(candidate(2),2);\n}\n\ntest();",
      "timestamp": 1665510132,
      "stdout": "../../../../tmp/tmp4h7co3n8.ts(6,20): error TS2304: Cannot find name 'binomial_Coeff'.\n",
      "stderr": "",
      "exit_code": 2,
      "status": "SyntaxError"
    },
    {
      "program": "//Write a python function that takes in a positive integer n and finds the sum of even index binomial coefficients.\nfunction even_binomial_Coeff_Sum(n: number): number {\n    let sum: number = 0;\n    for (let i = 0; i <= n; i++) {\n        if (i % 2 == 0) {\n            sum += binomial_Coeff(n, i);\n        }\n    }\n    return sum;\n}\n\ndeclare var require: any;\nconst assert = require('node:assert');\n\n\nfunction test() {\n  let candidate = even_binomial_Coeff_Sum;\n  assert.deepEqual(candidate(4),8);\n  assert.deepEqual(candidate(6),32);\n  assert.deepEqual(candidate(2),2);\n}\n\ntest();",
      "timestamp": 1665510132,
      "stdout": "../../../../tmp/tmp4h7co3n8.ts(6,20): error TS2304: Cannot find name 'binomial_Coeff'.\n",
      "stderr": "",
      "exit_code": 2,
      "status": "SyntaxError"
    },
    {
      "program": "//Write a python function that takes in a positive integer n and finds the sum of even index binomial coefficients.\nfunction even_binomial_Coeff_Sum(n: number): number {\n    let sum = 0;\n    for (let i = 0; i <= n; i++) {\n        if (i % 2 == 0) {\n            sum += binomial_Coeff(n, i);\n        }\n    }\n    return sum;\n}\n\ndeclare var require: any;\nconst assert = require('node:assert');\n\n\nfunction test() {\n  let candidate = even_binomial_Coeff_Sum;\n  assert.deepEqual(candidate(4),8);\n  assert.deepEqual(candidate(6),32);\n  assert.deepEqual(candidate(2),2);\n}\n\ntest();",
      "timestamp": 1665510132,
      "stdout": "../../../../tmp/tmpvar82qsc.ts(6,20): error TS2304: Cannot find name 'binomial_Coeff'.\n",
      "stderr": "",
      "exit_code": 2,
      "status": "SyntaxError"
    },
    {
      "program": "//Write a python function that takes in a positive integer n and finds the sum of even index binomial coefficients.\nfunction even_binomial_Coeff_Sum(n: number): number {\n    let sum: number = 0;\n    for (let i: number = 0; i <= n; i++) {\n        if (i % 2 == 0) {\n            sum += binomial_Coeff(n, i);\n        }\n    }\n    return sum;\n}\n\ndeclare var require: any;\nconst assert = require('node:assert');\n\n\nfunction test() {\n  let candidate = even_binomial_Coeff_Sum;\n  assert.deepEqual(candidate(4),8);\n  assert.deepEqual(candidate(6),32);\n  assert.deepEqual(candidate(2),2);\n}\n\ntest();",
      "timestamp": 1665510132,
      "stdout": "../../../../tmp/tmp_srfjecf.ts(6,20): error TS2304: Cannot find name 'binomial_Coeff'.\n",
      "stderr": "",
      "exit_code": 2,
      "status": "SyntaxError"
    },
    {
      "program": "//Write a python function that takes in a positive integer n and finds the sum of even index binomial coefficients.\nfunction even_binomial_Coeff_Sum(n: number): number {\n    let sum: number = 0;\n    for (let i = 0; i <= n; i += 2) {\n        sum += binomial_Coeff(n, i);\n    }\n    return sum;\n}\n\ndeclare var require: any;\nconst assert = require('node:assert');\n\n\nfunction test() {\n  let candidate = even_binomial_Coeff_Sum;\n  assert.deepEqual(candidate(4),8);\n  assert.deepEqual(candidate(6),32);\n  assert.deepEqual(candidate(2),2);\n}\n\ntest();",
      "timestamp": 1665510132,
      "stdout": "../../../../tmp/tmphvv71r6w.ts(5,16): error TS2304: Cannot find name 'binomial_Coeff'.\n",
      "stderr": "",
      "exit_code": 2,
      "status": "SyntaxError"
    },
    {
      "program": "//Write a python function that takes in a positive integer n and finds the sum of even index binomial coefficients.\nfunction even_binomial_Coeff_Sum(n: number): number {\n  let sum = 0;\n  for (let i = 0; i <= n; i += 2) {\n    sum += binomial_Coeff(n, i);\n  }\n  return sum;\n}\n\ndeclare var require: any;\nconst assert = require('node:assert');\n\n\nfunction test() {\n  let candidate = even_binomial_Coeff_Sum;\n  assert.deepEqual(candidate(4),8);\n  assert.deepEqual(candidate(6),32);\n  assert.deepEqual(candidate(2),2);\n}\n\ntest();",
      "timestamp": 1665510132,
      "stdout": "../../../../tmp/tmply0zl0lo.ts(5,12): error TS2304: Cannot find name 'binomial_Coeff'.\n",
      "stderr": "",
      "exit_code": 2,
      "status": "SyntaxError"
    },
    {
      "program": "//Write a python function that takes in a positive integer n and finds the sum of even index binomial coefficients.\nfunction even_binomial_Coeff_Sum(n: number): number {\n    let sum: number = 0;\n    for (let i: number = 0; i <= n; i++) {\n        if (i % 2 == 0) {\n            sum += binomial_Coeff(n, i);\n        }\n    }\n    return sum;\n}\n\ndeclare var require: any;\nconst assert = require('node:assert');\n\n\nfunction test() {\n  let candidate = even_binomial_Coeff_Sum;\n  assert.deepEqual(candidate(4),8);\n  assert.deepEqual(candidate(6),32);\n  assert.deepEqual(candidate(2),2);\n}\n\ntest();",
      "timestamp": 1665510132,
      "stdout": "../../../../tmp/tmp_srfjecf.ts(6,20): error TS2304: Cannot find name 'binomial_Coeff'.\n",
      "stderr": "",
      "exit_code": 2,
      "status": "SyntaxError"
    },
    {
      "program": "//Write a python function that takes in a positive integer n and finds the sum of even index binomial coefficients.\nfunction even_binomial_Coeff_Sum(n: number): number {\n  let sum = 0;\n  for (let i = 0; i <= n; i += 2) {\n    sum += binomial_Coeff(n, i);\n  }\n  return sum;\n}\n\ndeclare var require: any;\nconst assert = require('node:assert');\n\n\nfunction test() {\n  let candidate = even_binomial_Coeff_Sum;\n  assert.deepEqual(candidate(4),8);\n  assert.deepEqual(candidate(6),32);\n  assert.deepEqual(candidate(2),2);\n}\n\ntest();",
      "timestamp": 1665510132,
      "stdout": "../../../../tmp/tmply0zl0lo.ts(5,12): error TS2304: Cannot find name 'binomial_Coeff'.\n",
      "stderr": "",
      "exit_code": 2,
      "status": "SyntaxError"
    },
    {
      "program": "//Write a python function that takes in a positive integer n and finds the sum of even index binomial coefficients.\nfunction even_binomial_Coeff_Sum(n: number): number {\n    let sum: number = 0;\n    for (let i = 0; i <= n; i++) {\n        if (i % 2 == 0) {\n            sum += binomial_Coeff(n, i);\n        }\n    }\n    return sum;\n}\n\ndeclare var require: any;\nconst assert = require('node:assert');\n\n\nfunction test() {\n  let candidate = even_binomial_Coeff_Sum;\n  assert.deepEqual(candidate(4),8);\n  assert.deepEqual(candidate(6),32);\n  assert.deepEqual(candidate(2),2);\n}\n\ntest();",
      "timestamp": 1665510132,
      "stdout": "../../../../tmp/tmp4h7co3n8.ts(6,20): error TS2304: Cannot find name 'binomial_Coeff'.\n",
      "stderr": "",
      "exit_code": 2,
      "status": "SyntaxError"
    },
    {
      "program": "//Write a python function that takes in a positive integer n and finds the sum of even index binomial coefficients.\nfunction even_binomial_Coeff_Sum(n: number): number {\n    let sum: number = 0;\n    for (let i = 0; i <= n; i++) {\n        if (i % 2 == 0) {\n            sum += binomialCoeff(n, i);\n        }\n    }\n    return sum;\n}\n\ndeclare var require: any;\nconst assert = require('node:assert');\n\n\nfunction test() {\n  let candidate = even_binomial_Coeff_Sum;\n  assert.deepEqual(candidate(4),8);\n  assert.deepEqual(candidate(6),32);\n  assert.deepEqual(candidate(2),2);\n}\n\ntest();",
      "timestamp": 1666122832,
      "stdout": "../../../../tmp/tmpmeud4mrd.ts(6,20): error TS2304: Cannot find name 'binomialCoeff'.\n",
      "stderr": "",
      "exit_code": 2,
      "status": "SyntaxError"
    },
    {
      "program": "//Write a python function that takes in a positive integer n and finds the sum of even index binomial coefficients.\nfunction even_binomial_Coeff_Sum(n: number): number {\n    let sum: number = 0;\n    for (let i: number = 0; i <= n; i++) {\n        if (i % 2 == 0) {\n            sum += binomial_Coeff(n, i);\n        }\n    }\n    return sum;\n}\n\ndeclare var require: any;\nconst assert = require('node:assert');\n\n\nfunction test() {\n  let candidate = even_binomial_Coeff_Sum;\n  assert.deepEqual(candidate(4),8);\n  assert.deepEqual(candidate(6),32);\n  assert.deepEqual(candidate(2),2);\n}\n\ntest();",
      "timestamp": 1665510132,
      "stdout": "../../../../tmp/tmp_srfjecf.ts(6,20): error TS2304: Cannot find name 'binomial_Coeff'.\n",
      "stderr": "",
      "exit_code": 2,
      "status": "SyntaxError"
    },
    {
      "program": "//Write a python function that takes in a positive integer n and finds the sum of even index binomial coefficients.\nfunction even_binomial_Coeff_Sum(n: number): number {\n    let sum = 0;\n    for (let i = 0; i <= n; i++) {\n        if (i % 2 == 0) {\n            sum += binomial_Coeff(n, i);\n        }\n    }\n    return sum;\n}\n\ndeclare var require: any;\nconst assert = require('node:assert');\n\n\nfunction test() {\n  let candidate = even_binomial_Coeff_Sum;\n  assert.deepEqual(candidate(4),8);\n  assert.deepEqual(candidate(6),32);\n  assert.deepEqual(candidate(2),2);\n}\n\ntest();",
      "timestamp": 1665510132,
      "stdout": "../../../../tmp/tmpvar82qsc.ts(6,20): error TS2304: Cannot find name 'binomial_Coeff'.\n",
      "stderr": "",
      "exit_code": 2,
      "status": "SyntaxError"
    },
    {
      "program": "//Write a python function that takes in a positive integer n and finds the sum of even index binomial coefficients.\nfunction even_binomial_Coeff_Sum(n: number): number {\n    let sum: number = 0;\n    for (let i = 0; i <= n; i += 2) {\n        sum += binomial_Coeff(n, i);\n    }\n    return sum;\n}\n\ndeclare var require: any;\nconst assert = require('node:assert');\n\n\nfunction test() {\n  let candidate = even_binomial_Coeff_Sum;\n  assert.deepEqual(candidate(4),8);\n  assert.deepEqual(candidate(6),32);\n  assert.deepEqual(candidate(2),2);\n}\n\ntest();",
      "timestamp": 1665510132,
      "stdout": "../../../../tmp/tmphvv71r6w.ts(5,16): error TS2304: Cannot find name 'binomial_Coeff'.\n",
      "stderr": "",
      "exit_code": 2,
      "status": "SyntaxError"
    },
    {
      "program": "//Write a python function that takes in a positive integer n and finds the sum of even index binomial coefficients.\nfunction even_binomial_Coeff_Sum(n: number): number {\n    let sum: number = 0;\n    for (let i = 0; i <= n; i++) {\n        if (i % 2 == 0) {\n            sum += binomial_Coeff(n, i);\n        }\n    }\n    return sum;\n}\n\ndeclare var require: any;\nconst assert = require('node:assert');\n\n\nfunction test() {\n  let candidate = even_binomial_Coeff_Sum;\n  assert.deepEqual(candidate(4),8);\n  assert.deepEqual(candidate(6),32);\n  assert.deepEqual(candidate(2),2);\n}\n\ntest();",
      "timestamp": 1665510132,
      "stdout": "../../../../tmp/tmp4h7co3n8.ts(6,20): error TS2304: Cannot find name 'binomial_Coeff'.\n",
      "stderr": "",
      "exit_code": 2,
      "status": "SyntaxError"
    },
    {
      "program": "//Write a python function that takes in a positive integer n and finds the sum of even index binomial coefficients.\nfunction even_binomial_Coeff_Sum(n: number): number {\n    let sum = 0;\n    for (let i = 0; i <= n; i += 2) {\n        sum += binomial_Coeff(n, i);\n    }\n    return sum;\n}\n\ndeclare var require: any;\nconst assert = require('node:assert');\n\n\nfunction test() {\n  let candidate = even_binomial_Coeff_Sum;\n  assert.deepEqual(candidate(4),8);\n  assert.deepEqual(candidate(6),32);\n  assert.deepEqual(candidate(2),2);\n}\n\ntest();",
      "timestamp": 1665510132,
      "stdout": "../../../../tmp/tmp683gpp6u.ts(5,16): error TS2304: Cannot find name 'binomial_Coeff'.\n",
      "stderr": "",
      "exit_code": 2,
      "status": "SyntaxError"
    },
    {
      "program": "//Write a python function that takes in a positive integer n and finds the sum of even index binomial coefficients.\nfunction even_binomial_Coeff_Sum(n: number): number {\n    let sum = 0;\n    for (let i = 0; i <= n; i++) {\n        if (i % 2 === 0) {\n            sum += binomial_Coeff(n, i);\n        }\n    }\n    return sum;\n}\n\ndeclare var require: any;\nconst assert = require('node:assert');\n\n\nfunction test() {\n  let candidate = even_binomial_Coeff_Sum;\n  assert.deepEqual(candidate(4),8);\n  assert.deepEqual(candidate(6),32);\n  assert.deepEqual(candidate(2),2);\n}\n\ntest();",
      "timestamp": 1666122832,
      "stdout": "../../../../tmp/tmpvtsx8vai.ts(6,20): error TS2304: Cannot find name 'binomial_Coeff'.\n",
      "stderr": "",
      "exit_code": 2,
      "status": "SyntaxError"
    },
    {
      "program": "//Write a python function that takes in a positive integer n and finds the sum of even index binomial coefficients.\nfunction even_binomial_Coeff_Sum(n: number): number {\n    let sum = 0;\n    for (let i = 0; i <= n; i++) {\n        if (i % 2 == 0) {\n            sum += binomialCoeff(n, i);\n        }\n    }\n    return sum;\n}\n\ndeclare var require: any;\nconst assert = require('node:assert');\n\n\nfunction test() {\n  let candidate = even_binomial_Coeff_Sum;\n  assert.deepEqual(candidate(4),8);\n  assert.deepEqual(candidate(6),32);\n  assert.deepEqual(candidate(2),2);\n}\n\ntest();",
      "timestamp": 1665510132,
      "stdout": "../../../../tmp/tmpnhkq5240.ts(6,20): error TS2304: Cannot find name 'binomialCoeff'.\n",
      "stderr": "",
      "exit_code": 2,
      "status": "SyntaxError"
    },
    {
      "program": "//Write a python function that takes in a positive integer n and finds the sum of even index binomial coefficients.\nfunction even_binomial_Coeff_Sum(n: number): number {\n    let sum = 0;\n    for (let i = 0; i <= n; i += 2) {\n        sum += binomial_Coeff(n, i);\n    }\n    return sum;\n}\n\ndeclare var require: any;\nconst assert = require('node:assert');\n\n\nfunction test() {\n  let candidate = even_binomial_Coeff_Sum;\n  assert.deepEqual(candidate(4),8);\n  assert.deepEqual(candidate(6),32);\n  assert.deepEqual(candidate(2),2);\n}\n\ntest();",
      "timestamp": 1665510132,
      "stdout": "../../../../tmp/tmp683gpp6u.ts(5,16): error TS2304: Cannot find name 'binomial_Coeff'.\n",
      "stderr": "",
      "exit_code": 2,
      "status": "SyntaxError"
    },
    {
      "program": "//Write a python function that takes in a positive integer n and finds the sum of even index binomial coefficients.\nfunction even_binomial_Coeff_Sum(n: number): number {\n    let sum = 0;\n    for (let i = 0; i <= n; i++) {\n        if (i % 2 == 0) {\n            sum += binomial_Coeff(n, i);\n        }\n    }\n    return sum;\n}\n\ndeclare var require: any;\nconst assert = require('node:assert');\n\n\nfunction test() {\n  let candidate = even_binomial_Coeff_Sum;\n  assert.deepEqual(candidate(4),8);\n  assert.deepEqual(candidate(6),32);\n  assert.deepEqual(candidate(2),2);\n}\n\ntest();",
      "timestamp": 1665510132,
      "stdout": "../../../../tmp/tmpvar82qsc.ts(6,20): error TS2304: Cannot find name 'binomial_Coeff'.\n",
      "stderr": "",
      "exit_code": 2,
      "status": "SyntaxError"
    },
    {
      "program": "//Write a python function that takes in a positive integer n and finds the sum of even index binomial coefficients.\nfunction even_binomial_Coeff_Sum(n: number): number {\n  let sum: number = 0;\n  for (let i: number = 0; i <= n; i++) {\n    if (i % 2 === 0) {\n      sum += binomial_Coeff(n, i);\n    }\n  }\n  return sum;\n}\n\nconsole.log(even_binomial_Coeff_Sum(5));\n\ndeclare var require: any;\nconst assert = require('node:assert');\n\n\nfunction test() {\n  let candidate = even_binomial_Coeff_Sum;\n  assert.deepEqual(candidate(4),8);\n  assert.deepEqual(candidate(6),32);\n  assert.deepEqual(candidate(2),2);\n}\n\ntest();",
      "timestamp": 1666122832,
      "stdout": "../../../../tmp/tmpo64hn7ye.ts(6,14): error TS2304: Cannot find name 'binomial_Coeff'.\n",
      "stderr": "",
      "exit_code": 2,
      "status": "SyntaxError"
    },
    {
      "program": "//Write a python function that takes in a positive integer n and finds the sum of even index binomial coefficients.\nfunction even_binomial_Coeff_Sum(n: number): number {\n    let sum = 0;\n    for (let i = 0; i <= n; i++) {\n        if (i % 2 == 0) {\n            sum += binomial_Coeff(n, i);\n        }\n    }\n    return sum;\n}\n\ndeclare var require: any;\nconst assert = require('node:assert');\n\n\nfunction test() {\n  let candidate = even_binomial_Coeff_Sum;\n  assert.deepEqual(candidate(4),8);\n  assert.deepEqual(candidate(6),32);\n  assert.deepEqual(candidate(2),2);\n}\n\ntest();",
      "timestamp": 1665510132,
      "stdout": "../../../../tmp/tmpvar82qsc.ts(6,20): error TS2304: Cannot find name 'binomial_Coeff'.\n",
      "stderr": "",
      "exit_code": 2,
      "status": "SyntaxError"
    },
    {
      "program": "//Write a python function that takes in a positive integer n and finds the sum of even index binomial coefficients.\nfunction even_binomial_Coeff_Sum(n: number): number {\n    let sum: number = 0;\n    for (let i: number = 0; i <= n; i++) {\n        if (i % 2 == 0) {\n            sum += binomial_Coeff(n, i);\n        }\n    }\n    return sum;\n}\n\ndeclare var require: any;\nconst assert = require('node:assert');\n\n\nfunction test() {\n  let candidate = even_binomial_Coeff_Sum;\n  assert.deepEqual(candidate(4),8);\n  assert.deepEqual(candidate(6),32);\n  assert.deepEqual(candidate(2),2);\n}\n\ntest();",
      "timestamp": 1665510132,
      "stdout": "../../../../tmp/tmp_srfjecf.ts(6,20): error TS2304: Cannot find name 'binomial_Coeff'.\n",
      "stderr": "",
      "exit_code": 2,
      "status": "SyntaxError"
    },
    {
      "program": "//Write a python function that takes in a positive integer n and finds the sum of even index binomial coefficients.\nfunction even_binomial_Coeff_Sum(n: number): number {\n    let sum: number = 0;\n    for (let i: number = 0; i <= n; i++) {\n        if (i % 2 == 0) {\n            sum += binomial_Coeff(n, i);\n        }\n    }\n    return sum;\n}\n\ndeclare var require: any;\nconst assert = require('node:assert');\n\n\nfunction test() {\n  let candidate = even_binomial_Coeff_Sum;\n  assert.deepEqual(candidate(4),8);\n  assert.deepEqual(candidate(6),32);\n  assert.deepEqual(candidate(2),2);\n}\n\ntest();",
      "timestamp": 1665510132,
      "stdout": "../../../../tmp/tmp_srfjecf.ts(6,20): error TS2304: Cannot find name 'binomial_Coeff'.\n",
      "stderr": "",
      "exit_code": 2,
      "status": "SyntaxError"
    },
    {
      "program": "//Write a python function that takes in a positive integer n and finds the sum of even index binomial coefficients.\nfunction even_binomial_Coeff_Sum(n: number): number {\n  let sum: number = 0;\n  for (let i = 0; i <= n; i++) {\n    if (i % 2 == 0) {\n      sum += binomialCoeff(n, i);\n    }\n  }\n  return sum;\n}\n\ndeclare var require: any;\nconst assert = require('node:assert');\n\n\nfunction test() {\n  let candidate = even_binomial_Coeff_Sum;\n  assert.deepEqual(candidate(4),8);\n  assert.deepEqual(candidate(6),32);\n  assert.deepEqual(candidate(2),2);\n}\n\ntest();",
      "timestamp": 1666122832,
      "stdout": "../../../../tmp/tmpyvmi_t67.ts(6,14): error TS2304: Cannot find name 'binomialCoeff'.\n",
      "stderr": "",
      "exit_code": 2,
      "status": "SyntaxError"
    },
    {
      "program": "//Write a python function that takes in a positive integer n and finds the sum of even index binomial coefficients.\nfunction even_binomial_Coeff_Sum(n: number): number {\n  let sum = 0;\n  for (let i = 0; i <= n; i += 2) {\n    sum += binomial_Coeff(n, i);\n  }\n  return sum;\n}\n\nconsole.log(even_binomial_Coeff_Sum(5));\n\ndeclare var require: any;\nconst assert = require('node:assert');\n\n\nfunction test() {\n  let candidate = even_binomial_Coeff_Sum;\n  assert.deepEqual(candidate(4),8);\n  assert.deepEqual(candidate(6),32);\n  assert.deepEqual(candidate(2),2);\n}\n\ntest();",
      "timestamp": 1666122832,
      "stdout": "../../../../tmp/tmpwdjwo_e3.ts(5,12): error TS2304: Cannot find name 'binomial_Coeff'.\n",
      "stderr": "",
      "exit_code": 2,
      "status": "SyntaxError"
    },
    {
      "program": "//Write a python function that takes in a positive integer n and finds the sum of even index binomial coefficients.\nfunction even_binomial_Coeff_Sum(n: number): number {\n    let sum: number = 0;\n    for (let i: number = 0; i <= n; i++) {\n        if (i % 2 == 0) {\n            sum += binomialCoeff(n, i);\n        }\n    }\n    return sum;\n}\n\ndeclare var require: any;\nconst assert = require('node:assert');\n\n\nfunction test() {\n  let candidate = even_binomial_Coeff_Sum;\n  assert.deepEqual(candidate(4),8);\n  assert.deepEqual(candidate(6),32);\n  assert.deepEqual(candidate(2),2);\n}\n\ntest();",
      "timestamp": 1665510132,
      "stdout": "../../../../tmp/tmp_3c5_4wp.ts(6,20): error TS2304: Cannot find name 'binomialCoeff'.\n",
      "stderr": "",
      "exit_code": 2,
      "status": "SyntaxError"
    },
    {
      "program": "//Write a python function that takes in a positive integer n and finds the sum of even index binomial coefficients.\nfunction even_binomial_Coeff_Sum(n: number): number {\n  let sum = 0;\n  for (let i = 0; i <= n; i += 2) {\n    sum += binomialCoeff(n, i);\n  }\n  return sum;\n}\n\ndeclare var require: any;\nconst assert = require('node:assert');\n\n\nfunction test() {\n  let candidate = even_binomial_Coeff_Sum;\n  assert.deepEqual(candidate(4),8);\n  assert.deepEqual(candidate(6),32);\n  assert.deepEqual(candidate(2),2);\n}\n\ntest();",
      "timestamp": 1665510132,
      "stdout": "../../../../tmp/tmpcduu3vlt.ts(5,12): error TS2304: Cannot find name 'binomialCoeff'.\n",
      "stderr": "",
      "exit_code": 2,
      "status": "SyntaxError"
    },
    {
      "program": "//Write a python function that takes in a positive integer n and finds the sum of even index binomial coefficients.\nfunction even_binomial_Coeff_Sum(n: number): number {\n    let sum: number = 0;\n    for (let i = 0; i <= n; i++) {\n        if (i % 2 == 0) {\n            sum += binomial_Coeff(n, i);\n        }\n    }\n    return sum;\n}\n\ndeclare var require: any;\nconst assert = require('node:assert');\n\n\nfunction test() {\n  let candidate = even_binomial_Coeff_Sum;\n  assert.deepEqual(candidate(4),8);\n  assert.deepEqual(candidate(6),32);\n  assert.deepEqual(candidate(2),2);\n}\n\ntest();",
      "timestamp": 1665510132,
      "stdout": "../../../../tmp/tmp4h7co3n8.ts(6,20): error TS2304: Cannot find name 'binomial_Coeff'.\n",
      "stderr": "",
      "exit_code": 2,
      "status": "SyntaxError"
    },
    {
      "program": "//Write a python function that takes in a positive integer n and finds the sum of even index binomial coefficients.\nfunction even_binomial_Coeff_Sum(n: number): number {\n    let sum = 0;\n    for (let i = 0; i <= n; i++) {\n        if (i % 2 === 0) {\n            sum += binomial_Coeff(n, i);\n        }\n    }\n    return sum;\n}\n\ndeclare var require: any;\nconst assert = require('node:assert');\n\n\nfunction test() {\n  let candidate = even_binomial_Coeff_Sum;\n  assert.deepEqual(candidate(4),8);\n  assert.deepEqual(candidate(6),32);\n  assert.deepEqual(candidate(2),2);\n}\n\ntest();",
      "timestamp": 1666122832,
      "stdout": "../../../../tmp/tmpvtsx8vai.ts(6,20): error TS2304: Cannot find name 'binomial_Coeff'.\n",
      "stderr": "",
      "exit_code": 2,
      "status": "SyntaxError"
    },
    {
      "program": "//Write a python function that takes in a positive integer n and finds the sum of even index binomial coefficients.\nfunction even_binomial_Coeff_Sum(n: number): number {\n    let sum = 0;\n    for (let i = 0; i <= n; i++) {\n        if (i % 2 === 0) {\n            sum += binomial_Coeff(n, i);\n        }\n    }\n    return sum;\n}\n\ndeclare var require: any;\nconst assert = require('node:assert');\n\n\nfunction test() {\n  let candidate = even_binomial_Coeff_Sum;\n  assert.deepEqual(candidate(4),8);\n  assert.deepEqual(candidate(6),32);\n  assert.deepEqual(candidate(2),2);\n}\n\ntest();",
      "timestamp": 1666122832,
      "stdout": "../../../../tmp/tmpvtsx8vai.ts(6,20): error TS2304: Cannot find name 'binomial_Coeff'.\n",
      "stderr": "",
      "exit_code": 2,
      "status": "SyntaxError"
    },
    {
      "program": "//Write a python function that takes in a positive integer n and finds the sum of even index binomial coefficients.\nfunction even_binomial_Coeff_Sum(n: number): number {\n  let sum = 0;\n  for (let i = 0; i <= n; i += 2) {\n    sum += binomial_Coeff(n, i);\n  }\n  return sum;\n}\n\ndeclare var require: any;\nconst assert = require('node:assert');\n\n\nfunction test() {\n  let candidate = even_binomial_Coeff_Sum;\n  assert.deepEqual(candidate(4),8);\n  assert.deepEqual(candidate(6),32);\n  assert.deepEqual(candidate(2),2);\n}\n\ntest();",
      "timestamp": 1665510132,
      "stdout": "../../../../tmp/tmply0zl0lo.ts(5,12): error TS2304: Cannot find name 'binomial_Coeff'.\n",
      "stderr": "",
      "exit_code": 2,
      "status": "SyntaxError"
    },
    {
      "program": "//Write a python function that takes in a positive integer n and finds the sum of even index binomial coefficients.\nfunction even_binomial_Coeff_Sum(n: number): number {\n    let sum: number = 0;\n    for (let i = 0; i <= n; i++) {\n        if (i % 2 == 0) {\n            sum += binomial_Coeff(n, i);\n        }\n    }\n    return sum;\n}\n\ndeclare var require: any;\nconst assert = require('node:assert');\n\n\nfunction test() {\n  let candidate = even_binomial_Coeff_Sum;\n  assert.deepEqual(candidate(4),8);\n  assert.deepEqual(candidate(6),32);\n  assert.deepEqual(candidate(2),2);\n}\n\ntest();",
      "timestamp": 1665510132,
      "stdout": "../../../../tmp/tmp4h7co3n8.ts(6,20): error TS2304: Cannot find name 'binomial_Coeff'.\n",
      "stderr": "",
      "exit_code": 2,
      "status": "SyntaxError"
    },
    {
      "program": "//Write a python function that takes in a positive integer n and finds the sum of even index binomial coefficients.\nfunction even_binomial_Coeff_Sum(n: number): number {\n    let sum: number = 0;\n    for (let i: number = 0; i <= n; i++) {\n        if (i % 2 == 0) {\n            sum = sum + binomial_Coeff(n, i);\n        }\n    }\n    return sum;\n}\n\ndeclare var require: any;\nconst assert = require('node:assert');\n\n\nfunction test() {\n  let candidate = even_binomial_Coeff_Sum;\n  assert.deepEqual(candidate(4),8);\n  assert.deepEqual(candidate(6),32);\n  assert.deepEqual(candidate(2),2);\n}\n\ntest();",
      "timestamp": 1666122832,
      "stdout": "../../../../tmp/tmpehk8hotd.ts(6,25): error TS2304: Cannot find name 'binomial_Coeff'.\n",
      "stderr": "",
      "exit_code": 2,
      "status": "SyntaxError"
    },
    {
      "program": "//Write a python function that takes in a positive integer n and finds the sum of even index binomial coefficients.\nfunction even_binomial_Coeff_Sum(n: number): number {\n  let sum: number = 0;\n  for (let i = 0; i <= n; i++) {\n    if (i % 2 == 0) {\n      sum += binomialCoeff(n, i);\n    }\n  }\n  return sum;\n}\n\ndeclare var require: any;\nconst assert = require('node:assert');\n\n\nfunction test() {\n  let candidate = even_binomial_Coeff_Sum;\n  assert.deepEqual(candidate(4),8);\n  assert.deepEqual(candidate(6),32);\n  assert.deepEqual(candidate(2),2);\n}\n\ntest();",
      "timestamp": 1666122832,
      "stdout": "../../../../tmp/tmpyvmi_t67.ts(6,14): error TS2304: Cannot find name 'binomialCoeff'.\n",
      "stderr": "",
      "exit_code": 2,
      "status": "SyntaxError"
    },
    {
      "program": "//Write a python function that takes in a positive integer n and finds the sum of even index binomial coefficients.\nfunction even_binomial_Coeff_Sum(n: number): number {\n  let sum = 0;\n  for (let i = 0; i <= n; i += 2) {\n    sum += binomial_Coeff(n, i);\n  }\n  return sum;\n}\n\ndeclare var require: any;\nconst assert = require('node:assert');\n\n\nfunction test() {\n  let candidate = even_binomial_Coeff_Sum;\n  assert.deepEqual(candidate(4),8);\n  assert.deepEqual(candidate(6),32);\n  assert.deepEqual(candidate(2),2);\n}\n\ntest();",
      "timestamp": 1665510132,
      "stdout": "../../../../tmp/tmply0zl0lo.ts(5,12): error TS2304: Cannot find name 'binomial_Coeff'.\n",
      "stderr": "",
      "exit_code": 2,
      "status": "SyntaxError"
    },
    {
      "program": "//Write a python function that takes in a positive integer n and finds the sum of even index binomial coefficients.\nfunction even_binomial_Coeff_Sum(n: number): number {\n    let sum = 0;\n    for (let i = 0; i <= n; i += 2) {\n        sum += binomial_Coeff(n, i);\n    }\n    return sum;\n}\n\ndeclare var require: any;\nconst assert = require('node:assert');\n\n\nfunction test() {\n  let candidate = even_binomial_Coeff_Sum;\n  assert.deepEqual(candidate(4),8);\n  assert.deepEqual(candidate(6),32);\n  assert.deepEqual(candidate(2),2);\n}\n\ntest();",
      "timestamp": 1665510132,
      "stdout": "../../../../tmp/tmp683gpp6u.ts(5,16): error TS2304: Cannot find name 'binomial_Coeff'.\n",
      "stderr": "",
      "exit_code": 2,
      "status": "SyntaxError"
    },
    {
      "program": "//Write a python function that takes in a positive integer n and finds the sum of even index binomial coefficients.\nfunction even_binomial_Coeff_Sum(n: number): number {\n  let sum = 0;\n  for (let i = 0; i <= n; i++) {\n    if (i % 2 === 0) {\n      sum += binomialCoeff(n, i);\n    }\n  }\n  return sum;\n}\n\ndeclare var require: any;\nconst assert = require('node:assert');\n\n\nfunction test() {\n  let candidate = even_binomial_Coeff_Sum;\n  assert.deepEqual(candidate(4),8);\n  assert.deepEqual(candidate(6),32);\n  assert.deepEqual(candidate(2),2);\n}\n\ntest();",
      "timestamp": 1666122832,
      "stdout": "../../../../tmp/tmp61hhl31_.ts(6,14): error TS2304: Cannot find name 'binomialCoeff'.\n",
      "stderr": "",
      "exit_code": 2,
      "status": "SyntaxError"
    },
    {
      "program": "//Write a python function that takes in a positive integer n and finds the sum of even index binomial coefficients.\nfunction even_binomial_Coeff_Sum(n: number): number {\n  let sum = 0;\n  for (let i = 0; i <= n; i++) {\n    if (i % 2 === 0) {\n      sum += binomial_Coeff(n, i);\n    }\n  }\n  return sum;\n}\n\ndeclare var require: any;\nconst assert = require('node:assert');\n\n\nfunction test() {\n  let candidate = even_binomial_Coeff_Sum;\n  assert.deepEqual(candidate(4),8);\n  assert.deepEqual(candidate(6),32);\n  assert.deepEqual(candidate(2),2);\n}\n\ntest();",
      "timestamp": 1666122832,
      "stdout": "../../../../tmp/tmpa5msmj81.ts(6,14): error TS2304: Cannot find name 'binomial_Coeff'.\n",
      "stderr": "",
      "exit_code": 2,
      "status": "SyntaxError"
    },
    {
      "program": "//Write a python function that takes in a positive integer n and finds the sum of even index binomial coefficients.\nfunction even_binomial_Coeff_Sum(n: number): number {\n    let sum: number = 0;\n    for (let i = 0; i <= n; i += 2) {\n        sum += binomial_Coeff(n, i);\n    }\n    return sum;\n}\n\ndeclare var require: any;\nconst assert = require('node:assert');\n\n\nfunction test() {\n  let candidate = even_binomial_Coeff_Sum;\n  assert.deepEqual(candidate(4),8);\n  assert.deepEqual(candidate(6),32);\n  assert.deepEqual(candidate(2),2);\n}\n\ntest();",
      "timestamp": 1665510132,
      "stdout": "../../../../tmp/tmphvv71r6w.ts(5,16): error TS2304: Cannot find name 'binomial_Coeff'.\n",
      "stderr": "",
      "exit_code": 2,
      "status": "SyntaxError"
    },
    {
      "program": "//Write a python function that takes in a positive integer n and finds the sum of even index binomial coefficients.\nfunction even_binomial_Coeff_Sum(n: number): number {\n    let sum: number = 0;\n    for (let i: number = 0; i <= n; i++) {\n        if (i % 2 == 0) {\n            sum += binomial_Coeff(n, i);\n        }\n    }\n    return sum;\n}\n\ndeclare var require: any;\nconst assert = require('node:assert');\n\n\nfunction test() {\n  let candidate = even_binomial_Coeff_Sum;\n  assert.deepEqual(candidate(4),8);\n  assert.deepEqual(candidate(6),32);\n  assert.deepEqual(candidate(2),2);\n}\n\ntest();",
      "timestamp": 1665510132,
      "stdout": "../../../../tmp/tmp_srfjecf.ts(6,20): error TS2304: Cannot find name 'binomial_Coeff'.\n",
      "stderr": "",
      "exit_code": 2,
      "status": "SyntaxError"
    }
  ]
}